ARM GAS  C:\Users\jo\AppData\Local\Temp\ccKwqQet.s 			page 1


   1              		.syntax unified
   2              		.cpu cortex-m4
   3              		.fpu softvfp
   4              		.eabi_attribute 20, 1
   5              		.eabi_attribute 21, 1
   6              		.eabi_attribute 23, 3
   7              		.eabi_attribute 24, 1
   8              		.eabi_attribute 25, 1
   9              		.eabi_attribute 26, 1
  10              		.eabi_attribute 30, 2
  11              		.eabi_attribute 34, 1
  12              		.eabi_attribute 18, 4
  13              		.thumb
  14              		.file	"arc4.c"
  15              		.text
  16              	.Ltext0:
  17              		.cfi_sections	.debug_frame
  18              		.section	.text.arc4_init,"ax",%progbits
  19              		.align	2
  20              		.p2align 4,,15
  21              		.global	arc4_init
  22              		.thumb
  23              		.thumb_func
  24              		.type	arc4_init, %function
  25              	arc4_init:
  26              	.LFB1:
  27              		.file 1 "../../../ext/mbedtls-1.3.11/library/arc4.c"
  28              		.loc 1 57 0
  29              		.cfi_startproc
  30              		@ args = 0, pretend = 0, frame = 0
  31              		@ frame_needed = 0, uses_anonymous_args = 0
  32              		@ link register save eliminated.
  33              	.LVL0:
  34              		.loc 1 58 0
  35 0000 0021     		movs	r1, #0
  36 0002 4FF48472 		mov	r2, #264
  37 0006 FFF7FEBF 		b	memset
  38              	.LVL1:
  39              		.cfi_endproc
  40              	.LFE1:
  41              		.size	arc4_init, .-arc4_init
  42              		.section	.text.arc4_free,"ax",%progbits
  43              		.align	2
  44              		.p2align 4,,15
  45              		.global	arc4_free
  46              		.thumb
  47              		.thumb_func
  48              		.type	arc4_free, %function
  49              	arc4_free:
  50              	.LFB2:
  51              		.loc 1 62 0
  52              		.cfi_startproc
  53              		@ args = 0, pretend = 0, frame = 0
  54              		@ frame_needed = 0, uses_anonymous_args = 0
  55              		@ link register save eliminated.
  56              	.LVL2:
  57              		.loc 1 63 0
ARM GAS  C:\Users\jo\AppData\Local\Temp\ccKwqQet.s 			page 2


  58 0000 30B1     		cbz	r0, .L2
  59 0002 00F58472 		add	r2, r0, #264
  60              	.LBB10:
  61              	.LBB11:
  62              		.loc 1 53 0
  63 0006 0023     		movs	r3, #0
  64              	.LVL3:
  65              	.L4:
  66 0008 0370     		strb	r3, [r0]
  67              	.LVL4:
  68 000a 0130     		adds	r0, r0, #1
  69              	.LVL5:
  70 000c 9042     		cmp	r0, r2
  71 000e FBD1     		bne	.L4
  72              	.LVL6:
  73              	.L2:
  74 0010 7047     		bx	lr
  75              	.LBE11:
  76              	.LBE10:
  77              		.cfi_endproc
  78              	.LFE2:
  79              		.size	arc4_free, .-arc4_free
  80 0012 00BFAFF3 		.section	.text.arc4_setup,"ax",%progbits
  80      0080AFF3 
  80      0080AFF3 
  80      0080
  81              		.align	2
  82              		.p2align 4,,15
  83              		.global	arc4_setup
  84              		.thumb
  85              		.thumb_func
  86              		.type	arc4_setup, %function
  87              	arc4_setup:
  88              	.LFB3:
  89              		.loc 1 74 0
  90              		.cfi_startproc
  91              		@ args = 0, pretend = 0, frame = 0
  92              		@ frame_needed = 0, uses_anonymous_args = 0
  93              	.LVL7:
  94 0000 F0B5     		push	{r4, r5, r6, r7, lr}
  95              		.cfi_def_cfa_offset 20
  96              		.cfi_offset 4, -20
  97              		.cfi_offset 5, -16
  98              		.cfi_offset 6, -12
  99              		.cfi_offset 7, -8
 100              		.cfi_offset 14, -4
 101              		.loc 1 79 0
 102 0002 0023     		movs	r3, #0
 103 0004 C41D     		adds	r4, r0, #7
 104              		.loc 1 81 0
 105 0006 2546     		mov	r5, r4
 106              		.loc 1 79 0
 107 0008 0360     		str	r3, [r0]
 108              		.loc 1 80 0
 109 000a 4360     		str	r3, [r0, #4]
 110              		.loc 1 81 0
 111 000c 00F10807 		add	r7, r0, #8
ARM GAS  C:\Users\jo\AppData\Local\Temp\ccKwqQet.s 			page 3


 112              	.LVL8:
 113              	.L9:
 114              		.loc 1 84 0 discriminator 3
 115 0010 05F8013F 		strb	r3, [r5, #1]!
 116              		.loc 1 83 0 discriminator 3
 117 0014 0133     		adds	r3, r3, #1
 118              	.LVL9:
 119 0016 B3F5807F 		cmp	r3, #256
 120 001a F9D1     		bne	.L9
 121              		.loc 1 83 0 is_stmt 0
 122 001c 0025     		movs	r5, #0
 123 001e 00F2071E 		addw	lr, r0, #263
 124 0022 2B46     		mov	r3, r5
 125              	.LVL10:
 126              	.L11:
 127              		.loc 1 90 0 is_stmt 1
 128 0024 AA42     		cmp	r2, r5
 129 0026 8CBF     		ite	hi
 130 0028 2846     		movhi	r0, r5
 131 002a 0020     		movls	r0, #0
 132              	.LVL11:
 133              		.loc 1 92 0
 134 002c 14F8016F 		ldrb	r6, [r4, #1]!	@ zero_extendqisi2
 135              	.LVL12:
 136              		.loc 1 93 0
 137 0030 085C     		ldrb	r0, [r1, r0]	@ zero_extendqisi2
 138              	.LVL13:
 139 0032 3344     		add	r3, r3, r6
 140              	.LVL14:
 141 0034 0344     		add	r3, r3, r0
 142 0036 DBB2     		uxtb	r3, r3
 143              	.LVL15:
 144              		.loc 1 90 0
 145 0038 88BF     		it	hi
 146 003a 0135     		addhi	r5, r5, #1
 147              		.loc 1 94 0
 148 003c F85C     		ldrb	r0, [r7, r3]	@ zero_extendqisi2
 149 003e 2070     		strb	r0, [r4]
 150 0040 98BF     		it	ls
 151 0042 0125     		movls	r5, #1
 152              		.loc 1 88 0
 153 0044 7445     		cmp	r4, lr
 154              		.loc 1 95 0
 155 0046 FE54     		strb	r6, [r7, r3]
 156              	.LVL16:
 157              		.loc 1 88 0
 158 0048 ECD1     		bne	.L11
 159              		.loc 1 97 0
 160 004a F0BD     		pop	{r4, r5, r6, r7, pc}
 161              		.cfi_endproc
 162              	.LFE3:
 163              		.size	arc4_setup, .-arc4_setup
 164 004c AFF30080 		.section	.text.arc4_crypt,"ax",%progbits
 165              		.align	2
 166              		.p2align 4,,15
 167              		.global	arc4_crypt
 168              		.thumb
ARM GAS  C:\Users\jo\AppData\Local\Temp\ccKwqQet.s 			page 4


 169              		.thumb_func
 170              		.type	arc4_crypt, %function
 171              	arc4_crypt:
 172              	.LFB4:
 173              		.loc 1 104 0
 174              		.cfi_startproc
 175              		@ args = 0, pretend = 0, frame = 0
 176              		@ frame_needed = 0, uses_anonymous_args = 0
 177              	.LVL17:
 178 0000 F0B5     		push	{r4, r5, r6, r7, lr}
 179              		.cfi_def_cfa_offset 20
 180              		.cfi_offset 4, -20
 181              		.cfi_offset 5, -16
 182              		.cfi_offset 6, -12
 183              		.cfi_offset 7, -8
 184              		.cfi_offset 14, -4
 185              		.loc 1 109 0
 186 0002 0668     		ldr	r6, [r0]
 187              	.LVL18:
 188              		.loc 1 110 0
 189 0004 4568     		ldr	r5, [r0, #4]
 190              	.LVL19:
 191              		.loc 1 111 0
 192 0006 00F10807 		add	r7, r0, #8
 193              	.LVL20:
 194              		.loc 1 113 0
 195 000a B1B1     		cbz	r1, .L17
 196 000c 1144     		add	r1, r1, r2
 197              	.LVL21:
 198 000e 013B     		subs	r3, r3, #1
 199              	.LVL22:
 200              	.L18:
 201              		.loc 1 115 0 discriminator 3
 202 0010 0136     		adds	r6, r6, #1
 203              	.LVL23:
 204 0012 F6B2     		uxtb	r6, r6
 205              	.LVL24:
 206 0014 17F806E0 		ldrb	lr, [r7, r6]	@ zero_extendqisi2
 207              	.LVL25:
 208              		.loc 1 116 0 discriminator 3
 209 0018 7544     		add	r5, r5, lr
 210              	.LVL26:
 211 001a EDB2     		uxtb	r5, r5
 212              	.LVL27:
 213 001c 7C5D     		ldrb	r4, [r7, r5]	@ zero_extendqisi2
 214              	.LVL28:
 215              		.loc 1 118 0 discriminator 3
 216 001e BC55     		strb	r4, [r7, r6]
 217              		.loc 1 122 0 discriminator 3
 218 0020 7444     		add	r4, r4, lr
 219              	.LVL29:
 220              		.loc 1 119 0 discriminator 3
 221 0022 07F805E0 		strb	lr, [r7, r5]
 222              	.LVL30:
 223              		.loc 1 122 0 discriminator 3
 224 0026 E4B2     		uxtb	r4, r4
 225 0028 12F801EB 		ldrb	lr, [r2], #1	@ zero_extendqisi2
ARM GAS  C:\Users\jo\AppData\Local\Temp\ccKwqQet.s 			page 5


 226              	.LVL31:
 227              		.loc 1 121 0 discriminator 3
 228 002c 3C5D     		ldrb	r4, [r7, r4]	@ zero_extendqisi2
 229              		.loc 1 113 0 discriminator 3
 230 002e 8A42     		cmp	r2, r1
 231              		.loc 1 121 0 discriminator 3
 232 0030 8EEA0404 		eor	r4, lr, r4
 233 0034 03F8014F 		strb	r4, [r3, #1]!
 234              	.LVL32:
 235              		.loc 1 113 0 discriminator 3
 236 0038 EAD1     		bne	.L18
 237              	.LVL33:
 238              	.L17:
 239              		.loc 1 125 0
 240 003a 0660     		str	r6, [r0]
 241              		.loc 1 126 0
 242 003c 4560     		str	r5, [r0, #4]
 243              		.loc 1 129 0
 244 003e 0020     		movs	r0, #0
 245              	.LVL34:
 246 0040 F0BD     		pop	{r4, r5, r6, r7, pc}
 247              		.cfi_endproc
 248              	.LFE4:
 249              		.size	arc4_crypt, .-arc4_crypt
 250 0042 00BFAFF3 		.section	.text.arc4_self_test,"ax",%progbits
 250      0080AFF3 
 250      0080AFF3 
 250      0080
 251              		.align	2
 252              		.p2align 4,,15
 253              		.global	arc4_self_test
 254              		.thumb
 255              		.thumb_func
 256              		.type	arc4_self_test, %function
 257              	arc4_self_test:
 258              	.LFB5:
 259              		.loc 1 164 0
 260              		.cfi_startproc
 261              		@ args = 0, pretend = 0, frame = 280
 262              		@ frame_needed = 0, uses_anonymous_args = 0
 263              	.LVL35:
 264 0000 2DE9F043 		push	{r4, r5, r6, r7, r8, r9, lr}
 265              		.cfi_def_cfa_offset 28
 266              		.cfi_offset 4, -28
 267              		.cfi_offset 5, -24
 268              		.cfi_offset 6, -20
 269              		.cfi_offset 7, -16
 270              		.cfi_offset 8, -12
 271              		.cfi_offset 9, -8
 272              		.cfi_offset 14, -4
 273 0004 C7B0     		sub	sp, sp, #284
 274              		.cfi_def_cfa_offset 312
 275              	.LVL36:
 276              		.loc 1 164 0
 277 0006 0546     		mov	r5, r0
 278              	.LBB12:
 279              	.LBB13:
ARM GAS  C:\Users\jo\AppData\Local\Temp\ccKwqQet.s 			page 6


 280              		.loc 1 58 0
 281 0008 0021     		movs	r1, #0
 282 000a 04A8     		add	r0, sp, #16
 283              	.LVL37:
 284 000c 4FF48472 		mov	r2, #264
 285 0010 FFF7FEFF 		bl	memset
 286              	.LVL38:
 287 0014 DFF89C90 		ldr	r9, .L47+16
 288 0018 DFF89C80 		ldr	r8, .L47+20
 289 001c 214F     		ldr	r7, .L47
 290 001e 0024     		movs	r4, #0
 291 0020 0126     		movs	r6, #1
 292              	.LVL39:
 293              	.L29:
 294              	.LBE13:
 295              	.LBE12:
 296              		.loc 1 174 0
 297 0022 4DBB     		cbnz	r5, .L42
 298              	.L25:
 299              		.loc 1 177 0
 300 0024 09EB0402 		add	r2, r9, r4
 301 0028 6B46     		mov	r3, sp
 302 002a 1068     		ldr	r0, [r2]	@ unaligned
 303 002c 5168     		ldr	r1, [r2, #4]	@ unaligned
 304              		.loc 1 179 0
 305 002e 0822     		movs	r2, #8
 306              		.loc 1 177 0
 307 0030 03C3     		stmia	r3!, {r0, r1}
 308              		.loc 1 179 0
 309 0032 08EB0401 		add	r1, r8, r4
 310 0036 04A8     		add	r0, sp, #16
 311              	.LVL40:
 312 0038 FFF7FEFF 		bl	arc4_setup
 313              	.LVL41:
 314              		.loc 1 180 0
 315 003c 0821     		movs	r1, #8
 316 003e 0DEB0103 		add	r3, sp, r1
 317 0042 6A46     		mov	r2, sp
 318 0044 04A8     		add	r0, sp, #16
 319              	.LVL42:
 320 0046 FFF7FEFF 		bl	arc4_crypt
 321              	.LVL43:
 322              		.loc 1 182 0
 323 004a 3919     		adds	r1, r7, r4
 324 004c 02A8     		add	r0, sp, #8
 325 004e 0822     		movs	r2, #8
 326 0050 FFF7FEFF 		bl	memcmp
 327              	.LVL44:
 328 0054 0834     		adds	r4, r4, #8
 329 0056 0136     		adds	r6, r6, #1
 330              	.LVL45:
 331 0058 E0B9     		cbnz	r0, .L43
 332              		.loc 1 191 0
 333 005a 95B9     		cbnz	r5, .L44
 334              	.L28:
 335              	.LVL46:
 336              		.loc 1 172 0 discriminator 2
ARM GAS  C:\Users\jo\AppData\Local\Temp\ccKwqQet.s 			page 7


 337 005c 182C     		cmp	r4, #24
 338 005e E0D1     		bne	.L29
 339              		.loc 1 195 0
 340 0060 9DB9     		cbnz	r5, .L45
 341              		.loc 1 165 0
 342 0062 2846     		mov	r0, r5
 343              	.L27:
 344              	.LVL47:
 345 0064 04AB     		add	r3, sp, #16
 346              	.LVL48:
 347              	.LBB14:
 348              	.LBB15:
 349              	.LBB16:
 350              		.loc 1 53 0
 351 0066 0022     		movs	r2, #0
 352              	.LVL49:
 353              	.L30:
 354 0068 1A70     		strb	r2, [r3]
 355              	.LVL50:
 356 006a 46A9     		add	r1, sp, #280
 357 006c 0133     		adds	r3, r3, #1
 358              	.LVL51:
 359 006e 8B42     		cmp	r3, r1
 360 0070 FAD1     		bne	.L30
 361              	.LBE16:
 362              	.LBE15:
 363              	.LBE14:
 364              		.loc 1 202 0
 365 0072 47B0     		add	sp, sp, #284
 366              		.cfi_remember_state
 367              		.cfi_def_cfa_offset 28
 368              		@ sp needed
 369 0074 BDE8F083 		pop	{r4, r5, r6, r7, r8, r9, pc}
 370              	.LVL52:
 371              	.L42:
 372              		.cfi_restore_state
 373              		.loc 1 175 0
 374 0078 3146     		mov	r1, r6
 375 007a 0B48     		ldr	r0, .L47+4
 376 007c FFF7FEFF 		bl	printf
 377              	.LVL53:
 378 0080 D0E7     		b	.L25
 379              	.LVL54:
 380              	.L44:
 381              		.loc 1 192 0
 382 0082 0A48     		ldr	r0, .L47+8
 383 0084 FFF7FEFF 		bl	puts
 384              	.LVL55:
 385 0088 E8E7     		b	.L28
 386              	.LVL56:
 387              	.L45:
 388              		.loc 1 196 0
 389 008a 0A20     		movs	r0, #10
 390 008c FFF7FEFF 		bl	putchar
 391              	.LVL57:
 392              		.loc 1 165 0
 393 0090 0020     		movs	r0, #0
ARM GAS  C:\Users\jo\AppData\Local\Temp\ccKwqQet.s 			page 8


 394 0092 E7E7     		b	.L27
 395              	.LVL58:
 396              	.L43:
 397              		.loc 1 184 0
 398 0094 0DB9     		cbnz	r5, .L46
 399              		.loc 1 187 0
 400 0096 0120     		movs	r0, #1
 401 0098 E4E7     		b	.L27
 402              	.L46:
 403              		.loc 1 185 0
 404 009a 0548     		ldr	r0, .L47+12
 405 009c FFF7FEFF 		bl	puts
 406              	.LVL59:
 407              		.loc 1 187 0
 408 00a0 0120     		movs	r0, #1
 409 00a2 DFE7     		b	.L27
 410              	.L48:
 411              		.align	2
 412              	.L47:
 413 00a4 00000000 		.word	.LANCHOR2
 414 00a8 00000000 		.word	.LC0
 415 00ac 1C000000 		.word	.LC2
 416 00b0 14000000 		.word	.LC1
 417 00b4 00000000 		.word	.LANCHOR0
 418 00b8 00000000 		.word	.LANCHOR1
 419              		.cfi_endproc
 420              	.LFE5:
 421              		.size	arc4_self_test, .-arc4_self_test
 422 00bc AFF30080 		.section	.rodata.arc4_test_ct,"a",%progbits
 423              		.align	2
 424              		.set	.LANCHOR2,. + 0
 425              		.type	arc4_test_ct, %object
 426              		.size	arc4_test_ct, 24
 427              	arc4_test_ct:
 428 0000 75       		.byte	117
 429 0001 B7       		.byte	-73
 430 0002 87       		.byte	-121
 431 0003 80       		.byte	-128
 432 0004 99       		.byte	-103
 433 0005 E0       		.byte	-32
 434 0006 C5       		.byte	-59
 435 0007 96       		.byte	-106
 436 0008 74       		.byte	116
 437 0009 94       		.byte	-108
 438 000a C2       		.byte	-62
 439 000b E7       		.byte	-25
 440 000c 10       		.byte	16
 441 000d 4B       		.byte	75
 442 000e 08       		.byte	8
 443 000f 79       		.byte	121
 444 0010 DE       		.byte	-34
 445 0011 18       		.byte	24
 446 0012 89       		.byte	-119
 447 0013 41       		.byte	65
 448 0014 A3       		.byte	-93
 449 0015 37       		.byte	55
 450 0016 5D       		.byte	93
ARM GAS  C:\Users\jo\AppData\Local\Temp\ccKwqQet.s 			page 9


 451 0017 3A       		.byte	58
 452              		.section	.rodata.arc4_test_key,"a",%progbits
 453              		.align	2
 454              		.set	.LANCHOR1,. + 0
 455              		.type	arc4_test_key, %object
 456              		.size	arc4_test_key, 24
 457              	arc4_test_key:
 458 0000 01       		.byte	1
 459 0001 23       		.byte	35
 460 0002 45       		.byte	69
 461 0003 67       		.byte	103
 462 0004 89       		.byte	-119
 463 0005 AB       		.byte	-85
 464 0006 CD       		.byte	-51
 465 0007 EF       		.byte	-17
 466 0008 01       		.byte	1
 467 0009 23       		.byte	35
 468 000a 45       		.byte	69
 469 000b 67       		.byte	103
 470 000c 89       		.byte	-119
 471 000d AB       		.byte	-85
 472 000e CD       		.byte	-51
 473 000f EF       		.byte	-17
 474 0010 00       		.byte	0
 475 0011 00       		.byte	0
 476 0012 00       		.byte	0
 477 0013 00       		.byte	0
 478 0014 00       		.byte	0
 479 0015 00       		.byte	0
 480 0016 00       		.byte	0
 481 0017 00       		.byte	0
 482              		.section	.rodata.str1.4,"aMS",%progbits,1
 483              		.align	2
 484              	.LC0:
 485 0000 20204152 		.ascii	"  ARC4 test #%d: \000"
 485      43342074 
 485      65737420 
 485      2325643A 
 485      2000
 486 0012 0000     		.space	2
 487              	.LC1:
 488 0014 6661696C 		.ascii	"failed\000"
 488      656400
 489 001b 00       		.space	1
 490              	.LC2:
 491 001c 70617373 		.ascii	"passed\000"
 491      656400
 492 0023 00       		.section	.rodata.arc4_test_pt,"a",%progbits
 493              		.align	2
 494              		.set	.LANCHOR0,. + 0
 495              		.type	arc4_test_pt, %object
 496              		.size	arc4_test_pt, 24
 497              	arc4_test_pt:
 498 0000 01       		.byte	1
 499 0001 23       		.byte	35
 500 0002 45       		.byte	69
 501 0003 67       		.byte	103
ARM GAS  C:\Users\jo\AppData\Local\Temp\ccKwqQet.s 			page 10


 502 0004 89       		.byte	-119
 503 0005 AB       		.byte	-85
 504 0006 CD       		.byte	-51
 505 0007 EF       		.byte	-17
 506 0008 00       		.byte	0
 507 0009 00       		.byte	0
 508 000a 00       		.byte	0
 509 000b 00       		.byte	0
 510 000c 00       		.byte	0
 511 000d 00       		.byte	0
 512 000e 00       		.byte	0
 513 000f 00       		.byte	0
 514 0010 00       		.byte	0
 515 0011 00       		.byte	0
 516 0012 00       		.byte	0
 517 0013 00       		.byte	0
 518 0014 00       		.byte	0
 519 0015 00       		.byte	0
 520 0016 00       		.byte	0
 521 0017 00       		.byte	0
 522              		.text
 523              	.Letext0:
 524              		.file 2 "../../../ext/mbedtls-1.3.11/library/../include/polarssl/arc4.h"
 525              		.file 3 "c:\\program files\\gnu tools arm embedded\\4.9 2014q4\\lib\\gcc\\arm-none-eabi\\4.9.3\\in
 526              		.file 4 "c:\\program files\\gnu tools arm embedded\\4.9 2014q4\\arm-none-eabi\\include\\string.h"
 527              		.file 5 "c:\\program files\\gnu tools arm embedded\\4.9 2014q4\\arm-none-eabi\\include\\stdio.h"
 528              		.file 6 "<built-in>"
 529              		.section	.debug_info,"",%progbits
 530              	.Ldebug_info0:
 531 0000 B1050000 		.4byte	0x5b1
 532 0004 0400     		.2byte	0x4
 533 0006 00000000 		.4byte	.Ldebug_abbrev0
 534 000a 04       		.byte	0x4
 535 000b 01       		.uleb128 0x1
 536 000c 81010000 		.4byte	.LASF31
 537 0010 01       		.byte	0x1
 538 0011 96000000 		.4byte	.LASF32
 539 0015 0E000000 		.4byte	.LASF33
 540 0019 00000000 		.4byte	.Ldebug_ranges0+0
 541 001d 00000000 		.4byte	0
 542 0021 00000000 		.4byte	.Ldebug_line0
 543 0025 02       		.uleb128 0x2
 544 0026 04       		.byte	0x4
 545 0027 05       		.byte	0x5
 546 0028 696E7400 		.ascii	"int\000"
 547 002c 03       		.uleb128 0x3
 548 002d 1B010000 		.4byte	.LASF3
 549 0031 03       		.byte	0x3
 550 0032 D4       		.byte	0xd4
 551 0033 37000000 		.4byte	0x37
 552 0037 04       		.uleb128 0x4
 553 0038 04       		.byte	0x4
 554 0039 07       		.byte	0x7
 555 003a 74010000 		.4byte	.LASF0
 556 003e 05       		.uleb128 0x5
 557 003f 0801     		.2byte	0x108
 558 0041 02       		.byte	0x2
ARM GAS  C:\Users\jo\AppData\Local\Temp\ccKwqQet.s 			page 11


 559 0042 2E       		.byte	0x2e
 560 0043 66000000 		.4byte	0x66
 561 0047 06       		.uleb128 0x6
 562 0048 7800     		.ascii	"x\000"
 563 004a 02       		.byte	0x2
 564 004b 30       		.byte	0x30
 565 004c 25000000 		.4byte	0x25
 566 0050 00       		.byte	0
 567 0051 06       		.uleb128 0x6
 568 0052 7900     		.ascii	"y\000"
 569 0054 02       		.byte	0x2
 570 0055 31       		.byte	0x31
 571 0056 25000000 		.4byte	0x25
 572 005a 04       		.byte	0x4
 573 005b 06       		.uleb128 0x6
 574 005c 6D00     		.ascii	"m\000"
 575 005e 02       		.byte	0x2
 576 005f 32       		.byte	0x32
 577 0060 66000000 		.4byte	0x66
 578 0064 08       		.byte	0x8
 579 0065 00       		.byte	0
 580 0066 07       		.uleb128 0x7
 581 0067 7D000000 		.4byte	0x7d
 582 006b 76000000 		.4byte	0x76
 583 006f 08       		.uleb128 0x8
 584 0070 76000000 		.4byte	0x76
 585 0074 FF       		.byte	0xff
 586 0075 00       		.byte	0
 587 0076 04       		.uleb128 0x4
 588 0077 04       		.byte	0x4
 589 0078 07       		.byte	0x7
 590 0079 72020000 		.4byte	.LASF1
 591 007d 04       		.uleb128 0x4
 592 007e 01       		.byte	0x1
 593 007f 08       		.byte	0x8
 594 0080 E2000000 		.4byte	.LASF2
 595 0084 03       		.uleb128 0x3
 596 0085 53010000 		.4byte	.LASF4
 597 0089 02       		.byte	0x2
 598 008a 34       		.byte	0x34
 599 008b 3E000000 		.4byte	0x3e
 600 008f 04       		.uleb128 0x4
 601 0090 01       		.byte	0x1
 602 0091 06       		.byte	0x6
 603 0092 C5020000 		.4byte	.LASF5
 604 0096 04       		.uleb128 0x4
 605 0097 02       		.byte	0x2
 606 0098 05       		.byte	0x5
 607 0099 95020000 		.4byte	.LASF6
 608 009d 04       		.uleb128 0x4
 609 009e 02       		.byte	0x2
 610 009f 07       		.byte	0x7
 611 00a0 08010000 		.4byte	.LASF7
 612 00a4 04       		.uleb128 0x4
 613 00a5 04       		.byte	0x4
 614 00a6 05       		.byte	0x5
 615 00a7 AD020000 		.4byte	.LASF8
ARM GAS  C:\Users\jo\AppData\Local\Temp\ccKwqQet.s 			page 12


 616 00ab 04       		.uleb128 0x4
 617 00ac 04       		.byte	0x4
 618 00ad 07       		.byte	0x7
 619 00ae F6000000 		.4byte	.LASF9
 620 00b2 04       		.uleb128 0x4
 621 00b3 08       		.byte	0x8
 622 00b4 05       		.byte	0x5
 623 00b5 7B020000 		.4byte	.LASF10
 624 00b9 04       		.uleb128 0x4
 625 00ba 08       		.byte	0x8
 626 00bb 07       		.byte	0x7
 627 00bc 5B020000 		.4byte	.LASF11
 628 00c0 09       		.uleb128 0x9
 629 00c1 04       		.byte	0x4
 630 00c2 0A       		.uleb128 0xa
 631 00c3 04       		.byte	0x4
 632 00c4 7D000000 		.4byte	0x7d
 633 00c8 04       		.uleb128 0x4
 634 00c9 01       		.byte	0x1
 635 00ca 08       		.byte	0x8
 636 00cb 89020000 		.4byte	.LASF12
 637 00cf 0A       		.uleb128 0xa
 638 00d0 04       		.byte	0x4
 639 00d1 D5000000 		.4byte	0xd5
 640 00d5 0B       		.uleb128 0xb
 641 00d6 C8000000 		.4byte	0xc8
 642 00da 0A       		.uleb128 0xa
 643 00db 04       		.byte	0x4
 644 00dc E0000000 		.4byte	0xe0
 645 00e0 0C       		.uleb128 0xc
 646 00e1 0D       		.uleb128 0xd
 647 00e2 5C000000 		.4byte	.LASF34
 648 00e6 01       		.byte	0x1
 649 00e7 34       		.byte	0x34
 650 00e8 01       		.byte	0x1
 651 00e9 09010000 		.4byte	0x109
 652 00ed 0E       		.uleb128 0xe
 653 00ee 7600     		.ascii	"v\000"
 654 00f0 01       		.byte	0x1
 655 00f1 34       		.byte	0x34
 656 00f2 C0000000 		.4byte	0xc0
 657 00f6 0E       		.uleb128 0xe
 658 00f7 6E00     		.ascii	"n\000"
 659 00f9 01       		.byte	0x1
 660 00fa 34       		.byte	0x34
 661 00fb 2C000000 		.4byte	0x2c
 662 00ff 0F       		.uleb128 0xf
 663 0100 7000     		.ascii	"p\000"
 664 0102 01       		.byte	0x1
 665 0103 35       		.byte	0x35
 666 0104 09010000 		.4byte	0x109
 667 0108 00       		.byte	0
 668 0109 0A       		.uleb128 0xa
 669 010a 04       		.byte	0x4
 670 010b 0F010000 		.4byte	0x10f
 671 010f 10       		.uleb128 0x10
 672 0110 7D000000 		.4byte	0x7d
ARM GAS  C:\Users\jo\AppData\Local\Temp\ccKwqQet.s 			page 13


 673 0114 11       		.uleb128 0x11
 674 0115 BB020000 		.4byte	.LASF13
 675 0119 01       		.byte	0x1
 676 011a 38       		.byte	0x38
 677 011b 01       		.byte	0x1
 678 011c 2C010000 		.4byte	0x12c
 679 0120 0E       		.uleb128 0xe
 680 0121 63747800 		.ascii	"ctx\000"
 681 0125 01       		.byte	0x1
 682 0126 38       		.byte	0x38
 683 0127 2C010000 		.4byte	0x12c
 684 012b 00       		.byte	0
 685 012c 0A       		.uleb128 0xa
 686 012d 04       		.byte	0x4
 687 012e 84000000 		.4byte	0x84
 688 0132 11       		.uleb128 0x11
 689 0133 42010000 		.4byte	.LASF14
 690 0137 01       		.byte	0x1
 691 0138 3D       		.byte	0x3d
 692 0139 01       		.byte	0x1
 693 013a 4A010000 		.4byte	0x14a
 694 013e 0E       		.uleb128 0xe
 695 013f 63747800 		.ascii	"ctx\000"
 696 0143 01       		.byte	0x1
 697 0144 3D       		.byte	0x3d
 698 0145 2C010000 		.4byte	0x12c
 699 0149 00       		.byte	0
 700 014a 12       		.uleb128 0x12
 701 014b 14010000 		.4byte	0x114
 702 014f 00000000 		.4byte	.LFB1
 703 0153 0A000000 		.4byte	.LFE1-.LFB1
 704 0157 01       		.uleb128 0x1
 705 0158 9C       		.byte	0x9c
 706 0159 84010000 		.4byte	0x184
 707 015d 13       		.uleb128 0x13
 708 015e 20010000 		.4byte	0x120
 709 0162 00000000 		.4byte	.LLST0
 710 0166 14       		.uleb128 0x14
 711 0167 0A000000 		.4byte	.LVL1
 712 016b 34050000 		.4byte	0x534
 713 016f 15       		.uleb128 0x15
 714 0170 01       		.uleb128 0x1
 715 0171 52       		.byte	0x52
 716 0172 03       		.uleb128 0x3
 717 0173 0A       		.byte	0xa
 718 0174 0801     		.2byte	0x108
 719 0176 15       		.uleb128 0x15
 720 0177 01       		.uleb128 0x1
 721 0178 51       		.byte	0x51
 722 0179 01       		.uleb128 0x1
 723 017a 30       		.byte	0x30
 724 017b 15       		.uleb128 0x15
 725 017c 01       		.uleb128 0x1
 726 017d 50       		.byte	0x50
 727 017e 03       		.uleb128 0x3
 728 017f F3       		.byte	0xf3
 729 0180 01       		.uleb128 0x1
ARM GAS  C:\Users\jo\AppData\Local\Temp\ccKwqQet.s 			page 14


 730 0181 50       		.byte	0x50
 731 0182 00       		.byte	0
 732 0183 00       		.byte	0
 733 0184 12       		.uleb128 0x12
 734 0185 32010000 		.4byte	0x132
 735 0189 00000000 		.4byte	.LFB2
 736 018d 12000000 		.4byte	.LFE2-.LFB2
 737 0191 01       		.uleb128 0x1
 738 0192 9C       		.byte	0x9c
 739 0193 D2010000 		.4byte	0x1d2
 740 0197 13       		.uleb128 0x13
 741 0198 3E010000 		.4byte	0x13e
 742 019c 21000000 		.4byte	.LLST1
 743 01a0 16       		.uleb128 0x16
 744 01a1 E1000000 		.4byte	0xe1
 745 01a5 06000000 		.4byte	.LBB10
 746 01a9 0C000000 		.4byte	.LBE10-.LBB10
 747 01ad 01       		.byte	0x1
 748 01ae 42       		.byte	0x42
 749 01af 13       		.uleb128 0x13
 750 01b0 F6000000 		.4byte	0xf6
 751 01b4 50000000 		.4byte	.LLST2
 752 01b8 17       		.uleb128 0x17
 753 01b9 ED000000 		.4byte	0xed
 754 01bd 18       		.uleb128 0x18
 755 01be 06000000 		.4byte	.LBB11
 756 01c2 0C000000 		.4byte	.LBE11-.LBB11
 757 01c6 19       		.uleb128 0x19
 758 01c7 FF000000 		.4byte	0xff
 759 01cb 66000000 		.4byte	.LLST3
 760 01cf 00       		.byte	0
 761 01d0 00       		.byte	0
 762 01d1 00       		.byte	0
 763 01d2 1A       		.uleb128 0x1a
 764 01d3 79000000 		.4byte	.LASF35
 765 01d7 01       		.byte	0x1
 766 01d8 48       		.byte	0x48
 767 01d9 00000000 		.4byte	.LFB3
 768 01dd 4C000000 		.4byte	.LFE3-.LFB3
 769 01e1 01       		.uleb128 0x1
 770 01e2 9C       		.byte	0x9c
 771 01e3 53020000 		.4byte	0x253
 772 01e7 1B       		.uleb128 0x1b
 773 01e8 63747800 		.ascii	"ctx\000"
 774 01ec 01       		.byte	0x1
 775 01ed 48       		.byte	0x48
 776 01ee 2C010000 		.4byte	0x12c
 777 01f2 86000000 		.4byte	.LLST4
 778 01f6 1C       		.uleb128 0x1c
 779 01f7 6B657900 		.ascii	"key\000"
 780 01fb 01       		.byte	0x1
 781 01fc 48       		.byte	0x48
 782 01fd 53020000 		.4byte	0x253
 783 0201 01       		.uleb128 0x1
 784 0202 51       		.byte	0x51
 785 0203 1D       		.uleb128 0x1d
 786 0204 9F020000 		.4byte	.LASF15
ARM GAS  C:\Users\jo\AppData\Local\Temp\ccKwqQet.s 			page 15


 787 0208 01       		.byte	0x1
 788 0209 49       		.byte	0x49
 789 020a 37000000 		.4byte	0x37
 790 020e 01       		.uleb128 0x1
 791 020f 52       		.byte	0x52
 792 0210 1E       		.uleb128 0x1e
 793 0211 6900     		.ascii	"i\000"
 794 0213 01       		.byte	0x1
 795 0214 4B       		.byte	0x4b
 796 0215 25000000 		.4byte	0x25
 797 0219 A7000000 		.4byte	.LLST5
 798 021d 1E       		.uleb128 0x1e
 799 021e 6A00     		.ascii	"j\000"
 800 0220 01       		.byte	0x1
 801 0221 4B       		.byte	0x4b
 802 0222 25000000 		.4byte	0x25
 803 0226 CC000000 		.4byte	.LLST6
 804 022a 1F       		.uleb128 0x1f
 805 022b 6100     		.ascii	"a\000"
 806 022d 01       		.byte	0x1
 807 022e 4B       		.byte	0x4b
 808 022f 25000000 		.4byte	0x25
 809 0233 06       		.uleb128 0x6
 810 0234 76       		.byte	0x76
 811 0235 00       		.sleb128 0
 812 0236 08       		.byte	0x8
 813 0237 FF       		.byte	0xff
 814 0238 1A       		.byte	0x1a
 815 0239 9F       		.byte	0x9f
 816 023a 1E       		.uleb128 0x1e
 817 023b 6B00     		.ascii	"k\000"
 818 023d 01       		.byte	0x1
 819 023e 4C       		.byte	0x4c
 820 023f 37000000 		.4byte	0x37
 821 0243 EA000000 		.4byte	.LLST7
 822 0247 1F       		.uleb128 0x1f
 823 0248 6D00     		.ascii	"m\000"
 824 024a 01       		.byte	0x1
 825 024b 4D       		.byte	0x4d
 826 024c C2000000 		.4byte	0xc2
 827 0250 01       		.uleb128 0x1
 828 0251 57       		.byte	0x57
 829 0252 00       		.byte	0
 830 0253 0A       		.uleb128 0xa
 831 0254 04       		.byte	0x4
 832 0255 59020000 		.4byte	0x259
 833 0259 0B       		.uleb128 0xb
 834 025a 7D000000 		.4byte	0x7d
 835 025e 20       		.uleb128 0x20
 836 025f 22010000 		.4byte	.LASF19
 837 0263 01       		.byte	0x1
 838 0264 66       		.byte	0x66
 839 0265 25000000 		.4byte	0x25
 840 0269 00000000 		.4byte	.LFB4
 841 026d 42000000 		.4byte	.LFE4-.LFB4
 842 0271 01       		.uleb128 0x1
 843 0272 9C       		.byte	0x9c
ARM GAS  C:\Users\jo\AppData\Local\Temp\ccKwqQet.s 			page 16


 844 0273 00030000 		.4byte	0x300
 845 0277 1B       		.uleb128 0x1b
 846 0278 63747800 		.ascii	"ctx\000"
 847 027c 01       		.byte	0x1
 848 027d 66       		.byte	0x66
 849 027e 2C010000 		.4byte	0x12c
 850 0282 13010000 		.4byte	.LLST8
 851 0286 21       		.uleb128 0x21
 852 0287 D9020000 		.4byte	.LASF16
 853 028b 01       		.byte	0x1
 854 028c 66       		.byte	0x66
 855 028d 2C000000 		.4byte	0x2c
 856 0291 33010000 		.4byte	.LLST9
 857 0295 21       		.uleb128 0x21
 858 0296 F0000000 		.4byte	.LASF17
 859 029a 01       		.byte	0x1
 860 029b 66       		.byte	0x66
 861 029c 53020000 		.4byte	0x253
 862 02a0 54010000 		.4byte	.LLST10
 863 02a4 21       		.uleb128 0x21
 864 02a5 A6020000 		.4byte	.LASF18
 865 02a9 01       		.byte	0x1
 866 02aa 67       		.byte	0x67
 867 02ab C2000000 		.4byte	0xc2
 868 02af 75010000 		.4byte	.LLST11
 869 02b3 1E       		.uleb128 0x1e
 870 02b4 7800     		.ascii	"x\000"
 871 02b6 01       		.byte	0x1
 872 02b7 69       		.byte	0x69
 873 02b8 25000000 		.4byte	0x25
 874 02bc 96010000 		.4byte	.LLST12
 875 02c0 1E       		.uleb128 0x1e
 876 02c1 7900     		.ascii	"y\000"
 877 02c3 01       		.byte	0x1
 878 02c4 69       		.byte	0x69
 879 02c5 25000000 		.4byte	0x25
 880 02c9 C1010000 		.4byte	.LLST13
 881 02cd 1E       		.uleb128 0x1e
 882 02ce 6100     		.ascii	"a\000"
 883 02d0 01       		.byte	0x1
 884 02d1 69       		.byte	0x69
 885 02d2 25000000 		.4byte	0x25
 886 02d6 DF010000 		.4byte	.LLST14
 887 02da 1E       		.uleb128 0x1e
 888 02db 6200     		.ascii	"b\000"
 889 02dd 01       		.byte	0x1
 890 02de 69       		.byte	0x69
 891 02df 25000000 		.4byte	0x25
 892 02e3 0C020000 		.4byte	.LLST15
 893 02e7 1E       		.uleb128 0x1e
 894 02e8 6900     		.ascii	"i\000"
 895 02ea 01       		.byte	0x1
 896 02eb 6A       		.byte	0x6a
 897 02ec 2C000000 		.4byte	0x2c
 898 02f0 39020000 		.4byte	.LLST16
 899 02f4 1F       		.uleb128 0x1f
 900 02f5 6D00     		.ascii	"m\000"
ARM GAS  C:\Users\jo\AppData\Local\Temp\ccKwqQet.s 			page 17


 901 02f7 01       		.byte	0x1
 902 02f8 6B       		.byte	0x6b
 903 02f9 C2000000 		.4byte	0xc2
 904 02fd 01       		.uleb128 0x1
 905 02fe 57       		.byte	0x57
 906 02ff 00       		.byte	0
 907 0300 20       		.uleb128 0x20
 908 0301 60010000 		.4byte	.LASF20
 909 0305 01       		.byte	0x1
 910 0306 A3       		.byte	0xa3
 911 0307 25000000 		.4byte	0x25
 912 030b 00000000 		.4byte	.LFB5
 913 030f BC000000 		.4byte	.LFE5-.LFB5
 914 0313 01       		.uleb128 0x1
 915 0314 9C       		.byte	0x9c
 916 0315 CC040000 		.4byte	0x4cc
 917 0319 21       		.uleb128 0x21
 918 031a D1020000 		.4byte	.LASF21
 919 031e 01       		.byte	0x1
 920 031f A3       		.byte	0xa3
 921 0320 25000000 		.4byte	0x25
 922 0324 81020000 		.4byte	.LLST17
 923 0328 1E       		.uleb128 0x1e
 924 0329 6900     		.ascii	"i\000"
 925 032b 01       		.byte	0x1
 926 032c A5       		.byte	0xa5
 927 032d 25000000 		.4byte	0x25
 928 0331 9F020000 		.4byte	.LLST18
 929 0335 1E       		.uleb128 0x1e
 930 0336 72657400 		.ascii	"ret\000"
 931 033a 01       		.byte	0x1
 932 033b A5       		.byte	0xa5
 933 033c 25000000 		.4byte	0x25
 934 0340 F4020000 		.4byte	.LLST19
 935 0344 22       		.uleb128 0x22
 936 0345 C1000000 		.4byte	.LASF22
 937 0349 01       		.byte	0x1
 938 034a A6       		.byte	0xa6
 939 034b CC040000 		.4byte	0x4cc
 940 034f 03       		.uleb128 0x3
 941 0350 91       		.byte	0x91
 942 0351 C87D     		.sleb128 -312
 943 0353 22       		.uleb128 0x22
 944 0354 6F010000 		.4byte	.LASF23
 945 0358 01       		.byte	0x1
 946 0359 A7       		.byte	0xa7
 947 035a CC040000 		.4byte	0x4cc
 948 035e 03       		.uleb128 0x3
 949 035f 91       		.byte	0x91
 950 0360 D07D     		.sleb128 -304
 951 0362 1F       		.uleb128 0x1f
 952 0363 63747800 		.ascii	"ctx\000"
 953 0367 01       		.byte	0x1
 954 0368 A8       		.byte	0xa8
 955 0369 84000000 		.4byte	0x84
 956 036d 03       		.uleb128 0x3
 957 036e 91       		.byte	0x91
ARM GAS  C:\Users\jo\AppData\Local\Temp\ccKwqQet.s 			page 18


 958 036f D87D     		.sleb128 -296
 959 0371 23       		.uleb128 0x23
 960 0372 6D000000 		.4byte	.LASF36
 961 0376 01       		.byte	0x1
 962 0377 C6       		.byte	0xc6
 963 0378 64000000 		.4byte	.L27
 964 037c 24       		.uleb128 0x24
 965 037d 14010000 		.4byte	0x114
 966 0381 08000000 		.4byte	.LBB12
 967 0385 1A000000 		.4byte	.LBE12-.LBB12
 968 0389 01       		.byte	0x1
 969 038a AA       		.byte	0xaa
 970 038b B6030000 		.4byte	0x3b6
 971 038f 13       		.uleb128 0x13
 972 0390 20010000 		.4byte	0x120
 973 0394 1F030000 		.4byte	.LLST20
 974 0398 25       		.uleb128 0x25
 975 0399 14000000 		.4byte	.LVL38
 976 039d 34050000 		.4byte	0x534
 977 03a1 15       		.uleb128 0x15
 978 03a2 01       		.uleb128 0x1
 979 03a3 52       		.byte	0x52
 980 03a4 03       		.uleb128 0x3
 981 03a5 0A       		.byte	0xa
 982 03a6 0801     		.2byte	0x108
 983 03a8 15       		.uleb128 0x15
 984 03a9 01       		.uleb128 0x1
 985 03aa 51       		.byte	0x51
 986 03ab 01       		.uleb128 0x1
 987 03ac 30       		.byte	0x30
 988 03ad 15       		.uleb128 0x15
 989 03ae 01       		.uleb128 0x1
 990 03af 50       		.byte	0x50
 991 03b0 03       		.uleb128 0x3
 992 03b1 91       		.byte	0x91
 993 03b2 D87D     		.sleb128 -296
 994 03b4 00       		.byte	0
 995 03b5 00       		.byte	0
 996 03b6 24       		.uleb128 0x24
 997 03b7 32010000 		.4byte	0x132
 998 03bb 66000000 		.4byte	.LBB14
 999 03bf 0C000000 		.4byte	.LBE14-.LBB14
 1000 03c3 01       		.byte	0x1
 1001 03c4 C7       		.byte	0xc7
 1002 03c5 04040000 		.4byte	0x404
 1003 03c9 13       		.uleb128 0x13
 1004 03ca 3E010000 		.4byte	0x13e
 1005 03ce 99030000 		.4byte	.LLST21
 1006 03d2 16       		.uleb128 0x16
 1007 03d3 E1000000 		.4byte	0xe1
 1008 03d7 66000000 		.4byte	.LBB15
 1009 03db 0C000000 		.4byte	.LBE15-.LBB15
 1010 03df 01       		.byte	0x1
 1011 03e0 42       		.byte	0x42
 1012 03e1 13       		.uleb128 0x13
 1013 03e2 F6000000 		.4byte	0xf6
 1014 03e6 C8030000 		.4byte	.LLST22
ARM GAS  C:\Users\jo\AppData\Local\Temp\ccKwqQet.s 			page 19


 1015 03ea 17       		.uleb128 0x17
 1016 03eb ED000000 		.4byte	0xed
 1017 03ef 18       		.uleb128 0x18
 1018 03f0 66000000 		.4byte	.LBB16
 1019 03f4 0C000000 		.4byte	.LBE16-.LBB16
 1020 03f8 19       		.uleb128 0x19
 1021 03f9 FF000000 		.4byte	0xff
 1022 03fd 17040000 		.4byte	.LLST23
 1023 0401 00       		.byte	0
 1024 0402 00       		.byte	0
 1025 0403 00       		.byte	0
 1026 0404 26       		.uleb128 0x26
 1027 0405 3C000000 		.4byte	.LVL41
 1028 0409 D2010000 		.4byte	0x1d2
 1029 040d 27040000 		.4byte	0x427
 1030 0411 15       		.uleb128 0x15
 1031 0412 01       		.uleb128 0x1
 1032 0413 52       		.byte	0x52
 1033 0414 01       		.uleb128 0x1
 1034 0415 38       		.byte	0x38
 1035 0416 15       		.uleb128 0x15
 1036 0417 01       		.uleb128 0x1
 1037 0418 51       		.byte	0x51
 1038 0419 05       		.uleb128 0x5
 1039 041a 78       		.byte	0x78
 1040 041b 00       		.sleb128 0
 1041 041c 74       		.byte	0x74
 1042 041d 00       		.sleb128 0
 1043 041e 22       		.byte	0x22
 1044 041f 15       		.uleb128 0x15
 1045 0420 01       		.uleb128 0x1
 1046 0421 50       		.byte	0x50
 1047 0422 03       		.uleb128 0x3
 1048 0423 91       		.byte	0x91
 1049 0424 D87D     		.sleb128 -296
 1050 0426 00       		.byte	0
 1051 0427 26       		.uleb128 0x26
 1052 0428 4A000000 		.4byte	.LVL43
 1053 042c 5E020000 		.4byte	0x25e
 1054 0430 4E040000 		.4byte	0x44e
 1055 0434 15       		.uleb128 0x15
 1056 0435 01       		.uleb128 0x1
 1057 0436 53       		.byte	0x53
 1058 0437 03       		.uleb128 0x3
 1059 0438 91       		.byte	0x91
 1060 0439 D07D     		.sleb128 -304
 1061 043b 15       		.uleb128 0x15
 1062 043c 01       		.uleb128 0x1
 1063 043d 52       		.byte	0x52
 1064 043e 02       		.uleb128 0x2
 1065 043f 7D       		.byte	0x7d
 1066 0440 00       		.sleb128 0
 1067 0441 15       		.uleb128 0x15
 1068 0442 01       		.uleb128 0x1
 1069 0443 51       		.byte	0x51
 1070 0444 01       		.uleb128 0x1
 1071 0445 38       		.byte	0x38
ARM GAS  C:\Users\jo\AppData\Local\Temp\ccKwqQet.s 			page 20


 1072 0446 15       		.uleb128 0x15
 1073 0447 01       		.uleb128 0x1
 1074 0448 50       		.byte	0x50
 1075 0449 03       		.uleb128 0x3
 1076 044a 91       		.byte	0x91
 1077 044b D87D     		.sleb128 -296
 1078 044d 00       		.byte	0
 1079 044e 26       		.uleb128 0x26
 1080 044f 54000000 		.4byte	.LVL44
 1081 0453 51050000 		.4byte	0x551
 1082 0457 71040000 		.4byte	0x471
 1083 045b 15       		.uleb128 0x15
 1084 045c 01       		.uleb128 0x1
 1085 045d 52       		.byte	0x52
 1086 045e 01       		.uleb128 0x1
 1087 045f 38       		.byte	0x38
 1088 0460 15       		.uleb128 0x15
 1089 0461 01       		.uleb128 0x1
 1090 0462 51       		.byte	0x51
 1091 0463 05       		.uleb128 0x5
 1092 0464 77       		.byte	0x77
 1093 0465 00       		.sleb128 0
 1094 0466 74       		.byte	0x74
 1095 0467 00       		.sleb128 0
 1096 0468 22       		.byte	0x22
 1097 0469 15       		.uleb128 0x15
 1098 046a 01       		.uleb128 0x1
 1099 046b 50       		.byte	0x50
 1100 046c 03       		.uleb128 0x3
 1101 046d 91       		.byte	0x91
 1102 046e D07D     		.sleb128 -304
 1103 0470 00       		.byte	0
 1104 0471 26       		.uleb128 0x26
 1105 0472 80000000 		.4byte	.LVL53
 1106 0476 70050000 		.4byte	0x570
 1107 047a 8E040000 		.4byte	0x48e
 1108 047e 15       		.uleb128 0x15
 1109 047f 01       		.uleb128 0x1
 1110 0480 51       		.byte	0x51
 1111 0481 02       		.uleb128 0x2
 1112 0482 76       		.byte	0x76
 1113 0483 00       		.sleb128 0
 1114 0484 15       		.uleb128 0x15
 1115 0485 01       		.uleb128 0x1
 1116 0486 50       		.byte	0x50
 1117 0487 05       		.uleb128 0x5
 1118 0488 03       		.byte	0x3
 1119 0489 00000000 		.4byte	.LC0
 1120 048d 00       		.byte	0
 1121 048e 26       		.uleb128 0x26
 1122 048f 88000000 		.4byte	.LVL55
 1123 0493 86050000 		.4byte	0x586
 1124 0497 A5040000 		.4byte	0x4a5
 1125 049b 15       		.uleb128 0x15
 1126 049c 01       		.uleb128 0x1
 1127 049d 50       		.byte	0x50
 1128 049e 05       		.uleb128 0x5
ARM GAS  C:\Users\jo\AppData\Local\Temp\ccKwqQet.s 			page 21


 1129 049f 03       		.byte	0x3
 1130 04a0 1C000000 		.4byte	.LC2
 1131 04a4 00       		.byte	0
 1132 04a5 26       		.uleb128 0x26
 1133 04a6 90000000 		.4byte	.LVL57
 1134 04aa 9F050000 		.4byte	0x59f
 1135 04ae B8040000 		.4byte	0x4b8
 1136 04b2 15       		.uleb128 0x15
 1137 04b3 01       		.uleb128 0x1
 1138 04b4 50       		.byte	0x50
 1139 04b5 01       		.uleb128 0x1
 1140 04b6 3A       		.byte	0x3a
 1141 04b7 00       		.byte	0
 1142 04b8 25       		.uleb128 0x25
 1143 04b9 A0000000 		.4byte	.LVL59
 1144 04bd 86050000 		.4byte	0x586
 1145 04c1 15       		.uleb128 0x15
 1146 04c2 01       		.uleb128 0x1
 1147 04c3 50       		.byte	0x50
 1148 04c4 05       		.uleb128 0x5
 1149 04c5 03       		.byte	0x3
 1150 04c6 14000000 		.4byte	.LC1
 1151 04ca 00       		.byte	0
 1152 04cb 00       		.byte	0
 1153 04cc 07       		.uleb128 0x7
 1154 04cd 7D000000 		.4byte	0x7d
 1155 04d1 DC040000 		.4byte	0x4dc
 1156 04d5 08       		.uleb128 0x8
 1157 04d6 76000000 		.4byte	0x76
 1158 04da 07       		.byte	0x7
 1159 04db 00       		.byte	0
 1160 04dc 07       		.uleb128 0x7
 1161 04dd 7D000000 		.4byte	0x7d
 1162 04e1 F2040000 		.4byte	0x4f2
 1163 04e5 08       		.uleb128 0x8
 1164 04e6 76000000 		.4byte	0x76
 1165 04ea 02       		.byte	0x2
 1166 04eb 08       		.uleb128 0x8
 1167 04ec 76000000 		.4byte	0x76
 1168 04f0 07       		.byte	0x7
 1169 04f1 00       		.byte	0
 1170 04f2 22       		.uleb128 0x22
 1171 04f3 00000000 		.4byte	.LASF24
 1172 04f7 01       		.byte	0x1
 1173 04f8 8B       		.byte	0x8b
 1174 04f9 03050000 		.4byte	0x503
 1175 04fd 05       		.uleb128 0x5
 1176 04fe 03       		.byte	0x3
 1177 04ff 00000000 		.4byte	arc4_test_key
 1178 0503 0B       		.uleb128 0xb
 1179 0504 DC040000 		.4byte	0x4dc
 1180 0508 22       		.uleb128 0x22
 1181 0509 C6000000 		.4byte	.LASF25
 1182 050d 01       		.byte	0x1
 1183 050e 92       		.byte	0x92
 1184 050f 19050000 		.4byte	0x519
 1185 0513 05       		.uleb128 0x5
ARM GAS  C:\Users\jo\AppData\Local\Temp\ccKwqQet.s 			page 22


 1186 0514 03       		.byte	0x3
 1187 0515 00000000 		.4byte	arc4_test_pt
 1188 0519 0B       		.uleb128 0xb
 1189 051a DC040000 		.4byte	0x4dc
 1190 051e 22       		.uleb128 0x22
 1191 051f 35010000 		.4byte	.LASF26
 1192 0523 01       		.byte	0x1
 1193 0524 99       		.byte	0x99
 1194 0525 2F050000 		.4byte	0x52f
 1195 0529 05       		.uleb128 0x5
 1196 052a 03       		.byte	0x3
 1197 052b 00000000 		.4byte	arc4_test_ct
 1198 052f 0B       		.uleb128 0xb
 1199 0530 DC040000 		.4byte	0x4dc
 1200 0534 27       		.uleb128 0x27
 1201 0535 4C010000 		.4byte	.LASF27
 1202 0539 C0000000 		.4byte	0xc0
 1203 053d 51050000 		.4byte	0x551
 1204 0541 28       		.uleb128 0x28
 1205 0542 C0000000 		.4byte	0xc0
 1206 0546 28       		.uleb128 0x28
 1207 0547 25000000 		.4byte	0x25
 1208 054b 28       		.uleb128 0x28
 1209 054c 76000000 		.4byte	0x76
 1210 0550 00       		.byte	0
 1211 0551 29       		.uleb128 0x29
 1212 0552 72000000 		.4byte	.LASF28
 1213 0556 04       		.byte	0x4
 1214 0557 16       		.byte	0x16
 1215 0558 25000000 		.4byte	0x25
 1216 055c 70050000 		.4byte	0x570
 1217 0560 28       		.uleb128 0x28
 1218 0561 DA000000 		.4byte	0xda
 1219 0565 28       		.uleb128 0x28
 1220 0566 DA000000 		.4byte	0xda
 1221 056a 28       		.uleb128 0x28
 1222 056b 2C000000 		.4byte	0x2c
 1223 056f 00       		.byte	0
 1224 0570 29       		.uleb128 0x29
 1225 0571 8E020000 		.4byte	.LASF29
 1226 0575 05       		.byte	0x5
 1227 0576 B1       		.byte	0xb1
 1228 0577 25000000 		.4byte	0x25
 1229 057b 86050000 		.4byte	0x586
 1230 057f 28       		.uleb128 0x28
 1231 0580 CF000000 		.4byte	0xcf
 1232 0584 2A       		.uleb128 0x2a
 1233 0585 00       		.byte	0
 1234 0586 2B       		.uleb128 0x2b
 1235 0587 D3000000 		.4byte	.LASF37
 1236 058b 06       		.byte	0x6
 1237 058c 00       		.byte	0
 1238 058d B6020000 		.4byte	.LASF38
 1239 0591 25000000 		.4byte	0x25
 1240 0595 9F050000 		.4byte	0x59f
 1241 0599 28       		.uleb128 0x28
 1242 059a CF000000 		.4byte	0xcf
ARM GAS  C:\Users\jo\AppData\Local\Temp\ccKwqQet.s 			page 23


 1243 059e 00       		.byte	0
 1244 059f 2C       		.uleb128 0x2c
 1245 05a0 84000000 		.4byte	.LASF30
 1246 05a4 06       		.byte	0x6
 1247 05a5 00       		.byte	0
 1248 05a6 2D010000 		.4byte	.LASF39
 1249 05aa 25000000 		.4byte	0x25
 1250 05ae 28       		.uleb128 0x28
 1251 05af 25000000 		.4byte	0x25
 1252 05b3 00       		.byte	0
 1253 05b4 00       		.byte	0
 1254              		.section	.debug_abbrev,"",%progbits
 1255              	.Ldebug_abbrev0:
 1256 0000 01       		.uleb128 0x1
 1257 0001 11       		.uleb128 0x11
 1258 0002 01       		.byte	0x1
 1259 0003 25       		.uleb128 0x25
 1260 0004 0E       		.uleb128 0xe
 1261 0005 13       		.uleb128 0x13
 1262 0006 0B       		.uleb128 0xb
 1263 0007 03       		.uleb128 0x3
 1264 0008 0E       		.uleb128 0xe
 1265 0009 1B       		.uleb128 0x1b
 1266 000a 0E       		.uleb128 0xe
 1267 000b 55       		.uleb128 0x55
 1268 000c 17       		.uleb128 0x17
 1269 000d 11       		.uleb128 0x11
 1270 000e 01       		.uleb128 0x1
 1271 000f 10       		.uleb128 0x10
 1272 0010 17       		.uleb128 0x17
 1273 0011 00       		.byte	0
 1274 0012 00       		.byte	0
 1275 0013 02       		.uleb128 0x2
 1276 0014 24       		.uleb128 0x24
 1277 0015 00       		.byte	0
 1278 0016 0B       		.uleb128 0xb
 1279 0017 0B       		.uleb128 0xb
 1280 0018 3E       		.uleb128 0x3e
 1281 0019 0B       		.uleb128 0xb
 1282 001a 03       		.uleb128 0x3
 1283 001b 08       		.uleb128 0x8
 1284 001c 00       		.byte	0
 1285 001d 00       		.byte	0
 1286 001e 03       		.uleb128 0x3
 1287 001f 16       		.uleb128 0x16
 1288 0020 00       		.byte	0
 1289 0021 03       		.uleb128 0x3
 1290 0022 0E       		.uleb128 0xe
 1291 0023 3A       		.uleb128 0x3a
 1292 0024 0B       		.uleb128 0xb
 1293 0025 3B       		.uleb128 0x3b
 1294 0026 0B       		.uleb128 0xb
 1295 0027 49       		.uleb128 0x49
 1296 0028 13       		.uleb128 0x13
 1297 0029 00       		.byte	0
 1298 002a 00       		.byte	0
 1299 002b 04       		.uleb128 0x4
ARM GAS  C:\Users\jo\AppData\Local\Temp\ccKwqQet.s 			page 24


 1300 002c 24       		.uleb128 0x24
 1301 002d 00       		.byte	0
 1302 002e 0B       		.uleb128 0xb
 1303 002f 0B       		.uleb128 0xb
 1304 0030 3E       		.uleb128 0x3e
 1305 0031 0B       		.uleb128 0xb
 1306 0032 03       		.uleb128 0x3
 1307 0033 0E       		.uleb128 0xe
 1308 0034 00       		.byte	0
 1309 0035 00       		.byte	0
 1310 0036 05       		.uleb128 0x5
 1311 0037 13       		.uleb128 0x13
 1312 0038 01       		.byte	0x1
 1313 0039 0B       		.uleb128 0xb
 1314 003a 05       		.uleb128 0x5
 1315 003b 3A       		.uleb128 0x3a
 1316 003c 0B       		.uleb128 0xb
 1317 003d 3B       		.uleb128 0x3b
 1318 003e 0B       		.uleb128 0xb
 1319 003f 01       		.uleb128 0x1
 1320 0040 13       		.uleb128 0x13
 1321 0041 00       		.byte	0
 1322 0042 00       		.byte	0
 1323 0043 06       		.uleb128 0x6
 1324 0044 0D       		.uleb128 0xd
 1325 0045 00       		.byte	0
 1326 0046 03       		.uleb128 0x3
 1327 0047 08       		.uleb128 0x8
 1328 0048 3A       		.uleb128 0x3a
 1329 0049 0B       		.uleb128 0xb
 1330 004a 3B       		.uleb128 0x3b
 1331 004b 0B       		.uleb128 0xb
 1332 004c 49       		.uleb128 0x49
 1333 004d 13       		.uleb128 0x13
 1334 004e 38       		.uleb128 0x38
 1335 004f 0B       		.uleb128 0xb
 1336 0050 00       		.byte	0
 1337 0051 00       		.byte	0
 1338 0052 07       		.uleb128 0x7
 1339 0053 01       		.uleb128 0x1
 1340 0054 01       		.byte	0x1
 1341 0055 49       		.uleb128 0x49
 1342 0056 13       		.uleb128 0x13
 1343 0057 01       		.uleb128 0x1
 1344 0058 13       		.uleb128 0x13
 1345 0059 00       		.byte	0
 1346 005a 00       		.byte	0
 1347 005b 08       		.uleb128 0x8
 1348 005c 21       		.uleb128 0x21
 1349 005d 00       		.byte	0
 1350 005e 49       		.uleb128 0x49
 1351 005f 13       		.uleb128 0x13
 1352 0060 2F       		.uleb128 0x2f
 1353 0061 0B       		.uleb128 0xb
 1354 0062 00       		.byte	0
 1355 0063 00       		.byte	0
 1356 0064 09       		.uleb128 0x9
ARM GAS  C:\Users\jo\AppData\Local\Temp\ccKwqQet.s 			page 25


 1357 0065 0F       		.uleb128 0xf
 1358 0066 00       		.byte	0
 1359 0067 0B       		.uleb128 0xb
 1360 0068 0B       		.uleb128 0xb
 1361 0069 00       		.byte	0
 1362 006a 00       		.byte	0
 1363 006b 0A       		.uleb128 0xa
 1364 006c 0F       		.uleb128 0xf
 1365 006d 00       		.byte	0
 1366 006e 0B       		.uleb128 0xb
 1367 006f 0B       		.uleb128 0xb
 1368 0070 49       		.uleb128 0x49
 1369 0071 13       		.uleb128 0x13
 1370 0072 00       		.byte	0
 1371 0073 00       		.byte	0
 1372 0074 0B       		.uleb128 0xb
 1373 0075 26       		.uleb128 0x26
 1374 0076 00       		.byte	0
 1375 0077 49       		.uleb128 0x49
 1376 0078 13       		.uleb128 0x13
 1377 0079 00       		.byte	0
 1378 007a 00       		.byte	0
 1379 007b 0C       		.uleb128 0xc
 1380 007c 26       		.uleb128 0x26
 1381 007d 00       		.byte	0
 1382 007e 00       		.byte	0
 1383 007f 00       		.byte	0
 1384 0080 0D       		.uleb128 0xd
 1385 0081 2E       		.uleb128 0x2e
 1386 0082 01       		.byte	0x1
 1387 0083 03       		.uleb128 0x3
 1388 0084 0E       		.uleb128 0xe
 1389 0085 3A       		.uleb128 0x3a
 1390 0086 0B       		.uleb128 0xb
 1391 0087 3B       		.uleb128 0x3b
 1392 0088 0B       		.uleb128 0xb
 1393 0089 27       		.uleb128 0x27
 1394 008a 19       		.uleb128 0x19
 1395 008b 20       		.uleb128 0x20
 1396 008c 0B       		.uleb128 0xb
 1397 008d 01       		.uleb128 0x1
 1398 008e 13       		.uleb128 0x13
 1399 008f 00       		.byte	0
 1400 0090 00       		.byte	0
 1401 0091 0E       		.uleb128 0xe
 1402 0092 05       		.uleb128 0x5
 1403 0093 00       		.byte	0
 1404 0094 03       		.uleb128 0x3
 1405 0095 08       		.uleb128 0x8
 1406 0096 3A       		.uleb128 0x3a
 1407 0097 0B       		.uleb128 0xb
 1408 0098 3B       		.uleb128 0x3b
 1409 0099 0B       		.uleb128 0xb
 1410 009a 49       		.uleb128 0x49
 1411 009b 13       		.uleb128 0x13
 1412 009c 00       		.byte	0
 1413 009d 00       		.byte	0
ARM GAS  C:\Users\jo\AppData\Local\Temp\ccKwqQet.s 			page 26


 1414 009e 0F       		.uleb128 0xf
 1415 009f 34       		.uleb128 0x34
 1416 00a0 00       		.byte	0
 1417 00a1 03       		.uleb128 0x3
 1418 00a2 08       		.uleb128 0x8
 1419 00a3 3A       		.uleb128 0x3a
 1420 00a4 0B       		.uleb128 0xb
 1421 00a5 3B       		.uleb128 0x3b
 1422 00a6 0B       		.uleb128 0xb
 1423 00a7 49       		.uleb128 0x49
 1424 00a8 13       		.uleb128 0x13
 1425 00a9 00       		.byte	0
 1426 00aa 00       		.byte	0
 1427 00ab 10       		.uleb128 0x10
 1428 00ac 35       		.uleb128 0x35
 1429 00ad 00       		.byte	0
 1430 00ae 49       		.uleb128 0x49
 1431 00af 13       		.uleb128 0x13
 1432 00b0 00       		.byte	0
 1433 00b1 00       		.byte	0
 1434 00b2 11       		.uleb128 0x11
 1435 00b3 2E       		.uleb128 0x2e
 1436 00b4 01       		.byte	0x1
 1437 00b5 3F       		.uleb128 0x3f
 1438 00b6 19       		.uleb128 0x19
 1439 00b7 03       		.uleb128 0x3
 1440 00b8 0E       		.uleb128 0xe
 1441 00b9 3A       		.uleb128 0x3a
 1442 00ba 0B       		.uleb128 0xb
 1443 00bb 3B       		.uleb128 0x3b
 1444 00bc 0B       		.uleb128 0xb
 1445 00bd 27       		.uleb128 0x27
 1446 00be 19       		.uleb128 0x19
 1447 00bf 20       		.uleb128 0x20
 1448 00c0 0B       		.uleb128 0xb
 1449 00c1 01       		.uleb128 0x1
 1450 00c2 13       		.uleb128 0x13
 1451 00c3 00       		.byte	0
 1452 00c4 00       		.byte	0
 1453 00c5 12       		.uleb128 0x12
 1454 00c6 2E       		.uleb128 0x2e
 1455 00c7 01       		.byte	0x1
 1456 00c8 31       		.uleb128 0x31
 1457 00c9 13       		.uleb128 0x13
 1458 00ca 11       		.uleb128 0x11
 1459 00cb 01       		.uleb128 0x1
 1460 00cc 12       		.uleb128 0x12
 1461 00cd 06       		.uleb128 0x6
 1462 00ce 40       		.uleb128 0x40
 1463 00cf 18       		.uleb128 0x18
 1464 00d0 9742     		.uleb128 0x2117
 1465 00d2 19       		.uleb128 0x19
 1466 00d3 01       		.uleb128 0x1
 1467 00d4 13       		.uleb128 0x13
 1468 00d5 00       		.byte	0
 1469 00d6 00       		.byte	0
 1470 00d7 13       		.uleb128 0x13
ARM GAS  C:\Users\jo\AppData\Local\Temp\ccKwqQet.s 			page 27


 1471 00d8 05       		.uleb128 0x5
 1472 00d9 00       		.byte	0
 1473 00da 31       		.uleb128 0x31
 1474 00db 13       		.uleb128 0x13
 1475 00dc 02       		.uleb128 0x2
 1476 00dd 17       		.uleb128 0x17
 1477 00de 00       		.byte	0
 1478 00df 00       		.byte	0
 1479 00e0 14       		.uleb128 0x14
 1480 00e1 898201   		.uleb128 0x4109
 1481 00e4 01       		.byte	0x1
 1482 00e5 11       		.uleb128 0x11
 1483 00e6 01       		.uleb128 0x1
 1484 00e7 9542     		.uleb128 0x2115
 1485 00e9 19       		.uleb128 0x19
 1486 00ea 31       		.uleb128 0x31
 1487 00eb 13       		.uleb128 0x13
 1488 00ec 00       		.byte	0
 1489 00ed 00       		.byte	0
 1490 00ee 15       		.uleb128 0x15
 1491 00ef 8A8201   		.uleb128 0x410a
 1492 00f2 00       		.byte	0
 1493 00f3 02       		.uleb128 0x2
 1494 00f4 18       		.uleb128 0x18
 1495 00f5 9142     		.uleb128 0x2111
 1496 00f7 18       		.uleb128 0x18
 1497 00f8 00       		.byte	0
 1498 00f9 00       		.byte	0
 1499 00fa 16       		.uleb128 0x16
 1500 00fb 1D       		.uleb128 0x1d
 1501 00fc 01       		.byte	0x1
 1502 00fd 31       		.uleb128 0x31
 1503 00fe 13       		.uleb128 0x13
 1504 00ff 11       		.uleb128 0x11
 1505 0100 01       		.uleb128 0x1
 1506 0101 12       		.uleb128 0x12
 1507 0102 06       		.uleb128 0x6
 1508 0103 58       		.uleb128 0x58
 1509 0104 0B       		.uleb128 0xb
 1510 0105 59       		.uleb128 0x59
 1511 0106 0B       		.uleb128 0xb
 1512 0107 00       		.byte	0
 1513 0108 00       		.byte	0
 1514 0109 17       		.uleb128 0x17
 1515 010a 05       		.uleb128 0x5
 1516 010b 00       		.byte	0
 1517 010c 31       		.uleb128 0x31
 1518 010d 13       		.uleb128 0x13
 1519 010e 00       		.byte	0
 1520 010f 00       		.byte	0
 1521 0110 18       		.uleb128 0x18
 1522 0111 0B       		.uleb128 0xb
 1523 0112 01       		.byte	0x1
 1524 0113 11       		.uleb128 0x11
 1525 0114 01       		.uleb128 0x1
 1526 0115 12       		.uleb128 0x12
 1527 0116 06       		.uleb128 0x6
ARM GAS  C:\Users\jo\AppData\Local\Temp\ccKwqQet.s 			page 28


 1528 0117 00       		.byte	0
 1529 0118 00       		.byte	0
 1530 0119 19       		.uleb128 0x19
 1531 011a 34       		.uleb128 0x34
 1532 011b 00       		.byte	0
 1533 011c 31       		.uleb128 0x31
 1534 011d 13       		.uleb128 0x13
 1535 011e 02       		.uleb128 0x2
 1536 011f 17       		.uleb128 0x17
 1537 0120 00       		.byte	0
 1538 0121 00       		.byte	0
 1539 0122 1A       		.uleb128 0x1a
 1540 0123 2E       		.uleb128 0x2e
 1541 0124 01       		.byte	0x1
 1542 0125 3F       		.uleb128 0x3f
 1543 0126 19       		.uleb128 0x19
 1544 0127 03       		.uleb128 0x3
 1545 0128 0E       		.uleb128 0xe
 1546 0129 3A       		.uleb128 0x3a
 1547 012a 0B       		.uleb128 0xb
 1548 012b 3B       		.uleb128 0x3b
 1549 012c 0B       		.uleb128 0xb
 1550 012d 27       		.uleb128 0x27
 1551 012e 19       		.uleb128 0x19
 1552 012f 11       		.uleb128 0x11
 1553 0130 01       		.uleb128 0x1
 1554 0131 12       		.uleb128 0x12
 1555 0132 06       		.uleb128 0x6
 1556 0133 40       		.uleb128 0x40
 1557 0134 18       		.uleb128 0x18
 1558 0135 9742     		.uleb128 0x2117
 1559 0137 19       		.uleb128 0x19
 1560 0138 01       		.uleb128 0x1
 1561 0139 13       		.uleb128 0x13
 1562 013a 00       		.byte	0
 1563 013b 00       		.byte	0
 1564 013c 1B       		.uleb128 0x1b
 1565 013d 05       		.uleb128 0x5
 1566 013e 00       		.byte	0
 1567 013f 03       		.uleb128 0x3
 1568 0140 08       		.uleb128 0x8
 1569 0141 3A       		.uleb128 0x3a
 1570 0142 0B       		.uleb128 0xb
 1571 0143 3B       		.uleb128 0x3b
 1572 0144 0B       		.uleb128 0xb
 1573 0145 49       		.uleb128 0x49
 1574 0146 13       		.uleb128 0x13
 1575 0147 02       		.uleb128 0x2
 1576 0148 17       		.uleb128 0x17
 1577 0149 00       		.byte	0
 1578 014a 00       		.byte	0
 1579 014b 1C       		.uleb128 0x1c
 1580 014c 05       		.uleb128 0x5
 1581 014d 00       		.byte	0
 1582 014e 03       		.uleb128 0x3
 1583 014f 08       		.uleb128 0x8
 1584 0150 3A       		.uleb128 0x3a
ARM GAS  C:\Users\jo\AppData\Local\Temp\ccKwqQet.s 			page 29


 1585 0151 0B       		.uleb128 0xb
 1586 0152 3B       		.uleb128 0x3b
 1587 0153 0B       		.uleb128 0xb
 1588 0154 49       		.uleb128 0x49
 1589 0155 13       		.uleb128 0x13
 1590 0156 02       		.uleb128 0x2
 1591 0157 18       		.uleb128 0x18
 1592 0158 00       		.byte	0
 1593 0159 00       		.byte	0
 1594 015a 1D       		.uleb128 0x1d
 1595 015b 05       		.uleb128 0x5
 1596 015c 00       		.byte	0
 1597 015d 03       		.uleb128 0x3
 1598 015e 0E       		.uleb128 0xe
 1599 015f 3A       		.uleb128 0x3a
 1600 0160 0B       		.uleb128 0xb
 1601 0161 3B       		.uleb128 0x3b
 1602 0162 0B       		.uleb128 0xb
 1603 0163 49       		.uleb128 0x49
 1604 0164 13       		.uleb128 0x13
 1605 0165 02       		.uleb128 0x2
 1606 0166 18       		.uleb128 0x18
 1607 0167 00       		.byte	0
 1608 0168 00       		.byte	0
 1609 0169 1E       		.uleb128 0x1e
 1610 016a 34       		.uleb128 0x34
 1611 016b 00       		.byte	0
 1612 016c 03       		.uleb128 0x3
 1613 016d 08       		.uleb128 0x8
 1614 016e 3A       		.uleb128 0x3a
 1615 016f 0B       		.uleb128 0xb
 1616 0170 3B       		.uleb128 0x3b
 1617 0171 0B       		.uleb128 0xb
 1618 0172 49       		.uleb128 0x49
 1619 0173 13       		.uleb128 0x13
 1620 0174 02       		.uleb128 0x2
 1621 0175 17       		.uleb128 0x17
 1622 0176 00       		.byte	0
 1623 0177 00       		.byte	0
 1624 0178 1F       		.uleb128 0x1f
 1625 0179 34       		.uleb128 0x34
 1626 017a 00       		.byte	0
 1627 017b 03       		.uleb128 0x3
 1628 017c 08       		.uleb128 0x8
 1629 017d 3A       		.uleb128 0x3a
 1630 017e 0B       		.uleb128 0xb
 1631 017f 3B       		.uleb128 0x3b
 1632 0180 0B       		.uleb128 0xb
 1633 0181 49       		.uleb128 0x49
 1634 0182 13       		.uleb128 0x13
 1635 0183 02       		.uleb128 0x2
 1636 0184 18       		.uleb128 0x18
 1637 0185 00       		.byte	0
 1638 0186 00       		.byte	0
 1639 0187 20       		.uleb128 0x20
 1640 0188 2E       		.uleb128 0x2e
 1641 0189 01       		.byte	0x1
ARM GAS  C:\Users\jo\AppData\Local\Temp\ccKwqQet.s 			page 30


 1642 018a 3F       		.uleb128 0x3f
 1643 018b 19       		.uleb128 0x19
 1644 018c 03       		.uleb128 0x3
 1645 018d 0E       		.uleb128 0xe
 1646 018e 3A       		.uleb128 0x3a
 1647 018f 0B       		.uleb128 0xb
 1648 0190 3B       		.uleb128 0x3b
 1649 0191 0B       		.uleb128 0xb
 1650 0192 27       		.uleb128 0x27
 1651 0193 19       		.uleb128 0x19
 1652 0194 49       		.uleb128 0x49
 1653 0195 13       		.uleb128 0x13
 1654 0196 11       		.uleb128 0x11
 1655 0197 01       		.uleb128 0x1
 1656 0198 12       		.uleb128 0x12
 1657 0199 06       		.uleb128 0x6
 1658 019a 40       		.uleb128 0x40
 1659 019b 18       		.uleb128 0x18
 1660 019c 9742     		.uleb128 0x2117
 1661 019e 19       		.uleb128 0x19
 1662 019f 01       		.uleb128 0x1
 1663 01a0 13       		.uleb128 0x13
 1664 01a1 00       		.byte	0
 1665 01a2 00       		.byte	0
 1666 01a3 21       		.uleb128 0x21
 1667 01a4 05       		.uleb128 0x5
 1668 01a5 00       		.byte	0
 1669 01a6 03       		.uleb128 0x3
 1670 01a7 0E       		.uleb128 0xe
 1671 01a8 3A       		.uleb128 0x3a
 1672 01a9 0B       		.uleb128 0xb
 1673 01aa 3B       		.uleb128 0x3b
 1674 01ab 0B       		.uleb128 0xb
 1675 01ac 49       		.uleb128 0x49
 1676 01ad 13       		.uleb128 0x13
 1677 01ae 02       		.uleb128 0x2
 1678 01af 17       		.uleb128 0x17
 1679 01b0 00       		.byte	0
 1680 01b1 00       		.byte	0
 1681 01b2 22       		.uleb128 0x22
 1682 01b3 34       		.uleb128 0x34
 1683 01b4 00       		.byte	0
 1684 01b5 03       		.uleb128 0x3
 1685 01b6 0E       		.uleb128 0xe
 1686 01b7 3A       		.uleb128 0x3a
 1687 01b8 0B       		.uleb128 0xb
 1688 01b9 3B       		.uleb128 0x3b
 1689 01ba 0B       		.uleb128 0xb
 1690 01bb 49       		.uleb128 0x49
 1691 01bc 13       		.uleb128 0x13
 1692 01bd 02       		.uleb128 0x2
 1693 01be 18       		.uleb128 0x18
 1694 01bf 00       		.byte	0
 1695 01c0 00       		.byte	0
 1696 01c1 23       		.uleb128 0x23
 1697 01c2 0A       		.uleb128 0xa
 1698 01c3 00       		.byte	0
ARM GAS  C:\Users\jo\AppData\Local\Temp\ccKwqQet.s 			page 31


 1699 01c4 03       		.uleb128 0x3
 1700 01c5 0E       		.uleb128 0xe
 1701 01c6 3A       		.uleb128 0x3a
 1702 01c7 0B       		.uleb128 0xb
 1703 01c8 3B       		.uleb128 0x3b
 1704 01c9 0B       		.uleb128 0xb
 1705 01ca 11       		.uleb128 0x11
 1706 01cb 01       		.uleb128 0x1
 1707 01cc 00       		.byte	0
 1708 01cd 00       		.byte	0
 1709 01ce 24       		.uleb128 0x24
 1710 01cf 1D       		.uleb128 0x1d
 1711 01d0 01       		.byte	0x1
 1712 01d1 31       		.uleb128 0x31
 1713 01d2 13       		.uleb128 0x13
 1714 01d3 11       		.uleb128 0x11
 1715 01d4 01       		.uleb128 0x1
 1716 01d5 12       		.uleb128 0x12
 1717 01d6 06       		.uleb128 0x6
 1718 01d7 58       		.uleb128 0x58
 1719 01d8 0B       		.uleb128 0xb
 1720 01d9 59       		.uleb128 0x59
 1721 01da 0B       		.uleb128 0xb
 1722 01db 01       		.uleb128 0x1
 1723 01dc 13       		.uleb128 0x13
 1724 01dd 00       		.byte	0
 1725 01de 00       		.byte	0
 1726 01df 25       		.uleb128 0x25
 1727 01e0 898201   		.uleb128 0x4109
 1728 01e3 01       		.byte	0x1
 1729 01e4 11       		.uleb128 0x11
 1730 01e5 01       		.uleb128 0x1
 1731 01e6 31       		.uleb128 0x31
 1732 01e7 13       		.uleb128 0x13
 1733 01e8 00       		.byte	0
 1734 01e9 00       		.byte	0
 1735 01ea 26       		.uleb128 0x26
 1736 01eb 898201   		.uleb128 0x4109
 1737 01ee 01       		.byte	0x1
 1738 01ef 11       		.uleb128 0x11
 1739 01f0 01       		.uleb128 0x1
 1740 01f1 31       		.uleb128 0x31
 1741 01f2 13       		.uleb128 0x13
 1742 01f3 01       		.uleb128 0x1
 1743 01f4 13       		.uleb128 0x13
 1744 01f5 00       		.byte	0
 1745 01f6 00       		.byte	0
 1746 01f7 27       		.uleb128 0x27
 1747 01f8 2E       		.uleb128 0x2e
 1748 01f9 01       		.byte	0x1
 1749 01fa 3F       		.uleb128 0x3f
 1750 01fb 19       		.uleb128 0x19
 1751 01fc 03       		.uleb128 0x3
 1752 01fd 0E       		.uleb128 0xe
 1753 01fe 27       		.uleb128 0x27
 1754 01ff 19       		.uleb128 0x19
 1755 0200 49       		.uleb128 0x49
ARM GAS  C:\Users\jo\AppData\Local\Temp\ccKwqQet.s 			page 32


 1756 0201 13       		.uleb128 0x13
 1757 0202 34       		.uleb128 0x34
 1758 0203 19       		.uleb128 0x19
 1759 0204 3C       		.uleb128 0x3c
 1760 0205 19       		.uleb128 0x19
 1761 0206 01       		.uleb128 0x1
 1762 0207 13       		.uleb128 0x13
 1763 0208 00       		.byte	0
 1764 0209 00       		.byte	0
 1765 020a 28       		.uleb128 0x28
 1766 020b 05       		.uleb128 0x5
 1767 020c 00       		.byte	0
 1768 020d 49       		.uleb128 0x49
 1769 020e 13       		.uleb128 0x13
 1770 020f 00       		.byte	0
 1771 0210 00       		.byte	0
 1772 0211 29       		.uleb128 0x29
 1773 0212 2E       		.uleb128 0x2e
 1774 0213 01       		.byte	0x1
 1775 0214 3F       		.uleb128 0x3f
 1776 0215 19       		.uleb128 0x19
 1777 0216 03       		.uleb128 0x3
 1778 0217 0E       		.uleb128 0xe
 1779 0218 3A       		.uleb128 0x3a
 1780 0219 0B       		.uleb128 0xb
 1781 021a 3B       		.uleb128 0x3b
 1782 021b 0B       		.uleb128 0xb
 1783 021c 27       		.uleb128 0x27
 1784 021d 19       		.uleb128 0x19
 1785 021e 49       		.uleb128 0x49
 1786 021f 13       		.uleb128 0x13
 1787 0220 3C       		.uleb128 0x3c
 1788 0221 19       		.uleb128 0x19
 1789 0222 01       		.uleb128 0x1
 1790 0223 13       		.uleb128 0x13
 1791 0224 00       		.byte	0
 1792 0225 00       		.byte	0
 1793 0226 2A       		.uleb128 0x2a
 1794 0227 18       		.uleb128 0x18
 1795 0228 00       		.byte	0
 1796 0229 00       		.byte	0
 1797 022a 00       		.byte	0
 1798 022b 2B       		.uleb128 0x2b
 1799 022c 2E       		.uleb128 0x2e
 1800 022d 01       		.byte	0x1
 1801 022e 3F       		.uleb128 0x3f
 1802 022f 19       		.uleb128 0x19
 1803 0230 03       		.uleb128 0x3
 1804 0231 0E       		.uleb128 0xe
 1805 0232 3A       		.uleb128 0x3a
 1806 0233 0B       		.uleb128 0xb
 1807 0234 3B       		.uleb128 0x3b
 1808 0235 0B       		.uleb128 0xb
 1809 0236 6E       		.uleb128 0x6e
 1810 0237 0E       		.uleb128 0xe
 1811 0238 27       		.uleb128 0x27
 1812 0239 19       		.uleb128 0x19
ARM GAS  C:\Users\jo\AppData\Local\Temp\ccKwqQet.s 			page 33


 1813 023a 49       		.uleb128 0x49
 1814 023b 13       		.uleb128 0x13
 1815 023c 3C       		.uleb128 0x3c
 1816 023d 19       		.uleb128 0x19
 1817 023e 01       		.uleb128 0x1
 1818 023f 13       		.uleb128 0x13
 1819 0240 00       		.byte	0
 1820 0241 00       		.byte	0
 1821 0242 2C       		.uleb128 0x2c
 1822 0243 2E       		.uleb128 0x2e
 1823 0244 01       		.byte	0x1
 1824 0245 3F       		.uleb128 0x3f
 1825 0246 19       		.uleb128 0x19
 1826 0247 03       		.uleb128 0x3
 1827 0248 0E       		.uleb128 0xe
 1828 0249 3A       		.uleb128 0x3a
 1829 024a 0B       		.uleb128 0xb
 1830 024b 3B       		.uleb128 0x3b
 1831 024c 0B       		.uleb128 0xb
 1832 024d 6E       		.uleb128 0x6e
 1833 024e 0E       		.uleb128 0xe
 1834 024f 27       		.uleb128 0x27
 1835 0250 19       		.uleb128 0x19
 1836 0251 49       		.uleb128 0x49
 1837 0252 13       		.uleb128 0x13
 1838 0253 3C       		.uleb128 0x3c
 1839 0254 19       		.uleb128 0x19
 1840 0255 00       		.byte	0
 1841 0256 00       		.byte	0
 1842 0257 00       		.byte	0
 1843              		.section	.debug_loc,"",%progbits
 1844              	.Ldebug_loc0:
 1845              	.LLST0:
 1846 0000 00000000 		.4byte	.LVL0
 1847 0004 09000000 		.4byte	.LVL1-1
 1848 0008 0100     		.2byte	0x1
 1849 000a 50       		.byte	0x50
 1850 000b 09000000 		.4byte	.LVL1-1
 1851 000f 0A000000 		.4byte	.LFE1
 1852 0013 0400     		.2byte	0x4
 1853 0015 F3       		.byte	0xf3
 1854 0016 01       		.uleb128 0x1
 1855 0017 50       		.byte	0x50
 1856 0018 9F       		.byte	0x9f
 1857 0019 00000000 		.4byte	0
 1858 001d 00000000 		.4byte	0
 1859              	.LLST1:
 1860 0021 00000000 		.4byte	.LVL2
 1861 0025 08000000 		.4byte	.LVL3
 1862 0029 0100     		.2byte	0x1
 1863 002b 50       		.byte	0x50
 1864 002c 08000000 		.4byte	.LVL3
 1865 0030 10000000 		.4byte	.LVL6
 1866 0034 0400     		.2byte	0x4
 1867 0036 72       		.byte	0x72
 1868 0037 F87D     		.sleb128 -264
 1869 0039 9F       		.byte	0x9f
ARM GAS  C:\Users\jo\AppData\Local\Temp\ccKwqQet.s 			page 34


 1870 003a 10000000 		.4byte	.LVL6
 1871 003e 12000000 		.4byte	.LFE2
 1872 0042 0400     		.2byte	0x4
 1873 0044 F3       		.byte	0xf3
 1874 0045 01       		.uleb128 0x1
 1875 0046 50       		.byte	0x50
 1876 0047 9F       		.byte	0x9f
 1877 0048 00000000 		.4byte	0
 1878 004c 00000000 		.4byte	0
 1879              	.LLST2:
 1880 0050 08000000 		.4byte	.LVL3
 1881 0054 10000000 		.4byte	.LVL6
 1882 0058 0400     		.2byte	0x4
 1883 005a 0A       		.byte	0xa
 1884 005b 0701     		.2byte	0x107
 1885 005d 9F       		.byte	0x9f
 1886 005e 00000000 		.4byte	0
 1887 0062 00000000 		.4byte	0
 1888              	.LLST3:
 1889 0066 08000000 		.4byte	.LVL3
 1890 006a 0C000000 		.4byte	.LVL5
 1891 006e 0300     		.2byte	0x3
 1892 0070 70       		.byte	0x70
 1893 0071 01       		.sleb128 1
 1894 0072 9F       		.byte	0x9f
 1895 0073 0C000000 		.4byte	.LVL5
 1896 0077 10000000 		.4byte	.LVL6
 1897 007b 0100     		.2byte	0x1
 1898 007d 50       		.byte	0x50
 1899 007e 00000000 		.4byte	0
 1900 0082 00000000 		.4byte	0
 1901              	.LLST4:
 1902 0086 00000000 		.4byte	.LVL7
 1903 008a 24000000 		.4byte	.LVL10
 1904 008e 0100     		.2byte	0x1
 1905 0090 50       		.byte	0x50
 1906 0091 24000000 		.4byte	.LVL10
 1907 0095 4C000000 		.4byte	.LFE3
 1908 0099 0400     		.2byte	0x4
 1909 009b 7E       		.byte	0x7e
 1910 009c F97D     		.sleb128 -263
 1911 009e 9F       		.byte	0x9f
 1912 009f 00000000 		.4byte	0
 1913 00a3 00000000 		.4byte	0
 1914              	.LLST5:
 1915 00a7 10000000 		.4byte	.LVL8
 1916 00ab 24000000 		.4byte	.LVL10
 1917 00af 0100     		.2byte	0x1
 1918 00b1 53       		.byte	0x53
 1919 00b2 48000000 		.4byte	.LVL16
 1920 00b6 4C000000 		.4byte	.LFE3
 1921 00ba 0800     		.2byte	0x8
 1922 00bc 74       		.byte	0x74
 1923 00bd 00       		.sleb128 0
 1924 00be 77       		.byte	0x77
 1925 00bf 00       		.sleb128 0
 1926 00c0 1C       		.byte	0x1c
ARM GAS  C:\Users\jo\AppData\Local\Temp\ccKwqQet.s 			page 35


 1927 00c1 23       		.byte	0x23
 1928 00c2 01       		.uleb128 0x1
 1929 00c3 9F       		.byte	0x9f
 1930 00c4 00000000 		.4byte	0
 1931 00c8 00000000 		.4byte	0
 1932              	.LLST6:
 1933 00cc 24000000 		.4byte	.LVL10
 1934 00d0 34000000 		.4byte	.LVL14
 1935 00d4 0100     		.2byte	0x1
 1936 00d6 53       		.byte	0x53
 1937 00d7 38000000 		.4byte	.LVL15
 1938 00db 4C000000 		.4byte	.LFE3
 1939 00df 0100     		.2byte	0x1
 1940 00e1 53       		.byte	0x53
 1941 00e2 00000000 		.4byte	0
 1942 00e6 00000000 		.4byte	0
 1943              	.LLST7:
 1944 00ea 24000000 		.4byte	.LVL10
 1945 00ee 2C000000 		.4byte	.LVL11
 1946 00f2 0100     		.2byte	0x1
 1947 00f4 55       		.byte	0x55
 1948 00f5 2C000000 		.4byte	.LVL11
 1949 00f9 32000000 		.4byte	.LVL13
 1950 00fd 0100     		.2byte	0x1
 1951 00ff 50       		.byte	0x50
 1952 0100 48000000 		.4byte	.LVL16
 1953 0104 4C000000 		.4byte	.LFE3
 1954 0108 0100     		.2byte	0x1
 1955 010a 55       		.byte	0x55
 1956 010b 00000000 		.4byte	0
 1957 010f 00000000 		.4byte	0
 1958              	.LLST8:
 1959 0113 00000000 		.4byte	.LVL17
 1960 0117 40000000 		.4byte	.LVL34
 1961 011b 0100     		.2byte	0x1
 1962 011d 50       		.byte	0x50
 1963 011e 40000000 		.4byte	.LVL34
 1964 0122 42000000 		.4byte	.LFE4
 1965 0126 0300     		.2byte	0x3
 1966 0128 77       		.byte	0x77
 1967 0129 78       		.sleb128 -8
 1968 012a 9F       		.byte	0x9f
 1969 012b 00000000 		.4byte	0
 1970 012f 00000000 		.4byte	0
 1971              	.LLST9:
 1972 0133 00000000 		.4byte	.LVL17
 1973 0137 0E000000 		.4byte	.LVL21
 1974 013b 0100     		.2byte	0x1
 1975 013d 51       		.byte	0x51
 1976 013e 0E000000 		.4byte	.LVL21
 1977 0142 42000000 		.4byte	.LFE4
 1978 0146 0400     		.2byte	0x4
 1979 0148 F3       		.byte	0xf3
 1980 0149 01       		.uleb128 0x1
 1981 014a 51       		.byte	0x51
 1982 014b 9F       		.byte	0x9f
 1983 014c 00000000 		.4byte	0
ARM GAS  C:\Users\jo\AppData\Local\Temp\ccKwqQet.s 			page 36


 1984 0150 00000000 		.4byte	0
 1985              	.LLST10:
 1986 0154 00000000 		.4byte	.LVL17
 1987 0158 10000000 		.4byte	.LVL22
 1988 015c 0100     		.2byte	0x1
 1989 015e 52       		.byte	0x52
 1990 015f 10000000 		.4byte	.LVL22
 1991 0163 42000000 		.4byte	.LFE4
 1992 0167 0400     		.2byte	0x4
 1993 0169 F3       		.byte	0xf3
 1994 016a 01       		.uleb128 0x1
 1995 016b 52       		.byte	0x52
 1996 016c 9F       		.byte	0x9f
 1997 016d 00000000 		.4byte	0
 1998 0171 00000000 		.4byte	0
 1999              	.LLST11:
 2000 0175 00000000 		.4byte	.LVL17
 2001 0179 10000000 		.4byte	.LVL22
 2002 017d 0100     		.2byte	0x1
 2003 017f 53       		.byte	0x53
 2004 0180 10000000 		.4byte	.LVL22
 2005 0184 42000000 		.4byte	.LFE4
 2006 0188 0400     		.2byte	0x4
 2007 018a F3       		.byte	0xf3
 2008 018b 01       		.uleb128 0x1
 2009 018c 53       		.byte	0x53
 2010 018d 9F       		.byte	0x9f
 2011 018e 00000000 		.4byte	0
 2012 0192 00000000 		.4byte	0
 2013              	.LLST12:
 2014 0196 04000000 		.4byte	.LVL18
 2015 019a 12000000 		.4byte	.LVL23
 2016 019e 0100     		.2byte	0x1
 2017 01a0 56       		.byte	0x56
 2018 01a1 12000000 		.4byte	.LVL23
 2019 01a5 14000000 		.4byte	.LVL24
 2020 01a9 0300     		.2byte	0x3
 2021 01ab 76       		.byte	0x76
 2022 01ac 7F       		.sleb128 -1
 2023 01ad 9F       		.byte	0x9f
 2024 01ae 14000000 		.4byte	.LVL24
 2025 01b2 42000000 		.4byte	.LFE4
 2026 01b6 0100     		.2byte	0x1
 2027 01b8 56       		.byte	0x56
 2028 01b9 00000000 		.4byte	0
 2029 01bd 00000000 		.4byte	0
 2030              	.LLST13:
 2031 01c1 06000000 		.4byte	.LVL19
 2032 01c5 1A000000 		.4byte	.LVL26
 2033 01c9 0100     		.2byte	0x1
 2034 01cb 55       		.byte	0x55
 2035 01cc 1C000000 		.4byte	.LVL27
 2036 01d0 42000000 		.4byte	.LFE4
 2037 01d4 0100     		.2byte	0x1
 2038 01d6 55       		.byte	0x55
 2039 01d7 00000000 		.4byte	0
 2040 01db 00000000 		.4byte	0
ARM GAS  C:\Users\jo\AppData\Local\Temp\ccKwqQet.s 			page 37


 2041              	.LLST14:
 2042 01df 18000000 		.4byte	.LVL25
 2043 01e3 2C000000 		.4byte	.LVL31
 2044 01e7 0600     		.2byte	0x6
 2045 01e9 7E       		.byte	0x7e
 2046 01ea 00       		.sleb128 0
 2047 01eb 08       		.byte	0x8
 2048 01ec FF       		.byte	0xff
 2049 01ed 1A       		.byte	0x1a
 2050 01ee 9F       		.byte	0x9f
 2051 01ef 2C000000 		.4byte	.LVL31
 2052 01f3 38000000 		.4byte	.LVL32
 2053 01f7 0B00     		.2byte	0xb
 2054 01f9 77       		.byte	0x77
 2055 01fa 00       		.sleb128 0
 2056 01fb 75       		.byte	0x75
 2057 01fc 00       		.sleb128 0
 2058 01fd 22       		.byte	0x22
 2059 01fe 94       		.byte	0x94
 2060 01ff 01       		.byte	0x1
 2061 0200 08       		.byte	0x8
 2062 0201 FF       		.byte	0xff
 2063 0202 1A       		.byte	0x1a
 2064 0203 9F       		.byte	0x9f
 2065 0204 00000000 		.4byte	0
 2066 0208 00000000 		.4byte	0
 2067              	.LLST15:
 2068 020c 1E000000 		.4byte	.LVL28
 2069 0210 22000000 		.4byte	.LVL29
 2070 0214 0600     		.2byte	0x6
 2071 0216 74       		.byte	0x74
 2072 0217 00       		.sleb128 0
 2073 0218 08       		.byte	0x8
 2074 0219 FF       		.byte	0xff
 2075 021a 1A       		.byte	0x1a
 2076 021b 9F       		.byte	0x9f
 2077 021c 22000000 		.4byte	.LVL29
 2078 0220 26000000 		.4byte	.LVL30
 2079 0224 0B00     		.2byte	0xb
 2080 0226 77       		.byte	0x77
 2081 0227 00       		.sleb128 0
 2082 0228 76       		.byte	0x76
 2083 0229 00       		.sleb128 0
 2084 022a 22       		.byte	0x22
 2085 022b 94       		.byte	0x94
 2086 022c 01       		.byte	0x1
 2087 022d 08       		.byte	0x8
 2088 022e FF       		.byte	0xff
 2089 022f 1A       		.byte	0x1a
 2090 0230 9F       		.byte	0x9f
 2091 0231 00000000 		.4byte	0
 2092 0235 00000000 		.4byte	0
 2093              	.LLST16:
 2094 0239 0A000000 		.4byte	.LVL20
 2095 023d 10000000 		.4byte	.LVL22
 2096 0241 0200     		.2byte	0x2
 2097 0243 30       		.byte	0x30
ARM GAS  C:\Users\jo\AppData\Local\Temp\ccKwqQet.s 			page 38


 2098 0244 9F       		.byte	0x9f
 2099 0245 10000000 		.4byte	.LVL22
 2100 0249 2C000000 		.4byte	.LVL31
 2101 024d 0700     		.2byte	0x7
 2102 024f 72       		.byte	0x72
 2103 0250 00       		.sleb128 0
 2104 0251 F3       		.byte	0xf3
 2105 0252 01       		.uleb128 0x1
 2106 0253 52       		.byte	0x52
 2107 0254 1C       		.byte	0x1c
 2108 0255 9F       		.byte	0x9f
 2109 0256 2C000000 		.4byte	.LVL31
 2110 025a 38000000 		.4byte	.LVL32
 2111 025e 0800     		.2byte	0x8
 2112 0260 F3       		.byte	0xf3
 2113 0261 01       		.uleb128 0x1
 2114 0262 52       		.byte	0x52
 2115 0263 20       		.byte	0x20
 2116 0264 72       		.byte	0x72
 2117 0265 00       		.sleb128 0
 2118 0266 22       		.byte	0x22
 2119 0267 9F       		.byte	0x9f
 2120 0268 38000000 		.4byte	.LVL32
 2121 026c 3A000000 		.4byte	.LVL33
 2122 0270 0700     		.2byte	0x7
 2123 0272 72       		.byte	0x72
 2124 0273 00       		.sleb128 0
 2125 0274 F3       		.byte	0xf3
 2126 0275 01       		.uleb128 0x1
 2127 0276 52       		.byte	0x52
 2128 0277 1C       		.byte	0x1c
 2129 0278 9F       		.byte	0x9f
 2130 0279 00000000 		.4byte	0
 2131 027d 00000000 		.4byte	0
 2132              	.LLST17:
 2133 0281 00000000 		.4byte	.LVL35
 2134 0285 0C000000 		.4byte	.LVL37
 2135 0289 0100     		.2byte	0x1
 2136 028b 50       		.byte	0x50
 2137 028c 0C000000 		.4byte	.LVL37
 2138 0290 BC000000 		.4byte	.LFE5
 2139 0294 0100     		.2byte	0x1
 2140 0296 55       		.byte	0x55
 2141 0297 00000000 		.4byte	0
 2142 029b 00000000 		.4byte	0
 2143              	.LLST18:
 2144 029f 14000000 		.4byte	.LVL38
 2145 02a3 22000000 		.4byte	.LVL39
 2146 02a7 0200     		.2byte	0x2
 2147 02a9 30       		.byte	0x30
 2148 02aa 9F       		.byte	0x9f
 2149 02ab 22000000 		.4byte	.LVL39
 2150 02af 58000000 		.4byte	.LVL45
 2151 02b3 0300     		.2byte	0x3
 2152 02b5 76       		.byte	0x76
 2153 02b6 7F       		.sleb128 -1
 2154 02b7 9F       		.byte	0x9f
ARM GAS  C:\Users\jo\AppData\Local\Temp\ccKwqQet.s 			page 39


 2155 02b8 58000000 		.4byte	.LVL45
 2156 02bc 5C000000 		.4byte	.LVL46
 2157 02c0 0300     		.2byte	0x3
 2158 02c2 76       		.byte	0x76
 2159 02c3 7E       		.sleb128 -2
 2160 02c4 9F       		.byte	0x9f
 2161 02c5 78000000 		.4byte	.LVL52
 2162 02c9 82000000 		.4byte	.LVL54
 2163 02cd 0300     		.2byte	0x3
 2164 02cf 76       		.byte	0x76
 2165 02d0 7F       		.sleb128 -1
 2166 02d1 9F       		.byte	0x9f
 2167 02d2 82000000 		.4byte	.LVL54
 2168 02d6 8A000000 		.4byte	.LVL56
 2169 02da 0300     		.2byte	0x3
 2170 02dc 76       		.byte	0x76
 2171 02dd 7E       		.sleb128 -2
 2172 02de 9F       		.byte	0x9f
 2173 02df 94000000 		.4byte	.LVL58
 2174 02e3 BC000000 		.4byte	.LFE5
 2175 02e7 0300     		.2byte	0x3
 2176 02e9 76       		.byte	0x76
 2177 02ea 7E       		.sleb128 -2
 2178 02eb 9F       		.byte	0x9f
 2179 02ec 00000000 		.4byte	0
 2180 02f0 00000000 		.4byte	0
 2181              	.LLST19:
 2182 02f4 00000000 		.4byte	.LVL35
 2183 02f8 64000000 		.4byte	.LVL47
 2184 02fc 0200     		.2byte	0x2
 2185 02fe 30       		.byte	0x30
 2186 02ff 9F       		.byte	0x9f
 2187 0300 64000000 		.4byte	.LVL47
 2188 0304 78000000 		.4byte	.LVL52
 2189 0308 0100     		.2byte	0x1
 2190 030a 50       		.byte	0x50
 2191 030b 78000000 		.4byte	.LVL52
 2192 030f BC000000 		.4byte	.LFE5
 2193 0313 0200     		.2byte	0x2
 2194 0315 30       		.byte	0x30
 2195 0316 9F       		.byte	0x9f
 2196 0317 00000000 		.4byte	0
 2197 031b 00000000 		.4byte	0
 2198              	.LLST20:
 2199 031f 06000000 		.4byte	.LVL36
 2200 0323 0C000000 		.4byte	.LVL37
 2201 0327 0400     		.2byte	0x4
 2202 0329 91       		.byte	0x91
 2203 032a D87D     		.sleb128 -296
 2204 032c 9F       		.byte	0x9f
 2205 032d 0C000000 		.4byte	.LVL37
 2206 0331 13000000 		.4byte	.LVL38-1
 2207 0335 0100     		.2byte	0x1
 2208 0337 50       		.byte	0x50
 2209 0338 13000000 		.4byte	.LVL38-1
 2210 033c 38000000 		.4byte	.LVL40
 2211 0340 0400     		.2byte	0x4
ARM GAS  C:\Users\jo\AppData\Local\Temp\ccKwqQet.s 			page 40


 2212 0342 91       		.byte	0x91
 2213 0343 D87D     		.sleb128 -296
 2214 0345 9F       		.byte	0x9f
 2215 0346 38000000 		.4byte	.LVL40
 2216 034a 3B000000 		.4byte	.LVL41-1
 2217 034e 0100     		.2byte	0x1
 2218 0350 50       		.byte	0x50
 2219 0351 3B000000 		.4byte	.LVL41-1
 2220 0355 46000000 		.4byte	.LVL42
 2221 0359 0400     		.2byte	0x4
 2222 035b 91       		.byte	0x91
 2223 035c D87D     		.sleb128 -296
 2224 035e 9F       		.byte	0x9f
 2225 035f 46000000 		.4byte	.LVL42
 2226 0363 49000000 		.4byte	.LVL43-1
 2227 0367 0100     		.2byte	0x1
 2228 0369 50       		.byte	0x50
 2229 036a 49000000 		.4byte	.LVL43-1
 2230 036e 66000000 		.4byte	.LVL48
 2231 0372 0400     		.2byte	0x4
 2232 0374 91       		.byte	0x91
 2233 0375 D87D     		.sleb128 -296
 2234 0377 9F       		.byte	0x9f
 2235 0378 66000000 		.4byte	.LVL48
 2236 037c 68000000 		.4byte	.LVL49
 2237 0380 0100     		.2byte	0x1
 2238 0382 53       		.byte	0x53
 2239 0383 68000000 		.4byte	.LVL49
 2240 0387 BC000000 		.4byte	.LFE5
 2241 038b 0400     		.2byte	0x4
 2242 038d 91       		.byte	0x91
 2243 038e D87D     		.sleb128 -296
 2244 0390 9F       		.byte	0x9f
 2245 0391 00000000 		.4byte	0
 2246 0395 00000000 		.4byte	0
 2247              	.LLST21:
 2248 0399 64000000 		.4byte	.LVL47
 2249 039d 66000000 		.4byte	.LVL48
 2250 03a1 0400     		.2byte	0x4
 2251 03a3 91       		.byte	0x91
 2252 03a4 D87D     		.sleb128 -296
 2253 03a6 9F       		.byte	0x9f
 2254 03a7 66000000 		.4byte	.LVL48
 2255 03ab 68000000 		.4byte	.LVL49
 2256 03af 0100     		.2byte	0x1
 2257 03b1 53       		.byte	0x53
 2258 03b2 68000000 		.4byte	.LVL49
 2259 03b6 78000000 		.4byte	.LVL52
 2260 03ba 0400     		.2byte	0x4
 2261 03bc 91       		.byte	0x91
 2262 03bd D87D     		.sleb128 -296
 2263 03bf 9F       		.byte	0x9f
 2264 03c0 00000000 		.4byte	0
 2265 03c4 00000000 		.4byte	0
 2266              	.LLST22:
 2267 03c8 64000000 		.4byte	.LVL47
 2268 03cc 68000000 		.4byte	.LVL49
ARM GAS  C:\Users\jo\AppData\Local\Temp\ccKwqQet.s 			page 41


 2269 03d0 0400     		.2byte	0x4
 2270 03d2 0A       		.byte	0xa
 2271 03d3 0701     		.2byte	0x107
 2272 03d5 9F       		.byte	0x9f
 2273 03d6 68000000 		.4byte	.LVL49
 2274 03da 6A000000 		.4byte	.LVL50
 2275 03de 0900     		.2byte	0x9
 2276 03e0 91       		.byte	0x91
 2277 03e1 00       		.sleb128 0
 2278 03e2 73       		.byte	0x73
 2279 03e3 00       		.sleb128 0
 2280 03e4 1C       		.byte	0x1c
 2281 03e5 08       		.byte	0x8
 2282 03e6 21       		.byte	0x21
 2283 03e7 1C       		.byte	0x1c
 2284 03e8 9F       		.byte	0x9f
 2285 03e9 6A000000 		.4byte	.LVL50
 2286 03ed 6E000000 		.4byte	.LVL51
 2287 03f1 0900     		.2byte	0x9
 2288 03f3 91       		.byte	0x91
 2289 03f4 00       		.sleb128 0
 2290 03f5 73       		.byte	0x73
 2291 03f6 00       		.sleb128 0
 2292 03f7 1C       		.byte	0x1c
 2293 03f8 08       		.byte	0x8
 2294 03f9 22       		.byte	0x22
 2295 03fa 1C       		.byte	0x1c
 2296 03fb 9F       		.byte	0x9f
 2297 03fc 6E000000 		.4byte	.LVL51
 2298 0400 78000000 		.4byte	.LVL52
 2299 0404 0900     		.2byte	0x9
 2300 0406 91       		.byte	0x91
 2301 0407 00       		.sleb128 0
 2302 0408 73       		.byte	0x73
 2303 0409 00       		.sleb128 0
 2304 040a 1C       		.byte	0x1c
 2305 040b 08       		.byte	0x8
 2306 040c 21       		.byte	0x21
 2307 040d 1C       		.byte	0x1c
 2308 040e 9F       		.byte	0x9f
 2309 040f 00000000 		.4byte	0
 2310 0413 00000000 		.4byte	0
 2311              	.LLST23:
 2312 0417 64000000 		.4byte	.LVL47
 2313 041b 66000000 		.4byte	.LVL48
 2314 041f 0400     		.2byte	0x4
 2315 0421 91       		.byte	0x91
 2316 0422 D87D     		.sleb128 -296
 2317 0424 9F       		.byte	0x9f
 2318 0425 66000000 		.4byte	.LVL48
 2319 0429 68000000 		.4byte	.LVL49
 2320 042d 0100     		.2byte	0x1
 2321 042f 53       		.byte	0x53
 2322 0430 68000000 		.4byte	.LVL49
 2323 0434 6E000000 		.4byte	.LVL51
 2324 0438 0300     		.2byte	0x3
 2325 043a 73       		.byte	0x73
ARM GAS  C:\Users\jo\AppData\Local\Temp\ccKwqQet.s 			page 42


 2326 043b 01       		.sleb128 1
 2327 043c 9F       		.byte	0x9f
 2328 043d 6E000000 		.4byte	.LVL51
 2329 0441 78000000 		.4byte	.LVL52
 2330 0445 0100     		.2byte	0x1
 2331 0447 53       		.byte	0x53
 2332 0448 00000000 		.4byte	0
 2333 044c 00000000 		.4byte	0
 2334              		.section	.debug_aranges,"",%progbits
 2335 0000 3C000000 		.4byte	0x3c
 2336 0004 0200     		.2byte	0x2
 2337 0006 00000000 		.4byte	.Ldebug_info0
 2338 000a 04       		.byte	0x4
 2339 000b 00       		.byte	0
 2340 000c 0000     		.2byte	0
 2341 000e 0000     		.2byte	0
 2342 0010 00000000 		.4byte	.LFB1
 2343 0014 0A000000 		.4byte	.LFE1-.LFB1
 2344 0018 00000000 		.4byte	.LFB2
 2345 001c 12000000 		.4byte	.LFE2-.LFB2
 2346 0020 00000000 		.4byte	.LFB3
 2347 0024 4C000000 		.4byte	.LFE3-.LFB3
 2348 0028 00000000 		.4byte	.LFB4
 2349 002c 42000000 		.4byte	.LFE4-.LFB4
 2350 0030 00000000 		.4byte	.LFB5
 2351 0034 BC000000 		.4byte	.LFE5-.LFB5
 2352 0038 00000000 		.4byte	0
 2353 003c 00000000 		.4byte	0
 2354              		.section	.debug_ranges,"",%progbits
 2355              	.Ldebug_ranges0:
 2356 0000 00000000 		.4byte	.LFB1
 2357 0004 0A000000 		.4byte	.LFE1
 2358 0008 00000000 		.4byte	.LFB2
 2359 000c 12000000 		.4byte	.LFE2
 2360 0010 00000000 		.4byte	.LFB3
 2361 0014 4C000000 		.4byte	.LFE3
 2362 0018 00000000 		.4byte	.LFB4
 2363 001c 42000000 		.4byte	.LFE4
 2364 0020 00000000 		.4byte	.LFB5
 2365 0024 BC000000 		.4byte	.LFE5
 2366 0028 00000000 		.4byte	0
 2367 002c 00000000 		.4byte	0
 2368              		.section	.debug_line,"",%progbits
 2369              	.Ldebug_line0:
 2370 0000 44020000 		.section	.debug_str,"MS",%progbits,1
 2370      02005401 
 2370      00000201 
 2370      FB0E0D00 
 2370      01010101 
 2371              	.LASF24:
 2372 0000 61726334 		.ascii	"arc4_test_key\000"
 2372      5F746573 
 2372      745F6B65 
 2372      7900
 2373              	.LASF33:
 2374 000e 433A5C55 		.ascii	"C:\\Users\\jo\\Documents\\GitHub\\ChibiOS\\demos\\S"
 2374      73657273 
ARM GAS  C:\Users\jo\AppData\Local\Temp\ccKwqQet.s 			page 43


 2374      5C6A6F5C 
 2374      446F6375 
 2374      6D656E74 
 2375 003a 544D3332 		.ascii	"TM32\\RT-STM32F407-DISCOVERY-uHttp\000"
 2375      5C52542D 
 2375      53544D33 
 2375      32463430 
 2375      372D4449 
 2376              	.LASF34:
 2377 005c 706F6C61 		.ascii	"polarssl_zeroize\000"
 2377      7273736C 
 2377      5F7A6572 
 2377      6F697A65 
 2377      00
 2378              	.LASF36:
 2379 006d 65786974 		.ascii	"exit\000"
 2379      00
 2380              	.LASF28:
 2381 0072 6D656D63 		.ascii	"memcmp\000"
 2381      6D7000
 2382              	.LASF35:
 2383 0079 61726334 		.ascii	"arc4_setup\000"
 2383      5F736574 
 2383      757000
 2384              	.LASF30:
 2385 0084 5F5F6275 		.ascii	"__builtin_putchar\000"
 2385      696C7469 
 2385      6E5F7075 
 2385      74636861 
 2385      7200
 2386              	.LASF32:
 2387 0096 2E2E2F2E 		.ascii	"../../../ext/mbedtls-1.3.11/library/arc4.c\000"
 2387      2E2F2E2E 
 2387      2F657874 
 2387      2F6D6265 
 2387      64746C73 
 2388              	.LASF22:
 2389 00c1 69627566 		.ascii	"ibuf\000"
 2389      00
 2390              	.LASF25:
 2391 00c6 61726334 		.ascii	"arc4_test_pt\000"
 2391      5F746573 
 2391      745F7074 
 2391      00
 2392              	.LASF37:
 2393 00d3 5F5F6275 		.ascii	"__builtin_puts\000"
 2393      696C7469 
 2393      6E5F7075 
 2393      747300
 2394              	.LASF2:
 2395 00e2 756E7369 		.ascii	"unsigned char\000"
 2395      676E6564 
 2395      20636861 
 2395      7200
 2396              	.LASF17:
 2397 00f0 696E7075 		.ascii	"input\000"
 2397      7400
ARM GAS  C:\Users\jo\AppData\Local\Temp\ccKwqQet.s 			page 44


 2398              	.LASF9:
 2399 00f6 6C6F6E67 		.ascii	"long unsigned int\000"
 2399      20756E73 
 2399      69676E65 
 2399      6420696E 
 2399      7400
 2400              	.LASF7:
 2401 0108 73686F72 		.ascii	"short unsigned int\000"
 2401      7420756E 
 2401      7369676E 
 2401      65642069 
 2401      6E7400
 2402              	.LASF3:
 2403 011b 73697A65 		.ascii	"size_t\000"
 2403      5F7400
 2404              	.LASF19:
 2405 0122 61726334 		.ascii	"arc4_crypt\000"
 2405      5F637279 
 2405      707400
 2406              	.LASF39:
 2407 012d 70757463 		.ascii	"putchar\000"
 2407      68617200 
 2408              	.LASF26:
 2409 0135 61726334 		.ascii	"arc4_test_ct\000"
 2409      5F746573 
 2409      745F6374 
 2409      00
 2410              	.LASF14:
 2411 0142 61726334 		.ascii	"arc4_free\000"
 2411      5F667265 
 2411      6500
 2412              	.LASF27:
 2413 014c 6D656D73 		.ascii	"memset\000"
 2413      657400
 2414              	.LASF4:
 2415 0153 61726334 		.ascii	"arc4_context\000"
 2415      5F636F6E 
 2415      74657874 
 2415      00
 2416              	.LASF20:
 2417 0160 61726334 		.ascii	"arc4_self_test\000"
 2417      5F73656C 
 2417      665F7465 
 2417      737400
 2418              	.LASF23:
 2419 016f 6F627566 		.ascii	"obuf\000"
 2419      00
 2420              	.LASF0:
 2421 0174 756E7369 		.ascii	"unsigned int\000"
 2421      676E6564 
 2421      20696E74 
 2421      00
 2422              	.LASF31:
 2423 0181 474E5520 		.ascii	"GNU C 4.9.3 20141119 (release) [ARM/embedded-4_9-br"
 2423      4320342E 
 2423      392E3320 
 2423      32303134 
ARM GAS  C:\Users\jo\AppData\Local\Temp\ccKwqQet.s 			page 45


 2423      31313139 
 2424 01b4 616E6368 		.ascii	"anch revision 218278] -mcpu=cortex-m4 -mno-thumb-in"
 2424      20726576 
 2424      6973696F 
 2424      6E203231 
 2424      38323738 
 2425 01e7 74657277 		.ascii	"terwork -mthumb -ggdb -O2 -fomit-frame-pointer -fal"
 2425      6F726B20 
 2425      2D6D7468 
 2425      756D6220 
 2425      2D676764 
 2426 021a 69676E2D 		.ascii	"ign-functions=16 -ffunction-sections -fdata-section"
 2426      66756E63 
 2426      74696F6E 
 2426      733D3136 
 2426      202D6666 
 2427 024d 73202D66 		.ascii	"s -fno-common\000"
 2427      6E6F2D63 
 2427      6F6D6D6F 
 2427      6E00
 2428              	.LASF11:
 2429 025b 6C6F6E67 		.ascii	"long long unsigned int\000"
 2429      206C6F6E 
 2429      6720756E 
 2429      7369676E 
 2429      65642069 
 2430              	.LASF1:
 2431 0272 73697A65 		.ascii	"sizetype\000"
 2431      74797065 
 2431      00
 2432              	.LASF10:
 2433 027b 6C6F6E67 		.ascii	"long long int\000"
 2433      206C6F6E 
 2433      6720696E 
 2433      7400
 2434              	.LASF12:
 2435 0289 63686172 		.ascii	"char\000"
 2435      00
 2436              	.LASF29:
 2437 028e 7072696E 		.ascii	"printf\000"
 2437      746600
 2438              	.LASF6:
 2439 0295 73686F72 		.ascii	"short int\000"
 2439      7420696E 
 2439      7400
 2440              	.LASF15:
 2441 029f 6B65796C 		.ascii	"keylen\000"
 2441      656E00
 2442              	.LASF18:
 2443 02a6 6F757470 		.ascii	"output\000"
 2443      757400
 2444              	.LASF8:
 2445 02ad 6C6F6E67 		.ascii	"long int\000"
 2445      20696E74 
 2445      00
 2446              	.LASF38:
 2447 02b6 70757473 		.ascii	"puts\000"
ARM GAS  C:\Users\jo\AppData\Local\Temp\ccKwqQet.s 			page 46


 2447      00
 2448              	.LASF13:
 2449 02bb 61726334 		.ascii	"arc4_init\000"
 2449      5F696E69 
 2449      7400
 2450              	.LASF5:
 2451 02c5 7369676E 		.ascii	"signed char\000"
 2451      65642063 
 2451      68617200 
 2452              	.LASF21:
 2453 02d1 76657262 		.ascii	"verbose\000"
 2453      6F736500 
 2454              	.LASF16:
 2455 02d9 6C656E67 		.ascii	"length\000"
 2455      746800
 2456              		.ident	"GCC: (GNU Tools for ARM Embedded Processors) 4.9.3 20141119 (release) [ARM/embedded-4_9-br
ARM GAS  C:\Users\jo\AppData\Local\Temp\ccKwqQet.s 			page 47


DEFINED SYMBOLS
                            *ABS*:00000000 arc4.c
C:\Users\jo\AppData\Local\Temp\ccKwqQet.s:19     .text.arc4_init:00000000 $t
C:\Users\jo\AppData\Local\Temp\ccKwqQet.s:25     .text.arc4_init:00000000 arc4_init
C:\Users\jo\AppData\Local\Temp\ccKwqQet.s:43     .text.arc4_free:00000000 $t
C:\Users\jo\AppData\Local\Temp\ccKwqQet.s:49     .text.arc4_free:00000000 arc4_free
C:\Users\jo\AppData\Local\Temp\ccKwqQet.s:81     .text.arc4_setup:00000000 $t
C:\Users\jo\AppData\Local\Temp\ccKwqQet.s:87     .text.arc4_setup:00000000 arc4_setup
C:\Users\jo\AppData\Local\Temp\ccKwqQet.s:165    .text.arc4_crypt:00000000 $t
C:\Users\jo\AppData\Local\Temp\ccKwqQet.s:171    .text.arc4_crypt:00000000 arc4_crypt
C:\Users\jo\AppData\Local\Temp\ccKwqQet.s:251    .text.arc4_self_test:00000000 $t
C:\Users\jo\AppData\Local\Temp\ccKwqQet.s:257    .text.arc4_self_test:00000000 arc4_self_test
C:\Users\jo\AppData\Local\Temp\ccKwqQet.s:413    .text.arc4_self_test:000000a4 $d
C:\Users\jo\AppData\Local\Temp\ccKwqQet.s:423    .rodata.arc4_test_ct:00000000 $d
C:\Users\jo\AppData\Local\Temp\ccKwqQet.s:427    .rodata.arc4_test_ct:00000000 arc4_test_ct
C:\Users\jo\AppData\Local\Temp\ccKwqQet.s:453    .rodata.arc4_test_key:00000000 $d
C:\Users\jo\AppData\Local\Temp\ccKwqQet.s:457    .rodata.arc4_test_key:00000000 arc4_test_key
C:\Users\jo\AppData\Local\Temp\ccKwqQet.s:483    .rodata.str1.4:00000000 $d
C:\Users\jo\AppData\Local\Temp\ccKwqQet.s:493    .rodata.arc4_test_pt:00000000 $d
C:\Users\jo\AppData\Local\Temp\ccKwqQet.s:497    .rodata.arc4_test_pt:00000000 arc4_test_pt
                     .debug_frame:00000010 $d
C:\Users\jo\AppData\Local\Temp\ccKwqQet.s:422    .text.arc4_self_test:000000bc $t

UNDEFINED SYMBOLS
memset
memcmp
printf
puts
putchar
