ARM GAS  C:\Users\jo\AppData\Local\Temp\ccSXNZv3.s 			page 1


   1              		.syntax unified
   2              		.cpu cortex-m4
   3              		.fpu softvfp
   4              		.eabi_attribute 20, 1
   5              		.eabi_attribute 21, 1
   6              		.eabi_attribute 23, 3
   7              		.eabi_attribute 24, 1
   8              		.eabi_attribute 25, 1
   9              		.eabi_attribute 26, 1
  10              		.eabi_attribute 30, 2
  11              		.eabi_attribute 34, 1
  12              		.eabi_attribute 18, 4
  13              		.thumb
  14              		.file	"board.c"
  15              		.text
  16              	.Ltext0:
  17              		.cfi_sections	.debug_frame
  18              		.section	.text.__early_init,"ax",%progbits
  19              		.align	2
  20              		.p2align 4,,15
  21              		.global	__early_init
  22              		.thumb
  23              		.thumb_func
  24              		.type	__early_init, %function
  25              	__early_init:
  26              	.LFB259:
  27              		.file 1 "../../../os/hal/boards/ST_STM32F4_DISCOVERY/board.c"
  28              		.loc 1 70 0
  29              		.cfi_startproc
  30              		@ args = 0, pretend = 0, frame = 0
  31              		@ frame_needed = 0, uses_anonymous_args = 0
  32              		@ link register save eliminated.
  33              		.loc 1 72 0
  34 0000 FFF7FEBF 		b	stm32_clock_init
  35              	.LVL0:
  36              		.cfi_endproc
  37              	.LFE259:
  38              		.size	__early_init, .-__early_init
  39 0004 AFF30080 		.section	.text.boardInit,"ax",%progbits
  39      AFF30080 
  39      AFF30080 
  40              		.align	2
  41              		.p2align 4,,15
  42              		.global	boardInit
  43              		.thumb
  44              		.thumb_func
  45              		.type	boardInit, %function
  46              	boardInit:
  47              	.LFB260:
  48              		.loc 1 123 0
  49              		.cfi_startproc
  50              		@ args = 0, pretend = 0, frame = 0
  51              		@ frame_needed = 0, uses_anonymous_args = 0
  52              		@ link register save eliminated.
  53 0000 7047     		bx	lr
  54              		.cfi_endproc
  55              	.LFE260:
ARM GAS  C:\Users\jo\AppData\Local\Temp\ccSXNZv3.s 			page 2


  56              		.size	boardInit, .-boardInit
  57              		.global	pal_default_config
  58 0002 00BFAFF3 		.section	.rodata.pal_default_config,"a",%progbits
  58      0080AFF3 
  58      0080AFF3 
  58      0080
  59              		.align	2
  60              		.type	pal_default_config, %object
  61              		.size	pal_default_config, 252
  62              	pal_default_config:
  63 0000 28AA822A 		.word	713206312
  64 0004 28002800 		.word	2621480
  65 0008 FFFFFFFF 		.word	-1
  66 000c 54000040 		.word	1073741908
  67 0010 FFFF0000 		.word	65535
  68 0014 B00B56B5 		.word	-1252652112
  69 0018 00000000 		.word	0
  70 001c 80200800 		.word	532608
  71 0020 40020000 		.word	576
  72 0024 FFFFFFFF 		.word	-1
  73 0028 15455155 		.word	1431389461
  74 002c FFFF0000 		.word	65535
  75 0030 00000004 		.word	67108864
  76 0034 40000000 		.word	64
  77 0038 09AAA500 		.word	10856969
  78 003c 00000000 		.word	0
  79 0040 FFFFFFFF 		.word	-1
  80 0044 50000054 		.word	1409286224
  81 0048 FFFC0000 		.word	64767
  82 004c B000BB88 		.word	-2001010512
  83 0050 00770600 		.word	423680
  84 0054 00010055 		.word	1426063616
  85 0058 00000000 		.word	0
  86 005c FFFFFFFF 		.word	-1
  87 0060 55501500 		.word	1396821
  88 0064 FF0F0000 		.word	4095
  89 0068 00000000 		.word	0
  90 006c 00000000 		.word	0
  91 0070 40000000 		.word	64
  92 0074 00000000 		.word	0
  93 0078 FFFFFFFF 		.word	-1
  94 007c 00000000 		.word	0
  95 0080 FFFF0000 		.word	65535
  96 0084 00000000 		.word	0
  97 0088 00000000 		.word	0
  98 008c 00000000 		.word	0
  99 0090 00000000 		.word	0
 100 0094 FFFFFFFF 		.word	-1
 101 0098 00000000 		.word	0
 102 009c FFFF0000 		.word	65535
 103 00a0 00000000 		.word	0
 104 00a4 00000000 		.word	0
 105 00a8 00108128 		.word	679546880
 106 00ac 00000000 		.word	0
 107 00b0 FFFFFFFF 		.word	-1
 108 00b4 00004014 		.word	339738624
 109 00b8 BFFE0000 		.word	65215
ARM GAS  C:\Users\jo\AppData\Local\Temp\ccSXNZv3.s 			page 3


 110 00bc 00000000 		.word	0
 111 00c0 00B0B00B 		.word	196128768
 112 00c4 00000000 		.word	0
 113 00c8 00000000 		.word	0
 114 00cc FFFFFFFF 		.word	-1
 115 00d0 00000000 		.word	0
 116 00d4 FFFF0000 		.word	65535
 117 00d8 00000000 		.word	0
 118 00dc 00000000 		.word	0
 119 00e0 00000400 		.word	262144
 120 00e4 00000000 		.word	0
 121 00e8 FFFFFFFF 		.word	-1
 122 00ec 00000000 		.word	0
 123 00f0 FFFD0000 		.word	65023
 124 00f4 00000000 		.word	0
 125 00f8 00000000 		.word	0
 126              		.text
 127              	.Letext0:
 128              		.file 2 "c:\\program files\\gnu tools arm embedded\\4.9 2014q4\\lib\\gcc\\arm-none-eabi\\4.9.3\\in
 129              		.file 3 "c:\\program files\\gnu tools arm embedded\\4.9 2014q4\\arm-none-eabi\\include\\machine\\_
 130              		.file 4 "c:\\program files\\gnu tools arm embedded\\4.9 2014q4\\arm-none-eabi\\include\\stdint.h"
 131              		.file 5 "../../../os/rt/ports/ARMCMx/compilers/GCC/chtypes.h"
 132              		.file 6 "../../../os/rt/include/chsystypes.h"
 133              		.file 7 "../../../os/rt/include/chschd.h"
 134              		.file 8 "../../../os/rt/ports/ARMCMx/chcore.h"
 135              		.file 9 "../../../os/rt/ports/ARMCMx/chcore_v7m.h"
 136              		.file 10 "../../../os/rt/include/chdebug.h"
 137              		.file 11 "../../../os/rt/include/chtm.h"
 138              		.file 12 "../../../os/rt/include/chsem.h"
 139              		.file 13 "../../../os/rt/include/chmtx.h"
 140              		.file 14 "../../../os/hal/ports/STM32/LLD/GPIOv2/pal_lld.h"
 141              		.file 15 "../../../os/ext/CMSIS/include/core_cm4.h"
 142              		.file 16 "../../../os/hal/ports/STM32/STM32F4xx/hal_lld.h"
 143              		.section	.debug_info,"",%progbits
 144              	.Ldebug_info0:
 145 0000 47080000 		.4byte	0x847
 146 0004 0400     		.2byte	0x4
 147 0006 00000000 		.4byte	.Ldebug_abbrev0
 148 000a 04       		.byte	0x4
 149 000b 01       		.uleb128 0x1
 150 000c 0A030000 		.4byte	.LASF135
 151 0010 01       		.byte	0x1
 152 0011 36000000 		.4byte	.LASF136
 153 0015 26010000 		.4byte	.LASF137
 154 0019 00000000 		.4byte	.Ldebug_ranges0+0
 155 001d 00000000 		.4byte	0
 156 0021 00000000 		.4byte	.Ldebug_line0
 157 0025 02       		.uleb128 0x2
 158 0026 04       		.byte	0x4
 159 0027 05       		.byte	0x5
 160 0028 696E7400 		.ascii	"int\000"
 161 002c 03       		.uleb128 0x3
 162 002d 2F000000 		.4byte	.LASF2
 163 0031 02       		.byte	0x2
 164 0032 D4       		.byte	0xd4
 165 0033 37000000 		.4byte	0x37
 166 0037 04       		.uleb128 0x4
ARM GAS  C:\Users\jo\AppData\Local\Temp\ccSXNZv3.s 			page 4


 167 0038 04       		.byte	0x4
 168 0039 07       		.byte	0x7
 169 003a 54020000 		.4byte	.LASF0
 170 003e 04       		.uleb128 0x4
 171 003f 01       		.byte	0x1
 172 0040 06       		.byte	0x6
 173 0041 82010000 		.4byte	.LASF1
 174 0045 03       		.uleb128 0x3
 175 0046 73000000 		.4byte	.LASF3
 176 004a 03       		.byte	0x3
 177 004b 1D       		.byte	0x1d
 178 004c 50000000 		.4byte	0x50
 179 0050 04       		.uleb128 0x4
 180 0051 01       		.byte	0x1
 181 0052 08       		.byte	0x8
 182 0053 DE040000 		.4byte	.LASF4
 183 0057 04       		.uleb128 0x4
 184 0058 02       		.byte	0x2
 185 0059 05       		.byte	0x5
 186 005a 01050000 		.4byte	.LASF5
 187 005e 04       		.uleb128 0x4
 188 005f 02       		.byte	0x2
 189 0060 07       		.byte	0x7
 190 0061 A1020000 		.4byte	.LASF6
 191 0065 03       		.uleb128 0x3
 192 0066 F9020000 		.4byte	.LASF7
 193 006a 03       		.byte	0x3
 194 006b 3F       		.byte	0x3f
 195 006c 70000000 		.4byte	0x70
 196 0070 04       		.uleb128 0x4
 197 0071 04       		.byte	0x4
 198 0072 05       		.byte	0x5
 199 0073 B4010000 		.4byte	.LASF8
 200 0077 03       		.uleb128 0x3
 201 0078 EE050000 		.4byte	.LASF9
 202 007c 03       		.byte	0x3
 203 007d 41       		.byte	0x41
 204 007e 82000000 		.4byte	0x82
 205 0082 04       		.uleb128 0x4
 206 0083 04       		.byte	0x4
 207 0084 07       		.byte	0x7
 208 0085 A9050000 		.4byte	.LASF10
 209 0089 04       		.uleb128 0x4
 210 008a 08       		.byte	0x8
 211 008b 05       		.byte	0x5
 212 008c 74010000 		.4byte	.LASF11
 213 0090 03       		.uleb128 0x3
 214 0091 84040000 		.4byte	.LASF12
 215 0095 03       		.byte	0x3
 216 0096 5B       		.byte	0x5b
 217 0097 9B000000 		.4byte	0x9b
 218 009b 04       		.uleb128 0x4
 219 009c 08       		.byte	0x8
 220 009d 07       		.byte	0x7
 221 009e 9F000000 		.4byte	.LASF13
 222 00a2 03       		.uleb128 0x3
 223 00a3 4F060000 		.4byte	.LASF14
ARM GAS  C:\Users\jo\AppData\Local\Temp\ccSXNZv3.s 			page 5


 224 00a7 04       		.byte	0x4
 225 00a8 15       		.byte	0x15
 226 00a9 45000000 		.4byte	0x45
 227 00ad 03       		.uleb128 0x3
 228 00ae D6040000 		.4byte	.LASF15
 229 00b2 04       		.byte	0x4
 230 00b3 2C       		.byte	0x2c
 231 00b4 65000000 		.4byte	0x65
 232 00b8 03       		.uleb128 0x3
 233 00b9 78050000 		.4byte	.LASF16
 234 00bd 04       		.byte	0x4
 235 00be 2D       		.byte	0x2d
 236 00bf 77000000 		.4byte	0x77
 237 00c3 03       		.uleb128 0x3
 238 00c4 6A000000 		.4byte	.LASF17
 239 00c8 04       		.byte	0x4
 240 00c9 39       		.byte	0x39
 241 00ca 90000000 		.4byte	0x90
 242 00ce 05       		.uleb128 0x5
 243 00cf AD000000 		.4byte	0xad
 244 00d3 03       		.uleb128 0x3
 245 00d4 12060000 		.4byte	.LASF18
 246 00d8 05       		.byte	0x5
 247 00d9 45       		.byte	0x45
 248 00da B8000000 		.4byte	0xb8
 249 00de 03       		.uleb128 0x3
 250 00df D7020000 		.4byte	.LASF19
 251 00e3 05       		.byte	0x5
 252 00e4 48       		.byte	0x48
 253 00e5 A2000000 		.4byte	0xa2
 254 00e9 03       		.uleb128 0x3
 255 00ea C4010000 		.4byte	.LASF20
 256 00ee 05       		.byte	0x5
 257 00ef 49       		.byte	0x49
 258 00f0 A2000000 		.4byte	0xa2
 259 00f4 03       		.uleb128 0x3
 260 00f5 8F040000 		.4byte	.LASF21
 261 00f9 05       		.byte	0x5
 262 00fa 4A       		.byte	0x4a
 263 00fb A2000000 		.4byte	0xa2
 264 00ff 03       		.uleb128 0x3
 265 0100 B8040000 		.4byte	.LASF22
 266 0104 05       		.byte	0x5
 267 0105 4C       		.byte	0x4c
 268 0106 B8000000 		.4byte	0xb8
 269 010a 03       		.uleb128 0x3
 270 010b C5020000 		.4byte	.LASF23
 271 010f 05       		.byte	0x5
 272 0110 4D       		.byte	0x4d
 273 0111 AD000000 		.4byte	0xad
 274 0115 03       		.uleb128 0x3
 275 0116 ED020000 		.4byte	.LASF24
 276 011a 05       		.byte	0x5
 277 011b 4F       		.byte	0x4f
 278 011c B8000000 		.4byte	0xb8
 279 0120 03       		.uleb128 0x3
 280 0121 43020000 		.4byte	.LASF25
ARM GAS  C:\Users\jo\AppData\Local\Temp\ccSXNZv3.s 			page 6


 281 0125 05       		.byte	0x5
 282 0126 51       		.byte	0x51
 283 0127 AD000000 		.4byte	0xad
 284 012b 03       		.uleb128 0x3
 285 012c D0050000 		.4byte	.LASF26
 286 0130 06       		.byte	0x6
 287 0131 33       		.byte	0x33
 288 0132 B8000000 		.4byte	0xb8
 289 0136 03       		.uleb128 0x3
 290 0137 C0050000 		.4byte	.LASF27
 291 013b 06       		.byte	0x6
 292 013c 3F       		.byte	0x3f
 293 013d 41010000 		.4byte	0x141
 294 0141 06       		.uleb128 0x6
 295 0142 BB020000 		.4byte	.LASF48
 296 0146 48       		.byte	0x48
 297 0147 07       		.byte	0x7
 298 0148 C2       		.byte	0xc2
 299 0149 3A020000 		.4byte	0x23a
 300 014d 07       		.uleb128 0x7
 301 014e 32050000 		.4byte	.LASF28
 302 0152 07       		.byte	0x7
 303 0153 C3       		.byte	0xc3
 304 0154 45020000 		.4byte	0x245
 305 0158 00       		.byte	0
 306 0159 07       		.uleb128 0x7
 307 015a B1040000 		.4byte	.LASF29
 308 015e 07       		.byte	0x7
 309 015f C5       		.byte	0xc5
 310 0160 45020000 		.4byte	0x245
 311 0164 04       		.byte	0x4
 312 0165 07       		.uleb128 0x7
 313 0166 1F010000 		.4byte	.LASF30
 314 016a 07       		.byte	0x7
 315 016b C7       		.byte	0xc7
 316 016c FF000000 		.4byte	0xff
 317 0170 08       		.byte	0x8
 318 0171 07       		.uleb128 0x7
 319 0172 B3060000 		.4byte	.LASF31
 320 0176 07       		.byte	0x7
 321 0177 C8       		.byte	0xc8
 322 0178 A0040000 		.4byte	0x4a0
 323 017c 0C       		.byte	0xc
 324 017d 07       		.uleb128 0x7
 325 017e D3010000 		.4byte	.LASF32
 326 0182 07       		.byte	0x7
 327 0183 CA       		.byte	0xca
 328 0184 45020000 		.4byte	0x245
 329 0188 10       		.byte	0x10
 330 0189 07       		.uleb128 0x7
 331 018a 47040000 		.4byte	.LASF33
 332 018e 07       		.byte	0x7
 333 018f CB       		.byte	0xcb
 334 0190 45020000 		.4byte	0x245
 335 0194 14       		.byte	0x14
 336 0195 07       		.uleb128 0x7
 337 0196 5E060000 		.4byte	.LASF34
ARM GAS  C:\Users\jo\AppData\Local\Temp\ccSXNZv3.s 			page 7


 338 019a 07       		.byte	0x7
 339 019b D2       		.byte	0xd2
 340 019c B2060000 		.4byte	0x6b2
 341 01a0 18       		.byte	0x18
 342 01a1 07       		.uleb128 0x7
 343 01a2 49020000 		.4byte	.LASF35
 344 01a6 07       		.byte	0x7
 345 01a7 D8       		.byte	0xd8
 346 01a8 C4060000 		.4byte	0x6c4
 347 01ac 1C       		.byte	0x1c
 348 01ad 07       		.uleb128 0x7
 349 01ae 0B050000 		.4byte	.LASF36
 350 01b2 07       		.byte	0x7
 351 01b3 DD       		.byte	0xdd
 352 01b4 E9000000 		.4byte	0xe9
 353 01b8 20       		.byte	0x20
 354 01b9 07       		.uleb128 0x7
 355 01ba 39050000 		.4byte	.LASF37
 356 01be 07       		.byte	0x7
 357 01bf E1       		.byte	0xe1
 358 01c0 DE000000 		.4byte	0xde
 359 01c4 21       		.byte	0x21
 360 01c5 07       		.uleb128 0x7
 361 01c6 3A060000 		.4byte	.LASF38
 362 01ca 07       		.byte	0x7
 363 01cb E6       		.byte	0xe6
 364 01cc F4000000 		.4byte	0xf4
 365 01d0 22       		.byte	0x22
 366 01d1 08       		.uleb128 0x8
 367 01d2 705F7500 		.ascii	"p_u\000"
 368 01d6 07       		.byte	0x7
 369 01d7 3101     		.2byte	0x131
 370 01d9 ED050000 		.4byte	0x5ed
 371 01dd 24       		.byte	0x24
 372 01de 09       		.uleb128 0x9
 373 01df EF030000 		.4byte	.LASF39
 374 01e3 07       		.byte	0x7
 375 01e4 3601     		.2byte	0x136
 376 01e6 4B020000 		.4byte	0x24b
 377 01ea 28       		.byte	0x28
 378 01eb 09       		.uleb128 0x9
 379 01ec 70020000 		.4byte	.LASF40
 380 01f0 07       		.byte	0x7
 381 01f1 3C01     		.2byte	0x13c
 382 01f3 6F020000 		.4byte	0x26f
 383 01f7 2C       		.byte	0x2c
 384 01f8 09       		.uleb128 0x9
 385 01f9 88060000 		.4byte	.LASF41
 386 01fd 07       		.byte	0x7
 387 01fe 4001     		.2byte	0x140
 388 0200 0A010000 		.4byte	0x10a
 389 0204 34       		.byte	0x34
 390 0205 09       		.uleb128 0x9
 391 0206 6D050000 		.4byte	.LASF42
 392 020a 07       		.byte	0x7
 393 020b 4601     		.2byte	0x146
 394 020d 15010000 		.4byte	0x115
ARM GAS  C:\Users\jo\AppData\Local\Temp\ccSXNZv3.s 			page 8


 395 0211 38       		.byte	0x38
 396 0212 09       		.uleb128 0x9
 397 0213 F7040000 		.4byte	.LASF43
 398 0217 07       		.byte	0x7
 399 0218 4D01     		.2byte	0x14d
 400 021a AC060000 		.4byte	0x6ac
 401 021e 3C       		.byte	0x3c
 402 021f 09       		.uleb128 0x9
 403 0220 DA050000 		.4byte	.LASF44
 404 0224 07       		.byte	0x7
 405 0225 5101     		.2byte	0x151
 406 0227 FF000000 		.4byte	0xff
 407 022b 40       		.byte	0x40
 408 022c 09       		.uleb128 0x9
 409 022d 8E010000 		.4byte	.LASF45
 410 0231 07       		.byte	0x7
 411 0232 5801     		.2byte	0x158
 412 0234 22030000 		.4byte	0x322
 413 0238 44       		.byte	0x44
 414 0239 00       		.byte	0
 415 023a 03       		.uleb128 0x3
 416 023b 02040000 		.4byte	.LASF46
 417 023f 06       		.byte	0x6
 418 0240 44       		.byte	0x44
 419 0241 45020000 		.4byte	0x245
 420 0245 0A       		.uleb128 0xa
 421 0246 04       		.byte	0x4
 422 0247 36010000 		.4byte	0x136
 423 024b 03       		.uleb128 0x3
 424 024c 6C060000 		.4byte	.LASF47
 425 0250 06       		.byte	0x6
 426 0251 49       		.byte	0x49
 427 0252 56020000 		.4byte	0x256
 428 0256 06       		.uleb128 0x6
 429 0257 99050000 		.4byte	.LASF49
 430 025b 04       		.byte	0x4
 431 025c 07       		.byte	0x7
 432 025d B0       		.byte	0xb0
 433 025e 6F020000 		.4byte	0x26f
 434 0262 07       		.uleb128 0x7
 435 0263 32050000 		.4byte	.LASF28
 436 0267 07       		.byte	0x7
 437 0268 B1       		.byte	0xb1
 438 0269 45020000 		.4byte	0x245
 439 026d 00       		.byte	0
 440 026e 00       		.byte	0
 441 026f 03       		.uleb128 0x3
 442 0270 21060000 		.4byte	.LASF50
 443 0274 06       		.byte	0x6
 444 0275 50       		.byte	0x50
 445 0276 7A020000 		.4byte	0x27a
 446 027a 06       		.uleb128 0x6
 447 027b 0E010000 		.4byte	.LASF51
 448 027f 08       		.byte	0x8
 449 0280 07       		.byte	0x7
 450 0281 B7       		.byte	0xb7
 451 0282 9F020000 		.4byte	0x29f
ARM GAS  C:\Users\jo\AppData\Local\Temp\ccSXNZv3.s 			page 9


 452 0286 07       		.uleb128 0x7
 453 0287 32050000 		.4byte	.LASF28
 454 028b 07       		.byte	0x7
 455 028c B8       		.byte	0xb8
 456 028d 45020000 		.4byte	0x245
 457 0291 00       		.byte	0
 458 0292 07       		.uleb128 0x7
 459 0293 B1040000 		.4byte	.LASF29
 460 0297 07       		.byte	0x7
 461 0298 B9       		.byte	0xb9
 462 0299 45020000 		.4byte	0x245
 463 029d 04       		.byte	0x4
 464 029e 00       		.byte	0
 465 029f 03       		.uleb128 0x3
 466 02a0 1A000000 		.4byte	.LASF52
 467 02a4 06       		.byte	0x6
 468 02a5 57       		.byte	0x57
 469 02a6 AA020000 		.4byte	0x2aa
 470 02aa 0B       		.uleb128 0xb
 471 02ab DF020000 		.4byte	.LASF53
 472 02af 1C       		.byte	0x1c
 473 02b0 07       		.byte	0x7
 474 02b1 9001     		.2byte	0x190
 475 02b3 06030000 		.4byte	0x306
 476 02b7 09       		.uleb128 0x9
 477 02b8 88050000 		.4byte	.LASF54
 478 02bc 07       		.byte	0x7
 479 02bd 9101     		.2byte	0x191
 480 02bf 6F020000 		.4byte	0x26f
 481 02c3 00       		.byte	0
 482 02c4 09       		.uleb128 0x9
 483 02c5 1D050000 		.4byte	.LASF55
 484 02c9 07       		.byte	0x7
 485 02ca 9201     		.2byte	0x192
 486 02cc FF000000 		.4byte	0xff
 487 02d0 08       		.byte	0x8
 488 02d1 09       		.uleb128 0x9
 489 02d2 4F040000 		.4byte	.LASF56
 490 02d6 07       		.byte	0x7
 491 02d7 9401     		.2byte	0x194
 492 02d9 A0040000 		.4byte	0x4a0
 493 02dd 0C       		.byte	0xc
 494 02de 09       		.uleb128 0x9
 495 02df EB010000 		.4byte	.LASF57
 496 02e3 07       		.byte	0x7
 497 02e4 9701     		.2byte	0x197
 498 02e6 45020000 		.4byte	0x245
 499 02ea 10       		.byte	0x10
 500 02eb 09       		.uleb128 0x9
 501 02ec 7C040000 		.4byte	.LASF58
 502 02f0 07       		.byte	0x7
 503 02f1 9801     		.2byte	0x198
 504 02f3 45020000 		.4byte	0x245
 505 02f7 14       		.byte	0x14
 506 02f8 09       		.uleb128 0x9
 507 02f9 72040000 		.4byte	.LASF59
 508 02fd 07       		.byte	0x7
ARM GAS  C:\Users\jo\AppData\Local\Temp\ccSXNZv3.s 			page 10


 509 02fe 9B01     		.2byte	0x19b
 510 0300 45020000 		.4byte	0x245
 511 0304 18       		.byte	0x18
 512 0305 00       		.byte	0
 513 0306 03       		.uleb128 0x3
 514 0307 E5050000 		.4byte	.LASF60
 515 030b 06       		.byte	0x6
 516 030c 5C       		.byte	0x5c
 517 030d 11030000 		.4byte	0x311
 518 0311 0A       		.uleb128 0xa
 519 0312 04       		.byte	0x4
 520 0313 17030000 		.4byte	0x317
 521 0317 0C       		.uleb128 0xc
 522 0318 22030000 		.4byte	0x322
 523 031c 0D       		.uleb128 0xd
 524 031d 22030000 		.4byte	0x322
 525 0321 00       		.byte	0
 526 0322 0E       		.uleb128 0xe
 527 0323 04       		.byte	0x4
 528 0324 03       		.uleb128 0x3
 529 0325 A1040000 		.4byte	.LASF61
 530 0329 06       		.byte	0x6
 531 032a 61       		.byte	0x61
 532 032b 2F030000 		.4byte	0x32f
 533 032f 0B       		.uleb128 0xb
 534 0330 4F050000 		.4byte	.LASF62
 535 0334 14       		.byte	0x14
 536 0335 07       		.byte	0x7
 537 0336 6B01     		.2byte	0x16b
 538 0338 7E030000 		.4byte	0x37e
 539 033c 09       		.uleb128 0x9
 540 033d 61020000 		.4byte	.LASF63
 541 0341 07       		.byte	0x7
 542 0342 6C01     		.2byte	0x16c
 543 0344 CA060000 		.4byte	0x6ca
 544 0348 00       		.byte	0
 545 0349 09       		.uleb128 0x9
 546 034a FC010000 		.4byte	.LASF64
 547 034e 07       		.byte	0x7
 548 034f 6D01     		.2byte	0x16d
 549 0351 CA060000 		.4byte	0x6ca
 550 0355 04       		.byte	0x4
 551 0356 09       		.uleb128 0x9
 552 0357 90050000 		.4byte	.LASF65
 553 035b 07       		.byte	0x7
 554 035c 6E01     		.2byte	0x16e
 555 035e 2B010000 		.4byte	0x12b
 556 0362 08       		.byte	0x8
 557 0363 09       		.uleb128 0x9
 558 0364 B9060000 		.4byte	.LASF66
 559 0368 07       		.byte	0x7
 560 0369 6F01     		.2byte	0x16f
 561 036b 06030000 		.4byte	0x306
 562 036f 0C       		.byte	0xc
 563 0370 09       		.uleb128 0x9
 564 0371 1A060000 		.4byte	.LASF67
 565 0375 07       		.byte	0x7
ARM GAS  C:\Users\jo\AppData\Local\Temp\ccSXNZv3.s 			page 11


 566 0376 7101     		.2byte	0x171
 567 0378 22030000 		.4byte	0x322
 568 037c 10       		.byte	0x10
 569 037d 00       		.byte	0
 570 037e 03       		.uleb128 0x3
 571 037f EB000000 		.4byte	.LASF68
 572 0383 06       		.byte	0x6
 573 0384 66       		.byte	0x66
 574 0385 89030000 		.4byte	0x389
 575 0389 0B       		.uleb128 0xb
 576 038a 15040000 		.4byte	.LASF69
 577 038e 10       		.byte	0x10
 578 038f 07       		.byte	0x7
 579 0390 7B01     		.2byte	0x17b
 580 0392 CB030000 		.4byte	0x3cb
 581 0396 09       		.uleb128 0x9
 582 0397 61020000 		.4byte	.LASF63
 583 039b 07       		.byte	0x7
 584 039c 7C01     		.2byte	0x17c
 585 039e CA060000 		.4byte	0x6ca
 586 03a2 00       		.byte	0
 587 03a3 09       		.uleb128 0x9
 588 03a4 FC010000 		.4byte	.LASF64
 589 03a8 07       		.byte	0x7
 590 03a9 7E01     		.2byte	0x17e
 591 03ab CA060000 		.4byte	0x6ca
 592 03af 04       		.byte	0x4
 593 03b0 09       		.uleb128 0x9
 594 03b1 90050000 		.4byte	.LASF65
 595 03b5 07       		.byte	0x7
 596 03b6 8001     		.2byte	0x180
 597 03b8 2B010000 		.4byte	0x12b
 598 03bc 08       		.byte	0x8
 599 03bd 09       		.uleb128 0x9
 600 03be 3B040000 		.4byte	.LASF70
 601 03c2 07       		.byte	0x7
 602 03c3 8801     		.2byte	0x188
 603 03c5 2B010000 		.4byte	0x12b
 604 03c9 0C       		.byte	0xc
 605 03ca 00       		.byte	0
 606 03cb 03       		.uleb128 0x3
 607 03cc 89000000 		.4byte	.LASF71
 608 03d0 06       		.byte	0x6
 609 03d1 6B       		.byte	0x6b
 610 03d2 D6030000 		.4byte	0x3d6
 611 03d6 0F       		.uleb128 0xf
 612 03d7 C0040000 		.4byte	.LASF72
 613 03db 1404     		.2byte	0x414
 614 03dd 07       		.byte	0x7
 615 03de A201     		.2byte	0x1a2
 616 03e0 19040000 		.4byte	0x419
 617 03e4 09       		.uleb128 0x9
 618 03e5 F9050000 		.4byte	.LASF73
 619 03e9 07       		.byte	0x7
 620 03ea AA01     		.2byte	0x1aa
 621 03ec D0060000 		.4byte	0x6d0
 622 03f0 00       		.byte	0
ARM GAS  C:\Users\jo\AppData\Local\Temp\ccSXNZv3.s 			page 12


 623 03f1 09       		.uleb128 0x9
 624 03f2 41060000 		.4byte	.LASF74
 625 03f6 07       		.byte	0x7
 626 03f7 AF01     		.2byte	0x1af
 627 03f9 20010000 		.4byte	0x120
 628 03fd 04       		.byte	0x4
 629 03fe 09       		.uleb128 0x9
 630 03ff 2B020000 		.4byte	.LASF75
 631 0403 07       		.byte	0x7
 632 0404 B301     		.2byte	0x1b3
 633 0406 20010000 		.4byte	0x120
 634 040a 08       		.byte	0x8
 635 040b 09       		.uleb128 0x9
 636 040c 7B060000 		.4byte	.LASF76
 637 0410 07       		.byte	0x7
 638 0411 B901     		.2byte	0x1b9
 639 0413 C2050000 		.4byte	0x5c2
 640 0417 0C       		.byte	0xc
 641 0418 00       		.byte	0
 642 0419 03       		.uleb128 0x3
 643 041a CB020000 		.4byte	.LASF77
 644 041e 06       		.byte	0x6
 645 041f 70       		.byte	0x70
 646 0420 24040000 		.4byte	0x424
 647 0424 0F       		.uleb128 0xf
 648 0425 AA010000 		.4byte	.LASF78
 649 0429 7005     		.2byte	0x570
 650 042b 07       		.byte	0x7
 651 042c C201     		.2byte	0x1c2
 652 042e 83040000 		.4byte	0x483
 653 0432 09       		.uleb128 0x9
 654 0433 49060000 		.4byte	.LASF79
 655 0437 07       		.byte	0x7
 656 0438 C601     		.2byte	0x1c6
 657 043a 9F020000 		.4byte	0x29f
 658 043e 00       		.byte	0
 659 043f 09       		.uleb128 0x9
 660 0440 04020000 		.4byte	.LASF80
 661 0444 07       		.byte	0x7
 662 0445 CA01     		.2byte	0x1ca
 663 0447 7E030000 		.4byte	0x37e
 664 044b 1C       		.byte	0x1c
 665 044c 08       		.uleb128 0x8
 666 044d 64626700 		.ascii	"dbg\000"
 667 0451 07       		.byte	0x7
 668 0452 CE01     		.2byte	0x1ce
 669 0454 CB030000 		.4byte	0x3cb
 670 0458 2C       		.byte	0x2c
 671 0459 10       		.uleb128 0x10
 672 045a E0000000 		.4byte	.LASF81
 673 045e 07       		.byte	0x7
 674 045f D201     		.2byte	0x1d2
 675 0461 36010000 		.4byte	0x136
 676 0465 4004     		.2byte	0x440
 677 0467 11       		.uleb128 0x11
 678 0468 746D00   		.ascii	"tm\000"
 679 046b 07       		.byte	0x7
ARM GAS  C:\Users\jo\AppData\Local\Temp\ccSXNZv3.s 			page 13


 680 046c D701     		.2byte	0x1d7
 681 046e E2050000 		.4byte	0x5e2
 682 0472 8804     		.2byte	0x488
 683 0474 10       		.uleb128 0x10
 684 0475 34020000 		.4byte	.LASF82
 685 0479 07       		.byte	0x7
 686 047a E301     		.2byte	0x1e3
 687 047c D5060000 		.4byte	0x6d5
 688 0480 9004     		.2byte	0x490
 689 0482 00       		.byte	0
 690 0483 04       		.uleb128 0x4
 691 0484 04       		.byte	0x4
 692 0485 07       		.byte	0x7
 693 0486 F9030000 		.4byte	.LASF83
 694 048a 03       		.uleb128 0x3
 695 048b F3010000 		.4byte	.LASF84
 696 048f 08       		.byte	0x8
 697 0490 65       		.byte	0x65
 698 0491 22030000 		.4byte	0x322
 699 0495 03       		.uleb128 0x3
 700 0496 E4030000 		.4byte	.LASF85
 701 049a 08       		.byte	0x8
 702 049b 6D       		.byte	0x6d
 703 049c C3000000 		.4byte	0xc3
 704 04a0 06       		.uleb128 0x6
 705 04a1 0A060000 		.4byte	.LASF86
 706 04a5 04       		.byte	0x4
 707 04a6 08       		.byte	0x8
 708 04a7 89       		.byte	0x89
 709 04a8 B9040000 		.4byte	0x4b9
 710 04ac 12       		.uleb128 0x12
 711 04ad 72313300 		.ascii	"r13\000"
 712 04b1 08       		.byte	0x8
 713 04b2 8A       		.byte	0x8a
 714 04b3 34050000 		.4byte	0x534
 715 04b7 00       		.byte	0
 716 04b8 00       		.byte	0
 717 04b9 06       		.uleb128 0x6
 718 04ba 7D000000 		.4byte	.LASF87
 719 04be 24       		.byte	0x24
 720 04bf 09       		.byte	0x9
 721 04c0 F4       		.byte	0xf4
 722 04c1 34050000 		.4byte	0x534
 723 04c5 08       		.uleb128 0x8
 724 04c6 723400   		.ascii	"r4\000"
 725 04c9 09       		.byte	0x9
 726 04ca 0701     		.2byte	0x107
 727 04cc 8A040000 		.4byte	0x48a
 728 04d0 00       		.byte	0
 729 04d1 08       		.uleb128 0x8
 730 04d2 723500   		.ascii	"r5\000"
 731 04d5 09       		.byte	0x9
 732 04d6 0801     		.2byte	0x108
 733 04d8 8A040000 		.4byte	0x48a
 734 04dc 04       		.byte	0x4
 735 04dd 08       		.uleb128 0x8
 736 04de 723600   		.ascii	"r6\000"
ARM GAS  C:\Users\jo\AppData\Local\Temp\ccSXNZv3.s 			page 14


 737 04e1 09       		.byte	0x9
 738 04e2 0901     		.2byte	0x109
 739 04e4 8A040000 		.4byte	0x48a
 740 04e8 08       		.byte	0x8
 741 04e9 08       		.uleb128 0x8
 742 04ea 723700   		.ascii	"r7\000"
 743 04ed 09       		.byte	0x9
 744 04ee 0A01     		.2byte	0x10a
 745 04f0 8A040000 		.4byte	0x48a
 746 04f4 0C       		.byte	0xc
 747 04f5 08       		.uleb128 0x8
 748 04f6 723800   		.ascii	"r8\000"
 749 04f9 09       		.byte	0x9
 750 04fa 0B01     		.2byte	0x10b
 751 04fc 8A040000 		.4byte	0x48a
 752 0500 10       		.byte	0x10
 753 0501 08       		.uleb128 0x8
 754 0502 723900   		.ascii	"r9\000"
 755 0505 09       		.byte	0x9
 756 0506 0C01     		.2byte	0x10c
 757 0508 8A040000 		.4byte	0x48a
 758 050c 14       		.byte	0x14
 759 050d 08       		.uleb128 0x8
 760 050e 72313000 		.ascii	"r10\000"
 761 0512 09       		.byte	0x9
 762 0513 0D01     		.2byte	0x10d
 763 0515 8A040000 		.4byte	0x48a
 764 0519 18       		.byte	0x18
 765 051a 08       		.uleb128 0x8
 766 051b 72313100 		.ascii	"r11\000"
 767 051f 09       		.byte	0x9
 768 0520 0E01     		.2byte	0x10e
 769 0522 8A040000 		.4byte	0x48a
 770 0526 1C       		.byte	0x1c
 771 0527 08       		.uleb128 0x8
 772 0528 6C7200   		.ascii	"lr\000"
 773 052b 09       		.byte	0x9
 774 052c 0F01     		.2byte	0x10f
 775 052e 8A040000 		.4byte	0x48a
 776 0532 20       		.byte	0x20
 777 0533 00       		.byte	0
 778 0534 0A       		.uleb128 0xa
 779 0535 04       		.byte	0x4
 780 0536 B9040000 		.4byte	0x4b9
 781 053a 13       		.uleb128 0x13
 782 053b 10       		.byte	0x10
 783 053c 0A       		.byte	0xa
 784 053d 51       		.byte	0x51
 785 053e 73050000 		.4byte	0x573
 786 0542 07       		.uleb128 0x7
 787 0543 27000000 		.4byte	.LASF88
 788 0547 0A       		.byte	0xa
 789 0548 55       		.byte	0x55
 790 0549 2B010000 		.4byte	0x12b
 791 054d 00       		.byte	0
 792 054e 07       		.uleb128 0x7
 793 054f CD010000 		.4byte	.LASF89
ARM GAS  C:\Users\jo\AppData\Local\Temp\ccSXNZv3.s 			page 15


 794 0553 0A       		.byte	0xa
 795 0554 59       		.byte	0x59
 796 0555 45020000 		.4byte	0x245
 797 0559 04       		.byte	0x4
 798 055a 07       		.uleb128 0x7
 799 055b 83020000 		.4byte	.LASF90
 800 055f 0A       		.byte	0xa
 801 0560 5D       		.byte	0x5d
 802 0561 22030000 		.4byte	0x322
 803 0565 08       		.byte	0x8
 804 0566 07       		.uleb128 0x7
 805 0567 C8000000 		.4byte	.LASF91
 806 056b 0A       		.byte	0xa
 807 056c 61       		.byte	0x61
 808 056d A2000000 		.4byte	0xa2
 809 0571 0C       		.byte	0xc
 810 0572 00       		.byte	0
 811 0573 03       		.uleb128 0x3
 812 0574 2C040000 		.4byte	.LASF92
 813 0578 0A       		.byte	0xa
 814 0579 62       		.byte	0x62
 815 057a 3A050000 		.4byte	0x53a
 816 057e 14       		.uleb128 0x14
 817 057f 0804     		.2byte	0x408
 818 0581 0A       		.byte	0xa
 819 0582 67       		.byte	0x67
 820 0583 AC050000 		.4byte	0x5ac
 821 0587 07       		.uleb128 0x7
 822 0588 E3010000 		.4byte	.LASF93
 823 058c 0A       		.byte	0xa
 824 058d 6B       		.byte	0x6b
 825 058e 37000000 		.4byte	0x37
 826 0592 00       		.byte	0
 827 0593 07       		.uleb128 0x7
 828 0594 13000000 		.4byte	.LASF94
 829 0598 0A       		.byte	0xa
 830 0599 6F       		.byte	0x6f
 831 059a AC050000 		.4byte	0x5ac
 832 059e 04       		.byte	0x4
 833 059f 07       		.uleb128 0x7
 834 05a0 97040000 		.4byte	.LASF95
 835 05a4 0A       		.byte	0xa
 836 05a5 73       		.byte	0x73
 837 05a6 B2050000 		.4byte	0x5b2
 838 05aa 08       		.byte	0x8
 839 05ab 00       		.byte	0
 840 05ac 0A       		.uleb128 0xa
 841 05ad 04       		.byte	0x4
 842 05ae 73050000 		.4byte	0x573
 843 05b2 15       		.uleb128 0x15
 844 05b3 73050000 		.4byte	0x573
 845 05b7 C2050000 		.4byte	0x5c2
 846 05bb 16       		.uleb128 0x16
 847 05bc 83040000 		.4byte	0x483
 848 05c0 3F       		.byte	0x3f
 849 05c1 00       		.byte	0
 850 05c2 03       		.uleb128 0x3
ARM GAS  C:\Users\jo\AppData\Local\Temp\ccSXNZv3.s 			page 16


 851 05c3 B6000000 		.4byte	.LASF96
 852 05c7 0A       		.byte	0xa
 853 05c8 74       		.byte	0x74
 854 05c9 7E050000 		.4byte	0x57e
 855 05cd 13       		.uleb128 0x13
 856 05ce 04       		.byte	0x4
 857 05cf 0B       		.byte	0xb
 858 05d0 38       		.byte	0x38
 859 05d1 E2050000 		.4byte	0x5e2
 860 05d5 07       		.uleb128 0x7
 861 05d6 03060000 		.4byte	.LASF97
 862 05da 0B       		.byte	0xb
 863 05db 3C       		.byte	0x3c
 864 05dc D3000000 		.4byte	0xd3
 865 05e0 00       		.byte	0
 866 05e1 00       		.byte	0
 867 05e2 03       		.uleb128 0x3
 868 05e3 55040000 		.4byte	.LASF98
 869 05e7 0B       		.byte	0xb
 870 05e8 3D       		.byte	0x3d
 871 05e9 CD050000 		.4byte	0x5cd
 872 05ed 17       		.uleb128 0x17
 873 05ee 04       		.byte	0x4
 874 05ef 07       		.byte	0x7
 875 05f0 FA       		.byte	0xfa
 876 05f1 4A060000 		.4byte	0x64a
 877 05f5 18       		.uleb128 0x18
 878 05f6 41050000 		.4byte	.LASF99
 879 05fa 07       		.byte	0x7
 880 05fb 0101     		.2byte	0x101
 881 05fd 0A010000 		.4byte	0x10a
 882 0601 18       		.uleb128 0x18
 883 0602 D7000000 		.4byte	.LASF100
 884 0606 07       		.byte	0x7
 885 0607 0801     		.2byte	0x108
 886 0609 0A010000 		.4byte	0x10a
 887 060d 18       		.uleb128 0x18
 888 060e 57060000 		.4byte	.LASF101
 889 0612 07       		.byte	0x7
 890 0613 0F01     		.2byte	0x10f
 891 0615 22030000 		.4byte	0x322
 892 0619 18       		.uleb128 0x18
 893 061a A4010000 		.4byte	.LASF102
 894 061e 07       		.byte	0x7
 895 061f 1601     		.2byte	0x116
 896 0621 4A060000 		.4byte	0x64a
 897 0625 18       		.uleb128 0x18
 898 0626 69020000 		.4byte	.LASF103
 899 062a 07       		.byte	0x7
 900 062b 1E01     		.2byte	0x11e
 901 062d 75060000 		.4byte	0x675
 902 0631 18       		.uleb128 0x18
 903 0632 81050000 		.4byte	.LASF104
 904 0636 07       		.byte	0x7
 905 0637 2701     		.2byte	0x127
 906 0639 AC060000 		.4byte	0x6ac
 907 063d 18       		.uleb128 0x18
ARM GAS  C:\Users\jo\AppData\Local\Temp\ccSXNZv3.s 			page 17


 908 063e 2B050000 		.4byte	.LASF105
 909 0642 07       		.byte	0x7
 910 0643 2F01     		.2byte	0x12f
 911 0645 15010000 		.4byte	0x115
 912 0649 00       		.byte	0
 913 064a 0A       		.uleb128 0xa
 914 064b 04       		.byte	0x4
 915 064c 3A020000 		.4byte	0x23a
 916 0650 06       		.uleb128 0x6
 917 0651 60050000 		.4byte	.LASF106
 918 0655 0C       		.byte	0xc
 919 0656 0C       		.byte	0xc
 920 0657 34       		.byte	0x34
 921 0658 75060000 		.4byte	0x675
 922 065c 07       		.uleb128 0x7
 923 065d DB010000 		.4byte	.LASF107
 924 0661 0C       		.byte	0xc
 925 0662 35       		.byte	0x35
 926 0663 6F020000 		.4byte	0x26f
 927 0667 00       		.byte	0
 928 0668 07       		.uleb128 0x7
 929 0669 F1040000 		.4byte	.LASF108
 930 066d 0C       		.byte	0xc
 931 066e 37       		.byte	0x37
 932 066f 20010000 		.4byte	0x120
 933 0673 08       		.byte	0x8
 934 0674 00       		.byte	0
 935 0675 0A       		.uleb128 0xa
 936 0676 04       		.byte	0x4
 937 0677 50060000 		.4byte	0x650
 938 067b 06       		.uleb128 0x6
 939 067c 31060000 		.4byte	.LASF109
 940 0680 10       		.byte	0x10
 941 0681 0D       		.byte	0xd
 942 0682 39       		.byte	0x39
 943 0683 AC060000 		.4byte	0x6ac
 944 0687 07       		.uleb128 0x7
 945 0688 96010000 		.4byte	.LASF110
 946 068c 0D       		.byte	0xd
 947 068d 3A       		.byte	0x3a
 948 068e 6F020000 		.4byte	0x26f
 949 0692 00       		.byte	0
 950 0693 07       		.uleb128 0x7
 951 0694 98060000 		.4byte	.LASF111
 952 0698 0D       		.byte	0xd
 953 0699 3C       		.byte	0x3c
 954 069a 45020000 		.4byte	0x245
 955 069e 08       		.byte	0x8
 956 069f 07       		.uleb128 0x7
 957 06a0 C9050000 		.4byte	.LASF112
 958 06a4 0D       		.byte	0xd
 959 06a5 3E       		.byte	0x3e
 960 06a6 F0060000 		.4byte	0x6f0
 961 06aa 0C       		.byte	0xc
 962 06ab 00       		.byte	0
 963 06ac 0A       		.uleb128 0xa
 964 06ad 04       		.byte	0x4
ARM GAS  C:\Users\jo\AppData\Local\Temp\ccSXNZv3.s 			page 18


 965 06ae 7B060000 		.4byte	0x67b
 966 06b2 0A       		.uleb128 0xa
 967 06b3 04       		.byte	0x4
 968 06b4 B8060000 		.4byte	0x6b8
 969 06b8 19       		.uleb128 0x19
 970 06b9 BD060000 		.4byte	0x6bd
 971 06bd 04       		.uleb128 0x4
 972 06be 01       		.byte	0x1
 973 06bf 08       		.byte	0x8
 974 06c0 BB050000 		.4byte	.LASF113
 975 06c4 0A       		.uleb128 0xa
 976 06c5 04       		.byte	0x4
 977 06c6 95040000 		.4byte	0x495
 978 06ca 0A       		.uleb128 0xa
 979 06cb 04       		.byte	0x4
 980 06cc 24030000 		.4byte	0x324
 981 06d0 05       		.uleb128 0x5
 982 06d1 B2060000 		.4byte	0x6b2
 983 06d5 15       		.uleb128 0x15
 984 06d6 95040000 		.4byte	0x495
 985 06da E5060000 		.4byte	0x6e5
 986 06de 16       		.uleb128 0x16
 987 06df 83040000 		.4byte	0x483
 988 06e3 1B       		.byte	0x1b
 989 06e4 00       		.byte	0
 990 06e5 03       		.uleb128 0x3
 991 06e6 1C020000 		.4byte	.LASF114
 992 06ea 0D       		.byte	0xd
 993 06eb 34       		.byte	0x34
 994 06ec 7B060000 		.4byte	0x67b
 995 06f0 0A       		.uleb128 0xa
 996 06f1 04       		.byte	0x4
 997 06f2 E5060000 		.4byte	0x6e5
 998 06f6 04       		.uleb128 0x4
 999 06f7 01       		.byte	0x1
 1000 06f8 02       		.byte	0x2
 1001 06f9 D0040000 		.4byte	.LASF115
 1002 06fd 13       		.uleb128 0x13
 1003 06fe 1C       		.byte	0x1c
 1004 06ff 0E       		.byte	0xe
 1005 0700 C1       		.byte	0xc1
 1006 0701 5A070000 		.4byte	0x75a
 1007 0705 07       		.uleb128 0x7
 1008 0706 9E010000 		.4byte	.LASF116
 1009 070a 0E       		.byte	0xe
 1010 070b C3       		.byte	0xc3
 1011 070c B8000000 		.4byte	0xb8
 1012 0710 00       		.byte	0
 1013 0711 07       		.uleb128 0x7
 1014 0712 8D020000 		.4byte	.LASF117
 1015 0716 0E       		.byte	0xe
 1016 0717 C5       		.byte	0xc5
 1017 0718 B8000000 		.4byte	0xb8
 1018 071c 04       		.byte	0x4
 1019 071d 07       		.uleb128 0x7
 1020 071e 7B020000 		.4byte	.LASF118
 1021 0722 0E       		.byte	0xe
ARM GAS  C:\Users\jo\AppData\Local\Temp\ccSXNZv3.s 			page 19


 1022 0723 C7       		.byte	0xc7
 1023 0724 B8000000 		.4byte	0xb8
 1024 0728 08       		.byte	0x8
 1025 0729 07       		.uleb128 0x7
 1026 072a D1000000 		.4byte	.LASF119
 1027 072e 0E       		.byte	0xe
 1028 072f C9       		.byte	0xc9
 1029 0730 B8000000 		.4byte	0xb8
 1030 0734 0C       		.byte	0xc
 1031 0735 12       		.uleb128 0x12
 1032 0736 6F647200 		.ascii	"odr\000"
 1033 073a 0E       		.byte	0xe
 1034 073b CB       		.byte	0xcb
 1035 073c B8000000 		.4byte	0xb8
 1036 0740 10       		.byte	0x10
 1037 0741 07       		.uleb128 0x7
 1038 0742 EC040000 		.4byte	.LASF120
 1039 0746 0E       		.byte	0xe
 1040 0747 CD       		.byte	0xcd
 1041 0748 B8000000 		.4byte	0xb8
 1042 074c 14       		.byte	0x14
 1043 074d 07       		.uleb128 0x7
 1044 074e 66040000 		.4byte	.LASF121
 1045 0752 0E       		.byte	0xe
 1046 0753 CF       		.byte	0xcf
 1047 0754 B8000000 		.4byte	0xb8
 1048 0758 18       		.byte	0x18
 1049 0759 00       		.byte	0
 1050 075a 03       		.uleb128 0x3
 1051 075b 00000000 		.4byte	.LASF122
 1052 075f 0E       		.byte	0xe
 1053 0760 D0       		.byte	0xd0
 1054 0761 FD060000 		.4byte	0x6fd
 1055 0765 13       		.uleb128 0x13
 1056 0766 FC       		.byte	0xfc
 1057 0767 0E       		.byte	0xe
 1058 0768 D9       		.byte	0xd9
 1059 0769 DA070000 		.4byte	0x7da
 1060 076d 07       		.uleb128 0x7
 1061 076e 24050000 		.4byte	.LASF123
 1062 0772 0E       		.byte	0xe
 1063 0773 DC       		.byte	0xdc
 1064 0774 5A070000 		.4byte	0x75a
 1065 0778 00       		.byte	0
 1066 0779 07       		.uleb128 0x7
 1067 077a 24020000 		.4byte	.LASF124
 1068 077e 0E       		.byte	0xe
 1069 077f E0       		.byte	0xe0
 1070 0780 5A070000 		.4byte	0x75a
 1071 0784 1C       		.byte	0x1c
 1072 0785 07       		.uleb128 0x7
 1073 0786 65060000 		.4byte	.LASF125
 1074 078a 0E       		.byte	0xe
 1075 078b E4       		.byte	0xe4
 1076 078c 5A070000 		.4byte	0x75a
 1077 0790 38       		.byte	0x38
 1078 0791 07       		.uleb128 0x7
ARM GAS  C:\Users\jo\AppData\Local\Temp\ccSXNZv3.s 			page 20


 1079 0792 6B040000 		.4byte	.LASF126
 1080 0796 0E       		.byte	0xe
 1081 0797 E8       		.byte	0xe8
 1082 0798 5A070000 		.4byte	0x75a
 1083 079c 54       		.byte	0x54
 1084 079d 07       		.uleb128 0x7
 1085 079e BD010000 		.4byte	.LASF127
 1086 07a2 0E       		.byte	0xe
 1087 07a3 EC       		.byte	0xec
 1088 07a4 5A070000 		.4byte	0x75a
 1089 07a8 70       		.byte	0x70
 1090 07a9 07       		.uleb128 0x7
 1091 07aa B4020000 		.4byte	.LASF128
 1092 07ae 0E       		.byte	0xe
 1093 07af F0       		.byte	0xf0
 1094 07b0 5A070000 		.4byte	0x75a
 1095 07b4 8C       		.byte	0x8c
 1096 07b5 07       		.uleb128 0x7
 1097 07b6 03030000 		.4byte	.LASF129
 1098 07ba 0E       		.byte	0xe
 1099 07bb F4       		.byte	0xf4
 1100 07bc 5A070000 		.4byte	0x75a
 1101 07c0 A8       		.byte	0xa8
 1102 07c1 07       		.uleb128 0x7
 1103 07c2 98000000 		.4byte	.LASF130
 1104 07c6 0E       		.byte	0xe
 1105 07c7 F8       		.byte	0xf8
 1106 07c8 5A070000 		.4byte	0x75a
 1107 07cc C4       		.byte	0xc4
 1108 07cd 07       		.uleb128 0x7
 1109 07ce 48050000 		.4byte	.LASF131
 1110 07d2 0E       		.byte	0xe
 1111 07d3 FC       		.byte	0xfc
 1112 07d4 5A070000 		.4byte	0x75a
 1113 07d8 E0       		.byte	0xe0
 1114 07d9 00       		.byte	0
 1115 07da 03       		.uleb128 0x3
 1116 07db 8E060000 		.4byte	.LASF132
 1117 07df 0E       		.byte	0xe
 1118 07e0 FE       		.byte	0xfe
 1119 07e1 65070000 		.4byte	0x765
 1120 07e5 1A       		.uleb128 0x1a
 1121 07e6 94020000 		.4byte	.LASF138
 1122 07ea 01       		.byte	0x1
 1123 07eb 46       		.byte	0x46
 1124 07ec 00000000 		.4byte	.LFB259
 1125 07f0 04000000 		.4byte	.LFE259-.LFB259
 1126 07f4 01       		.uleb128 0x1
 1127 07f5 9C       		.byte	0x9c
 1128 07f6 04080000 		.4byte	0x804
 1129 07fa 1B       		.uleb128 0x1b
 1130 07fb 04000000 		.4byte	.LVL0
 1131 07ff 42080000 		.4byte	0x842
 1132 0803 00       		.byte	0
 1133 0804 1C       		.uleb128 0x1c
 1134 0805 13050000 		.4byte	.LASF139
 1135 0809 01       		.byte	0x1
ARM GAS  C:\Users\jo\AppData\Local\Temp\ccSXNZv3.s 			page 21


 1136 080a 7B       		.byte	0x7b
 1137 080b 00000000 		.4byte	.LFB260
 1138 080f 02000000 		.4byte	.LFE260-.LFB260
 1139 0813 01       		.uleb128 0x1
 1140 0814 9C       		.byte	0x9c
 1141 0815 1D       		.uleb128 0x1d
 1142 0816 01010000 		.4byte	.LASF133
 1143 081a 0F       		.byte	0xf
 1144 081b A706     		.2byte	0x6a7
 1145 081d CE000000 		.4byte	0xce
 1146 0821 1E       		.uleb128 0x1e
 1147 0822 636800   		.ascii	"ch\000"
 1148 0825 07       		.byte	0x7
 1149 0826 0902     		.2byte	0x209
 1150 0828 19040000 		.4byte	0x419
 1151 082c 1F       		.uleb128 0x1f
 1152 082d A0060000 		.4byte	.LASF134
 1153 0831 01       		.byte	0x1
 1154 0832 19       		.byte	0x19
 1155 0833 3D080000 		.4byte	0x83d
 1156 0837 05       		.uleb128 0x5
 1157 0838 03       		.byte	0x3
 1158 0839 00000000 		.4byte	pal_default_config
 1159 083d 19       		.uleb128 0x19
 1160 083e DA070000 		.4byte	0x7da
 1161 0842 20       		.uleb128 0x20
 1162 0843 0B020000 		.4byte	.LASF140
 1163 0847 10       		.byte	0x10
 1164 0848 1706     		.2byte	0x617
 1165 084a 00       		.byte	0
 1166              		.section	.debug_abbrev,"",%progbits
 1167              	.Ldebug_abbrev0:
 1168 0000 01       		.uleb128 0x1
 1169 0001 11       		.uleb128 0x11
 1170 0002 01       		.byte	0x1
 1171 0003 25       		.uleb128 0x25
 1172 0004 0E       		.uleb128 0xe
 1173 0005 13       		.uleb128 0x13
 1174 0006 0B       		.uleb128 0xb
 1175 0007 03       		.uleb128 0x3
 1176 0008 0E       		.uleb128 0xe
 1177 0009 1B       		.uleb128 0x1b
 1178 000a 0E       		.uleb128 0xe
 1179 000b 55       		.uleb128 0x55
 1180 000c 17       		.uleb128 0x17
 1181 000d 11       		.uleb128 0x11
 1182 000e 01       		.uleb128 0x1
 1183 000f 10       		.uleb128 0x10
 1184 0010 17       		.uleb128 0x17
 1185 0011 00       		.byte	0
 1186 0012 00       		.byte	0
 1187 0013 02       		.uleb128 0x2
 1188 0014 24       		.uleb128 0x24
 1189 0015 00       		.byte	0
 1190 0016 0B       		.uleb128 0xb
 1191 0017 0B       		.uleb128 0xb
 1192 0018 3E       		.uleb128 0x3e
ARM GAS  C:\Users\jo\AppData\Local\Temp\ccSXNZv3.s 			page 22


 1193 0019 0B       		.uleb128 0xb
 1194 001a 03       		.uleb128 0x3
 1195 001b 08       		.uleb128 0x8
 1196 001c 00       		.byte	0
 1197 001d 00       		.byte	0
 1198 001e 03       		.uleb128 0x3
 1199 001f 16       		.uleb128 0x16
 1200 0020 00       		.byte	0
 1201 0021 03       		.uleb128 0x3
 1202 0022 0E       		.uleb128 0xe
 1203 0023 3A       		.uleb128 0x3a
 1204 0024 0B       		.uleb128 0xb
 1205 0025 3B       		.uleb128 0x3b
 1206 0026 0B       		.uleb128 0xb
 1207 0027 49       		.uleb128 0x49
 1208 0028 13       		.uleb128 0x13
 1209 0029 00       		.byte	0
 1210 002a 00       		.byte	0
 1211 002b 04       		.uleb128 0x4
 1212 002c 24       		.uleb128 0x24
 1213 002d 00       		.byte	0
 1214 002e 0B       		.uleb128 0xb
 1215 002f 0B       		.uleb128 0xb
 1216 0030 3E       		.uleb128 0x3e
 1217 0031 0B       		.uleb128 0xb
 1218 0032 03       		.uleb128 0x3
 1219 0033 0E       		.uleb128 0xe
 1220 0034 00       		.byte	0
 1221 0035 00       		.byte	0
 1222 0036 05       		.uleb128 0x5
 1223 0037 35       		.uleb128 0x35
 1224 0038 00       		.byte	0
 1225 0039 49       		.uleb128 0x49
 1226 003a 13       		.uleb128 0x13
 1227 003b 00       		.byte	0
 1228 003c 00       		.byte	0
 1229 003d 06       		.uleb128 0x6
 1230 003e 13       		.uleb128 0x13
 1231 003f 01       		.byte	0x1
 1232 0040 03       		.uleb128 0x3
 1233 0041 0E       		.uleb128 0xe
 1234 0042 0B       		.uleb128 0xb
 1235 0043 0B       		.uleb128 0xb
 1236 0044 3A       		.uleb128 0x3a
 1237 0045 0B       		.uleb128 0xb
 1238 0046 3B       		.uleb128 0x3b
 1239 0047 0B       		.uleb128 0xb
 1240 0048 01       		.uleb128 0x1
 1241 0049 13       		.uleb128 0x13
 1242 004a 00       		.byte	0
 1243 004b 00       		.byte	0
 1244 004c 07       		.uleb128 0x7
 1245 004d 0D       		.uleb128 0xd
 1246 004e 00       		.byte	0
 1247 004f 03       		.uleb128 0x3
 1248 0050 0E       		.uleb128 0xe
 1249 0051 3A       		.uleb128 0x3a
ARM GAS  C:\Users\jo\AppData\Local\Temp\ccSXNZv3.s 			page 23


 1250 0052 0B       		.uleb128 0xb
 1251 0053 3B       		.uleb128 0x3b
 1252 0054 0B       		.uleb128 0xb
 1253 0055 49       		.uleb128 0x49
 1254 0056 13       		.uleb128 0x13
 1255 0057 38       		.uleb128 0x38
 1256 0058 0B       		.uleb128 0xb
 1257 0059 00       		.byte	0
 1258 005a 00       		.byte	0
 1259 005b 08       		.uleb128 0x8
 1260 005c 0D       		.uleb128 0xd
 1261 005d 00       		.byte	0
 1262 005e 03       		.uleb128 0x3
 1263 005f 08       		.uleb128 0x8
 1264 0060 3A       		.uleb128 0x3a
 1265 0061 0B       		.uleb128 0xb
 1266 0062 3B       		.uleb128 0x3b
 1267 0063 05       		.uleb128 0x5
 1268 0064 49       		.uleb128 0x49
 1269 0065 13       		.uleb128 0x13
 1270 0066 38       		.uleb128 0x38
 1271 0067 0B       		.uleb128 0xb
 1272 0068 00       		.byte	0
 1273 0069 00       		.byte	0
 1274 006a 09       		.uleb128 0x9
 1275 006b 0D       		.uleb128 0xd
 1276 006c 00       		.byte	0
 1277 006d 03       		.uleb128 0x3
 1278 006e 0E       		.uleb128 0xe
 1279 006f 3A       		.uleb128 0x3a
 1280 0070 0B       		.uleb128 0xb
 1281 0071 3B       		.uleb128 0x3b
 1282 0072 05       		.uleb128 0x5
 1283 0073 49       		.uleb128 0x49
 1284 0074 13       		.uleb128 0x13
 1285 0075 38       		.uleb128 0x38
 1286 0076 0B       		.uleb128 0xb
 1287 0077 00       		.byte	0
 1288 0078 00       		.byte	0
 1289 0079 0A       		.uleb128 0xa
 1290 007a 0F       		.uleb128 0xf
 1291 007b 00       		.byte	0
 1292 007c 0B       		.uleb128 0xb
 1293 007d 0B       		.uleb128 0xb
 1294 007e 49       		.uleb128 0x49
 1295 007f 13       		.uleb128 0x13
 1296 0080 00       		.byte	0
 1297 0081 00       		.byte	0
 1298 0082 0B       		.uleb128 0xb
 1299 0083 13       		.uleb128 0x13
 1300 0084 01       		.byte	0x1
 1301 0085 03       		.uleb128 0x3
 1302 0086 0E       		.uleb128 0xe
 1303 0087 0B       		.uleb128 0xb
 1304 0088 0B       		.uleb128 0xb
 1305 0089 3A       		.uleb128 0x3a
 1306 008a 0B       		.uleb128 0xb
ARM GAS  C:\Users\jo\AppData\Local\Temp\ccSXNZv3.s 			page 24


 1307 008b 3B       		.uleb128 0x3b
 1308 008c 05       		.uleb128 0x5
 1309 008d 01       		.uleb128 0x1
 1310 008e 13       		.uleb128 0x13
 1311 008f 00       		.byte	0
 1312 0090 00       		.byte	0
 1313 0091 0C       		.uleb128 0xc
 1314 0092 15       		.uleb128 0x15
 1315 0093 01       		.byte	0x1
 1316 0094 27       		.uleb128 0x27
 1317 0095 19       		.uleb128 0x19
 1318 0096 01       		.uleb128 0x1
 1319 0097 13       		.uleb128 0x13
 1320 0098 00       		.byte	0
 1321 0099 00       		.byte	0
 1322 009a 0D       		.uleb128 0xd
 1323 009b 05       		.uleb128 0x5
 1324 009c 00       		.byte	0
 1325 009d 49       		.uleb128 0x49
 1326 009e 13       		.uleb128 0x13
 1327 009f 00       		.byte	0
 1328 00a0 00       		.byte	0
 1329 00a1 0E       		.uleb128 0xe
 1330 00a2 0F       		.uleb128 0xf
 1331 00a3 00       		.byte	0
 1332 00a4 0B       		.uleb128 0xb
 1333 00a5 0B       		.uleb128 0xb
 1334 00a6 00       		.byte	0
 1335 00a7 00       		.byte	0
 1336 00a8 0F       		.uleb128 0xf
 1337 00a9 13       		.uleb128 0x13
 1338 00aa 01       		.byte	0x1
 1339 00ab 03       		.uleb128 0x3
 1340 00ac 0E       		.uleb128 0xe
 1341 00ad 0B       		.uleb128 0xb
 1342 00ae 05       		.uleb128 0x5
 1343 00af 3A       		.uleb128 0x3a
 1344 00b0 0B       		.uleb128 0xb
 1345 00b1 3B       		.uleb128 0x3b
 1346 00b2 05       		.uleb128 0x5
 1347 00b3 01       		.uleb128 0x1
 1348 00b4 13       		.uleb128 0x13
 1349 00b5 00       		.byte	0
 1350 00b6 00       		.byte	0
 1351 00b7 10       		.uleb128 0x10
 1352 00b8 0D       		.uleb128 0xd
 1353 00b9 00       		.byte	0
 1354 00ba 03       		.uleb128 0x3
 1355 00bb 0E       		.uleb128 0xe
 1356 00bc 3A       		.uleb128 0x3a
 1357 00bd 0B       		.uleb128 0xb
 1358 00be 3B       		.uleb128 0x3b
 1359 00bf 05       		.uleb128 0x5
 1360 00c0 49       		.uleb128 0x49
 1361 00c1 13       		.uleb128 0x13
 1362 00c2 38       		.uleb128 0x38
 1363 00c3 05       		.uleb128 0x5
ARM GAS  C:\Users\jo\AppData\Local\Temp\ccSXNZv3.s 			page 25


 1364 00c4 00       		.byte	0
 1365 00c5 00       		.byte	0
 1366 00c6 11       		.uleb128 0x11
 1367 00c7 0D       		.uleb128 0xd
 1368 00c8 00       		.byte	0
 1369 00c9 03       		.uleb128 0x3
 1370 00ca 08       		.uleb128 0x8
 1371 00cb 3A       		.uleb128 0x3a
 1372 00cc 0B       		.uleb128 0xb
 1373 00cd 3B       		.uleb128 0x3b
 1374 00ce 05       		.uleb128 0x5
 1375 00cf 49       		.uleb128 0x49
 1376 00d0 13       		.uleb128 0x13
 1377 00d1 38       		.uleb128 0x38
 1378 00d2 05       		.uleb128 0x5
 1379 00d3 00       		.byte	0
 1380 00d4 00       		.byte	0
 1381 00d5 12       		.uleb128 0x12
 1382 00d6 0D       		.uleb128 0xd
 1383 00d7 00       		.byte	0
 1384 00d8 03       		.uleb128 0x3
 1385 00d9 08       		.uleb128 0x8
 1386 00da 3A       		.uleb128 0x3a
 1387 00db 0B       		.uleb128 0xb
 1388 00dc 3B       		.uleb128 0x3b
 1389 00dd 0B       		.uleb128 0xb
 1390 00de 49       		.uleb128 0x49
 1391 00df 13       		.uleb128 0x13
 1392 00e0 38       		.uleb128 0x38
 1393 00e1 0B       		.uleb128 0xb
 1394 00e2 00       		.byte	0
 1395 00e3 00       		.byte	0
 1396 00e4 13       		.uleb128 0x13
 1397 00e5 13       		.uleb128 0x13
 1398 00e6 01       		.byte	0x1
 1399 00e7 0B       		.uleb128 0xb
 1400 00e8 0B       		.uleb128 0xb
 1401 00e9 3A       		.uleb128 0x3a
 1402 00ea 0B       		.uleb128 0xb
 1403 00eb 3B       		.uleb128 0x3b
 1404 00ec 0B       		.uleb128 0xb
 1405 00ed 01       		.uleb128 0x1
 1406 00ee 13       		.uleb128 0x13
 1407 00ef 00       		.byte	0
 1408 00f0 00       		.byte	0
 1409 00f1 14       		.uleb128 0x14
 1410 00f2 13       		.uleb128 0x13
 1411 00f3 01       		.byte	0x1
 1412 00f4 0B       		.uleb128 0xb
 1413 00f5 05       		.uleb128 0x5
 1414 00f6 3A       		.uleb128 0x3a
 1415 00f7 0B       		.uleb128 0xb
 1416 00f8 3B       		.uleb128 0x3b
 1417 00f9 0B       		.uleb128 0xb
 1418 00fa 01       		.uleb128 0x1
 1419 00fb 13       		.uleb128 0x13
 1420 00fc 00       		.byte	0
ARM GAS  C:\Users\jo\AppData\Local\Temp\ccSXNZv3.s 			page 26


 1421 00fd 00       		.byte	0
 1422 00fe 15       		.uleb128 0x15
 1423 00ff 01       		.uleb128 0x1
 1424 0100 01       		.byte	0x1
 1425 0101 49       		.uleb128 0x49
 1426 0102 13       		.uleb128 0x13
 1427 0103 01       		.uleb128 0x1
 1428 0104 13       		.uleb128 0x13
 1429 0105 00       		.byte	0
 1430 0106 00       		.byte	0
 1431 0107 16       		.uleb128 0x16
 1432 0108 21       		.uleb128 0x21
 1433 0109 00       		.byte	0
 1434 010a 49       		.uleb128 0x49
 1435 010b 13       		.uleb128 0x13
 1436 010c 2F       		.uleb128 0x2f
 1437 010d 0B       		.uleb128 0xb
 1438 010e 00       		.byte	0
 1439 010f 00       		.byte	0
 1440 0110 17       		.uleb128 0x17
 1441 0111 17       		.uleb128 0x17
 1442 0112 01       		.byte	0x1
 1443 0113 0B       		.uleb128 0xb
 1444 0114 0B       		.uleb128 0xb
 1445 0115 3A       		.uleb128 0x3a
 1446 0116 0B       		.uleb128 0xb
 1447 0117 3B       		.uleb128 0x3b
 1448 0118 0B       		.uleb128 0xb
 1449 0119 01       		.uleb128 0x1
 1450 011a 13       		.uleb128 0x13
 1451 011b 00       		.byte	0
 1452 011c 00       		.byte	0
 1453 011d 18       		.uleb128 0x18
 1454 011e 0D       		.uleb128 0xd
 1455 011f 00       		.byte	0
 1456 0120 03       		.uleb128 0x3
 1457 0121 0E       		.uleb128 0xe
 1458 0122 3A       		.uleb128 0x3a
 1459 0123 0B       		.uleb128 0xb
 1460 0124 3B       		.uleb128 0x3b
 1461 0125 05       		.uleb128 0x5
 1462 0126 49       		.uleb128 0x49
 1463 0127 13       		.uleb128 0x13
 1464 0128 00       		.byte	0
 1465 0129 00       		.byte	0
 1466 012a 19       		.uleb128 0x19
 1467 012b 26       		.uleb128 0x26
 1468 012c 00       		.byte	0
 1469 012d 49       		.uleb128 0x49
 1470 012e 13       		.uleb128 0x13
 1471 012f 00       		.byte	0
 1472 0130 00       		.byte	0
 1473 0131 1A       		.uleb128 0x1a
 1474 0132 2E       		.uleb128 0x2e
 1475 0133 01       		.byte	0x1
 1476 0134 3F       		.uleb128 0x3f
 1477 0135 19       		.uleb128 0x19
ARM GAS  C:\Users\jo\AppData\Local\Temp\ccSXNZv3.s 			page 27


 1478 0136 03       		.uleb128 0x3
 1479 0137 0E       		.uleb128 0xe
 1480 0138 3A       		.uleb128 0x3a
 1481 0139 0B       		.uleb128 0xb
 1482 013a 3B       		.uleb128 0x3b
 1483 013b 0B       		.uleb128 0xb
 1484 013c 27       		.uleb128 0x27
 1485 013d 19       		.uleb128 0x19
 1486 013e 11       		.uleb128 0x11
 1487 013f 01       		.uleb128 0x1
 1488 0140 12       		.uleb128 0x12
 1489 0141 06       		.uleb128 0x6
 1490 0142 40       		.uleb128 0x40
 1491 0143 18       		.uleb128 0x18
 1492 0144 9742     		.uleb128 0x2117
 1493 0146 19       		.uleb128 0x19
 1494 0147 01       		.uleb128 0x1
 1495 0148 13       		.uleb128 0x13
 1496 0149 00       		.byte	0
 1497 014a 00       		.byte	0
 1498 014b 1B       		.uleb128 0x1b
 1499 014c 898201   		.uleb128 0x4109
 1500 014f 00       		.byte	0
 1501 0150 11       		.uleb128 0x11
 1502 0151 01       		.uleb128 0x1
 1503 0152 9542     		.uleb128 0x2115
 1504 0154 19       		.uleb128 0x19
 1505 0155 31       		.uleb128 0x31
 1506 0156 13       		.uleb128 0x13
 1507 0157 00       		.byte	0
 1508 0158 00       		.byte	0
 1509 0159 1C       		.uleb128 0x1c
 1510 015a 2E       		.uleb128 0x2e
 1511 015b 00       		.byte	0
 1512 015c 3F       		.uleb128 0x3f
 1513 015d 19       		.uleb128 0x19
 1514 015e 03       		.uleb128 0x3
 1515 015f 0E       		.uleb128 0xe
 1516 0160 3A       		.uleb128 0x3a
 1517 0161 0B       		.uleb128 0xb
 1518 0162 3B       		.uleb128 0x3b
 1519 0163 0B       		.uleb128 0xb
 1520 0164 27       		.uleb128 0x27
 1521 0165 19       		.uleb128 0x19
 1522 0166 11       		.uleb128 0x11
 1523 0167 01       		.uleb128 0x1
 1524 0168 12       		.uleb128 0x12
 1525 0169 06       		.uleb128 0x6
 1526 016a 40       		.uleb128 0x40
 1527 016b 18       		.uleb128 0x18
 1528 016c 9742     		.uleb128 0x2117
 1529 016e 19       		.uleb128 0x19
 1530 016f 00       		.byte	0
 1531 0170 00       		.byte	0
 1532 0171 1D       		.uleb128 0x1d
 1533 0172 34       		.uleb128 0x34
 1534 0173 00       		.byte	0
ARM GAS  C:\Users\jo\AppData\Local\Temp\ccSXNZv3.s 			page 28


 1535 0174 03       		.uleb128 0x3
 1536 0175 0E       		.uleb128 0xe
 1537 0176 3A       		.uleb128 0x3a
 1538 0177 0B       		.uleb128 0xb
 1539 0178 3B       		.uleb128 0x3b
 1540 0179 05       		.uleb128 0x5
 1541 017a 49       		.uleb128 0x49
 1542 017b 13       		.uleb128 0x13
 1543 017c 3F       		.uleb128 0x3f
 1544 017d 19       		.uleb128 0x19
 1545 017e 3C       		.uleb128 0x3c
 1546 017f 19       		.uleb128 0x19
 1547 0180 00       		.byte	0
 1548 0181 00       		.byte	0
 1549 0182 1E       		.uleb128 0x1e
 1550 0183 34       		.uleb128 0x34
 1551 0184 00       		.byte	0
 1552 0185 03       		.uleb128 0x3
 1553 0186 08       		.uleb128 0x8
 1554 0187 3A       		.uleb128 0x3a
 1555 0188 0B       		.uleb128 0xb
 1556 0189 3B       		.uleb128 0x3b
 1557 018a 05       		.uleb128 0x5
 1558 018b 49       		.uleb128 0x49
 1559 018c 13       		.uleb128 0x13
 1560 018d 3F       		.uleb128 0x3f
 1561 018e 19       		.uleb128 0x19
 1562 018f 3C       		.uleb128 0x3c
 1563 0190 19       		.uleb128 0x19
 1564 0191 00       		.byte	0
 1565 0192 00       		.byte	0
 1566 0193 1F       		.uleb128 0x1f
 1567 0194 34       		.uleb128 0x34
 1568 0195 00       		.byte	0
 1569 0196 03       		.uleb128 0x3
 1570 0197 0E       		.uleb128 0xe
 1571 0198 3A       		.uleb128 0x3a
 1572 0199 0B       		.uleb128 0xb
 1573 019a 3B       		.uleb128 0x3b
 1574 019b 0B       		.uleb128 0xb
 1575 019c 49       		.uleb128 0x49
 1576 019d 13       		.uleb128 0x13
 1577 019e 3F       		.uleb128 0x3f
 1578 019f 19       		.uleb128 0x19
 1579 01a0 02       		.uleb128 0x2
 1580 01a1 18       		.uleb128 0x18
 1581 01a2 00       		.byte	0
 1582 01a3 00       		.byte	0
 1583 01a4 20       		.uleb128 0x20
 1584 01a5 2E       		.uleb128 0x2e
 1585 01a6 00       		.byte	0
 1586 01a7 3F       		.uleb128 0x3f
 1587 01a8 19       		.uleb128 0x19
 1588 01a9 03       		.uleb128 0x3
 1589 01aa 0E       		.uleb128 0xe
 1590 01ab 3A       		.uleb128 0x3a
 1591 01ac 0B       		.uleb128 0xb
ARM GAS  C:\Users\jo\AppData\Local\Temp\ccSXNZv3.s 			page 29


 1592 01ad 3B       		.uleb128 0x3b
 1593 01ae 05       		.uleb128 0x5
 1594 01af 27       		.uleb128 0x27
 1595 01b0 19       		.uleb128 0x19
 1596 01b1 3C       		.uleb128 0x3c
 1597 01b2 19       		.uleb128 0x19
 1598 01b3 00       		.byte	0
 1599 01b4 00       		.byte	0
 1600 01b5 00       		.byte	0
 1601              		.section	.debug_aranges,"",%progbits
 1602 0000 24000000 		.4byte	0x24
 1603 0004 0200     		.2byte	0x2
 1604 0006 00000000 		.4byte	.Ldebug_info0
 1605 000a 04       		.byte	0x4
 1606 000b 00       		.byte	0
 1607 000c 0000     		.2byte	0
 1608 000e 0000     		.2byte	0
 1609 0010 00000000 		.4byte	.LFB259
 1610 0014 04000000 		.4byte	.LFE259-.LFB259
 1611 0018 00000000 		.4byte	.LFB260
 1612 001c 02000000 		.4byte	.LFE260-.LFB260
 1613 0020 00000000 		.4byte	0
 1614 0024 00000000 		.4byte	0
 1615              		.section	.debug_ranges,"",%progbits
 1616              	.Ldebug_ranges0:
 1617 0000 00000000 		.4byte	.LFB259
 1618 0004 04000000 		.4byte	.LFE259
 1619 0008 00000000 		.4byte	.LFB260
 1620 000c 02000000 		.4byte	.LFE260
 1621 0010 00000000 		.4byte	0
 1622 0014 00000000 		.4byte	0
 1623              		.section	.debug_line,"",%progbits
 1624              	.Ldebug_line0:
 1625 0000 F0020000 		.section	.debug_str,"MS",%progbits,1
 1625      0200C902 
 1625      00000201 
 1625      FB0E0D00 
 1625      01010101 
 1626              	.LASF122:
 1627 0000 73746D33 		.ascii	"stm32_gpio_setup_t\000"
 1627      325F6770 
 1627      696F5F73 
 1627      65747570 
 1627      5F7400
 1628              	.LASF94:
 1629 0013 74625F70 		.ascii	"tb_ptr\000"
 1629      747200
 1630              	.LASF52:
 1631 001a 72656164 		.ascii	"ready_list_t\000"
 1631      795F6C69 
 1631      73745F74 
 1631      00
 1632              	.LASF88:
 1633 0027 73655F74 		.ascii	"se_time\000"
 1633      696D6500 
 1634              	.LASF2:
 1635 002f 73697A65 		.ascii	"size_t\000"
ARM GAS  C:\Users\jo\AppData\Local\Temp\ccSXNZv3.s 			page 30


 1635      5F7400
 1636              	.LASF136:
 1637 0036 2E2E2F2E 		.ascii	"../../../os/hal/boards/ST_STM32F4_DISCOVERY/board.c"
 1637      2E2F2E2E 
 1637      2F6F732F 
 1637      68616C2F 
 1637      626F6172 
 1638 0069 00       		.ascii	"\000"
 1639              	.LASF17:
 1640 006a 75696E74 		.ascii	"uint64_t\000"
 1640      36345F74 
 1640      00
 1641              	.LASF3:
 1642 0073 5F5F7569 		.ascii	"__uint8_t\000"
 1642      6E74385F 
 1642      7400
 1643              	.LASF87:
 1644 007d 706F7274 		.ascii	"port_intctx\000"
 1644      5F696E74 
 1644      63747800 
 1645              	.LASF71:
 1646 0089 73797374 		.ascii	"system_debug_t\000"
 1646      656D5F64 
 1646      65627567 
 1646      5F7400
 1647              	.LASF130:
 1648 0098 50484461 		.ascii	"PHData\000"
 1648      746100
 1649              	.LASF13:
 1650 009f 6C6F6E67 		.ascii	"long long unsigned int\000"
 1650      206C6F6E 
 1650      6720756E 
 1650      7369676E 
 1650      65642069 
 1651              	.LASF96:
 1652 00b6 63685F74 		.ascii	"ch_trace_buffer_t\000"
 1652      72616365 
 1652      5F627566 
 1652      6665725F 
 1652      7400
 1653              	.LASF91:
 1654 00c8 73655F73 		.ascii	"se_state\000"
 1654      74617465 
 1654      00
 1655              	.LASF119:
 1656 00d1 70757064 		.ascii	"pupdr\000"
 1656      7200
 1657              	.LASF100:
 1658 00d7 65786974 		.ascii	"exitcode\000"
 1658      636F6465 
 1658      00
 1659              	.LASF81:
 1660 00e0 6D61696E 		.ascii	"mainthread\000"
 1660      74687265 
 1660      616400
 1661              	.LASF68:
 1662 00eb 76697274 		.ascii	"virtual_timers_list_t\000"
ARM GAS  C:\Users\jo\AppData\Local\Temp\ccSXNZv3.s 			page 31


 1662      75616C5F 
 1662      74696D65 
 1662      72735F6C 
 1662      6973745F 
 1663              	.LASF133:
 1664 0101 49544D5F 		.ascii	"ITM_RxBuffer\000"
 1664      52784275 
 1664      66666572 
 1664      00
 1665              	.LASF51:
 1666 010e 63685F74 		.ascii	"ch_threads_queue\000"
 1666      68726561 
 1666      64735F71 
 1666      75657565 
 1666      00
 1667              	.LASF30:
 1668 011f 705F7072 		.ascii	"p_prio\000"
 1668      696F00
 1669              	.LASF137:
 1670 0126 433A5C55 		.ascii	"C:\\Users\\jo\\Documents\\GitHub\\ChibiOS\\demos\\S"
 1670      73657273 
 1670      5C6A6F5C 
 1670      446F6375 
 1670      6D656E74 
 1671 0152 544D3332 		.ascii	"TM32\\RT-STM32F407-DISCOVERY-uHttp\000"
 1671      5C52542D 
 1671      53544D33 
 1671      32463430 
 1671      372D4449 
 1672              	.LASF11:
 1673 0174 6C6F6E67 		.ascii	"long long int\000"
 1673      206C6F6E 
 1673      6720696E 
 1673      7400
 1674              	.LASF1:
 1675 0182 7369676E 		.ascii	"signed char\000"
 1675      65642063 
 1675      68617200 
 1676              	.LASF45:
 1677 018e 705F6D70 		.ascii	"p_mpool\000"
 1677      6F6F6C00 
 1678              	.LASF110:
 1679 0196 6D5F7175 		.ascii	"m_queue\000"
 1679      65756500 
 1680              	.LASF116:
 1681 019e 6D6F6465 		.ascii	"moder\000"
 1681      7200
 1682              	.LASF102:
 1683 01a4 77747472 		.ascii	"wttrp\000"
 1683      7000
 1684              	.LASF78:
 1685 01aa 63685F73 		.ascii	"ch_system\000"
 1685      79737465 
 1685      6D00
 1686              	.LASF8:
 1687 01b4 6C6F6E67 		.ascii	"long int\000"
 1687      20696E74 
ARM GAS  C:\Users\jo\AppData\Local\Temp\ccSXNZv3.s 			page 32


 1687      00
 1688              	.LASF127:
 1689 01bd 50454461 		.ascii	"PEData\000"
 1689      746100
 1690              	.LASF20:
 1691 01c4 74737461 		.ascii	"tstate_t\000"
 1691      74655F74 
 1691      00
 1692              	.LASF89:
 1693 01cd 73655F74 		.ascii	"se_tp\000"
 1693      7000
 1694              	.LASF32:
 1695 01d3 705F6E65 		.ascii	"p_newer\000"
 1695      77657200 
 1696              	.LASF107:
 1697 01db 735F7175 		.ascii	"s_queue\000"
 1697      65756500 
 1698              	.LASF93:
 1699 01e3 74625F73 		.ascii	"tb_size\000"
 1699      697A6500 
 1700              	.LASF57:
 1701 01eb 725F6E65 		.ascii	"r_newer\000"
 1701      77657200 
 1702              	.LASF84:
 1703 01f3 72656761 		.ascii	"regarm_t\000"
 1703      726D5F74 
 1703      00
 1704              	.LASF64:
 1705 01fc 76745F70 		.ascii	"vt_prev\000"
 1705      72657600 
 1706              	.LASF80:
 1707 0204 76746C69 		.ascii	"vtlist\000"
 1707      737400
 1708              	.LASF140:
 1709 020b 73746D33 		.ascii	"stm32_clock_init\000"
 1709      325F636C 
 1709      6F636B5F 
 1709      696E6974 
 1709      00
 1710              	.LASF114:
 1711 021c 6D757465 		.ascii	"mutex_t\000"
 1711      785F7400 
 1712              	.LASF124:
 1713 0224 50424461 		.ascii	"PBData\000"
 1713      746100
 1714              	.LASF75:
 1715 022b 6C6F636B 		.ascii	"lock_cnt\000"
 1715      5F636E74 
 1715      00
 1716              	.LASF82:
 1717 0234 69646C65 		.ascii	"idle_thread_wa\000"
 1717      5F746872 
 1717      6561645F 
 1717      776100
 1718              	.LASF25:
 1719 0243 636E745F 		.ascii	"cnt_t\000"
 1719      7400
ARM GAS  C:\Users\jo\AppData\Local\Temp\ccSXNZv3.s 			page 33


 1720              	.LASF35:
 1721 0249 705F7374 		.ascii	"p_stklimit\000"
 1721      6B6C696D 
 1721      697400
 1722              	.LASF0:
 1723 0254 756E7369 		.ascii	"unsigned int\000"
 1723      676E6564 
 1723      20696E74 
 1723      00
 1724              	.LASF63:
 1725 0261 76745F6E 		.ascii	"vt_next\000"
 1725      65787400 
 1726              	.LASF103:
 1727 0269 77747365 		.ascii	"wtsemp\000"
 1727      6D7000
 1728              	.LASF40:
 1729 0270 705F6D73 		.ascii	"p_msgqueue\000"
 1729      67717565 
 1729      756500
 1730              	.LASF118:
 1731 027b 6F737065 		.ascii	"ospeedr\000"
 1731      65647200 
 1732              	.LASF90:
 1733 0283 73655F77 		.ascii	"se_wtobjp\000"
 1733      746F626A 
 1733      7000
 1734              	.LASF117:
 1735 028d 6F747970 		.ascii	"otyper\000"
 1735      657200
 1736              	.LASF138:
 1737 0294 5F5F6561 		.ascii	"__early_init\000"
 1737      726C795F 
 1737      696E6974 
 1737      00
 1738              	.LASF6:
 1739 02a1 73686F72 		.ascii	"short unsigned int\000"
 1739      7420756E 
 1739      7369676E 
 1739      65642069 
 1739      6E7400
 1740              	.LASF128:
 1741 02b4 50464461 		.ascii	"PFData\000"
 1741      746100
 1742              	.LASF48:
 1743 02bb 63685F74 		.ascii	"ch_thread\000"
 1743      68726561 
 1743      6400
 1744              	.LASF23:
 1745 02c5 6D73675F 		.ascii	"msg_t\000"
 1745      7400
 1746              	.LASF77:
 1747 02cb 63685F73 		.ascii	"ch_system_t\000"
 1747      79737465 
 1747      6D5F7400 
 1748              	.LASF19:
 1749 02d7 746D6F64 		.ascii	"tmode_t\000"
 1749      655F7400 
ARM GAS  C:\Users\jo\AppData\Local\Temp\ccSXNZv3.s 			page 34


 1750              	.LASF53:
 1751 02df 63685F72 		.ascii	"ch_ready_list\000"
 1751      65616479 
 1751      5F6C6973 
 1751      7400
 1752              	.LASF24:
 1753 02ed 6576656E 		.ascii	"eventmask_t\000"
 1753      746D6173 
 1753      6B5F7400 
 1754              	.LASF7:
 1755 02f9 5F5F696E 		.ascii	"__int32_t\000"
 1755      7433325F 
 1755      7400
 1756              	.LASF129:
 1757 0303 50474461 		.ascii	"PGData\000"
 1757      746100
 1758              	.LASF135:
 1759 030a 474E5520 		.ascii	"GNU C 4.9.3 20141119 (release) [ARM/embedded-4_9-br"
 1759      4320342E 
 1759      392E3320 
 1759      32303134 
 1759      31313139 
 1760 033d 616E6368 		.ascii	"anch revision 218278] -mcpu=cortex-m4 -mno-thumb-in"
 1760      20726576 
 1760      6973696F 
 1760      6E203231 
 1760      38323738 
 1761 0370 74657277 		.ascii	"terwork -mthumb -ggdb -O2 -fomit-frame-pointer -fal"
 1761      6F726B20 
 1761      2D6D7468 
 1761      756D6220 
 1761      2D676764 
 1762 03a3 69676E2D 		.ascii	"ign-functions=16 -ffunction-sections -fdata-section"
 1762      66756E63 
 1762      74696F6E 
 1762      733D3136 
 1762      202D6666 
 1763 03d6 73202D66 		.ascii	"s -fno-common\000"
 1763      6E6F2D63 
 1763      6F6D6D6F 
 1763      6E00
 1764              	.LASF85:
 1765 03e4 73746B61 		.ascii	"stkalign_t\000"
 1765      6C69676E 
 1765      5F7400
 1766              	.LASF39:
 1767 03ef 705F7761 		.ascii	"p_waiting\000"
 1767      6974696E 
 1767      6700
 1768              	.LASF83:
 1769 03f9 73697A65 		.ascii	"sizetype\000"
 1769      74797065 
 1769      00
 1770              	.LASF46:
 1771 0402 74687265 		.ascii	"thread_reference_t\000"
 1771      61645F72 
 1771      65666572 
ARM GAS  C:\Users\jo\AppData\Local\Temp\ccSXNZv3.s 			page 35


 1771      656E6365 
 1771      5F7400
 1772              	.LASF69:
 1773 0415 63685F76 		.ascii	"ch_virtual_timers_list\000"
 1773      69727475 
 1773      616C5F74 
 1773      696D6572 
 1773      735F6C69 
 1774              	.LASF92:
 1775 042c 63685F73 		.ascii	"ch_swc_event_t\000"
 1775      77635F65 
 1775      76656E74 
 1775      5F7400
 1776              	.LASF70:
 1777 043b 76745F6C 		.ascii	"vt_lasttime\000"
 1777      61737474 
 1777      696D6500 
 1778              	.LASF33:
 1779 0447 705F6F6C 		.ascii	"p_older\000"
 1779      64657200 
 1780              	.LASF56:
 1781 044f 725F6374 		.ascii	"r_ctx\000"
 1781      7800
 1782              	.LASF98:
 1783 0455 746D5F63 		.ascii	"tm_calibration_t\000"
 1783      616C6962 
 1783      72617469 
 1783      6F6E5F74 
 1783      00
 1784              	.LASF121:
 1785 0466 61667268 		.ascii	"afrh\000"
 1785      00
 1786              	.LASF126:
 1787 046b 50444461 		.ascii	"PDData\000"
 1787      746100
 1788              	.LASF59:
 1789 0472 725F6375 		.ascii	"r_current\000"
 1789      7272656E 
 1789      7400
 1790              	.LASF58:
 1791 047c 725F6F6C 		.ascii	"r_older\000"
 1791      64657200 
 1792              	.LASF12:
 1793 0484 5F5F7569 		.ascii	"__uint64_t\000"
 1793      6E743634 
 1793      5F7400
 1794              	.LASF21:
 1795 048f 74726566 		.ascii	"trefs_t\000"
 1795      735F7400 
 1796              	.LASF95:
 1797 0497 74625F62 		.ascii	"tb_buffer\000"
 1797      75666665 
 1797      7200
 1798              	.LASF61:
 1799 04a1 76697274 		.ascii	"virtual_timer_t\000"
 1799      75616C5F 
 1799      74696D65 
ARM GAS  C:\Users\jo\AppData\Local\Temp\ccSXNZv3.s 			page 36


 1799      725F7400 
 1800              	.LASF29:
 1801 04b1 705F7072 		.ascii	"p_prev\000"
 1801      657600
 1802              	.LASF22:
 1803 04b8 74707269 		.ascii	"tprio_t\000"
 1803      6F5F7400 
 1804              	.LASF72:
 1805 04c0 63685F73 		.ascii	"ch_system_debug\000"
 1805      79737465 
 1805      6D5F6465 
 1805      62756700 
 1806              	.LASF115:
 1807 04d0 5F426F6F 		.ascii	"_Bool\000"
 1807      6C00
 1808              	.LASF15:
 1809 04d6 696E7433 		.ascii	"int32_t\000"
 1809      325F7400 
 1810              	.LASF4:
 1811 04de 756E7369 		.ascii	"unsigned char\000"
 1811      676E6564 
 1811      20636861 
 1811      7200
 1812              	.LASF120:
 1813 04ec 6166726C 		.ascii	"afrl\000"
 1813      00
 1814              	.LASF108:
 1815 04f1 735F636E 		.ascii	"s_cnt\000"
 1815      7400
 1816              	.LASF43:
 1817 04f7 705F6D74 		.ascii	"p_mtxlist\000"
 1817      786C6973 
 1817      7400
 1818              	.LASF5:
 1819 0501 73686F72 		.ascii	"short int\000"
 1819      7420696E 
 1819      7400
 1820              	.LASF36:
 1821 050b 705F7374 		.ascii	"p_state\000"
 1821      61746500 
 1822              	.LASF139:
 1823 0513 626F6172 		.ascii	"boardInit\000"
 1823      64496E69 
 1823      7400
 1824              	.LASF55:
 1825 051d 725F7072 		.ascii	"r_prio\000"
 1825      696F00
 1826              	.LASF123:
 1827 0524 50414461 		.ascii	"PAData\000"
 1827      746100
 1828              	.LASF105:
 1829 052b 65776D61 		.ascii	"ewmask\000"
 1829      736B00
 1830              	.LASF28:
 1831 0532 705F6E65 		.ascii	"p_next\000"
 1831      787400
 1832              	.LASF37:
ARM GAS  C:\Users\jo\AppData\Local\Temp\ccSXNZv3.s 			page 37


 1833 0539 705F666C 		.ascii	"p_flags\000"
 1833      61677300 
 1834              	.LASF99:
 1835 0541 7264796D 		.ascii	"rdymsg\000"
 1835      736700
 1836              	.LASF131:
 1837 0548 50494461 		.ascii	"PIData\000"
 1837      746100
 1838              	.LASF62:
 1839 054f 63685F76 		.ascii	"ch_virtual_timer\000"
 1839      69727475 
 1839      616C5F74 
 1839      696D6572 
 1839      00
 1840              	.LASF106:
 1841 0560 63685F73 		.ascii	"ch_semaphore\000"
 1841      656D6170 
 1841      686F7265 
 1841      00
 1842              	.LASF42:
 1843 056d 705F6570 		.ascii	"p_epending\000"
 1843      656E6469 
 1843      6E6700
 1844              	.LASF16:
 1845 0578 75696E74 		.ascii	"uint32_t\000"
 1845      33325F74 
 1845      00
 1846              	.LASF104:
 1847 0581 77746D74 		.ascii	"wtmtxp\000"
 1847      787000
 1848              	.LASF54:
 1849 0588 725F7175 		.ascii	"r_queue\000"
 1849      65756500 
 1850              	.LASF65:
 1851 0590 76745F64 		.ascii	"vt_delta\000"
 1851      656C7461 
 1851      00
 1852              	.LASF49:
 1853 0599 63685F74 		.ascii	"ch_threads_list\000"
 1853      68726561 
 1853      64735F6C 
 1853      69737400 
 1854              	.LASF10:
 1855 05a9 6C6F6E67 		.ascii	"long unsigned int\000"
 1855      20756E73 
 1855      69676E65 
 1855      6420696E 
 1855      7400
 1856              	.LASF113:
 1857 05bb 63686172 		.ascii	"char\000"
 1857      00
 1858              	.LASF27:
 1859 05c0 74687265 		.ascii	"thread_t\000"
 1859      61645F74 
 1859      00
 1860              	.LASF112:
 1861 05c9 6D5F6E65 		.ascii	"m_next\000"
ARM GAS  C:\Users\jo\AppData\Local\Temp\ccSXNZv3.s 			page 38


 1861      787400
 1862              	.LASF26:
 1863 05d0 73797374 		.ascii	"systime_t\000"
 1863      696D655F 
 1863      7400
 1864              	.LASF44:
 1865 05da 705F7265 		.ascii	"p_realprio\000"
 1865      616C7072 
 1865      696F00
 1866              	.LASF60:
 1867 05e5 76746675 		.ascii	"vtfunc_t\000"
 1867      6E635F74 
 1867      00
 1868              	.LASF9:
 1869 05ee 5F5F7569 		.ascii	"__uint32_t\000"
 1869      6E743332 
 1869      5F7400
 1870              	.LASF73:
 1871 05f9 70616E69 		.ascii	"panic_msg\000"
 1871      635F6D73 
 1871      6700
 1872              	.LASF97:
 1873 0603 6F666673 		.ascii	"offset\000"
 1873      657400
 1874              	.LASF86:
 1875 060a 636F6E74 		.ascii	"context\000"
 1875      65787400 
 1876              	.LASF18:
 1877 0612 7274636E 		.ascii	"rtcnt_t\000"
 1877      745F7400 
 1878              	.LASF67:
 1879 061a 76745F70 		.ascii	"vt_par\000"
 1879      617200
 1880              	.LASF50:
 1881 0621 74687265 		.ascii	"threads_queue_t\000"
 1881      6164735F 
 1881      71756575 
 1881      655F7400 
 1882              	.LASF109:
 1883 0631 63685F6D 		.ascii	"ch_mutex\000"
 1883      75746578 
 1883      00
 1884              	.LASF38:
 1885 063a 705F7265 		.ascii	"p_refs\000"
 1885      667300
 1886              	.LASF74:
 1887 0641 6973725F 		.ascii	"isr_cnt\000"
 1887      636E7400 
 1888              	.LASF79:
 1889 0649 726C6973 		.ascii	"rlist\000"
 1889      7400
 1890              	.LASF14:
 1891 064f 75696E74 		.ascii	"uint8_t\000"
 1891      385F7400 
 1892              	.LASF101:
 1893 0657 77746F62 		.ascii	"wtobjp\000"
 1893      6A7000
ARM GAS  C:\Users\jo\AppData\Local\Temp\ccSXNZv3.s 			page 39


 1894              	.LASF34:
 1895 065e 705F6E61 		.ascii	"p_name\000"
 1895      6D6500
 1896              	.LASF125:
 1897 0665 50434461 		.ascii	"PCData\000"
 1897      746100
 1898              	.LASF47:
 1899 066c 74687265 		.ascii	"threads_list_t\000"
 1899      6164735F 
 1899      6C697374 
 1899      5F7400
 1900              	.LASF76:
 1901 067b 74726163 		.ascii	"trace_buffer\000"
 1901      655F6275 
 1901      66666572 
 1901      00
 1902              	.LASF41:
 1903 0688 705F6D73 		.ascii	"p_msg\000"
 1903      6700
 1904              	.LASF132:
 1905 068e 50414C43 		.ascii	"PALConfig\000"
 1905      6F6E6669 
 1905      6700
 1906              	.LASF111:
 1907 0698 6D5F6F77 		.ascii	"m_owner\000"
 1907      6E657200 
 1908              	.LASF134:
 1909 06a0 70616C5F 		.ascii	"pal_default_config\000"
 1909      64656661 
 1909      756C745F 
 1909      636F6E66 
 1909      696700
 1910              	.LASF31:
 1911 06b3 705F6374 		.ascii	"p_ctx\000"
 1911      7800
 1912              	.LASF66:
 1913 06b9 76745F66 		.ascii	"vt_func\000"
 1913      756E6300 
 1914              		.ident	"GCC: (GNU Tools for ARM Embedded Processors) 4.9.3 20141119 (release) [ARM/embedded-4_9-br
ARM GAS  C:\Users\jo\AppData\Local\Temp\ccSXNZv3.s 			page 40


DEFINED SYMBOLS
                            *ABS*:00000000 board.c
C:\Users\jo\AppData\Local\Temp\ccSXNZv3.s:19     .text.__early_init:00000000 $t
C:\Users\jo\AppData\Local\Temp\ccSXNZv3.s:25     .text.__early_init:00000000 __early_init
C:\Users\jo\AppData\Local\Temp\ccSXNZv3.s:40     .text.boardInit:00000000 $t
C:\Users\jo\AppData\Local\Temp\ccSXNZv3.s:46     .text.boardInit:00000000 boardInit
C:\Users\jo\AppData\Local\Temp\ccSXNZv3.s:62     .rodata.pal_default_config:00000000 pal_default_config
C:\Users\jo\AppData\Local\Temp\ccSXNZv3.s:59     .rodata.pal_default_config:00000000 $d
                     .debug_frame:00000010 $d

UNDEFINED SYMBOLS
stm32_clock_init
