ARM GAS  C:\Users\jo\AppData\Local\Temp\ccf50qhg.s 			page 1


   1              		.syntax unified
   2              		.cpu cortex-m4
   3              		.fpu softvfp
   4              		.eabi_attribute 20, 1
   5              		.eabi_attribute 21, 1
   6              		.eabi_attribute 23, 3
   7              		.eabi_attribute 24, 1
   8              		.eabi_attribute 25, 1
   9              		.eabi_attribute 26, 1
  10              		.eabi_attribute 30, 2
  11              		.eabi_attribute 34, 1
  12              		.eabi_attribute 18, 4
  13              		.thumb
  14              		.file	"certs.c"
  15              		.text
  16              	.Ltext0:
  17              		.cfi_sections	.debug_frame
  18              		.global	test_cli_key
  19              		.global	test_cli_crt
  20              		.global	test_srv_key
  21              		.global	test_srv_crt
  22              		.global	test_ca_pwd
  23              		.global	test_ca_key
  24              		.global	test_ca_crt
  25              		.global	test_ca_list
  26              		.global	test_dhm_params
  27              		.global	test_cli_key_rsa
  28              		.global	test_cli_crt_rsa
  29              		.global	test_srv_key_rsa
  30              		.global	test_srv_crt_rsa
  31              		.global	test_ca_pwd_rsa
  32              		.global	test_ca_key_rsa
  33              		.global	test_ca_crt_rsa
  34              		.global	test_cli_key_ec
  35              		.global	test_cli_crt_ec
  36              		.global	test_srv_key_ec
  37              		.global	test_srv_crt_ec
  38              		.global	test_ca_pwd_ec
  39              		.global	test_ca_key_ec
  40              		.global	test_ca_crt_ec
  41              		.section	.rodata.test_ca_crt_ec,"a",%progbits
  42              		.align	2
  43              		.type	test_ca_crt_ec, %object
  44              		.size	test_ca_crt_ec, 883
  45              	test_ca_crt_ec:
  46 0000 2D2D2D2D 		.ascii	"-----BEGIN CERTIFICATE-----\015\012MIICUjCCAdegAwIB"
  46      2D424547 
  46      494E2043 
  46      45525449 
  46      46494341 
  47 002d 4167494A 		.ascii	"AgIJAMFD4n5iQ8zoMAoGCCqGSM49BAMCMD4xCzAJBgNVBAYT\015"
  47      414D4644 
  47      346E3569 
  47      51387A6F 
  47      4D416F47 
  48 005e 0A416B35 		.ascii	"\012Ak5MMREwDwYDVQQKEwhQb2xhclNTTDEcMBoGA1UEAxMTUG9"
  48      4D4D5245 
ARM GAS  C:\Users\jo\AppData\Local\Temp\ccf50qhg.s 			page 2


  48      77447759 
  48      44565151 
  48      4B457768 
  49 008e 7359584A 		.ascii	"sYXJzc2wgVGVzdCBF\015\012QyBDQTAeFw0xMzA5MjQxNTQ5ND"
  49      7A633277 
  49      67564756 
  49      7A644342 
  49      460D0A51 
  50 00bb 68614677 		.ascii	"haFw0yMzA5MjIxNTQ5NDhaMD4xCzAJBgNVBAYT\015\012Ak5MM"
  50      30794D7A 
  50      41354D6A 
  50      49784E54 
  50      51354E44 
  51 00e8 52457744 		.ascii	"REwDwYDVQQKEwhQb2xhclNTTDEcMBoGA1UEAxMTUG9sYXJzc2wg"
  51      77594456 
  51      51514B45 
  51      77685162 
  51      32786863 
  52 011b 5647567A 		.ascii	"VGVzdCBF\015\012QyBDQTB2MBAGByqGSM49AgEGBSuBBAAiA2I"
  52      64434246 
  52      0D0A5179 
  52      42445154 
  52      42324D42 
  53 0148 41424D50 		.ascii	"ABMPaKzRBN1gvh1b+/Im6KUNLTuBu\015\012ww5XUzM5WNRStJ"
  53      614B7A52 
  53      424E3167 
  53      76683162 
  53      2B2F496D 
  54 0175 47564F51 		.ascii	"GVOQsj318XJGJI/BqVKc4sLYfCiFKAr9ZqqyHduNMcbli4yuiy\015"
  54      736A3331 
  54      38584A47 
  54      4A492F42 
  54      71564B63 
  55 01a8 0A615937 		.ascii	"\012aY7zQa0pw7RfdadHb9UZKVVpmlM7ILRmFmAzHqOBoDCBnTA"
  55      7A516130 
  55      70773752 
  55      66646164 
  55      48623955 
  56 01d8 6442674E 		.ascii	"dBgNVHQ4EFgQUnW0g\015\012JEkBPyvLeLUZvH4kydv7Nnwwbg"
  56      56485134 
  56      45466751 
  56      556E5730 
  56      670D0A4A 
  57 0205 59445652 		.ascii	"YDVR0jBGcwZYAUnW0gJEkBPyvLeLUZvH4kydv7\015\012NnyhQ"
  57      306A4247 
  57      63775A59 
  57      41556E57 
  57      30674A45 
  58 0232 7152414D 		.ascii	"qRAMD4xCzAJBgNVBAYTAk5MMREwDwYDVQQKEwhQb2xhclNTTDEc"
  58      44347843 
  58      7A414A42 
  58      674E5642 
  58      41595441 
  59 0265 4D426F47 		.ascii	"MBoGA1UE\015\012AxMTUG9sYXJzc2wgVGVzdCBFQyBDQYIJAMF"
  59      41315545 
  59      0D0A4178 
  59      4D545547 
ARM GAS  C:\Users\jo\AppData\Local\Temp\ccf50qhg.s 			page 3


  59      39735958 
  60 0292 44346E35 		.ascii	"D4n5iQ8zoMAwGA1UdEwQFMAMBAf8w\015\012CgYIKoZIzj0EAw"
  60      6951387A 
  60      6F4D4177 
  60      47413155 
  60      64457751 
  61 02bf 49446151 		.ascii	"IDaQAwZgIxAMO0YnNWKJUAfXgSJtJxexn4ipg+kv4znuR50v56\015"
  61      41775A67 
  61      4978414D 
  61      4F30596E 
  61      4E574B4A 
  62 02f2 0A743464 		.ascii	"\012t4d0PCu412mUC6Nnd7izvtE2MgIxAP1nnJQjZ8BWukszFQD"
  62      30504375 
  62      3431326D 
  62      5543364E 
  62      6E643769 
  63 0322 47343877 		.ascii	"G48wxCCyci9qpdSMv\015\012uCjn8pwUOkABXK8Mss90fzCfCE"
  63      78434379 
  63      63693971 
  63      7064534D 
  63      760D0A75 
  64 034f 4F744941 		.ascii	"OtIA==\015\012-----END CERTIFICATE-----\015\012\000"
  64      3D3D0D0A 
  64      2D2D2D2D 
  64      2D454E44 
  64      20434552 
  65 0373 00       		.section	.data.test_ca_crt,"aw",%progbits
  66              		.align	2
  67              		.type	test_ca_crt, %object
  68              		.size	test_ca_crt, 4
  69              	test_ca_crt:
  70 0000 00000000 		.word	test_ca_crt_rsa
  71              		.section	.rodata.test_cli_key_rsa,"a",%progbits
  72              		.align	2
  73              		.type	test_cli_key_rsa, %object
  74              		.size	test_cli_key_rsa, 1707
  75              	test_cli_key_rsa:
  76 0000 2D2D2D2D 		.ascii	"-----BEGIN RSA PRIVATE KEY-----\015\012MIIEpAIBAAKC"
  76      2D424547 
  76      494E2052 
  76      53412050 
  76      52495641 
  77 002d 41514541 		.ascii	"AQEAyHTEzLn5tXnpRdkUYLB9u5Pyax6fM60Nj4o8VmXl3ETZzGa"
  77      79485445 
  77      7A4C6E35 
  77      74586E70 
  77      52646B55 
  78 0060 460D0A42 		.ascii	"F\015\012B9X4J7BKNdBjngpuG7fa8H6r7gwQk4ZJGDTzqCrSV/"
  78      3958344A 
  78      37424B4E 
  78      64426A6E 
  78      67707547 
  79 008d 55753143 		.ascii	"Uu1C93KYRhTYJQj6eVSHD1\015\012bk2y1RPD0hrt5kPqQhTrd"
  79      39334B59 
  79      52685459 
  79      4A516A36 
  79      65565348 
ARM GAS  C:\Users\jo\AppData\Local\Temp\ccf50qhg.s 			page 4


  80 00ba 4F724137 		.ascii	"OrA7R/UV06p86jt0uDBMHEwMjDV0/YI0FZPRo7yX/k9\015\012"
  80      522F5556 
  80      30367038 
  80      366A7430 
  80      7544424D 
  81 00e7 5A354749 		.ascii	"Z5GIMC5Cst99++UMd//sMcB4j7/Cf8qtbCHWjdmLao5v4Jv4EFb"
  81      4D433543 
  81      73743939 
  81      2B2B554D 
  81      642F2F73 
  82 011a 4D733434 		.ascii	"Ms44TFeY0BGbH\015\0127vk2DmqV9gmaBmf0ZXH4yqSxJeD+PI"
  82      54466559 
  82      30424762 
  82      480D0A37 
  82      766B3244 
  83 0147 73314247 		.ascii	"s1BGe64E92hfx//DZrtenNLQNiTrM9AM+v\015\012dqBpVoNq0"
  83      65363445 
  83      39326866 
  83      782F2F44 
  83      5A727465 
  84 0174 716A5535 		.ascii	"qjU51Bx5rU2BXcFbXvI5MT9TNUhXwIDAQABAoIBAGdNtfYDiap6"
  84      31427835 
  84      72553242 
  84      58634662 
  84      58764935 
  85 01a7 627A7374 		.ascii	"bzst\015\012yhCiI8m9TtrhZw4MisaEaN/ll3XSjaOG2dvV6xM"
  85      0D0A7968 
  85      43694938 
  85      6D395474 
  85      72685A77 
  86 01d4 5A434D56 		.ascii	"ZCMV+5TeXDHOAZnY18Yi18vzz\015\0124Ut2TnNFzizCECYNaA"
  86      2B355465 
  86      5844484F 
  86      415A6E59 
  86      31385969 
  87 0201 32665354 		.ascii	"2fST3WgInnxUkV3YXAyP6CNxJaCmv2aA0yFr2kFVSeaKGt\015\012"
  87      33576749 
  87      6E6E7855 
  87      6B563359 
  87      58417950 
  88 0231 796D766C 		.ascii	"ymvljNp2NVkvm7Th8fBQBO7I7AXhz43k0mR7XmPgewe8ApZOG3h"
  88      6A4E7032 
  88      4E566B76 
  88      6D375468 
  88      38664251 
  89 0264 73746B4F 		.ascii	"stkOaMvbWAvWA\015\012zCZupdDjZYjOJqlA4eEA4H8/w7F83r"
  89      614D7662 
  89      57417657 
  89      410D0A7A 
  89      435A7570 
  90 0291 35437567 		.ascii	"5CugeBE8LgEREjLPiyejrU5H1fubEY+h0d\015\012l5HZBJ68y"
  90      65424538 
  90      4C674552 
  90      456A4C50 
  90      6979656A 
  91 02be 62545866 		.ascii	"bTXfQ5U9o/QKA3dd0toBEhhdRUDGzWtjvwkEQfqF1reGWj/tod/"
  91      51355539 
ARM GAS  C:\Users\jo\AppData\Local\Temp\ccf50qhg.s 			page 5


  91      6F2F514B 
  91      41336464 
  91      30746F42 
  92 02f1 67437066 		.ascii	"gCpf\015\012DFi6X0ECgYEA4wOv/pjSC3ty6TuOvKX2rOUiBrL"
  92      0D0A4446 
  92      69365830 
  92      45436759 
  92      45413477 
  93 031e 58587632 		.ascii	"XXv2JSxZnMoMiWI5ipLQt+RYT\015\012VPafL/m7Dn6MbwjayO"
  93      4A53785A 
  93      6E4D6F4D 
  93      69574935 
  93      69704C51 
  94 034b 6B635A68 		.ascii	"kcZhBwk5CNz5A6Q4lJ64Mq/lqHznRCQQ2Mc1G8eyDF/fYL\015\012"
  94      42776B35 
  94      434E7A35 
  94      41365134 
  94      6C4A3634 
  95 037b 5A653270 		.ascii	"Ze2pLvwP9VD5jTc2miDfw+MnvJhywRRLcemDFP8k4hQVtm8PMp3"
  95      4C767750 
  95      39564435 
  95      6A546332 
  95      6D694466 
  96 03ae 5A6D4E45 		.ascii	"ZmNECgYEA4gz7\015\012wzObR4gn8ibe617uQPZjWzUj9dUHYd"
  96      43675945 
  96      4134677A 
  96      370D0A77 
  96      7A4F6252 
  97 03db 2B696E31 		.ascii	"+in1gwBCIrtNnaRn9I9U/Q6tegRYpii4ys\015\012c176NmU+u"
  97      67774243 
  97      4972744E 
  97      6E61526E 
  97      39493955 
  98 0408 6D793658 		.ascii	"my6XmuSKV5qD9bSpZWG2nLFnslrN15Lm3fhZxoeMNhBaEDTnLT2"
  98      6D75534B 
  98      56357144 
  98      39625370 
  98      5A574732 
  99 043b 36796F69 		.ascii	"6yoi\015\01233gp0mSSWy94ZEqipms+ULF6sY1ZtFW6tpGFoy8"
  99      0D0A3333 
  99      6770306D 
  99      53535779 
  99      39345A45 
 100 0468 43675941 		.ascii	"CgYAQHhnnvJflIs2ky4q10B60\015\012ZcxFp3rtDpkp0JxhFL"
 100      5148686E 
 100      6E764A66 
 100      6C497332 
 100      6B793471 
 101 0495 6869697A 		.ascii	"hiizFrujMtZSjYNm5U7KkgPVHhLELEUvCmOnKTt4ap/vZ0\015\012"
 101      4672756A 
 101      4D745A53 
 101      6A594E6D 
 101      3555374B 
 102 04c5 42784A4E 		.ascii	"BxJNe1GZH3pW6SAvGDQpl9sG7uu/vTFP+lCxukmzxB0DrrDcvor"
 102      6531475A 
 102      48337057 
 102      36534176 
ARM GAS  C:\Users\jo\AppData\Local\Temp\ccf50qhg.s 			page 6


 102      47445170 
 103 04f8 456B4B4D 		.ascii	"EkKMom7ZCCRvW\015\012KZsZ6YeH2Z81BauRj218kQKBgQCUV/"
 103      6F6D375A 
 103      43435276 
 103      570D0A4B 
 103      5A735A36 
 104 0525 44674B50 		.ascii	"DgKP2985xDTT79N08jUo3hTP5MVYCCuj/+\015\012UeEw1TvZc"
 104      32393835 
 104      78445454 
 104      37394E30 
 104      386A556F 
 105 0552 78334C4A 		.ascii	"x3LJby7P6Xad6a1/BqveaGyFKIfEFIaBUBItk801sDDpDaYc4gL"
 105      62793750 
 105      36586164 
 105      3661312F 
 105      42717665 
 106 0585 30305863 		.ascii	"00Xc\015\0127lFuBHOZkxJYlss5QrGpuOEl9ZwUt5IrFLBdYaK"
 106      0D0A376C 
 106      46754248 
 106      4F5A6B78 
 106      4A596C73 
 107 05b2 714E487A 		.ascii	"qNHzNVC1pCPfb/JyH6Dr2HUxq\015\012gxUwAQKBgQCcU6G2L8"
 107      4E564331 
 107      70435066 
 107      622F4A79 
 107      48364472 
 108 05df 41473964 		.ascii	"AG9d9c0UpOyL1tMvFe5Ttw0KjlQVdsh1MP6yigYo9DYuwu\015\012"
 108      39633055 
 108      704F794C 
 108      31744D76 
 108      46653554 
 109 060f 62484656 		.ascii	"bHFVW2r0dBTqegP2/KTOxKzaHfC1qf0RGDsUoJCNJrd1cwoCLG8"
 109      57327230 
 109      64425471 
 109      65675032 
 109      2F4B544F 
 110 0642 50324546 		.ascii	"P2EF4w3OBrKqv\015\0128u4ytY0F+Vlanj5lm3TaoHSVF1+NWP"
 110      3477334F 
 110      42724B71 
 110      760D0A38 
 110      75347974 
 111 066f 794F5469 		.ascii	"yOTiwevIECGKwSxvlki4fDAA==\015\012-----END RSA PRIV"
 111      77657649 
 111      4543474B 
 111      77537876 
 111      6C6B6934 
 112 069c 41544520 		.ascii	"ATE KEY-----\015\012\000"
 112      4B45592D 
 112      2D2D2D2D 
 112      0D0A00
 113 06ab 00       		.section	.rodata.test_srv_key_ec,"a",%progbits
 114              		.align	2
 115              		.type	test_srv_key_ec, %object
 116              		.size	test_srv_key_ec, 233
 117              	test_srv_key_ec:
 118 0000 2D2D2D2D 		.ascii	"-----BEGIN EC PRIVATE KEY-----\015\012MHcCAQEEIPEqE"
 118      2D424547 
ARM GAS  C:\Users\jo\AppData\Local\Temp\ccf50qhg.s 			page 7


 118      494E2045 
 118      43205052 
 118      49564154 
 119 002d 79423241 		.ascii	"yB2AnCoPL/9U/YDHvdqXYbIogTywwyp6/UfDw6noAoGCCqGSM49"
 119      6E436F50 
 119      4C2F3955 
 119      2F594448 
 119      76647158 
 120 0060 0D0A4177 		.ascii	"\015\012AwEHoUQDQgAEN8xW2XYJHlpyPsdZLf8gbu58+QaRdNC"
 120      45486F55 
 120      51445167 
 120      41454E38 
 120      78573258 
 121 008d 74464C58 		.ascii	"tFLX3aCJZYpJO5QDYIxH/\015\0126i/SNF1dFr2KiMJrdw1VzY"
 121      3361434A 
 121      5A59704A 
 121      4F355144 
 121      59497848 
 122 00ba 6F714476 		.ascii	"oqDvoByLTt/w==\015\012-----END EC PRIVATE KEY-----\015"
 122      6F42794C 
 122      54742F77 
 122      3D3D0D0A 
 122      2D2D2D2D 
 123 00e7 0A00     		.ascii	"\012\000"
 124 00e9 000000   		.section	.rodata.test_ca_key_ec,"a",%progbits
 125              		.align	2
 126              		.type	test_ca_key_ec, %object
 127              		.size	test_ca_key_ec, 362
 128              	test_ca_key_ec:
 129 0000 2D2D2D2D 		.ascii	"-----BEGIN EC PRIVATE KEY-----\015\012Proc-Type: 4,"
 129      2D424547 
 129      494E2045 
 129      43205052 
 129      49564154 
 130 002d 454E4352 		.ascii	"ENCRYPTED\015\012DEK-Info: DES-EDE3-CBC,307EAB46993"
 130      59505445 
 130      440D0A44 
 130      454B2D49 
 130      6E666F3A 
 131 005a 33443634 		.ascii	"3D64E\015\012\015\012IxbrRmKcAzctJqPdTQLA4SWyBYYGYJ"
 131      450D0A0D 
 131      0A497862 
 131      72526D4B 
 131      63417A63 
 132 0081 566B5945 		.ascii	"VkYEna+F7Pa5t5Yg/gKADrFKcm6B72e7DG\015\012ihExtZI64"
 132      6E612B46 
 132      37506135 
 132      74355967 
 132      2F674B41 
 133 00ae 3873307A 		.ascii	"8s0zdYw6qSJ74vrPSuWDe5qm93BqsfVH9svtCzWHW0pm1p0KTBC"
 133      64597736 
 133      71534A37 
 133      34767250 
 133      53755744 
 134 00e1 46665571 		.ascii	"FfUq\015\012UsuWTITwJImcnlAs1gaRZ3sAWm7cOUidL0fo2G0"
 134      0D0A5573 
 134      75575449 
ARM GAS  C:\Users\jo\AppData\Local\Temp\ccf50qhg.s 			page 8


 134      54774A49 
 134      6D636E6C 
 135 010e 66595546 		.ascii	"fYUFNcYoCSLffCFTEHBuPnagb\015\012a77x/sY1Bvii8S9/Xh"
 135      4E63596F 
 135      43534C66 
 135      66434654 
 135      45484275 
 136 013b 44546236 		.ascii	"DTb6pTMx06wzrm\015\012-----END EC PRIVATE KEY-----\015"
 136      70544D78 
 136      3036777A 
 136      726D0D0A 
 136      2D2D2D2D 
 137 0168 0A00     		.ascii	"\012\000"
 138 016a 0000     		.section	.data.test_srv_crt,"aw",%progbits
 139              		.align	2
 140              		.type	test_srv_crt, %object
 141              		.size	test_srv_crt, 4
 142              	test_srv_crt:
 143 0000 00000000 		.word	test_srv_crt_rsa
 144              		.section	.data.test_ca_pwd,"aw",%progbits
 145              		.align	2
 146              		.type	test_ca_pwd, %object
 147              		.size	test_ca_pwd, 4
 148              	test_ca_pwd:
 149 0000 00000000 		.word	test_ca_pwd_rsa
 150              		.section	.rodata.test_cli_crt_rsa,"a",%progbits
 151              		.align	2
 152              		.type	test_cli_crt_rsa, %object
 153              		.size	test_cli_crt_rsa, 1209
 154              	test_cli_crt_rsa:
 155 0000 2D2D2D2D 		.ascii	"-----BEGIN CERTIFICATE-----\015\012MIIDPzCCAiegAwIB"
 155      2D424547 
 155      494E2043 
 155      45525449 
 155      46494341 
 156 002d 41674942 		.ascii	"AgIBBDANBgkqhkiG9w0BAQUFADA7MQswCQYDVQQGEwJOTDER\015"
 156      4244414E 
 156      42676B71 
 156      686B6947 
 156      39773042 
 157 005e 0A4D4138 		.ascii	"\012MA8GA1UEChMIUG9sYXJTU0wxGTAXBgNVBAMTEFBvbGFyU1N"
 157      47413155 
 157      4543684D 
 157      49554739 
 157      7359584A 
 158 008e 4D494652 		.ascii	"MIFRlc3QgQ0EwHhcN\015\012MTEwMjEyMTQ0NDA3WhcNMjEwMj"
 158      6C633351 
 158      67513045 
 158      77486863 
 158      4E0D0A4D 
 159 00bb 45794D54 		.ascii	"EyMTQ0NDA3WjA8MQswCQYDVQQGEwJOTDERMA8G\015\012A1UEC"
 159      51304E44 
 159      4133576A 
 159      41384D51 
 159      73774351 
 160 00e8 684D4955 		.ascii	"hMIUG9sYXJTU0wxGjAYBgNVBAMTEVBvbGFyU1NMIENsaWVudCAy"
 160      47397359 
ARM GAS  C:\Users\jo\AppData\Local\Temp\ccf50qhg.s 			page 9


 160      584A5455 
 160      30777847 
 160      6A415942 
 161 011b 4D494942 		.ascii	"MIIBIjAN\015\012BgkqhkiG9w0BAQEFAAOCAQ8AMIIBCgKCAQE"
 161      496A414E 
 161      0D0A4267 
 161      6B71686B 
 161      69473977 
 162 0148 41794854 		.ascii	"AyHTEzLn5tXnpRdkUYLB9u5Pyax6f\015\012M60Nj4o8VmXl3E"
 162      457A4C6E 
 162      3574586E 
 162      7052646B 
 162      55594C42 
 163 0175 545A7A47 		.ascii	"TZzGaFB9X4J7BKNdBjngpuG7fa8H6r7gwQk4ZJGDTzqCrSV/Uu\015"
 163      61464239 
 163      58344A37 
 163      424B4E64 
 163      426A6E67 
 164 01a8 0A314339 		.ascii	"\0121C93KYRhTYJQj6eVSHD1bk2y1RPD0hrt5kPqQhTrdOrA7R/"
 164      334B5952 
 164      6854594A 
 164      516A3665 
 164      56534844 
 165 01d8 55563036 		.ascii	"UV06p86jt0uDBMHEw\015\012MjDV0/YI0FZPRo7yX/k9Z5GIMC"
 165      7038366A 
 165      74307544 
 165      424D4845 
 165      770D0A4D 
 166 0205 35437374 		.ascii	"5Cst99++UMd//sMcB4j7/Cf8qtbCHWjdmLao5v\015\0124Jv4E"
 166      39392B2B 
 166      554D642F 
 166      2F734D63 
 166      42346A37 
 167 0232 46624D73 		.ascii	"FbMs44TFeY0BGbH7vk2DmqV9gmaBmf0ZXH4yqSxJeD+PIs1BGe6"
 167      34345446 
 167      65593042 
 167      47624837 
 167      766B3244 
 168 0265 34453932 		.ascii	"4E92hfx/\015\012/DZrtenNLQNiTrM9AM+vdqBpVoNq0qjU51B"
 168      6866782F 
 168      0D0A2F44 
 168      5A727465 
 168      6E4E4C51 
 169 0292 78357255 		.ascii	"x5rU2BXcFbXvI5MT9TNUhXwIDAQAB\015\012o00wSzAJBgNVHR"
 169      32425863 
 169      46625876 
 169      49354D54 
 169      39544E55 
 170 02bf 4D45416A 		.ascii	"MEAjAAMB0GA1UdDgQWBBRxoQBzckAvVHZeM/xSj7zx3WtGITAf\015"
 170      41414D42 
 170      30474131 
 170      55644467 
 170      51574242 
 171 02f2 0A42674E 		.ascii	"\012BgNVHSMEGDAWgBS0WuSls97SUva51aaVD+s+vMf9/zANBgk"
 171      5648534D 
 171      45474441 
 171      57674253 
ARM GAS  C:\Users\jo\AppData\Local\Temp\ccf50qhg.s 			page 10


 171      30577553 
 172 0322 71686B69 		.ascii	"qhkiG9w0BAQUFAAOC\015\012AQEAAn86isAM8X+mVwJqeItt6E"
 172      47397730 
 172      42415155 
 172      4641414F 
 172      430D0A41 
 173 034f 39736C68 		.ascii	"9slhEQbAofyk+diH1Lh8Y9iLlWQSKbw/UXYjx5\015\012LLPZc"
 173      45516241 
 173      6F66796B 
 173      2B646948 
 173      314C6838 
 174 037c 6E696F76 		.ascii	"niovxIcARC/BjyZR9g3UwTHNGNm+rwrqa15viuNOFBchykX/Ors"
 174      78496341 
 174      52432F42 
 174      6A795A52 
 174      39673355 
 175 03af 6B303245 		.ascii	"k02EH7NR\015\012Alw5WLPorYjED6cdVQgBl9ot93HdJogRiXC"
 175      48374E52 
 175      0D0A416C 
 175      7735574C 
 175      506F7259 
 176 03dc 7845724D 		.ascii	"xErM7NC8/eP511mjq+uLDjLKH8ZPQ\015\0128I4ekHJnroLsDk"
 176      374E4338 
 176      2F655035 
 176      31316D6A 
 176      712B754C 
 177 0409 4977584B 		.ascii	"IwXKGIsvIBHQy2ac/NwHLCQOK6mfum1pRx52V4Utu5dLLjD5bM\015"
 177      47497376 
 177      49424851 
 177      79326163 
 177      2F4E7748 
 178 043c 0A784F42 		.ascii	"\012xOBC7KU4xZKuMXXZM6/93Yb51K/J4ahf1TxJlTWXtnzDr9s"
 178      43374B55 
 178      34785A4B 
 178      754D5858 
 178      5A4D362F 
 179 046c 61455964 		.ascii	"aEYdNy2SKY/6ZiDNH\015\012D+stpAKiQLAWaAusIWKYEyw9MQ"
 179      4E793253 
 179      4B592F36 
 179      5A69444E 
 179      480D0A44 
 180 0499 3D3D0D0A 		.ascii	"==\015\012-----END CERTIFICATE-----\015\012\000"
 180      2D2D2D2D 
 180      2D454E44 
 180      20434552 
 180      54494649 
 181 04b9 000000   		.section	.data.test_cli_crt,"aw",%progbits
 182              		.align	2
 183              		.type	test_cli_crt, %object
 184              		.size	test_cli_crt, 4
 185              	test_cli_crt:
 186 0000 00000000 		.word	test_cli_crt_rsa
 187              		.section	.rodata.test_cli_key_ec,"a",%progbits
 188              		.align	2
 189              		.type	test_cli_key_ec, %object
 190              		.size	test_cli_key_ec, 233
 191              	test_cli_key_ec:
ARM GAS  C:\Users\jo\AppData\Local\Temp\ccf50qhg.s 			page 11


 192 0000 2D2D2D2D 		.ascii	"-----BEGIN EC PRIVATE KEY-----\015\012MHcCAQEEIPb3h"
 192      2D424547 
 192      494E2045 
 192      43205052 
 192      49564154 
 193 002d 6D54785A 		.ascii	"mTxZ3/mZI3vyk7p3U3wBf+WIop6hDhkFzJhmLcqoAoGCCqGSM49"
 193      332F6D5A 
 193      49337679 
 193      6B377033 
 193      55337742 
 194 0060 0D0A4177 		.ascii	"\015\012AwEHoUQDQgAEV+WusXPf06y7k7iB/xKu7uZTrM5VU/Y"
 194      45486F55 
 194      51445167 
 194      4145562B 
 194      57757358 
 195 008d 30447377 		.ascii	"0Dswu42MlC9+Y4vNcYDaW\015\012wNUYFHDlf5/VS0UY5bBs1V"
 195      7534324D 
 195      6C43392B 
 195      5934764E 
 195      63594461 
 196 00ba 7A346C6F 		.ascii	"z4lo+HcKPkxw==\015\012-----END EC PRIVATE KEY-----\015"
 196      2B48634B 
 196      506B7877 
 196      3D3D0D0A 
 196      2D2D2D2D 
 197 00e7 0A00     		.ascii	"\012\000"
 198 00e9 000000   		.section	.rodata.test_ca_pwd_rsa,"a",%progbits
 199              		.align	2
 200              		.type	test_ca_pwd_rsa, %object
 201              		.size	test_ca_pwd_rsa, 13
 202              	test_ca_pwd_rsa:
 203 0000 506F6C61 		.ascii	"PolarSSLTest\000"
 203      7253534C 
 203      54657374 
 203      00
 204 000d 000000   		.section	.rodata.test_ca_list,"a",%progbits
 205              		.align	2
 206              		.type	test_ca_list, %object
 207              		.size	test_ca_list, 2189
 208              	test_ca_list:
 209 0000 2D2D2D2D 		.ascii	"-----BEGIN CERTIFICATE-----\015\012MIIDhzCCAm+gAwIB"
 209      2D424547 
 209      494E2043 
 209      45525449 
 209      46494341 
 210 002d 41674942 		.ascii	"AgIBADANBgkqhkiG9w0BAQUFADA7MQswCQYDVQQGEwJOTDER\015"
 210      4144414E 
 210      42676B71 
 210      686B6947 
 210      39773042 
 211 005e 0A4D4138 		.ascii	"\012MA8GA1UEChMIUG9sYXJTU0wxGTAXBgNVBAMTEFBvbGFyU1N"
 211      47413155 
 211      4543684D 
 211      49554739 
 211      7359584A 
 212 008e 4D494652 		.ascii	"MIFRlc3QgQ0EwHhcN\015\012MTEwMjEyMTQ0NDAwWhcNMjEwMj"
 212      6C633351 
ARM GAS  C:\Users\jo\AppData\Local\Temp\ccf50qhg.s 			page 12


 212      67513045 
 212      77486863 
 212      4E0D0A4D 
 213 00bb 45794D54 		.ascii	"EyMTQ0NDAwWjA7MQswCQYDVQQGEwJOTDERMA8G\015\012A1UEC"
 213      51304E44 
 213      4177576A 
 213      41374D51 
 213      73774351 
 214 00e8 684D4955 		.ascii	"hMIUG9sYXJTU0wxGTAXBgNVBAMTEFBvbGFyU1NMIFRlc3QgQ0Ew"
 214      47397359 
 214      584A5455 
 214      30777847 
 214      54415842 
 215 011b 67674569 		.ascii	"ggEiMA0G\015\012CSqGSIb3DQEBAQUAA4IBDwAwggEKAoIBAQD"
 215      4D413047 
 215      0D0A4353 
 215      71475349 
 215      62334451 
 216 0148 41337A66 		.ascii	"A3zf8F7vglp0/ht6WMn1EpRagzSHx\015\012mdTs6st8GFgIlK"
 216      38463776 
 216      676C7030 
 216      2F687436 
 216      574D6E31 
 217 0175 58736D38 		.ascii	"Xsm8WL3xoemTiZhx57wI053zhdcHgH057Zk+i5clHFzqMwUqny\015"
 217      574C3378 
 217      6F656D54 
 217      695A6878 
 217      35377749 
 218 01a8 0A353042 		.ascii	"\01250BwFMtEonILwuVA+T7lpg6z+exKY8C4KQB0nFc7qKUEkHH"
 218      77464D74 
 218      456F6E49 
 218      4C777556 
 218      412B5437 
 219 01d8 78765950 		.ascii	"xvYPZP9al4jwqj+8n\015\012YMPGn8u67GB9t+aEMr5P+1gmIg"
 219      5A503961 
 219      6C346A77 
 219      716A2B38 
 219      6E0D0A59 
 220 0205 4E62314C 		.ascii	"Nb1LTV+/Xjli5wwOQuvfwu7uJBVcA0Ln0kcmnL\015\012R7EUQ"
 220      54562B2F 
 220      586A6C69 
 220      3577774F 
 220      51757666 
 221 0232 494E395A 		.ascii	"IN9Z/SG9jGr8XmksrUuEvmEF/Bibyc+E1ixVA0hmnM3oTDPb5Lc"
 221      2F534739 
 221      6A477238 
 221      586D6B73 
 221      72557545 
 222 0265 39756E38 		.ascii	"9un8rNsu\015\012KNF+AksjoBXyOGVkCeoMbo4bF6BxyLObyav"
 222      724E7375 
 222      0D0A4B4E 
 222      462B416B 
 222      736A6F42 
 223 0292 70772F4C 		.ascii	"pw/LPh5aPgAIynplYb6LVAgMBAAGj\015\012gZUwgZIwDAYDVR"
 223      50683561 
 223      50674149 
 223      796E706C 
ARM GAS  C:\Users\jo\AppData\Local\Temp\ccf50qhg.s 			page 13


 223      5962364C 
 224 02bf 30544241 		.ascii	"0TBAUwAwEB/zAdBgNVHQ4EFgQUtFrkpbPe0lL2udWmlQ/rPrzH\015"
 224      55774177 
 224      45422F7A 
 224      41644267 
 224      4E564851 
 225 02f2 0A2F6638 		.ascii	"\012/f8wYwYDVR0jBFwwWoAUtFrkpbPe0lL2udWmlQ/rPrzH/f+"
 225      77597759 
 225      44565230 
 225      6A424677 
 225      77576F41 
 226 0322 68503651 		.ascii	"hP6Q9MDsxCzAJBgNV\015\012BAYTAk5MMREwDwYDVQQKEwhQb2"
 226      394D4473 
 226      78437A41 
 226      4A42674E 
 226      560D0A42 
 227 034f 7868636C 		.ascii	"xhclNTTDEZMBcGA1UEAxMQUG9sYXJTU0wgVGVz\015\012dCBDQ"
 227      4E545444 
 227      455A4D42 
 227      63474131 
 227      55454178 
 228 037c 59494241 		.ascii	"YIBADANBgkqhkiG9w0BAQUFAAOCAQEAuP1U2ABUkIslsCfdlc2i"
 228      44414E42 
 228      676B7168 
 228      6B694739 
 228      77304241 
 229 03af 39345148 		.ascii	"94QHHYeJ\015\012SsR4EdgHtdciUI5I62J6Mom+Y0dT/7a+8S6"
 229      4859654A 
 229      0D0A5373 
 229      52344564 
 229      67487464 
 230 03dc 4D564D43 		.ascii	"MVMCZP6C5NyNyXw1GWY/YR82XTJ8H\015\012DBJiCTok5DbZ6S"
 230      5A503643 
 230      354E794E 
 230      79587731 
 230      4757592F 
 231 0409 7A614F4E 		.ascii	"zaONBzdWHXwWwmi5vg1dxn7YxrM9d0IjxM27WNKs4sDQhZBQkF\015"
 231      427A6457 
 231      48587757 
 231      776D6935 
 231      76673164 
 232 043c 0A706A6D 		.ascii	"\012pjmfs2cb4oPl4Y9T9meTx/lvdkRYEug61Jfn6cA+qHpyPYd"
 232      66733263 
 232      62346F50 
 232      6C345939 
 232      54396D65 
 233 046c 54482B55 		.ascii	"TH+UshITnmp5/Ztkf\015\012m/UTSLBNFNHesiTZeH31NcxYGd"
 233      73684954 
 233      6E6D7035 
 233      2F5A746B 
 233      660D0A6D 
 234 0499 48536D65 		.ascii	"HSme9Nc/gfidRa0FLOCfWxRlFqAI47zG9jAQCZ\015\0127Z2mC"
 234      394E632F 
 234      67666964 
 234      52613046 
 234      4C4F4366 
 235 04c6 47444E4D 		.ascii	"GDNMhjQc+BYcdnl0lPXjdDK6V0qCg1dVewhUBcW5gZKzV7e9+Dp"
ARM GAS  C:\Users\jo\AppData\Local\Temp\ccf50qhg.s 			page 14


 235      686A5163 
 235      2B425963 
 235      646E6C30 
 235      6C50586A 
 236 04f9 56413D3D 		.ascii	"VA==\015\012-----END CERTIFICATE-----\015\012-----B"
 236      0D0A2D2D 
 236      2D2D2D45 
 236      4E442043 
 236      45525449 
 237 0520 4547494E 		.ascii	"EGIN CERTIFICATE-----\015\012MIICUjCCAdegAwIBAgIJAM"
 237      20434552 
 237      54494649 
 237      43415445 
 237      2D2D2D2D 
 238 054d 4644346E 		.ascii	"FD4n5iQ8zoMAoGCCqGSM49BAMCMD4xCzAJBgNVBAYT\015\012A"
 238      35695138 
 238      7A6F4D41 
 238      6F474343 
 238      7147534D 
 239 057a 6B354D4D 		.ascii	"k5MMREwDwYDVQQKEwhQb2xhclNTTDEcMBoGA1UEAxMTUG9sYXJz"
 239      52457744 
 239      77594456 
 239      51514B45 
 239      77685162 
 240 05ad 63327767 		.ascii	"c2wgVGVzdCBF\015\012QyBDQTAeFw0xMzA5MjQxNTQ5NDhaFw0"
 240      5647567A 
 240      64434246 
 240      0D0A5179 
 240      42445154 
 241 05da 794D7A41 		.ascii	"yMzA5MjIxNTQ5NDhaMD4xCzAJBgNVBAYT\015\012Ak5MMREwDw"
 241      354D6A49 
 241      784E5451 
 241      354E4468 
 241      614D4434 
 242 0607 59445651 		.ascii	"YDVQQKEwhQb2xhclNTTDEcMBoGA1UEAxMTUG9sYXJzc2wgVGVzd"
 242      514B4577 
 242      68516232 
 242      7868636C 
 242      4E545444 
 243 063a 4342460D 		.ascii	"CBF\015\012QyBDQTB2MBAGByqGSM49AgEGBSuBBAAiA2IABMPa"
 243      0A517942 
 243      44515442 
 243      324D4241 
 243      47427971 
 244 0667 4B7A5242 		.ascii	"KzRBN1gvh1b+/Im6KUNLTuBu\015\012ww5XUzM5WNRStJGVOQs"
 244      4E316776 
 244      6831622B 
 244      2F496D36 
 244      4B554E4C 
 245 0694 6A333138 		.ascii	"j318XJGJI/BqVKc4sLYfCiFKAr9ZqqyHduNMcbli4yuiy\015\012"
 245      584A474A 
 245      492F4271 
 245      564B6334 
 245      734C5966 
 246 06c3 6159377A 		.ascii	"aY7zQa0pw7RfdadHb9UZKVVpmlM7ILRmFmAzHqOBoDCBnTAdBgN"
 246      51613070 
 246      77375266 
ARM GAS  C:\Users\jo\AppData\Local\Temp\ccf50qhg.s 			page 15


 246      64616448 
 246      6239555A 
 247 06f6 56485134 		.ascii	"VHQ4EFgQUnW0g\015\012JEkBPyvLeLUZvH4kydv7NnwwbgYDVR"
 247      45466751 
 247      556E5730 
 247      670D0A4A 
 247      456B4250 
 248 0723 306A4247 		.ascii	"0jBGcwZYAUnW0gJEkBPyvLeLUZvH4kydv7\015\012NnyhQqRAM"
 248      63775A59 
 248      41556E57 
 248      30674A45 
 248      6B425079 
 249 0750 44347843 		.ascii	"D4xCzAJBgNVBAYTAk5MMREwDwYDVQQKEwhQb2xhclNTTDEcMBoG"
 249      7A414A42 
 249      674E5642 
 249      41595441 
 249      6B354D4D 
 250 0783 41315545 		.ascii	"A1UE\015\012AxMTUG9sYXJzc2wgVGVzdCBFQyBDQYIJAMFD4n5"
 250      0D0A4178 
 250      4D545547 
 250      39735958 
 250      4A7A6332 
 251 07b0 6951387A 		.ascii	"iQ8zoMAwGA1UdEwQFMAMBAf8w\015\012CgYIK"
 251      6F4D4177 
 251      47413155 
 251      64457751 
 251      464D414D 
 252 07d0 6F5A497A 		.ascii	"oZIzj0EAwIDaQAwZgIxAMO0YnNWKJUAfXgSJtJxexn4ipg+kv4z"
 252      6A304541 
 252      77494461 
 252      5141775A 
 252      67497841 
 253 0803 6E755235 		.ascii	"nuR50v56\015\012t4d0PCu412mUC6Nnd7izvtE2MgIxAP1nnJQ"
 253      30763536 
 253      0D0A7434 
 253      64305043 
 253      75343132 
 254 0830 6A5A3842 		.ascii	"jZ8BWukszFQDG48wxCCyci9qpdSMv\015\012uCjn8pwUOkABXK"
 254      57756B73 
 254      7A465144 
 254      47343877 
 254      78434379 
 255 085d 384D7373 		.ascii	"8Mss90fzCfCEOtIA==\015\012-----END CERTIFICATE-----"
 255      3930667A 
 255      43664345 
 255      4F744941 
 255      3D3D0D0A 
 256 088a 0D0A00   		.ascii	"\015\012\000"
 257 088d 000000   		.section	.rodata.test_srv_crt_ec,"a",%progbits
 258              		.align	2
 259              		.type	test_srv_crt_ec, %object
 260              		.size	test_srv_crt_ec, 813
 261              	test_srv_crt_ec:
 262 0000 2D2D2D2D 		.ascii	"-----BEGIN CERTIFICATE-----\015\012MIICHzCCAaWgAwIB"
 262      2D424547 
 262      494E2043 
 262      45525449 
ARM GAS  C:\Users\jo\AppData\Local\Temp\ccf50qhg.s 			page 16


 262      46494341 
 263 002d 41674942 		.ascii	"AgIBCTAKBggqhkjOPQQDAjA+MQswCQYDVQQGEwJOTDERMA8G\015"
 263      4354414B 
 263      42676771 
 263      686B6A4F 
 263      50515144 
 264 005e 0A413155 		.ascii	"\012A1UEChMIUG9sYXJTU0wxHDAaBgNVBAMTE1BvbGFyc3NsIFR"
 264      4543684D 
 264      49554739 
 264      7359584A 
 264      54553077 
 265 008e 6C633351 		.ascii	"lc3QgRUMgQ0EwHhcN\015\012MTMwOTI0MTU1MjA0WhcNMjMwOT"
 265      6752554D 
 265      67513045 
 265      77486863 
 265      4E0D0A4D 
 266 00bb 49794D54 		.ascii	"IyMTU1MjA0WjA0MQswCQYDVQQGEwJOTDERMA8G\015\012A1UEC"
 266      55314D6A 
 266      4130576A 
 266      41304D51 
 266      73774351 
 267 00e8 684D4955 		.ascii	"hMIUG9sYXJTU0wxEjAQBgNVBAMTCWxvY2FsaG9zdDBZMBMGByqG"
 267      47397359 
 267      584A5455 
 267      30777845 
 267      6A415142 
 268 011b 534D3439 		.ascii	"SM49AgEG\015\012CCqGSM49AwEHA0IABDfMVtl2CR5acj7HWS3"
 268      41674547 
 268      0D0A4343 
 268      7147534D 
 268      34394177 
 269 0148 2F494737 		.ascii	"/IG7ufPkGkXTQrRS192giWWKSTuUA\015\0122CMR/+ov0jRdXR"
 269      7566506B 
 269      476B5854 
 269      51725253 
 269      31393267 
 270 0175 6139696F 		.ascii	"a9iojCa3cNVc2KKg76Aci07f+jgZ0wgZowCQYDVR0TBAIwADAd\015"
 270      6A436133 
 270      634E5663 
 270      324B4B67 
 270      37364163 
 271 01a8 0A42674E 		.ascii	"\012BgNVHQ4EFgQUUGGlj9QH2deCAQzlZX+MY0anE74wbgYDVR0"
 271      56485134 
 271      45466751 
 271      55554747 
 271      6C6A3951 
 272 01d8 6A424763 		.ascii	"jBGcwZYAUnW0gJEkB\015\012PyvLeLUZvH4kydv7NnyhQqRAMD"
 272      775A5941 
 272      556E5730 
 272      674A456B 
 272      420D0A50 
 273 0205 3478437A 		.ascii	"4xCzAJBgNVBAYTAk5MMREwDwYDVQQKEwhQb2xh\015\012clNTT"
 273      414A4267 
 273      4E564241 
 273      5954416B 
 273      354D4D52 
 274 0232 4445634D 		.ascii	"DEcMBoGA1UEAxMTUG9sYXJzc2wgVGVzdCBFQyBDQYIJAMFD4n5i"
ARM GAS  C:\Users\jo\AppData\Local\Temp\ccf50qhg.s 			page 17


 274      426F4741 
 274      31554541 
 274      784D5455 
 274      47397359 
 275 0265 51387A6F 		.ascii	"Q8zoMAoG\015\012CCqGSM49BAMCA2gAMGUCMQCaLFzXptui5WQ"
 275      4D416F47 
 275      0D0A4343 
 275      7147534D 
 275      34394241 
 276 0292 4E384C6C 		.ascii	"N8LlO3ddh1hMxx6tzgLvT03MTVK2S\015\012C12r0Lz3ri/moS"
 276      4F336464 
 276      6831684D 
 276      78783674 
 276      7A674C76 
 277 02bf 45704E5A 		.ascii	"EpNZWqPjkCMCE2f53GXcYLqyfyJR078c/xNSUU5+Xxl7VZ414V\015"
 277      5771506A 
 277      6B434D43 
 277      45326635 
 277      33475863 
 278 02f2 0A664761 		.ascii	"\012fGa5kHvHARBPc8YAIVIqDvHH1Q==\015\012-----END CE"
 278      356B4876 
 278      48415242 
 278      50633859 
 278      41495649 
 279 031c 52544946 		.ascii	"RTIFICATE-----\015\012\000"
 279      49434154 
 279      452D2D2D 
 279      2D2D0D0A 
 279      00
 280 032d 000000   		.section	.rodata.test_srv_key_rsa,"a",%progbits
 281              		.align	2
 282              		.type	test_srv_key_rsa, %object
 283              		.size	test_srv_key_rsa, 1707
 284              	test_srv_key_rsa:
 285 0000 2D2D2D2D 		.ascii	"-----BEGIN RSA PRIVATE KEY-----\015\012MIIEpAIBAAKC"
 285      2D424547 
 285      494E2052 
 285      53412050 
 285      52495641 
 286 002d 41514541 		.ascii	"AQEAwU2j3efNHdEE10lyuJmsDnjkOjxKzzoTFtBa5M2jAIin7h5"
 286      7755326A 
 286      3365664E 
 286      48644545 
 286      31306C79 
 287 0060 720D0A6C 		.ascii	"r\015\012lqdStJDvLXJ6PiSa/LY0rCT1d+AmZIycsCh9odrqjO"
 287      71645374 
 287      4A44764C 
 287      584A3650 
 287      6953612F 
 288 008d 624A484A 		.ascii	"bJHJa8/sEEUrM21KP64bF2\015\0122JDBYbRmUjaiJlOqq3ReB"
 288      61382F73 
 288      45455572 
 288      4D32314B 
 288      50363462 
 289 00ba 33305A67 		.ascii	"30Zgtsq2B+g2Q0cLUlm91slc0boC4pPaQy1AJDh2oIQ\015\012"
 289      74737132 
 289      422B6732 
ARM GAS  C:\Users\jo\AppData\Local\Temp\ccf50qhg.s 			page 18


 289      5130634C 
 289      556C6D39 
 290 00e7 5A6E3275 		.ascii	"Zn2uVCuLZXmRoeJhw81ASQjuaAzxi4bSRr/QuKoRAx5/VqgaHkQ"
 290      5643754C 
 290      5A586D52 
 290      6F654A68 
 290      77383141 
 291 011a 5944772B 		.ascii	"YDw+Fi9qLRF7i\015\012GMZiL8dmjfpd2H3zJ4kpAcWQDj8n8T"
 291      46693971 
 291      4C524637 
 291      690D0A47 
 291      4D5A694C 
 292 0147 44495367 		.ascii	"DISg7v1t7HxydrxwU9esQCPJodPg/oNJhb\015\012y3NLUpbYE"
 292      37763174 
 292      37487879 
 292      64727877 
 292      55396573 
 293 0174 61497367 		.ascii	"aIsgIhpOVrTD7DeWS8Rx/fqEgEwlwIDAQABAoIBAQCXR0S8EIHF"
 293      4968704F 
 293      56725444 
 293      37446557 
 293      53385278 
 294 01a7 474F525A 		.ascii	"GORZ\015\012++AtOg6eENxD+xVs0f1IeGz57Tjo3QnXX7VBZNd"
 294      0D0A2B2B 
 294      41744F67 
 294      3665454E 
 294      78442B78 
 295 01d4 6A2B7031 		.ascii	"j+p1ECvhCE/G7XnkgU5hLZX+G\015\012Z0jkz/tqJOI0vRSdLB"
 295      45437668 
 295      43452F47 
 295      37586E6B 
 295      67553568 
 296 0201 62697048 		.ascii	"bipHnWouyBQ4e/A1yIJdlBtqXxJ1KE/ituHRbNc4j4kL8Z\015\012"
 296      6E576F75 
 296      79425134 
 296      652F4131 
 296      79494A64 
 297 0231 2F723670 		.ascii	"/r6pvwnTI0PSx2Eqs048YdS92LT6qAv4flbNDxMn2uY7s4ycS4Q"
 297      76776E54 
 297      49305053 
 297      78324571 
 297      73303438 
 298 0264 3877314A 		.ascii	"8w1JXnCeaAnYm\015\012WYI5wxO+bvRELR2Mcz5DmVnL8jRyml"
 298      586E4365 
 298      61416E59 
 298      6D0D0A57 
 298      59493577 
 299 0291 366C3635 		.ascii	"6l6582bSv5oufReFIbyPZbQWlXgYnpu6He\015\012GTc7E1zKY"
 299      38326253 
 299      76356F75 
 299      66526546 
 299      49627950 
 300 02be 5147472F 		.ascii	"QGG/9+DQUl/1vQuCPqQwny0tQoX2w5tdYpdMdVm+zkLtbajzdTv"
 300      392B4451 
 300      556C2F31 
 300      76517543 
 300      50715177 
ARM GAS  C:\Users\jo\AppData\Local\Temp\ccf50qhg.s 			page 19


 301 02f1 694A4A61 		.ascii	"iJJa\015\012TWzL6lt5AoGBAN86+SVeJDcmQJcv4Eq6UhtRr4Q"
 301      0D0A5457 
 301      7A4C366C 
 301      7435416F 
 301      4742414E 
 302 031e 474D6951 		.ascii	"GMiQMz0Sod6ettYxYzMgxtw28\015\012CIrgpozCc+UaZJLo7U"
 302      4D7A3053 
 302      6F643665 
 302      74745978 
 302      597A4D67 
 303 034b 78764336 		.ascii	"xvC6an85r1b2nKPCLQFaggJ0H4Q0J/sZOhBIXaoBzWxveK\015\012"
 303      616E3835 
 303      72316232 
 303      6E4B5043 
 303      4C514661 
 304 037b 6E757063 		.ascii	"nupceKdVxGsFi8CDy86DBfiyFivfBj+47BbaQzPBj7C4rK7UlLj"
 304      654B6456 
 304      78477346 
 304      69384344 
 304      79383644 
 305 03ae 61623272 		.ascii	"ab2rDAoGBAN2u\015\012AM2gchoFiu4v1HFL8D7lweEpi6ZnMJ"
 305      44416F47 
 305      42414E32 
 305      750D0A41 
 305      4D326763 
 306 03db 6A6E4575 		.ascii	"jnEu/dEgGQJFjwdpLnPbsj4c75odQ4Gz8g\015\012sw9lao9VV"
 306      2F644567 
 306      47514A46 
 306      6A776470 
 306      4C6E5062 
 307 0408 7A627573 		.ascii	"zbusoRE/JGI4aTdO0pATXyG7eG1Qu+5Yc1YGXcCrliA2xM9xx+d"
 307      6F52452F 
 307      4A474934 
 307      6154644F 
 307      30704154 
 308 043b 37662B73 		.ascii	"7f+s\015\012mPzN+WIEg5GJDYZDjAzHG5BNvi/FfM1C9dOtjv2"
 308      0D0A6D50 
 308      7A4E2B57 
 308      49456735 
 308      474A4459 
 309 0468 64416F47 		.ascii	"dAoGAF0t5KmwbjWHBhcVqO4Ic\015\012BVvN3BIlc1ue2YRXED"
 309      41463074 
 309      354B6D77 
 309      626A5748 
 309      42686356 
 310 0495 6C785935 		.ascii	"lxY5b0r8N4XceMgKmW18OHApZxfl8uPDauWZLXOgl4uepv\015\012"
 310      62307238 
 310      4E345863 
 310      654D674B 
 310      6D573138 
 311 04c5 77685A43 		.ascii	"whZC3EuWrSyyICNhLY21Ah7hbIEBPF3L3ZsOwC+UErL+dXWLdB5"
 311      33457557 
 311      72537979 
 311      49434E68 
 311      4C593231 
 312 04f8 364A6779 		.ascii	"6Jgy3gZaBeW7b\015\012vDrEnocJbqCm7IukhXHOBK8CgYEAwq"
 312      33675A61 
ARM GAS  C:\Users\jo\AppData\Local\Temp\ccf50qhg.s 			page 20


 312      42655737 
 312      620D0A76 
 312      4472456E 
 313 0525 64484230 		.ascii	"dHB0hqyNSzIOGY7v9abzB6pUdA3BZiQvEs\015\0123LjHVd4HP"
 313      6871794E 
 313      537A494F 
 313      47593776 
 313      3961627A 
 314 0552 4A327830 		.ascii	"J2x0N8CgrBIWOE0q8+0hSMmeE96WW/7jD3fPWwCR5zlXknxBQsf"
 314      4E384367 
 314      72424957 
 314      4F453071 
 314      382B3068 
 315 0585 76306750 		.ascii	"v0gP\015\0123BC5PR0Qdypz+d+9zfMf625kyit4T/hzwhDveZU"
 315      0D0A3342 
 315      43355052 
 315      30516479 
 315      707A2B64 
 316 05b2 7A486E6B 		.ascii	"zHnk1Cf+IG7Q+TOEnLnWAWBED\015\012ISOWmrUCgYAFEmRxgw"
 316      3143662B 
 316      49473751 
 316      2B544F45 
 316      6E4C6E57 
 317 05df 41632F75 		.ascii	"Ac/u+D6t0syCwAYh6POtscq9Y0i9GyWk89NzgC4NdwwbBH\015\012"
 317      2B443674 
 317      30737943 
 317      77415968 
 317      36504F74 
 318 060f 34416761 		.ascii	"4AgahOxIxXx2gxJnq3yfkJfIjwf0s2DyP0kY2y6Ua1OeomPeY9m"
 318      684F7849 
 318      78587832 
 318      67784A6E 
 318      71337966 
 319 0642 72495334 		.ascii	"rIS4tCuDQ6LrE\015\012TB6l9VGoxJL4fyHnZb8L5gGvnB1bbD"
 319      74437544 
 319      51364C72 
 319      450D0A54 
 319      42366C39 
 320 066f 38634C36 		.ascii	"8cL6YPaDiOhcRseC9vBiEuVg==\015\012-----END RSA PRIV"
 320      59506144 
 320      694F6863 
 320      52736543 
 320      39764269 
 321 069c 41544520 		.ascii	"ATE KEY-----\015\012\000"
 321      4B45592D 
 321      2D2D2D2D 
 321      0D0A00
 322 06ab 00       		.section	.data.test_srv_key,"aw",%progbits
 323              		.align	2
 324              		.type	test_srv_key, %object
 325              		.size	test_srv_key, 4
 326              	test_srv_key:
 327 0000 00000000 		.word	test_srv_key_rsa
 328              		.section	.data.test_ca_key,"aw",%progbits
 329              		.align	2
 330              		.type	test_ca_key, %object
 331              		.size	test_ca_key, 4
ARM GAS  C:\Users\jo\AppData\Local\Temp\ccf50qhg.s 			page 21


 332              	test_ca_key:
 333 0000 00000000 		.word	test_ca_key_rsa
 334              		.section	.rodata.test_ca_pwd_ec,"a",%progbits
 335              		.align	2
 336              		.type	test_ca_pwd_ec, %object
 337              		.size	test_ca_pwd_ec, 13
 338              	test_ca_pwd_ec:
 339 0000 506F6C61 		.ascii	"PolarSSLTest\000"
 339      7253534C 
 339      54657374 
 339      00
 340 000d 000000   		.section	.rodata.test_dhm_params,"a",%progbits
 341              		.align	2
 342              		.type	test_dhm_params, %object
 343              		.size	test_dhm_params, 251
 344              	test_dhm_params:
 345 0000 2D2D2D2D 		.ascii	"-----BEGIN DH PARAMETERS-----\015\012MIGHAoGBAJ419D"
 345      2D424547 
 345      494E2044 
 345      48205041 
 345      52414D45 
 346 002d 42454F67 		.ascii	"BEOgmQTzo5qXl5fQcN9TN455wkOL7052HzxxRVMyhYmwQcgJvh\015"
 346      6D51547A 
 346      6F357158 
 346      6C356651 
 346      634E3954 
 347 0060 0A317361 		.ascii	"\0121sa18fyfR9OiVEMYglOpkqVoGLN7qd5aQNNi5W7/C+VBdHT"
 347      31386679 
 347      6652394F 
 347      6956454D 
 347      59676C4F 
 348 0090 424A6347 		.ascii	"BJcGZJyyP5B3qcz32\015\0129mLJKudlVudV0Qxk5qUJaPZ/xu"
 348      5A4A7979 
 348      50354233 
 348      71637A33 
 348      320D0A39 
 349 00bd 707A304E 		.ascii	"pz0NyoVpviuiBOI1gNi8ovSXWzAgEC\015\012-----END DH P"
 349      796F5670 
 349      76697569 
 349      424F4931 
 349      674E6938 
 350 00ea 4152414D 		.ascii	"ARAMETERS-----\015\012\000"
 350      45544552 
 350      532D2D2D 
 350      2D2D0D0A 
 350      00
 351 00fb 00       		.section	.rodata.test_srv_crt_rsa,"a",%progbits
 352              		.align	2
 353              		.type	test_srv_crt_rsa, %object
 354              		.size	test_srv_crt_rsa, 1197
 355              	test_srv_crt_rsa:
 356 0000 2D2D2D2D 		.ascii	"-----BEGIN CERTIFICATE-----\015\012MIIDNzCCAh+gAwIB"
 356      2D424547 
 356      494E2043 
 356      45525449 
 356      46494341 
 357 002d 41674942 		.ascii	"AgIBAjANBgkqhkiG9w0BAQUFADA7MQswCQYDVQQGEwJOTDER\015"
ARM GAS  C:\Users\jo\AppData\Local\Temp\ccf50qhg.s 			page 22


 357      416A414E 
 357      42676B71 
 357      686B6947 
 357      39773042 
 358 005e 0A4D4138 		.ascii	"\012MA8GA1UEChMIUG9sYXJTU0wxGTAXBgNVBAMTEFBvbGFyU1N"
 358      47413155 
 358      4543684D 
 358      49554739 
 358      7359584A 
 359 008e 4D494652 		.ascii	"MIFRlc3QgQ0EwHhcN\015\012MTEwMjEyMTQ0NDA2WhcNMjEwMj"
 359      6C633351 
 359      67513045 
 359      77486863 
 359      4E0D0A4D 
 360 00bb 45794D54 		.ascii	"EyMTQ0NDA2WjA0MQswCQYDVQQGEwJOTDERMA8G\015\012A1UEC"
 360      51304E44 
 360      4132576A 
 360      41304D51 
 360      73774351 
 361 00e8 684D4955 		.ascii	"hMIUG9sYXJTU0wxEjAQBgNVBAMTCWxvY2FsaG9zdDCCASIwDQYJ"
 361      47397359 
 361      584A5455 
 361      30777845 
 361      6A415142 
 362 011b 4B6F5A49 		.ascii	"KoZIhvcN\015\012AQEBBQADggEPADCCAQoCggEBAMFNo93nzR3"
 362      6876634E 
 362      0D0A4151 
 362      45424251 
 362      41446767 
 363 0148 52424E64 		.ascii	"RBNdJcriZrA545Do8Ss86ExbQWuTN\015\012owCIp+4ea5anUr"
 363      4A637269 
 363      5A724135 
 363      3435446F 
 363      38537338 
 364 0175 53513779 		.ascii	"SQ7y1yej4kmvy2NKwk9XfgJmSMnLAofaHa6ozmyRyWvP7BBFKz\015"
 364      3179656A 
 364      346B6D76 
 364      79324E4B 
 364      776B3958 
 365 01a8 0A4E7453 		.ascii	"\012NtSj+uGxdtiQwWG0ZlI2oiZTqqt0Xgd9GYLbKtgfoNkNHC1"
 365      6A2B7547 
 365      78647469 
 365      51775747 
 365      305A6C49 
 366 01d8 4A5A7664 		.ascii	"JZvdbJXNG6AuKT2kM\015\012tQCQ4dqCEGZ9rlQri2V5kaHiYc"
 366      624A584E 
 366      47364175 
 366      4B54326B 
 366      4D0D0A74 
 367 0205 504E5145 		.ascii	"PNQEkI7mgM8YuG0ka/0LiqEQMef1aoGh5EGA8P\015\012hYvai"
 367      6B49376D 
 367      674D3859 
 367      7547306B 
 367      612F304C 
 368 0232 30526534 		.ascii	"0Re4hjGYi/HZo36Xdh98yeJKQHFkA4/J/EwyEoO79bex8cna8cF"
 368      686A4759 
 368      692F485A 
ARM GAS  C:\Users\jo\AppData\Local\Temp\ccf50qhg.s 			page 23


 368      6F333658 
 368      64683938 
 369 0265 50587245 		.ascii	"PXrEAjya\015\012HT4P6DSYW8tzS1KW2BGiLICIaTla0w+w3lk"
 369      416A7961 
 369      0D0A4854 
 369      34503644 
 369      53595738 
 370 0292 76456366 		.ascii	"vEcf36hIBMJcCAwEAAaNNMEswCQYD\015\012VR0TBAIwADAdBg"
 370      33366849 
 370      424D4A63 
 370      43417745 
 370      4141614E 
 371 02bf 4E564851 		.ascii	"NVHQ4EFgQUpQXoZLjc32APUBJNYKhkr02LQ5MwHwYDVR0jBBgw\015"
 371      34454667 
 371      51557051 
 371      586F5A4C 
 371      6A633332 
 372 02f2 0A466F41 		.ascii	"\012FoAUtFrkpbPe0lL2udWmlQ/rPrzH/f8wDQYJKoZIhvcNAQE"
 372      55744672 
 372      6B706250 
 372      65306C4C 
 372      32756457 
 373 0322 46425141 		.ascii	"FBQADggEBAJxnXClY\015\012oHkbp70cqBrsGXLybA74czbO5R"
 373      44676745 
 373      42414A78 
 373      6E58436C 
 373      590D0A6F 
 374 034f 644C4567 		.ascii	"dLEgFs7rHVS9r+c293luS/KdliLScZqAzYVylw\015\012UfRWv"
 374      46733772 
 374      48565339 
 374      722B6332 
 374      39336C75 
 375 037c 4B4D6F57 		.ascii	"KMoWhHYKp3dEIS4xTXk6/5zXxhv9Rw8SGc8qn6vITHk1S1mPevt"
 375      6848594B 
 375      70336445 
 375      49533478 
 375      54586B36 
 376 03af 656B6761 		.ascii	"ekgasY5Y\015\012iWQuM3h4YVlRH3HHEMAD1TnAexfXHHDFQGe"
 376      73593559 
 376      0D0A6957 
 376      51754D33 
 376      68345956 
 377 03dc 2B426431 		.ascii	"+Bd1iAbz1/sH9H8l4StwX6egvTK3M\015\012wXRwkKkvjKaEDA"
 377      6941627A 
 377      312F7348 
 377      3948386C 
 377      34537477 
 378 0409 39415462 		.ascii	"9ATbZx0mI8LGsxSuCqe9r9dyjmttd47J1p1Rulz3CLzaRcVIuS\015"
 378      5A78306D 
 378      49384C47 
 378      73785375 
 378      43716539 
 379 043c 0A525251 		.ascii	"\012RRQfaD8neM9c1S/iJ/amTVqJxA1KOdOS5780WhPfSArA+g4"
 379      66614438 
 379      6E654D39 
 379      6331532F 
 379      694A2F61 
ARM GAS  C:\Users\jo\AppData\Local\Temp\ccf50qhg.s 			page 24


 380 046c 71416D53 		.ascii	"qAmSjelc3p4wWpha8\015\012zhuYwjVuX6JHG0c=\015\012--"
 380      6A656C63 
 380      33703477 
 380      57706861 
 380      380D0A7A 
 381 0493 2D2D2D45 		.ascii	"---END CERTIFICATE-----\015\012\000"
 381      4E442043 
 381      45525449 
 381      46494341 
 381      54452D2D 
 382 04ad 000000   		.section	.data.test_cli_key,"aw",%progbits
 383              		.align	2
 384              		.type	test_cli_key, %object
 385              		.size	test_cli_key, 4
 386              	test_cli_key:
 387 0000 00000000 		.word	test_cli_key_rsa
 388              		.section	.rodata.test_cli_crt_ec,"a",%progbits
 389              		.align	2
 390              		.type	test_cli_crt_ec, %object
 391              		.size	test_cli_crt_ec, 829
 392              	test_cli_crt_ec:
 393 0000 2D2D2D2D 		.ascii	"-----BEGIN CERTIFICATE-----\015\012MIICLDCCAbKgAwIB"
 393      2D424547 
 393      494E2043 
 393      45525449 
 393      46494341 
 394 002d 41674942 		.ascii	"AgIBDTAKBggqhkjOPQQDAjA+MQswCQYDVQQGEwJOTDERMA8G\015"
 394      4454414B 
 394      42676771 
 394      686B6A4F 
 394      50515144 
 395 005e 0A413155 		.ascii	"\012A1UEChMIUG9sYXJTU0wxHDAaBgNVBAMTE1BvbGFyc3NsIFR"
 395      4543684D 
 395      49554739 
 395      7359584A 
 395      54553077 
 396 008e 6C633351 		.ascii	"lc3QgRUMgQ0EwHhcN\015\012MTMwOTI0MTU1MjA0WhcNMjMwOT"
 396      6752554D 
 396      67513045 
 396      77486863 
 396      4E0D0A4D 
 397 00bb 49794D54 		.ascii	"IyMTU1MjA0WjBBMQswCQYDVQQGEwJOTDERMA8G\015\012A1UEC"
 397      55314D6A 
 397      4130576A 
 397      42424D51 
 397      73774351 
 398 00e8 684D4955 		.ascii	"hMIUG9sYXJTU0wxHzAdBgNVBAMTFlBvbGFyU1NMIFRlc3QgQ2xp"
 398      47397359 
 398      584A5455 
 398      30777848 
 398      7A416442 
 399 011b 5A573530 		.ascii	"ZW50IDIw\015\012WTATBgcqhkjOPQIBBggqhkjOPQMBBwNCAAR"
 399      49444977 
 399      0D0A5754 
 399      41544267 
 399      6371686B 
 400 0148 58356136 		.ascii	"X5a6xc9/TrLuTuIH/Eq7u5lOszlVT\015\0129jQOzC7jYyUL35"
ARM GAS  C:\Users\jo\AppData\Local\Temp\ccf50qhg.s 			page 25


 400      7863392F 
 400      54724C75 
 400      54754948 
 400      2F457137 
 401 0175 6A693831 		.ascii	"ji81xgNpbA1RgUcOV/n9VLRRjlsGzVXPiWj4dwo+THo4GdMIGa\015"
 401      78674E70 
 401      62413152 
 401      6755634F 
 401      562F6E39 
 402 01a8 0A4D416B 		.ascii	"\012MAkGA1UdEwQCMAAwHQYDVR0OBBYEFHoAX4Zk/OBd5REQO7L"
 402      47413155 
 402      64457751 
 402      434D4141 
 402      77485159 
 403 01d8 6D4F3851 		.ascii	"mO8QmP8/iMG4GA1Ud\015\012IwRnMGWAFJ1tICRJAT8ry3i1Gb"
 403      6D50382F 
 403      694D4734 
 403      47413155 
 403      640D0A49 
 404 0205 782B4A4D 		.ascii	"x+JMnb+zZ8oUKkQDA+MQswCQYDVQQGEwJOTDER\015\012MA8GA"
 404      6E622B7A 
 404      5A386F55 
 404      4B6B5144 
 404      412B4D51 
 405 0232 31554543 		.ascii	"1UEChMIUG9sYXJTU0wxHDAaBgNVBAMTE1BvbGFyc3NsIFRlc3Qg"
 405      684D4955 
 405      47397359 
 405      584A5455 
 405      30777848 
 406 0265 52554D67 		.ascii	"RUMgQ0GC\015\012CQDBQ+J+YkPM6DAKBggqhkjOPQQDAgNoADB"
 406      51304743 
 406      0D0A4351 
 406      4442512B 
 406      4A2B596B 
 407 0292 6C416A42 		.ascii	"lAjBKZQ17IIOimbmoD/yN7o89u3BM\015\012lgOsjnhw3fIOoL"
 407      4B5A5131 
 407      3749494F 
 407      696D626D 
 407      6F442F79 
 408 02bf 49577932 		.ascii	"IWy2WOGsk/LGF++DzvrRzuNiACMQCd8iem1XS4JK7haj8xocpU\015"
 408      574F4773 
 408      6B2F4C47 
 408      462B2B44 
 408      7A767252 
 409 02f2 0A4C776A 		.ascii	"\012LwjQje5PDGHfd3h9tP38Qknu5bJqws0md2KOKHyeV0U=\015"
 409      516A6535 
 409      50444748 
 409      66643368 
 409      39745033 
 410 0320 0A2D2D2D 		.ascii	"\012-----END CERTIFICATE-----\015\012\000"
 410      2D2D454E 
 410      44204345 
 410      52544946 
 410      49434154 
 411 033d 000000   		.section	.rodata.test_ca_key_rsa,"a",%progbits
 412              		.align	2
 413              		.type	test_ca_key_rsa, %object
ARM GAS  C:\Users\jo\AppData\Local\Temp\ccf50qhg.s 			page 26


 414              		.size	test_ca_key_rsa, 1782
 415              	test_ca_key_rsa:
 416 0000 2D2D2D2D 		.ascii	"-----BEGIN RSA PRIVATE KEY-----\015\012Proc-Type: 4"
 416      2D424547 
 416      494E2052 
 416      53412050 
 416      52495641 
 417 002d 2C454E43 		.ascii	",ENCRYPTED\015\012DEK-Info: DES-EDE3-CBC,A8A95B05D5"
 417      52595054 
 417      45440D0A 
 417      44454B2D 
 417      496E666F 
 418 005a 42373230 		.ascii	"B7206B\015\012\015\0129Qd9GeArejl1GDVh2lLV1bHt0cPtf"
 418      36420D0A 
 418      0D0A3951 
 418      64394765 
 418      4172656A 
 419 0081 62683568 		.ascii	"bh5h/5zVpAVaFpqtSPMrElp50Rntn9et+JA\015\0127VOyboR+"
 419      2F357A56 
 419      70415661 
 419      46707174 
 419      53504D72 
 420 00ae 49793274 		.ascii	"Iy2t/HU4WvA687k3Bppe9GwKHjHhtl//8xFKwZr3Xb5yO5JUP8A"
 420      2F485534 
 420      57764136 
 420      38376B33 
 420      42707065 
 421 00e1 55637451 		.ascii	"UctQq\015\012Nb8CLlZyuUC+52REAAthdWgsX+7dJO4yabzUcQ"
 421      710D0A4E 
 421      6238434C 
 421      6C5A7975 
 421      55432B35 
 422 010e 32325470 		.ascii	"22Tp9JSD0hiL43BlkWYUNK3dAo\015\012PZlmiptjnzVTjg1Mx"
 422      394A5344 
 422      3068694C 
 422      3433426C 
 422      6B575955 
 423 013b 73425379 		.ascii	"sBSydZinWOLBV8/JQgxSPo2yD4uEfig28qbvQ2wNIn0pnAb\015"
 423      645A696E 
 423      574F4C42 
 423      56382F4A 
 423      51677853 
 424 016b 0A47786E 		.ascii	"\012GxnSAOazkongEGfvcjIIs+LZN9gXFhxcOh6kc4Q/c99B7QW"
 424      53414F61 
 424      7A6B6F6E 
 424      67454766 
 424      76636A49 
 425 019b 4554774C 		.ascii	"ETwLLkYgZ+z1a9VY9\015\012gEU7CwCxYCD+h9hY6FPmsK0/lC"
 425      4C6B5967 
 425      5A2B7A31 
 425      61395659 
 425      390D0A67 
 426 01c8 344F3761 		.ascii	"4O7aeRKpYq00rPPxs6i7phiexg6ax6yTMmArQq\015\012QmK3T"
 426      65524B70 
 426      59713030 
 426      72505078 
 426      73366937 
ARM GAS  C:\Users\jo\AppData\Local\Temp\ccf50qhg.s 			page 27


 427 01f5 41734A6D 		.ascii	"AsJm8V/J5AWpLEV6jAFgRGymGGHnof0DXzVWZidrcZJWTNuGEX9"
 427      38562F4A 
 427      35415770 
 427      4C455636 
 427      6A414667 
 428 0228 306E4233 		.ascii	"0nB3ee2w\015\012PXJEFWKoD3K3aFcSLdHYr3mLGxP7H9ThQai"
 428      65653277 
 428      0D0A5058 
 428      4A454657 
 428      4B6F4433 
 429 0255 39567379 		.ascii	"9VsycxZKS5kwvBKQ//YMrmFfwPk8x\015\012vTeY4KZMaUrveE"
 429      63785A4B 
 429      53356B77 
 429      76424B51 
 429      2F2F594D 
 430 0282 656C3574 		.ascii	"el5tWZC94RSMKgxR6cyE1nBXyTQnDOGbfpNNgBKxyKbINWoOJU\015"
 430      575A4339 
 430      3452534D 
 430      4B677852 
 430      36637945 
 431 02b5 0A574A5A 		.ascii	"\012WJZAwlsQn+QzCDwpri7+sV1mS3gBE6UY7aQmnmiiaC2V3Hb"
 431      41776C73 
 431      516E2B51 
 431      7A434477 
 431      70726937 
 432 02e5 70687863 		.ascii	"phxct/en5QsfDOt1X\015\012JczSfpRWLlbPznZg8OQh/VgCMA"
 432      742F656E 
 432      35517366 
 432      444F7431 
 432      580D0A4A 
 433 0312 35384E35 		.ascii	"58N5DjOzTIK7sJJ5r+94ZBTCpgAMbF588f0NTR\015\012KCe4y"
 433      446A4F7A 
 433      54494B37 
 433      734A4A35 
 433      722B3934 
 434 033f 7278474A 		.ascii	"rxGJR7X02M4nvD4IwOlpsQ8xQxZtOSgXv4LkxvdU9XJJKWZ/XNK"
 434      52375830 
 434      324D346E 
 434      76443449 
 434      774F6C70 
 435 0372 4A65577A 		.ascii	"JeWztxSe\015\012Z1vdTc2YfsDBA2SEv33vxHx2g1vqtw8SjDR"
 435      74785365 
 435      0D0A5A31 
 435      76645463 
 435      32596673 
 436 039f 54325261 		.ascii	"T2RaQSS0QuSaMJimdOX6mTOCBKk1J\015\0129Q5mXTrER+/LnK"
 436      51535330 
 436      51755361 
 436      4D4A696D 
 436      644F5836 
 437 03cc 306A456D 		.ascii	"0jEmXsBXWA5bqqVZIyahXSx4VYZ7l7w/PHiUDtDgyRhMMKi4n2\015"
 437      58734258 
 437      57413562 
 437      7171565A 
 437      49796168 
 438 03ff 0A695176 		.ascii	"\012iQvQcWSQTjrpnlJbca1/DkpRt3YwrvJwdqb8asZU2VrNETh"
 438      51635753 
ARM GAS  C:\Users\jo\AppData\Local\Temp\ccf50qhg.s 			page 28


 438      51546A72 
 438      706E6C4A 
 438      62636131 
 439 042f 35783051 		.ascii	"5x0QVefDRLFiVpif/\015\012tUaeAe/P1F8OkS7OIZDs1SUbv/"
 439      56656644 
 439      524C4669 
 439      56706966 
 439      2F0D0A74 
 440 045c 73443276 		.ascii	"sD2vMbhNkUoCms3/PvNtdnvgL4F0zhaDpKCmlT\015\012P8vx4"
 440      4D62684E 
 440      6B556F43 
 440      6D73332F 
 440      50764E74 
 441 0489 39453776 		.ascii	"9E7v5CyRNmED9zZg4o3wmMqrQO93PtTug3Eu9oVx1zPQM1NVMyB"
 441      35437952 
 441      4E6D4544 
 441      397A5A67 
 441      346F3377 
 442 04bc 61322B66 		.ascii	"a2+f29DL\015\0121nuTCeXdo9+ni45xx+jAI4DCwrRdhJ9uzZy"
 442      3239444C 
 442      0D0A316E 
 442      75544365 
 442      58646F39 
 443 04e9 43363936 		.ascii	"C6962H37H6D+5naNvClFR1s6li1Gb\015\012nqPoiy/OBsEx9C"
 443      32483337 
 443      4836442B 
 443      356E614E 
 443      76436C46 
 444 0516 61444763 		.ascii	"aDGcqQBp5Wme/3XW+6z1ISOx+igwNTVCT14mHdBMbya0eIKft5\015"
 444      71514270 
 444      35576D65 
 444      2F335857 
 444      2B367A31 
 445 0549 0A582B47 		.ascii	"\012X+GnwtgEMyCYyyWuUct8g4RzErcY9+yW9Om5Hzpx4zOuW4N"
 445      6E777467 
 445      454D7943 
 445      59797957 
 445      75556374 
 446 0579 505A6750 		.ascii	"PZgPDTgK+t2RSL/Yq\015\012rE1njrgeGYcVeG3f+OftH4s6fP"
 446      4454674B 
 446      2B743252 
 446      534C2F59 
 446      710D0A72 
 447 05a6 62713774 		.ascii	"bq7t1A5ZgUscbLMBqr9tK+OqygR4EgKBPsH6Cz\015\012L6zlv"
 447      3141355A 
 447      67557363 
 447      624C4D42 
 447      71723974 
 448 05d3 2F325256 		.ascii	"/2RV0qAHvVuDJcIDIgwY5rJtINEm32rhOeFNJwZS5MNIC1czXZx"
 448      30714148 
 448      76567544 
 448      4A634944 
 448      49677759 
 449 0606 352F2F75 		.ascii	"5//ugX7l\015\012I4sy5nbVhwSjtAk8Xg5dZbdTZ6mIrb7xqH+"
 449      6758376C 
 449      0D0A4934 
 449      7379356E 
ARM GAS  C:\Users\jo\AppData\Local\Temp\ccf50qhg.s 			page 29


 449      62566877 
 450 0633 6664616B 		.ascii	"fdakZor1khG7bC2uIwibD3cSl2XkR\015\012wN48lslbHnqqag"
 450      5A6F7231 
 450      6B684737 
 450      62433275 
 450      49776962 
 451 0660 7236586D 		.ascii	"r6Xm1nNOSVl8C/6kbJEsMpLhAezfRtGwvOucoaE+WbeUNolGde\015"
 451      316E4E4F 
 451      53566C38 
 451      432F366B 
 451      624A4573 
 452 0693 0A502F65 		.ascii	"\012P/eQiddSf0brnpiLJRh7qZrl9XuqYdpUqnoEdMAfotDOID8"
 452      51696464 
 452      53663062 
 452      726E7069 
 452      4C4A5268 
 453 06c3 4F745637 		.ascii	"OtV7gt8a48ad8VPW2\015\012-----END RSA PRIVATE KEY--"
 453      67743861 
 453      34386164 
 453      38565057 
 453      320D0A2D 
 454 06f0 2D2D2D0D 		.ascii	"---\015\012\000"
 454      0A00
 455 06f6 0000     		.section	.rodata.test_ca_crt_rsa,"a",%progbits
 456              		.align	2
 457              		.type	test_ca_crt_rsa, %object
 458              		.size	test_ca_crt_rsa, 1307
 459              	test_ca_crt_rsa:
 460 0000 2D2D2D2D 		.ascii	"-----BEGIN CERTIFICATE-----\015\012MIIDhzCCAm+gAwIB"
 460      2D424547 
 460      494E2043 
 460      45525449 
 460      46494341 
 461 002d 41674942 		.ascii	"AgIBADANBgkqhkiG9w0BAQUFADA7MQswCQYDVQQGEwJOTDER\015"
 461      4144414E 
 461      42676B71 
 461      686B6947 
 461      39773042 
 462 005e 0A4D4138 		.ascii	"\012MA8GA1UEChMIUG9sYXJTU0wxGTAXBgNVBAMTEFBvbGFyU1N"
 462      47413155 
 462      4543684D 
 462      49554739 
 462      7359584A 
 463 008e 4D494652 		.ascii	"MIFRlc3QgQ0EwHhcN\015\012MTEwMjEyMTQ0NDAwWhcNMjEwMj"
 463      6C633351 
 463      67513045 
 463      77486863 
 463      4E0D0A4D 
 464 00bb 45794D54 		.ascii	"EyMTQ0NDAwWjA7MQswCQYDVQQGEwJOTDERMA8G\015\012A1UEC"
 464      51304E44 
 464      4177576A 
 464      41374D51 
 464      73774351 
 465 00e8 684D4955 		.ascii	"hMIUG9sYXJTU0wxGTAXBgNVBAMTEFBvbGFyU1NMIFRlc3QgQ0Ew"
 465      47397359 
 465      584A5455 
 465      30777847 
ARM GAS  C:\Users\jo\AppData\Local\Temp\ccf50qhg.s 			page 30


 465      54415842 
 466 011b 67674569 		.ascii	"ggEiMA0G\015\012CSqGSIb3DQEBAQUAA4IBDwAwggEKAoIBAQD"
 466      4D413047 
 466      0D0A4353 
 466      71475349 
 466      62334451 
 467 0148 41337A66 		.ascii	"A3zf8F7vglp0/ht6WMn1EpRagzSHx\015\012mdTs6st8GFgIlK"
 467      38463776 
 467      676C7030 
 467      2F687436 
 467      574D6E31 
 468 0175 58736D38 		.ascii	"Xsm8WL3xoemTiZhx57wI053zhdcHgH057Zk+i5clHFzqMwUqny\015"
 468      574C3378 
 468      6F656D54 
 468      695A6878 
 468      35377749 
 469 01a8 0A353042 		.ascii	"\01250BwFMtEonILwuVA+T7lpg6z+exKY8C4KQB0nFc7qKUEkHH"
 469      77464D74 
 469      456F6E49 
 469      4C777556 
 469      412B5437 
 470 01d8 78765950 		.ascii	"xvYPZP9al4jwqj+8n\015\012YMPGn8u67GB9t+aEMr5P+1gmIg"
 470      5A503961 
 470      6C346A77 
 470      716A2B38 
 470      6E0D0A59 
 471 0205 4E62314C 		.ascii	"Nb1LTV+/Xjli5wwOQuvfwu7uJBVcA0Ln0kcmnL\015\012R7EUQ"
 471      54562B2F 
 471      586A6C69 
 471      3577774F 
 471      51757666 
 472 0232 494E395A 		.ascii	"IN9Z/SG9jGr8XmksrUuEvmEF/Bibyc+E1ixVA0hmnM3oTDPb5Lc"
 472      2F534739 
 472      6A477238 
 472      586D6B73 
 472      72557545 
 473 0265 39756E38 		.ascii	"9un8rNsu\015\012KNF+AksjoBXyOGVkCeoMbo4bF6BxyLObyav"
 473      724E7375 
 473      0D0A4B4E 
 473      462B416B 
 473      736A6F42 
 474 0292 70772F4C 		.ascii	"pw/LPh5aPgAIynplYb6LVAgMBAAGj\015\012gZUwgZIwDAYDVR"
 474      50683561 
 474      50674149 
 474      796E706C 
 474      5962364C 
 475 02bf 30544241 		.ascii	"0TBAUwAwEB/zAdBgNVHQ4EFgQUtFrkpbPe0lL2udWmlQ/rPrzH\015"
 475      55774177 
 475      45422F7A 
 475      41644267 
 475      4E564851 
 476 02f2 0A2F6638 		.ascii	"\012/f8wYwYDVR0jBFwwWoAUtFrkpbPe0lL2udWmlQ/rPrzH/f+"
 476      77597759 
 476      44565230 
 476      6A424677 
 476      77576F41 
 477 0322 68503651 		.ascii	"hP6Q9MDsxCzAJBgNV\015\012BAYTAk5MMREwDwYDVQQKEwhQb2"
ARM GAS  C:\Users\jo\AppData\Local\Temp\ccf50qhg.s 			page 31


 477      394D4473 
 477      78437A41 
 477      4A42674E 
 477      560D0A42 
 478 034f 7868636C 		.ascii	"xhclNTTDEZMBcGA1UEAxMQUG9sYXJTU0wgVGVz\015\012dCBDQ"
 478      4E545444 
 478      455A4D42 
 478      63474131 
 478      55454178 
 479 037c 59494241 		.ascii	"YIBADANBgkqhkiG9w0BAQUFAAOCAQEAuP1U2ABUkIslsCfdlc2i"
 479      44414E42 
 479      676B7168 
 479      6B694739 
 479      77304241 
 480 03af 39345148 		.ascii	"94QHHYeJ\015\012SsR4EdgHtdciUI5I62J6Mom+Y0dT/7a+8S6"
 480      4859654A 
 480      0D0A5373 
 480      52344564 
 480      67487464 
 481 03dc 4D564D43 		.ascii	"MVMCZP6C5NyNyXw1GWY/YR82XTJ8H\015\012DBJiCTok5DbZ6S"
 481      5A503643 
 481      354E794E 
 481      79587731 
 481      4757592F 
 482 0409 7A614F4E 		.ascii	"zaONBzdWHXwWwmi5vg1dxn7YxrM9d0IjxM27WNKs4sDQhZBQkF\015"
 482      427A6457 
 482      48587757 
 482      776D6935 
 482      76673164 
 483 043c 0A706A6D 		.ascii	"\012pjmfs2cb4oPl4Y9T9meTx/lvdkRYEug61Jfn6cA+qHpyPYd"
 483      66733263 
 483      62346F50 
 483      6C345939 
 483      54396D65 
 484 046c 54482B55 		.ascii	"TH+UshITnmp5/Ztkf\015\012m/UTSLBNFNHesiTZeH31NcxYGd"
 484      73684954 
 484      6E6D7035 
 484      2F5A746B 
 484      660D0A6D 
 485 0499 48536D65 		.ascii	"HSme9Nc/gfidRa0FLOCfWxRlFqAI47zG9jAQCZ\015\0127Z2mC"
 485      394E632F 
 485      67666964 
 485      52613046 
 485      4C4F4366 
 486 04c6 47444E4D 		.ascii	"GDNMhjQc+BYcdnl0lPXjdDK6V0qCg1dVewhUBcW5gZKzV7e9+Dp"
 486      686A5163 
 486      2B425963 
 486      646E6C30 
 486      6C50586A 
 487 04f9 56413D3D 		.ascii	"VA==\015\012-----END CERTIFICATE-----\015\012\000"
 487      0D0A2D2D 
 487      2D2D2D45 
 487      4E442043 
 487      45525449 
 488 051b 00       		.text
 489              	.Letext0:
 490              		.file 1 "../../../ext/mbedtls-1.3.11/library/certs.c"
ARM GAS  C:\Users\jo\AppData\Local\Temp\ccf50qhg.s 			page 32


 491              		.section	.debug_info,"",%progbits
 492              	.Ldebug_info0:
 493 0000 ED020000 		.4byte	0x2ed
 494 0004 0400     		.2byte	0x4
 495 0006 00000000 		.4byte	.Ldebug_abbrev0
 496 000a 04       		.byte	0x4
 497 000b 01       		.uleb128 0x1
 498 000c 77000000 		.4byte	.LASF25
 499 0010 01       		.byte	0x1
 500 0011 59020000 		.4byte	.LASF26
 501 0015 A0010000 		.4byte	.LASF27
 502 0019 00000000 		.4byte	.Ldebug_line0
 503 001d 02       		.uleb128 0x2
 504 001e 35000000 		.4byte	0x35
 505 0022 2E000000 		.4byte	0x2e
 506 0026 03       		.uleb128 0x3
 507 0027 2E000000 		.4byte	0x2e
 508 002b 7203     		.2byte	0x372
 509 002d 00       		.byte	0
 510 002e 04       		.uleb128 0x4
 511 002f 04       		.byte	0x4
 512 0030 07       		.byte	0x7
 513 0031 91020000 		.4byte	.LASF0
 514 0035 04       		.uleb128 0x4
 515 0036 01       		.byte	0x1
 516 0037 08       		.byte	0x8
 517 0038 9B010000 		.4byte	.LASF1
 518 003c 05       		.uleb128 0x5
 519 003d 9A020000 		.4byte	.LASF2
 520 0041 01       		.byte	0x1
 521 0042 30       		.byte	0x30
 522 0043 4D000000 		.4byte	0x4d
 523 0047 05       		.uleb128 0x5
 524 0048 03       		.byte	0x3
 525 0049 00000000 		.4byte	test_ca_crt_ec
 526 004d 06       		.uleb128 0x6
 527 004e 1D000000 		.4byte	0x1d
 528 0052 02       		.uleb128 0x2
 529 0053 35000000 		.4byte	0x35
 530 0057 63000000 		.4byte	0x63
 531 005b 03       		.uleb128 0x3
 532 005c 2E000000 		.4byte	0x2e
 533 0060 6901     		.2byte	0x169
 534 0062 00       		.byte	0
 535 0063 05       		.uleb128 0x5
 536 0064 8C010000 		.4byte	.LASF3
 537 0068 01       		.byte	0x1
 538 0069 32       		.byte	0x32
 539 006a 74000000 		.4byte	0x74
 540 006e 05       		.uleb128 0x5
 541 006f 03       		.byte	0x3
 542 0070 00000000 		.4byte	test_ca_key_ec
 543 0074 06       		.uleb128 0x6
 544 0075 52000000 		.4byte	0x52
 545 0079 02       		.uleb128 0x2
 546 007a 35000000 		.4byte	0x35
 547 007e 89000000 		.4byte	0x89
ARM GAS  C:\Users\jo\AppData\Local\Temp\ccf50qhg.s 			page 33


 548 0082 07       		.uleb128 0x7
 549 0083 2E000000 		.4byte	0x2e
 550 0087 0C       		.byte	0xc
 551 0088 00       		.byte	0
 552 0089 05       		.uleb128 0x5
 553 008a A9020000 		.4byte	.LASF4
 554 008e 01       		.byte	0x1
 555 008f 3D       		.byte	0x3d
 556 0090 9A000000 		.4byte	0x9a
 557 0094 05       		.uleb128 0x5
 558 0095 03       		.byte	0x3
 559 0096 00000000 		.4byte	test_ca_pwd_ec
 560 009a 06       		.uleb128 0x6
 561 009b 79000000 		.4byte	0x79
 562 009f 02       		.uleb128 0x2
 563 00a0 35000000 		.4byte	0x35
 564 00a4 B0000000 		.4byte	0xb0
 565 00a8 03       		.uleb128 0x3
 566 00a9 2E000000 		.4byte	0x2e
 567 00ad 2C03     		.2byte	0x32c
 568 00af 00       		.byte	0
 569 00b0 05       		.uleb128 0x5
 570 00b1 2C020000 		.4byte	.LASF5
 571 00b5 01       		.byte	0x1
 572 00b6 3F       		.byte	0x3f
 573 00b7 C1000000 		.4byte	0xc1
 574 00bb 05       		.uleb128 0x5
 575 00bc 03       		.byte	0x3
 576 00bd 00000000 		.4byte	test_srv_crt_ec
 577 00c1 06       		.uleb128 0x6
 578 00c2 9F000000 		.4byte	0x9f
 579 00c6 02       		.uleb128 0x2
 580 00c7 35000000 		.4byte	0x35
 581 00cb D6000000 		.4byte	0xd6
 582 00cf 07       		.uleb128 0x7
 583 00d0 2E000000 		.4byte	0x2e
 584 00d4 E8       		.byte	0xe8
 585 00d5 00       		.byte	0
 586 00d6 05       		.uleb128 0x5
 587 00d7 29000000 		.4byte	.LASF6
 588 00db 01       		.byte	0x1
 589 00dc 4F       		.byte	0x4f
 590 00dd E7000000 		.4byte	0xe7
 591 00e1 05       		.uleb128 0x5
 592 00e2 03       		.byte	0x3
 593 00e3 00000000 		.4byte	test_srv_key_ec
 594 00e7 06       		.uleb128 0x6
 595 00e8 C6000000 		.4byte	0xc6
 596 00ec 02       		.uleb128 0x2
 597 00ed 35000000 		.4byte	0x35
 598 00f1 FD000000 		.4byte	0xfd
 599 00f5 03       		.uleb128 0x3
 600 00f6 2E000000 		.4byte	0x2e
 601 00fa 3C03     		.2byte	0x33c
 602 00fc 00       		.byte	0
 603 00fd 05       		.uleb128 0x5
 604 00fe EE010000 		.4byte	.LASF7
ARM GAS  C:\Users\jo\AppData\Local\Temp\ccf50qhg.s 			page 34


 605 0102 01       		.byte	0x1
 606 0103 56       		.byte	0x56
 607 0104 0E010000 		.4byte	0x10e
 608 0108 05       		.uleb128 0x5
 609 0109 03       		.byte	0x3
 610 010a 00000000 		.4byte	test_cli_crt_ec
 611 010e 06       		.uleb128 0x6
 612 010f EC000000 		.4byte	0xec
 613 0113 05       		.uleb128 0x5
 614 0114 0D000000 		.4byte	.LASF8
 615 0118 01       		.byte	0x1
 616 0119 66       		.byte	0x66
 617 011a 24010000 		.4byte	0x124
 618 011e 05       		.uleb128 0x5
 619 011f 03       		.byte	0x3
 620 0120 00000000 		.4byte	test_cli_key_ec
 621 0124 06       		.uleb128 0x6
 622 0125 C6000000 		.4byte	0xc6
 623 0129 02       		.uleb128 0x2
 624 012a 35000000 		.4byte	0x35
 625 012e 3A010000 		.4byte	0x13a
 626 0132 03       		.uleb128 0x3
 627 0133 2E000000 		.4byte	0x2e
 628 0137 1A05     		.2byte	0x51a
 629 0139 00       		.byte	0
 630 013a 05       		.uleb128 0x5
 631 013b 39000000 		.4byte	.LASF9
 632 013f 01       		.byte	0x1
 633 0140 87       		.byte	0x87
 634 0141 4B010000 		.4byte	0x14b
 635 0145 05       		.uleb128 0x5
 636 0146 03       		.byte	0x3
 637 0147 00000000 		.4byte	test_ca_crt_rsa
 638 014b 06       		.uleb128 0x6
 639 014c 29010000 		.4byte	0x129
 640 0150 02       		.uleb128 0x2
 641 0151 35000000 		.4byte	0x35
 642 0155 61010000 		.4byte	0x161
 643 0159 03       		.uleb128 0x3
 644 015a 2E000000 		.4byte	0x2e
 645 015e F506     		.2byte	0x6f5
 646 0160 00       		.byte	0
 647 0161 05       		.uleb128 0x5
 648 0162 49000000 		.4byte	.LASF10
 649 0166 01       		.byte	0x1
 650 0167 89       		.byte	0x89
 651 0168 72010000 		.4byte	0x172
 652 016c 05       		.uleb128 0x5
 653 016d 03       		.byte	0x3
 654 016e 00000000 		.4byte	test_ca_key_rsa
 655 0172 06       		.uleb128 0x6
 656 0173 50010000 		.4byte	0x150
 657 0177 05       		.uleb128 0x5
 658 0178 3C020000 		.4byte	.LASF11
 659 017c 01       		.byte	0x1
 660 017d A9       		.byte	0xa9
 661 017e 88010000 		.4byte	0x188
ARM GAS  C:\Users\jo\AppData\Local\Temp\ccf50qhg.s 			page 35


 662 0182 05       		.uleb128 0x5
 663 0183 03       		.byte	0x3
 664 0184 00000000 		.4byte	test_ca_pwd_rsa
 665 0188 06       		.uleb128 0x6
 666 0189 79000000 		.4byte	0x79
 667 018d 02       		.uleb128 0x2
 668 018e 35000000 		.4byte	0x35
 669 0192 9E010000 		.4byte	0x19e
 670 0196 03       		.uleb128 0x3
 671 0197 2E000000 		.4byte	0x2e
 672 019b AC04     		.2byte	0x4ac
 673 019d 00       		.byte	0
 674 019e 05       		.uleb128 0x5
 675 019f 1B020000 		.4byte	.LASF12
 676 01a3 01       		.byte	0x1
 677 01a4 AB       		.byte	0xab
 678 01a5 AF010000 		.4byte	0x1af
 679 01a9 05       		.uleb128 0x5
 680 01aa 03       		.byte	0x3
 681 01ab 00000000 		.4byte	test_srv_crt_rsa
 682 01af 06       		.uleb128 0x6
 683 01b0 8D010000 		.4byte	0x18d
 684 01b4 02       		.uleb128 0x2
 685 01b5 35000000 		.4byte	0x35
 686 01b9 C5010000 		.4byte	0x1c5
 687 01bd 03       		.uleb128 0x3
 688 01be 2E000000 		.4byte	0x2e
 689 01c2 AA06     		.2byte	0x6aa
 690 01c4 00       		.byte	0
 691 01c5 05       		.uleb128 0x5
 692 01c6 62010000 		.4byte	.LASF13
 693 01ca 01       		.byte	0x1
 694 01cb C1       		.byte	0xc1
 695 01cc D6010000 		.4byte	0x1d6
 696 01d0 05       		.uleb128 0x5
 697 01d1 03       		.byte	0x3
 698 01d2 00000000 		.4byte	test_srv_key_rsa
 699 01d6 06       		.uleb128 0x6
 700 01d7 B4010000 		.4byte	0x1b4
 701 01db 02       		.uleb128 0x2
 702 01dc 35000000 		.4byte	0x35
 703 01e0 EC010000 		.4byte	0x1ec
 704 01e4 03       		.uleb128 0x3
 705 01e5 2E000000 		.4byte	0x2e
 706 01e9 B804     		.2byte	0x4b8
 707 01eb 00       		.byte	0
 708 01ec 05       		.uleb128 0x5
 709 01ed 51010000 		.4byte	.LASF14
 710 01f1 01       		.byte	0x1
 711 01f2 DF       		.byte	0xdf
 712 01f3 FD010000 		.4byte	0x1fd
 713 01f7 05       		.uleb128 0x5
 714 01f8 03       		.byte	0x3
 715 01f9 00000000 		.4byte	test_cli_crt_rsa
 716 01fd 06       		.uleb128 0x6
 717 01fe DB010000 		.4byte	0x1db
 718 0202 05       		.uleb128 0x5
ARM GAS  C:\Users\jo\AppData\Local\Temp\ccf50qhg.s 			page 36


 719 0203 59000000 		.4byte	.LASF15
 720 0207 01       		.byte	0x1
 721 0208 F5       		.byte	0xf5
 722 0209 13020000 		.4byte	0x213
 723 020d 05       		.uleb128 0x5
 724 020e 03       		.byte	0x3
 725 020f 00000000 		.4byte	test_cli_key_rsa
 726 0213 06       		.uleb128 0x6
 727 0214 B4010000 		.4byte	0x1b4
 728 0218 02       		.uleb128 0x2
 729 0219 35000000 		.4byte	0x35
 730 021d 28020000 		.4byte	0x228
 731 0221 07       		.uleb128 0x7
 732 0222 2E000000 		.4byte	0x2e
 733 0226 FA       		.byte	0xfa
 734 0227 00       		.byte	0
 735 0228 08       		.uleb128 0x8
 736 0229 FE010000 		.4byte	.LASF16
 737 022d 01       		.byte	0x1
 738 022e 1601     		.2byte	0x116
 739 0230 3A020000 		.4byte	0x23a
 740 0234 05       		.uleb128 0x5
 741 0235 03       		.byte	0x3
 742 0236 00000000 		.4byte	test_dhm_params
 743 023a 06       		.uleb128 0x6
 744 023b 18020000 		.4byte	0x218
 745 023f 02       		.uleb128 0x2
 746 0240 35000000 		.4byte	0x35
 747 0244 50020000 		.4byte	0x250
 748 0248 03       		.uleb128 0x3
 749 0249 2E000000 		.4byte	0x2e
 750 024d 8C08     		.2byte	0x88c
 751 024f 00       		.byte	0
 752 0250 08       		.uleb128 0x8
 753 0251 6A000000 		.4byte	.LASF17
 754 0255 01       		.byte	0x1
 755 0256 1F01     		.2byte	0x11f
 756 0258 62020000 		.4byte	0x262
 757 025c 05       		.uleb128 0x5
 758 025d 03       		.byte	0x3
 759 025e 00000000 		.4byte	test_ca_list
 760 0262 06       		.uleb128 0x6
 761 0263 3F020000 		.4byte	0x23f
 762 0267 08       		.uleb128 0x8
 763 0268 73010000 		.4byte	.LASF18
 764 026c 01       		.byte	0x1
 765 026d 2201     		.2byte	0x122
 766 026f 79020000 		.4byte	0x279
 767 0273 05       		.uleb128 0x5
 768 0274 03       		.byte	0x3
 769 0275 00000000 		.4byte	test_ca_crt
 770 0279 09       		.uleb128 0x9
 771 027a 04       		.byte	0x4
 772 027b 7F020000 		.4byte	0x27f
 773 027f 06       		.uleb128 0x6
 774 0280 35000000 		.4byte	0x35
 775 0284 08       		.uleb128 0x8
ARM GAS  C:\Users\jo\AppData\Local\Temp\ccf50qhg.s 			page 37


 776 0285 1D000000 		.4byte	.LASF19
 777 0289 01       		.byte	0x1
 778 028a 2301     		.2byte	0x123
 779 028c 79020000 		.4byte	0x279
 780 0290 05       		.uleb128 0x5
 781 0291 03       		.byte	0x3
 782 0292 00000000 		.4byte	test_ca_key
 783 0296 08       		.uleb128 0x8
 784 0297 85020000 		.4byte	.LASF20
 785 029b 01       		.byte	0x1
 786 029c 2401     		.2byte	0x124
 787 029e 79020000 		.4byte	0x279
 788 02a2 05       		.uleb128 0x5
 789 02a3 03       		.byte	0x3
 790 02a4 00000000 		.4byte	test_ca_pwd
 791 02a8 08       		.uleb128 0x8
 792 02a9 7F010000 		.4byte	.LASF21
 793 02ad 01       		.byte	0x1
 794 02ae 2501     		.2byte	0x125
 795 02b0 79020000 		.4byte	0x279
 796 02b4 05       		.uleb128 0x5
 797 02b5 03       		.byte	0x3
 798 02b6 00000000 		.4byte	test_srv_crt
 799 02ba 08       		.uleb128 0x8
 800 02bb 4C020000 		.4byte	.LASF22
 801 02bf 01       		.byte	0x1
 802 02c0 2601     		.2byte	0x126
 803 02c2 79020000 		.4byte	0x279
 804 02c6 05       		.uleb128 0x5
 805 02c7 03       		.byte	0x3
 806 02c8 00000000 		.4byte	test_srv_key
 807 02cc 08       		.uleb128 0x8
 808 02cd 0E020000 		.4byte	.LASF23
 809 02d1 01       		.byte	0x1
 810 02d2 2701     		.2byte	0x127
 811 02d4 79020000 		.4byte	0x279
 812 02d8 05       		.uleb128 0x5
 813 02d9 03       		.byte	0x3
 814 02da 00000000 		.4byte	test_cli_crt
 815 02de 08       		.uleb128 0x8
 816 02df 00000000 		.4byte	.LASF24
 817 02e3 01       		.byte	0x1
 818 02e4 2801     		.2byte	0x128
 819 02e6 79020000 		.4byte	0x279
 820 02ea 05       		.uleb128 0x5
 821 02eb 03       		.byte	0x3
 822 02ec 00000000 		.4byte	test_cli_key
 823 02f0 00       		.byte	0
 824              		.section	.debug_abbrev,"",%progbits
 825              	.Ldebug_abbrev0:
 826 0000 01       		.uleb128 0x1
 827 0001 11       		.uleb128 0x11
 828 0002 01       		.byte	0x1
 829 0003 25       		.uleb128 0x25
 830 0004 0E       		.uleb128 0xe
 831 0005 13       		.uleb128 0x13
 832 0006 0B       		.uleb128 0xb
ARM GAS  C:\Users\jo\AppData\Local\Temp\ccf50qhg.s 			page 38


 833 0007 03       		.uleb128 0x3
 834 0008 0E       		.uleb128 0xe
 835 0009 1B       		.uleb128 0x1b
 836 000a 0E       		.uleb128 0xe
 837 000b 10       		.uleb128 0x10
 838 000c 17       		.uleb128 0x17
 839 000d 00       		.byte	0
 840 000e 00       		.byte	0
 841 000f 02       		.uleb128 0x2
 842 0010 01       		.uleb128 0x1
 843 0011 01       		.byte	0x1
 844 0012 49       		.uleb128 0x49
 845 0013 13       		.uleb128 0x13
 846 0014 01       		.uleb128 0x1
 847 0015 13       		.uleb128 0x13
 848 0016 00       		.byte	0
 849 0017 00       		.byte	0
 850 0018 03       		.uleb128 0x3
 851 0019 21       		.uleb128 0x21
 852 001a 00       		.byte	0
 853 001b 49       		.uleb128 0x49
 854 001c 13       		.uleb128 0x13
 855 001d 2F       		.uleb128 0x2f
 856 001e 05       		.uleb128 0x5
 857 001f 00       		.byte	0
 858 0020 00       		.byte	0
 859 0021 04       		.uleb128 0x4
 860 0022 24       		.uleb128 0x24
 861 0023 00       		.byte	0
 862 0024 0B       		.uleb128 0xb
 863 0025 0B       		.uleb128 0xb
 864 0026 3E       		.uleb128 0x3e
 865 0027 0B       		.uleb128 0xb
 866 0028 03       		.uleb128 0x3
 867 0029 0E       		.uleb128 0xe
 868 002a 00       		.byte	0
 869 002b 00       		.byte	0
 870 002c 05       		.uleb128 0x5
 871 002d 34       		.uleb128 0x34
 872 002e 00       		.byte	0
 873 002f 03       		.uleb128 0x3
 874 0030 0E       		.uleb128 0xe
 875 0031 3A       		.uleb128 0x3a
 876 0032 0B       		.uleb128 0xb
 877 0033 3B       		.uleb128 0x3b
 878 0034 0B       		.uleb128 0xb
 879 0035 49       		.uleb128 0x49
 880 0036 13       		.uleb128 0x13
 881 0037 3F       		.uleb128 0x3f
 882 0038 19       		.uleb128 0x19
 883 0039 02       		.uleb128 0x2
 884 003a 18       		.uleb128 0x18
 885 003b 00       		.byte	0
 886 003c 00       		.byte	0
 887 003d 06       		.uleb128 0x6
 888 003e 26       		.uleb128 0x26
 889 003f 00       		.byte	0
ARM GAS  C:\Users\jo\AppData\Local\Temp\ccf50qhg.s 			page 39


 890 0040 49       		.uleb128 0x49
 891 0041 13       		.uleb128 0x13
 892 0042 00       		.byte	0
 893 0043 00       		.byte	0
 894 0044 07       		.uleb128 0x7
 895 0045 21       		.uleb128 0x21
 896 0046 00       		.byte	0
 897 0047 49       		.uleb128 0x49
 898 0048 13       		.uleb128 0x13
 899 0049 2F       		.uleb128 0x2f
 900 004a 0B       		.uleb128 0xb
 901 004b 00       		.byte	0
 902 004c 00       		.byte	0
 903 004d 08       		.uleb128 0x8
 904 004e 34       		.uleb128 0x34
 905 004f 00       		.byte	0
 906 0050 03       		.uleb128 0x3
 907 0051 0E       		.uleb128 0xe
 908 0052 3A       		.uleb128 0x3a
 909 0053 0B       		.uleb128 0xb
 910 0054 3B       		.uleb128 0x3b
 911 0055 05       		.uleb128 0x5
 912 0056 49       		.uleb128 0x49
 913 0057 13       		.uleb128 0x13
 914 0058 3F       		.uleb128 0x3f
 915 0059 19       		.uleb128 0x19
 916 005a 02       		.uleb128 0x2
 917 005b 18       		.uleb128 0x18
 918 005c 00       		.byte	0
 919 005d 00       		.byte	0
 920 005e 09       		.uleb128 0x9
 921 005f 0F       		.uleb128 0xf
 922 0060 00       		.byte	0
 923 0061 0B       		.uleb128 0xb
 924 0062 0B       		.uleb128 0xb
 925 0063 49       		.uleb128 0x49
 926 0064 13       		.uleb128 0x13
 927 0065 00       		.byte	0
 928 0066 00       		.byte	0
 929 0067 00       		.byte	0
 930              		.section	.debug_aranges,"",%progbits
 931 0000 14000000 		.4byte	0x14
 932 0004 0200     		.2byte	0x2
 933 0006 00000000 		.4byte	.Ldebug_info0
 934 000a 04       		.byte	0x4
 935 000b 00       		.byte	0
 936 000c 0000     		.2byte	0
 937 000e 0000     		.2byte	0
 938 0010 00000000 		.4byte	0
 939 0014 00000000 		.4byte	0
 940              		.section	.debug_line,"",%progbits
 941              	.Ldebug_line0:
 942 0000 48000000 		.section	.debug_str,"MS",%progbits,1
 942      02004200 
 942      00000201 
 942      FB0E0D00 
 942      01010101 
ARM GAS  C:\Users\jo\AppData\Local\Temp\ccf50qhg.s 			page 40


 943              	.LASF24:
 944 0000 74657374 		.ascii	"test_cli_key\000"
 944      5F636C69 
 944      5F6B6579 
 944      00
 945              	.LASF8:
 946 000d 74657374 		.ascii	"test_cli_key_ec\000"
 946      5F636C69 
 946      5F6B6579 
 946      5F656300 
 947              	.LASF19:
 948 001d 74657374 		.ascii	"test_ca_key\000"
 948      5F63615F 
 948      6B657900 
 949              	.LASF6:
 950 0029 74657374 		.ascii	"test_srv_key_ec\000"
 950      5F737276 
 950      5F6B6579 
 950      5F656300 
 951              	.LASF9:
 952 0039 74657374 		.ascii	"test_ca_crt_rsa\000"
 952      5F63615F 
 952      6372745F 
 952      72736100 
 953              	.LASF10:
 954 0049 74657374 		.ascii	"test_ca_key_rsa\000"
 954      5F63615F 
 954      6B65795F 
 954      72736100 
 955              	.LASF15:
 956 0059 74657374 		.ascii	"test_cli_key_rsa\000"
 956      5F636C69 
 956      5F6B6579 
 956      5F727361 
 956      00
 957              	.LASF17:
 958 006a 74657374 		.ascii	"test_ca_list\000"
 958      5F63615F 
 958      6C697374 
 958      00
 959              	.LASF25:
 960 0077 474E5520 		.ascii	"GNU C 4.9.3 20141119 (release) [ARM/embedded-4_9-br"
 960      4320342E 
 960      392E3320 
 960      32303134 
 960      31313139 
 961 00aa 616E6368 		.ascii	"anch revision 218278] -mcpu=cortex-m4 -mno-thumb-in"
 961      20726576 
 961      6973696F 
 961      6E203231 
 961      38323738 
 962 00dd 74657277 		.ascii	"terwork -mthumb -ggdb -O2 -fomit-frame-pointer -fal"
 962      6F726B20 
 962      2D6D7468 
 962      756D6220 
 962      2D676764 
 963 0110 69676E2D 		.ascii	"ign-functions=16 -ffunction-sections -fdata-section"
ARM GAS  C:\Users\jo\AppData\Local\Temp\ccf50qhg.s 			page 41


 963      66756E63 
 963      74696F6E 
 963      733D3136 
 963      202D6666 
 964 0143 73202D66 		.ascii	"s -fno-common\000"
 964      6E6F2D63 
 964      6F6D6D6F 
 964      6E00
 965              	.LASF14:
 966 0151 74657374 		.ascii	"test_cli_crt_rsa\000"
 966      5F636C69 
 966      5F637274 
 966      5F727361 
 966      00
 967              	.LASF13:
 968 0162 74657374 		.ascii	"test_srv_key_rsa\000"
 968      5F737276 
 968      5F6B6579 
 968      5F727361 
 968      00
 969              	.LASF18:
 970 0173 74657374 		.ascii	"test_ca_crt\000"
 970      5F63615F 
 970      63727400 
 971              	.LASF21:
 972 017f 74657374 		.ascii	"test_srv_crt\000"
 972      5F737276 
 972      5F637274 
 972      00
 973              	.LASF3:
 974 018c 74657374 		.ascii	"test_ca_key_ec\000"
 974      5F63615F 
 974      6B65795F 
 974      656300
 975              	.LASF1:
 976 019b 63686172 		.ascii	"char\000"
 976      00
 977              	.LASF27:
 978 01a0 433A5C55 		.ascii	"C:\\Users\\jo\\Documents\\GitHub\\ChibiOS\\demos\\S"
 978      73657273 
 978      5C6A6F5C 
 978      446F6375 
 978      6D656E74 
 979 01cc 544D3332 		.ascii	"TM32\\RT-STM32F407-DISCOVERY-uHttp\000"
 979      5C52542D 
 979      53544D33 
 979      32463430 
 979      372D4449 
 980              	.LASF7:
 981 01ee 74657374 		.ascii	"test_cli_crt_ec\000"
 981      5F636C69 
 981      5F637274 
 981      5F656300 
 982              	.LASF16:
 983 01fe 74657374 		.ascii	"test_dhm_params\000"
 983      5F64686D 
 983      5F706172 
ARM GAS  C:\Users\jo\AppData\Local\Temp\ccf50qhg.s 			page 42


 983      616D7300 
 984              	.LASF23:
 985 020e 74657374 		.ascii	"test_cli_crt\000"
 985      5F636C69 
 985      5F637274 
 985      00
 986              	.LASF12:
 987 021b 74657374 		.ascii	"test_srv_crt_rsa\000"
 987      5F737276 
 987      5F637274 
 987      5F727361 
 987      00
 988              	.LASF5:
 989 022c 74657374 		.ascii	"test_srv_crt_ec\000"
 989      5F737276 
 989      5F637274 
 989      5F656300 
 990              	.LASF11:
 991 023c 74657374 		.ascii	"test_ca_pwd_rsa\000"
 991      5F63615F 
 991      7077645F 
 991      72736100 
 992              	.LASF22:
 993 024c 74657374 		.ascii	"test_srv_key\000"
 993      5F737276 
 993      5F6B6579 
 993      00
 994              	.LASF26:
 995 0259 2E2E2F2E 		.ascii	"../../../ext/mbedtls-1.3.11/library/certs.c\000"
 995      2E2F2E2E 
 995      2F657874 
 995      2F6D6265 
 995      64746C73 
 996              	.LASF20:
 997 0285 74657374 		.ascii	"test_ca_pwd\000"
 997      5F63615F 
 997      70776400 
 998              	.LASF0:
 999 0291 73697A65 		.ascii	"sizetype\000"
 999      74797065 
 999      00
 1000              	.LASF2:
 1001 029a 74657374 		.ascii	"test_ca_crt_ec\000"
 1001      5F63615F 
 1001      6372745F 
 1001      656300
 1002              	.LASF4:
 1003 02a9 74657374 		.ascii	"test_ca_pwd_ec\000"
 1003      5F63615F 
 1003      7077645F 
 1003      656300
 1004              		.ident	"GCC: (GNU Tools for ARM Embedded Processors) 4.9.3 20141119 (release) [ARM/embedded-4_9-br
ARM GAS  C:\Users\jo\AppData\Local\Temp\ccf50qhg.s 			page 43


DEFINED SYMBOLS
                            *ABS*:00000000 certs.c
C:\Users\jo\AppData\Local\Temp\ccf50qhg.s:386    .data.test_cli_key:00000000 test_cli_key
C:\Users\jo\AppData\Local\Temp\ccf50qhg.s:185    .data.test_cli_crt:00000000 test_cli_crt
C:\Users\jo\AppData\Local\Temp\ccf50qhg.s:326    .data.test_srv_key:00000000 test_srv_key
C:\Users\jo\AppData\Local\Temp\ccf50qhg.s:142    .data.test_srv_crt:00000000 test_srv_crt
C:\Users\jo\AppData\Local\Temp\ccf50qhg.s:148    .data.test_ca_pwd:00000000 test_ca_pwd
C:\Users\jo\AppData\Local\Temp\ccf50qhg.s:332    .data.test_ca_key:00000000 test_ca_key
C:\Users\jo\AppData\Local\Temp\ccf50qhg.s:69     .data.test_ca_crt:00000000 test_ca_crt
C:\Users\jo\AppData\Local\Temp\ccf50qhg.s:208    .rodata.test_ca_list:00000000 test_ca_list
C:\Users\jo\AppData\Local\Temp\ccf50qhg.s:344    .rodata.test_dhm_params:00000000 test_dhm_params
C:\Users\jo\AppData\Local\Temp\ccf50qhg.s:75     .rodata.test_cli_key_rsa:00000000 test_cli_key_rsa
C:\Users\jo\AppData\Local\Temp\ccf50qhg.s:154    .rodata.test_cli_crt_rsa:00000000 test_cli_crt_rsa
C:\Users\jo\AppData\Local\Temp\ccf50qhg.s:284    .rodata.test_srv_key_rsa:00000000 test_srv_key_rsa
C:\Users\jo\AppData\Local\Temp\ccf50qhg.s:355    .rodata.test_srv_crt_rsa:00000000 test_srv_crt_rsa
C:\Users\jo\AppData\Local\Temp\ccf50qhg.s:202    .rodata.test_ca_pwd_rsa:00000000 test_ca_pwd_rsa
C:\Users\jo\AppData\Local\Temp\ccf50qhg.s:415    .rodata.test_ca_key_rsa:00000000 test_ca_key_rsa
C:\Users\jo\AppData\Local\Temp\ccf50qhg.s:459    .rodata.test_ca_crt_rsa:00000000 test_ca_crt_rsa
C:\Users\jo\AppData\Local\Temp\ccf50qhg.s:191    .rodata.test_cli_key_ec:00000000 test_cli_key_ec
C:\Users\jo\AppData\Local\Temp\ccf50qhg.s:392    .rodata.test_cli_crt_ec:00000000 test_cli_crt_ec
C:\Users\jo\AppData\Local\Temp\ccf50qhg.s:117    .rodata.test_srv_key_ec:00000000 test_srv_key_ec
C:\Users\jo\AppData\Local\Temp\ccf50qhg.s:261    .rodata.test_srv_crt_ec:00000000 test_srv_crt_ec
C:\Users\jo\AppData\Local\Temp\ccf50qhg.s:338    .rodata.test_ca_pwd_ec:00000000 test_ca_pwd_ec
C:\Users\jo\AppData\Local\Temp\ccf50qhg.s:128    .rodata.test_ca_key_ec:00000000 test_ca_key_ec
C:\Users\jo\AppData\Local\Temp\ccf50qhg.s:45     .rodata.test_ca_crt_ec:00000000 test_ca_crt_ec
C:\Users\jo\AppData\Local\Temp\ccf50qhg.s:42     .rodata.test_ca_crt_ec:00000000 $d
C:\Users\jo\AppData\Local\Temp\ccf50qhg.s:66     .data.test_ca_crt:00000000 $d
C:\Users\jo\AppData\Local\Temp\ccf50qhg.s:72     .rodata.test_cli_key_rsa:00000000 $d
C:\Users\jo\AppData\Local\Temp\ccf50qhg.s:114    .rodata.test_srv_key_ec:00000000 $d
C:\Users\jo\AppData\Local\Temp\ccf50qhg.s:125    .rodata.test_ca_key_ec:00000000 $d
C:\Users\jo\AppData\Local\Temp\ccf50qhg.s:139    .data.test_srv_crt:00000000 $d
C:\Users\jo\AppData\Local\Temp\ccf50qhg.s:145    .data.test_ca_pwd:00000000 $d
C:\Users\jo\AppData\Local\Temp\ccf50qhg.s:151    .rodata.test_cli_crt_rsa:00000000 $d
C:\Users\jo\AppData\Local\Temp\ccf50qhg.s:182    .data.test_cli_crt:00000000 $d
C:\Users\jo\AppData\Local\Temp\ccf50qhg.s:188    .rodata.test_cli_key_ec:00000000 $d
C:\Users\jo\AppData\Local\Temp\ccf50qhg.s:199    .rodata.test_ca_pwd_rsa:00000000 $d
C:\Users\jo\AppData\Local\Temp\ccf50qhg.s:205    .rodata.test_ca_list:00000000 $d
C:\Users\jo\AppData\Local\Temp\ccf50qhg.s:258    .rodata.test_srv_crt_ec:00000000 $d
C:\Users\jo\AppData\Local\Temp\ccf50qhg.s:281    .rodata.test_srv_key_rsa:00000000 $d
C:\Users\jo\AppData\Local\Temp\ccf50qhg.s:323    .data.test_srv_key:00000000 $d
C:\Users\jo\AppData\Local\Temp\ccf50qhg.s:329    .data.test_ca_key:00000000 $d
C:\Users\jo\AppData\Local\Temp\ccf50qhg.s:335    .rodata.test_ca_pwd_ec:00000000 $d
C:\Users\jo\AppData\Local\Temp\ccf50qhg.s:341    .rodata.test_dhm_params:00000000 $d
C:\Users\jo\AppData\Local\Temp\ccf50qhg.s:352    .rodata.test_srv_crt_rsa:00000000 $d
C:\Users\jo\AppData\Local\Temp\ccf50qhg.s:383    .data.test_cli_key:00000000 $d
C:\Users\jo\AppData\Local\Temp\ccf50qhg.s:389    .rodata.test_cli_crt_ec:00000000 $d
C:\Users\jo\AppData\Local\Temp\ccf50qhg.s:412    .rodata.test_ca_key_rsa:00000000 $d
C:\Users\jo\AppData\Local\Temp\ccf50qhg.s:456    .rodata.test_ca_crt_rsa:00000000 $d

NO UNDEFINED SYMBOLS
