ARM GAS  C:\Users\jo\AppData\Local\Temp\ccNtLBnt.s 			page 1


   1              		.syntax unified
   2              		.cpu cortex-m4
   3              		.fpu softvfp
   4              		.eabi_attribute 20, 1
   5              		.eabi_attribute 21, 1
   6              		.eabi_attribute 23, 3
   7              		.eabi_attribute 24, 1
   8              		.eabi_attribute 25, 1
   9              		.eabi_attribute 26, 1
  10              		.eabi_attribute 30, 2
  11              		.eabi_attribute 34, 1
  12              		.eabi_attribute 18, 4
  13              		.thumb
  14              		.file	"crt1.c"
  15              		.text
  16              	.Ltext0:
  17              		.cfi_sections	.debug_frame
  18              		.section	.text.__early_init,"ax",%progbits
  19              		.align	2
  20              		.p2align 4,,15
  21              		.weak	__early_init
  22              		.thumb
  23              		.thumb_func
  24              		.type	__early_init, %function
  25              	__early_init:
  26              	.LFB0:
  27              		.file 1 "../../../os/common/ports/ARMCMx/compilers/GCC/crt1.c"
  28              		.loc 1 41 0
  29              		.cfi_startproc
  30              		@ args = 0, pretend = 0, frame = 0
  31              		@ frame_needed = 0, uses_anonymous_args = 0
  32              		@ link register save eliminated.
  33 0000 7047     		bx	lr
  34              		.cfi_endproc
  35              	.LFE0:
  36              		.size	__early_init, .-__early_init
  37 0002 00BFAFF3 		.section	.text.__late_init,"ax",%progbits
  37      0080AFF3 
  37      0080AFF3 
  37      0080
  38              		.align	2
  39              		.p2align 4,,15
  40              		.weak	__late_init
  41              		.thumb
  42              		.thumb_func
  43              		.type	__late_init, %function
  44              	__late_init:
  45              	.LFB1:
  46              		.loc 1 55 0
  47              		.cfi_startproc
  48              		@ args = 0, pretend = 0, frame = 0
  49              		@ frame_needed = 0, uses_anonymous_args = 0
  50              		@ link register save eliminated.
  51 0000 7047     		bx	lr
  52              		.cfi_endproc
  53              	.LFE1:
  54              		.size	__late_init, .-__late_init
ARM GAS  C:\Users\jo\AppData\Local\Temp\ccNtLBnt.s 			page 2


  55 0002 00BFAFF3 		.section	.text.__default_exit,"ax",%progbits
  55      0080AFF3 
  55      0080AFF3 
  55      0080
  56              		.align	2
  57              		.p2align 4,,15
  58              		.weak	__default_exit
  59              		.thumb
  60              		.thumb_func
  61              		.type	__default_exit, %function
  62              	__default_exit:
  63              	.LFB2:
  64              		.loc 1 68 0
  65              		.cfi_startproc
  66              		@ Volatile: function does not return.
  67              		@ args = 0, pretend = 0, frame = 0
  68              		@ frame_needed = 0, uses_anonymous_args = 0
  69              		@ link register save eliminated.
  70              	.L4:
  71              		.loc 1 72 0 discriminator 1
  72 0000 FEE7     		b	.L4
  73              		.cfi_endproc
  74              	.LFE2:
  75              		.size	__default_exit, .-__default_exit
  76 0002 00BFAFF3 		.text
  76      0080AFF3 
  76      0080AFF3 
  76      0080
  77              	.Letext0:
  78              		.section	.debug_info,"",%progbits
  79              	.Ldebug_info0:
  80 0000 55000000 		.4byte	0x55
  81 0004 0400     		.2byte	0x4
  82 0006 00000000 		.4byte	.Ldebug_abbrev0
  83 000a 04       		.byte	0x4
  84 000b 01       		.uleb128 0x1
  85 000c 42000000 		.4byte	.LASF3
  86 0010 01       		.byte	0x1
  87 0011 00000000 		.4byte	.LASF4
  88 0015 28010000 		.4byte	.LASF5
  89 0019 00000000 		.4byte	.Ldebug_ranges0+0
  90 001d 00000000 		.4byte	0
  91 0021 00000000 		.4byte	.Ldebug_line0
  92 0025 02       		.uleb128 0x2
  93 0026 35000000 		.4byte	.LASF0
  94 002a 01       		.byte	0x1
  95 002b 29       		.byte	0x29
  96 002c 00000000 		.4byte	.LFB0
  97 0030 02000000 		.4byte	.LFE0-.LFB0
  98 0034 01       		.uleb128 0x1
  99 0035 9C       		.byte	0x9c
 100 0036 02       		.uleb128 0x2
 101 0037 1C010000 		.4byte	.LASF1
 102 003b 01       		.byte	0x1
 103 003c 37       		.byte	0x37
 104 003d 00000000 		.4byte	.LFB1
 105 0041 02000000 		.4byte	.LFE1-.LFB1
ARM GAS  C:\Users\jo\AppData\Local\Temp\ccNtLBnt.s 			page 3


 106 0045 01       		.uleb128 0x1
 107 0046 9C       		.byte	0x9c
 108 0047 02       		.uleb128 0x2
 109 0048 76010000 		.4byte	.LASF2
 110 004c 01       		.byte	0x1
 111 004d 44       		.byte	0x44
 112 004e 00000000 		.4byte	.LFB2
 113 0052 02000000 		.4byte	.LFE2-.LFB2
 114 0056 01       		.uleb128 0x1
 115 0057 9C       		.byte	0x9c
 116 0058 00       		.byte	0
 117              		.section	.debug_abbrev,"",%progbits
 118              	.Ldebug_abbrev0:
 119 0000 01       		.uleb128 0x1
 120 0001 11       		.uleb128 0x11
 121 0002 01       		.byte	0x1
 122 0003 25       		.uleb128 0x25
 123 0004 0E       		.uleb128 0xe
 124 0005 13       		.uleb128 0x13
 125 0006 0B       		.uleb128 0xb
 126 0007 03       		.uleb128 0x3
 127 0008 0E       		.uleb128 0xe
 128 0009 1B       		.uleb128 0x1b
 129 000a 0E       		.uleb128 0xe
 130 000b 55       		.uleb128 0x55
 131 000c 17       		.uleb128 0x17
 132 000d 11       		.uleb128 0x11
 133 000e 01       		.uleb128 0x1
 134 000f 10       		.uleb128 0x10
 135 0010 17       		.uleb128 0x17
 136 0011 00       		.byte	0
 137 0012 00       		.byte	0
 138 0013 02       		.uleb128 0x2
 139 0014 2E       		.uleb128 0x2e
 140 0015 00       		.byte	0
 141 0016 3F       		.uleb128 0x3f
 142 0017 19       		.uleb128 0x19
 143 0018 03       		.uleb128 0x3
 144 0019 0E       		.uleb128 0xe
 145 001a 3A       		.uleb128 0x3a
 146 001b 0B       		.uleb128 0xb
 147 001c 3B       		.uleb128 0x3b
 148 001d 0B       		.uleb128 0xb
 149 001e 27       		.uleb128 0x27
 150 001f 19       		.uleb128 0x19
 151 0020 11       		.uleb128 0x11
 152 0021 01       		.uleb128 0x1
 153 0022 12       		.uleb128 0x12
 154 0023 06       		.uleb128 0x6
 155 0024 40       		.uleb128 0x40
 156 0025 18       		.uleb128 0x18
 157 0026 9742     		.uleb128 0x2117
 158 0028 19       		.uleb128 0x19
 159 0029 00       		.byte	0
 160 002a 00       		.byte	0
 161 002b 00       		.byte	0
 162              		.section	.debug_aranges,"",%progbits
ARM GAS  C:\Users\jo\AppData\Local\Temp\ccNtLBnt.s 			page 4


 163 0000 2C000000 		.4byte	0x2c
 164 0004 0200     		.2byte	0x2
 165 0006 00000000 		.4byte	.Ldebug_info0
 166 000a 04       		.byte	0x4
 167 000b 00       		.byte	0
 168 000c 0000     		.2byte	0
 169 000e 0000     		.2byte	0
 170 0010 00000000 		.4byte	.LFB0
 171 0014 02000000 		.4byte	.LFE0-.LFB0
 172 0018 00000000 		.4byte	.LFB1
 173 001c 02000000 		.4byte	.LFE1-.LFB1
 174 0020 00000000 		.4byte	.LFB2
 175 0024 02000000 		.4byte	.LFE2-.LFB2
 176 0028 00000000 		.4byte	0
 177 002c 00000000 		.4byte	0
 178              		.section	.debug_ranges,"",%progbits
 179              	.Ldebug_ranges0:
 180 0000 00000000 		.4byte	.LFB0
 181 0004 02000000 		.4byte	.LFE0
 182 0008 00000000 		.4byte	.LFB1
 183 000c 02000000 		.4byte	.LFE1
 184 0010 00000000 		.4byte	.LFB2
 185 0014 02000000 		.4byte	.LFE2
 186 0018 00000000 		.4byte	0
 187 001c 00000000 		.4byte	0
 188              		.section	.debug_line,"",%progbits
 189              	.Ldebug_line0:
 190 0000 84000000 		.section	.debug_str,"MS",%progbits,1
 190      02004B00 
 190      00000201 
 190      FB0E0D00 
 190      01010101 
 191              	.LASF4:
 192 0000 2E2E2F2E 		.ascii	"../../../os/common/ports/ARMCMx/compilers/GCC/crt1."
 192      2E2F2E2E 
 192      2F6F732F 
 192      636F6D6D 
 192      6F6E2F70 
 193 0033 6300     		.ascii	"c\000"
 194              	.LASF0:
 195 0035 5F5F6561 		.ascii	"__early_init\000"
 195      726C795F 
 195      696E6974 
 195      00
 196              	.LASF3:
 197 0042 474E5520 		.ascii	"GNU C 4.9.3 20141119 (release) [ARM/embedded-4_9-br"
 197      4320342E 
 197      392E3320 
 197      32303134 
 197      31313139 
 198 0075 616E6368 		.ascii	"anch revision 218278] -mcpu=cortex-m4 -mno-thumb-in"
 198      20726576 
 198      6973696F 
 198      6E203231 
 198      38323738 
 199 00a8 74657277 		.ascii	"terwork -mthumb -ggdb -O2 -fomit-frame-pointer -fal"
 199      6F726B20 
ARM GAS  C:\Users\jo\AppData\Local\Temp\ccNtLBnt.s 			page 5


 199      2D6D7468 
 199      756D6220 
 199      2D676764 
 200 00db 69676E2D 		.ascii	"ign-functions=16 -ffunction-sections -fdata-section"
 200      66756E63 
 200      74696F6E 
 200      733D3136 
 200      202D6666 
 201 010e 73202D66 		.ascii	"s -fno-common\000"
 201      6E6F2D63 
 201      6F6D6D6F 
 201      6E00
 202              	.LASF1:
 203 011c 5F5F6C61 		.ascii	"__late_init\000"
 203      74655F69 
 203      6E697400 
 204              	.LASF5:
 205 0128 433A5C55 		.ascii	"C:\\Users\\jo\\Documents\\GitHub\\ChibiOS\\demos\\S"
 205      73657273 
 205      5C6A6F5C 
 205      446F6375 
 205      6D656E74 
 206 0154 544D3332 		.ascii	"TM32\\RT-STM32F407-DISCOVERY-uHttp\000"
 206      5C52542D 
 206      53544D33 
 206      32463430 
 206      372D4449 
 207              	.LASF2:
 208 0176 5F5F6465 		.ascii	"__default_exit\000"
 208      6661756C 
 208      745F6578 
 208      697400
 209              		.ident	"GCC: (GNU Tools for ARM Embedded Processors) 4.9.3 20141119 (release) [ARM/embedded-4_9-br
ARM GAS  C:\Users\jo\AppData\Local\Temp\ccNtLBnt.s 			page 6


DEFINED SYMBOLS
                            *ABS*:00000000 crt1.c
C:\Users\jo\AppData\Local\Temp\ccNtLBnt.s:19     .text.__early_init:00000000 $t
C:\Users\jo\AppData\Local\Temp\ccNtLBnt.s:25     .text.__early_init:00000000 __early_init
C:\Users\jo\AppData\Local\Temp\ccNtLBnt.s:38     .text.__late_init:00000000 $t
C:\Users\jo\AppData\Local\Temp\ccNtLBnt.s:44     .text.__late_init:00000000 __late_init
C:\Users\jo\AppData\Local\Temp\ccNtLBnt.s:56     .text.__default_exit:00000000 $t
C:\Users\jo\AppData\Local\Temp\ccNtLBnt.s:62     .text.__default_exit:00000000 __default_exit
                     .debug_frame:00000010 $d

NO UNDEFINED SYMBOLS
