ARM GAS  C:\Users\jo\AppData\Local\Temp\ccIK1W8h.s 			page 1


   1              		.syntax unified
   2              		.cpu cortex-m4
   3              		.fpu softvfp
   4              		.eabi_attribute 20, 1
   5              		.eabi_attribute 21, 1
   6              		.eabi_attribute 23, 3
   7              		.eabi_attribute 24, 1
   8              		.eabi_attribute 25, 1
   9              		.eabi_attribute 26, 1
  10              		.eabi_attribute 30, 2
  11              		.eabi_attribute 34, 1
  12              		.eabi_attribute 18, 4
  13              		.thumb
  14              		.file	"def.c"
  15              		.text
  16              	.Ltext0:
  17              		.cfi_sections	.debug_frame
  18              		.section	.text.lwip_htons,"ax",%progbits
  19              		.align	2
  20              		.p2align 4,,15
  21              		.global	lwip_htons
  22              		.thumb
  23              		.thumb_func
  24              		.type	lwip_htons, %function
  25              	lwip_htons:
  26              	.LFB260:
  27              		.file 1 "../../../ext/lwip/src/core/def.c"
  28              		.loc 1 65 0
  29              		.cfi_startproc
  30              		@ args = 0, pretend = 0, frame = 0
  31              		@ frame_needed = 0, uses_anonymous_args = 0
  32              		@ link register save eliminated.
  33              	.LVL0:
  34 0000 40BA     		rev16	r0, r0
  35              	.LVL1:
  36              		.loc 1 67 0
  37 0002 80B2     		uxth	r0, r0
  38 0004 7047     		bx	lr
  39              		.cfi_endproc
  40              	.LFE260:
  41              		.size	lwip_htons, .-lwip_htons
  42 0006 00BFAFF3 		.section	.text.lwip_ntohs,"ax",%progbits
  42      0080AFF3 
  42      0080
  43              		.align	2
  44              		.p2align 4,,15
  45              		.global	lwip_ntohs
  46              		.thumb
  47              		.thumb_func
  48              		.type	lwip_ntohs, %function
  49              	lwip_ntohs:
  50              	.LFB261:
  51              		.loc 1 77 0
  52              		.cfi_startproc
  53              		@ args = 0, pretend = 0, frame = 0
  54              		@ frame_needed = 0, uses_anonymous_args = 0
  55              		@ link register save eliminated.
ARM GAS  C:\Users\jo\AppData\Local\Temp\ccIK1W8h.s 			page 2


  56              	.LVL2:
  57 0000 40BA     		rev16	r0, r0
  58              	.LVL3:
  59              		.loc 1 79 0
  60 0002 80B2     		uxth	r0, r0
  61 0004 7047     		bx	lr
  62              		.cfi_endproc
  63              	.LFE261:
  64              		.size	lwip_ntohs, .-lwip_ntohs
  65 0006 00BFAFF3 		.section	.text.lwip_htonl,"ax",%progbits
  65      0080AFF3 
  65      0080
  66              		.align	2
  67              		.p2align 4,,15
  68              		.global	lwip_htonl
  69              		.thumb
  70              		.thumb_func
  71              		.type	lwip_htonl, %function
  72              	lwip_htonl:
  73              	.LFB262:
  74              		.loc 1 89 0
  75              		.cfi_startproc
  76              		@ args = 0, pretend = 0, frame = 0
  77              		@ frame_needed = 0, uses_anonymous_args = 0
  78              		@ link register save eliminated.
  79              	.LVL4:
  80              		.loc 1 94 0
  81 0000 00BA     		rev	r0, r0
  82              	.LVL5:
  83 0002 7047     		bx	lr
  84              		.cfi_endproc
  85              	.LFE262:
  86              		.size	lwip_htonl, .-lwip_htonl
  87 0004 AFF30080 		.section	.text.lwip_ntohl,"ax",%progbits
  87      AFF30080 
  87      AFF30080 
  88              		.align	2
  89              		.p2align 4,,15
  90              		.global	lwip_ntohl
  91              		.thumb
  92              		.thumb_func
  93              		.type	lwip_ntohl, %function
  94              	lwip_ntohl:
  95              	.LFB263:
  96              		.loc 1 104 0
  97              		.cfi_startproc
  98              		@ args = 0, pretend = 0, frame = 0
  99              		@ frame_needed = 0, uses_anonymous_args = 0
 100              		@ link register save eliminated.
 101              	.LVL6:
 102              		.loc 1 106 0
 103 0000 00BA     		rev	r0, r0
 104              	.LVL7:
 105 0002 7047     		bx	lr
 106              		.cfi_endproc
 107              	.LFE263:
 108              		.size	lwip_ntohl, .-lwip_ntohl
ARM GAS  C:\Users\jo\AppData\Local\Temp\ccIK1W8h.s 			page 3


 109 0004 AFF30080 		.text
 109      AFF30080 
 109      AFF30080 
 110              	.Letext0:
 111              		.file 2 "c:\\program files\\gnu tools arm embedded\\4.9 2014q4\\arm-none-eabi\\include\\machine\\_
 112              		.file 3 "c:\\program files\\gnu tools arm embedded\\4.9 2014q4\\arm-none-eabi\\include\\stdint.h"
 113              		.file 4 "../../../os/rt/ports/ARMCMx/compilers/GCC/chtypes.h"
 114              		.file 5 "../../../os/rt/include/chsystypes.h"
 115              		.file 6 "../../../os/rt/include/chschd.h"
 116              		.file 7 "../../../os/rt/ports/ARMCMx/chcore.h"
 117              		.file 8 "../../../os/rt/ports/ARMCMx/chcore_v7m.h"
 118              		.file 9 "../../../os/rt/include/chdebug.h"
 119              		.file 10 "../../../os/rt/include/chtm.h"
 120              		.file 11 "../../../os/rt/include/chsem.h"
 121              		.file 12 "../../../os/rt/include/chmtx.h"
 122              		.file 13 "../../../os/various/lwip_bindings/arch/cc.h"
 123              		.file 14 "../../../os/ext/CMSIS/include/core_cm4.h"
 124              		.section	.debug_info,"",%progbits
 125              	.Ldebug_info0:
 126 0000 EE070000 		.4byte	0x7ee
 127 0004 0400     		.2byte	0x4
 128 0006 00000000 		.4byte	.Ldebug_abbrev0
 129 000a 04       		.byte	0x4
 130 000b 01       		.uleb128 0x1
 131 000c BF020000 		.4byte	.LASF124
 132 0010 01       		.byte	0x1
 133 0011 00000000 		.4byte	.LASF125
 134 0015 F9000000 		.4byte	.LASF126
 135 0019 00000000 		.4byte	.Ldebug_ranges0+0
 136 001d 00000000 		.4byte	0
 137 0021 00000000 		.4byte	.Ldebug_line0
 138 0025 02       		.uleb128 0x2
 139 0026 04       		.byte	0x4
 140 0027 05       		.byte	0x5
 141 0028 696E7400 		.ascii	"int\000"
 142 002c 03       		.uleb128 0x3
 143 002d 04       		.byte	0x4
 144 002e 07       		.byte	0x7
 145 002f 05020000 		.4byte	.LASF0
 146 0033 03       		.uleb128 0x3
 147 0034 01       		.byte	0x1
 148 0035 06       		.byte	0x6
 149 0036 55010000 		.4byte	.LASF1
 150 003a 04       		.uleb128 0x4
 151 003b 53000000 		.4byte	.LASF4
 152 003f 02       		.byte	0x2
 153 0040 1D       		.byte	0x1d
 154 0041 45000000 		.4byte	0x45
 155 0045 03       		.uleb128 0x3
 156 0046 01       		.byte	0x1
 157 0047 08       		.byte	0x8
 158 0048 87040000 		.4byte	.LASF2
 159 004c 03       		.uleb128 0x3
 160 004d 02       		.byte	0x2
 161 004e 05       		.byte	0x5
 162 004f 9F040000 		.4byte	.LASF3
 163 0053 04       		.uleb128 0x4
ARM GAS  C:\Users\jo\AppData\Local\Temp\ccIK1W8h.s 			page 4


 164 0054 3F050000 		.4byte	.LASF5
 165 0058 02       		.byte	0x2
 166 0059 2B       		.byte	0x2b
 167 005a 5E000000 		.4byte	0x5e
 168 005e 03       		.uleb128 0x3
 169 005f 02       		.byte	0x2
 170 0060 07       		.byte	0x7
 171 0061 38020000 		.4byte	.LASF6
 172 0065 04       		.uleb128 0x4
 173 0066 AA020000 		.4byte	.LASF7
 174 006a 02       		.byte	0x2
 175 006b 3F       		.byte	0x3f
 176 006c 70000000 		.4byte	0x70
 177 0070 03       		.uleb128 0x3
 178 0071 04       		.byte	0x4
 179 0072 05       		.byte	0x5
 180 0073 82010000 		.4byte	.LASF8
 181 0077 04       		.uleb128 0x4
 182 0078 78050000 		.4byte	.LASF9
 183 007c 02       		.byte	0x2
 184 007d 41       		.byte	0x41
 185 007e 82000000 		.4byte	0x82
 186 0082 03       		.uleb128 0x3
 187 0083 04       		.byte	0x4
 188 0084 07       		.byte	0x7
 189 0085 28050000 		.4byte	.LASF10
 190 0089 03       		.uleb128 0x3
 191 008a 08       		.byte	0x8
 192 008b 05       		.byte	0x5
 193 008c 47010000 		.4byte	.LASF11
 194 0090 04       		.uleb128 0x4
 195 0091 2D040000 		.4byte	.LASF12
 196 0095 02       		.byte	0x2
 197 0096 5B       		.byte	0x5b
 198 0097 9B000000 		.4byte	0x9b
 199 009b 03       		.uleb128 0x3
 200 009c 08       		.byte	0x8
 201 009d 07       		.byte	0x7
 202 009e 78000000 		.4byte	.LASF13
 203 00a2 04       		.uleb128 0x4
 204 00a3 DF050000 		.4byte	.LASF14
 205 00a7 03       		.byte	0x3
 206 00a8 15       		.byte	0x15
 207 00a9 3A000000 		.4byte	0x3a
 208 00ad 04       		.uleb128 0x4
 209 00ae 9A010000 		.4byte	.LASF15
 210 00b2 03       		.byte	0x3
 211 00b3 21       		.byte	0x21
 212 00b4 53000000 		.4byte	0x53
 213 00b8 04       		.uleb128 0x4
 214 00b9 7F040000 		.4byte	.LASF16
 215 00bd 03       		.byte	0x3
 216 00be 2C       		.byte	0x2c
 217 00bf 65000000 		.4byte	0x65
 218 00c3 04       		.uleb128 0x4
 219 00c4 F7040000 		.4byte	.LASF17
 220 00c8 03       		.byte	0x3
ARM GAS  C:\Users\jo\AppData\Local\Temp\ccIK1W8h.s 			page 5


 221 00c9 2D       		.byte	0x2d
 222 00ca 77000000 		.4byte	0x77
 223 00ce 04       		.uleb128 0x4
 224 00cf 4A000000 		.4byte	.LASF18
 225 00d3 03       		.byte	0x3
 226 00d4 39       		.byte	0x39
 227 00d5 90000000 		.4byte	0x90
 228 00d9 05       		.uleb128 0x5
 229 00da B8000000 		.4byte	0xb8
 230 00de 04       		.uleb128 0x4
 231 00df 9C050000 		.4byte	.LASF19
 232 00e3 04       		.byte	0x4
 233 00e4 45       		.byte	0x45
 234 00e5 C3000000 		.4byte	0xc3
 235 00e9 04       		.uleb128 0x4
 236 00ea 72020000 		.4byte	.LASF20
 237 00ee 04       		.byte	0x4
 238 00ef 48       		.byte	0x48
 239 00f0 A2000000 		.4byte	0xa2
 240 00f4 04       		.uleb128 0x4
 241 00f5 8B010000 		.4byte	.LASF21
 242 00f9 04       		.byte	0x4
 243 00fa 49       		.byte	0x49
 244 00fb A2000000 		.4byte	0xa2
 245 00ff 04       		.uleb128 0x4
 246 0100 38040000 		.4byte	.LASF22
 247 0104 04       		.byte	0x4
 248 0105 4A       		.byte	0x4a
 249 0106 A2000000 		.4byte	0xa2
 250 010a 04       		.uleb128 0x4
 251 010b 61040000 		.4byte	.LASF23
 252 010f 04       		.byte	0x4
 253 0110 4C       		.byte	0x4c
 254 0111 C3000000 		.4byte	0xc3
 255 0115 04       		.uleb128 0x4
 256 0116 55020000 		.4byte	.LASF24
 257 011a 04       		.byte	0x4
 258 011b 4D       		.byte	0x4d
 259 011c B8000000 		.4byte	0xb8
 260 0120 04       		.uleb128 0x4
 261 0121 9E020000 		.4byte	.LASF25
 262 0125 04       		.byte	0x4
 263 0126 4F       		.byte	0x4f
 264 0127 C3000000 		.4byte	0xc3
 265 012b 04       		.uleb128 0x4
 266 012c F4010000 		.4byte	.LASF26
 267 0130 04       		.byte	0x4
 268 0131 51       		.byte	0x51
 269 0132 B8000000 		.4byte	0xb8
 270 0136 04       		.uleb128 0x4
 271 0137 5A050000 		.4byte	.LASF27
 272 013b 05       		.byte	0x5
 273 013c 33       		.byte	0x33
 274 013d C3000000 		.4byte	0xc3
 275 0141 04       		.uleb128 0x4
 276 0142 4A050000 		.4byte	.LASF28
 277 0146 05       		.byte	0x5
ARM GAS  C:\Users\jo\AppData\Local\Temp\ccIK1W8h.s 			page 6


 278 0147 3F       		.byte	0x3f
 279 0148 4C010000 		.4byte	0x14c
 280 014c 06       		.uleb128 0x6
 281 014d 4B020000 		.4byte	.LASF49
 282 0151 48       		.byte	0x48
 283 0152 06       		.byte	0x6
 284 0153 C2       		.byte	0xc2
 285 0154 45020000 		.4byte	0x245
 286 0158 07       		.uleb128 0x7
 287 0159 BF040000 		.4byte	.LASF29
 288 015d 06       		.byte	0x6
 289 015e C3       		.byte	0xc3
 290 015f 50020000 		.4byte	0x250
 291 0163 00       		.byte	0
 292 0164 07       		.uleb128 0x7
 293 0165 5A040000 		.4byte	.LASF30
 294 0169 06       		.byte	0x6
 295 016a C5       		.byte	0xc5
 296 016b 50020000 		.4byte	0x250
 297 016f 04       		.byte	0x4
 298 0170 07       		.uleb128 0x7
 299 0171 F2000000 		.4byte	.LASF31
 300 0175 06       		.byte	0x6
 301 0176 C7       		.byte	0xc7
 302 0177 0A010000 		.4byte	0x10a
 303 017b 08       		.byte	0x8
 304 017c 07       		.uleb128 0x7
 305 017d 29060000 		.4byte	.LASF32
 306 0181 06       		.byte	0x6
 307 0182 C8       		.byte	0xc8
 308 0183 AB040000 		.4byte	0x4ab
 309 0187 0C       		.byte	0xc
 310 0188 07       		.uleb128 0x7
 311 0189 A3010000 		.4byte	.LASF33
 312 018d 06       		.byte	0x6
 313 018e CA       		.byte	0xca
 314 018f 50020000 		.4byte	0x250
 315 0193 10       		.byte	0x10
 316 0194 07       		.uleb128 0x7
 317 0195 FC030000 		.4byte	.LASF34
 318 0199 06       		.byte	0x6
 319 019a CB       		.byte	0xcb
 320 019b 50020000 		.4byte	0x250
 321 019f 14       		.byte	0x14
 322 01a0 07       		.uleb128 0x7
 323 01a1 EE050000 		.4byte	.LASF35
 324 01a5 06       		.byte	0x6
 325 01a6 D2       		.byte	0xd2
 326 01a7 BD060000 		.4byte	0x6bd
 327 01ab 18       		.byte	0x18
 328 01ac 07       		.uleb128 0x7
 329 01ad FA010000 		.4byte	.LASF36
 330 01b1 06       		.byte	0x6
 331 01b2 D8       		.byte	0xd8
 332 01b3 CF060000 		.4byte	0x6cf
 333 01b7 1C       		.byte	0x1c
 334 01b8 07       		.uleb128 0x7
ARM GAS  C:\Users\jo\AppData\Local\Temp\ccIK1W8h.s 			page 7


 335 01b9 A9040000 		.4byte	.LASF37
 336 01bd 06       		.byte	0x6
 337 01be DD       		.byte	0xdd
 338 01bf F4000000 		.4byte	0xf4
 339 01c3 20       		.byte	0x20
 340 01c4 07       		.uleb128 0x7
 341 01c5 C6040000 		.4byte	.LASF38
 342 01c9 06       		.byte	0x6
 343 01ca E1       		.byte	0xe1
 344 01cb E9000000 		.4byte	0xe9
 345 01cf 21       		.byte	0x21
 346 01d0 07       		.uleb128 0x7
 347 01d1 CA050000 		.4byte	.LASF39
 348 01d5 06       		.byte	0x6
 349 01d6 E6       		.byte	0xe6
 350 01d7 FF000000 		.4byte	0xff
 351 01db 22       		.byte	0x22
 352 01dc 08       		.uleb128 0x8
 353 01dd 705F7500 		.ascii	"p_u\000"
 354 01e1 06       		.byte	0x6
 355 01e2 3101     		.2byte	0x131
 356 01e4 F8050000 		.4byte	0x5f8
 357 01e8 24       		.byte	0x24
 358 01e9 09       		.uleb128 0x9
 359 01ea A4030000 		.4byte	.LASF40
 360 01ee 06       		.byte	0x6
 361 01ef 3601     		.2byte	0x136
 362 01f1 56020000 		.4byte	0x256
 363 01f5 28       		.byte	0x28
 364 01f6 09       		.uleb128 0x9
 365 01f7 21020000 		.4byte	.LASF41
 366 01fb 06       		.byte	0x6
 367 01fc 3C01     		.2byte	0x13c
 368 01fe 7A020000 		.4byte	0x27a
 369 0202 2C       		.byte	0x2c
 370 0203 09       		.uleb128 0x9
 371 0204 11060000 		.4byte	.LASF42
 372 0208 06       		.byte	0x6
 373 0209 4001     		.2byte	0x140
 374 020b 15010000 		.4byte	0x115
 375 020f 34       		.byte	0x34
 376 0210 09       		.uleb128 0x9
 377 0211 EC040000 		.4byte	.LASF43
 378 0215 06       		.byte	0x6
 379 0216 4601     		.2byte	0x146
 380 0218 20010000 		.4byte	0x120
 381 021c 38       		.byte	0x38
 382 021d 09       		.uleb128 0x9
 383 021e 95040000 		.4byte	.LASF44
 384 0222 06       		.byte	0x6
 385 0223 4D01     		.2byte	0x14d
 386 0225 B7060000 		.4byte	0x6b7
 387 0229 3C       		.byte	0x3c
 388 022a 09       		.uleb128 0x9
 389 022b 64050000 		.4byte	.LASF45
 390 022f 06       		.byte	0x6
 391 0230 5101     		.2byte	0x151
ARM GAS  C:\Users\jo\AppData\Local\Temp\ccIK1W8h.s 			page 8


 392 0232 0A010000 		.4byte	0x10a
 393 0236 40       		.byte	0x40
 394 0237 09       		.uleb128 0x9
 395 0238 61010000 		.4byte	.LASF46
 396 023c 06       		.byte	0x6
 397 023d 5801     		.2byte	0x158
 398 023f 2D030000 		.4byte	0x32d
 399 0243 44       		.byte	0x44
 400 0244 00       		.byte	0
 401 0245 04       		.uleb128 0x4
 402 0246 B7030000 		.4byte	.LASF47
 403 024a 05       		.byte	0x5
 404 024b 44       		.byte	0x44
 405 024c 50020000 		.4byte	0x250
 406 0250 0A       		.uleb128 0xa
 407 0251 04       		.byte	0x4
 408 0252 41010000 		.4byte	0x141
 409 0256 04       		.uleb128 0x4
 410 0257 F5050000 		.4byte	.LASF48
 411 025b 05       		.byte	0x5
 412 025c 49       		.byte	0x49
 413 025d 61020000 		.4byte	0x261
 414 0261 06       		.uleb128 0x6
 415 0262 18050000 		.4byte	.LASF50
 416 0266 04       		.byte	0x4
 417 0267 06       		.byte	0x6
 418 0268 B0       		.byte	0xb0
 419 0269 7A020000 		.4byte	0x27a
 420 026d 07       		.uleb128 0x7
 421 026e BF040000 		.4byte	.LASF29
 422 0272 06       		.byte	0x6
 423 0273 B1       		.byte	0xb1
 424 0274 50020000 		.4byte	0x250
 425 0278 00       		.byte	0
 426 0279 00       		.byte	0
 427 027a 04       		.uleb128 0x4
 428 027b B1050000 		.4byte	.LASF51
 429 027f 05       		.byte	0x5
 430 0280 50       		.byte	0x50
 431 0281 85020000 		.4byte	0x285
 432 0285 06       		.uleb128 0x6
 433 0286 E1000000 		.4byte	.LASF52
 434 028a 08       		.byte	0x8
 435 028b 06       		.byte	0x6
 436 028c B7       		.byte	0xb7
 437 028d AA020000 		.4byte	0x2aa
 438 0291 07       		.uleb128 0x7
 439 0292 BF040000 		.4byte	.LASF29
 440 0296 06       		.byte	0x6
 441 0297 B8       		.byte	0xb8
 442 0298 50020000 		.4byte	0x250
 443 029c 00       		.byte	0
 444 029d 07       		.uleb128 0x7
 445 029e 5A040000 		.4byte	.LASF30
 446 02a2 06       		.byte	0x6
 447 02a3 B9       		.byte	0xb9
 448 02a4 50020000 		.4byte	0x250
ARM GAS  C:\Users\jo\AppData\Local\Temp\ccIK1W8h.s 			page 9


 449 02a8 04       		.byte	0x4
 450 02a9 00       		.byte	0
 451 02aa 04       		.uleb128 0x4
 452 02ab 28000000 		.4byte	.LASF53
 453 02af 05       		.byte	0x5
 454 02b0 57       		.byte	0x57
 455 02b1 B5020000 		.4byte	0x2b5
 456 02b5 0B       		.uleb128 0xb
 457 02b6 90020000 		.4byte	.LASF54
 458 02ba 1C       		.byte	0x1c
 459 02bb 06       		.byte	0x6
 460 02bc 9001     		.2byte	0x190
 461 02be 11030000 		.4byte	0x311
 462 02c2 09       		.uleb128 0x9
 463 02c3 07050000 		.4byte	.LASF55
 464 02c7 06       		.byte	0x6
 465 02c8 9101     		.2byte	0x191
 466 02ca 7A020000 		.4byte	0x27a
 467 02ce 00       		.byte	0
 468 02cf 09       		.uleb128 0x9
 469 02d0 B1040000 		.4byte	.LASF56
 470 02d4 06       		.byte	0x6
 471 02d5 9201     		.2byte	0x192
 472 02d7 0A010000 		.4byte	0x10a
 473 02db 08       		.byte	0x8
 474 02dc 09       		.uleb128 0x9
 475 02dd 04040000 		.4byte	.LASF57
 476 02e1 06       		.byte	0x6
 477 02e2 9401     		.2byte	0x194
 478 02e4 AB040000 		.4byte	0x4ab
 479 02e8 0C       		.byte	0xc
 480 02e9 09       		.uleb128 0x9
 481 02ea BB010000 		.4byte	.LASF58
 482 02ee 06       		.byte	0x6
 483 02ef 9701     		.2byte	0x197
 484 02f1 50020000 		.4byte	0x250
 485 02f5 10       		.byte	0x10
 486 02f6 09       		.uleb128 0x9
 487 02f7 25040000 		.4byte	.LASF59
 488 02fb 06       		.byte	0x6
 489 02fc 9801     		.2byte	0x198
 490 02fe 50020000 		.4byte	0x250
 491 0302 14       		.byte	0x14
 492 0303 09       		.uleb128 0x9
 493 0304 1B040000 		.4byte	.LASF60
 494 0308 06       		.byte	0x6
 495 0309 9B01     		.2byte	0x19b
 496 030b 50020000 		.4byte	0x250
 497 030f 18       		.byte	0x18
 498 0310 00       		.byte	0
 499 0311 04       		.uleb128 0x4
 500 0312 6F050000 		.4byte	.LASF61
 501 0316 05       		.byte	0x5
 502 0317 5C       		.byte	0x5c
 503 0318 1C030000 		.4byte	0x31c
 504 031c 0A       		.uleb128 0xa
 505 031d 04       		.byte	0x4
ARM GAS  C:\Users\jo\AppData\Local\Temp\ccIK1W8h.s 			page 10


 506 031e 22030000 		.4byte	0x322
 507 0322 0C       		.uleb128 0xc
 508 0323 2D030000 		.4byte	0x32d
 509 0327 0D       		.uleb128 0xd
 510 0328 2D030000 		.4byte	0x32d
 511 032c 00       		.byte	0
 512 032d 0E       		.uleb128 0xe
 513 032e 04       		.byte	0x4
 514 032f 04       		.uleb128 0x4
 515 0330 4A040000 		.4byte	.LASF62
 516 0334 05       		.byte	0x5
 517 0335 61       		.byte	0x61
 518 0336 3A030000 		.4byte	0x33a
 519 033a 0B       		.uleb128 0xb
 520 033b CE040000 		.4byte	.LASF63
 521 033f 14       		.byte	0x14
 522 0340 06       		.byte	0x6
 523 0341 6B01     		.2byte	0x16b
 524 0343 89030000 		.4byte	0x389
 525 0347 09       		.uleb128 0x9
 526 0348 12020000 		.4byte	.LASF64
 527 034c 06       		.byte	0x6
 528 034d 6C01     		.2byte	0x16c
 529 034f D5060000 		.4byte	0x6d5
 530 0353 00       		.byte	0
 531 0354 09       		.uleb128 0x9
 532 0355 CC010000 		.4byte	.LASF65
 533 0359 06       		.byte	0x6
 534 035a 6D01     		.2byte	0x16d
 535 035c D5060000 		.4byte	0x6d5
 536 0360 04       		.byte	0x4
 537 0361 09       		.uleb128 0x9
 538 0362 0F050000 		.4byte	.LASF66
 539 0366 06       		.byte	0x6
 540 0367 6E01     		.2byte	0x16e
 541 0369 36010000 		.4byte	0x136
 542 036d 08       		.byte	0x8
 543 036e 09       		.uleb128 0x9
 544 036f 2F060000 		.4byte	.LASF67
 545 0373 06       		.byte	0x6
 546 0374 6F01     		.2byte	0x16f
 547 0376 11030000 		.4byte	0x311
 548 037a 0C       		.byte	0xc
 549 037b 09       		.uleb128 0x9
 550 037c A4050000 		.4byte	.LASF68
 551 0380 06       		.byte	0x6
 552 0381 7101     		.2byte	0x171
 553 0383 2D030000 		.4byte	0x32d
 554 0387 10       		.byte	0x10
 555 0388 00       		.byte	0
 556 0389 04       		.uleb128 0x4
 557 038a BE000000 		.4byte	.LASF69
 558 038e 05       		.byte	0x5
 559 038f 66       		.byte	0x66
 560 0390 94030000 		.4byte	0x394
 561 0394 0B       		.uleb128 0xb
 562 0395 CA030000 		.4byte	.LASF70
ARM GAS  C:\Users\jo\AppData\Local\Temp\ccIK1W8h.s 			page 11


 563 0399 10       		.byte	0x10
 564 039a 06       		.byte	0x6
 565 039b 7B01     		.2byte	0x17b
 566 039d D6030000 		.4byte	0x3d6
 567 03a1 09       		.uleb128 0x9
 568 03a2 12020000 		.4byte	.LASF64
 569 03a6 06       		.byte	0x6
 570 03a7 7C01     		.2byte	0x17c
 571 03a9 D5060000 		.4byte	0x6d5
 572 03ad 00       		.byte	0
 573 03ae 09       		.uleb128 0x9
 574 03af CC010000 		.4byte	.LASF65
 575 03b3 06       		.byte	0x6
 576 03b4 7E01     		.2byte	0x17e
 577 03b6 D5060000 		.4byte	0x6d5
 578 03ba 04       		.byte	0x4
 579 03bb 09       		.uleb128 0x9
 580 03bc 0F050000 		.4byte	.LASF66
 581 03c0 06       		.byte	0x6
 582 03c1 8001     		.2byte	0x180
 583 03c3 36010000 		.4byte	0x136
 584 03c7 08       		.byte	0x8
 585 03c8 09       		.uleb128 0x9
 586 03c9 F0030000 		.4byte	.LASF71
 587 03cd 06       		.byte	0x6
 588 03ce 8801     		.2byte	0x188
 589 03d0 36010000 		.4byte	0x136
 590 03d4 0C       		.byte	0xc
 591 03d5 00       		.byte	0
 592 03d6 04       		.uleb128 0x4
 593 03d7 69000000 		.4byte	.LASF72
 594 03db 05       		.byte	0x5
 595 03dc 6B       		.byte	0x6b
 596 03dd E1030000 		.4byte	0x3e1
 597 03e1 0F       		.uleb128 0xf
 598 03e2 69040000 		.4byte	.LASF73
 599 03e6 1404     		.2byte	0x414
 600 03e8 06       		.byte	0x6
 601 03e9 A201     		.2byte	0x1a2
 602 03eb 24040000 		.4byte	0x424
 603 03ef 09       		.uleb128 0x9
 604 03f0 83050000 		.4byte	.LASF74
 605 03f4 06       		.byte	0x6
 606 03f5 AA01     		.2byte	0x1aa
 607 03f7 DB060000 		.4byte	0x6db
 608 03fb 00       		.byte	0
 609 03fc 09       		.uleb128 0x9
 610 03fd D1050000 		.4byte	.LASF75
 611 0401 06       		.byte	0x6
 612 0402 AF01     		.2byte	0x1af
 613 0404 2B010000 		.4byte	0x12b
 614 0408 04       		.byte	0x4
 615 0409 09       		.uleb128 0x9
 616 040a DC010000 		.4byte	.LASF76
 617 040e 06       		.byte	0x6
 618 040f B301     		.2byte	0x1b3
 619 0411 2B010000 		.4byte	0x12b
ARM GAS  C:\Users\jo\AppData\Local\Temp\ccIK1W8h.s 			page 12


 620 0415 08       		.byte	0x8
 621 0416 09       		.uleb128 0x9
 622 0417 04060000 		.4byte	.LASF77
 623 041b 06       		.byte	0x6
 624 041c B901     		.2byte	0x1b9
 625 041e CD050000 		.4byte	0x5cd
 626 0422 0C       		.byte	0xc
 627 0423 00       		.byte	0
 628 0424 04       		.uleb128 0x4
 629 0425 5B020000 		.4byte	.LASF78
 630 0429 05       		.byte	0x5
 631 042a 70       		.byte	0x70
 632 042b 2F040000 		.4byte	0x42f
 633 042f 0F       		.uleb128 0xf
 634 0430 78010000 		.4byte	.LASF79
 635 0434 7005     		.2byte	0x570
 636 0436 06       		.byte	0x6
 637 0437 C201     		.2byte	0x1c2
 638 0439 8E040000 		.4byte	0x48e
 639 043d 09       		.uleb128 0x9
 640 043e D9050000 		.4byte	.LASF80
 641 0442 06       		.byte	0x6
 642 0443 C601     		.2byte	0x1c6
 643 0445 AA020000 		.4byte	0x2aa
 644 0449 00       		.byte	0
 645 044a 09       		.uleb128 0x9
 646 044b 71010000 		.4byte	.LASF81
 647 044f 06       		.byte	0x6
 648 0450 CA01     		.2byte	0x1ca
 649 0452 89030000 		.4byte	0x389
 650 0456 1C       		.byte	0x1c
 651 0457 08       		.uleb128 0x8
 652 0458 64626700 		.ascii	"dbg\000"
 653 045c 06       		.byte	0x6
 654 045d CE01     		.2byte	0x1ce
 655 045f D6030000 		.4byte	0x3d6
 656 0463 2C       		.byte	0x2c
 657 0464 10       		.uleb128 0x10
 658 0465 B3000000 		.4byte	.LASF82
 659 0469 06       		.byte	0x6
 660 046a D201     		.2byte	0x1d2
 661 046c 41010000 		.4byte	0x141
 662 0470 4004     		.2byte	0x440
 663 0472 11       		.uleb128 0x11
 664 0473 746D00   		.ascii	"tm\000"
 665 0476 06       		.byte	0x6
 666 0477 D701     		.2byte	0x1d7
 667 0479 ED050000 		.4byte	0x5ed
 668 047d 8804     		.2byte	0x488
 669 047f 10       		.uleb128 0x10
 670 0480 E5010000 		.4byte	.LASF83
 671 0484 06       		.byte	0x6
 672 0485 E301     		.2byte	0x1e3
 673 0487 E0060000 		.4byte	0x6e0
 674 048b 9004     		.2byte	0x490
 675 048d 00       		.byte	0
 676 048e 03       		.uleb128 0x3
ARM GAS  C:\Users\jo\AppData\Local\Temp\ccIK1W8h.s 			page 13


 677 048f 04       		.byte	0x4
 678 0490 07       		.byte	0x7
 679 0491 AE030000 		.4byte	.LASF84
 680 0495 04       		.uleb128 0x4
 681 0496 C3010000 		.4byte	.LASF85
 682 049a 07       		.byte	0x7
 683 049b 65       		.byte	0x65
 684 049c 2D030000 		.4byte	0x32d
 685 04a0 04       		.uleb128 0x4
 686 04a1 99030000 		.4byte	.LASF86
 687 04a5 07       		.byte	0x7
 688 04a6 6D       		.byte	0x6d
 689 04a7 CE000000 		.4byte	0xce
 690 04ab 06       		.uleb128 0x6
 691 04ac 94050000 		.4byte	.LASF87
 692 04b0 04       		.byte	0x4
 693 04b1 07       		.byte	0x7
 694 04b2 89       		.byte	0x89
 695 04b3 C4040000 		.4byte	0x4c4
 696 04b7 12       		.uleb128 0x12
 697 04b8 72313300 		.ascii	"r13\000"
 698 04bc 07       		.byte	0x7
 699 04bd 8A       		.byte	0x8a
 700 04be 3F050000 		.4byte	0x53f
 701 04c2 00       		.byte	0
 702 04c3 00       		.byte	0
 703 04c4 06       		.uleb128 0x6
 704 04c5 5D000000 		.4byte	.LASF88
 705 04c9 24       		.byte	0x24
 706 04ca 08       		.byte	0x8
 707 04cb F4       		.byte	0xf4
 708 04cc 3F050000 		.4byte	0x53f
 709 04d0 08       		.uleb128 0x8
 710 04d1 723400   		.ascii	"r4\000"
 711 04d4 08       		.byte	0x8
 712 04d5 0701     		.2byte	0x107
 713 04d7 95040000 		.4byte	0x495
 714 04db 00       		.byte	0
 715 04dc 08       		.uleb128 0x8
 716 04dd 723500   		.ascii	"r5\000"
 717 04e0 08       		.byte	0x8
 718 04e1 0801     		.2byte	0x108
 719 04e3 95040000 		.4byte	0x495
 720 04e7 04       		.byte	0x4
 721 04e8 08       		.uleb128 0x8
 722 04e9 723600   		.ascii	"r6\000"
 723 04ec 08       		.byte	0x8
 724 04ed 0901     		.2byte	0x109
 725 04ef 95040000 		.4byte	0x495
 726 04f3 08       		.byte	0x8
 727 04f4 08       		.uleb128 0x8
 728 04f5 723700   		.ascii	"r7\000"
 729 04f8 08       		.byte	0x8
 730 04f9 0A01     		.2byte	0x10a
 731 04fb 95040000 		.4byte	0x495
 732 04ff 0C       		.byte	0xc
 733 0500 08       		.uleb128 0x8
ARM GAS  C:\Users\jo\AppData\Local\Temp\ccIK1W8h.s 			page 14


 734 0501 723800   		.ascii	"r8\000"
 735 0504 08       		.byte	0x8
 736 0505 0B01     		.2byte	0x10b
 737 0507 95040000 		.4byte	0x495
 738 050b 10       		.byte	0x10
 739 050c 08       		.uleb128 0x8
 740 050d 723900   		.ascii	"r9\000"
 741 0510 08       		.byte	0x8
 742 0511 0C01     		.2byte	0x10c
 743 0513 95040000 		.4byte	0x495
 744 0517 14       		.byte	0x14
 745 0518 08       		.uleb128 0x8
 746 0519 72313000 		.ascii	"r10\000"
 747 051d 08       		.byte	0x8
 748 051e 0D01     		.2byte	0x10d
 749 0520 95040000 		.4byte	0x495
 750 0524 18       		.byte	0x18
 751 0525 08       		.uleb128 0x8
 752 0526 72313100 		.ascii	"r11\000"
 753 052a 08       		.byte	0x8
 754 052b 0E01     		.2byte	0x10e
 755 052d 95040000 		.4byte	0x495
 756 0531 1C       		.byte	0x1c
 757 0532 08       		.uleb128 0x8
 758 0533 6C7200   		.ascii	"lr\000"
 759 0536 08       		.byte	0x8
 760 0537 0F01     		.2byte	0x10f
 761 0539 95040000 		.4byte	0x495
 762 053d 20       		.byte	0x20
 763 053e 00       		.byte	0
 764 053f 0A       		.uleb128 0xa
 765 0540 04       		.byte	0x4
 766 0541 C4040000 		.4byte	0x4c4
 767 0545 13       		.uleb128 0x13
 768 0546 10       		.byte	0x10
 769 0547 09       		.byte	0x9
 770 0548 51       		.byte	0x51
 771 0549 7E050000 		.4byte	0x57e
 772 054d 07       		.uleb128 0x7
 773 054e 35000000 		.4byte	.LASF89
 774 0552 09       		.byte	0x9
 775 0553 55       		.byte	0x55
 776 0554 36010000 		.4byte	0x136
 777 0558 00       		.byte	0
 778 0559 07       		.uleb128 0x7
 779 055a 94010000 		.4byte	.LASF90
 780 055e 09       		.byte	0x9
 781 055f 59       		.byte	0x59
 782 0560 50020000 		.4byte	0x250
 783 0564 04       		.byte	0x4
 784 0565 07       		.uleb128 0x7
 785 0566 1F060000 		.4byte	.LASF91
 786 056a 09       		.byte	0x9
 787 056b 5D       		.byte	0x5d
 788 056c 2D030000 		.4byte	0x32d
 789 0570 08       		.byte	0x8
 790 0571 07       		.uleb128 0x7
ARM GAS  C:\Users\jo\AppData\Local\Temp\ccIK1W8h.s 			page 15


 791 0572 A1000000 		.4byte	.LASF92
 792 0576 09       		.byte	0x9
 793 0577 61       		.byte	0x61
 794 0578 A2000000 		.4byte	0xa2
 795 057c 0C       		.byte	0xc
 796 057d 00       		.byte	0
 797 057e 04       		.uleb128 0x4
 798 057f E1030000 		.4byte	.LASF93
 799 0583 09       		.byte	0x9
 800 0584 62       		.byte	0x62
 801 0585 45050000 		.4byte	0x545
 802 0589 14       		.uleb128 0x14
 803 058a 0804     		.2byte	0x408
 804 058c 09       		.byte	0x9
 805 058d 67       		.byte	0x67
 806 058e B7050000 		.4byte	0x5b7
 807 0592 07       		.uleb128 0x7
 808 0593 B3010000 		.4byte	.LASF94
 809 0597 09       		.byte	0x9
 810 0598 6B       		.byte	0x6b
 811 0599 2C000000 		.4byte	0x2c
 812 059d 00       		.byte	0
 813 059e 07       		.uleb128 0x7
 814 059f 21000000 		.4byte	.LASF95
 815 05a3 09       		.byte	0x9
 816 05a4 6F       		.byte	0x6f
 817 05a5 B7050000 		.4byte	0x5b7
 818 05a9 04       		.byte	0x4
 819 05aa 07       		.uleb128 0x7
 820 05ab 40040000 		.4byte	.LASF96
 821 05af 09       		.byte	0x9
 822 05b0 73       		.byte	0x73
 823 05b1 BD050000 		.4byte	0x5bd
 824 05b5 08       		.byte	0x8
 825 05b6 00       		.byte	0
 826 05b7 0A       		.uleb128 0xa
 827 05b8 04       		.byte	0x4
 828 05b9 7E050000 		.4byte	0x57e
 829 05bd 15       		.uleb128 0x15
 830 05be 7E050000 		.4byte	0x57e
 831 05c2 CD050000 		.4byte	0x5cd
 832 05c6 16       		.uleb128 0x16
 833 05c7 8E040000 		.4byte	0x48e
 834 05cb 3F       		.byte	0x3f
 835 05cc 00       		.byte	0
 836 05cd 04       		.uleb128 0x4
 837 05ce 8F000000 		.4byte	.LASF97
 838 05d2 09       		.byte	0x9
 839 05d3 74       		.byte	0x74
 840 05d4 89050000 		.4byte	0x589
 841 05d8 13       		.uleb128 0x13
 842 05d9 04       		.byte	0x4
 843 05da 0A       		.byte	0xa
 844 05db 38       		.byte	0x38
 845 05dc ED050000 		.4byte	0x5ed
 846 05e0 07       		.uleb128 0x7
 847 05e1 8D050000 		.4byte	.LASF98
ARM GAS  C:\Users\jo\AppData\Local\Temp\ccIK1W8h.s 			page 16


 848 05e5 0A       		.byte	0xa
 849 05e6 3C       		.byte	0x3c
 850 05e7 DE000000 		.4byte	0xde
 851 05eb 00       		.byte	0
 852 05ec 00       		.byte	0
 853 05ed 04       		.uleb128 0x4
 854 05ee 0A040000 		.4byte	.LASF99
 855 05f2 0A       		.byte	0xa
 856 05f3 3D       		.byte	0x3d
 857 05f4 D8050000 		.4byte	0x5d8
 858 05f8 17       		.uleb128 0x17
 859 05f9 04       		.byte	0x4
 860 05fa 06       		.byte	0x6
 861 05fb FA       		.byte	0xfa
 862 05fc 55060000 		.4byte	0x655
 863 0600 18       		.uleb128 0x18
 864 0601 43000000 		.4byte	.LASF100
 865 0605 06       		.byte	0x6
 866 0606 0101     		.2byte	0x101
 867 0608 15010000 		.4byte	0x115
 868 060c 18       		.uleb128 0x18
 869 060d AA000000 		.4byte	.LASF101
 870 0611 06       		.byte	0x6
 871 0612 0801     		.2byte	0x108
 872 0614 15010000 		.4byte	0x115
 873 0618 18       		.uleb128 0x18
 874 0619 E7050000 		.4byte	.LASF102
 875 061d 06       		.byte	0x6
 876 061e 0F01     		.2byte	0x10f
 877 0620 2D030000 		.4byte	0x32d
 878 0624 18       		.uleb128 0x18
 879 0625 3D000000 		.4byte	.LASF103
 880 0629 06       		.byte	0x6
 881 062a 1601     		.2byte	0x116
 882 062c 55060000 		.4byte	0x655
 883 0630 18       		.uleb128 0x18
 884 0631 1A020000 		.4byte	.LASF104
 885 0635 06       		.byte	0x6
 886 0636 1E01     		.2byte	0x11e
 887 0638 80060000 		.4byte	0x680
 888 063c 18       		.uleb128 0x18
 889 063d 00050000 		.4byte	.LASF105
 890 0641 06       		.byte	0x6
 891 0642 2701     		.2byte	0x127
 892 0644 B7060000 		.4byte	0x6b7
 893 0648 18       		.uleb128 0x18
 894 0649 B8040000 		.4byte	.LASF106
 895 064d 06       		.byte	0x6
 896 064e 2F01     		.2byte	0x12f
 897 0650 20010000 		.4byte	0x120
 898 0654 00       		.byte	0
 899 0655 0A       		.uleb128 0xa
 900 0656 04       		.byte	0x4
 901 0657 45020000 		.4byte	0x245
 902 065b 06       		.uleb128 0x6
 903 065c DF040000 		.4byte	.LASF107
 904 0660 0C       		.byte	0xc
ARM GAS  C:\Users\jo\AppData\Local\Temp\ccIK1W8h.s 			page 17


 905 0661 0B       		.byte	0xb
 906 0662 34       		.byte	0x34
 907 0663 80060000 		.4byte	0x680
 908 0667 07       		.uleb128 0x7
 909 0668 AB010000 		.4byte	.LASF108
 910 066c 0B       		.byte	0xb
 911 066d 35       		.byte	0x35
 912 066e 7A020000 		.4byte	0x27a
 913 0672 00       		.byte	0
 914 0673 07       		.uleb128 0x7
 915 0674 32020000 		.4byte	.LASF109
 916 0678 0B       		.byte	0xb
 917 0679 37       		.byte	0x37
 918 067a 2B010000 		.4byte	0x12b
 919 067e 08       		.byte	0x8
 920 067f 00       		.byte	0
 921 0680 0A       		.uleb128 0xa
 922 0681 04       		.byte	0x4
 923 0682 5B060000 		.4byte	0x65b
 924 0686 06       		.uleb128 0x6
 925 0687 C1050000 		.4byte	.LASF110
 926 068b 10       		.byte	0x10
 927 068c 0C       		.byte	0xc
 928 068d 39       		.byte	0x39
 929 068e B7060000 		.4byte	0x6b7
 930 0692 07       		.uleb128 0x7
 931 0693 69010000 		.4byte	.LASF111
 932 0697 0C       		.byte	0xc
 933 0698 3A       		.byte	0x3a
 934 0699 7A020000 		.4byte	0x27a
 935 069d 00       		.byte	0
 936 069e 07       		.uleb128 0x7
 937 069f 17060000 		.4byte	.LASF112
 938 06a3 0C       		.byte	0xc
 939 06a4 3C       		.byte	0x3c
 940 06a5 50020000 		.4byte	0x250
 941 06a9 08       		.byte	0x8
 942 06aa 07       		.uleb128 0x7
 943 06ab 53050000 		.4byte	.LASF113
 944 06af 0C       		.byte	0xc
 945 06b0 3E       		.byte	0x3e
 946 06b1 FB060000 		.4byte	0x6fb
 947 06b5 0C       		.byte	0xc
 948 06b6 00       		.byte	0
 949 06b7 0A       		.uleb128 0xa
 950 06b8 04       		.byte	0x4
 951 06b9 86060000 		.4byte	0x686
 952 06bd 0A       		.uleb128 0xa
 953 06be 04       		.byte	0x4
 954 06bf C3060000 		.4byte	0x6c3
 955 06c3 19       		.uleb128 0x19
 956 06c4 C8060000 		.4byte	0x6c8
 957 06c8 03       		.uleb128 0x3
 958 06c9 01       		.byte	0x1
 959 06ca 08       		.byte	0x8
 960 06cb 3A050000 		.4byte	.LASF114
 961 06cf 0A       		.uleb128 0xa
ARM GAS  C:\Users\jo\AppData\Local\Temp\ccIK1W8h.s 			page 18


 962 06d0 04       		.byte	0x4
 963 06d1 A0040000 		.4byte	0x4a0
 964 06d5 0A       		.uleb128 0xa
 965 06d6 04       		.byte	0x4
 966 06d7 2F030000 		.4byte	0x32f
 967 06db 05       		.uleb128 0x5
 968 06dc BD060000 		.4byte	0x6bd
 969 06e0 15       		.uleb128 0x15
 970 06e1 A0040000 		.4byte	0x4a0
 971 06e5 F0060000 		.4byte	0x6f0
 972 06e9 16       		.uleb128 0x16
 973 06ea 8E040000 		.4byte	0x48e
 974 06ee 1B       		.byte	0x1b
 975 06ef 00       		.byte	0
 976 06f0 04       		.uleb128 0x4
 977 06f1 D4010000 		.4byte	.LASF115
 978 06f5 0C       		.byte	0xc
 979 06f6 34       		.byte	0x34
 980 06f7 86060000 		.4byte	0x686
 981 06fb 0A       		.uleb128 0xa
 982 06fc 04       		.byte	0x4
 983 06fd F0060000 		.4byte	0x6f0
 984 0701 03       		.uleb128 0x3
 985 0702 01       		.byte	0x1
 986 0703 02       		.byte	0x2
 987 0704 79040000 		.4byte	.LASF116
 988 0708 04       		.uleb128 0x4
 989 0709 AB050000 		.4byte	.LASF117
 990 070d 0D       		.byte	0xd
 991 070e 41       		.byte	0x41
 992 070f AD000000 		.4byte	0xad
 993 0713 04       		.uleb128 0x4
 994 0714 2C020000 		.4byte	.LASF118
 995 0718 0D       		.byte	0xd
 996 0719 43       		.byte	0x43
 997 071a C3000000 		.4byte	0xc3
 998 071e 1A       		.uleb128 0x1a
 999 071f B4020000 		.4byte	.LASF119
 1000 0723 01       		.byte	0x1
 1001 0724 40       		.byte	0x40
 1002 0725 08070000 		.4byte	0x708
 1003 0729 01       		.byte	0x1
 1004 072a 38070000 		.4byte	0x738
 1005 072e 1B       		.uleb128 0x1b
 1006 072f 6E00     		.ascii	"n\000"
 1007 0731 01       		.byte	0x1
 1008 0732 40       		.byte	0x40
 1009 0733 08070000 		.4byte	0x708
 1010 0737 00       		.byte	0
 1011 0738 1A       		.uleb128 0x1a
 1012 0739 85020000 		.4byte	.LASF120
 1013 073d 01       		.byte	0x1
 1014 073e 58       		.byte	0x58
 1015 073f 13070000 		.4byte	0x713
 1016 0743 01       		.byte	0x1
 1017 0744 52070000 		.4byte	0x752
 1018 0748 1B       		.uleb128 0x1b
ARM GAS  C:\Users\jo\AppData\Local\Temp\ccIK1W8h.s 			page 19


 1019 0749 6E00     		.ascii	"n\000"
 1020 074b 01       		.byte	0x1
 1021 074c 58       		.byte	0x58
 1022 074d 13070000 		.4byte	0x713
 1023 0751 00       		.byte	0
 1024 0752 1C       		.uleb128 0x1c
 1025 0753 1E070000 		.4byte	0x71e
 1026 0757 00000000 		.4byte	.LFB260
 1027 075b 06000000 		.4byte	.LFE260-.LFB260
 1028 075f 01       		.uleb128 0x1
 1029 0760 9C       		.byte	0x9c
 1030 0761 6F070000 		.4byte	0x76f
 1031 0765 1D       		.uleb128 0x1d
 1032 0766 2E070000 		.4byte	0x72e
 1033 076a 00000000 		.4byte	.LLST0
 1034 076e 00       		.byte	0
 1035 076f 1E       		.uleb128 0x1e
 1036 0770 7A020000 		.4byte	.LASF121
 1037 0774 01       		.byte	0x1
 1038 0775 4C       		.byte	0x4c
 1039 0776 08070000 		.4byte	0x708
 1040 077a 00000000 		.4byte	.LFB261
 1041 077e 06000000 		.4byte	.LFE261-.LFB261
 1042 0782 01       		.uleb128 0x1
 1043 0783 9C       		.byte	0x9c
 1044 0784 96070000 		.4byte	0x796
 1045 0788 1F       		.uleb128 0x1f
 1046 0789 6E00     		.ascii	"n\000"
 1047 078b 01       		.byte	0x1
 1048 078c 4C       		.byte	0x4c
 1049 078d 08070000 		.4byte	0x708
 1050 0791 21000000 		.4byte	.LLST1
 1051 0795 00       		.byte	0
 1052 0796 1C       		.uleb128 0x1c
 1053 0797 38070000 		.4byte	0x738
 1054 079b 00000000 		.4byte	.LFB262
 1055 079f 04000000 		.4byte	.LFE262-.LFB262
 1056 07a3 01       		.uleb128 0x1
 1057 07a4 9C       		.byte	0x9c
 1058 07a5 B3070000 		.4byte	0x7b3
 1059 07a9 1D       		.uleb128 0x1d
 1060 07aa 48070000 		.4byte	0x748
 1061 07ae 42000000 		.4byte	.LLST2
 1062 07b2 00       		.byte	0
 1063 07b3 1E       		.uleb128 0x1e
 1064 07b4 67020000 		.4byte	.LASF122
 1065 07b8 01       		.byte	0x1
 1066 07b9 67       		.byte	0x67
 1067 07ba 13070000 		.4byte	0x713
 1068 07be 00000000 		.4byte	.LFB263
 1069 07c2 04000000 		.4byte	.LFE263-.LFB263
 1070 07c6 01       		.uleb128 0x1
 1071 07c7 9C       		.byte	0x9c
 1072 07c8 DA070000 		.4byte	0x7da
 1073 07cc 1F       		.uleb128 0x1f
 1074 07cd 6E00     		.ascii	"n\000"
 1075 07cf 01       		.byte	0x1
ARM GAS  C:\Users\jo\AppData\Local\Temp\ccIK1W8h.s 			page 20


 1076 07d0 67       		.byte	0x67
 1077 07d1 13070000 		.4byte	0x713
 1078 07d5 63000000 		.4byte	.LLST3
 1079 07d9 00       		.byte	0
 1080 07da 20       		.uleb128 0x20
 1081 07db D4000000 		.4byte	.LASF123
 1082 07df 0E       		.byte	0xe
 1083 07e0 A706     		.2byte	0x6a7
 1084 07e2 D9000000 		.4byte	0xd9
 1085 07e6 21       		.uleb128 0x21
 1086 07e7 636800   		.ascii	"ch\000"
 1087 07ea 06       		.byte	0x6
 1088 07eb 0902     		.2byte	0x209
 1089 07ed 24040000 		.4byte	0x424
 1090 07f1 00       		.byte	0
 1091              		.section	.debug_abbrev,"",%progbits
 1092              	.Ldebug_abbrev0:
 1093 0000 01       		.uleb128 0x1
 1094 0001 11       		.uleb128 0x11
 1095 0002 01       		.byte	0x1
 1096 0003 25       		.uleb128 0x25
 1097 0004 0E       		.uleb128 0xe
 1098 0005 13       		.uleb128 0x13
 1099 0006 0B       		.uleb128 0xb
 1100 0007 03       		.uleb128 0x3
 1101 0008 0E       		.uleb128 0xe
 1102 0009 1B       		.uleb128 0x1b
 1103 000a 0E       		.uleb128 0xe
 1104 000b 55       		.uleb128 0x55
 1105 000c 17       		.uleb128 0x17
 1106 000d 11       		.uleb128 0x11
 1107 000e 01       		.uleb128 0x1
 1108 000f 10       		.uleb128 0x10
 1109 0010 17       		.uleb128 0x17
 1110 0011 00       		.byte	0
 1111 0012 00       		.byte	0
 1112 0013 02       		.uleb128 0x2
 1113 0014 24       		.uleb128 0x24
 1114 0015 00       		.byte	0
 1115 0016 0B       		.uleb128 0xb
 1116 0017 0B       		.uleb128 0xb
 1117 0018 3E       		.uleb128 0x3e
 1118 0019 0B       		.uleb128 0xb
 1119 001a 03       		.uleb128 0x3
 1120 001b 08       		.uleb128 0x8
 1121 001c 00       		.byte	0
 1122 001d 00       		.byte	0
 1123 001e 03       		.uleb128 0x3
 1124 001f 24       		.uleb128 0x24
 1125 0020 00       		.byte	0
 1126 0021 0B       		.uleb128 0xb
 1127 0022 0B       		.uleb128 0xb
 1128 0023 3E       		.uleb128 0x3e
 1129 0024 0B       		.uleb128 0xb
 1130 0025 03       		.uleb128 0x3
 1131 0026 0E       		.uleb128 0xe
 1132 0027 00       		.byte	0
ARM GAS  C:\Users\jo\AppData\Local\Temp\ccIK1W8h.s 			page 21


 1133 0028 00       		.byte	0
 1134 0029 04       		.uleb128 0x4
 1135 002a 16       		.uleb128 0x16
 1136 002b 00       		.byte	0
 1137 002c 03       		.uleb128 0x3
 1138 002d 0E       		.uleb128 0xe
 1139 002e 3A       		.uleb128 0x3a
 1140 002f 0B       		.uleb128 0xb
 1141 0030 3B       		.uleb128 0x3b
 1142 0031 0B       		.uleb128 0xb
 1143 0032 49       		.uleb128 0x49
 1144 0033 13       		.uleb128 0x13
 1145 0034 00       		.byte	0
 1146 0035 00       		.byte	0
 1147 0036 05       		.uleb128 0x5
 1148 0037 35       		.uleb128 0x35
 1149 0038 00       		.byte	0
 1150 0039 49       		.uleb128 0x49
 1151 003a 13       		.uleb128 0x13
 1152 003b 00       		.byte	0
 1153 003c 00       		.byte	0
 1154 003d 06       		.uleb128 0x6
 1155 003e 13       		.uleb128 0x13
 1156 003f 01       		.byte	0x1
 1157 0040 03       		.uleb128 0x3
 1158 0041 0E       		.uleb128 0xe
 1159 0042 0B       		.uleb128 0xb
 1160 0043 0B       		.uleb128 0xb
 1161 0044 3A       		.uleb128 0x3a
 1162 0045 0B       		.uleb128 0xb
 1163 0046 3B       		.uleb128 0x3b
 1164 0047 0B       		.uleb128 0xb
 1165 0048 01       		.uleb128 0x1
 1166 0049 13       		.uleb128 0x13
 1167 004a 00       		.byte	0
 1168 004b 00       		.byte	0
 1169 004c 07       		.uleb128 0x7
 1170 004d 0D       		.uleb128 0xd
 1171 004e 00       		.byte	0
 1172 004f 03       		.uleb128 0x3
 1173 0050 0E       		.uleb128 0xe
 1174 0051 3A       		.uleb128 0x3a
 1175 0052 0B       		.uleb128 0xb
 1176 0053 3B       		.uleb128 0x3b
 1177 0054 0B       		.uleb128 0xb
 1178 0055 49       		.uleb128 0x49
 1179 0056 13       		.uleb128 0x13
 1180 0057 38       		.uleb128 0x38
 1181 0058 0B       		.uleb128 0xb
 1182 0059 00       		.byte	0
 1183 005a 00       		.byte	0
 1184 005b 08       		.uleb128 0x8
 1185 005c 0D       		.uleb128 0xd
 1186 005d 00       		.byte	0
 1187 005e 03       		.uleb128 0x3
 1188 005f 08       		.uleb128 0x8
 1189 0060 3A       		.uleb128 0x3a
ARM GAS  C:\Users\jo\AppData\Local\Temp\ccIK1W8h.s 			page 22


 1190 0061 0B       		.uleb128 0xb
 1191 0062 3B       		.uleb128 0x3b
 1192 0063 05       		.uleb128 0x5
 1193 0064 49       		.uleb128 0x49
 1194 0065 13       		.uleb128 0x13
 1195 0066 38       		.uleb128 0x38
 1196 0067 0B       		.uleb128 0xb
 1197 0068 00       		.byte	0
 1198 0069 00       		.byte	0
 1199 006a 09       		.uleb128 0x9
 1200 006b 0D       		.uleb128 0xd
 1201 006c 00       		.byte	0
 1202 006d 03       		.uleb128 0x3
 1203 006e 0E       		.uleb128 0xe
 1204 006f 3A       		.uleb128 0x3a
 1205 0070 0B       		.uleb128 0xb
 1206 0071 3B       		.uleb128 0x3b
 1207 0072 05       		.uleb128 0x5
 1208 0073 49       		.uleb128 0x49
 1209 0074 13       		.uleb128 0x13
 1210 0075 38       		.uleb128 0x38
 1211 0076 0B       		.uleb128 0xb
 1212 0077 00       		.byte	0
 1213 0078 00       		.byte	0
 1214 0079 0A       		.uleb128 0xa
 1215 007a 0F       		.uleb128 0xf
 1216 007b 00       		.byte	0
 1217 007c 0B       		.uleb128 0xb
 1218 007d 0B       		.uleb128 0xb
 1219 007e 49       		.uleb128 0x49
 1220 007f 13       		.uleb128 0x13
 1221 0080 00       		.byte	0
 1222 0081 00       		.byte	0
 1223 0082 0B       		.uleb128 0xb
 1224 0083 13       		.uleb128 0x13
 1225 0084 01       		.byte	0x1
 1226 0085 03       		.uleb128 0x3
 1227 0086 0E       		.uleb128 0xe
 1228 0087 0B       		.uleb128 0xb
 1229 0088 0B       		.uleb128 0xb
 1230 0089 3A       		.uleb128 0x3a
 1231 008a 0B       		.uleb128 0xb
 1232 008b 3B       		.uleb128 0x3b
 1233 008c 05       		.uleb128 0x5
 1234 008d 01       		.uleb128 0x1
 1235 008e 13       		.uleb128 0x13
 1236 008f 00       		.byte	0
 1237 0090 00       		.byte	0
 1238 0091 0C       		.uleb128 0xc
 1239 0092 15       		.uleb128 0x15
 1240 0093 01       		.byte	0x1
 1241 0094 27       		.uleb128 0x27
 1242 0095 19       		.uleb128 0x19
 1243 0096 01       		.uleb128 0x1
 1244 0097 13       		.uleb128 0x13
 1245 0098 00       		.byte	0
 1246 0099 00       		.byte	0
ARM GAS  C:\Users\jo\AppData\Local\Temp\ccIK1W8h.s 			page 23


 1247 009a 0D       		.uleb128 0xd
 1248 009b 05       		.uleb128 0x5
 1249 009c 00       		.byte	0
 1250 009d 49       		.uleb128 0x49
 1251 009e 13       		.uleb128 0x13
 1252 009f 00       		.byte	0
 1253 00a0 00       		.byte	0
 1254 00a1 0E       		.uleb128 0xe
 1255 00a2 0F       		.uleb128 0xf
 1256 00a3 00       		.byte	0
 1257 00a4 0B       		.uleb128 0xb
 1258 00a5 0B       		.uleb128 0xb
 1259 00a6 00       		.byte	0
 1260 00a7 00       		.byte	0
 1261 00a8 0F       		.uleb128 0xf
 1262 00a9 13       		.uleb128 0x13
 1263 00aa 01       		.byte	0x1
 1264 00ab 03       		.uleb128 0x3
 1265 00ac 0E       		.uleb128 0xe
 1266 00ad 0B       		.uleb128 0xb
 1267 00ae 05       		.uleb128 0x5
 1268 00af 3A       		.uleb128 0x3a
 1269 00b0 0B       		.uleb128 0xb
 1270 00b1 3B       		.uleb128 0x3b
 1271 00b2 05       		.uleb128 0x5
 1272 00b3 01       		.uleb128 0x1
 1273 00b4 13       		.uleb128 0x13
 1274 00b5 00       		.byte	0
 1275 00b6 00       		.byte	0
 1276 00b7 10       		.uleb128 0x10
 1277 00b8 0D       		.uleb128 0xd
 1278 00b9 00       		.byte	0
 1279 00ba 03       		.uleb128 0x3
 1280 00bb 0E       		.uleb128 0xe
 1281 00bc 3A       		.uleb128 0x3a
 1282 00bd 0B       		.uleb128 0xb
 1283 00be 3B       		.uleb128 0x3b
 1284 00bf 05       		.uleb128 0x5
 1285 00c0 49       		.uleb128 0x49
 1286 00c1 13       		.uleb128 0x13
 1287 00c2 38       		.uleb128 0x38
 1288 00c3 05       		.uleb128 0x5
 1289 00c4 00       		.byte	0
 1290 00c5 00       		.byte	0
 1291 00c6 11       		.uleb128 0x11
 1292 00c7 0D       		.uleb128 0xd
 1293 00c8 00       		.byte	0
 1294 00c9 03       		.uleb128 0x3
 1295 00ca 08       		.uleb128 0x8
 1296 00cb 3A       		.uleb128 0x3a
 1297 00cc 0B       		.uleb128 0xb
 1298 00cd 3B       		.uleb128 0x3b
 1299 00ce 05       		.uleb128 0x5
 1300 00cf 49       		.uleb128 0x49
 1301 00d0 13       		.uleb128 0x13
 1302 00d1 38       		.uleb128 0x38
 1303 00d2 05       		.uleb128 0x5
ARM GAS  C:\Users\jo\AppData\Local\Temp\ccIK1W8h.s 			page 24


 1304 00d3 00       		.byte	0
 1305 00d4 00       		.byte	0
 1306 00d5 12       		.uleb128 0x12
 1307 00d6 0D       		.uleb128 0xd
 1308 00d7 00       		.byte	0
 1309 00d8 03       		.uleb128 0x3
 1310 00d9 08       		.uleb128 0x8
 1311 00da 3A       		.uleb128 0x3a
 1312 00db 0B       		.uleb128 0xb
 1313 00dc 3B       		.uleb128 0x3b
 1314 00dd 0B       		.uleb128 0xb
 1315 00de 49       		.uleb128 0x49
 1316 00df 13       		.uleb128 0x13
 1317 00e0 38       		.uleb128 0x38
 1318 00e1 0B       		.uleb128 0xb
 1319 00e2 00       		.byte	0
 1320 00e3 00       		.byte	0
 1321 00e4 13       		.uleb128 0x13
 1322 00e5 13       		.uleb128 0x13
 1323 00e6 01       		.byte	0x1
 1324 00e7 0B       		.uleb128 0xb
 1325 00e8 0B       		.uleb128 0xb
 1326 00e9 3A       		.uleb128 0x3a
 1327 00ea 0B       		.uleb128 0xb
 1328 00eb 3B       		.uleb128 0x3b
 1329 00ec 0B       		.uleb128 0xb
 1330 00ed 01       		.uleb128 0x1
 1331 00ee 13       		.uleb128 0x13
 1332 00ef 00       		.byte	0
 1333 00f0 00       		.byte	0
 1334 00f1 14       		.uleb128 0x14
 1335 00f2 13       		.uleb128 0x13
 1336 00f3 01       		.byte	0x1
 1337 00f4 0B       		.uleb128 0xb
 1338 00f5 05       		.uleb128 0x5
 1339 00f6 3A       		.uleb128 0x3a
 1340 00f7 0B       		.uleb128 0xb
 1341 00f8 3B       		.uleb128 0x3b
 1342 00f9 0B       		.uleb128 0xb
 1343 00fa 01       		.uleb128 0x1
 1344 00fb 13       		.uleb128 0x13
 1345 00fc 00       		.byte	0
 1346 00fd 00       		.byte	0
 1347 00fe 15       		.uleb128 0x15
 1348 00ff 01       		.uleb128 0x1
 1349 0100 01       		.byte	0x1
 1350 0101 49       		.uleb128 0x49
 1351 0102 13       		.uleb128 0x13
 1352 0103 01       		.uleb128 0x1
 1353 0104 13       		.uleb128 0x13
 1354 0105 00       		.byte	0
 1355 0106 00       		.byte	0
 1356 0107 16       		.uleb128 0x16
 1357 0108 21       		.uleb128 0x21
 1358 0109 00       		.byte	0
 1359 010a 49       		.uleb128 0x49
 1360 010b 13       		.uleb128 0x13
ARM GAS  C:\Users\jo\AppData\Local\Temp\ccIK1W8h.s 			page 25


 1361 010c 2F       		.uleb128 0x2f
 1362 010d 0B       		.uleb128 0xb
 1363 010e 00       		.byte	0
 1364 010f 00       		.byte	0
 1365 0110 17       		.uleb128 0x17
 1366 0111 17       		.uleb128 0x17
 1367 0112 01       		.byte	0x1
 1368 0113 0B       		.uleb128 0xb
 1369 0114 0B       		.uleb128 0xb
 1370 0115 3A       		.uleb128 0x3a
 1371 0116 0B       		.uleb128 0xb
 1372 0117 3B       		.uleb128 0x3b
 1373 0118 0B       		.uleb128 0xb
 1374 0119 01       		.uleb128 0x1
 1375 011a 13       		.uleb128 0x13
 1376 011b 00       		.byte	0
 1377 011c 00       		.byte	0
 1378 011d 18       		.uleb128 0x18
 1379 011e 0D       		.uleb128 0xd
 1380 011f 00       		.byte	0
 1381 0120 03       		.uleb128 0x3
 1382 0121 0E       		.uleb128 0xe
 1383 0122 3A       		.uleb128 0x3a
 1384 0123 0B       		.uleb128 0xb
 1385 0124 3B       		.uleb128 0x3b
 1386 0125 05       		.uleb128 0x5
 1387 0126 49       		.uleb128 0x49
 1388 0127 13       		.uleb128 0x13
 1389 0128 00       		.byte	0
 1390 0129 00       		.byte	0
 1391 012a 19       		.uleb128 0x19
 1392 012b 26       		.uleb128 0x26
 1393 012c 00       		.byte	0
 1394 012d 49       		.uleb128 0x49
 1395 012e 13       		.uleb128 0x13
 1396 012f 00       		.byte	0
 1397 0130 00       		.byte	0
 1398 0131 1A       		.uleb128 0x1a
 1399 0132 2E       		.uleb128 0x2e
 1400 0133 01       		.byte	0x1
 1401 0134 3F       		.uleb128 0x3f
 1402 0135 19       		.uleb128 0x19
 1403 0136 03       		.uleb128 0x3
 1404 0137 0E       		.uleb128 0xe
 1405 0138 3A       		.uleb128 0x3a
 1406 0139 0B       		.uleb128 0xb
 1407 013a 3B       		.uleb128 0x3b
 1408 013b 0B       		.uleb128 0xb
 1409 013c 27       		.uleb128 0x27
 1410 013d 19       		.uleb128 0x19
 1411 013e 49       		.uleb128 0x49
 1412 013f 13       		.uleb128 0x13
 1413 0140 20       		.uleb128 0x20
 1414 0141 0B       		.uleb128 0xb
 1415 0142 01       		.uleb128 0x1
 1416 0143 13       		.uleb128 0x13
 1417 0144 00       		.byte	0
ARM GAS  C:\Users\jo\AppData\Local\Temp\ccIK1W8h.s 			page 26


 1418 0145 00       		.byte	0
 1419 0146 1B       		.uleb128 0x1b
 1420 0147 05       		.uleb128 0x5
 1421 0148 00       		.byte	0
 1422 0149 03       		.uleb128 0x3
 1423 014a 08       		.uleb128 0x8
 1424 014b 3A       		.uleb128 0x3a
 1425 014c 0B       		.uleb128 0xb
 1426 014d 3B       		.uleb128 0x3b
 1427 014e 0B       		.uleb128 0xb
 1428 014f 49       		.uleb128 0x49
 1429 0150 13       		.uleb128 0x13
 1430 0151 00       		.byte	0
 1431 0152 00       		.byte	0
 1432 0153 1C       		.uleb128 0x1c
 1433 0154 2E       		.uleb128 0x2e
 1434 0155 01       		.byte	0x1
 1435 0156 31       		.uleb128 0x31
 1436 0157 13       		.uleb128 0x13
 1437 0158 11       		.uleb128 0x11
 1438 0159 01       		.uleb128 0x1
 1439 015a 12       		.uleb128 0x12
 1440 015b 06       		.uleb128 0x6
 1441 015c 40       		.uleb128 0x40
 1442 015d 18       		.uleb128 0x18
 1443 015e 9742     		.uleb128 0x2117
 1444 0160 19       		.uleb128 0x19
 1445 0161 01       		.uleb128 0x1
 1446 0162 13       		.uleb128 0x13
 1447 0163 00       		.byte	0
 1448 0164 00       		.byte	0
 1449 0165 1D       		.uleb128 0x1d
 1450 0166 05       		.uleb128 0x5
 1451 0167 00       		.byte	0
 1452 0168 31       		.uleb128 0x31
 1453 0169 13       		.uleb128 0x13
 1454 016a 02       		.uleb128 0x2
 1455 016b 17       		.uleb128 0x17
 1456 016c 00       		.byte	0
 1457 016d 00       		.byte	0
 1458 016e 1E       		.uleb128 0x1e
 1459 016f 2E       		.uleb128 0x2e
 1460 0170 01       		.byte	0x1
 1461 0171 3F       		.uleb128 0x3f
 1462 0172 19       		.uleb128 0x19
 1463 0173 03       		.uleb128 0x3
 1464 0174 0E       		.uleb128 0xe
 1465 0175 3A       		.uleb128 0x3a
 1466 0176 0B       		.uleb128 0xb
 1467 0177 3B       		.uleb128 0x3b
 1468 0178 0B       		.uleb128 0xb
 1469 0179 27       		.uleb128 0x27
 1470 017a 19       		.uleb128 0x19
 1471 017b 49       		.uleb128 0x49
 1472 017c 13       		.uleb128 0x13
 1473 017d 11       		.uleb128 0x11
 1474 017e 01       		.uleb128 0x1
ARM GAS  C:\Users\jo\AppData\Local\Temp\ccIK1W8h.s 			page 27


 1475 017f 12       		.uleb128 0x12
 1476 0180 06       		.uleb128 0x6
 1477 0181 40       		.uleb128 0x40
 1478 0182 18       		.uleb128 0x18
 1479 0183 9742     		.uleb128 0x2117
 1480 0185 19       		.uleb128 0x19
 1481 0186 01       		.uleb128 0x1
 1482 0187 13       		.uleb128 0x13
 1483 0188 00       		.byte	0
 1484 0189 00       		.byte	0
 1485 018a 1F       		.uleb128 0x1f
 1486 018b 05       		.uleb128 0x5
 1487 018c 00       		.byte	0
 1488 018d 03       		.uleb128 0x3
 1489 018e 08       		.uleb128 0x8
 1490 018f 3A       		.uleb128 0x3a
 1491 0190 0B       		.uleb128 0xb
 1492 0191 3B       		.uleb128 0x3b
 1493 0192 0B       		.uleb128 0xb
 1494 0193 49       		.uleb128 0x49
 1495 0194 13       		.uleb128 0x13
 1496 0195 02       		.uleb128 0x2
 1497 0196 17       		.uleb128 0x17
 1498 0197 00       		.byte	0
 1499 0198 00       		.byte	0
 1500 0199 20       		.uleb128 0x20
 1501 019a 34       		.uleb128 0x34
 1502 019b 00       		.byte	0
 1503 019c 03       		.uleb128 0x3
 1504 019d 0E       		.uleb128 0xe
 1505 019e 3A       		.uleb128 0x3a
 1506 019f 0B       		.uleb128 0xb
 1507 01a0 3B       		.uleb128 0x3b
 1508 01a1 05       		.uleb128 0x5
 1509 01a2 49       		.uleb128 0x49
 1510 01a3 13       		.uleb128 0x13
 1511 01a4 3F       		.uleb128 0x3f
 1512 01a5 19       		.uleb128 0x19
 1513 01a6 3C       		.uleb128 0x3c
 1514 01a7 19       		.uleb128 0x19
 1515 01a8 00       		.byte	0
 1516 01a9 00       		.byte	0
 1517 01aa 21       		.uleb128 0x21
 1518 01ab 34       		.uleb128 0x34
 1519 01ac 00       		.byte	0
 1520 01ad 03       		.uleb128 0x3
 1521 01ae 08       		.uleb128 0x8
 1522 01af 3A       		.uleb128 0x3a
 1523 01b0 0B       		.uleb128 0xb
 1524 01b1 3B       		.uleb128 0x3b
 1525 01b2 05       		.uleb128 0x5
 1526 01b3 49       		.uleb128 0x49
 1527 01b4 13       		.uleb128 0x13
 1528 01b5 3F       		.uleb128 0x3f
 1529 01b6 19       		.uleb128 0x19
 1530 01b7 3C       		.uleb128 0x3c
 1531 01b8 19       		.uleb128 0x19
ARM GAS  C:\Users\jo\AppData\Local\Temp\ccIK1W8h.s 			page 28


 1532 01b9 00       		.byte	0
 1533 01ba 00       		.byte	0
 1534 01bb 00       		.byte	0
 1535              		.section	.debug_loc,"",%progbits
 1536              	.Ldebug_loc0:
 1537              	.LLST0:
 1538 0000 00000000 		.4byte	.LVL0
 1539 0004 02000000 		.4byte	.LVL1
 1540 0008 0100     		.2byte	0x1
 1541 000a 50       		.byte	0x50
 1542 000b 02000000 		.4byte	.LVL1
 1543 000f 06000000 		.4byte	.LFE260
 1544 0013 0400     		.2byte	0x4
 1545 0015 F3       		.byte	0xf3
 1546 0016 01       		.uleb128 0x1
 1547 0017 50       		.byte	0x50
 1548 0018 9F       		.byte	0x9f
 1549 0019 00000000 		.4byte	0
 1550 001d 00000000 		.4byte	0
 1551              	.LLST1:
 1552 0021 00000000 		.4byte	.LVL2
 1553 0025 02000000 		.4byte	.LVL3
 1554 0029 0100     		.2byte	0x1
 1555 002b 50       		.byte	0x50
 1556 002c 02000000 		.4byte	.LVL3
 1557 0030 06000000 		.4byte	.LFE261
 1558 0034 0400     		.2byte	0x4
 1559 0036 F3       		.byte	0xf3
 1560 0037 01       		.uleb128 0x1
 1561 0038 50       		.byte	0x50
 1562 0039 9F       		.byte	0x9f
 1563 003a 00000000 		.4byte	0
 1564 003e 00000000 		.4byte	0
 1565              	.LLST2:
 1566 0042 00000000 		.4byte	.LVL4
 1567 0046 02000000 		.4byte	.LVL5
 1568 004a 0100     		.2byte	0x1
 1569 004c 50       		.byte	0x50
 1570 004d 02000000 		.4byte	.LVL5
 1571 0051 04000000 		.4byte	.LFE262
 1572 0055 0400     		.2byte	0x4
 1573 0057 F3       		.byte	0xf3
 1574 0058 01       		.uleb128 0x1
 1575 0059 50       		.byte	0x50
 1576 005a 9F       		.byte	0x9f
 1577 005b 00000000 		.4byte	0
 1578 005f 00000000 		.4byte	0
 1579              	.LLST3:
 1580 0063 00000000 		.4byte	.LVL6
 1581 0067 02000000 		.4byte	.LVL7
 1582 006b 0100     		.2byte	0x1
 1583 006d 50       		.byte	0x50
 1584 006e 02000000 		.4byte	.LVL7
 1585 0072 04000000 		.4byte	.LFE263
 1586 0076 0400     		.2byte	0x4
 1587 0078 F3       		.byte	0xf3
 1588 0079 01       		.uleb128 0x1
ARM GAS  C:\Users\jo\AppData\Local\Temp\ccIK1W8h.s 			page 29


 1589 007a 50       		.byte	0x50
 1590 007b 9F       		.byte	0x9f
 1591 007c 00000000 		.4byte	0
 1592 0080 00000000 		.4byte	0
 1593              		.section	.debug_aranges,"",%progbits
 1594 0000 34000000 		.4byte	0x34
 1595 0004 0200     		.2byte	0x2
 1596 0006 00000000 		.4byte	.Ldebug_info0
 1597 000a 04       		.byte	0x4
 1598 000b 00       		.byte	0
 1599 000c 0000     		.2byte	0
 1600 000e 0000     		.2byte	0
 1601 0010 00000000 		.4byte	.LFB260
 1602 0014 06000000 		.4byte	.LFE260-.LFB260
 1603 0018 00000000 		.4byte	.LFB261
 1604 001c 06000000 		.4byte	.LFE261-.LFB261
 1605 0020 00000000 		.4byte	.LFB262
 1606 0024 04000000 		.4byte	.LFE262-.LFB262
 1607 0028 00000000 		.4byte	.LFB263
 1608 002c 04000000 		.4byte	.LFE263-.LFB263
 1609 0030 00000000 		.4byte	0
 1610 0034 00000000 		.4byte	0
 1611              		.section	.debug_ranges,"",%progbits
 1612              	.Ldebug_ranges0:
 1613 0000 00000000 		.4byte	.LFB260
 1614 0004 06000000 		.4byte	.LFE260
 1615 0008 00000000 		.4byte	.LFB261
 1616 000c 06000000 		.4byte	.LFE261
 1617 0010 00000000 		.4byte	.LFB262
 1618 0014 04000000 		.4byte	.LFE262
 1619 0018 00000000 		.4byte	.LFB263
 1620 001c 04000000 		.4byte	.LFE263
 1621 0020 00000000 		.4byte	0
 1622 0024 00000000 		.4byte	0
 1623              		.section	.debug_line,"",%progbits
 1624              	.Ldebug_line0:
 1625 0000 65020000 		.section	.debug_str,"MS",%progbits,1
 1625      02001B02 
 1625      00000201 
 1625      FB0E0D00 
 1625      01010101 
 1626              	.LASF125:
 1627 0000 2E2E2F2E 		.ascii	"../../../ext/lwip/src/core/def.c\000"
 1627      2E2F2E2E 
 1627      2F657874 
 1627      2F6C7769 
 1627      702F7372 
 1628              	.LASF95:
 1629 0021 74625F70 		.ascii	"tb_ptr\000"
 1629      747200
 1630              	.LASF53:
 1631 0028 72656164 		.ascii	"ready_list_t\000"
 1631      795F6C69 
 1631      73745F74 
 1631      00
 1632              	.LASF89:
 1633 0035 73655F74 		.ascii	"se_time\000"
ARM GAS  C:\Users\jo\AppData\Local\Temp\ccIK1W8h.s 			page 30


 1633      696D6500 
 1634              	.LASF103:
 1635 003d 77747472 		.ascii	"wttrp\000"
 1635      7000
 1636              	.LASF100:
 1637 0043 7264796D 		.ascii	"rdymsg\000"
 1637      736700
 1638              	.LASF18:
 1639 004a 75696E74 		.ascii	"uint64_t\000"
 1639      36345F74 
 1639      00
 1640              	.LASF4:
 1641 0053 5F5F7569 		.ascii	"__uint8_t\000"
 1641      6E74385F 
 1641      7400
 1642              	.LASF88:
 1643 005d 706F7274 		.ascii	"port_intctx\000"
 1643      5F696E74 
 1643      63747800 
 1644              	.LASF72:
 1645 0069 73797374 		.ascii	"system_debug_t\000"
 1645      656D5F64 
 1645      65627567 
 1645      5F7400
 1646              	.LASF13:
 1647 0078 6C6F6E67 		.ascii	"long long unsigned int\000"
 1647      206C6F6E 
 1647      6720756E 
 1647      7369676E 
 1647      65642069 
 1648              	.LASF97:
 1649 008f 63685F74 		.ascii	"ch_trace_buffer_t\000"
 1649      72616365 
 1649      5F627566 
 1649      6665725F 
 1649      7400
 1650              	.LASF92:
 1651 00a1 73655F73 		.ascii	"se_state\000"
 1651      74617465 
 1651      00
 1652              	.LASF101:
 1653 00aa 65786974 		.ascii	"exitcode\000"
 1653      636F6465 
 1653      00
 1654              	.LASF82:
 1655 00b3 6D61696E 		.ascii	"mainthread\000"
 1655      74687265 
 1655      616400
 1656              	.LASF69:
 1657 00be 76697274 		.ascii	"virtual_timers_list_t\000"
 1657      75616C5F 
 1657      74696D65 
 1657      72735F6C 
 1657      6973745F 
 1658              	.LASF123:
 1659 00d4 49544D5F 		.ascii	"ITM_RxBuffer\000"
 1659      52784275 
ARM GAS  C:\Users\jo\AppData\Local\Temp\ccIK1W8h.s 			page 31


 1659      66666572 
 1659      00
 1660              	.LASF52:
 1661 00e1 63685F74 		.ascii	"ch_threads_queue\000"
 1661      68726561 
 1661      64735F71 
 1661      75657565 
 1661      00
 1662              	.LASF31:
 1663 00f2 705F7072 		.ascii	"p_prio\000"
 1663      696F00
 1664              	.LASF126:
 1665 00f9 433A5C55 		.ascii	"C:\\Users\\jo\\Documents\\GitHub\\ChibiOS\\demos\\S"
 1665      73657273 
 1665      5C6A6F5C 
 1665      446F6375 
 1665      6D656E74 
 1666 0125 544D3332 		.ascii	"TM32\\RT-STM32F407-DISCOVERY-uHttp\000"
 1666      5C52542D 
 1666      53544D33 
 1666      32463430 
 1666      372D4449 
 1667              	.LASF11:
 1668 0147 6C6F6E67 		.ascii	"long long int\000"
 1668      206C6F6E 
 1668      6720696E 
 1668      7400
 1669              	.LASF1:
 1670 0155 7369676E 		.ascii	"signed char\000"
 1670      65642063 
 1670      68617200 
 1671              	.LASF46:
 1672 0161 705F6D70 		.ascii	"p_mpool\000"
 1672      6F6F6C00 
 1673              	.LASF111:
 1674 0169 6D5F7175 		.ascii	"m_queue\000"
 1674      65756500 
 1675              	.LASF81:
 1676 0171 76746C69 		.ascii	"vtlist\000"
 1676      737400
 1677              	.LASF79:
 1678 0178 63685F73 		.ascii	"ch_system\000"
 1678      79737465 
 1678      6D00
 1679              	.LASF8:
 1680 0182 6C6F6E67 		.ascii	"long int\000"
 1680      20696E74 
 1680      00
 1681              	.LASF21:
 1682 018b 74737461 		.ascii	"tstate_t\000"
 1682      74655F74 
 1682      00
 1683              	.LASF90:
 1684 0194 73655F74 		.ascii	"se_tp\000"
 1684      7000
 1685              	.LASF15:
 1686 019a 75696E74 		.ascii	"uint16_t\000"
ARM GAS  C:\Users\jo\AppData\Local\Temp\ccIK1W8h.s 			page 32


 1686      31365F74 
 1686      00
 1687              	.LASF33:
 1688 01a3 705F6E65 		.ascii	"p_newer\000"
 1688      77657200 
 1689              	.LASF108:
 1690 01ab 735F7175 		.ascii	"s_queue\000"
 1690      65756500 
 1691              	.LASF94:
 1692 01b3 74625F73 		.ascii	"tb_size\000"
 1692      697A6500 
 1693              	.LASF58:
 1694 01bb 725F6E65 		.ascii	"r_newer\000"
 1694      77657200 
 1695              	.LASF85:
 1696 01c3 72656761 		.ascii	"regarm_t\000"
 1696      726D5F74 
 1696      00
 1697              	.LASF65:
 1698 01cc 76745F70 		.ascii	"vt_prev\000"
 1698      72657600 
 1699              	.LASF115:
 1700 01d4 6D757465 		.ascii	"mutex_t\000"
 1700      785F7400 
 1701              	.LASF76:
 1702 01dc 6C6F636B 		.ascii	"lock_cnt\000"
 1702      5F636E74 
 1702      00
 1703              	.LASF83:
 1704 01e5 69646C65 		.ascii	"idle_thread_wa\000"
 1704      5F746872 
 1704      6561645F 
 1704      776100
 1705              	.LASF26:
 1706 01f4 636E745F 		.ascii	"cnt_t\000"
 1706      7400
 1707              	.LASF36:
 1708 01fa 705F7374 		.ascii	"p_stklimit\000"
 1708      6B6C696D 
 1708      697400
 1709              	.LASF0:
 1710 0205 756E7369 		.ascii	"unsigned int\000"
 1710      676E6564 
 1710      20696E74 
 1710      00
 1711              	.LASF64:
 1712 0212 76745F6E 		.ascii	"vt_next\000"
 1712      65787400 
 1713              	.LASF104:
 1714 021a 77747365 		.ascii	"wtsemp\000"
 1714      6D7000
 1715              	.LASF41:
 1716 0221 705F6D73 		.ascii	"p_msgqueue\000"
 1716      67717565 
 1716      756500
 1717              	.LASF118:
 1718 022c 7533325F 		.ascii	"u32_t\000"
ARM GAS  C:\Users\jo\AppData\Local\Temp\ccIK1W8h.s 			page 33


 1718      7400
 1719              	.LASF109:
 1720 0232 735F636E 		.ascii	"s_cnt\000"
 1720      7400
 1721              	.LASF6:
 1722 0238 73686F72 		.ascii	"short unsigned int\000"
 1722      7420756E 
 1722      7369676E 
 1722      65642069 
 1722      6E7400
 1723              	.LASF49:
 1724 024b 63685F74 		.ascii	"ch_thread\000"
 1724      68726561 
 1724      6400
 1725              	.LASF24:
 1726 0255 6D73675F 		.ascii	"msg_t\000"
 1726      7400
 1727              	.LASF78:
 1728 025b 63685F73 		.ascii	"ch_system_t\000"
 1728      79737465 
 1728      6D5F7400 
 1729              	.LASF122:
 1730 0267 6C776970 		.ascii	"lwip_ntohl\000"
 1730      5F6E746F 
 1730      686C00
 1731              	.LASF20:
 1732 0272 746D6F64 		.ascii	"tmode_t\000"
 1732      655F7400 
 1733              	.LASF121:
 1734 027a 6C776970 		.ascii	"lwip_ntohs\000"
 1734      5F6E746F 
 1734      687300
 1735              	.LASF120:
 1736 0285 6C776970 		.ascii	"lwip_htonl\000"
 1736      5F68746F 
 1736      6E6C00
 1737              	.LASF54:
 1738 0290 63685F72 		.ascii	"ch_ready_list\000"
 1738      65616479 
 1738      5F6C6973 
 1738      7400
 1739              	.LASF25:
 1740 029e 6576656E 		.ascii	"eventmask_t\000"
 1740      746D6173 
 1740      6B5F7400 
 1741              	.LASF7:
 1742 02aa 5F5F696E 		.ascii	"__int32_t\000"
 1742      7433325F 
 1742      7400
 1743              	.LASF119:
 1744 02b4 6C776970 		.ascii	"lwip_htons\000"
 1744      5F68746F 
 1744      6E7300
 1745              	.LASF124:
 1746 02bf 474E5520 		.ascii	"GNU C 4.9.3 20141119 (release) [ARM/embedded-4_9-br"
 1746      4320342E 
 1746      392E3320 
ARM GAS  C:\Users\jo\AppData\Local\Temp\ccIK1W8h.s 			page 34


 1746      32303134 
 1746      31313139 
 1747 02f2 616E6368 		.ascii	"anch revision 218278] -mcpu=cortex-m4 -mno-thumb-in"
 1747      20726576 
 1747      6973696F 
 1747      6E203231 
 1747      38323738 
 1748 0325 74657277 		.ascii	"terwork -mthumb -ggdb -O2 -fomit-frame-pointer -fal"
 1748      6F726B20 
 1748      2D6D7468 
 1748      756D6220 
 1748      2D676764 
 1749 0358 69676E2D 		.ascii	"ign-functions=16 -ffunction-sections -fdata-section"
 1749      66756E63 
 1749      74696F6E 
 1749      733D3136 
 1749      202D6666 
 1750 038b 73202D66 		.ascii	"s -fno-common\000"
 1750      6E6F2D63 
 1750      6F6D6D6F 
 1750      6E00
 1751              	.LASF86:
 1752 0399 73746B61 		.ascii	"stkalign_t\000"
 1752      6C69676E 
 1752      5F7400
 1753              	.LASF40:
 1754 03a4 705F7761 		.ascii	"p_waiting\000"
 1754      6974696E 
 1754      6700
 1755              	.LASF84:
 1756 03ae 73697A65 		.ascii	"sizetype\000"
 1756      74797065 
 1756      00
 1757              	.LASF47:
 1758 03b7 74687265 		.ascii	"thread_reference_t\000"
 1758      61645F72 
 1758      65666572 
 1758      656E6365 
 1758      5F7400
 1759              	.LASF70:
 1760 03ca 63685F76 		.ascii	"ch_virtual_timers_list\000"
 1760      69727475 
 1760      616C5F74 
 1760      696D6572 
 1760      735F6C69 
 1761              	.LASF93:
 1762 03e1 63685F73 		.ascii	"ch_swc_event_t\000"
 1762      77635F65 
 1762      76656E74 
 1762      5F7400
 1763              	.LASF71:
 1764 03f0 76745F6C 		.ascii	"vt_lasttime\000"
 1764      61737474 
 1764      696D6500 
 1765              	.LASF34:
 1766 03fc 705F6F6C 		.ascii	"p_older\000"
 1766      64657200 
ARM GAS  C:\Users\jo\AppData\Local\Temp\ccIK1W8h.s 			page 35


 1767              	.LASF57:
 1768 0404 725F6374 		.ascii	"r_ctx\000"
 1768      7800
 1769              	.LASF99:
 1770 040a 746D5F63 		.ascii	"tm_calibration_t\000"
 1770      616C6962 
 1770      72617469 
 1770      6F6E5F74 
 1770      00
 1771              	.LASF60:
 1772 041b 725F6375 		.ascii	"r_current\000"
 1772      7272656E 
 1772      7400
 1773              	.LASF59:
 1774 0425 725F6F6C 		.ascii	"r_older\000"
 1774      64657200 
 1775              	.LASF12:
 1776 042d 5F5F7569 		.ascii	"__uint64_t\000"
 1776      6E743634 
 1776      5F7400
 1777              	.LASF22:
 1778 0438 74726566 		.ascii	"trefs_t\000"
 1778      735F7400 
 1779              	.LASF96:
 1780 0440 74625F62 		.ascii	"tb_buffer\000"
 1780      75666665 
 1780      7200
 1781              	.LASF62:
 1782 044a 76697274 		.ascii	"virtual_timer_t\000"
 1782      75616C5F 
 1782      74696D65 
 1782      725F7400 
 1783              	.LASF30:
 1784 045a 705F7072 		.ascii	"p_prev\000"
 1784      657600
 1785              	.LASF23:
 1786 0461 74707269 		.ascii	"tprio_t\000"
 1786      6F5F7400 
 1787              	.LASF73:
 1788 0469 63685F73 		.ascii	"ch_system_debug\000"
 1788      79737465 
 1788      6D5F6465 
 1788      62756700 
 1789              	.LASF116:
 1790 0479 5F426F6F 		.ascii	"_Bool\000"
 1790      6C00
 1791              	.LASF16:
 1792 047f 696E7433 		.ascii	"int32_t\000"
 1792      325F7400 
 1793              	.LASF2:
 1794 0487 756E7369 		.ascii	"unsigned char\000"
 1794      676E6564 
 1794      20636861 
 1794      7200
 1795              	.LASF44:
 1796 0495 705F6D74 		.ascii	"p_mtxlist\000"
 1796      786C6973 
ARM GAS  C:\Users\jo\AppData\Local\Temp\ccIK1W8h.s 			page 36


 1796      7400
 1797              	.LASF3:
 1798 049f 73686F72 		.ascii	"short int\000"
 1798      7420696E 
 1798      7400
 1799              	.LASF37:
 1800 04a9 705F7374 		.ascii	"p_state\000"
 1800      61746500 
 1801              	.LASF56:
 1802 04b1 725F7072 		.ascii	"r_prio\000"
 1802      696F00
 1803              	.LASF106:
 1804 04b8 65776D61 		.ascii	"ewmask\000"
 1804      736B00
 1805              	.LASF29:
 1806 04bf 705F6E65 		.ascii	"p_next\000"
 1806      787400
 1807              	.LASF38:
 1808 04c6 705F666C 		.ascii	"p_flags\000"
 1808      61677300 
 1809              	.LASF63:
 1810 04ce 63685F76 		.ascii	"ch_virtual_timer\000"
 1810      69727475 
 1810      616C5F74 
 1810      696D6572 
 1810      00
 1811              	.LASF107:
 1812 04df 63685F73 		.ascii	"ch_semaphore\000"
 1812      656D6170 
 1812      686F7265 
 1812      00
 1813              	.LASF43:
 1814 04ec 705F6570 		.ascii	"p_epending\000"
 1814      656E6469 
 1814      6E6700
 1815              	.LASF17:
 1816 04f7 75696E74 		.ascii	"uint32_t\000"
 1816      33325F74 
 1816      00
 1817              	.LASF105:
 1818 0500 77746D74 		.ascii	"wtmtxp\000"
 1818      787000
 1819              	.LASF55:
 1820 0507 725F7175 		.ascii	"r_queue\000"
 1820      65756500 
 1821              	.LASF66:
 1822 050f 76745F64 		.ascii	"vt_delta\000"
 1822      656C7461 
 1822      00
 1823              	.LASF50:
 1824 0518 63685F74 		.ascii	"ch_threads_list\000"
 1824      68726561 
 1824      64735F6C 
 1824      69737400 
 1825              	.LASF10:
 1826 0528 6C6F6E67 		.ascii	"long unsigned int\000"
 1826      20756E73 
ARM GAS  C:\Users\jo\AppData\Local\Temp\ccIK1W8h.s 			page 37


 1826      69676E65 
 1826      6420696E 
 1826      7400
 1827              	.LASF114:
 1828 053a 63686172 		.ascii	"char\000"
 1828      00
 1829              	.LASF5:
 1830 053f 5F5F7569 		.ascii	"__uint16_t\000"
 1830      6E743136 
 1830      5F7400
 1831              	.LASF28:
 1832 054a 74687265 		.ascii	"thread_t\000"
 1832      61645F74 
 1832      00
 1833              	.LASF113:
 1834 0553 6D5F6E65 		.ascii	"m_next\000"
 1834      787400
 1835              	.LASF27:
 1836 055a 73797374 		.ascii	"systime_t\000"
 1836      696D655F 
 1836      7400
 1837              	.LASF45:
 1838 0564 705F7265 		.ascii	"p_realprio\000"
 1838      616C7072 
 1838      696F00
 1839              	.LASF61:
 1840 056f 76746675 		.ascii	"vtfunc_t\000"
 1840      6E635F74 
 1840      00
 1841              	.LASF9:
 1842 0578 5F5F7569 		.ascii	"__uint32_t\000"
 1842      6E743332 
 1842      5F7400
 1843              	.LASF74:
 1844 0583 70616E69 		.ascii	"panic_msg\000"
 1844      635F6D73 
 1844      6700
 1845              	.LASF98:
 1846 058d 6F666673 		.ascii	"offset\000"
 1846      657400
 1847              	.LASF87:
 1848 0594 636F6E74 		.ascii	"context\000"
 1848      65787400 
 1849              	.LASF19:
 1850 059c 7274636E 		.ascii	"rtcnt_t\000"
 1850      745F7400 
 1851              	.LASF68:
 1852 05a4 76745F70 		.ascii	"vt_par\000"
 1852      617200
 1853              	.LASF117:
 1854 05ab 7531365F 		.ascii	"u16_t\000"
 1854      7400
 1855              	.LASF51:
 1856 05b1 74687265 		.ascii	"threads_queue_t\000"
 1856      6164735F 
 1856      71756575 
 1856      655F7400 
ARM GAS  C:\Users\jo\AppData\Local\Temp\ccIK1W8h.s 			page 38


 1857              	.LASF110:
 1858 05c1 63685F6D 		.ascii	"ch_mutex\000"
 1858      75746578 
 1858      00
 1859              	.LASF39:
 1860 05ca 705F7265 		.ascii	"p_refs\000"
 1860      667300
 1861              	.LASF75:
 1862 05d1 6973725F 		.ascii	"isr_cnt\000"
 1862      636E7400 
 1863              	.LASF80:
 1864 05d9 726C6973 		.ascii	"rlist\000"
 1864      7400
 1865              	.LASF14:
 1866 05df 75696E74 		.ascii	"uint8_t\000"
 1866      385F7400 
 1867              	.LASF102:
 1868 05e7 77746F62 		.ascii	"wtobjp\000"
 1868      6A7000
 1869              	.LASF35:
 1870 05ee 705F6E61 		.ascii	"p_name\000"
 1870      6D6500
 1871              	.LASF48:
 1872 05f5 74687265 		.ascii	"threads_list_t\000"
 1872      6164735F 
 1872      6C697374 
 1872      5F7400
 1873              	.LASF77:
 1874 0604 74726163 		.ascii	"trace_buffer\000"
 1874      655F6275 
 1874      66666572 
 1874      00
 1875              	.LASF42:
 1876 0611 705F6D73 		.ascii	"p_msg\000"
 1876      6700
 1877              	.LASF112:
 1878 0617 6D5F6F77 		.ascii	"m_owner\000"
 1878      6E657200 
 1879              	.LASF91:
 1880 061f 73655F77 		.ascii	"se_wtobjp\000"
 1880      746F626A 
 1880      7000
 1881              	.LASF32:
 1882 0629 705F6374 		.ascii	"p_ctx\000"
 1882      7800
 1883              	.LASF67:
 1884 062f 76745F66 		.ascii	"vt_func\000"
 1884      756E6300 
 1885              		.ident	"GCC: (GNU Tools for ARM Embedded Processors) 4.9.3 20141119 (release) [ARM/embedded-4_9-br
ARM GAS  C:\Users\jo\AppData\Local\Temp\ccIK1W8h.s 			page 39


DEFINED SYMBOLS
                            *ABS*:00000000 def.c
C:\Users\jo\AppData\Local\Temp\ccIK1W8h.s:19     .text.lwip_htons:00000000 $t
C:\Users\jo\AppData\Local\Temp\ccIK1W8h.s:25     .text.lwip_htons:00000000 lwip_htons
C:\Users\jo\AppData\Local\Temp\ccIK1W8h.s:43     .text.lwip_ntohs:00000000 $t
C:\Users\jo\AppData\Local\Temp\ccIK1W8h.s:49     .text.lwip_ntohs:00000000 lwip_ntohs
C:\Users\jo\AppData\Local\Temp\ccIK1W8h.s:66     .text.lwip_htonl:00000000 $t
C:\Users\jo\AppData\Local\Temp\ccIK1W8h.s:72     .text.lwip_htonl:00000000 lwip_htonl
C:\Users\jo\AppData\Local\Temp\ccIK1W8h.s:88     .text.lwip_ntohl:00000000 $t
C:\Users\jo\AppData\Local\Temp\ccIK1W8h.s:94     .text.lwip_ntohl:00000000 lwip_ntohl
                     .debug_frame:00000010 $d

NO UNDEFINED SYMBOLS
