ARM GAS  C:\Users\jo\AppData\Local\Temp\cc7zSBQj.s 			page 1


   1              		.syntax unified
   2              		.cpu cortex-m4
   3              		.fpu softvfp
   4              		.eabi_attribute 20, 1
   5              		.eabi_attribute 21, 1
   6              		.eabi_attribute 23, 3
   7              		.eabi_attribute 24, 1
   8              		.eabi_attribute 25, 1
   9              		.eabi_attribute 26, 1
  10              		.eabi_attribute 30, 2
  11              		.eabi_attribute 34, 1
  12              		.eabi_attribute 18, 4
  13              		.thumb
  14              		.file	"err.c"
  15              		.text
  16              	.Ltext0:
  17              		.cfi_sections	.debug_frame
  18              		.section	.text.lwip_strerr,"ax",%progbits
  19              		.align	2
  20              		.p2align 4,,15
  21              		.global	lwip_strerr
  22              		.thumb
  23              		.thumb_func
  24              		.type	lwip_strerr, %function
  25              	lwip_strerr:
  26              	.LFB260:
  27              		.file 1 "../../../ext/lwip/src/api/err.c"
  28              		.loc 1 70 0
  29              		.cfi_startproc
  30              		@ args = 0, pretend = 0, frame = 0
  31              		@ frame_needed = 0, uses_anonymous_args = 0
  32              		@ link register save eliminated.
  33              	.LVL0:
  34              		.loc 1 71 0
  35 0000 024B     		ldr	r3, .L2
  36 0002 4042     		negs	r0, r0
  37              	.LVL1:
  38              		.loc 1 73 0
  39 0004 53F82000 		ldr	r0, [r3, r0, lsl #2]
  40 0008 7047     		bx	lr
  41              	.L3:
  42 000a 00BF     		.align	2
  43              	.L2:
  44 000c 00000000 		.word	.LANCHOR0
  45              		.cfi_endproc
  46              	.LFE260:
  47              		.size	lwip_strerr, .-lwip_strerr
  48              		.section	.rodata.str1.4,"aMS",%progbits,1
  49              		.align	2
  50              	.LC0:
  51 0000 4F6B2E00 		.ascii	"Ok.\000"
  52              	.LC1:
  53 0004 4F757420 		.ascii	"Out of memory error.\000"
  53      6F66206D 
  53      656D6F72 
  53      79206572 
  53      726F722E 
ARM GAS  C:\Users\jo\AppData\Local\Temp\cc7zSBQj.s 			page 2


  54 0019 000000   		.space	3
  55              	.LC2:
  56 001c 42756666 		.ascii	"Buffer error.\000"
  56      65722065 
  56      72726F72 
  56      2E00
  57 002a 0000     		.space	2
  58              	.LC3:
  59 002c 54696D65 		.ascii	"Timeout.\000"
  59      6F75742E 
  59      00
  60 0035 000000   		.space	3
  61              	.LC4:
  62 0038 526F7574 		.ascii	"Routing problem.\000"
  62      696E6720 
  62      70726F62 
  62      6C656D2E 
  62      00
  63 0049 000000   		.space	3
  64              	.LC5:
  65 004c 4F706572 		.ascii	"Operation in progress.\000"
  65      6174696F 
  65      6E20696E 
  65      2070726F 
  65      67726573 
  66 0063 00       		.space	1
  67              	.LC6:
  68 0064 496C6C65 		.ascii	"Illegal value.\000"
  68      67616C20 
  68      76616C75 
  68      652E00
  69 0073 00       		.space	1
  70              	.LC7:
  71 0074 4F706572 		.ascii	"Operation would block.\000"
  71      6174696F 
  71      6E20776F 
  71      756C6420 
  71      626C6F63 
  72 008b 00       		.space	1
  73              	.LC8:
  74 008c 41646472 		.ascii	"Address in use.\000"
  74      65737320 
  74      696E2075 
  74      73652E00 
  75              	.LC9:
  76 009c 416C7265 		.ascii	"Already connected.\000"
  76      61647920 
  76      636F6E6E 
  76      65637465 
  76      642E00
  77 00af 00       		.space	1
  78              	.LC10:
  79 00b0 436F6E6E 		.ascii	"Connection aborted.\000"
  79      65637469 
  79      6F6E2061 
  79      626F7274 
  79      65642E00 
ARM GAS  C:\Users\jo\AppData\Local\Temp\cc7zSBQj.s 			page 3


  80              	.LC11:
  81 00c4 436F6E6E 		.ascii	"Connection reset.\000"
  81      65637469 
  81      6F6E2072 
  81      65736574 
  81      2E00
  82 00d6 0000     		.space	2
  83              	.LC12:
  84 00d8 436F6E6E 		.ascii	"Connection closed.\000"
  84      65637469 
  84      6F6E2063 
  84      6C6F7365 
  84      642E00
  85 00eb 00       		.space	1
  86              	.LC13:
  87 00ec 4E6F7420 		.ascii	"Not connected.\000"
  87      636F6E6E 
  87      65637465 
  87      642E00
  88 00fb 00       		.space	1
  89              	.LC14:
  90 00fc 496C6C65 		.ascii	"Illegal argument.\000"
  90      67616C20 
  90      61726775 
  90      6D656E74 
  90      2E00
  91 010e 0000     		.space	2
  92              	.LC15:
  93 0110 4C6F772D 		.ascii	"Low-level netif error.\000"
  93      6C657665 
  93      6C206E65 
  93      74696620 
  93      6572726F 
  94 0127 00       		.section	.rodata.err_strerr,"a",%progbits
  95              		.align	2
  96              		.set	.LANCHOR0,. + 0
  97              		.type	err_strerr, %object
  98              		.size	err_strerr, 64
  99              	err_strerr:
 100 0000 00000000 		.word	.LC0
 101 0004 04000000 		.word	.LC1
 102 0008 1C000000 		.word	.LC2
 103 000c 2C000000 		.word	.LC3
 104 0010 38000000 		.word	.LC4
 105 0014 4C000000 		.word	.LC5
 106 0018 64000000 		.word	.LC6
 107 001c 74000000 		.word	.LC7
 108 0020 8C000000 		.word	.LC8
 109 0024 9C000000 		.word	.LC9
 110 0028 B0000000 		.word	.LC10
 111 002c C4000000 		.word	.LC11
 112 0030 D8000000 		.word	.LC12
 113 0034 EC000000 		.word	.LC13
 114 0038 FC000000 		.word	.LC14
 115 003c 10010000 		.word	.LC15
 116              		.text
 117              	.Letext0:
ARM GAS  C:\Users\jo\AppData\Local\Temp\cc7zSBQj.s 			page 4


 118              		.file 2 "c:\\program files\\gnu tools arm embedded\\4.9 2014q4\\lib\\gcc\\arm-none-eabi\\4.9.3\\in
 119              		.file 3 "c:\\program files\\gnu tools arm embedded\\4.9 2014q4\\arm-none-eabi\\include\\machine\\_
 120              		.file 4 "c:\\program files\\gnu tools arm embedded\\4.9 2014q4\\arm-none-eabi\\include\\stdint.h"
 121              		.file 5 "../../../os/rt/ports/ARMCMx/compilers/GCC/chtypes.h"
 122              		.file 6 "../../../os/rt/include/chsystypes.h"
 123              		.file 7 "../../../os/rt/include/chschd.h"
 124              		.file 8 "../../../os/rt/ports/ARMCMx/chcore.h"
 125              		.file 9 "../../../os/rt/ports/ARMCMx/chcore_v7m.h"
 126              		.file 10 "../../../os/rt/include/chdebug.h"
 127              		.file 11 "../../../os/rt/include/chtm.h"
 128              		.file 12 "../../../os/rt/include/chsem.h"
 129              		.file 13 "../../../os/rt/include/chmtx.h"
 130              		.file 14 "../../../os/various/lwip_bindings/arch/cc.h"
 131              		.file 15 "../../../ext/lwip/src/include/lwip/err.h"
 132              		.file 16 "../../../os/ext/CMSIS/include/core_cm4.h"
 133              		.section	.debug_info,"",%progbits
 134              	.Ldebug_info0:
 135 0000 8C070000 		.4byte	0x78c
 136 0004 0400     		.2byte	0x4
 137 0006 00000000 		.4byte	.Ldebug_abbrev0
 138 000a 04       		.byte	0x4
 139 000b 01       		.uleb128 0x1
 140 000c 84020000 		.4byte	.LASF121
 141 0010 01       		.byte	0x1
 142 0011 60040000 		.4byte	.LASF122
 143 0015 F3000000 		.4byte	.LASF123
 144 0019 00000000 		.4byte	.Ldebug_ranges0+0
 145 001d 00000000 		.4byte	0
 146 0021 00000000 		.4byte	.Ldebug_line0
 147 0025 02       		.uleb128 0x2
 148 0026 04       		.byte	0x4
 149 0027 05       		.byte	0x5
 150 0028 696E7400 		.ascii	"int\000"
 151 002c 03       		.uleb128 0x3
 152 002d 1C000000 		.4byte	.LASF1
 153 0031 02       		.byte	0x2
 154 0032 D4       		.byte	0xd4
 155 0033 37000000 		.4byte	0x37
 156 0037 04       		.uleb128 0x4
 157 0038 04       		.byte	0x4
 158 0039 07       		.byte	0x7
 159 003a FC010000 		.4byte	.LASF0
 160 003e 03       		.uleb128 0x3
 161 003f C5000000 		.4byte	.LASF2
 162 0043 03       		.byte	0x3
 163 0044 1B       		.byte	0x1b
 164 0045 49000000 		.4byte	0x49
 165 0049 04       		.uleb128 0x4
 166 004a 01       		.byte	0x1
 167 004b 06       		.byte	0x6
 168 004c 4F010000 		.4byte	.LASF3
 169 0050 03       		.uleb128 0x3
 170 0051 33000000 		.4byte	.LASF4
 171 0055 03       		.byte	0x3
 172 0056 1D       		.byte	0x1d
 173 0057 5B000000 		.4byte	0x5b
 174 005b 04       		.uleb128 0x4
ARM GAS  C:\Users\jo\AppData\Local\Temp\cc7zSBQj.s 			page 5


 175 005c 01       		.byte	0x1
 176 005d 08       		.byte	0x8
 177 005e 52040000 		.4byte	.LASF5
 178 0062 04       		.uleb128 0x4
 179 0063 02       		.byte	0x2
 180 0064 05       		.byte	0x5
 181 0065 8A040000 		.4byte	.LASF6
 182 0069 04       		.uleb128 0x4
 183 006a 02       		.byte	0x2
 184 006b 07       		.byte	0x7
 185 006c 29020000 		.4byte	.LASF7
 186 0070 03       		.uleb128 0x3
 187 0071 7A020000 		.4byte	.LASF8
 188 0075 03       		.byte	0x3
 189 0076 3F       		.byte	0x3f
 190 0077 7B000000 		.4byte	0x7b
 191 007b 04       		.uleb128 0x4
 192 007c 04       		.byte	0x4
 193 007d 05       		.byte	0x5
 194 007e 82010000 		.4byte	.LASF9
 195 0082 03       		.uleb128 0x3
 196 0083 58050000 		.4byte	.LASF10
 197 0087 03       		.byte	0x3
 198 0088 41       		.byte	0x41
 199 0089 8D000000 		.4byte	0x8d
 200 008d 04       		.uleb128 0x4
 201 008e 04       		.byte	0x4
 202 008f 07       		.byte	0x7
 203 0090 13050000 		.4byte	.LASF11
 204 0094 04       		.uleb128 0x4
 205 0095 08       		.byte	0x8
 206 0096 05       		.byte	0x5
 207 0097 41010000 		.4byte	.LASF12
 208 009b 03       		.uleb128 0x3
 209 009c F8030000 		.4byte	.LASF13
 210 00a0 03       		.byte	0x3
 211 00a1 5B       		.byte	0x5b
 212 00a2 A6000000 		.4byte	0xa6
 213 00a6 04       		.uleb128 0x4
 214 00a7 08       		.byte	0x8
 215 00a8 07       		.byte	0x7
 216 00a9 64000000 		.4byte	.LASF14
 217 00ad 03       		.uleb128 0x3
 218 00ae 84050000 		.4byte	.LASF15
 219 00b2 04       		.byte	0x4
 220 00b3 14       		.byte	0x14
 221 00b4 3E000000 		.4byte	0x3e
 222 00b8 03       		.uleb128 0x3
 223 00b9 CB050000 		.4byte	.LASF16
 224 00bd 04       		.byte	0x4
 225 00be 15       		.byte	0x15
 226 00bf 50000000 		.4byte	0x50
 227 00c3 03       		.uleb128 0x3
 228 00c4 4A040000 		.4byte	.LASF17
 229 00c8 04       		.byte	0x4
 230 00c9 2C       		.byte	0x2c
 231 00ca 70000000 		.4byte	0x70
ARM GAS  C:\Users\jo\AppData\Local\Temp\cc7zSBQj.s 			page 6


 232 00ce 03       		.uleb128 0x3
 233 00cf E2040000 		.4byte	.LASF18
 234 00d3 04       		.byte	0x4
 235 00d4 2D       		.byte	0x2d
 236 00d5 82000000 		.4byte	0x82
 237 00d9 03       		.uleb128 0x3
 238 00da 2A000000 		.4byte	.LASF19
 239 00de 04       		.byte	0x4
 240 00df 39       		.byte	0x39
 241 00e0 9B000000 		.4byte	0x9b
 242 00e4 05       		.uleb128 0x5
 243 00e5 C3000000 		.4byte	0xc3
 244 00e9 03       		.uleb128 0x3
 245 00ea 7C050000 		.4byte	.LASF20
 246 00ee 05       		.byte	0x5
 247 00ef 45       		.byte	0x45
 248 00f0 CE000000 		.4byte	0xce
 249 00f4 03       		.uleb128 0x3
 250 00f5 58020000 		.4byte	.LASF21
 251 00f9 05       		.byte	0x5
 252 00fa 48       		.byte	0x48
 253 00fb B8000000 		.4byte	0xb8
 254 00ff 03       		.uleb128 0x3
 255 0100 8B010000 		.4byte	.LASF22
 256 0104 05       		.byte	0x5
 257 0105 49       		.byte	0x49
 258 0106 B8000000 		.4byte	0xb8
 259 010a 03       		.uleb128 0x3
 260 010b 03040000 		.4byte	.LASF23
 261 010f 05       		.byte	0x5
 262 0110 4A       		.byte	0x4a
 263 0111 B8000000 		.4byte	0xb8
 264 0115 03       		.uleb128 0x3
 265 0116 2C040000 		.4byte	.LASF24
 266 011a 05       		.byte	0x5
 267 011b 4C       		.byte	0x4c
 268 011c CE000000 		.4byte	0xce
 269 0120 03       		.uleb128 0x3
 270 0121 46020000 		.4byte	.LASF25
 271 0125 05       		.byte	0x5
 272 0126 4D       		.byte	0x4d
 273 0127 C3000000 		.4byte	0xc3
 274 012b 03       		.uleb128 0x3
 275 012c 6E020000 		.4byte	.LASF26
 276 0130 05       		.byte	0x5
 277 0131 4F       		.byte	0x4f
 278 0132 CE000000 		.4byte	0xce
 279 0136 03       		.uleb128 0x3
 280 0137 EB010000 		.4byte	.LASF27
 281 013b 05       		.byte	0x5
 282 013c 51       		.byte	0x51
 283 013d C3000000 		.4byte	0xc3
 284 0141 03       		.uleb128 0x3
 285 0142 3A050000 		.4byte	.LASF28
 286 0146 06       		.byte	0x6
 287 0147 33       		.byte	0x33
 288 0148 CE000000 		.4byte	0xce
ARM GAS  C:\Users\jo\AppData\Local\Temp\cc7zSBQj.s 			page 7


 289 014c 03       		.uleb128 0x3
 290 014d 2A050000 		.4byte	.LASF29
 291 0151 06       		.byte	0x6
 292 0152 3F       		.byte	0x3f
 293 0153 57010000 		.4byte	0x157
 294 0157 06       		.uleb128 0x6
 295 0158 3C020000 		.4byte	.LASF50
 296 015c 48       		.byte	0x48
 297 015d 07       		.byte	0x7
 298 015e C2       		.byte	0xc2
 299 015f 50020000 		.4byte	0x250
 300 0163 07       		.uleb128 0x7
 301 0164 AA040000 		.4byte	.LASF30
 302 0168 07       		.byte	0x7
 303 0169 C3       		.byte	0xc3
 304 016a 5B020000 		.4byte	0x25b
 305 016e 00       		.byte	0
 306 016f 07       		.uleb128 0x7
 307 0170 25040000 		.4byte	.LASF31
 308 0174 07       		.byte	0x7
 309 0175 C5       		.byte	0xc5
 310 0176 5B020000 		.4byte	0x25b
 311 017a 04       		.byte	0x4
 312 017b 07       		.uleb128 0x7
 313 017c EC000000 		.4byte	.LASF32
 314 0180 07       		.byte	0x7
 315 0181 C7       		.byte	0xc7
 316 0182 15010000 		.4byte	0x115
 317 0186 08       		.byte	0x8
 318 0187 07       		.uleb128 0x7
 319 0188 15060000 		.4byte	.LASF33
 320 018c 07       		.byte	0x7
 321 018d C8       		.byte	0xc8
 322 018e B6040000 		.4byte	0x4b6
 323 0192 0C       		.byte	0xc
 324 0193 07       		.uleb128 0x7
 325 0194 9A010000 		.4byte	.LASF34
 326 0198 07       		.byte	0x7
 327 0199 CA       		.byte	0xca
 328 019a 5B020000 		.4byte	0x25b
 329 019e 10       		.byte	0x10
 330 019f 07       		.uleb128 0x7
 331 01a0 C7030000 		.4byte	.LASF35
 332 01a4 07       		.byte	0x7
 333 01a5 CB       		.byte	0xcb
 334 01a6 5B020000 		.4byte	0x25b
 335 01aa 14       		.byte	0x14
 336 01ab 07       		.uleb128 0x7
 337 01ac DA050000 		.4byte	.LASF36
 338 01b0 07       		.byte	0x7
 339 01b1 D2       		.byte	0xd2
 340 01b2 C8060000 		.4byte	0x6c8
 341 01b6 18       		.byte	0x18
 342 01b7 07       		.uleb128 0x7
 343 01b8 F1010000 		.4byte	.LASF37
 344 01bc 07       		.byte	0x7
 345 01bd D8       		.byte	0xd8
ARM GAS  C:\Users\jo\AppData\Local\Temp\cc7zSBQj.s 			page 8


 346 01be DA060000 		.4byte	0x6da
 347 01c2 1C       		.byte	0x1c
 348 01c3 07       		.uleb128 0x7
 349 01c4 94040000 		.4byte	.LASF38
 350 01c8 07       		.byte	0x7
 351 01c9 DD       		.byte	0xdd
 352 01ca FF000000 		.4byte	0xff
 353 01ce 20       		.byte	0x20
 354 01cf 07       		.uleb128 0x7
 355 01d0 B1040000 		.4byte	.LASF39
 356 01d4 07       		.byte	0x7
 357 01d5 E1       		.byte	0xe1
 358 01d6 F4000000 		.4byte	0xf4
 359 01da 21       		.byte	0x21
 360 01db 07       		.uleb128 0x7
 361 01dc B6050000 		.4byte	.LASF40
 362 01e0 07       		.byte	0x7
 363 01e1 E6       		.byte	0xe6
 364 01e2 0A010000 		.4byte	0x10a
 365 01e6 22       		.byte	0x22
 366 01e7 08       		.uleb128 0x8
 367 01e8 705F7500 		.ascii	"p_u\000"
 368 01ec 07       		.byte	0x7
 369 01ed 3101     		.2byte	0x131
 370 01ef 03060000 		.4byte	0x603
 371 01f3 24       		.byte	0x24
 372 01f4 09       		.uleb128 0x9
 373 01f5 69030000 		.4byte	.LASF41
 374 01f9 07       		.byte	0x7
 375 01fa 3601     		.2byte	0x136
 376 01fc 61020000 		.4byte	0x261
 377 0200 28       		.byte	0x28
 378 0201 09       		.uleb128 0x9
 379 0202 18020000 		.4byte	.LASF42
 380 0206 07       		.byte	0x7
 381 0207 3C01     		.2byte	0x13c
 382 0209 85020000 		.4byte	0x285
 383 020d 2C       		.byte	0x2c
 384 020e 09       		.uleb128 0x9
 385 020f FD050000 		.4byte	.LASF43
 386 0213 07       		.byte	0x7
 387 0214 4001     		.2byte	0x140
 388 0216 20010000 		.4byte	0x120
 389 021a 34       		.byte	0x34
 390 021b 09       		.uleb128 0x9
 391 021c D7040000 		.4byte	.LASF44
 392 0220 07       		.byte	0x7
 393 0221 4601     		.2byte	0x146
 394 0223 2B010000 		.4byte	0x12b
 395 0227 38       		.byte	0x38
 396 0228 09       		.uleb128 0x9
 397 0229 80040000 		.4byte	.LASF45
 398 022d 07       		.byte	0x7
 399 022e 4D01     		.2byte	0x14d
 400 0230 C2060000 		.4byte	0x6c2
 401 0234 3C       		.byte	0x3c
 402 0235 09       		.uleb128 0x9
ARM GAS  C:\Users\jo\AppData\Local\Temp\cc7zSBQj.s 			page 9


 403 0236 44050000 		.4byte	.LASF46
 404 023a 07       		.byte	0x7
 405 023b 5101     		.2byte	0x151
 406 023d 15010000 		.4byte	0x115
 407 0241 40       		.byte	0x40
 408 0242 09       		.uleb128 0x9
 409 0243 5B010000 		.4byte	.LASF47
 410 0247 07       		.byte	0x7
 411 0248 5801     		.2byte	0x158
 412 024a 38030000 		.4byte	0x338
 413 024e 44       		.byte	0x44
 414 024f 00       		.byte	0
 415 0250 03       		.uleb128 0x3
 416 0251 82030000 		.4byte	.LASF48
 417 0255 06       		.byte	0x6
 418 0256 44       		.byte	0x44
 419 0257 5B020000 		.4byte	0x25b
 420 025b 0A       		.uleb128 0xa
 421 025c 04       		.byte	0x4
 422 025d 4C010000 		.4byte	0x14c
 423 0261 03       		.uleb128 0x3
 424 0262 E1050000 		.4byte	.LASF49
 425 0266 06       		.byte	0x6
 426 0267 49       		.byte	0x49
 427 0268 6C020000 		.4byte	0x26c
 428 026c 06       		.uleb128 0x6
 429 026d 03050000 		.4byte	.LASF51
 430 0271 04       		.byte	0x4
 431 0272 07       		.byte	0x7
 432 0273 B0       		.byte	0xb0
 433 0274 85020000 		.4byte	0x285
 434 0278 07       		.uleb128 0x7
 435 0279 AA040000 		.4byte	.LASF30
 436 027d 07       		.byte	0x7
 437 027e B1       		.byte	0xb1
 438 027f 5B020000 		.4byte	0x25b
 439 0283 00       		.byte	0
 440 0284 00       		.byte	0
 441 0285 03       		.uleb128 0x3
 442 0286 9D050000 		.4byte	.LASF52
 443 028a 06       		.byte	0x6
 444 028b 50       		.byte	0x50
 445 028c 90020000 		.4byte	0x290
 446 0290 06       		.uleb128 0x6
 447 0291 DB000000 		.4byte	.LASF53
 448 0295 08       		.byte	0x8
 449 0296 07       		.byte	0x7
 450 0297 B7       		.byte	0xb7
 451 0298 B5020000 		.4byte	0x2b5
 452 029c 07       		.uleb128 0x7
 453 029d AA040000 		.4byte	.LASF30
 454 02a1 07       		.byte	0x7
 455 02a2 B8       		.byte	0xb8
 456 02a3 5B020000 		.4byte	0x25b
 457 02a7 00       		.byte	0
 458 02a8 07       		.uleb128 0x7
 459 02a9 25040000 		.4byte	.LASF31
ARM GAS  C:\Users\jo\AppData\Local\Temp\cc7zSBQj.s 			page 10


 460 02ad 07       		.byte	0x7
 461 02ae B9       		.byte	0xb9
 462 02af 5B020000 		.4byte	0x25b
 463 02b3 04       		.byte	0x4
 464 02b4 00       		.byte	0
 465 02b5 03       		.uleb128 0x3
 466 02b6 07000000 		.4byte	.LASF54
 467 02ba 06       		.byte	0x6
 468 02bb 57       		.byte	0x57
 469 02bc C0020000 		.4byte	0x2c0
 470 02c0 0B       		.uleb128 0xb
 471 02c1 60020000 		.4byte	.LASF55
 472 02c5 1C       		.byte	0x1c
 473 02c6 07       		.byte	0x7
 474 02c7 9001     		.2byte	0x190
 475 02c9 1C030000 		.4byte	0x31c
 476 02cd 09       		.uleb128 0x9
 477 02ce F2040000 		.4byte	.LASF56
 478 02d2 07       		.byte	0x7
 479 02d3 9101     		.2byte	0x191
 480 02d5 85020000 		.4byte	0x285
 481 02d9 00       		.byte	0
 482 02da 09       		.uleb128 0x9
 483 02db 9C040000 		.4byte	.LASF57
 484 02df 07       		.byte	0x7
 485 02e0 9201     		.2byte	0x192
 486 02e2 15010000 		.4byte	0x115
 487 02e6 08       		.byte	0x8
 488 02e7 09       		.uleb128 0x9
 489 02e8 CF030000 		.4byte	.LASF58
 490 02ec 07       		.byte	0x7
 491 02ed 9401     		.2byte	0x194
 492 02ef B6040000 		.4byte	0x4b6
 493 02f3 0C       		.byte	0xc
 494 02f4 09       		.uleb128 0x9
 495 02f5 B2010000 		.4byte	.LASF59
 496 02f9 07       		.byte	0x7
 497 02fa 9701     		.2byte	0x197
 498 02fc 5B020000 		.4byte	0x25b
 499 0300 10       		.byte	0x10
 500 0301 09       		.uleb128 0x9
 501 0302 F0030000 		.4byte	.LASF60
 502 0306 07       		.byte	0x7
 503 0307 9801     		.2byte	0x198
 504 0309 5B020000 		.4byte	0x25b
 505 030d 14       		.byte	0x14
 506 030e 09       		.uleb128 0x9
 507 030f E6030000 		.4byte	.LASF61
 508 0313 07       		.byte	0x7
 509 0314 9B01     		.2byte	0x19b
 510 0316 5B020000 		.4byte	0x25b
 511 031a 18       		.byte	0x18
 512 031b 00       		.byte	0
 513 031c 03       		.uleb128 0x3
 514 031d 4F050000 		.4byte	.LASF62
 515 0321 06       		.byte	0x6
 516 0322 5C       		.byte	0x5c
ARM GAS  C:\Users\jo\AppData\Local\Temp\cc7zSBQj.s 			page 11


 517 0323 27030000 		.4byte	0x327
 518 0327 0A       		.uleb128 0xa
 519 0328 04       		.byte	0x4
 520 0329 2D030000 		.4byte	0x32d
 521 032d 0C       		.uleb128 0xc
 522 032e 38030000 		.4byte	0x338
 523 0332 0D       		.uleb128 0xd
 524 0333 38030000 		.4byte	0x338
 525 0337 00       		.byte	0
 526 0338 0E       		.uleb128 0xe
 527 0339 04       		.byte	0x4
 528 033a 03       		.uleb128 0x3
 529 033b 15040000 		.4byte	.LASF63
 530 033f 06       		.byte	0x6
 531 0340 61       		.byte	0x61
 532 0341 45030000 		.4byte	0x345
 533 0345 0B       		.uleb128 0xb
 534 0346 B9040000 		.4byte	.LASF64
 535 034a 14       		.byte	0x14
 536 034b 07       		.byte	0x7
 537 034c 6B01     		.2byte	0x16b
 538 034e 94030000 		.4byte	0x394
 539 0352 09       		.uleb128 0x9
 540 0353 09020000 		.4byte	.LASF65
 541 0357 07       		.byte	0x7
 542 0358 6C01     		.2byte	0x16c
 543 035a E0060000 		.4byte	0x6e0
 544 035e 00       		.byte	0
 545 035f 09       		.uleb128 0x9
 546 0360 C3010000 		.4byte	.LASF66
 547 0364 07       		.byte	0x7
 548 0365 6D01     		.2byte	0x16d
 549 0367 E0060000 		.4byte	0x6e0
 550 036b 04       		.byte	0x4
 551 036c 09       		.uleb128 0x9
 552 036d FA040000 		.4byte	.LASF67
 553 0371 07       		.byte	0x7
 554 0372 6E01     		.2byte	0x16e
 555 0374 41010000 		.4byte	0x141
 556 0378 08       		.byte	0x8
 557 0379 09       		.uleb128 0x9
 558 037a 1B060000 		.4byte	.LASF68
 559 037e 07       		.byte	0x7
 560 037f 6F01     		.2byte	0x16f
 561 0381 1C030000 		.4byte	0x31c
 562 0385 0C       		.byte	0xc
 563 0386 09       		.uleb128 0x9
 564 0387 8B050000 		.4byte	.LASF69
 565 038b 07       		.byte	0x7
 566 038c 7101     		.2byte	0x171
 567 038e 38030000 		.4byte	0x338
 568 0392 10       		.byte	0x10
 569 0393 00       		.byte	0
 570 0394 03       		.uleb128 0x3
 571 0395 AF000000 		.4byte	.LASF70
 572 0399 06       		.byte	0x6
 573 039a 66       		.byte	0x66
ARM GAS  C:\Users\jo\AppData\Local\Temp\cc7zSBQj.s 			page 12


 574 039b 9F030000 		.4byte	0x39f
 575 039f 0B       		.uleb128 0xb
 576 03a0 95030000 		.4byte	.LASF71
 577 03a4 10       		.byte	0x10
 578 03a5 07       		.byte	0x7
 579 03a6 7B01     		.2byte	0x17b
 580 03a8 E1030000 		.4byte	0x3e1
 581 03ac 09       		.uleb128 0x9
 582 03ad 09020000 		.4byte	.LASF65
 583 03b1 07       		.byte	0x7
 584 03b2 7C01     		.2byte	0x17c
 585 03b4 E0060000 		.4byte	0x6e0
 586 03b8 00       		.byte	0
 587 03b9 09       		.uleb128 0x9
 588 03ba C3010000 		.4byte	.LASF66
 589 03be 07       		.byte	0x7
 590 03bf 7E01     		.2byte	0x17e
 591 03c1 E0060000 		.4byte	0x6e0
 592 03c5 04       		.byte	0x4
 593 03c6 09       		.uleb128 0x9
 594 03c7 FA040000 		.4byte	.LASF67
 595 03cb 07       		.byte	0x7
 596 03cc 8001     		.2byte	0x180
 597 03ce 41010000 		.4byte	0x141
 598 03d2 08       		.byte	0x8
 599 03d3 09       		.uleb128 0x9
 600 03d4 BB030000 		.4byte	.LASF72
 601 03d8 07       		.byte	0x7
 602 03d9 8801     		.2byte	0x188
 603 03db 41010000 		.4byte	0x141
 604 03df 0C       		.byte	0xc
 605 03e0 00       		.byte	0
 606 03e1 03       		.uleb128 0x3
 607 03e2 49000000 		.4byte	.LASF73
 608 03e6 06       		.byte	0x6
 609 03e7 6B       		.byte	0x6b
 610 03e8 EC030000 		.4byte	0x3ec
 611 03ec 0F       		.uleb128 0xf
 612 03ed 34040000 		.4byte	.LASF74
 613 03f1 1404     		.2byte	0x414
 614 03f3 07       		.byte	0x7
 615 03f4 A201     		.2byte	0x1a2
 616 03f6 2F040000 		.4byte	0x42f
 617 03fa 09       		.uleb128 0x9
 618 03fb 63050000 		.4byte	.LASF75
 619 03ff 07       		.byte	0x7
 620 0400 AA01     		.2byte	0x1aa
 621 0402 E6060000 		.4byte	0x6e6
 622 0406 00       		.byte	0
 623 0407 09       		.uleb128 0x9
 624 0408 BD050000 		.4byte	.LASF76
 625 040c 07       		.byte	0x7
 626 040d AF01     		.2byte	0x1af
 627 040f 36010000 		.4byte	0x136
 628 0413 04       		.byte	0x4
 629 0414 09       		.uleb128 0x9
 630 0415 D3010000 		.4byte	.LASF77
ARM GAS  C:\Users\jo\AppData\Local\Temp\cc7zSBQj.s 			page 13


 631 0419 07       		.byte	0x7
 632 041a B301     		.2byte	0x1b3
 633 041c 36010000 		.4byte	0x136
 634 0420 08       		.byte	0x8
 635 0421 09       		.uleb128 0x9
 636 0422 F0050000 		.4byte	.LASF78
 637 0426 07       		.byte	0x7
 638 0427 B901     		.2byte	0x1b9
 639 0429 D8050000 		.4byte	0x5d8
 640 042d 0C       		.byte	0xc
 641 042e 00       		.byte	0
 642 042f 03       		.uleb128 0x3
 643 0430 4C020000 		.4byte	.LASF79
 644 0434 06       		.byte	0x6
 645 0435 70       		.byte	0x70
 646 0436 3A040000 		.4byte	0x43a
 647 043a 0F       		.uleb128 0xf
 648 043b 78010000 		.4byte	.LASF80
 649 043f 7005     		.2byte	0x570
 650 0441 07       		.byte	0x7
 651 0442 C201     		.2byte	0x1c2
 652 0444 99040000 		.4byte	0x499
 653 0448 09       		.uleb128 0x9
 654 0449 C5050000 		.4byte	.LASF81
 655 044d 07       		.byte	0x7
 656 044e C601     		.2byte	0x1c6
 657 0450 B5020000 		.4byte	0x2b5
 658 0454 00       		.byte	0
 659 0455 09       		.uleb128 0x9
 660 0456 6B010000 		.4byte	.LASF82
 661 045a 07       		.byte	0x7
 662 045b CA01     		.2byte	0x1ca
 663 045d 94030000 		.4byte	0x394
 664 0461 1C       		.byte	0x1c
 665 0462 08       		.uleb128 0x8
 666 0463 64626700 		.ascii	"dbg\000"
 667 0467 07       		.byte	0x7
 668 0468 CE01     		.2byte	0x1ce
 669 046a E1030000 		.4byte	0x3e1
 670 046e 2C       		.byte	0x2c
 671 046f 10       		.uleb128 0x10
 672 0470 9F000000 		.4byte	.LASF83
 673 0474 07       		.byte	0x7
 674 0475 D201     		.2byte	0x1d2
 675 0477 4C010000 		.4byte	0x14c
 676 047b 4004     		.2byte	0x440
 677 047d 11       		.uleb128 0x11
 678 047e 746D00   		.ascii	"tm\000"
 679 0481 07       		.byte	0x7
 680 0482 D701     		.2byte	0x1d7
 681 0484 F8050000 		.4byte	0x5f8
 682 0488 8804     		.2byte	0x488
 683 048a 10       		.uleb128 0x10
 684 048b DC010000 		.4byte	.LASF84
 685 048f 07       		.byte	0x7
 686 0490 E301     		.2byte	0x1e3
 687 0492 EB060000 		.4byte	0x6eb
ARM GAS  C:\Users\jo\AppData\Local\Temp\cc7zSBQj.s 			page 14


 688 0496 9004     		.2byte	0x490
 689 0498 00       		.byte	0
 690 0499 04       		.uleb128 0x4
 691 049a 04       		.byte	0x4
 692 049b 07       		.byte	0x7
 693 049c 79030000 		.4byte	.LASF85
 694 04a0 03       		.uleb128 0x3
 695 04a1 BA010000 		.4byte	.LASF86
 696 04a5 08       		.byte	0x8
 697 04a6 65       		.byte	0x65
 698 04a7 38030000 		.4byte	0x338
 699 04ab 03       		.uleb128 0x3
 700 04ac 5E030000 		.4byte	.LASF87
 701 04b0 08       		.byte	0x8
 702 04b1 6D       		.byte	0x6d
 703 04b2 D9000000 		.4byte	0xd9
 704 04b6 06       		.uleb128 0x6
 705 04b7 74050000 		.4byte	.LASF88
 706 04bb 04       		.byte	0x4
 707 04bc 08       		.byte	0x8
 708 04bd 89       		.byte	0x89
 709 04be CF040000 		.4byte	0x4cf
 710 04c2 12       		.uleb128 0x12
 711 04c3 72313300 		.ascii	"r13\000"
 712 04c7 08       		.byte	0x8
 713 04c8 8A       		.byte	0x8a
 714 04c9 4A050000 		.4byte	0x54a
 715 04cd 00       		.byte	0
 716 04ce 00       		.byte	0
 717 04cf 06       		.uleb128 0x6
 718 04d0 3D000000 		.4byte	.LASF89
 719 04d4 24       		.byte	0x24
 720 04d5 09       		.byte	0x9
 721 04d6 F4       		.byte	0xf4
 722 04d7 4A050000 		.4byte	0x54a
 723 04db 08       		.uleb128 0x8
 724 04dc 723400   		.ascii	"r4\000"
 725 04df 09       		.byte	0x9
 726 04e0 0701     		.2byte	0x107
 727 04e2 A0040000 		.4byte	0x4a0
 728 04e6 00       		.byte	0
 729 04e7 08       		.uleb128 0x8
 730 04e8 723500   		.ascii	"r5\000"
 731 04eb 09       		.byte	0x9
 732 04ec 0801     		.2byte	0x108
 733 04ee A0040000 		.4byte	0x4a0
 734 04f2 04       		.byte	0x4
 735 04f3 08       		.uleb128 0x8
 736 04f4 723600   		.ascii	"r6\000"
 737 04f7 09       		.byte	0x9
 738 04f8 0901     		.2byte	0x109
 739 04fa A0040000 		.4byte	0x4a0
 740 04fe 08       		.byte	0x8
 741 04ff 08       		.uleb128 0x8
 742 0500 723700   		.ascii	"r7\000"
 743 0503 09       		.byte	0x9
 744 0504 0A01     		.2byte	0x10a
ARM GAS  C:\Users\jo\AppData\Local\Temp\cc7zSBQj.s 			page 15


 745 0506 A0040000 		.4byte	0x4a0
 746 050a 0C       		.byte	0xc
 747 050b 08       		.uleb128 0x8
 748 050c 723800   		.ascii	"r8\000"
 749 050f 09       		.byte	0x9
 750 0510 0B01     		.2byte	0x10b
 751 0512 A0040000 		.4byte	0x4a0
 752 0516 10       		.byte	0x10
 753 0517 08       		.uleb128 0x8
 754 0518 723900   		.ascii	"r9\000"
 755 051b 09       		.byte	0x9
 756 051c 0C01     		.2byte	0x10c
 757 051e A0040000 		.4byte	0x4a0
 758 0522 14       		.byte	0x14
 759 0523 08       		.uleb128 0x8
 760 0524 72313000 		.ascii	"r10\000"
 761 0528 09       		.byte	0x9
 762 0529 0D01     		.2byte	0x10d
 763 052b A0040000 		.4byte	0x4a0
 764 052f 18       		.byte	0x18
 765 0530 08       		.uleb128 0x8
 766 0531 72313100 		.ascii	"r11\000"
 767 0535 09       		.byte	0x9
 768 0536 0E01     		.2byte	0x10e
 769 0538 A0040000 		.4byte	0x4a0
 770 053c 1C       		.byte	0x1c
 771 053d 08       		.uleb128 0x8
 772 053e 6C7200   		.ascii	"lr\000"
 773 0541 09       		.byte	0x9
 774 0542 0F01     		.2byte	0x10f
 775 0544 A0040000 		.4byte	0x4a0
 776 0548 20       		.byte	0x20
 777 0549 00       		.byte	0
 778 054a 0A       		.uleb128 0xa
 779 054b 04       		.byte	0x4
 780 054c CF040000 		.4byte	0x4cf
 781 0550 13       		.uleb128 0x13
 782 0551 10       		.byte	0x10
 783 0552 0A       		.byte	0xa
 784 0553 51       		.byte	0x51
 785 0554 89050000 		.4byte	0x589
 786 0558 07       		.uleb128 0x7
 787 0559 14000000 		.4byte	.LASF90
 788 055d 0A       		.byte	0xa
 789 055e 55       		.byte	0x55
 790 055f 41010000 		.4byte	0x141
 791 0563 00       		.byte	0
 792 0564 07       		.uleb128 0x7
 793 0565 94010000 		.4byte	.LASF91
 794 0569 0A       		.byte	0xa
 795 056a 59       		.byte	0x59
 796 056b 5B020000 		.4byte	0x25b
 797 056f 04       		.byte	0x4
 798 0570 07       		.uleb128 0x7
 799 0571 0B060000 		.4byte	.LASF92
 800 0575 0A       		.byte	0xa
 801 0576 5D       		.byte	0x5d
ARM GAS  C:\Users\jo\AppData\Local\Temp\cc7zSBQj.s 			page 16


 802 0577 38030000 		.4byte	0x338
 803 057b 08       		.byte	0x8
 804 057c 07       		.uleb128 0x7
 805 057d 8D000000 		.4byte	.LASF93
 806 0581 0A       		.byte	0xa
 807 0582 61       		.byte	0x61
 808 0583 B8000000 		.4byte	0xb8
 809 0587 0C       		.byte	0xc
 810 0588 00       		.byte	0
 811 0589 03       		.uleb128 0x3
 812 058a AC030000 		.4byte	.LASF94
 813 058e 0A       		.byte	0xa
 814 058f 62       		.byte	0x62
 815 0590 50050000 		.4byte	0x550
 816 0594 14       		.uleb128 0x14
 817 0595 0804     		.2byte	0x408
 818 0597 0A       		.byte	0xa
 819 0598 67       		.byte	0x67
 820 0599 C2050000 		.4byte	0x5c2
 821 059d 07       		.uleb128 0x7
 822 059e AA010000 		.4byte	.LASF95
 823 05a2 0A       		.byte	0xa
 824 05a3 6B       		.byte	0x6b
 825 05a4 37000000 		.4byte	0x37
 826 05a8 00       		.byte	0
 827 05a9 07       		.uleb128 0x7
 828 05aa 00000000 		.4byte	.LASF96
 829 05ae 0A       		.byte	0xa
 830 05af 6F       		.byte	0x6f
 831 05b0 C2050000 		.4byte	0x5c2
 832 05b4 04       		.byte	0x4
 833 05b5 07       		.uleb128 0x7
 834 05b6 0B040000 		.4byte	.LASF97
 835 05ba 0A       		.byte	0xa
 836 05bb 73       		.byte	0x73
 837 05bc C8050000 		.4byte	0x5c8
 838 05c0 08       		.byte	0x8
 839 05c1 00       		.byte	0
 840 05c2 0A       		.uleb128 0xa
 841 05c3 04       		.byte	0x4
 842 05c4 89050000 		.4byte	0x589
 843 05c8 15       		.uleb128 0x15
 844 05c9 89050000 		.4byte	0x589
 845 05cd D8050000 		.4byte	0x5d8
 846 05d1 16       		.uleb128 0x16
 847 05d2 99040000 		.4byte	0x499
 848 05d6 3F       		.byte	0x3f
 849 05d7 00       		.byte	0
 850 05d8 03       		.uleb128 0x3
 851 05d9 7B000000 		.4byte	.LASF98
 852 05dd 0A       		.byte	0xa
 853 05de 74       		.byte	0x74
 854 05df 94050000 		.4byte	0x594
 855 05e3 13       		.uleb128 0x13
 856 05e4 04       		.byte	0x4
 857 05e5 0B       		.byte	0xb
 858 05e6 38       		.byte	0x38
ARM GAS  C:\Users\jo\AppData\Local\Temp\cc7zSBQj.s 			page 17


 859 05e7 F8050000 		.4byte	0x5f8
 860 05eb 07       		.uleb128 0x7
 861 05ec 6D050000 		.4byte	.LASF99
 862 05f0 0B       		.byte	0xb
 863 05f1 3C       		.byte	0x3c
 864 05f2 E9000000 		.4byte	0xe9
 865 05f6 00       		.byte	0
 866 05f7 00       		.byte	0
 867 05f8 03       		.uleb128 0x3
 868 05f9 D5030000 		.4byte	.LASF100
 869 05fd 0B       		.byte	0xb
 870 05fe 3D       		.byte	0x3d
 871 05ff E3050000 		.4byte	0x5e3
 872 0603 17       		.uleb128 0x17
 873 0604 04       		.byte	0x4
 874 0605 07       		.byte	0x7
 875 0606 FA       		.byte	0xfa
 876 0607 60060000 		.4byte	0x660
 877 060b 18       		.uleb128 0x18
 878 060c 23000000 		.4byte	.LASF101
 879 0610 07       		.byte	0x7
 880 0611 0101     		.2byte	0x101
 881 0613 20010000 		.4byte	0x120
 882 0617 18       		.uleb128 0x18
 883 0618 96000000 		.4byte	.LASF102
 884 061c 07       		.byte	0x7
 885 061d 0801     		.2byte	0x108
 886 061f 20010000 		.4byte	0x120
 887 0623 18       		.uleb128 0x18
 888 0624 D3050000 		.4byte	.LASF103
 889 0628 07       		.byte	0x7
 890 0629 0F01     		.2byte	0x10f
 891 062b 38030000 		.4byte	0x338
 892 062f 18       		.uleb128 0x18
 893 0630 72010000 		.4byte	.LASF104
 894 0634 07       		.byte	0x7
 895 0635 1601     		.2byte	0x116
 896 0637 60060000 		.4byte	0x660
 897 063b 18       		.uleb128 0x18
 898 063c 11020000 		.4byte	.LASF105
 899 0640 07       		.byte	0x7
 900 0641 1E01     		.2byte	0x11e
 901 0643 8B060000 		.4byte	0x68b
 902 0647 18       		.uleb128 0x18
 903 0648 EB040000 		.4byte	.LASF106
 904 064c 07       		.byte	0x7
 905 064d 2701     		.2byte	0x127
 906 064f C2060000 		.4byte	0x6c2
 907 0653 18       		.uleb128 0x18
 908 0654 A3040000 		.4byte	.LASF107
 909 0658 07       		.byte	0x7
 910 0659 2F01     		.2byte	0x12f
 911 065b 2B010000 		.4byte	0x12b
 912 065f 00       		.byte	0
 913 0660 0A       		.uleb128 0xa
 914 0661 04       		.byte	0x4
 915 0662 50020000 		.4byte	0x250
ARM GAS  C:\Users\jo\AppData\Local\Temp\cc7zSBQj.s 			page 18


 916 0666 06       		.uleb128 0x6
 917 0667 CA040000 		.4byte	.LASF108
 918 066b 0C       		.byte	0xc
 919 066c 0C       		.byte	0xc
 920 066d 34       		.byte	0x34
 921 066e 8B060000 		.4byte	0x68b
 922 0672 07       		.uleb128 0x7
 923 0673 A2010000 		.4byte	.LASF109
 924 0677 0C       		.byte	0xc
 925 0678 35       		.byte	0x35
 926 0679 85020000 		.4byte	0x285
 927 067d 00       		.byte	0
 928 067e 07       		.uleb128 0x7
 929 067f 23020000 		.4byte	.LASF110
 930 0683 0C       		.byte	0xc
 931 0684 37       		.byte	0x37
 932 0685 36010000 		.4byte	0x136
 933 0689 08       		.byte	0x8
 934 068a 00       		.byte	0
 935 068b 0A       		.uleb128 0xa
 936 068c 04       		.byte	0x4
 937 068d 66060000 		.4byte	0x666
 938 0691 06       		.uleb128 0x6
 939 0692 AD050000 		.4byte	.LASF111
 940 0696 10       		.byte	0x10
 941 0697 0D       		.byte	0xd
 942 0698 39       		.byte	0x39
 943 0699 C2060000 		.4byte	0x6c2
 944 069d 07       		.uleb128 0x7
 945 069e 63010000 		.4byte	.LASF112
 946 06a2 0D       		.byte	0xd
 947 06a3 3A       		.byte	0x3a
 948 06a4 85020000 		.4byte	0x285
 949 06a8 00       		.byte	0
 950 06a9 07       		.uleb128 0x7
 951 06aa 03060000 		.4byte	.LASF113
 952 06ae 0D       		.byte	0xd
 953 06af 3C       		.byte	0x3c
 954 06b0 5B020000 		.4byte	0x25b
 955 06b4 08       		.byte	0x8
 956 06b5 07       		.uleb128 0x7
 957 06b6 33050000 		.4byte	.LASF114
 958 06ba 0D       		.byte	0xd
 959 06bb 3E       		.byte	0x3e
 960 06bc 06070000 		.4byte	0x706
 961 06c0 0C       		.byte	0xc
 962 06c1 00       		.byte	0
 963 06c2 0A       		.uleb128 0xa
 964 06c3 04       		.byte	0x4
 965 06c4 91060000 		.4byte	0x691
 966 06c8 0A       		.uleb128 0xa
 967 06c9 04       		.byte	0x4
 968 06ca CE060000 		.4byte	0x6ce
 969 06ce 19       		.uleb128 0x19
 970 06cf D3060000 		.4byte	0x6d3
 971 06d3 04       		.uleb128 0x4
 972 06d4 01       		.byte	0x1
ARM GAS  C:\Users\jo\AppData\Local\Temp\cc7zSBQj.s 			page 19


 973 06d5 08       		.byte	0x8
 974 06d6 25050000 		.4byte	.LASF115
 975 06da 0A       		.uleb128 0xa
 976 06db 04       		.byte	0x4
 977 06dc AB040000 		.4byte	0x4ab
 978 06e0 0A       		.uleb128 0xa
 979 06e1 04       		.byte	0x4
 980 06e2 3A030000 		.4byte	0x33a
 981 06e6 05       		.uleb128 0x5
 982 06e7 C8060000 		.4byte	0x6c8
 983 06eb 15       		.uleb128 0x15
 984 06ec AB040000 		.4byte	0x4ab
 985 06f0 FB060000 		.4byte	0x6fb
 986 06f4 16       		.uleb128 0x16
 987 06f5 99040000 		.4byte	0x499
 988 06f9 1B       		.byte	0x1b
 989 06fa 00       		.byte	0
 990 06fb 03       		.uleb128 0x3
 991 06fc CB010000 		.4byte	.LASF116
 992 0700 0D       		.byte	0xd
 993 0701 34       		.byte	0x34
 994 0702 91060000 		.4byte	0x691
 995 0706 0A       		.uleb128 0xa
 996 0707 04       		.byte	0x4
 997 0708 FB060000 		.4byte	0x6fb
 998 070c 04       		.uleb128 0x4
 999 070d 01       		.byte	0x1
 1000 070e 02       		.byte	0x2
 1001 070f 44040000 		.4byte	.LASF117
 1002 0713 03       		.uleb128 0x3
 1003 0714 AA000000 		.4byte	.LASF118
 1004 0718 0E       		.byte	0xe
 1005 0719 40       		.byte	0x40
 1006 071a AD000000 		.4byte	0xad
 1007 071e 03       		.uleb128 0x3
 1008 071f 73030000 		.4byte	.LASF119
 1009 0723 0F       		.byte	0xf
 1010 0724 2F       		.byte	0x2f
 1011 0725 13070000 		.4byte	0x713
 1012 0729 1A       		.uleb128 0x1a
 1013 072a 58000000 		.4byte	.LASF124
 1014 072e 01       		.byte	0x1
 1015 072f 45       		.byte	0x45
 1016 0730 C8060000 		.4byte	0x6c8
 1017 0734 00000000 		.4byte	.LFB260
 1018 0738 10000000 		.4byte	.LFE260-.LFB260
 1019 073c 01       		.uleb128 0x1
 1020 073d 9C       		.byte	0x9c
 1021 073e 52070000 		.4byte	0x752
 1022 0742 1B       		.uleb128 0x1b
 1023 0743 65727200 		.ascii	"err\000"
 1024 0747 01       		.byte	0x1
 1025 0748 45       		.byte	0x45
 1026 0749 1E070000 		.4byte	0x71e
 1027 074d 00000000 		.4byte	.LLST0
 1028 0751 00       		.byte	0
 1029 0752 15       		.uleb128 0x15
ARM GAS  C:\Users\jo\AppData\Local\Temp\cc7zSBQj.s 			page 20


 1030 0753 C8060000 		.4byte	0x6c8
 1031 0757 62070000 		.4byte	0x762
 1032 075b 16       		.uleb128 0x16
 1033 075c 99040000 		.4byte	0x499
 1034 0760 0F       		.byte	0xf
 1035 0761 00       		.byte	0
 1036 0762 1C       		.uleb128 0x1c
 1037 0763 92050000 		.4byte	.LASF125
 1038 0767 01       		.byte	0x1
 1039 0768 2B       		.byte	0x2b
 1040 0769 73070000 		.4byte	0x773
 1041 076d 05       		.uleb128 0x5
 1042 076e 03       		.byte	0x3
 1043 076f 00000000 		.4byte	err_strerr
 1044 0773 19       		.uleb128 0x19
 1045 0774 52070000 		.4byte	0x752
 1046 0778 1D       		.uleb128 0x1d
 1047 0779 CE000000 		.4byte	.LASF120
 1048 077d 10       		.byte	0x10
 1049 077e A706     		.2byte	0x6a7
 1050 0780 E4000000 		.4byte	0xe4
 1051 0784 1E       		.uleb128 0x1e
 1052 0785 636800   		.ascii	"ch\000"
 1053 0788 07       		.byte	0x7
 1054 0789 0902     		.2byte	0x209
 1055 078b 2F040000 		.4byte	0x42f
 1056 078f 00       		.byte	0
 1057              		.section	.debug_abbrev,"",%progbits
 1058              	.Ldebug_abbrev0:
 1059 0000 01       		.uleb128 0x1
 1060 0001 11       		.uleb128 0x11
 1061 0002 01       		.byte	0x1
 1062 0003 25       		.uleb128 0x25
 1063 0004 0E       		.uleb128 0xe
 1064 0005 13       		.uleb128 0x13
 1065 0006 0B       		.uleb128 0xb
 1066 0007 03       		.uleb128 0x3
 1067 0008 0E       		.uleb128 0xe
 1068 0009 1B       		.uleb128 0x1b
 1069 000a 0E       		.uleb128 0xe
 1070 000b 55       		.uleb128 0x55
 1071 000c 17       		.uleb128 0x17
 1072 000d 11       		.uleb128 0x11
 1073 000e 01       		.uleb128 0x1
 1074 000f 10       		.uleb128 0x10
 1075 0010 17       		.uleb128 0x17
 1076 0011 00       		.byte	0
 1077 0012 00       		.byte	0
 1078 0013 02       		.uleb128 0x2
 1079 0014 24       		.uleb128 0x24
 1080 0015 00       		.byte	0
 1081 0016 0B       		.uleb128 0xb
 1082 0017 0B       		.uleb128 0xb
 1083 0018 3E       		.uleb128 0x3e
 1084 0019 0B       		.uleb128 0xb
 1085 001a 03       		.uleb128 0x3
 1086 001b 08       		.uleb128 0x8
ARM GAS  C:\Users\jo\AppData\Local\Temp\cc7zSBQj.s 			page 21


 1087 001c 00       		.byte	0
 1088 001d 00       		.byte	0
 1089 001e 03       		.uleb128 0x3
 1090 001f 16       		.uleb128 0x16
 1091 0020 00       		.byte	0
 1092 0021 03       		.uleb128 0x3
 1093 0022 0E       		.uleb128 0xe
 1094 0023 3A       		.uleb128 0x3a
 1095 0024 0B       		.uleb128 0xb
 1096 0025 3B       		.uleb128 0x3b
 1097 0026 0B       		.uleb128 0xb
 1098 0027 49       		.uleb128 0x49
 1099 0028 13       		.uleb128 0x13
 1100 0029 00       		.byte	0
 1101 002a 00       		.byte	0
 1102 002b 04       		.uleb128 0x4
 1103 002c 24       		.uleb128 0x24
 1104 002d 00       		.byte	0
 1105 002e 0B       		.uleb128 0xb
 1106 002f 0B       		.uleb128 0xb
 1107 0030 3E       		.uleb128 0x3e
 1108 0031 0B       		.uleb128 0xb
 1109 0032 03       		.uleb128 0x3
 1110 0033 0E       		.uleb128 0xe
 1111 0034 00       		.byte	0
 1112 0035 00       		.byte	0
 1113 0036 05       		.uleb128 0x5
 1114 0037 35       		.uleb128 0x35
 1115 0038 00       		.byte	0
 1116 0039 49       		.uleb128 0x49
 1117 003a 13       		.uleb128 0x13
 1118 003b 00       		.byte	0
 1119 003c 00       		.byte	0
 1120 003d 06       		.uleb128 0x6
 1121 003e 13       		.uleb128 0x13
 1122 003f 01       		.byte	0x1
 1123 0040 03       		.uleb128 0x3
 1124 0041 0E       		.uleb128 0xe
 1125 0042 0B       		.uleb128 0xb
 1126 0043 0B       		.uleb128 0xb
 1127 0044 3A       		.uleb128 0x3a
 1128 0045 0B       		.uleb128 0xb
 1129 0046 3B       		.uleb128 0x3b
 1130 0047 0B       		.uleb128 0xb
 1131 0048 01       		.uleb128 0x1
 1132 0049 13       		.uleb128 0x13
 1133 004a 00       		.byte	0
 1134 004b 00       		.byte	0
 1135 004c 07       		.uleb128 0x7
 1136 004d 0D       		.uleb128 0xd
 1137 004e 00       		.byte	0
 1138 004f 03       		.uleb128 0x3
 1139 0050 0E       		.uleb128 0xe
 1140 0051 3A       		.uleb128 0x3a
 1141 0052 0B       		.uleb128 0xb
 1142 0053 3B       		.uleb128 0x3b
 1143 0054 0B       		.uleb128 0xb
ARM GAS  C:\Users\jo\AppData\Local\Temp\cc7zSBQj.s 			page 22


 1144 0055 49       		.uleb128 0x49
 1145 0056 13       		.uleb128 0x13
 1146 0057 38       		.uleb128 0x38
 1147 0058 0B       		.uleb128 0xb
 1148 0059 00       		.byte	0
 1149 005a 00       		.byte	0
 1150 005b 08       		.uleb128 0x8
 1151 005c 0D       		.uleb128 0xd
 1152 005d 00       		.byte	0
 1153 005e 03       		.uleb128 0x3
 1154 005f 08       		.uleb128 0x8
 1155 0060 3A       		.uleb128 0x3a
 1156 0061 0B       		.uleb128 0xb
 1157 0062 3B       		.uleb128 0x3b
 1158 0063 05       		.uleb128 0x5
 1159 0064 49       		.uleb128 0x49
 1160 0065 13       		.uleb128 0x13
 1161 0066 38       		.uleb128 0x38
 1162 0067 0B       		.uleb128 0xb
 1163 0068 00       		.byte	0
 1164 0069 00       		.byte	0
 1165 006a 09       		.uleb128 0x9
 1166 006b 0D       		.uleb128 0xd
 1167 006c 00       		.byte	0
 1168 006d 03       		.uleb128 0x3
 1169 006e 0E       		.uleb128 0xe
 1170 006f 3A       		.uleb128 0x3a
 1171 0070 0B       		.uleb128 0xb
 1172 0071 3B       		.uleb128 0x3b
 1173 0072 05       		.uleb128 0x5
 1174 0073 49       		.uleb128 0x49
 1175 0074 13       		.uleb128 0x13
 1176 0075 38       		.uleb128 0x38
 1177 0076 0B       		.uleb128 0xb
 1178 0077 00       		.byte	0
 1179 0078 00       		.byte	0
 1180 0079 0A       		.uleb128 0xa
 1181 007a 0F       		.uleb128 0xf
 1182 007b 00       		.byte	0
 1183 007c 0B       		.uleb128 0xb
 1184 007d 0B       		.uleb128 0xb
 1185 007e 49       		.uleb128 0x49
 1186 007f 13       		.uleb128 0x13
 1187 0080 00       		.byte	0
 1188 0081 00       		.byte	0
 1189 0082 0B       		.uleb128 0xb
 1190 0083 13       		.uleb128 0x13
 1191 0084 01       		.byte	0x1
 1192 0085 03       		.uleb128 0x3
 1193 0086 0E       		.uleb128 0xe
 1194 0087 0B       		.uleb128 0xb
 1195 0088 0B       		.uleb128 0xb
 1196 0089 3A       		.uleb128 0x3a
 1197 008a 0B       		.uleb128 0xb
 1198 008b 3B       		.uleb128 0x3b
 1199 008c 05       		.uleb128 0x5
 1200 008d 01       		.uleb128 0x1
ARM GAS  C:\Users\jo\AppData\Local\Temp\cc7zSBQj.s 			page 23


 1201 008e 13       		.uleb128 0x13
 1202 008f 00       		.byte	0
 1203 0090 00       		.byte	0
 1204 0091 0C       		.uleb128 0xc
 1205 0092 15       		.uleb128 0x15
 1206 0093 01       		.byte	0x1
 1207 0094 27       		.uleb128 0x27
 1208 0095 19       		.uleb128 0x19
 1209 0096 01       		.uleb128 0x1
 1210 0097 13       		.uleb128 0x13
 1211 0098 00       		.byte	0
 1212 0099 00       		.byte	0
 1213 009a 0D       		.uleb128 0xd
 1214 009b 05       		.uleb128 0x5
 1215 009c 00       		.byte	0
 1216 009d 49       		.uleb128 0x49
 1217 009e 13       		.uleb128 0x13
 1218 009f 00       		.byte	0
 1219 00a0 00       		.byte	0
 1220 00a1 0E       		.uleb128 0xe
 1221 00a2 0F       		.uleb128 0xf
 1222 00a3 00       		.byte	0
 1223 00a4 0B       		.uleb128 0xb
 1224 00a5 0B       		.uleb128 0xb
 1225 00a6 00       		.byte	0
 1226 00a7 00       		.byte	0
 1227 00a8 0F       		.uleb128 0xf
 1228 00a9 13       		.uleb128 0x13
 1229 00aa 01       		.byte	0x1
 1230 00ab 03       		.uleb128 0x3
 1231 00ac 0E       		.uleb128 0xe
 1232 00ad 0B       		.uleb128 0xb
 1233 00ae 05       		.uleb128 0x5
 1234 00af 3A       		.uleb128 0x3a
 1235 00b0 0B       		.uleb128 0xb
 1236 00b1 3B       		.uleb128 0x3b
 1237 00b2 05       		.uleb128 0x5
 1238 00b3 01       		.uleb128 0x1
 1239 00b4 13       		.uleb128 0x13
 1240 00b5 00       		.byte	0
 1241 00b6 00       		.byte	0
 1242 00b7 10       		.uleb128 0x10
 1243 00b8 0D       		.uleb128 0xd
 1244 00b9 00       		.byte	0
 1245 00ba 03       		.uleb128 0x3
 1246 00bb 0E       		.uleb128 0xe
 1247 00bc 3A       		.uleb128 0x3a
 1248 00bd 0B       		.uleb128 0xb
 1249 00be 3B       		.uleb128 0x3b
 1250 00bf 05       		.uleb128 0x5
 1251 00c0 49       		.uleb128 0x49
 1252 00c1 13       		.uleb128 0x13
 1253 00c2 38       		.uleb128 0x38
 1254 00c3 05       		.uleb128 0x5
 1255 00c4 00       		.byte	0
 1256 00c5 00       		.byte	0
 1257 00c6 11       		.uleb128 0x11
ARM GAS  C:\Users\jo\AppData\Local\Temp\cc7zSBQj.s 			page 24


 1258 00c7 0D       		.uleb128 0xd
 1259 00c8 00       		.byte	0
 1260 00c9 03       		.uleb128 0x3
 1261 00ca 08       		.uleb128 0x8
 1262 00cb 3A       		.uleb128 0x3a
 1263 00cc 0B       		.uleb128 0xb
 1264 00cd 3B       		.uleb128 0x3b
 1265 00ce 05       		.uleb128 0x5
 1266 00cf 49       		.uleb128 0x49
 1267 00d0 13       		.uleb128 0x13
 1268 00d1 38       		.uleb128 0x38
 1269 00d2 05       		.uleb128 0x5
 1270 00d3 00       		.byte	0
 1271 00d4 00       		.byte	0
 1272 00d5 12       		.uleb128 0x12
 1273 00d6 0D       		.uleb128 0xd
 1274 00d7 00       		.byte	0
 1275 00d8 03       		.uleb128 0x3
 1276 00d9 08       		.uleb128 0x8
 1277 00da 3A       		.uleb128 0x3a
 1278 00db 0B       		.uleb128 0xb
 1279 00dc 3B       		.uleb128 0x3b
 1280 00dd 0B       		.uleb128 0xb
 1281 00de 49       		.uleb128 0x49
 1282 00df 13       		.uleb128 0x13
 1283 00e0 38       		.uleb128 0x38
 1284 00e1 0B       		.uleb128 0xb
 1285 00e2 00       		.byte	0
 1286 00e3 00       		.byte	0
 1287 00e4 13       		.uleb128 0x13
 1288 00e5 13       		.uleb128 0x13
 1289 00e6 01       		.byte	0x1
 1290 00e7 0B       		.uleb128 0xb
 1291 00e8 0B       		.uleb128 0xb
 1292 00e9 3A       		.uleb128 0x3a
 1293 00ea 0B       		.uleb128 0xb
 1294 00eb 3B       		.uleb128 0x3b
 1295 00ec 0B       		.uleb128 0xb
 1296 00ed 01       		.uleb128 0x1
 1297 00ee 13       		.uleb128 0x13
 1298 00ef 00       		.byte	0
 1299 00f0 00       		.byte	0
 1300 00f1 14       		.uleb128 0x14
 1301 00f2 13       		.uleb128 0x13
 1302 00f3 01       		.byte	0x1
 1303 00f4 0B       		.uleb128 0xb
 1304 00f5 05       		.uleb128 0x5
 1305 00f6 3A       		.uleb128 0x3a
 1306 00f7 0B       		.uleb128 0xb
 1307 00f8 3B       		.uleb128 0x3b
 1308 00f9 0B       		.uleb128 0xb
 1309 00fa 01       		.uleb128 0x1
 1310 00fb 13       		.uleb128 0x13
 1311 00fc 00       		.byte	0
 1312 00fd 00       		.byte	0
 1313 00fe 15       		.uleb128 0x15
 1314 00ff 01       		.uleb128 0x1
ARM GAS  C:\Users\jo\AppData\Local\Temp\cc7zSBQj.s 			page 25


 1315 0100 01       		.byte	0x1
 1316 0101 49       		.uleb128 0x49
 1317 0102 13       		.uleb128 0x13
 1318 0103 01       		.uleb128 0x1
 1319 0104 13       		.uleb128 0x13
 1320 0105 00       		.byte	0
 1321 0106 00       		.byte	0
 1322 0107 16       		.uleb128 0x16
 1323 0108 21       		.uleb128 0x21
 1324 0109 00       		.byte	0
 1325 010a 49       		.uleb128 0x49
 1326 010b 13       		.uleb128 0x13
 1327 010c 2F       		.uleb128 0x2f
 1328 010d 0B       		.uleb128 0xb
 1329 010e 00       		.byte	0
 1330 010f 00       		.byte	0
 1331 0110 17       		.uleb128 0x17
 1332 0111 17       		.uleb128 0x17
 1333 0112 01       		.byte	0x1
 1334 0113 0B       		.uleb128 0xb
 1335 0114 0B       		.uleb128 0xb
 1336 0115 3A       		.uleb128 0x3a
 1337 0116 0B       		.uleb128 0xb
 1338 0117 3B       		.uleb128 0x3b
 1339 0118 0B       		.uleb128 0xb
 1340 0119 01       		.uleb128 0x1
 1341 011a 13       		.uleb128 0x13
 1342 011b 00       		.byte	0
 1343 011c 00       		.byte	0
 1344 011d 18       		.uleb128 0x18
 1345 011e 0D       		.uleb128 0xd
 1346 011f 00       		.byte	0
 1347 0120 03       		.uleb128 0x3
 1348 0121 0E       		.uleb128 0xe
 1349 0122 3A       		.uleb128 0x3a
 1350 0123 0B       		.uleb128 0xb
 1351 0124 3B       		.uleb128 0x3b
 1352 0125 05       		.uleb128 0x5
 1353 0126 49       		.uleb128 0x49
 1354 0127 13       		.uleb128 0x13
 1355 0128 00       		.byte	0
 1356 0129 00       		.byte	0
 1357 012a 19       		.uleb128 0x19
 1358 012b 26       		.uleb128 0x26
 1359 012c 00       		.byte	0
 1360 012d 49       		.uleb128 0x49
 1361 012e 13       		.uleb128 0x13
 1362 012f 00       		.byte	0
 1363 0130 00       		.byte	0
 1364 0131 1A       		.uleb128 0x1a
 1365 0132 2E       		.uleb128 0x2e
 1366 0133 01       		.byte	0x1
 1367 0134 3F       		.uleb128 0x3f
 1368 0135 19       		.uleb128 0x19
 1369 0136 03       		.uleb128 0x3
 1370 0137 0E       		.uleb128 0xe
 1371 0138 3A       		.uleb128 0x3a
ARM GAS  C:\Users\jo\AppData\Local\Temp\cc7zSBQj.s 			page 26


 1372 0139 0B       		.uleb128 0xb
 1373 013a 3B       		.uleb128 0x3b
 1374 013b 0B       		.uleb128 0xb
 1375 013c 27       		.uleb128 0x27
 1376 013d 19       		.uleb128 0x19
 1377 013e 49       		.uleb128 0x49
 1378 013f 13       		.uleb128 0x13
 1379 0140 11       		.uleb128 0x11
 1380 0141 01       		.uleb128 0x1
 1381 0142 12       		.uleb128 0x12
 1382 0143 06       		.uleb128 0x6
 1383 0144 40       		.uleb128 0x40
 1384 0145 18       		.uleb128 0x18
 1385 0146 9742     		.uleb128 0x2117
 1386 0148 19       		.uleb128 0x19
 1387 0149 01       		.uleb128 0x1
 1388 014a 13       		.uleb128 0x13
 1389 014b 00       		.byte	0
 1390 014c 00       		.byte	0
 1391 014d 1B       		.uleb128 0x1b
 1392 014e 05       		.uleb128 0x5
 1393 014f 00       		.byte	0
 1394 0150 03       		.uleb128 0x3
 1395 0151 08       		.uleb128 0x8
 1396 0152 3A       		.uleb128 0x3a
 1397 0153 0B       		.uleb128 0xb
 1398 0154 3B       		.uleb128 0x3b
 1399 0155 0B       		.uleb128 0xb
 1400 0156 49       		.uleb128 0x49
 1401 0157 13       		.uleb128 0x13
 1402 0158 02       		.uleb128 0x2
 1403 0159 17       		.uleb128 0x17
 1404 015a 00       		.byte	0
 1405 015b 00       		.byte	0
 1406 015c 1C       		.uleb128 0x1c
 1407 015d 34       		.uleb128 0x34
 1408 015e 00       		.byte	0
 1409 015f 03       		.uleb128 0x3
 1410 0160 0E       		.uleb128 0xe
 1411 0161 3A       		.uleb128 0x3a
 1412 0162 0B       		.uleb128 0xb
 1413 0163 3B       		.uleb128 0x3b
 1414 0164 0B       		.uleb128 0xb
 1415 0165 49       		.uleb128 0x49
 1416 0166 13       		.uleb128 0x13
 1417 0167 02       		.uleb128 0x2
 1418 0168 18       		.uleb128 0x18
 1419 0169 00       		.byte	0
 1420 016a 00       		.byte	0
 1421 016b 1D       		.uleb128 0x1d
 1422 016c 34       		.uleb128 0x34
 1423 016d 00       		.byte	0
 1424 016e 03       		.uleb128 0x3
 1425 016f 0E       		.uleb128 0xe
 1426 0170 3A       		.uleb128 0x3a
 1427 0171 0B       		.uleb128 0xb
 1428 0172 3B       		.uleb128 0x3b
ARM GAS  C:\Users\jo\AppData\Local\Temp\cc7zSBQj.s 			page 27


 1429 0173 05       		.uleb128 0x5
 1430 0174 49       		.uleb128 0x49
 1431 0175 13       		.uleb128 0x13
 1432 0176 3F       		.uleb128 0x3f
 1433 0177 19       		.uleb128 0x19
 1434 0178 3C       		.uleb128 0x3c
 1435 0179 19       		.uleb128 0x19
 1436 017a 00       		.byte	0
 1437 017b 00       		.byte	0
 1438 017c 1E       		.uleb128 0x1e
 1439 017d 34       		.uleb128 0x34
 1440 017e 00       		.byte	0
 1441 017f 03       		.uleb128 0x3
 1442 0180 08       		.uleb128 0x8
 1443 0181 3A       		.uleb128 0x3a
 1444 0182 0B       		.uleb128 0xb
 1445 0183 3B       		.uleb128 0x3b
 1446 0184 05       		.uleb128 0x5
 1447 0185 49       		.uleb128 0x49
 1448 0186 13       		.uleb128 0x13
 1449 0187 3F       		.uleb128 0x3f
 1450 0188 19       		.uleb128 0x19
 1451 0189 3C       		.uleb128 0x3c
 1452 018a 19       		.uleb128 0x19
 1453 018b 00       		.byte	0
 1454 018c 00       		.byte	0
 1455 018d 00       		.byte	0
 1456              		.section	.debug_loc,"",%progbits
 1457              	.Ldebug_loc0:
 1458              	.LLST0:
 1459 0000 00000000 		.4byte	.LVL0
 1460 0004 04000000 		.4byte	.LVL1
 1461 0008 0100     		.2byte	0x1
 1462 000a 50       		.byte	0x50
 1463 000b 04000000 		.4byte	.LVL1
 1464 000f 10000000 		.4byte	.LFE260
 1465 0013 0400     		.2byte	0x4
 1466 0015 F3       		.byte	0xf3
 1467 0016 01       		.uleb128 0x1
 1468 0017 50       		.byte	0x50
 1469 0018 9F       		.byte	0x9f
 1470 0019 00000000 		.4byte	0
 1471 001d 00000000 		.4byte	0
 1472              		.section	.debug_aranges,"",%progbits
 1473 0000 1C000000 		.4byte	0x1c
 1474 0004 0200     		.2byte	0x2
 1475 0006 00000000 		.4byte	.Ldebug_info0
 1476 000a 04       		.byte	0x4
 1477 000b 00       		.byte	0
 1478 000c 0000     		.2byte	0
 1479 000e 0000     		.2byte	0
 1480 0010 00000000 		.4byte	.LFB260
 1481 0014 10000000 		.4byte	.LFE260-.LFB260
 1482 0018 00000000 		.4byte	0
 1483 001c 00000000 		.4byte	0
 1484              		.section	.debug_ranges,"",%progbits
 1485              	.Ldebug_ranges0:
ARM GAS  C:\Users\jo\AppData\Local\Temp\cc7zSBQj.s 			page 28


 1486 0000 00000000 		.4byte	.LFB260
 1487 0004 10000000 		.4byte	.LFE260
 1488 0008 00000000 		.4byte	0
 1489 000c 00000000 		.4byte	0
 1490              		.section	.debug_line,"",%progbits
 1491              	.Ldebug_line0:
 1492 0000 C1020000 		.section	.debug_str,"MS",%progbits,1
 1492      0200A902 
 1492      00000201 
 1492      FB0E0D00 
 1492      01010101 
 1493              	.LASF96:
 1494 0000 74625F70 		.ascii	"tb_ptr\000"
 1494      747200
 1495              	.LASF54:
 1496 0007 72656164 		.ascii	"ready_list_t\000"
 1496      795F6C69 
 1496      73745F74 
 1496      00
 1497              	.LASF90:
 1498 0014 73655F74 		.ascii	"se_time\000"
 1498      696D6500 
 1499              	.LASF1:
 1500 001c 73697A65 		.ascii	"size_t\000"
 1500      5F7400
 1501              	.LASF101:
 1502 0023 7264796D 		.ascii	"rdymsg\000"
 1502      736700
 1503              	.LASF19:
 1504 002a 75696E74 		.ascii	"uint64_t\000"
 1504      36345F74 
 1504      00
 1505              	.LASF4:
 1506 0033 5F5F7569 		.ascii	"__uint8_t\000"
 1506      6E74385F 
 1506      7400
 1507              	.LASF89:
 1508 003d 706F7274 		.ascii	"port_intctx\000"
 1508      5F696E74 
 1508      63747800 
 1509              	.LASF73:
 1510 0049 73797374 		.ascii	"system_debug_t\000"
 1510      656D5F64 
 1510      65627567 
 1510      5F7400
 1511              	.LASF124:
 1512 0058 6C776970 		.ascii	"lwip_strerr\000"
 1512      5F737472 
 1512      65727200 
 1513              	.LASF14:
 1514 0064 6C6F6E67 		.ascii	"long long unsigned int\000"
 1514      206C6F6E 
 1514      6720756E 
 1514      7369676E 
 1514      65642069 
 1515              	.LASF98:
 1516 007b 63685F74 		.ascii	"ch_trace_buffer_t\000"
ARM GAS  C:\Users\jo\AppData\Local\Temp\cc7zSBQj.s 			page 29


 1516      72616365 
 1516      5F627566 
 1516      6665725F 
 1516      7400
 1517              	.LASF93:
 1518 008d 73655F73 		.ascii	"se_state\000"
 1518      74617465 
 1518      00
 1519              	.LASF102:
 1520 0096 65786974 		.ascii	"exitcode\000"
 1520      636F6465 
 1520      00
 1521              	.LASF83:
 1522 009f 6D61696E 		.ascii	"mainthread\000"
 1522      74687265 
 1522      616400
 1523              	.LASF118:
 1524 00aa 73385F74 		.ascii	"s8_t\000"
 1524      00
 1525              	.LASF70:
 1526 00af 76697274 		.ascii	"virtual_timers_list_t\000"
 1526      75616C5F 
 1526      74696D65 
 1526      72735F6C 
 1526      6973745F 
 1527              	.LASF2:
 1528 00c5 5F5F696E 		.ascii	"__int8_t\000"
 1528      74385F74 
 1528      00
 1529              	.LASF120:
 1530 00ce 49544D5F 		.ascii	"ITM_RxBuffer\000"
 1530      52784275 
 1530      66666572 
 1530      00
 1531              	.LASF53:
 1532 00db 63685F74 		.ascii	"ch_threads_queue\000"
 1532      68726561 
 1532      64735F71 
 1532      75657565 
 1532      00
 1533              	.LASF32:
 1534 00ec 705F7072 		.ascii	"p_prio\000"
 1534      696F00
 1535              	.LASF123:
 1536 00f3 433A5C55 		.ascii	"C:\\Users\\jo\\Documents\\GitHub\\ChibiOS\\demos\\S"
 1536      73657273 
 1536      5C6A6F5C 
 1536      446F6375 
 1536      6D656E74 
 1537 011f 544D3332 		.ascii	"TM32\\RT-STM32F407-DISCOVERY-uHttp\000"
 1537      5C52542D 
 1537      53544D33 
 1537      32463430 
 1537      372D4449 
 1538              	.LASF12:
 1539 0141 6C6F6E67 		.ascii	"long long int\000"
 1539      206C6F6E 
ARM GAS  C:\Users\jo\AppData\Local\Temp\cc7zSBQj.s 			page 30


 1539      6720696E 
 1539      7400
 1540              	.LASF3:
 1541 014f 7369676E 		.ascii	"signed char\000"
 1541      65642063 
 1541      68617200 
 1542              	.LASF47:
 1543 015b 705F6D70 		.ascii	"p_mpool\000"
 1543      6F6F6C00 
 1544              	.LASF112:
 1545 0163 6D5F7175 		.ascii	"m_queue\000"
 1545      65756500 
 1546              	.LASF82:
 1547 016b 76746C69 		.ascii	"vtlist\000"
 1547      737400
 1548              	.LASF104:
 1549 0172 77747472 		.ascii	"wttrp\000"
 1549      7000
 1550              	.LASF80:
 1551 0178 63685F73 		.ascii	"ch_system\000"
 1551      79737465 
 1551      6D00
 1552              	.LASF9:
 1553 0182 6C6F6E67 		.ascii	"long int\000"
 1553      20696E74 
 1553      00
 1554              	.LASF22:
 1555 018b 74737461 		.ascii	"tstate_t\000"
 1555      74655F74 
 1555      00
 1556              	.LASF91:
 1557 0194 73655F74 		.ascii	"se_tp\000"
 1557      7000
 1558              	.LASF34:
 1559 019a 705F6E65 		.ascii	"p_newer\000"
 1559      77657200 
 1560              	.LASF109:
 1561 01a2 735F7175 		.ascii	"s_queue\000"
 1561      65756500 
 1562              	.LASF95:
 1563 01aa 74625F73 		.ascii	"tb_size\000"
 1563      697A6500 
 1564              	.LASF59:
 1565 01b2 725F6E65 		.ascii	"r_newer\000"
 1565      77657200 
 1566              	.LASF86:
 1567 01ba 72656761 		.ascii	"regarm_t\000"
 1567      726D5F74 
 1567      00
 1568              	.LASF66:
 1569 01c3 76745F70 		.ascii	"vt_prev\000"
 1569      72657600 
 1570              	.LASF116:
 1571 01cb 6D757465 		.ascii	"mutex_t\000"
 1571      785F7400 
 1572              	.LASF77:
 1573 01d3 6C6F636B 		.ascii	"lock_cnt\000"
ARM GAS  C:\Users\jo\AppData\Local\Temp\cc7zSBQj.s 			page 31


 1573      5F636E74 
 1573      00
 1574              	.LASF84:
 1575 01dc 69646C65 		.ascii	"idle_thread_wa\000"
 1575      5F746872 
 1575      6561645F 
 1575      776100
 1576              	.LASF27:
 1577 01eb 636E745F 		.ascii	"cnt_t\000"
 1577      7400
 1578              	.LASF37:
 1579 01f1 705F7374 		.ascii	"p_stklimit\000"
 1579      6B6C696D 
 1579      697400
 1580              	.LASF0:
 1581 01fc 756E7369 		.ascii	"unsigned int\000"
 1581      676E6564 
 1581      20696E74 
 1581      00
 1582              	.LASF65:
 1583 0209 76745F6E 		.ascii	"vt_next\000"
 1583      65787400 
 1584              	.LASF105:
 1585 0211 77747365 		.ascii	"wtsemp\000"
 1585      6D7000
 1586              	.LASF42:
 1587 0218 705F6D73 		.ascii	"p_msgqueue\000"
 1587      67717565 
 1587      756500
 1588              	.LASF110:
 1589 0223 735F636E 		.ascii	"s_cnt\000"
 1589      7400
 1590              	.LASF7:
 1591 0229 73686F72 		.ascii	"short unsigned int\000"
 1591      7420756E 
 1591      7369676E 
 1591      65642069 
 1591      6E7400
 1592              	.LASF50:
 1593 023c 63685F74 		.ascii	"ch_thread\000"
 1593      68726561 
 1593      6400
 1594              	.LASF25:
 1595 0246 6D73675F 		.ascii	"msg_t\000"
 1595      7400
 1596              	.LASF79:
 1597 024c 63685F73 		.ascii	"ch_system_t\000"
 1597      79737465 
 1597      6D5F7400 
 1598              	.LASF21:
 1599 0258 746D6F64 		.ascii	"tmode_t\000"
 1599      655F7400 
 1600              	.LASF55:
 1601 0260 63685F72 		.ascii	"ch_ready_list\000"
 1601      65616479 
 1601      5F6C6973 
 1601      7400
ARM GAS  C:\Users\jo\AppData\Local\Temp\cc7zSBQj.s 			page 32


 1602              	.LASF26:
 1603 026e 6576656E 		.ascii	"eventmask_t\000"
 1603      746D6173 
 1603      6B5F7400 
 1604              	.LASF8:
 1605 027a 5F5F696E 		.ascii	"__int32_t\000"
 1605      7433325F 
 1605      7400
 1606              	.LASF121:
 1607 0284 474E5520 		.ascii	"GNU C 4.9.3 20141119 (release) [ARM/embedded-4_9-br"
 1607      4320342E 
 1607      392E3320 
 1607      32303134 
 1607      31313139 
 1608 02b7 616E6368 		.ascii	"anch revision 218278] -mcpu=cortex-m4 -mno-thumb-in"
 1608      20726576 
 1608      6973696F 
 1608      6E203231 
 1608      38323738 
 1609 02ea 74657277 		.ascii	"terwork -mthumb -ggdb -O2 -fomit-frame-pointer -fal"
 1609      6F726B20 
 1609      2D6D7468 
 1609      756D6220 
 1609      2D676764 
 1610 031d 69676E2D 		.ascii	"ign-functions=16 -ffunction-sections -fdata-section"
 1610      66756E63 
 1610      74696F6E 
 1610      733D3136 
 1610      202D6666 
 1611 0350 73202D66 		.ascii	"s -fno-common\000"
 1611      6E6F2D63 
 1611      6F6D6D6F 
 1611      6E00
 1612              	.LASF87:
 1613 035e 73746B61 		.ascii	"stkalign_t\000"
 1613      6C69676E 
 1613      5F7400
 1614              	.LASF41:
 1615 0369 705F7761 		.ascii	"p_waiting\000"
 1615      6974696E 
 1615      6700
 1616              	.LASF119:
 1617 0373 6572725F 		.ascii	"err_t\000"
 1617      7400
 1618              	.LASF85:
 1619 0379 73697A65 		.ascii	"sizetype\000"
 1619      74797065 
 1619      00
 1620              	.LASF48:
 1621 0382 74687265 		.ascii	"thread_reference_t\000"
 1621      61645F72 
 1621      65666572 
 1621      656E6365 
 1621      5F7400
 1622              	.LASF71:
 1623 0395 63685F76 		.ascii	"ch_virtual_timers_list\000"
 1623      69727475 
ARM GAS  C:\Users\jo\AppData\Local\Temp\cc7zSBQj.s 			page 33


 1623      616C5F74 
 1623      696D6572 
 1623      735F6C69 
 1624              	.LASF94:
 1625 03ac 63685F73 		.ascii	"ch_swc_event_t\000"
 1625      77635F65 
 1625      76656E74 
 1625      5F7400
 1626              	.LASF72:
 1627 03bb 76745F6C 		.ascii	"vt_lasttime\000"
 1627      61737474 
 1627      696D6500 
 1628              	.LASF35:
 1629 03c7 705F6F6C 		.ascii	"p_older\000"
 1629      64657200 
 1630              	.LASF58:
 1631 03cf 725F6374 		.ascii	"r_ctx\000"
 1631      7800
 1632              	.LASF100:
 1633 03d5 746D5F63 		.ascii	"tm_calibration_t\000"
 1633      616C6962 
 1633      72617469 
 1633      6F6E5F74 
 1633      00
 1634              	.LASF61:
 1635 03e6 725F6375 		.ascii	"r_current\000"
 1635      7272656E 
 1635      7400
 1636              	.LASF60:
 1637 03f0 725F6F6C 		.ascii	"r_older\000"
 1637      64657200 
 1638              	.LASF13:
 1639 03f8 5F5F7569 		.ascii	"__uint64_t\000"
 1639      6E743634 
 1639      5F7400
 1640              	.LASF23:
 1641 0403 74726566 		.ascii	"trefs_t\000"
 1641      735F7400 
 1642              	.LASF97:
 1643 040b 74625F62 		.ascii	"tb_buffer\000"
 1643      75666665 
 1643      7200
 1644              	.LASF63:
 1645 0415 76697274 		.ascii	"virtual_timer_t\000"
 1645      75616C5F 
 1645      74696D65 
 1645      725F7400 
 1646              	.LASF31:
 1647 0425 705F7072 		.ascii	"p_prev\000"
 1647      657600
 1648              	.LASF24:
 1649 042c 74707269 		.ascii	"tprio_t\000"
 1649      6F5F7400 
 1650              	.LASF74:
 1651 0434 63685F73 		.ascii	"ch_system_debug\000"
 1651      79737465 
 1651      6D5F6465 
ARM GAS  C:\Users\jo\AppData\Local\Temp\cc7zSBQj.s 			page 34


 1651      62756700 
 1652              	.LASF117:
 1653 0444 5F426F6F 		.ascii	"_Bool\000"
 1653      6C00
 1654              	.LASF17:
 1655 044a 696E7433 		.ascii	"int32_t\000"
 1655      325F7400 
 1656              	.LASF5:
 1657 0452 756E7369 		.ascii	"unsigned char\000"
 1657      676E6564 
 1657      20636861 
 1657      7200
 1658              	.LASF122:
 1659 0460 2E2E2F2E 		.ascii	"../../../ext/lwip/src/api/err.c\000"
 1659      2E2F2E2E 
 1659      2F657874 
 1659      2F6C7769 
 1659      702F7372 
 1660              	.LASF45:
 1661 0480 705F6D74 		.ascii	"p_mtxlist\000"
 1661      786C6973 
 1661      7400
 1662              	.LASF6:
 1663 048a 73686F72 		.ascii	"short int\000"
 1663      7420696E 
 1663      7400
 1664              	.LASF38:
 1665 0494 705F7374 		.ascii	"p_state\000"
 1665      61746500 
 1666              	.LASF57:
 1667 049c 725F7072 		.ascii	"r_prio\000"
 1667      696F00
 1668              	.LASF107:
 1669 04a3 65776D61 		.ascii	"ewmask\000"
 1669      736B00
 1670              	.LASF30:
 1671 04aa 705F6E65 		.ascii	"p_next\000"
 1671      787400
 1672              	.LASF39:
 1673 04b1 705F666C 		.ascii	"p_flags\000"
 1673      61677300 
 1674              	.LASF64:
 1675 04b9 63685F76 		.ascii	"ch_virtual_timer\000"
 1675      69727475 
 1675      616C5F74 
 1675      696D6572 
 1675      00
 1676              	.LASF108:
 1677 04ca 63685F73 		.ascii	"ch_semaphore\000"
 1677      656D6170 
 1677      686F7265 
 1677      00
 1678              	.LASF44:
 1679 04d7 705F6570 		.ascii	"p_epending\000"
 1679      656E6469 
 1679      6E6700
 1680              	.LASF18:
ARM GAS  C:\Users\jo\AppData\Local\Temp\cc7zSBQj.s 			page 35


 1681 04e2 75696E74 		.ascii	"uint32_t\000"
 1681      33325F74 
 1681      00
 1682              	.LASF106:
 1683 04eb 77746D74 		.ascii	"wtmtxp\000"
 1683      787000
 1684              	.LASF56:
 1685 04f2 725F7175 		.ascii	"r_queue\000"
 1685      65756500 
 1686              	.LASF67:
 1687 04fa 76745F64 		.ascii	"vt_delta\000"
 1687      656C7461 
 1687      00
 1688              	.LASF51:
 1689 0503 63685F74 		.ascii	"ch_threads_list\000"
 1689      68726561 
 1689      64735F6C 
 1689      69737400 
 1690              	.LASF11:
 1691 0513 6C6F6E67 		.ascii	"long unsigned int\000"
 1691      20756E73 
 1691      69676E65 
 1691      6420696E 
 1691      7400
 1692              	.LASF115:
 1693 0525 63686172 		.ascii	"char\000"
 1693      00
 1694              	.LASF29:
 1695 052a 74687265 		.ascii	"thread_t\000"
 1695      61645F74 
 1695      00
 1696              	.LASF114:
 1697 0533 6D5F6E65 		.ascii	"m_next\000"
 1697      787400
 1698              	.LASF28:
 1699 053a 73797374 		.ascii	"systime_t\000"
 1699      696D655F 
 1699      7400
 1700              	.LASF46:
 1701 0544 705F7265 		.ascii	"p_realprio\000"
 1701      616C7072 
 1701      696F00
 1702              	.LASF62:
 1703 054f 76746675 		.ascii	"vtfunc_t\000"
 1703      6E635F74 
 1703      00
 1704              	.LASF10:
 1705 0558 5F5F7569 		.ascii	"__uint32_t\000"
 1705      6E743332 
 1705      5F7400
 1706              	.LASF75:
 1707 0563 70616E69 		.ascii	"panic_msg\000"
 1707      635F6D73 
 1707      6700
 1708              	.LASF99:
 1709 056d 6F666673 		.ascii	"offset\000"
 1709      657400
ARM GAS  C:\Users\jo\AppData\Local\Temp\cc7zSBQj.s 			page 36


 1710              	.LASF88:
 1711 0574 636F6E74 		.ascii	"context\000"
 1711      65787400 
 1712              	.LASF20:
 1713 057c 7274636E 		.ascii	"rtcnt_t\000"
 1713      745F7400 
 1714              	.LASF15:
 1715 0584 696E7438 		.ascii	"int8_t\000"
 1715      5F7400
 1716              	.LASF69:
 1717 058b 76745F70 		.ascii	"vt_par\000"
 1717      617200
 1718              	.LASF125:
 1719 0592 6572725F 		.ascii	"err_strerr\000"
 1719      73747265 
 1719      727200
 1720              	.LASF52:
 1721 059d 74687265 		.ascii	"threads_queue_t\000"
 1721      6164735F 
 1721      71756575 
 1721      655F7400 
 1722              	.LASF111:
 1723 05ad 63685F6D 		.ascii	"ch_mutex\000"
 1723      75746578 
 1723      00
 1724              	.LASF40:
 1725 05b6 705F7265 		.ascii	"p_refs\000"
 1725      667300
 1726              	.LASF76:
 1727 05bd 6973725F 		.ascii	"isr_cnt\000"
 1727      636E7400 
 1728              	.LASF81:
 1729 05c5 726C6973 		.ascii	"rlist\000"
 1729      7400
 1730              	.LASF16:
 1731 05cb 75696E74 		.ascii	"uint8_t\000"
 1731      385F7400 
 1732              	.LASF103:
 1733 05d3 77746F62 		.ascii	"wtobjp\000"
 1733      6A7000
 1734              	.LASF36:
 1735 05da 705F6E61 		.ascii	"p_name\000"
 1735      6D6500
 1736              	.LASF49:
 1737 05e1 74687265 		.ascii	"threads_list_t\000"
 1737      6164735F 
 1737      6C697374 
 1737      5F7400
 1738              	.LASF78:
 1739 05f0 74726163 		.ascii	"trace_buffer\000"
 1739      655F6275 
 1739      66666572 
 1739      00
 1740              	.LASF43:
 1741 05fd 705F6D73 		.ascii	"p_msg\000"
 1741      6700
 1742              	.LASF113:
ARM GAS  C:\Users\jo\AppData\Local\Temp\cc7zSBQj.s 			page 37


 1743 0603 6D5F6F77 		.ascii	"m_owner\000"
 1743      6E657200 
 1744              	.LASF92:
 1745 060b 73655F77 		.ascii	"se_wtobjp\000"
 1745      746F626A 
 1745      7000
 1746              	.LASF33:
 1747 0615 705F6374 		.ascii	"p_ctx\000"
 1747      7800
 1748              	.LASF68:
 1749 061b 76745F66 		.ascii	"vt_func\000"
 1749      756E6300 
 1750              		.ident	"GCC: (GNU Tools for ARM Embedded Processors) 4.9.3 20141119 (release) [ARM/embedded-4_9-br
ARM GAS  C:\Users\jo\AppData\Local\Temp\cc7zSBQj.s 			page 38


DEFINED SYMBOLS
                            *ABS*:00000000 err.c
C:\Users\jo\AppData\Local\Temp\cc7zSBQj.s:19     .text.lwip_strerr:00000000 $t
C:\Users\jo\AppData\Local\Temp\cc7zSBQj.s:25     .text.lwip_strerr:00000000 lwip_strerr
C:\Users\jo\AppData\Local\Temp\cc7zSBQj.s:44     .text.lwip_strerr:0000000c $d
C:\Users\jo\AppData\Local\Temp\cc7zSBQj.s:49     .rodata.str1.4:00000000 $d
C:\Users\jo\AppData\Local\Temp\cc7zSBQj.s:95     .rodata.err_strerr:00000000 $d
C:\Users\jo\AppData\Local\Temp\cc7zSBQj.s:99     .rodata.err_strerr:00000000 err_strerr
                     .debug_frame:00000010 $d

NO UNDEFINED SYMBOLS
