ARM GAS  C:\Users\jo\AppData\Local\Temp\cc3vYXse.s 			page 1


   1              		.syntax unified
   2              		.cpu cortex-m4
   3              		.fpu softvfp
   4              		.eabi_attribute 20, 1
   5              		.eabi_attribute 21, 1
   6              		.eabi_attribute 23, 3
   7              		.eabi_attribute 24, 1
   8              		.eabi_attribute 25, 1
   9              		.eabi_attribute 26, 1
  10              		.eabi_attribute 30, 2
  11              		.eabi_attribute 34, 1
  12              		.eabi_attribute 18, 4
  13              		.thumb
  14              		.file	"hal.c"
  15              		.text
  16              	.Ltext0:
  17              		.cfi_sections	.debug_frame
  18              		.section	.text.halInit,"ax",%progbits
  19              		.align	2
  20              		.p2align 4,,15
  21              		.global	halInit
  22              		.thumb
  23              		.thumb_func
  24              		.type	halInit, %function
  25              	halInit:
  26              	.LFB259:
  27              		.file 1 "../../../os/hal/src/hal.c"
  28              		.loc 1 56 0
  29              		.cfi_startproc
  30              		@ args = 0, pretend = 0, frame = 0
  31              		@ frame_needed = 0, uses_anonymous_args = 0
  32 0000 08B5     		push	{r3, lr}
  33              		.cfi_def_cfa_offset 8
  34              		.cfi_offset 3, -8
  35              		.cfi_offset 14, -4
  36              		.loc 1 62 0
  37 0002 FFF7FEFF 		bl	hal_lld_init
  38              	.LVL0:
  39              		.loc 1 65 0
  40 0006 0848     		ldr	r0, .L3
  41 0008 FFF7FEFF 		bl	_pal_lld_init
  42              	.LVL1:
  43              		.loc 1 92 0
  44 000c FFF7FEFF 		bl	macInit
  45              	.LVL2:
  46              		.loc 1 98 0
  47 0010 FFF7FEFF 		bl	sdInit
  48              	.LVL3:
  49              		.loc 1 107 0
  50 0014 FFF7FEFF 		bl	uartInit
  51              	.LVL4:
  52              		.loc 1 119 0
  53 0018 FFF7FEFF 		bl	rtcInit
  54              	.LVL5:
  55              		.loc 1 130 0
  56 001c FFF7FEFF 		bl	boardInit
  57              	.LVL6:
ARM GAS  C:\Users\jo\AppData\Local\Temp\cc3vYXse.s 			page 2


  58              		.loc 1 139 0
  59 0020 BDE80840 		pop	{r3, lr}
  60              		.cfi_restore 14
  61              		.cfi_restore 3
  62              		.cfi_def_cfa_offset 0
  63              		.loc 1 137 0
  64 0024 FFF7FEBF 		b	stInit
  65              	.LVL7:
  66              	.L4:
  67              		.align	2
  68              	.L3:
  69 0028 00000000 		.word	pal_default_config
  70              		.cfi_endproc
  71              	.LFE259:
  72              		.size	halInit, .-halInit
  73 002c AFF30080 		.text
  74              	.Letext0:
  75              		.file 2 "c:\\program files\\gnu tools arm embedded\\4.9 2014q4\\arm-none-eabi\\include\\machine\\_
  76              		.file 3 "c:\\program files\\gnu tools arm embedded\\4.9 2014q4\\arm-none-eabi\\include\\stdint.h"
  77              		.file 4 "../../../os/rt/ports/ARMCMx/compilers/GCC/chtypes.h"
  78              		.file 5 "../../../os/rt/include/chsystypes.h"
  79              		.file 6 "../../../os/rt/include/chschd.h"
  80              		.file 7 "../../../os/rt/ports/ARMCMx/chcore.h"
  81              		.file 8 "../../../os/rt/ports/ARMCMx/chcore_v7m.h"
  82              		.file 9 "../../../os/rt/include/chdebug.h"
  83              		.file 10 "../../../os/rt/include/chtm.h"
  84              		.file 11 "../../../os/rt/include/chsem.h"
  85              		.file 12 "../../../os/rt/include/chmtx.h"
  86              		.file 13 "../../../os/hal/ports/STM32/LLD/GPIOv2/pal_lld.h"
  87              		.file 14 "../../../os/ext/CMSIS/include/core_cm4.h"
  88              		.file 15 "../../../os/hal/ports/STM32/STM32F4xx/hal_lld.h"
  89              		.file 16 "../../../os/hal/include/mac.h"
  90              		.file 17 "../../../os/hal/include/serial.h"
  91              		.file 18 "../../../os/hal/include/uart.h"
  92              		.file 19 "../../../os/hal/include/rtc.h"
  93              		.file 20 "../../../os/hal/boards/ST_STM32F4_DISCOVERY/board.h"
  94              		.file 21 "../../../os/hal/include/st.h"
  95              		.file 22 "../../../os/hal/osal/rt/osal.h"
  96              		.section	.debug_info,"",%progbits
  97              	.Ldebug_info0:
  98 0000 B2080000 		.4byte	0x8b2
  99 0004 0400     		.2byte	0x4
 100 0006 00000000 		.4byte	.Ldebug_abbrev0
 101 000a 04       		.byte	0x4
 102 000b 01       		.uleb128 0x1
 103 000c F2020000 		.4byte	.LASF141
 104 0010 01       		.byte	0x1
 105 0011 AF010000 		.4byte	.LASF142
 106 0015 F7000000 		.4byte	.LASF143
 107 0019 00000000 		.4byte	.Ldebug_ranges0+0
 108 001d 00000000 		.4byte	0
 109 0021 00000000 		.4byte	.Ldebug_line0
 110 0025 02       		.uleb128 0x2
 111 0026 04       		.byte	0x4
 112 0027 05       		.byte	0x5
 113 0028 696E7400 		.ascii	"int\000"
 114 002c 03       		.uleb128 0x3
ARM GAS  C:\Users\jo\AppData\Local\Temp\cc3vYXse.s 			page 3


 115 002d 04       		.byte	0x4
 116 002e 07       		.byte	0x7
 117 002f 41020000 		.4byte	.LASF0
 118 0033 03       		.uleb128 0x3
 119 0034 01       		.byte	0x1
 120 0035 06       		.byte	0x6
 121 0036 53010000 		.4byte	.LASF1
 122 003a 04       		.uleb128 0x4
 123 003b 44000000 		.4byte	.LASF5
 124 003f 02       		.byte	0x2
 125 0040 1D       		.byte	0x1d
 126 0041 45000000 		.4byte	0x45
 127 0045 03       		.uleb128 0x3
 128 0046 01       		.byte	0x1
 129 0047 08       		.byte	0x8
 130 0048 CF040000 		.4byte	.LASF2
 131 004c 03       		.uleb128 0x3
 132 004d 02       		.byte	0x2
 133 004e 05       		.byte	0x5
 134 004f F2040000 		.4byte	.LASF3
 135 0053 03       		.uleb128 0x3
 136 0054 02       		.byte	0x2
 137 0055 07       		.byte	0x7
 138 0056 89020000 		.4byte	.LASF4
 139 005a 04       		.uleb128 0x4
 140 005b E1020000 		.4byte	.LASF6
 141 005f 02       		.byte	0x2
 142 0060 3F       		.byte	0x3f
 143 0061 65000000 		.4byte	0x65
 144 0065 03       		.uleb128 0x3
 145 0066 04       		.byte	0x4
 146 0067 05       		.byte	0x5
 147 0068 90010000 		.4byte	.LASF7
 148 006c 04       		.uleb128 0x4
 149 006d D8050000 		.4byte	.LASF8
 150 0071 02       		.byte	0x2
 151 0072 41       		.byte	0x41
 152 0073 77000000 		.4byte	0x77
 153 0077 03       		.uleb128 0x3
 154 0078 04       		.byte	0x4
 155 0079 07       		.byte	0x7
 156 007a 93050000 		.4byte	.LASF9
 157 007e 03       		.uleb128 0x3
 158 007f 08       		.byte	0x8
 159 0080 05       		.byte	0x5
 160 0081 45010000 		.4byte	.LASF10
 161 0085 04       		.uleb128 0x4
 162 0086 6C040000 		.4byte	.LASF11
 163 008a 02       		.byte	0x2
 164 008b 5B       		.byte	0x5b
 165 008c 90000000 		.4byte	0x90
 166 0090 03       		.uleb128 0x3
 167 0091 08       		.byte	0x8
 168 0092 07       		.byte	0x7
 169 0093 70000000 		.4byte	.LASF12
 170 0097 04       		.uleb128 0x4
 171 0098 54060000 		.4byte	.LASF13
ARM GAS  C:\Users\jo\AppData\Local\Temp\cc3vYXse.s 			page 4


 172 009c 03       		.byte	0x3
 173 009d 15       		.byte	0x15
 174 009e 3A000000 		.4byte	0x3a
 175 00a2 04       		.uleb128 0x4
 176 00a3 C7040000 		.4byte	.LASF14
 177 00a7 03       		.byte	0x3
 178 00a8 2C       		.byte	0x2c
 179 00a9 5A000000 		.4byte	0x5a
 180 00ad 04       		.uleb128 0x4
 181 00ae 62050000 		.4byte	.LASF15
 182 00b2 03       		.byte	0x3
 183 00b3 2D       		.byte	0x2d
 184 00b4 6C000000 		.4byte	0x6c
 185 00b8 04       		.uleb128 0x4
 186 00b9 3B000000 		.4byte	.LASF16
 187 00bd 03       		.byte	0x3
 188 00be 39       		.byte	0x39
 189 00bf 85000000 		.4byte	0x85
 190 00c3 05       		.uleb128 0x5
 191 00c4 A2000000 		.4byte	0xa2
 192 00c8 04       		.uleb128 0x4
 193 00c9 09060000 		.4byte	.LASF17
 194 00cd 04       		.byte	0x4
 195 00ce 45       		.byte	0x45
 196 00cf AD000000 		.4byte	0xad
 197 00d3 04       		.uleb128 0x4
 198 00d4 BF020000 		.4byte	.LASF18
 199 00d8 04       		.byte	0x4
 200 00d9 48       		.byte	0x48
 201 00da 97000000 		.4byte	0x97
 202 00de 04       		.uleb128 0x4
 203 00df A0010000 		.4byte	.LASF19
 204 00e3 04       		.byte	0x4
 205 00e4 49       		.byte	0x49
 206 00e5 97000000 		.4byte	0x97
 207 00e9 04       		.uleb128 0x4
 208 00ea 77040000 		.4byte	.LASF20
 209 00ee 04       		.byte	0x4
 210 00ef 4A       		.byte	0x4a
 211 00f0 97000000 		.4byte	0x97
 212 00f4 04       		.uleb128 0x4
 213 00f5 A9040000 		.4byte	.LASF21
 214 00f9 04       		.byte	0x4
 215 00fa 4C       		.byte	0x4c
 216 00fb AD000000 		.4byte	0xad
 217 00ff 04       		.uleb128 0x4
 218 0100 AD020000 		.4byte	.LASF22
 219 0104 04       		.byte	0x4
 220 0105 4D       		.byte	0x4d
 221 0106 A2000000 		.4byte	0xa2
 222 010a 04       		.uleb128 0x4
 223 010b D5020000 		.4byte	.LASF23
 224 010f 04       		.byte	0x4
 225 0110 4F       		.byte	0x4f
 226 0111 AD000000 		.4byte	0xad
 227 0115 04       		.uleb128 0x4
 228 0116 30020000 		.4byte	.LASF24
ARM GAS  C:\Users\jo\AppData\Local\Temp\cc3vYXse.s 			page 5


 229 011a 04       		.byte	0x4
 230 011b 51       		.byte	0x51
 231 011c A2000000 		.4byte	0xa2
 232 0120 04       		.uleb128 0x4
 233 0121 BA050000 		.4byte	.LASF25
 234 0125 05       		.byte	0x5
 235 0126 33       		.byte	0x33
 236 0127 AD000000 		.4byte	0xad
 237 012b 04       		.uleb128 0x4
 238 012c AA050000 		.4byte	.LASF26
 239 0130 05       		.byte	0x5
 240 0131 3F       		.byte	0x3f
 241 0132 36010000 		.4byte	0x136
 242 0136 06       		.uleb128 0x6
 243 0137 A3020000 		.4byte	.LASF47
 244 013b 48       		.byte	0x48
 245 013c 06       		.byte	0x6
 246 013d C2       		.byte	0xc2
 247 013e 2F020000 		.4byte	0x22f
 248 0142 07       		.uleb128 0x7
 249 0143 23050000 		.4byte	.LASF27
 250 0147 06       		.byte	0x6
 251 0148 C3       		.byte	0xc3
 252 0149 3A020000 		.4byte	0x23a
 253 014d 00       		.byte	0
 254 014e 07       		.uleb128 0x7
 255 014f 99040000 		.4byte	.LASF28
 256 0153 06       		.byte	0x6
 257 0154 C5       		.byte	0xc5
 258 0155 3A020000 		.4byte	0x23a
 259 0159 04       		.byte	0x4
 260 015a 07       		.uleb128 0x7
 261 015b F0000000 		.4byte	.LASF29
 262 015f 06       		.byte	0x6
 263 0160 C7       		.byte	0xc7
 264 0161 F4000000 		.4byte	0xf4
 265 0165 08       		.byte	0x8
 266 0166 07       		.uleb128 0x7
 267 0167 C7060000 		.4byte	.LASF30
 268 016b 06       		.byte	0x6
 269 016c C8       		.byte	0xc8
 270 016d 95040000 		.4byte	0x495
 271 0171 0C       		.byte	0xc
 272 0172 07       		.uleb128 0x7
 273 0173 C9010000 		.4byte	.LASF31
 274 0177 06       		.byte	0x6
 275 0178 CA       		.byte	0xca
 276 0179 3A020000 		.4byte	0x23a
 277 017d 10       		.byte	0x10
 278 017e 07       		.uleb128 0x7
 279 017f 2F040000 		.4byte	.LASF32
 280 0183 06       		.byte	0x6
 281 0184 CB       		.byte	0xcb
 282 0185 3A020000 		.4byte	0x23a
 283 0189 14       		.byte	0x14
 284 018a 07       		.uleb128 0x7
 285 018b 63060000 		.4byte	.LASF33
ARM GAS  C:\Users\jo\AppData\Local\Temp\cc3vYXse.s 			page 6


 286 018f 06       		.byte	0x6
 287 0190 D2       		.byte	0xd2
 288 0191 A7060000 		.4byte	0x6a7
 289 0195 18       		.byte	0x18
 290 0196 07       		.uleb128 0x7
 291 0197 36020000 		.4byte	.LASF34
 292 019b 06       		.byte	0x6
 293 019c D8       		.byte	0xd8
 294 019d B9060000 		.4byte	0x6b9
 295 01a1 1C       		.byte	0x1c
 296 01a2 07       		.uleb128 0x7
 297 01a3 FC040000 		.4byte	.LASF35
 298 01a7 06       		.byte	0x6
 299 01a8 DD       		.byte	0xdd
 300 01a9 DE000000 		.4byte	0xde
 301 01ad 20       		.byte	0x20
 302 01ae 07       		.uleb128 0x7
 303 01af 2A050000 		.4byte	.LASF36
 304 01b3 06       		.byte	0x6
 305 01b4 E1       		.byte	0xe1
 306 01b5 D3000000 		.4byte	0xd3
 307 01b9 21       		.byte	0x21
 308 01ba 07       		.uleb128 0x7
 309 01bb 31060000 		.4byte	.LASF37
 310 01bf 06       		.byte	0x6
 311 01c0 E6       		.byte	0xe6
 312 01c1 E9000000 		.4byte	0xe9
 313 01c5 22       		.byte	0x22
 314 01c6 08       		.uleb128 0x8
 315 01c7 705F7500 		.ascii	"p_u\000"
 316 01cb 06       		.byte	0x6
 317 01cc 3101     		.2byte	0x131
 318 01ce E2050000 		.4byte	0x5e2
 319 01d2 24       		.byte	0x24
 320 01d3 09       		.uleb128 0x9
 321 01d4 D7030000 		.4byte	.LASF38
 322 01d8 06       		.byte	0x6
 323 01d9 3601     		.2byte	0x136
 324 01db 40020000 		.4byte	0x240
 325 01df 28       		.byte	0x28
 326 01e0 09       		.uleb128 0x9
 327 01e1 5D020000 		.4byte	.LASF39
 328 01e5 06       		.byte	0x6
 329 01e6 3C01     		.2byte	0x13c
 330 01e8 64020000 		.4byte	0x264
 331 01ec 2C       		.byte	0x2c
 332 01ed 09       		.uleb128 0x9
 333 01ee 8D060000 		.4byte	.LASF40
 334 01f2 06       		.byte	0x6
 335 01f3 4001     		.2byte	0x140
 336 01f5 FF000000 		.4byte	0xff
 337 01f9 34       		.byte	0x34
 338 01fa 09       		.uleb128 0x9
 339 01fb 57050000 		.4byte	.LASF41
 340 01ff 06       		.byte	0x6
 341 0200 4601     		.2byte	0x146
 342 0202 0A010000 		.4byte	0x10a
ARM GAS  C:\Users\jo\AppData\Local\Temp\cc3vYXse.s 			page 7


 343 0206 38       		.byte	0x38
 344 0207 09       		.uleb128 0x9
 345 0208 E8040000 		.4byte	.LASF42
 346 020c 06       		.byte	0x6
 347 020d 4D01     		.2byte	0x14d
 348 020f A1060000 		.4byte	0x6a1
 349 0213 3C       		.byte	0x3c
 350 0214 09       		.uleb128 0x9
 351 0215 C4050000 		.4byte	.LASF43
 352 0219 06       		.byte	0x6
 353 021a 5101     		.2byte	0x151
 354 021c F4000000 		.4byte	0xf4
 355 0220 40       		.byte	0x40
 356 0221 09       		.uleb128 0x9
 357 0222 70010000 		.4byte	.LASF44
 358 0226 06       		.byte	0x6
 359 0227 5801     		.2byte	0x158
 360 0229 17030000 		.4byte	0x317
 361 022d 44       		.byte	0x44
 362 022e 00       		.byte	0
 363 022f 04       		.uleb128 0x4
 364 0230 EA030000 		.4byte	.LASF45
 365 0234 05       		.byte	0x5
 366 0235 44       		.byte	0x44
 367 0236 3A020000 		.4byte	0x23a
 368 023a 0A       		.uleb128 0xa
 369 023b 04       		.byte	0x4
 370 023c 2B010000 		.4byte	0x12b
 371 0240 04       		.uleb128 0x4
 372 0241 71060000 		.4byte	.LASF46
 373 0245 05       		.byte	0x5
 374 0246 49       		.byte	0x49
 375 0247 4B020000 		.4byte	0x24b
 376 024b 06       		.uleb128 0x6
 377 024c 83050000 		.4byte	.LASF48
 378 0250 04       		.byte	0x4
 379 0251 06       		.byte	0x6
 380 0252 B0       		.byte	0xb0
 381 0253 64020000 		.4byte	0x264
 382 0257 07       		.uleb128 0x7
 383 0258 23050000 		.4byte	.LASF27
 384 025c 06       		.byte	0x6
 385 025d B1       		.byte	0xb1
 386 025e 3A020000 		.4byte	0x23a
 387 0262 00       		.byte	0
 388 0263 00       		.byte	0
 389 0264 04       		.uleb128 0x4
 390 0265 18060000 		.4byte	.LASF49
 391 0269 05       		.byte	0x5
 392 026a 50       		.byte	0x50
 393 026b 6F020000 		.4byte	0x26f
 394 026f 06       		.uleb128 0x6
 395 0270 DF000000 		.4byte	.LASF50
 396 0274 08       		.byte	0x8
 397 0275 06       		.byte	0x6
 398 0276 B7       		.byte	0xb7
 399 0277 94020000 		.4byte	0x294
ARM GAS  C:\Users\jo\AppData\Local\Temp\cc3vYXse.s 			page 8


 400 027b 07       		.uleb128 0x7
 401 027c 23050000 		.4byte	.LASF27
 402 0280 06       		.byte	0x6
 403 0281 B8       		.byte	0xb8
 404 0282 3A020000 		.4byte	0x23a
 405 0286 00       		.byte	0
 406 0287 07       		.uleb128 0x7
 407 0288 99040000 		.4byte	.LASF28
 408 028c 06       		.byte	0x6
 409 028d B9       		.byte	0xb9
 410 028e 3A020000 		.4byte	0x23a
 411 0292 04       		.byte	0x4
 412 0293 00       		.byte	0
 413 0294 04       		.uleb128 0x4
 414 0295 1A000000 		.4byte	.LASF51
 415 0299 05       		.byte	0x5
 416 029a 57       		.byte	0x57
 417 029b 9F020000 		.4byte	0x29f
 418 029f 0B       		.uleb128 0xb
 419 02a0 C7020000 		.4byte	.LASF52
 420 02a4 1C       		.byte	0x1c
 421 02a5 06       		.byte	0x6
 422 02a6 9001     		.2byte	0x190
 423 02a8 FB020000 		.4byte	0x2fb
 424 02ac 09       		.uleb128 0x9
 425 02ad 72050000 		.4byte	.LASF53
 426 02b1 06       		.byte	0x6
 427 02b2 9101     		.2byte	0x191
 428 02b4 64020000 		.4byte	0x264
 429 02b8 00       		.byte	0
 430 02b9 09       		.uleb128 0x9
 431 02ba 0E050000 		.4byte	.LASF54
 432 02be 06       		.byte	0x6
 433 02bf 9201     		.2byte	0x192
 434 02c1 F4000000 		.4byte	0xf4
 435 02c5 08       		.byte	0x8
 436 02c6 09       		.uleb128 0x9
 437 02c7 37040000 		.4byte	.LASF55
 438 02cb 06       		.byte	0x6
 439 02cc 9401     		.2byte	0x194
 440 02ce 95040000 		.4byte	0x495
 441 02d2 0C       		.byte	0xc
 442 02d3 09       		.uleb128 0x9
 443 02d4 E9010000 		.4byte	.LASF56
 444 02d8 06       		.byte	0x6
 445 02d9 9701     		.2byte	0x197
 446 02db 3A020000 		.4byte	0x23a
 447 02df 10       		.byte	0x10
 448 02e0 09       		.uleb128 0x9
 449 02e1 64040000 		.4byte	.LASF57
 450 02e5 06       		.byte	0x6
 451 02e6 9801     		.2byte	0x198
 452 02e8 3A020000 		.4byte	0x23a
 453 02ec 14       		.byte	0x14
 454 02ed 09       		.uleb128 0x9
 455 02ee 5A040000 		.4byte	.LASF58
 456 02f2 06       		.byte	0x6
ARM GAS  C:\Users\jo\AppData\Local\Temp\cc3vYXse.s 			page 9


 457 02f3 9B01     		.2byte	0x19b
 458 02f5 3A020000 		.4byte	0x23a
 459 02f9 18       		.byte	0x18
 460 02fa 00       		.byte	0
 461 02fb 04       		.uleb128 0x4
 462 02fc CF050000 		.4byte	.LASF59
 463 0300 05       		.byte	0x5
 464 0301 5C       		.byte	0x5c
 465 0302 06030000 		.4byte	0x306
 466 0306 0A       		.uleb128 0xa
 467 0307 04       		.byte	0x4
 468 0308 0C030000 		.4byte	0x30c
 469 030c 0C       		.uleb128 0xc
 470 030d 17030000 		.4byte	0x317
 471 0311 0D       		.uleb128 0xd
 472 0312 17030000 		.4byte	0x317
 473 0316 00       		.byte	0
 474 0317 0E       		.uleb128 0xe
 475 0318 04       		.byte	0x4
 476 0319 04       		.uleb128 0x4
 477 031a 89040000 		.4byte	.LASF60
 478 031e 05       		.byte	0x5
 479 031f 61       		.byte	0x61
 480 0320 24030000 		.4byte	0x324
 481 0324 0B       		.uleb128 0xb
 482 0325 39050000 		.4byte	.LASF61
 483 0329 14       		.byte	0x14
 484 032a 06       		.byte	0x6
 485 032b 6B01     		.2byte	0x16b
 486 032d 73030000 		.4byte	0x373
 487 0331 09       		.uleb128 0x9
 488 0332 4E020000 		.4byte	.LASF62
 489 0336 06       		.byte	0x6
 490 0337 6C01     		.2byte	0x16c
 491 0339 BF060000 		.4byte	0x6bf
 492 033d 00       		.byte	0
 493 033e 09       		.uleb128 0x9
 494 033f FA010000 		.4byte	.LASF63
 495 0343 06       		.byte	0x6
 496 0344 6D01     		.2byte	0x16d
 497 0346 BF060000 		.4byte	0x6bf
 498 034a 04       		.byte	0x4
 499 034b 09       		.uleb128 0x9
 500 034c 7A050000 		.4byte	.LASF64
 501 0350 06       		.byte	0x6
 502 0351 6E01     		.2byte	0x16e
 503 0353 20010000 		.4byte	0x120
 504 0357 08       		.byte	0x8
 505 0358 09       		.uleb128 0x9
 506 0359 CD060000 		.4byte	.LASF65
 507 035d 06       		.byte	0x6
 508 035e 6F01     		.2byte	0x16f
 509 0360 FB020000 		.4byte	0x2fb
 510 0364 0C       		.byte	0xc
 511 0365 09       		.uleb128 0x9
 512 0366 11060000 		.4byte	.LASF66
 513 036a 06       		.byte	0x6
ARM GAS  C:\Users\jo\AppData\Local\Temp\cc3vYXse.s 			page 10


 514 036b 7101     		.2byte	0x171
 515 036d 17030000 		.4byte	0x317
 516 0371 10       		.byte	0x10
 517 0372 00       		.byte	0
 518 0373 04       		.uleb128 0x4
 519 0374 BC000000 		.4byte	.LASF67
 520 0378 05       		.byte	0x5
 521 0379 66       		.byte	0x66
 522 037a 7E030000 		.4byte	0x37e
 523 037e 0B       		.uleb128 0xb
 524 037f FD030000 		.4byte	.LASF68
 525 0383 10       		.byte	0x10
 526 0384 06       		.byte	0x6
 527 0385 7B01     		.2byte	0x17b
 528 0387 C0030000 		.4byte	0x3c0
 529 038b 09       		.uleb128 0x9
 530 038c 4E020000 		.4byte	.LASF62
 531 0390 06       		.byte	0x6
 532 0391 7C01     		.2byte	0x17c
 533 0393 BF060000 		.4byte	0x6bf
 534 0397 00       		.byte	0
 535 0398 09       		.uleb128 0x9
 536 0399 FA010000 		.4byte	.LASF63
 537 039d 06       		.byte	0x6
 538 039e 7E01     		.2byte	0x17e
 539 03a0 BF060000 		.4byte	0x6bf
 540 03a4 04       		.byte	0x4
 541 03a5 09       		.uleb128 0x9
 542 03a6 7A050000 		.4byte	.LASF64
 543 03aa 06       		.byte	0x6
 544 03ab 8001     		.2byte	0x180
 545 03ad 20010000 		.4byte	0x120
 546 03b1 08       		.byte	0x8
 547 03b2 09       		.uleb128 0x9
 548 03b3 23040000 		.4byte	.LASF69
 549 03b7 06       		.byte	0x6
 550 03b8 8801     		.2byte	0x188
 551 03ba 20010000 		.4byte	0x120
 552 03be 0C       		.byte	0xc
 553 03bf 00       		.byte	0
 554 03c0 04       		.uleb128 0x4
 555 03c1 5A000000 		.4byte	.LASF70
 556 03c5 05       		.byte	0x5
 557 03c6 6B       		.byte	0x6b
 558 03c7 CB030000 		.4byte	0x3cb
 559 03cb 0F       		.uleb128 0xf
 560 03cc B1040000 		.4byte	.LASF71
 561 03d0 1404     		.2byte	0x414
 562 03d2 06       		.byte	0x6
 563 03d3 A201     		.2byte	0x1a2
 564 03d5 0E040000 		.4byte	0x40e
 565 03d9 09       		.uleb128 0x9
 566 03da E3050000 		.4byte	.LASF72
 567 03de 06       		.byte	0x6
 568 03df AA01     		.2byte	0x1aa
 569 03e1 C5060000 		.4byte	0x6c5
 570 03e5 00       		.byte	0
ARM GAS  C:\Users\jo\AppData\Local\Temp\cc3vYXse.s 			page 11


 571 03e6 09       		.uleb128 0x9
 572 03e7 38060000 		.4byte	.LASF73
 573 03eb 06       		.byte	0x6
 574 03ec AF01     		.2byte	0x1af
 575 03ee 15010000 		.4byte	0x115
 576 03f2 04       		.byte	0x4
 577 03f3 09       		.uleb128 0x9
 578 03f4 18020000 		.4byte	.LASF74
 579 03f8 06       		.byte	0x6
 580 03f9 B301     		.2byte	0x1b3
 581 03fb 15010000 		.4byte	0x115
 582 03ff 08       		.byte	0x8
 583 0400 09       		.uleb128 0x9
 584 0401 80060000 		.4byte	.LASF75
 585 0405 06       		.byte	0x6
 586 0406 B901     		.2byte	0x1b9
 587 0408 B7050000 		.4byte	0x5b7
 588 040c 0C       		.byte	0xc
 589 040d 00       		.byte	0
 590 040e 04       		.uleb128 0x4
 591 040f B3020000 		.4byte	.LASF76
 592 0413 05       		.byte	0x5
 593 0414 70       		.byte	0x70
 594 0415 19040000 		.4byte	0x419
 595 0419 0F       		.uleb128 0xf
 596 041a 86010000 		.4byte	.LASF77
 597 041e 7005     		.2byte	0x570
 598 0420 06       		.byte	0x6
 599 0421 C201     		.2byte	0x1c2
 600 0423 78040000 		.4byte	0x478
 601 0427 09       		.uleb128 0x9
 602 0428 4E060000 		.4byte	.LASF78
 603 042c 06       		.byte	0x6
 604 042d C601     		.2byte	0x1c6
 605 042f 94020000 		.4byte	0x294
 606 0433 00       		.byte	0
 607 0434 09       		.uleb128 0x9
 608 0435 02020000 		.4byte	.LASF79
 609 0439 06       		.byte	0x6
 610 043a CA01     		.2byte	0x1ca
 611 043c 73030000 		.4byte	0x373
 612 0440 1C       		.byte	0x1c
 613 0441 08       		.uleb128 0x8
 614 0442 64626700 		.ascii	"dbg\000"
 615 0446 06       		.byte	0x6
 616 0447 CE01     		.2byte	0x1ce
 617 0449 C0030000 		.4byte	0x3c0
 618 044d 2C       		.byte	0x2c
 619 044e 10       		.uleb128 0x10
 620 044f B1000000 		.4byte	.LASF80
 621 0453 06       		.byte	0x6
 622 0454 D201     		.2byte	0x1d2
 623 0456 2B010000 		.4byte	0x12b
 624 045a 4004     		.2byte	0x440
 625 045c 11       		.uleb128 0x11
 626 045d 746D00   		.ascii	"tm\000"
 627 0460 06       		.byte	0x6
ARM GAS  C:\Users\jo\AppData\Local\Temp\cc3vYXse.s 			page 12


 628 0461 D701     		.2byte	0x1d7
 629 0463 D7050000 		.4byte	0x5d7
 630 0467 8804     		.2byte	0x488
 631 0469 10       		.uleb128 0x10
 632 046a 21020000 		.4byte	.LASF81
 633 046e 06       		.byte	0x6
 634 046f E301     		.2byte	0x1e3
 635 0471 CA060000 		.4byte	0x6ca
 636 0475 9004     		.2byte	0x490
 637 0477 00       		.byte	0
 638 0478 03       		.uleb128 0x3
 639 0479 04       		.byte	0x4
 640 047a 07       		.byte	0x7
 641 047b E1030000 		.4byte	.LASF82
 642 047f 04       		.uleb128 0x4
 643 0480 F1010000 		.4byte	.LASF83
 644 0484 07       		.byte	0x7
 645 0485 65       		.byte	0x65
 646 0486 17030000 		.4byte	0x317
 647 048a 04       		.uleb128 0x4
 648 048b CC030000 		.4byte	.LASF84
 649 048f 07       		.byte	0x7
 650 0490 6D       		.byte	0x6d
 651 0491 B8000000 		.4byte	0xb8
 652 0495 06       		.uleb128 0x6
 653 0496 F4050000 		.4byte	.LASF85
 654 049a 04       		.byte	0x4
 655 049b 07       		.byte	0x7
 656 049c 89       		.byte	0x89
 657 049d AE040000 		.4byte	0x4ae
 658 04a1 12       		.uleb128 0x12
 659 04a2 72313300 		.ascii	"r13\000"
 660 04a6 07       		.byte	0x7
 661 04a7 8A       		.byte	0x8a
 662 04a8 29050000 		.4byte	0x529
 663 04ac 00       		.byte	0
 664 04ad 00       		.byte	0
 665 04ae 06       		.uleb128 0x6
 666 04af 4E000000 		.4byte	.LASF86
 667 04b3 24       		.byte	0x24
 668 04b4 08       		.byte	0x8
 669 04b5 F4       		.byte	0xf4
 670 04b6 29050000 		.4byte	0x529
 671 04ba 08       		.uleb128 0x8
 672 04bb 723400   		.ascii	"r4\000"
 673 04be 08       		.byte	0x8
 674 04bf 0701     		.2byte	0x107
 675 04c1 7F040000 		.4byte	0x47f
 676 04c5 00       		.byte	0
 677 04c6 08       		.uleb128 0x8
 678 04c7 723500   		.ascii	"r5\000"
 679 04ca 08       		.byte	0x8
 680 04cb 0801     		.2byte	0x108
 681 04cd 7F040000 		.4byte	0x47f
 682 04d1 04       		.byte	0x4
 683 04d2 08       		.uleb128 0x8
 684 04d3 723600   		.ascii	"r6\000"
ARM GAS  C:\Users\jo\AppData\Local\Temp\cc3vYXse.s 			page 13


 685 04d6 08       		.byte	0x8
 686 04d7 0901     		.2byte	0x109
 687 04d9 7F040000 		.4byte	0x47f
 688 04dd 08       		.byte	0x8
 689 04de 08       		.uleb128 0x8
 690 04df 723700   		.ascii	"r7\000"
 691 04e2 08       		.byte	0x8
 692 04e3 0A01     		.2byte	0x10a
 693 04e5 7F040000 		.4byte	0x47f
 694 04e9 0C       		.byte	0xc
 695 04ea 08       		.uleb128 0x8
 696 04eb 723800   		.ascii	"r8\000"
 697 04ee 08       		.byte	0x8
 698 04ef 0B01     		.2byte	0x10b
 699 04f1 7F040000 		.4byte	0x47f
 700 04f5 10       		.byte	0x10
 701 04f6 08       		.uleb128 0x8
 702 04f7 723900   		.ascii	"r9\000"
 703 04fa 08       		.byte	0x8
 704 04fb 0C01     		.2byte	0x10c
 705 04fd 7F040000 		.4byte	0x47f
 706 0501 14       		.byte	0x14
 707 0502 08       		.uleb128 0x8
 708 0503 72313000 		.ascii	"r10\000"
 709 0507 08       		.byte	0x8
 710 0508 0D01     		.2byte	0x10d
 711 050a 7F040000 		.4byte	0x47f
 712 050e 18       		.byte	0x18
 713 050f 08       		.uleb128 0x8
 714 0510 72313100 		.ascii	"r11\000"
 715 0514 08       		.byte	0x8
 716 0515 0E01     		.2byte	0x10e
 717 0517 7F040000 		.4byte	0x47f
 718 051b 1C       		.byte	0x1c
 719 051c 08       		.uleb128 0x8
 720 051d 6C7200   		.ascii	"lr\000"
 721 0520 08       		.byte	0x8
 722 0521 0F01     		.2byte	0x10f
 723 0523 7F040000 		.4byte	0x47f
 724 0527 20       		.byte	0x20
 725 0528 00       		.byte	0
 726 0529 0A       		.uleb128 0xa
 727 052a 04       		.byte	0x4
 728 052b AE040000 		.4byte	0x4ae
 729 052f 13       		.uleb128 0x13
 730 0530 10       		.byte	0x10
 731 0531 09       		.byte	0x9
 732 0532 51       		.byte	0x51
 733 0533 68050000 		.4byte	0x568
 734 0537 07       		.uleb128 0x7
 735 0538 5F010000 		.4byte	.LASF87
 736 053c 09       		.byte	0x9
 737 053d 55       		.byte	0x55
 738 053e 20010000 		.4byte	0x120
 739 0542 00       		.byte	0
 740 0543 07       		.uleb128 0x7
 741 0544 A9010000 		.4byte	.LASF88
ARM GAS  C:\Users\jo\AppData\Local\Temp\cc3vYXse.s 			page 14


 742 0548 09       		.byte	0x9
 743 0549 59       		.byte	0x59
 744 054a 3A020000 		.4byte	0x23a
 745 054e 04       		.byte	0x4
 746 054f 07       		.uleb128 0x7
 747 0550 78020000 		.4byte	.LASF89
 748 0554 09       		.byte	0x9
 749 0555 5D       		.byte	0x5d
 750 0556 17030000 		.4byte	0x317
 751 055a 08       		.byte	0x8
 752 055b 07       		.uleb128 0x7
 753 055c 99000000 		.4byte	.LASF90
 754 0560 09       		.byte	0x9
 755 0561 61       		.byte	0x61
 756 0562 97000000 		.4byte	0x97
 757 0566 0C       		.byte	0xc
 758 0567 00       		.byte	0
 759 0568 04       		.uleb128 0x4
 760 0569 14040000 		.4byte	.LASF91
 761 056d 09       		.byte	0x9
 762 056e 62       		.byte	0x62
 763 056f 2F050000 		.4byte	0x52f
 764 0573 14       		.uleb128 0x14
 765 0574 0804     		.2byte	0x408
 766 0576 09       		.byte	0x9
 767 0577 67       		.byte	0x67
 768 0578 A1050000 		.4byte	0x5a1
 769 057c 07       		.uleb128 0x7
 770 057d E1010000 		.4byte	.LASF92
 771 0581 09       		.byte	0x9
 772 0582 6B       		.byte	0x6b
 773 0583 2C000000 		.4byte	0x2c
 774 0587 00       		.byte	0
 775 0588 07       		.uleb128 0x7
 776 0589 13000000 		.4byte	.LASF93
 777 058d 09       		.byte	0x9
 778 058e 6F       		.byte	0x6f
 779 058f A1050000 		.4byte	0x5a1
 780 0593 04       		.byte	0x4
 781 0594 07       		.uleb128 0x7
 782 0595 7F040000 		.4byte	.LASF94
 783 0599 09       		.byte	0x9
 784 059a 73       		.byte	0x73
 785 059b A7050000 		.4byte	0x5a7
 786 059f 08       		.byte	0x8
 787 05a0 00       		.byte	0
 788 05a1 0A       		.uleb128 0xa
 789 05a2 04       		.byte	0x4
 790 05a3 68050000 		.4byte	0x568
 791 05a7 15       		.uleb128 0x15
 792 05a8 68050000 		.4byte	0x568
 793 05ac B7050000 		.4byte	0x5b7
 794 05b0 16       		.uleb128 0x16
 795 05b1 78040000 		.4byte	0x478
 796 05b5 3F       		.byte	0x3f
 797 05b6 00       		.byte	0
 798 05b7 04       		.uleb128 0x4
ARM GAS  C:\Users\jo\AppData\Local\Temp\cc3vYXse.s 			page 15


 799 05b8 87000000 		.4byte	.LASF95
 800 05bc 09       		.byte	0x9
 801 05bd 74       		.byte	0x74
 802 05be 73050000 		.4byte	0x573
 803 05c2 13       		.uleb128 0x13
 804 05c3 04       		.byte	0x4
 805 05c4 0A       		.byte	0xa
 806 05c5 38       		.byte	0x38
 807 05c6 D7050000 		.4byte	0x5d7
 808 05ca 07       		.uleb128 0x7
 809 05cb ED050000 		.4byte	.LASF96
 810 05cf 0A       		.byte	0xa
 811 05d0 3C       		.byte	0x3c
 812 05d1 C8000000 		.4byte	0xc8
 813 05d5 00       		.byte	0
 814 05d6 00       		.byte	0
 815 05d7 04       		.uleb128 0x4
 816 05d8 3D040000 		.4byte	.LASF97
 817 05dc 0A       		.byte	0xa
 818 05dd 3D       		.byte	0x3d
 819 05de C2050000 		.4byte	0x5c2
 820 05e2 17       		.uleb128 0x17
 821 05e3 04       		.byte	0x4
 822 05e4 06       		.byte	0x6
 823 05e5 FA       		.byte	0xfa
 824 05e6 3F060000 		.4byte	0x63f
 825 05ea 18       		.uleb128 0x18
 826 05eb 34000000 		.4byte	.LASF98
 827 05ef 06       		.byte	0x6
 828 05f0 0101     		.2byte	0x101
 829 05f2 FF000000 		.4byte	0xff
 830 05f6 18       		.uleb128 0x18
 831 05f7 A8000000 		.4byte	.LASF99
 832 05fb 06       		.byte	0x6
 833 05fc 0801     		.2byte	0x108
 834 05fe FF000000 		.4byte	0xff
 835 0602 18       		.uleb128 0x18
 836 0603 5C060000 		.4byte	.LASF100
 837 0607 06       		.byte	0x6
 838 0608 0F01     		.2byte	0x10f
 839 060a 17030000 		.4byte	0x317
 840 060e 18       		.uleb128 0x18
 841 060f 2E000000 		.4byte	.LASF101
 842 0613 06       		.byte	0x6
 843 0614 1601     		.2byte	0x116
 844 0616 3F060000 		.4byte	0x63f
 845 061a 18       		.uleb128 0x18
 846 061b 56020000 		.4byte	.LASF102
 847 061f 06       		.byte	0x6
 848 0620 1E01     		.2byte	0x11e
 849 0622 6A060000 		.4byte	0x66a
 850 0626 18       		.uleb128 0x18
 851 0627 6B050000 		.4byte	.LASF103
 852 062b 06       		.byte	0x6
 853 062c 2701     		.2byte	0x127
 854 062e A1060000 		.4byte	0x6a1
 855 0632 18       		.uleb128 0x18
ARM GAS  C:\Users\jo\AppData\Local\Temp\cc3vYXse.s 			page 16


 856 0633 1C050000 		.4byte	.LASF104
 857 0637 06       		.byte	0x6
 858 0638 2F01     		.2byte	0x12f
 859 063a 0A010000 		.4byte	0x10a
 860 063e 00       		.byte	0
 861 063f 0A       		.uleb128 0xa
 862 0640 04       		.byte	0x4
 863 0641 2F020000 		.4byte	0x22f
 864 0645 06       		.uleb128 0x6
 865 0646 4A050000 		.4byte	.LASF105
 866 064a 0C       		.byte	0xc
 867 064b 0B       		.byte	0xb
 868 064c 34       		.byte	0x34
 869 064d 6A060000 		.4byte	0x66a
 870 0651 07       		.uleb128 0x7
 871 0652 D1010000 		.4byte	.LASF106
 872 0656 0B       		.byte	0xb
 873 0657 35       		.byte	0x35
 874 0658 64020000 		.4byte	0x264
 875 065c 00       		.byte	0
 876 065d 07       		.uleb128 0x7
 877 065e E2040000 		.4byte	.LASF107
 878 0662 0B       		.byte	0xb
 879 0663 37       		.byte	0x37
 880 0664 15010000 		.4byte	0x115
 881 0668 08       		.byte	0x8
 882 0669 00       		.byte	0
 883 066a 0A       		.uleb128 0xa
 884 066b 04       		.byte	0x4
 885 066c 45060000 		.4byte	0x645
 886 0670 06       		.uleb128 0x6
 887 0671 28060000 		.4byte	.LASF108
 888 0675 10       		.byte	0x10
 889 0676 0C       		.byte	0xc
 890 0677 39       		.byte	0x39
 891 0678 A1060000 		.4byte	0x6a1
 892 067c 07       		.uleb128 0x7
 893 067d 78010000 		.4byte	.LASF109
 894 0681 0C       		.byte	0xc
 895 0682 3A       		.byte	0x3a
 896 0683 64020000 		.4byte	0x264
 897 0687 00       		.byte	0
 898 0688 07       		.uleb128 0x7
 899 0689 AC060000 		.4byte	.LASF110
 900 068d 0C       		.byte	0xc
 901 068e 3C       		.byte	0x3c
 902 068f 3A020000 		.4byte	0x23a
 903 0693 08       		.byte	0x8
 904 0694 07       		.uleb128 0x7
 905 0695 B3050000 		.4byte	.LASF111
 906 0699 0C       		.byte	0xc
 907 069a 3E       		.byte	0x3e
 908 069b E5060000 		.4byte	0x6e5
 909 069f 0C       		.byte	0xc
 910 06a0 00       		.byte	0
 911 06a1 0A       		.uleb128 0xa
 912 06a2 04       		.byte	0x4
ARM GAS  C:\Users\jo\AppData\Local\Temp\cc3vYXse.s 			page 17


 913 06a3 70060000 		.4byte	0x670
 914 06a7 0A       		.uleb128 0xa
 915 06a8 04       		.byte	0x4
 916 06a9 AD060000 		.4byte	0x6ad
 917 06ad 19       		.uleb128 0x19
 918 06ae B2060000 		.4byte	0x6b2
 919 06b2 03       		.uleb128 0x3
 920 06b3 01       		.byte	0x1
 921 06b4 08       		.byte	0x8
 922 06b5 A5050000 		.4byte	.LASF112
 923 06b9 0A       		.uleb128 0xa
 924 06ba 04       		.byte	0x4
 925 06bb 8A040000 		.4byte	0x48a
 926 06bf 0A       		.uleb128 0xa
 927 06c0 04       		.byte	0x4
 928 06c1 19030000 		.4byte	0x319
 929 06c5 05       		.uleb128 0x5
 930 06c6 A7060000 		.4byte	0x6a7
 931 06ca 15       		.uleb128 0x15
 932 06cb 8A040000 		.4byte	0x48a
 933 06cf DA060000 		.4byte	0x6da
 934 06d3 16       		.uleb128 0x16
 935 06d4 78040000 		.4byte	0x478
 936 06d8 1B       		.byte	0x1b
 937 06d9 00       		.byte	0
 938 06da 04       		.uleb128 0x4
 939 06db 09020000 		.4byte	.LASF113
 940 06df 0C       		.byte	0xc
 941 06e0 34       		.byte	0x34
 942 06e1 70060000 		.4byte	0x670
 943 06e5 0A       		.uleb128 0xa
 944 06e6 04       		.byte	0x4
 945 06e7 DA060000 		.4byte	0x6da
 946 06eb 03       		.uleb128 0x3
 947 06ec 01       		.byte	0x1
 948 06ed 02       		.byte	0x2
 949 06ee C1040000 		.4byte	.LASF114
 950 06f2 13       		.uleb128 0x13
 951 06f3 1C       		.byte	0x1c
 952 06f4 0D       		.byte	0xd
 953 06f5 C1       		.byte	0xc1
 954 06f6 4F070000 		.4byte	0x74f
 955 06fa 07       		.uleb128 0x7
 956 06fb 80010000 		.4byte	.LASF115
 957 06ff 0D       		.byte	0xd
 958 0700 C3       		.byte	0xc3
 959 0701 AD000000 		.4byte	0xad
 960 0705 00       		.byte	0
 961 0706 07       		.uleb128 0x7
 962 0707 82020000 		.4byte	.LASF116
 963 070b 0D       		.byte	0xd
 964 070c C5       		.byte	0xc5
 965 070d AD000000 		.4byte	0xad
 966 0711 04       		.byte	0x4
 967 0712 07       		.uleb128 0x7
 968 0713 70020000 		.4byte	.LASF117
 969 0717 0D       		.byte	0xd
ARM GAS  C:\Users\jo\AppData\Local\Temp\cc3vYXse.s 			page 18


 970 0718 C7       		.byte	0xc7
 971 0719 AD000000 		.4byte	0xad
 972 071d 08       		.byte	0x8
 973 071e 07       		.uleb128 0x7
 974 071f A2000000 		.4byte	.LASF118
 975 0723 0D       		.byte	0xd
 976 0724 C9       		.byte	0xc9
 977 0725 AD000000 		.4byte	0xad
 978 0729 0C       		.byte	0xc
 979 072a 12       		.uleb128 0x12
 980 072b 6F647200 		.ascii	"odr\000"
 981 072f 0D       		.byte	0xd
 982 0730 CB       		.byte	0xcb
 983 0731 AD000000 		.4byte	0xad
 984 0735 10       		.byte	0x10
 985 0736 07       		.uleb128 0x7
 986 0737 DD040000 		.4byte	.LASF119
 987 073b 0D       		.byte	0xd
 988 073c CD       		.byte	0xcd
 989 073d AD000000 		.4byte	0xad
 990 0741 14       		.byte	0x14
 991 0742 07       		.uleb128 0x7
 992 0743 4E040000 		.4byte	.LASF120
 993 0747 0D       		.byte	0xd
 994 0748 CF       		.byte	0xcf
 995 0749 AD000000 		.4byte	0xad
 996 074d 18       		.byte	0x18
 997 074e 00       		.byte	0
 998 074f 04       		.uleb128 0x4
 999 0750 00000000 		.4byte	.LASF121
 1000 0754 0D       		.byte	0xd
 1001 0755 D0       		.byte	0xd0
 1002 0756 F2060000 		.4byte	0x6f2
 1003 075a 13       		.uleb128 0x13
 1004 075b FC       		.byte	0xfc
 1005 075c 0D       		.byte	0xd
 1006 075d D9       		.byte	0xd9
 1007 075e CF070000 		.4byte	0x7cf
 1008 0762 07       		.uleb128 0x7
 1009 0763 15050000 		.4byte	.LASF122
 1010 0767 0D       		.byte	0xd
 1011 0768 DC       		.byte	0xdc
 1012 0769 4F070000 		.4byte	0x74f
 1013 076d 00       		.byte	0
 1014 076e 07       		.uleb128 0x7
 1015 076f 11020000 		.4byte	.LASF123
 1016 0773 0D       		.byte	0xd
 1017 0774 E0       		.byte	0xe0
 1018 0775 4F070000 		.4byte	0x74f
 1019 0779 1C       		.byte	0x1c
 1020 077a 07       		.uleb128 0x7
 1021 077b 6A060000 		.4byte	.LASF124
 1022 077f 0D       		.byte	0xd
 1023 0780 E4       		.byte	0xe4
 1024 0781 4F070000 		.4byte	0x74f
 1025 0785 38       		.byte	0x38
 1026 0786 07       		.uleb128 0x7
ARM GAS  C:\Users\jo\AppData\Local\Temp\cc3vYXse.s 			page 19


 1027 0787 53040000 		.4byte	.LASF125
 1028 078b 0D       		.byte	0xd
 1029 078c E8       		.byte	0xe8
 1030 078d 4F070000 		.4byte	0x74f
 1031 0791 54       		.byte	0x54
 1032 0792 07       		.uleb128 0x7
 1033 0793 99010000 		.4byte	.LASF126
 1034 0797 0D       		.byte	0xd
 1035 0798 EC       		.byte	0xec
 1036 0799 4F070000 		.4byte	0x74f
 1037 079d 70       		.byte	0x70
 1038 079e 07       		.uleb128 0x7
 1039 079f 9C020000 		.4byte	.LASF127
 1040 07a3 0D       		.byte	0xd
 1041 07a4 F0       		.byte	0xf0
 1042 07a5 4F070000 		.4byte	0x74f
 1043 07a9 8C       		.byte	0x8c
 1044 07aa 07       		.uleb128 0x7
 1045 07ab EB020000 		.4byte	.LASF128
 1046 07af 0D       		.byte	0xd
 1047 07b0 F4       		.byte	0xf4
 1048 07b1 4F070000 		.4byte	0x74f
 1049 07b5 A8       		.byte	0xa8
 1050 07b6 07       		.uleb128 0x7
 1051 07b7 69000000 		.4byte	.LASF129
 1052 07bb 0D       		.byte	0xd
 1053 07bc F8       		.byte	0xf8
 1054 07bd 4F070000 		.4byte	0x74f
 1055 07c1 C4       		.byte	0xc4
 1056 07c2 07       		.uleb128 0x7
 1057 07c3 32050000 		.4byte	.LASF130
 1058 07c7 0D       		.byte	0xd
 1059 07c8 FC       		.byte	0xfc
 1060 07c9 4F070000 		.4byte	0x74f
 1061 07cd E0       		.byte	0xe0
 1062 07ce 00       		.byte	0
 1063 07cf 04       		.uleb128 0x4
 1064 07d0 A2060000 		.4byte	.LASF131
 1065 07d4 0D       		.byte	0xd
 1066 07d5 FE       		.byte	0xfe
 1067 07d6 5A070000 		.4byte	0x75a
 1068 07da 1A       		.uleb128 0x1a
 1069 07db A0040000 		.4byte	.LASF144
 1070 07df 16       		.byte	0x16
 1071 07e0 9301     		.2byte	0x193
 1072 07e2 03       		.byte	0x3
 1073 07e3 1B       		.uleb128 0x1b
 1074 07e4 68020000 		.4byte	.LASF145
 1075 07e8 01       		.byte	0x1
 1076 07e9 38       		.byte	0x38
 1077 07ea 00000000 		.4byte	.LFB259
 1078 07ee 2C000000 		.4byte	.LFE259-.LFB259
 1079 07f2 01       		.uleb128 0x1
 1080 07f3 9C       		.byte	0x9c
 1081 07f4 41080000 		.4byte	0x841
 1082 07f8 1C       		.uleb128 0x1c
 1083 07f9 06000000 		.4byte	.LVL0
ARM GAS  C:\Users\jo\AppData\Local\Temp\cc3vYXse.s 			page 20


 1084 07fd 69080000 		.4byte	0x869
 1085 0801 1C       		.uleb128 0x1c
 1086 0802 0C000000 		.4byte	.LVL1
 1087 0806 71080000 		.4byte	0x871
 1088 080a 1C       		.uleb128 0x1c
 1089 080b 10000000 		.4byte	.LVL2
 1090 080f 89080000 		.4byte	0x889
 1091 0813 1C       		.uleb128 0x1c
 1092 0814 14000000 		.4byte	.LVL3
 1093 0818 90080000 		.4byte	0x890
 1094 081c 1C       		.uleb128 0x1c
 1095 081d 18000000 		.4byte	.LVL4
 1096 0821 98080000 		.4byte	0x898
 1097 0825 1C       		.uleb128 0x1c
 1098 0826 1C000000 		.4byte	.LVL5
 1099 082a 9F080000 		.4byte	0x89f
 1100 082e 1C       		.uleb128 0x1c
 1101 082f 20000000 		.4byte	.LVL6
 1102 0833 A6080000 		.4byte	0x8a6
 1103 0837 1D       		.uleb128 0x1d
 1104 0838 28000000 		.4byte	.LVL7
 1105 083c AE080000 		.4byte	0x8ae
 1106 0840 00       		.byte	0
 1107 0841 1E       		.uleb128 0x1e
 1108 0842 D2000000 		.4byte	.LASF132
 1109 0846 0E       		.byte	0xe
 1110 0847 A706     		.2byte	0x6a7
 1111 0849 C3000000 		.4byte	0xc3
 1112 084d 1F       		.uleb128 0x1f
 1113 084e 636800   		.ascii	"ch\000"
 1114 0851 06       		.byte	0x6
 1115 0852 0902     		.2byte	0x209
 1116 0854 0E040000 		.4byte	0x40e
 1117 0858 1E       		.uleb128 0x1e
 1118 0859 B4060000 		.4byte	.LASF133
 1119 085d 0D       		.byte	0xd
 1120 085e DA01     		.2byte	0x1da
 1121 0860 64080000 		.4byte	0x864
 1122 0864 19       		.uleb128 0x19
 1123 0865 CF070000 		.4byte	0x7cf
 1124 0869 20       		.uleb128 0x20
 1125 086a FC050000 		.4byte	.LASF134
 1126 086e 0F       		.byte	0xf
 1127 086f 1606     		.2byte	0x616
 1128 0871 21       		.uleb128 0x21
 1129 0872 40060000 		.4byte	.LASF146
 1130 0876 0D       		.byte	0xd
 1131 0877 DF01     		.2byte	0x1df
 1132 0879 83080000 		.4byte	0x883
 1133 087d 0D       		.uleb128 0xd
 1134 087e 83080000 		.4byte	0x883
 1135 0882 00       		.byte	0
 1136 0883 0A       		.uleb128 0xa
 1137 0884 04       		.byte	0x4
 1138 0885 64080000 		.4byte	0x864
 1139 0889 22       		.uleb128 0x22
 1140 088a D9010000 		.4byte	.LASF135
ARM GAS  C:\Users\jo\AppData\Local\Temp\cc3vYXse.s 			page 21


 1141 088e 10       		.byte	0x10
 1142 088f B4       		.byte	0xb4
 1143 0890 20       		.uleb128 0x20
 1144 0891 93060000 		.4byte	.LASF136
 1145 0895 11       		.byte	0x11
 1146 0896 2601     		.2byte	0x126
 1147 0898 22       		.uleb128 0x22
 1148 0899 67010000 		.4byte	.LASF137
 1149 089d 12       		.byte	0x12
 1150 089e 62       		.byte	0x62
 1151 089f 22       		.uleb128 0x22
 1152 08a0 9A060000 		.4byte	.LASF138
 1153 08a4 13       		.byte	0x13
 1154 08a5 75       		.byte	0x75
 1155 08a6 20       		.uleb128 0x20
 1156 08a7 04050000 		.4byte	.LASF139
 1157 08ab 14       		.byte	0x14
 1158 08ac 0705     		.2byte	0x507
 1159 08ae 22       		.uleb128 0x22
 1160 08af 27000000 		.4byte	.LASF140
 1161 08b3 15       		.byte	0x15
 1162 08b4 56       		.byte	0x56
 1163 08b5 00       		.byte	0
 1164              		.section	.debug_abbrev,"",%progbits
 1165              	.Ldebug_abbrev0:
 1166 0000 01       		.uleb128 0x1
 1167 0001 11       		.uleb128 0x11
 1168 0002 01       		.byte	0x1
 1169 0003 25       		.uleb128 0x25
 1170 0004 0E       		.uleb128 0xe
 1171 0005 13       		.uleb128 0x13
 1172 0006 0B       		.uleb128 0xb
 1173 0007 03       		.uleb128 0x3
 1174 0008 0E       		.uleb128 0xe
 1175 0009 1B       		.uleb128 0x1b
 1176 000a 0E       		.uleb128 0xe
 1177 000b 55       		.uleb128 0x55
 1178 000c 17       		.uleb128 0x17
 1179 000d 11       		.uleb128 0x11
 1180 000e 01       		.uleb128 0x1
 1181 000f 10       		.uleb128 0x10
 1182 0010 17       		.uleb128 0x17
 1183 0011 00       		.byte	0
 1184 0012 00       		.byte	0
 1185 0013 02       		.uleb128 0x2
 1186 0014 24       		.uleb128 0x24
 1187 0015 00       		.byte	0
 1188 0016 0B       		.uleb128 0xb
 1189 0017 0B       		.uleb128 0xb
 1190 0018 3E       		.uleb128 0x3e
 1191 0019 0B       		.uleb128 0xb
 1192 001a 03       		.uleb128 0x3
 1193 001b 08       		.uleb128 0x8
 1194 001c 00       		.byte	0
 1195 001d 00       		.byte	0
 1196 001e 03       		.uleb128 0x3
 1197 001f 24       		.uleb128 0x24
ARM GAS  C:\Users\jo\AppData\Local\Temp\cc3vYXse.s 			page 22


 1198 0020 00       		.byte	0
 1199 0021 0B       		.uleb128 0xb
 1200 0022 0B       		.uleb128 0xb
 1201 0023 3E       		.uleb128 0x3e
 1202 0024 0B       		.uleb128 0xb
 1203 0025 03       		.uleb128 0x3
 1204 0026 0E       		.uleb128 0xe
 1205 0027 00       		.byte	0
 1206 0028 00       		.byte	0
 1207 0029 04       		.uleb128 0x4
 1208 002a 16       		.uleb128 0x16
 1209 002b 00       		.byte	0
 1210 002c 03       		.uleb128 0x3
 1211 002d 0E       		.uleb128 0xe
 1212 002e 3A       		.uleb128 0x3a
 1213 002f 0B       		.uleb128 0xb
 1214 0030 3B       		.uleb128 0x3b
 1215 0031 0B       		.uleb128 0xb
 1216 0032 49       		.uleb128 0x49
 1217 0033 13       		.uleb128 0x13
 1218 0034 00       		.byte	0
 1219 0035 00       		.byte	0
 1220 0036 05       		.uleb128 0x5
 1221 0037 35       		.uleb128 0x35
 1222 0038 00       		.byte	0
 1223 0039 49       		.uleb128 0x49
 1224 003a 13       		.uleb128 0x13
 1225 003b 00       		.byte	0
 1226 003c 00       		.byte	0
 1227 003d 06       		.uleb128 0x6
 1228 003e 13       		.uleb128 0x13
 1229 003f 01       		.byte	0x1
 1230 0040 03       		.uleb128 0x3
 1231 0041 0E       		.uleb128 0xe
 1232 0042 0B       		.uleb128 0xb
 1233 0043 0B       		.uleb128 0xb
 1234 0044 3A       		.uleb128 0x3a
 1235 0045 0B       		.uleb128 0xb
 1236 0046 3B       		.uleb128 0x3b
 1237 0047 0B       		.uleb128 0xb
 1238 0048 01       		.uleb128 0x1
 1239 0049 13       		.uleb128 0x13
 1240 004a 00       		.byte	0
 1241 004b 00       		.byte	0
 1242 004c 07       		.uleb128 0x7
 1243 004d 0D       		.uleb128 0xd
 1244 004e 00       		.byte	0
 1245 004f 03       		.uleb128 0x3
 1246 0050 0E       		.uleb128 0xe
 1247 0051 3A       		.uleb128 0x3a
 1248 0052 0B       		.uleb128 0xb
 1249 0053 3B       		.uleb128 0x3b
 1250 0054 0B       		.uleb128 0xb
 1251 0055 49       		.uleb128 0x49
 1252 0056 13       		.uleb128 0x13
 1253 0057 38       		.uleb128 0x38
 1254 0058 0B       		.uleb128 0xb
ARM GAS  C:\Users\jo\AppData\Local\Temp\cc3vYXse.s 			page 23


 1255 0059 00       		.byte	0
 1256 005a 00       		.byte	0
 1257 005b 08       		.uleb128 0x8
 1258 005c 0D       		.uleb128 0xd
 1259 005d 00       		.byte	0
 1260 005e 03       		.uleb128 0x3
 1261 005f 08       		.uleb128 0x8
 1262 0060 3A       		.uleb128 0x3a
 1263 0061 0B       		.uleb128 0xb
 1264 0062 3B       		.uleb128 0x3b
 1265 0063 05       		.uleb128 0x5
 1266 0064 49       		.uleb128 0x49
 1267 0065 13       		.uleb128 0x13
 1268 0066 38       		.uleb128 0x38
 1269 0067 0B       		.uleb128 0xb
 1270 0068 00       		.byte	0
 1271 0069 00       		.byte	0
 1272 006a 09       		.uleb128 0x9
 1273 006b 0D       		.uleb128 0xd
 1274 006c 00       		.byte	0
 1275 006d 03       		.uleb128 0x3
 1276 006e 0E       		.uleb128 0xe
 1277 006f 3A       		.uleb128 0x3a
 1278 0070 0B       		.uleb128 0xb
 1279 0071 3B       		.uleb128 0x3b
 1280 0072 05       		.uleb128 0x5
 1281 0073 49       		.uleb128 0x49
 1282 0074 13       		.uleb128 0x13
 1283 0075 38       		.uleb128 0x38
 1284 0076 0B       		.uleb128 0xb
 1285 0077 00       		.byte	0
 1286 0078 00       		.byte	0
 1287 0079 0A       		.uleb128 0xa
 1288 007a 0F       		.uleb128 0xf
 1289 007b 00       		.byte	0
 1290 007c 0B       		.uleb128 0xb
 1291 007d 0B       		.uleb128 0xb
 1292 007e 49       		.uleb128 0x49
 1293 007f 13       		.uleb128 0x13
 1294 0080 00       		.byte	0
 1295 0081 00       		.byte	0
 1296 0082 0B       		.uleb128 0xb
 1297 0083 13       		.uleb128 0x13
 1298 0084 01       		.byte	0x1
 1299 0085 03       		.uleb128 0x3
 1300 0086 0E       		.uleb128 0xe
 1301 0087 0B       		.uleb128 0xb
 1302 0088 0B       		.uleb128 0xb
 1303 0089 3A       		.uleb128 0x3a
 1304 008a 0B       		.uleb128 0xb
 1305 008b 3B       		.uleb128 0x3b
 1306 008c 05       		.uleb128 0x5
 1307 008d 01       		.uleb128 0x1
 1308 008e 13       		.uleb128 0x13
 1309 008f 00       		.byte	0
 1310 0090 00       		.byte	0
 1311 0091 0C       		.uleb128 0xc
ARM GAS  C:\Users\jo\AppData\Local\Temp\cc3vYXse.s 			page 24


 1312 0092 15       		.uleb128 0x15
 1313 0093 01       		.byte	0x1
 1314 0094 27       		.uleb128 0x27
 1315 0095 19       		.uleb128 0x19
 1316 0096 01       		.uleb128 0x1
 1317 0097 13       		.uleb128 0x13
 1318 0098 00       		.byte	0
 1319 0099 00       		.byte	0
 1320 009a 0D       		.uleb128 0xd
 1321 009b 05       		.uleb128 0x5
 1322 009c 00       		.byte	0
 1323 009d 49       		.uleb128 0x49
 1324 009e 13       		.uleb128 0x13
 1325 009f 00       		.byte	0
 1326 00a0 00       		.byte	0
 1327 00a1 0E       		.uleb128 0xe
 1328 00a2 0F       		.uleb128 0xf
 1329 00a3 00       		.byte	0
 1330 00a4 0B       		.uleb128 0xb
 1331 00a5 0B       		.uleb128 0xb
 1332 00a6 00       		.byte	0
 1333 00a7 00       		.byte	0
 1334 00a8 0F       		.uleb128 0xf
 1335 00a9 13       		.uleb128 0x13
 1336 00aa 01       		.byte	0x1
 1337 00ab 03       		.uleb128 0x3
 1338 00ac 0E       		.uleb128 0xe
 1339 00ad 0B       		.uleb128 0xb
 1340 00ae 05       		.uleb128 0x5
 1341 00af 3A       		.uleb128 0x3a
 1342 00b0 0B       		.uleb128 0xb
 1343 00b1 3B       		.uleb128 0x3b
 1344 00b2 05       		.uleb128 0x5
 1345 00b3 01       		.uleb128 0x1
 1346 00b4 13       		.uleb128 0x13
 1347 00b5 00       		.byte	0
 1348 00b6 00       		.byte	0
 1349 00b7 10       		.uleb128 0x10
 1350 00b8 0D       		.uleb128 0xd
 1351 00b9 00       		.byte	0
 1352 00ba 03       		.uleb128 0x3
 1353 00bb 0E       		.uleb128 0xe
 1354 00bc 3A       		.uleb128 0x3a
 1355 00bd 0B       		.uleb128 0xb
 1356 00be 3B       		.uleb128 0x3b
 1357 00bf 05       		.uleb128 0x5
 1358 00c0 49       		.uleb128 0x49
 1359 00c1 13       		.uleb128 0x13
 1360 00c2 38       		.uleb128 0x38
 1361 00c3 05       		.uleb128 0x5
 1362 00c4 00       		.byte	0
 1363 00c5 00       		.byte	0
 1364 00c6 11       		.uleb128 0x11
 1365 00c7 0D       		.uleb128 0xd
 1366 00c8 00       		.byte	0
 1367 00c9 03       		.uleb128 0x3
 1368 00ca 08       		.uleb128 0x8
ARM GAS  C:\Users\jo\AppData\Local\Temp\cc3vYXse.s 			page 25


 1369 00cb 3A       		.uleb128 0x3a
 1370 00cc 0B       		.uleb128 0xb
 1371 00cd 3B       		.uleb128 0x3b
 1372 00ce 05       		.uleb128 0x5
 1373 00cf 49       		.uleb128 0x49
 1374 00d0 13       		.uleb128 0x13
 1375 00d1 38       		.uleb128 0x38
 1376 00d2 05       		.uleb128 0x5
 1377 00d3 00       		.byte	0
 1378 00d4 00       		.byte	0
 1379 00d5 12       		.uleb128 0x12
 1380 00d6 0D       		.uleb128 0xd
 1381 00d7 00       		.byte	0
 1382 00d8 03       		.uleb128 0x3
 1383 00d9 08       		.uleb128 0x8
 1384 00da 3A       		.uleb128 0x3a
 1385 00db 0B       		.uleb128 0xb
 1386 00dc 3B       		.uleb128 0x3b
 1387 00dd 0B       		.uleb128 0xb
 1388 00de 49       		.uleb128 0x49
 1389 00df 13       		.uleb128 0x13
 1390 00e0 38       		.uleb128 0x38
 1391 00e1 0B       		.uleb128 0xb
 1392 00e2 00       		.byte	0
 1393 00e3 00       		.byte	0
 1394 00e4 13       		.uleb128 0x13
 1395 00e5 13       		.uleb128 0x13
 1396 00e6 01       		.byte	0x1
 1397 00e7 0B       		.uleb128 0xb
 1398 00e8 0B       		.uleb128 0xb
 1399 00e9 3A       		.uleb128 0x3a
 1400 00ea 0B       		.uleb128 0xb
 1401 00eb 3B       		.uleb128 0x3b
 1402 00ec 0B       		.uleb128 0xb
 1403 00ed 01       		.uleb128 0x1
 1404 00ee 13       		.uleb128 0x13
 1405 00ef 00       		.byte	0
 1406 00f0 00       		.byte	0
 1407 00f1 14       		.uleb128 0x14
 1408 00f2 13       		.uleb128 0x13
 1409 00f3 01       		.byte	0x1
 1410 00f4 0B       		.uleb128 0xb
 1411 00f5 05       		.uleb128 0x5
 1412 00f6 3A       		.uleb128 0x3a
 1413 00f7 0B       		.uleb128 0xb
 1414 00f8 3B       		.uleb128 0x3b
 1415 00f9 0B       		.uleb128 0xb
 1416 00fa 01       		.uleb128 0x1
 1417 00fb 13       		.uleb128 0x13
 1418 00fc 00       		.byte	0
 1419 00fd 00       		.byte	0
 1420 00fe 15       		.uleb128 0x15
 1421 00ff 01       		.uleb128 0x1
 1422 0100 01       		.byte	0x1
 1423 0101 49       		.uleb128 0x49
 1424 0102 13       		.uleb128 0x13
 1425 0103 01       		.uleb128 0x1
ARM GAS  C:\Users\jo\AppData\Local\Temp\cc3vYXse.s 			page 26


 1426 0104 13       		.uleb128 0x13
 1427 0105 00       		.byte	0
 1428 0106 00       		.byte	0
 1429 0107 16       		.uleb128 0x16
 1430 0108 21       		.uleb128 0x21
 1431 0109 00       		.byte	0
 1432 010a 49       		.uleb128 0x49
 1433 010b 13       		.uleb128 0x13
 1434 010c 2F       		.uleb128 0x2f
 1435 010d 0B       		.uleb128 0xb
 1436 010e 00       		.byte	0
 1437 010f 00       		.byte	0
 1438 0110 17       		.uleb128 0x17
 1439 0111 17       		.uleb128 0x17
 1440 0112 01       		.byte	0x1
 1441 0113 0B       		.uleb128 0xb
 1442 0114 0B       		.uleb128 0xb
 1443 0115 3A       		.uleb128 0x3a
 1444 0116 0B       		.uleb128 0xb
 1445 0117 3B       		.uleb128 0x3b
 1446 0118 0B       		.uleb128 0xb
 1447 0119 01       		.uleb128 0x1
 1448 011a 13       		.uleb128 0x13
 1449 011b 00       		.byte	0
 1450 011c 00       		.byte	0
 1451 011d 18       		.uleb128 0x18
 1452 011e 0D       		.uleb128 0xd
 1453 011f 00       		.byte	0
 1454 0120 03       		.uleb128 0x3
 1455 0121 0E       		.uleb128 0xe
 1456 0122 3A       		.uleb128 0x3a
 1457 0123 0B       		.uleb128 0xb
 1458 0124 3B       		.uleb128 0x3b
 1459 0125 05       		.uleb128 0x5
 1460 0126 49       		.uleb128 0x49
 1461 0127 13       		.uleb128 0x13
 1462 0128 00       		.byte	0
 1463 0129 00       		.byte	0
 1464 012a 19       		.uleb128 0x19
 1465 012b 26       		.uleb128 0x26
 1466 012c 00       		.byte	0
 1467 012d 49       		.uleb128 0x49
 1468 012e 13       		.uleb128 0x13
 1469 012f 00       		.byte	0
 1470 0130 00       		.byte	0
 1471 0131 1A       		.uleb128 0x1a
 1472 0132 2E       		.uleb128 0x2e
 1473 0133 00       		.byte	0
 1474 0134 03       		.uleb128 0x3
 1475 0135 0E       		.uleb128 0xe
 1476 0136 3A       		.uleb128 0x3a
 1477 0137 0B       		.uleb128 0xb
 1478 0138 3B       		.uleb128 0x3b
 1479 0139 05       		.uleb128 0x5
 1480 013a 27       		.uleb128 0x27
 1481 013b 19       		.uleb128 0x19
 1482 013c 20       		.uleb128 0x20
ARM GAS  C:\Users\jo\AppData\Local\Temp\cc3vYXse.s 			page 27


 1483 013d 0B       		.uleb128 0xb
 1484 013e 00       		.byte	0
 1485 013f 00       		.byte	0
 1486 0140 1B       		.uleb128 0x1b
 1487 0141 2E       		.uleb128 0x2e
 1488 0142 01       		.byte	0x1
 1489 0143 3F       		.uleb128 0x3f
 1490 0144 19       		.uleb128 0x19
 1491 0145 03       		.uleb128 0x3
 1492 0146 0E       		.uleb128 0xe
 1493 0147 3A       		.uleb128 0x3a
 1494 0148 0B       		.uleb128 0xb
 1495 0149 3B       		.uleb128 0x3b
 1496 014a 0B       		.uleb128 0xb
 1497 014b 27       		.uleb128 0x27
 1498 014c 19       		.uleb128 0x19
 1499 014d 11       		.uleb128 0x11
 1500 014e 01       		.uleb128 0x1
 1501 014f 12       		.uleb128 0x12
 1502 0150 06       		.uleb128 0x6
 1503 0151 40       		.uleb128 0x40
 1504 0152 18       		.uleb128 0x18
 1505 0153 9742     		.uleb128 0x2117
 1506 0155 19       		.uleb128 0x19
 1507 0156 01       		.uleb128 0x1
 1508 0157 13       		.uleb128 0x13
 1509 0158 00       		.byte	0
 1510 0159 00       		.byte	0
 1511 015a 1C       		.uleb128 0x1c
 1512 015b 898201   		.uleb128 0x4109
 1513 015e 00       		.byte	0
 1514 015f 11       		.uleb128 0x11
 1515 0160 01       		.uleb128 0x1
 1516 0161 31       		.uleb128 0x31
 1517 0162 13       		.uleb128 0x13
 1518 0163 00       		.byte	0
 1519 0164 00       		.byte	0
 1520 0165 1D       		.uleb128 0x1d
 1521 0166 898201   		.uleb128 0x4109
 1522 0169 00       		.byte	0
 1523 016a 11       		.uleb128 0x11
 1524 016b 01       		.uleb128 0x1
 1525 016c 9542     		.uleb128 0x2115
 1526 016e 19       		.uleb128 0x19
 1527 016f 31       		.uleb128 0x31
 1528 0170 13       		.uleb128 0x13
 1529 0171 00       		.byte	0
 1530 0172 00       		.byte	0
 1531 0173 1E       		.uleb128 0x1e
 1532 0174 34       		.uleb128 0x34
 1533 0175 00       		.byte	0
 1534 0176 03       		.uleb128 0x3
 1535 0177 0E       		.uleb128 0xe
 1536 0178 3A       		.uleb128 0x3a
 1537 0179 0B       		.uleb128 0xb
 1538 017a 3B       		.uleb128 0x3b
 1539 017b 05       		.uleb128 0x5
ARM GAS  C:\Users\jo\AppData\Local\Temp\cc3vYXse.s 			page 28


 1540 017c 49       		.uleb128 0x49
 1541 017d 13       		.uleb128 0x13
 1542 017e 3F       		.uleb128 0x3f
 1543 017f 19       		.uleb128 0x19
 1544 0180 3C       		.uleb128 0x3c
 1545 0181 19       		.uleb128 0x19
 1546 0182 00       		.byte	0
 1547 0183 00       		.byte	0
 1548 0184 1F       		.uleb128 0x1f
 1549 0185 34       		.uleb128 0x34
 1550 0186 00       		.byte	0
 1551 0187 03       		.uleb128 0x3
 1552 0188 08       		.uleb128 0x8
 1553 0189 3A       		.uleb128 0x3a
 1554 018a 0B       		.uleb128 0xb
 1555 018b 3B       		.uleb128 0x3b
 1556 018c 05       		.uleb128 0x5
 1557 018d 49       		.uleb128 0x49
 1558 018e 13       		.uleb128 0x13
 1559 018f 3F       		.uleb128 0x3f
 1560 0190 19       		.uleb128 0x19
 1561 0191 3C       		.uleb128 0x3c
 1562 0192 19       		.uleb128 0x19
 1563 0193 00       		.byte	0
 1564 0194 00       		.byte	0
 1565 0195 20       		.uleb128 0x20
 1566 0196 2E       		.uleb128 0x2e
 1567 0197 00       		.byte	0
 1568 0198 3F       		.uleb128 0x3f
 1569 0199 19       		.uleb128 0x19
 1570 019a 03       		.uleb128 0x3
 1571 019b 0E       		.uleb128 0xe
 1572 019c 3A       		.uleb128 0x3a
 1573 019d 0B       		.uleb128 0xb
 1574 019e 3B       		.uleb128 0x3b
 1575 019f 05       		.uleb128 0x5
 1576 01a0 27       		.uleb128 0x27
 1577 01a1 19       		.uleb128 0x19
 1578 01a2 3C       		.uleb128 0x3c
 1579 01a3 19       		.uleb128 0x19
 1580 01a4 00       		.byte	0
 1581 01a5 00       		.byte	0
 1582 01a6 21       		.uleb128 0x21
 1583 01a7 2E       		.uleb128 0x2e
 1584 01a8 01       		.byte	0x1
 1585 01a9 3F       		.uleb128 0x3f
 1586 01aa 19       		.uleb128 0x19
 1587 01ab 03       		.uleb128 0x3
 1588 01ac 0E       		.uleb128 0xe
 1589 01ad 3A       		.uleb128 0x3a
 1590 01ae 0B       		.uleb128 0xb
 1591 01af 3B       		.uleb128 0x3b
 1592 01b0 05       		.uleb128 0x5
 1593 01b1 27       		.uleb128 0x27
 1594 01b2 19       		.uleb128 0x19
 1595 01b3 3C       		.uleb128 0x3c
 1596 01b4 19       		.uleb128 0x19
ARM GAS  C:\Users\jo\AppData\Local\Temp\cc3vYXse.s 			page 29


 1597 01b5 01       		.uleb128 0x1
 1598 01b6 13       		.uleb128 0x13
 1599 01b7 00       		.byte	0
 1600 01b8 00       		.byte	0
 1601 01b9 22       		.uleb128 0x22
 1602 01ba 2E       		.uleb128 0x2e
 1603 01bb 00       		.byte	0
 1604 01bc 3F       		.uleb128 0x3f
 1605 01bd 19       		.uleb128 0x19
 1606 01be 03       		.uleb128 0x3
 1607 01bf 0E       		.uleb128 0xe
 1608 01c0 3A       		.uleb128 0x3a
 1609 01c1 0B       		.uleb128 0xb
 1610 01c2 3B       		.uleb128 0x3b
 1611 01c3 0B       		.uleb128 0xb
 1612 01c4 27       		.uleb128 0x27
 1613 01c5 19       		.uleb128 0x19
 1614 01c6 3C       		.uleb128 0x3c
 1615 01c7 19       		.uleb128 0x19
 1616 01c8 00       		.byte	0
 1617 01c9 00       		.byte	0
 1618 01ca 00       		.byte	0
 1619              		.section	.debug_aranges,"",%progbits
 1620 0000 1C000000 		.4byte	0x1c
 1621 0004 0200     		.2byte	0x2
 1622 0006 00000000 		.4byte	.Ldebug_info0
 1623 000a 04       		.byte	0x4
 1624 000b 00       		.byte	0
 1625 000c 0000     		.2byte	0
 1626 000e 0000     		.2byte	0
 1627 0010 00000000 		.4byte	.LFB259
 1628 0014 2C000000 		.4byte	.LFE259-.LFB259
 1629 0018 00000000 		.4byte	0
 1630 001c 00000000 		.4byte	0
 1631              		.section	.debug_ranges,"",%progbits
 1632              	.Ldebug_ranges0:
 1633 0000 00000000 		.4byte	.LFB259
 1634 0004 2C000000 		.4byte	.LFE259
 1635 0008 00000000 		.4byte	0
 1636 000c 00000000 		.4byte	0
 1637              		.section	.debug_line,"",%progbits
 1638              	.Ldebug_line0:
 1639 0000 15030000 		.section	.debug_str,"MS",%progbits,1
 1639      0200ED02 
 1639      00000201 
 1639      FB0E0D00 
 1639      01010101 
 1640              	.LASF121:
 1641 0000 73746D33 		.ascii	"stm32_gpio_setup_t\000"
 1641      325F6770 
 1641      696F5F73 
 1641      65747570 
 1641      5F7400
 1642              	.LASF93:
 1643 0013 74625F70 		.ascii	"tb_ptr\000"
 1643      747200
 1644              	.LASF51:
ARM GAS  C:\Users\jo\AppData\Local\Temp\cc3vYXse.s 			page 30


 1645 001a 72656164 		.ascii	"ready_list_t\000"
 1645      795F6C69 
 1645      73745F74 
 1645      00
 1646              	.LASF140:
 1647 0027 7374496E 		.ascii	"stInit\000"
 1647      697400
 1648              	.LASF101:
 1649 002e 77747472 		.ascii	"wttrp\000"
 1649      7000
 1650              	.LASF98:
 1651 0034 7264796D 		.ascii	"rdymsg\000"
 1651      736700
 1652              	.LASF16:
 1653 003b 75696E74 		.ascii	"uint64_t\000"
 1653      36345F74 
 1653      00
 1654              	.LASF5:
 1655 0044 5F5F7569 		.ascii	"__uint8_t\000"
 1655      6E74385F 
 1655      7400
 1656              	.LASF86:
 1657 004e 706F7274 		.ascii	"port_intctx\000"
 1657      5F696E74 
 1657      63747800 
 1658              	.LASF70:
 1659 005a 73797374 		.ascii	"system_debug_t\000"
 1659      656D5F64 
 1659      65627567 
 1659      5F7400
 1660              	.LASF129:
 1661 0069 50484461 		.ascii	"PHData\000"
 1661      746100
 1662              	.LASF12:
 1663 0070 6C6F6E67 		.ascii	"long long unsigned int\000"
 1663      206C6F6E 
 1663      6720756E 
 1663      7369676E 
 1663      65642069 
 1664              	.LASF95:
 1665 0087 63685F74 		.ascii	"ch_trace_buffer_t\000"
 1665      72616365 
 1665      5F627566 
 1665      6665725F 
 1665      7400
 1666              	.LASF90:
 1667 0099 73655F73 		.ascii	"se_state\000"
 1667      74617465 
 1667      00
 1668              	.LASF118:
 1669 00a2 70757064 		.ascii	"pupdr\000"
 1669      7200
 1670              	.LASF99:
 1671 00a8 65786974 		.ascii	"exitcode\000"
 1671      636F6465 
 1671      00
 1672              	.LASF80:
ARM GAS  C:\Users\jo\AppData\Local\Temp\cc3vYXse.s 			page 31


 1673 00b1 6D61696E 		.ascii	"mainthread\000"
 1673      74687265 
 1673      616400
 1674              	.LASF67:
 1675 00bc 76697274 		.ascii	"virtual_timers_list_t\000"
 1675      75616C5F 
 1675      74696D65 
 1675      72735F6C 
 1675      6973745F 
 1676              	.LASF132:
 1677 00d2 49544D5F 		.ascii	"ITM_RxBuffer\000"
 1677      52784275 
 1677      66666572 
 1677      00
 1678              	.LASF50:
 1679 00df 63685F74 		.ascii	"ch_threads_queue\000"
 1679      68726561 
 1679      64735F71 
 1679      75657565 
 1679      00
 1680              	.LASF29:
 1681 00f0 705F7072 		.ascii	"p_prio\000"
 1681      696F00
 1682              	.LASF143:
 1683 00f7 433A5C55 		.ascii	"C:\\Users\\jo\\Documents\\GitHub\\ChibiOS\\demos\\S"
 1683      73657273 
 1683      5C6A6F5C 
 1683      446F6375 
 1683      6D656E74 
 1684 0123 544D3332 		.ascii	"TM32\\RT-STM32F407-DISCOVERY-uHttp\000"
 1684      5C52542D 
 1684      53544D33 
 1684      32463430 
 1684      372D4449 
 1685              	.LASF10:
 1686 0145 6C6F6E67 		.ascii	"long long int\000"
 1686      206C6F6E 
 1686      6720696E 
 1686      7400
 1687              	.LASF1:
 1688 0153 7369676E 		.ascii	"signed char\000"
 1688      65642063 
 1688      68617200 
 1689              	.LASF87:
 1690 015f 73655F74 		.ascii	"se_time\000"
 1690      696D6500 
 1691              	.LASF137:
 1692 0167 75617274 		.ascii	"uartInit\000"
 1692      496E6974 
 1692      00
 1693              	.LASF44:
 1694 0170 705F6D70 		.ascii	"p_mpool\000"
 1694      6F6F6C00 
 1695              	.LASF109:
 1696 0178 6D5F7175 		.ascii	"m_queue\000"
 1696      65756500 
 1697              	.LASF115:
ARM GAS  C:\Users\jo\AppData\Local\Temp\cc3vYXse.s 			page 32


 1698 0180 6D6F6465 		.ascii	"moder\000"
 1698      7200
 1699              	.LASF77:
 1700 0186 63685F73 		.ascii	"ch_system\000"
 1700      79737465 
 1700      6D00
 1701              	.LASF7:
 1702 0190 6C6F6E67 		.ascii	"long int\000"
 1702      20696E74 
 1702      00
 1703              	.LASF126:
 1704 0199 50454461 		.ascii	"PEData\000"
 1704      746100
 1705              	.LASF19:
 1706 01a0 74737461 		.ascii	"tstate_t\000"
 1706      74655F74 
 1706      00
 1707              	.LASF88:
 1708 01a9 73655F74 		.ascii	"se_tp\000"
 1708      7000
 1709              	.LASF142:
 1710 01af 2E2E2F2E 		.ascii	"../../../os/hal/src/hal.c\000"
 1710      2E2F2E2E 
 1710      2F6F732F 
 1710      68616C2F 
 1710      7372632F 
 1711              	.LASF31:
 1712 01c9 705F6E65 		.ascii	"p_newer\000"
 1712      77657200 
 1713              	.LASF106:
 1714 01d1 735F7175 		.ascii	"s_queue\000"
 1714      65756500 
 1715              	.LASF135:
 1716 01d9 6D616349 		.ascii	"macInit\000"
 1716      6E697400 
 1717              	.LASF92:
 1718 01e1 74625F73 		.ascii	"tb_size\000"
 1718      697A6500 
 1719              	.LASF56:
 1720 01e9 725F6E65 		.ascii	"r_newer\000"
 1720      77657200 
 1721              	.LASF83:
 1722 01f1 72656761 		.ascii	"regarm_t\000"
 1722      726D5F74 
 1722      00
 1723              	.LASF63:
 1724 01fa 76745F70 		.ascii	"vt_prev\000"
 1724      72657600 
 1725              	.LASF79:
 1726 0202 76746C69 		.ascii	"vtlist\000"
 1726      737400
 1727              	.LASF113:
 1728 0209 6D757465 		.ascii	"mutex_t\000"
 1728      785F7400 
 1729              	.LASF123:
 1730 0211 50424461 		.ascii	"PBData\000"
 1730      746100
ARM GAS  C:\Users\jo\AppData\Local\Temp\cc3vYXse.s 			page 33


 1731              	.LASF74:
 1732 0218 6C6F636B 		.ascii	"lock_cnt\000"
 1732      5F636E74 
 1732      00
 1733              	.LASF81:
 1734 0221 69646C65 		.ascii	"idle_thread_wa\000"
 1734      5F746872 
 1734      6561645F 
 1734      776100
 1735              	.LASF24:
 1736 0230 636E745F 		.ascii	"cnt_t\000"
 1736      7400
 1737              	.LASF34:
 1738 0236 705F7374 		.ascii	"p_stklimit\000"
 1738      6B6C696D 
 1738      697400
 1739              	.LASF0:
 1740 0241 756E7369 		.ascii	"unsigned int\000"
 1740      676E6564 
 1740      20696E74 
 1740      00
 1741              	.LASF62:
 1742 024e 76745F6E 		.ascii	"vt_next\000"
 1742      65787400 
 1743              	.LASF102:
 1744 0256 77747365 		.ascii	"wtsemp\000"
 1744      6D7000
 1745              	.LASF39:
 1746 025d 705F6D73 		.ascii	"p_msgqueue\000"
 1746      67717565 
 1746      756500
 1747              	.LASF145:
 1748 0268 68616C49 		.ascii	"halInit\000"
 1748      6E697400 
 1749              	.LASF117:
 1750 0270 6F737065 		.ascii	"ospeedr\000"
 1750      65647200 
 1751              	.LASF89:
 1752 0278 73655F77 		.ascii	"se_wtobjp\000"
 1752      746F626A 
 1752      7000
 1753              	.LASF116:
 1754 0282 6F747970 		.ascii	"otyper\000"
 1754      657200
 1755              	.LASF4:
 1756 0289 73686F72 		.ascii	"short unsigned int\000"
 1756      7420756E 
 1756      7369676E 
 1756      65642069 
 1756      6E7400
 1757              	.LASF127:
 1758 029c 50464461 		.ascii	"PFData\000"
 1758      746100
 1759              	.LASF47:
 1760 02a3 63685F74 		.ascii	"ch_thread\000"
 1760      68726561 
 1760      6400
ARM GAS  C:\Users\jo\AppData\Local\Temp\cc3vYXse.s 			page 34


 1761              	.LASF22:
 1762 02ad 6D73675F 		.ascii	"msg_t\000"
 1762      7400
 1763              	.LASF76:
 1764 02b3 63685F73 		.ascii	"ch_system_t\000"
 1764      79737465 
 1764      6D5F7400 
 1765              	.LASF18:
 1766 02bf 746D6F64 		.ascii	"tmode_t\000"
 1766      655F7400 
 1767              	.LASF52:
 1768 02c7 63685F72 		.ascii	"ch_ready_list\000"
 1768      65616479 
 1768      5F6C6973 
 1768      7400
 1769              	.LASF23:
 1770 02d5 6576656E 		.ascii	"eventmask_t\000"
 1770      746D6173 
 1770      6B5F7400 
 1771              	.LASF6:
 1772 02e1 5F5F696E 		.ascii	"__int32_t\000"
 1772      7433325F 
 1772      7400
 1773              	.LASF128:
 1774 02eb 50474461 		.ascii	"PGData\000"
 1774      746100
 1775              	.LASF141:
 1776 02f2 474E5520 		.ascii	"GNU C 4.9.3 20141119 (release) [ARM/embedded-4_9-br"
 1776      4320342E 
 1776      392E3320 
 1776      32303134 
 1776      31313139 
 1777 0325 616E6368 		.ascii	"anch revision 218278] -mcpu=cortex-m4 -mno-thumb-in"
 1777      20726576 
 1777      6973696F 
 1777      6E203231 
 1777      38323738 
 1778 0358 74657277 		.ascii	"terwork -mthumb -ggdb -O2 -fomit-frame-pointer -fal"
 1778      6F726B20 
 1778      2D6D7468 
 1778      756D6220 
 1778      2D676764 
 1779 038b 69676E2D 		.ascii	"ign-functions=16 -ffunction-sections -fdata-section"
 1779      66756E63 
 1779      74696F6E 
 1779      733D3136 
 1779      202D6666 
 1780 03be 73202D66 		.ascii	"s -fno-common\000"
 1780      6E6F2D63 
 1780      6F6D6D6F 
 1780      6E00
 1781              	.LASF84:
 1782 03cc 73746B61 		.ascii	"stkalign_t\000"
 1782      6C69676E 
 1782      5F7400
 1783              	.LASF38:
 1784 03d7 705F7761 		.ascii	"p_waiting\000"
ARM GAS  C:\Users\jo\AppData\Local\Temp\cc3vYXse.s 			page 35


 1784      6974696E 
 1784      6700
 1785              	.LASF82:
 1786 03e1 73697A65 		.ascii	"sizetype\000"
 1786      74797065 
 1786      00
 1787              	.LASF45:
 1788 03ea 74687265 		.ascii	"thread_reference_t\000"
 1788      61645F72 
 1788      65666572 
 1788      656E6365 
 1788      5F7400
 1789              	.LASF68:
 1790 03fd 63685F76 		.ascii	"ch_virtual_timers_list\000"
 1790      69727475 
 1790      616C5F74 
 1790      696D6572 
 1790      735F6C69 
 1791              	.LASF91:
 1792 0414 63685F73 		.ascii	"ch_swc_event_t\000"
 1792      77635F65 
 1792      76656E74 
 1792      5F7400
 1793              	.LASF69:
 1794 0423 76745F6C 		.ascii	"vt_lasttime\000"
 1794      61737474 
 1794      696D6500 
 1795              	.LASF32:
 1796 042f 705F6F6C 		.ascii	"p_older\000"
 1796      64657200 
 1797              	.LASF55:
 1798 0437 725F6374 		.ascii	"r_ctx\000"
 1798      7800
 1799              	.LASF97:
 1800 043d 746D5F63 		.ascii	"tm_calibration_t\000"
 1800      616C6962 
 1800      72617469 
 1800      6F6E5F74 
 1800      00
 1801              	.LASF120:
 1802 044e 61667268 		.ascii	"afrh\000"
 1802      00
 1803              	.LASF125:
 1804 0453 50444461 		.ascii	"PDData\000"
 1804      746100
 1805              	.LASF58:
 1806 045a 725F6375 		.ascii	"r_current\000"
 1806      7272656E 
 1806      7400
 1807              	.LASF57:
 1808 0464 725F6F6C 		.ascii	"r_older\000"
 1808      64657200 
 1809              	.LASF11:
 1810 046c 5F5F7569 		.ascii	"__uint64_t\000"
 1810      6E743634 
 1810      5F7400
 1811              	.LASF20:
ARM GAS  C:\Users\jo\AppData\Local\Temp\cc3vYXse.s 			page 36


 1812 0477 74726566 		.ascii	"trefs_t\000"
 1812      735F7400 
 1813              	.LASF94:
 1814 047f 74625F62 		.ascii	"tb_buffer\000"
 1814      75666665 
 1814      7200
 1815              	.LASF60:
 1816 0489 76697274 		.ascii	"virtual_timer_t\000"
 1816      75616C5F 
 1816      74696D65 
 1816      725F7400 
 1817              	.LASF28:
 1818 0499 705F7072 		.ascii	"p_prev\000"
 1818      657600
 1819              	.LASF144:
 1820 04a0 6F73616C 		.ascii	"osalInit\000"
 1820      496E6974 
 1820      00
 1821              	.LASF21:
 1822 04a9 74707269 		.ascii	"tprio_t\000"
 1822      6F5F7400 
 1823              	.LASF71:
 1824 04b1 63685F73 		.ascii	"ch_system_debug\000"
 1824      79737465 
 1824      6D5F6465 
 1824      62756700 
 1825              	.LASF114:
 1826 04c1 5F426F6F 		.ascii	"_Bool\000"
 1826      6C00
 1827              	.LASF14:
 1828 04c7 696E7433 		.ascii	"int32_t\000"
 1828      325F7400 
 1829              	.LASF2:
 1830 04cf 756E7369 		.ascii	"unsigned char\000"
 1830      676E6564 
 1830      20636861 
 1830      7200
 1831              	.LASF119:
 1832 04dd 6166726C 		.ascii	"afrl\000"
 1832      00
 1833              	.LASF107:
 1834 04e2 735F636E 		.ascii	"s_cnt\000"
 1834      7400
 1835              	.LASF42:
 1836 04e8 705F6D74 		.ascii	"p_mtxlist\000"
 1836      786C6973 
 1836      7400
 1837              	.LASF3:
 1838 04f2 73686F72 		.ascii	"short int\000"
 1838      7420696E 
 1838      7400
 1839              	.LASF35:
 1840 04fc 705F7374 		.ascii	"p_state\000"
 1840      61746500 
 1841              	.LASF139:
 1842 0504 626F6172 		.ascii	"boardInit\000"
 1842      64496E69 
ARM GAS  C:\Users\jo\AppData\Local\Temp\cc3vYXse.s 			page 37


 1842      7400
 1843              	.LASF54:
 1844 050e 725F7072 		.ascii	"r_prio\000"
 1844      696F00
 1845              	.LASF122:
 1846 0515 50414461 		.ascii	"PAData\000"
 1846      746100
 1847              	.LASF104:
 1848 051c 65776D61 		.ascii	"ewmask\000"
 1848      736B00
 1849              	.LASF27:
 1850 0523 705F6E65 		.ascii	"p_next\000"
 1850      787400
 1851              	.LASF36:
 1852 052a 705F666C 		.ascii	"p_flags\000"
 1852      61677300 
 1853              	.LASF130:
 1854 0532 50494461 		.ascii	"PIData\000"
 1854      746100
 1855              	.LASF61:
 1856 0539 63685F76 		.ascii	"ch_virtual_timer\000"
 1856      69727475 
 1856      616C5F74 
 1856      696D6572 
 1856      00
 1857              	.LASF105:
 1858 054a 63685F73 		.ascii	"ch_semaphore\000"
 1858      656D6170 
 1858      686F7265 
 1858      00
 1859              	.LASF41:
 1860 0557 705F6570 		.ascii	"p_epending\000"
 1860      656E6469 
 1860      6E6700
 1861              	.LASF15:
 1862 0562 75696E74 		.ascii	"uint32_t\000"
 1862      33325F74 
 1862      00
 1863              	.LASF103:
 1864 056b 77746D74 		.ascii	"wtmtxp\000"
 1864      787000
 1865              	.LASF53:
 1866 0572 725F7175 		.ascii	"r_queue\000"
 1866      65756500 
 1867              	.LASF64:
 1868 057a 76745F64 		.ascii	"vt_delta\000"
 1868      656C7461 
 1868      00
 1869              	.LASF48:
 1870 0583 63685F74 		.ascii	"ch_threads_list\000"
 1870      68726561 
 1870      64735F6C 
 1870      69737400 
 1871              	.LASF9:
 1872 0593 6C6F6E67 		.ascii	"long unsigned int\000"
 1872      20756E73 
 1872      69676E65 
ARM GAS  C:\Users\jo\AppData\Local\Temp\cc3vYXse.s 			page 38


 1872      6420696E 
 1872      7400
 1873              	.LASF112:
 1874 05a5 63686172 		.ascii	"char\000"
 1874      00
 1875              	.LASF26:
 1876 05aa 74687265 		.ascii	"thread_t\000"
 1876      61645F74 
 1876      00
 1877              	.LASF111:
 1878 05b3 6D5F6E65 		.ascii	"m_next\000"
 1878      787400
 1879              	.LASF25:
 1880 05ba 73797374 		.ascii	"systime_t\000"
 1880      696D655F 
 1880      7400
 1881              	.LASF43:
 1882 05c4 705F7265 		.ascii	"p_realprio\000"
 1882      616C7072 
 1882      696F00
 1883              	.LASF59:
 1884 05cf 76746675 		.ascii	"vtfunc_t\000"
 1884      6E635F74 
 1884      00
 1885              	.LASF8:
 1886 05d8 5F5F7569 		.ascii	"__uint32_t\000"
 1886      6E743332 
 1886      5F7400
 1887              	.LASF72:
 1888 05e3 70616E69 		.ascii	"panic_msg\000"
 1888      635F6D73 
 1888      6700
 1889              	.LASF96:
 1890 05ed 6F666673 		.ascii	"offset\000"
 1890      657400
 1891              	.LASF85:
 1892 05f4 636F6E74 		.ascii	"context\000"
 1892      65787400 
 1893              	.LASF134:
 1894 05fc 68616C5F 		.ascii	"hal_lld_init\000"
 1894      6C6C645F 
 1894      696E6974 
 1894      00
 1895              	.LASF17:
 1896 0609 7274636E 		.ascii	"rtcnt_t\000"
 1896      745F7400 
 1897              	.LASF66:
 1898 0611 76745F70 		.ascii	"vt_par\000"
 1898      617200
 1899              	.LASF49:
 1900 0618 74687265 		.ascii	"threads_queue_t\000"
 1900      6164735F 
 1900      71756575 
 1900      655F7400 
 1901              	.LASF108:
 1902 0628 63685F6D 		.ascii	"ch_mutex\000"
 1902      75746578 
ARM GAS  C:\Users\jo\AppData\Local\Temp\cc3vYXse.s 			page 39


 1902      00
 1903              	.LASF37:
 1904 0631 705F7265 		.ascii	"p_refs\000"
 1904      667300
 1905              	.LASF73:
 1906 0638 6973725F 		.ascii	"isr_cnt\000"
 1906      636E7400 
 1907              	.LASF146:
 1908 0640 5F70616C 		.ascii	"_pal_lld_init\000"
 1908      5F6C6C64 
 1908      5F696E69 
 1908      7400
 1909              	.LASF78:
 1910 064e 726C6973 		.ascii	"rlist\000"
 1910      7400
 1911              	.LASF13:
 1912 0654 75696E74 		.ascii	"uint8_t\000"
 1912      385F7400 
 1913              	.LASF100:
 1914 065c 77746F62 		.ascii	"wtobjp\000"
 1914      6A7000
 1915              	.LASF33:
 1916 0663 705F6E61 		.ascii	"p_name\000"
 1916      6D6500
 1917              	.LASF124:
 1918 066a 50434461 		.ascii	"PCData\000"
 1918      746100
 1919              	.LASF46:
 1920 0671 74687265 		.ascii	"threads_list_t\000"
 1920      6164735F 
 1920      6C697374 
 1920      5F7400
 1921              	.LASF75:
 1922 0680 74726163 		.ascii	"trace_buffer\000"
 1922      655F6275 
 1922      66666572 
 1922      00
 1923              	.LASF40:
 1924 068d 705F6D73 		.ascii	"p_msg\000"
 1924      6700
 1925              	.LASF136:
 1926 0693 7364496E 		.ascii	"sdInit\000"
 1926      697400
 1927              	.LASF138:
 1928 069a 72746349 		.ascii	"rtcInit\000"
 1928      6E697400 
 1929              	.LASF131:
 1930 06a2 50414C43 		.ascii	"PALConfig\000"
 1930      6F6E6669 
 1930      6700
 1931              	.LASF110:
 1932 06ac 6D5F6F77 		.ascii	"m_owner\000"
 1932      6E657200 
 1933              	.LASF133:
 1934 06b4 70616C5F 		.ascii	"pal_default_config\000"
 1934      64656661 
 1934      756C745F 
ARM GAS  C:\Users\jo\AppData\Local\Temp\cc3vYXse.s 			page 40


 1934      636F6E66 
 1934      696700
 1935              	.LASF30:
 1936 06c7 705F6374 		.ascii	"p_ctx\000"
 1936      7800
 1937              	.LASF65:
 1938 06cd 76745F66 		.ascii	"vt_func\000"
 1938      756E6300 
 1939              		.ident	"GCC: (GNU Tools for ARM Embedded Processors) 4.9.3 20141119 (release) [ARM/embedded-4_9-br
ARM GAS  C:\Users\jo\AppData\Local\Temp\cc3vYXse.s 			page 41


DEFINED SYMBOLS
                            *ABS*:00000000 hal.c
C:\Users\jo\AppData\Local\Temp\cc3vYXse.s:19     .text.halInit:00000000 $t
C:\Users\jo\AppData\Local\Temp\cc3vYXse.s:25     .text.halInit:00000000 halInit
C:\Users\jo\AppData\Local\Temp\cc3vYXse.s:69     .text.halInit:00000028 $d
                     .debug_frame:00000010 $d
C:\Users\jo\AppData\Local\Temp\cc3vYXse.s:73     .text.halInit:0000002c $t

UNDEFINED SYMBOLS
hal_lld_init
_pal_lld_init
macInit
sdInit
uartInit
rtcInit
boardInit
stInit
pal_default_config
