ARM GAS  C:\Users\jo\AppData\Local\Temp\ccyAZtvz.s 			page 1


   1              		.syntax unified
   2              		.cpu cortex-m4
   3              		.fpu softvfp
   4              		.eabi_attribute 20, 1
   5              		.eabi_attribute 21, 1
   6              		.eabi_attribute 23, 3
   7              		.eabi_attribute 24, 1
   8              		.eabi_attribute 25, 1
   9              		.eabi_attribute 26, 1
  10              		.eabi_attribute 30, 2
  11              		.eabi_attribute 34, 1
  12              		.eabi_attribute 18, 4
  13              		.thumb
  14              		.file	"hal_lld.c"
  15              		.text
  16              	.Ltext0:
  17              		.cfi_sections	.debug_frame
  18              		.section	.text.hal_lld_init,"ax",%progbits
  19              		.align	2
  20              		.p2align 4,,15
  21              		.global	hal_lld_init
  22              		.thumb
  23              		.thumb_func
  24              		.type	hal_lld_init, %function
  25              	hal_lld_init:
  26              	.LFB260:
  27              		.file 1 "../../../os/hal/ports/STM32/STM32F4xx/hal_lld.c"
  28              		.loc 1 114 0
  29              		.cfi_startproc
  30              		@ args = 0, pretend = 0, frame = 0
  31              		@ frame_needed = 0, uses_anonymous_args = 0
  32              		@ link register save eliminated.
  33              		.loc 1 118 0
  34 0000 1D4B     		ldr	r3, .L9
  35 0002 4FF0FF31 		mov	r1, #-1
  36 0006 1A69     		ldr	r2, [r3, #16]
  37 0008 0022     		movs	r2, #0
  38              		.loc 1 114 0
  39 000a 10B4     		push	{r4}
  40              		.cfi_def_cfa_offset 4
  41              		.cfi_offset 4, -4
  42              		.loc 1 118 0
  43 000c 1961     		str	r1, [r3, #16]
  44 000e 1A61     		str	r2, [r3, #16]
  45              		.loc 1 119 0
  46 0010 5869     		ldr	r0, [r3, #20]
  47 0012 5961     		str	r1, [r3, #20]
  48 0014 5A61     		str	r2, [r3, #20]
  49              		.loc 1 120 0
  50 0016 186A     		ldr	r0, [r3, #32]
  51              	.LBB4:
  52              	.LBB5:
  53              		.loc 1 57 0
  54 0018 184C     		ldr	r4, .L9+4
  55              	.LBE5:
  56              	.LBE4:
  57              		.loc 1 120 0
ARM GAS  C:\Users\jo\AppData\Local\Temp\ccyAZtvz.s 			page 2


  58 001a 60F08050 		orn	r0, r0, #268435456
  59 001e 1862     		str	r0, [r3, #32]
  60 0020 1A62     		str	r2, [r3, #32]
  61              		.loc 1 121 0
  62 0022 586A     		ldr	r0, [r3, #36]
  63 0024 5962     		str	r1, [r3, #36]
  64 0026 5A62     		str	r2, [r3, #36]
  65              		.loc 1 124 0
  66 0028 196C     		ldr	r1, [r3, #64]
  67 002a 41F08051 		orr	r1, r1, #268435456
  68 002e 1964     		str	r1, [r3, #64]
  69              	.LBB8:
  70              	.LBB6:
  71              		.loc 1 57 0
  72 0030 2168     		ldr	r1, [r4]
  73 0032 41F48071 		orr	r1, r1, #256
  74 0036 2160     		str	r1, [r4]
  75              		.loc 1 60 0
  76 0038 196F     		ldr	r1, [r3, #112]
  77 003a 01F44071 		and	r1, r1, #768
  78 003e B1F5007F 		cmp	r1, #512
  79 0042 03D0     		beq	.L2
  80              		.loc 1 62 0
  81 0044 4FF48031 		mov	r1, #65536
  82 0048 1967     		str	r1, [r3, #112]
  83              		.loc 1 63 0
  84 004a 1A67     		str	r2, [r3, #112]
  85              	.L2:
  86              		.loc 1 81 0
  87 004c 0A4B     		ldr	r3, .L9
  88 004e 1A6F     		ldr	r2, [r3, #112]
  89 0050 1204     		lsls	r2, r2, #16
  90 0052 07D4     		bmi	.L3
  91              		.loc 1 83 0
  92 0054 1A6F     		ldr	r2, [r3, #112]
  93 0056 42F40072 		orr	r2, r2, #512
  94 005a 1A67     		str	r2, [r3, #112]
  95              		.loc 1 86 0
  96 005c 1A6F     		ldr	r2, [r3, #112]
  97 005e 42F40042 		orr	r2, r2, #32768
  98 0062 1A67     		str	r2, [r3, #112]
  99              	.L3:
 100              		.loc 1 97 0
 101 0064 054A     		ldr	r2, .L9+4
 102              	.LBE6:
 103              	.LBE8:
 104              		.loc 1 137 0
 105 0066 5DF8044B 		ldr	r4, [sp], #4
 106              		.cfi_restore 4
 107              		.cfi_def_cfa_offset 0
 108              	.LBB9:
 109              	.LBB7:
 110              		.loc 1 97 0
 111 006a 5368     		ldr	r3, [r2, #4]
 112 006c 23F40073 		bic	r3, r3, #512
 113 0070 5360     		str	r3, [r2, #4]
 114              	.LBE7:
ARM GAS  C:\Users\jo\AppData\Local\Temp\ccyAZtvz.s 			page 3


 115              	.LBE9:
 116              		.loc 1 130 0
 117 0072 FFF7FEBF 		b	dmaInit
 118              	.LVL0:
 119              	.L10:
 120 0076 00BF     		.align	2
 121              	.L9:
 122 0078 00380240 		.word	1073887232
 123 007c 00700040 		.word	1073770496
 124              		.cfi_endproc
 125              	.LFE260:
 126              		.size	hal_lld_init, .-hal_lld_init
 127              		.section	.text.stm32_clock_init,"ax",%progbits
 128              		.align	2
 129              		.p2align 4,,15
 130              		.global	stm32_clock_init
 131              		.thumb
 132              		.thumb_func
 133              		.type	stm32_clock_init, %function
 134              	stm32_clock_init:
 135              	.LFB261:
 136              		.loc 1 146 0
 137              		.cfi_startproc
 138              		@ args = 0, pretend = 0, frame = 0
 139              		@ frame_needed = 0, uses_anonymous_args = 0
 140              		@ link register save eliminated.
 141              		.loc 1 150 0
 142 0000 2C49     		ldr	r1, .L32
 143              		.loc 1 154 0
 144 0002 2D4B     		ldr	r3, .L32+4
 145              		.loc 1 150 0
 146 0004 4FF08050 		mov	r0, #268435456
 147              		.loc 1 154 0
 148 0008 4FF44042 		mov	r2, #49152
 149              		.loc 1 150 0
 150 000c 0864     		str	r0, [r1, #64]
 151              		.loc 1 154 0
 152 000e 1A60     		str	r2, [r3]
 153              		.loc 1 161 0
 154 0010 0B68     		ldr	r3, [r1]
 155 0012 43F00103 		orr	r3, r3, #1
 156 0016 0B60     		str	r3, [r1]
 157              	.L12:
 158              		.loc 1 162 0 discriminator 1
 159 0018 0A68     		ldr	r2, [r1]
 160 001a 264B     		ldr	r3, .L32
 161 001c 9007     		lsls	r0, r2, #30
 162 001e FBD5     		bpl	.L12
 163              		.loc 1 168 0
 164 0020 9A68     		ldr	r2, [r3, #8]
 165 0022 22F00302 		bic	r2, r2, #3
 166 0026 9A60     		str	r2, [r3, #8]
 167              		.loc 1 169 0
 168 0028 9A68     		ldr	r2, [r3, #8]
 169 002a 9A60     		str	r2, [r3, #8]
 170              		.loc 1 170 0
 171 002c 1946     		mov	r1, r3
ARM GAS  C:\Users\jo\AppData\Local\Temp\ccyAZtvz.s 			page 4


 172              	.L13:
 173              		.loc 1 170 0 is_stmt 0 discriminator 1
 174 002e 8B68     		ldr	r3, [r1, #8]
 175 0030 204A     		ldr	r2, .L32
 176 0032 13F00C03 		ands	r3, r3, #12
 177 0036 FAD1     		bne	.L13
 178              		.loc 1 174 0 is_stmt 1
 179 0038 1168     		ldr	r1, [r2]
 180 003a 01F0F901 		and	r1, r1, #249
 181 003e 1160     		str	r1, [r2]
 182              		.loc 1 175 0
 183 0040 9360     		str	r3, [r2, #8]
 184              		.loc 1 184 0
 185 0042 1368     		ldr	r3, [r2]
 186 0044 43F48033 		orr	r3, r3, #65536
 187 0048 1360     		str	r3, [r2]
 188              	.L14:
 189              		.loc 1 186 0 discriminator 1
 190 004a 1168     		ldr	r1, [r2]
 191 004c 194B     		ldr	r3, .L32
 192 004e 8903     		lsls	r1, r1, #14
 193 0050 FBD5     		bpl	.L14
 194              		.loc 1 192 0
 195 0052 5A6F     		ldr	r2, [r3, #116]
 196 0054 42F00102 		orr	r2, r2, #1
 197 0058 5A67     		str	r2, [r3, #116]
 198              	.L15:
 199              		.loc 1 193 0 discriminator 1
 200 005a 5A6F     		ldr	r2, [r3, #116]
 201 005c 1549     		ldr	r1, .L32
 202 005e 9007     		lsls	r0, r2, #30
 203 0060 FBD5     		bpl	.L15
 204              		.loc 1 199 0
 205 0062 164B     		ldr	r3, .L32+8
 206 0064 4B60     		str	r3, [r1, #4]
 207              		.loc 1 201 0
 208 0066 0B68     		ldr	r3, [r1]
 209              		.loc 1 205 0
 210 0068 134A     		ldr	r2, .L32+4
 211              		.loc 1 201 0
 212 006a 43F08073 		orr	r3, r3, #16777216
 213 006e 0B60     		str	r3, [r1]
 214              	.L16:
 215              		.loc 1 205 0 discriminator 1
 216 0070 5368     		ldr	r3, [r2, #4]
 217 0072 5904     		lsls	r1, r3, #17
 218 0074 FCD5     		bpl	.L16
 219              		.loc 1 221 0 discriminator 1
 220 0076 0F49     		ldr	r1, .L32
 221              	.L26:
 222 0078 0A68     		ldr	r2, [r1]
 223 007a 0E4B     		ldr	r3, .L32
 224 007c 9201     		lsls	r2, r2, #6
 225 007e FBD5     		bpl	.L26
 226              		.loc 1 260 0
 227 0080 0F4A     		ldr	r2, .L32+12
 228              		.loc 1 247 0
ARM GAS  C:\Users\jo\AppData\Local\Temp\ccyAZtvz.s 			page 5


 229 0082 1049     		ldr	r1, .L32+16
 230 0084 9960     		str	r1, [r3, #8]
 231              		.loc 1 260 0
 232 0086 40F20471 		movw	r1, #1796
 233 008a 1160     		str	r1, [r2]
 234              		.loc 1 266 0
 235 008c 9A68     		ldr	r2, [r3, #8]
 236 008e 42F00202 		orr	r2, r2, #2
 237 0092 9A60     		str	r2, [r3, #8]
 238              		.loc 1 267 0
 239 0094 1A46     		mov	r2, r3
 240              	.L18:
 241              		.loc 1 267 0 is_stmt 0 discriminator 1
 242 0096 9368     		ldr	r3, [r2, #8]
 243 0098 0649     		ldr	r1, .L32
 244 009a 03F00C03 		and	r3, r3, #12
 245 009e 082B     		cmp	r3, #8
 246 00a0 F9D1     		bne	.L18
 247              		.loc 1 274 0 is_stmt 1
 248 00a2 4B6C     		ldr	r3, [r1, #68]
 249 00a4 43F48043 		orr	r3, r3, #16384
 250 00a8 4B64     		str	r3, [r1, #68]
 251 00aa 4B6E     		ldr	r3, [r1, #100]
 252 00ac 43F48043 		orr	r3, r3, #16384
 253 00b0 4B66     		str	r3, [r1, #100]
 254 00b2 7047     		bx	lr
 255              	.L33:
 256              		.align	2
 257              	.L32:
 258 00b4 00380240 		.word	1073887232
 259 00b8 00700040 		.word	1073770496
 260 00bc 194B4007 		.word	121654041
 261 00c0 003C0240 		.word	1073888256
 262 00c4 0094683D 		.word	1030263808
 263              		.cfi_endproc
 264              	.LFE261:
 265              		.size	stm32_clock_init, .-stm32_clock_init
 266              		.global	SystemCoreClock
 267 00c8 AFF30080 		.section	.data.SystemCoreClock,"aw",%progbits
 267      AFF30080 
 268              		.align	2
 269              		.type	SystemCoreClock, %object
 270              		.size	SystemCoreClock, 4
 271              	SystemCoreClock:
 272 0000 80D1F008 		.word	150000000
 273              		.text
 274              	.Letext0:
 275              		.file 2 "c:\\program files\\gnu tools arm embedded\\4.9 2014q4\\lib\\gcc\\arm-none-eabi\\4.9.3\\in
 276              		.file 3 "c:\\program files\\gnu tools arm embedded\\4.9 2014q4\\arm-none-eabi\\include\\machine\\_
 277              		.file 4 "c:\\program files\\gnu tools arm embedded\\4.9 2014q4\\arm-none-eabi\\include\\stdint.h"
 278              		.file 5 "../../../os/rt/ports/ARMCMx/compilers/GCC/chtypes.h"
 279              		.file 6 "../../../os/rt/include/chsystypes.h"
 280              		.file 7 "../../../os/rt/include/chschd.h"
 281              		.file 8 "../../../os/ext/CMSIS/ST/stm32f407xx.h"
 282              		.file 9 "../../../os/rt/ports/ARMCMx/chcore.h"
 283              		.file 10 "../../../os/rt/ports/ARMCMx/chcore_v7m.h"
 284              		.file 11 "../../../os/rt/include/chdebug.h"
ARM GAS  C:\Users\jo\AppData\Local\Temp\ccyAZtvz.s 			page 6


 285              		.file 12 "../../../os/rt/include/chtm.h"
 286              		.file 13 "../../../os/rt/include/chsem.h"
 287              		.file 14 "../../../os/rt/include/chmtx.h"
 288              		.file 15 "../../../os/ext/CMSIS/include/core_cm4.h"
 289              		.file 16 "../../../os/hal/ports/STM32/STM32F4xx/stm32_dma.h"
 290              		.section	.debug_info,"",%progbits
 291              	.Ldebug_info0:
 292 0000 BF090000 		.4byte	0x9bf
 293 0004 0400     		.2byte	0x4
 294 0006 00000000 		.4byte	.Ldebug_abbrev0
 295 000a 04       		.byte	0x4
 296 000b 01       		.uleb128 0x1
 297 000c 64030000 		.4byte	.LASF152
 298 0010 01       		.byte	0x1
 299 0011 98020000 		.4byte	.LASF153
 300 0015 F8000000 		.4byte	.LASF154
 301 0019 20000000 		.4byte	.Ldebug_ranges0+0x20
 302 001d 00000000 		.4byte	0
 303 0021 00000000 		.4byte	.Ldebug_line0
 304 0025 02       		.uleb128 0x2
 305 0026 04       		.byte	0x4
 306 0027 05       		.byte	0x5
 307 0028 696E7400 		.ascii	"int\000"
 308 002c 03       		.uleb128 0x3
 309 002d 1C000000 		.4byte	.LASF2
 310 0031 02       		.byte	0x2
 311 0032 D4       		.byte	0xd4
 312 0033 37000000 		.4byte	0x37
 313 0037 04       		.uleb128 0x4
 314 0038 04       		.byte	0x4
 315 0039 07       		.byte	0x7
 316 003a 61020000 		.4byte	.LASF0
 317 003e 04       		.uleb128 0x4
 318 003f 01       		.byte	0x1
 319 0040 06       		.byte	0x6
 320 0041 54010000 		.4byte	.LASF1
 321 0045 03       		.uleb128 0x3
 322 0046 33000000 		.4byte	.LASF3
 323 004a 03       		.byte	0x3
 324 004b 1D       		.byte	0x1d
 325 004c 50000000 		.4byte	0x50
 326 0050 04       		.uleb128 0x4
 327 0051 01       		.byte	0x1
 328 0052 08       		.byte	0x8
 329 0053 80050000 		.4byte	.LASF4
 330 0057 04       		.uleb128 0x4
 331 0058 02       		.byte	0x2
 332 0059 05       		.byte	0x5
 333 005a 98050000 		.4byte	.LASF5
 334 005e 04       		.uleb128 0x4
 335 005f 02       		.byte	0x2
 336 0060 07       		.byte	0x7
 337 0061 CE020000 		.4byte	.LASF6
 338 0065 03       		.uleb128 0x3
 339 0066 5A030000 		.4byte	.LASF7
 340 006a 03       		.byte	0x3
 341 006b 3F       		.byte	0x3f
ARM GAS  C:\Users\jo\AppData\Local\Temp\ccyAZtvz.s 			page 7


 342 006c 70000000 		.4byte	0x70
 343 0070 04       		.uleb128 0x4
 344 0071 04       		.byte	0x4
 345 0072 05       		.byte	0x5
 346 0073 B6010000 		.4byte	.LASF8
 347 0077 03       		.uleb128 0x3
 348 0078 93060000 		.4byte	.LASF9
 349 007c 03       		.byte	0x3
 350 007d 41       		.byte	0x41
 351 007e 82000000 		.4byte	0x82
 352 0082 04       		.uleb128 0x4
 353 0083 04       		.byte	0x4
 354 0084 07       		.byte	0x7
 355 0085 45060000 		.4byte	.LASF10
 356 0089 04       		.uleb128 0x4
 357 008a 08       		.byte	0x8
 358 008b 05       		.byte	0x5
 359 008c 46010000 		.4byte	.LASF11
 360 0090 03       		.uleb128 0x3
 361 0091 04050000 		.4byte	.LASF12
 362 0095 03       		.byte	0x3
 363 0096 5B       		.byte	0x5b
 364 0097 9B000000 		.4byte	0x9b
 365 009b 04       		.uleb128 0x4
 366 009c 08       		.byte	0x8
 367 009d 07       		.byte	0x7
 368 009e 65000000 		.4byte	.LASF13
 369 00a2 03       		.uleb128 0x3
 370 00a3 24070000 		.4byte	.LASF14
 371 00a7 04       		.byte	0x4
 372 00a8 15       		.byte	0x15
 373 00a9 45000000 		.4byte	0x45
 374 00ad 03       		.uleb128 0x3
 375 00ae 78050000 		.4byte	.LASF15
 376 00b2 04       		.byte	0x4
 377 00b3 2C       		.byte	0x2c
 378 00b4 65000000 		.4byte	0x65
 379 00b8 03       		.uleb128 0x3
 380 00b9 0C060000 		.4byte	.LASF16
 381 00bd 04       		.byte	0x4
 382 00be 2D       		.byte	0x2d
 383 00bf 77000000 		.4byte	0x77
 384 00c3 03       		.uleb128 0x3
 385 00c4 2A000000 		.4byte	.LASF17
 386 00c8 04       		.byte	0x4
 387 00c9 39       		.byte	0x39
 388 00ca 90000000 		.4byte	0x90
 389 00ce 05       		.uleb128 0x5
 390 00cf AD000000 		.4byte	0xad
 391 00d3 05       		.uleb128 0x5
 392 00d4 B8000000 		.4byte	0xb8
 393 00d8 03       		.uleb128 0x3
 394 00d9 DC060000 		.4byte	.LASF18
 395 00dd 05       		.byte	0x5
 396 00de 45       		.byte	0x45
 397 00df B8000000 		.4byte	0xb8
 398 00e3 03       		.uleb128 0x3
ARM GAS  C:\Users\jo\AppData\Local\Temp\ccyAZtvz.s 			page 8


 399 00e4 47070000 		.4byte	.LASF19
 400 00e8 05       		.byte	0x5
 401 00e9 48       		.byte	0x48
 402 00ea A2000000 		.4byte	0xa2
 403 00ee 03       		.uleb128 0x3
 404 00ef D2010000 		.4byte	.LASF20
 405 00f3 05       		.byte	0x5
 406 00f4 49       		.byte	0x49
 407 00f5 A2000000 		.4byte	0xa2
 408 00f9 03       		.uleb128 0x3
 409 00fa 0F050000 		.4byte	.LASF21
 410 00fe 05       		.byte	0x5
 411 00ff 4A       		.byte	0x4a
 412 0100 A2000000 		.4byte	0xa2
 413 0104 03       		.uleb128 0x3
 414 0105 5A050000 		.4byte	.LASF22
 415 0109 05       		.byte	0x5
 416 010a 4C       		.byte	0x4c
 417 010b B8000000 		.4byte	0xb8
 418 010f 03       		.uleb128 0x3
 419 0110 F6020000 		.4byte	.LASF23
 420 0114 05       		.byte	0x5
 421 0115 4D       		.byte	0x4d
 422 0116 AD000000 		.4byte	0xad
 423 011a 03       		.uleb128 0x3
 424 011b 4E030000 		.4byte	.LASF24
 425 011f 05       		.byte	0x5
 426 0120 4F       		.byte	0x4f
 427 0121 B8000000 		.4byte	0xb8
 428 0125 03       		.uleb128 0x3
 429 0126 50020000 		.4byte	.LASF25
 430 012a 05       		.byte	0x5
 431 012b 51       		.byte	0x51
 432 012c AD000000 		.4byte	0xad
 433 0130 03       		.uleb128 0x3
 434 0131 75060000 		.4byte	.LASF26
 435 0135 06       		.byte	0x6
 436 0136 33       		.byte	0x33
 437 0137 B8000000 		.4byte	0xb8
 438 013b 03       		.uleb128 0x3
 439 013c 65060000 		.4byte	.LASF27
 440 0140 06       		.byte	0x6
 441 0141 3F       		.byte	0x3f
 442 0142 46010000 		.4byte	0x146
 443 0146 06       		.uleb128 0x6
 444 0147 E1020000 		.4byte	.LASF48
 445 014b 48       		.byte	0x48
 446 014c 07       		.byte	0x7
 447 014d C2       		.byte	0xc2
 448 014e 3F020000 		.4byte	0x23f
 449 0152 07       		.uleb128 0x7
 450 0153 C2050000 		.4byte	.LASF28
 451 0157 07       		.byte	0x7
 452 0158 C3       		.byte	0xc3
 453 0159 4A020000 		.4byte	0x24a
 454 015d 00       		.byte	0
 455 015e 07       		.uleb128 0x7
ARM GAS  C:\Users\jo\AppData\Local\Temp\ccyAZtvz.s 			page 9


 456 015f 49050000 		.4byte	.LASF29
 457 0163 07       		.byte	0x7
 458 0164 C5       		.byte	0xc5
 459 0165 4A020000 		.4byte	0x24a
 460 0169 04       		.byte	0x4
 461 016a 07       		.uleb128 0x7
 462 016b F1000000 		.4byte	.LASF30
 463 016f 07       		.byte	0x7
 464 0170 C7       		.byte	0xc7
 465 0171 04010000 		.4byte	0x104
 466 0175 08       		.byte	0x8
 467 0176 07       		.uleb128 0x7
 468 0177 74070000 		.4byte	.LASF31
 469 017b 07       		.byte	0x7
 470 017c C8       		.byte	0xc8
 471 017d EE060000 		.4byte	0x6ee
 472 0181 0C       		.byte	0xc
 473 0182 07       		.uleb128 0x7
 474 0183 E9010000 		.4byte	.LASF32
 475 0187 07       		.byte	0x7
 476 0188 CA       		.byte	0xca
 477 0189 4A020000 		.4byte	0x24a
 478 018d 10       		.byte	0x10
 479 018e 07       		.uleb128 0x7
 480 018f C8040000 		.4byte	.LASF33
 481 0193 07       		.byte	0x7
 482 0194 CB       		.byte	0xcb
 483 0195 4A020000 		.4byte	0x24a
 484 0199 14       		.byte	0x14
 485 019a 07       		.uleb128 0x7
 486 019b 33070000 		.4byte	.LASF34
 487 019f 07       		.byte	0x7
 488 01a0 D2       		.byte	0xd2
 489 01a1 00090000 		.4byte	0x900
 490 01a5 18       		.byte	0x18
 491 01a6 07       		.uleb128 0x7
 492 01a7 56020000 		.4byte	.LASF35
 493 01ab 07       		.byte	0x7
 494 01ac D8       		.byte	0xd8
 495 01ad 12090000 		.4byte	0x912
 496 01b1 1C       		.byte	0x1c
 497 01b2 07       		.uleb128 0x7
 498 01b3 A2050000 		.4byte	.LASF36
 499 01b7 07       		.byte	0x7
 500 01b8 DD       		.byte	0xdd
 501 01b9 EE000000 		.4byte	0xee
 502 01bd 20       		.byte	0x20
 503 01be 07       		.uleb128 0x7
 504 01bf C9050000 		.4byte	.LASF37
 505 01c3 07       		.byte	0x7
 506 01c4 E1       		.byte	0xe1
 507 01c5 E3000000 		.4byte	0xe3
 508 01c9 21       		.byte	0x21
 509 01ca 07       		.uleb128 0x7
 510 01cb 0A070000 		.4byte	.LASF38
 511 01cf 07       		.byte	0x7
 512 01d0 E6       		.byte	0xe6
ARM GAS  C:\Users\jo\AppData\Local\Temp\ccyAZtvz.s 			page 10


 513 01d1 F9000000 		.4byte	0xf9
 514 01d5 22       		.byte	0x22
 515 01d6 08       		.uleb128 0x8
 516 01d7 705F7500 		.ascii	"p_u\000"
 517 01db 07       		.byte	0x7
 518 01dc 3101     		.2byte	0x131
 519 01de 3B080000 		.4byte	0x83b
 520 01e2 24       		.byte	0x24
 521 01e3 09       		.uleb128 0x9
 522 01e4 68040000 		.4byte	.LASF39
 523 01e8 07       		.byte	0x7
 524 01e9 3601     		.2byte	0x136
 525 01eb 50020000 		.4byte	0x250
 526 01ef 28       		.byte	0x28
 527 01f0 09       		.uleb128 0x9
 528 01f1 8D020000 		.4byte	.LASF40
 529 01f5 07       		.byte	0x7
 530 01f6 3C01     		.2byte	0x13c
 531 01f8 74020000 		.4byte	0x274
 532 01fc 2C       		.byte	0x2c
 533 01fd 09       		.uleb128 0x9
 534 01fe 5C070000 		.4byte	.LASF41
 535 0202 07       		.byte	0x7
 536 0203 4001     		.2byte	0x140
 537 0205 0F010000 		.4byte	0x10f
 538 0209 34       		.byte	0x34
 539 020a 09       		.uleb128 0x9
 540 020b F7050000 		.4byte	.LASF42
 541 020f 07       		.byte	0x7
 542 0210 4601     		.2byte	0x146
 543 0212 1A010000 		.4byte	0x11a
 544 0216 38       		.byte	0x38
 545 0217 09       		.uleb128 0x9
 546 0218 8E050000 		.4byte	.LASF43
 547 021c 07       		.byte	0x7
 548 021d 4D01     		.2byte	0x14d
 549 021f FA080000 		.4byte	0x8fa
 550 0223 3C       		.byte	0x3c
 551 0224 09       		.uleb128 0x9
 552 0225 7F060000 		.4byte	.LASF44
 553 0229 07       		.byte	0x7
 554 022a 5101     		.2byte	0x151
 555 022c 04010000 		.4byte	0x104
 556 0230 40       		.byte	0x40
 557 0231 09       		.uleb128 0x9
 558 0232 77010000 		.4byte	.LASF45
 559 0236 07       		.byte	0x7
 560 0237 5801     		.2byte	0x158
 561 0239 27030000 		.4byte	0x327
 562 023d 44       		.byte	0x44
 563 023e 00       		.byte	0
 564 023f 03       		.uleb128 0x3
 565 0240 7B040000 		.4byte	.LASF46
 566 0244 06       		.byte	0x6
 567 0245 44       		.byte	0x44
 568 0246 4A020000 		.4byte	0x24a
 569 024a 0A       		.uleb128 0xa
ARM GAS  C:\Users\jo\AppData\Local\Temp\ccyAZtvz.s 			page 11


 570 024b 04       		.byte	0x4
 571 024c 3B010000 		.4byte	0x13b
 572 0250 03       		.uleb128 0x3
 573 0251 49040000 		.4byte	.LASF47
 574 0255 06       		.byte	0x6
 575 0256 49       		.byte	0x49
 576 0257 5B020000 		.4byte	0x25b
 577 025b 06       		.uleb128 0x6
 578 025c 2D060000 		.4byte	.LASF49
 579 0260 04       		.byte	0x4
 580 0261 07       		.byte	0x7
 581 0262 B0       		.byte	0xb0
 582 0263 74020000 		.4byte	0x274
 583 0267 07       		.uleb128 0x7
 584 0268 C2050000 		.4byte	.LASF28
 585 026c 07       		.byte	0x7
 586 026d B1       		.byte	0xb1
 587 026e 4A020000 		.4byte	0x24a
 588 0272 00       		.byte	0
 589 0273 00       		.byte	0
 590 0274 03       		.uleb128 0x3
 591 0275 F1060000 		.4byte	.LASF50
 592 0279 06       		.byte	0x6
 593 027a 50       		.byte	0x50
 594 027b 7F020000 		.4byte	0x27f
 595 027f 06       		.uleb128 0x6
 596 0280 D6000000 		.4byte	.LASF51
 597 0284 08       		.byte	0x8
 598 0285 07       		.byte	0x7
 599 0286 B7       		.byte	0xb7
 600 0287 A4020000 		.4byte	0x2a4
 601 028b 07       		.uleb128 0x7
 602 028c C2050000 		.4byte	.LASF28
 603 0290 07       		.byte	0x7
 604 0291 B8       		.byte	0xb8
 605 0292 4A020000 		.4byte	0x24a
 606 0296 00       		.byte	0
 607 0297 07       		.uleb128 0x7
 608 0298 49050000 		.4byte	.LASF29
 609 029c 07       		.byte	0x7
 610 029d B9       		.byte	0xb9
 611 029e 4A020000 		.4byte	0x24a
 612 02a2 04       		.byte	0x4
 613 02a3 00       		.byte	0
 614 02a4 03       		.uleb128 0x3
 615 02a5 07000000 		.4byte	.LASF52
 616 02a9 06       		.byte	0x6
 617 02aa 57       		.byte	0x57
 618 02ab AF020000 		.4byte	0x2af
 619 02af 0B       		.uleb128 0xb
 620 02b0 40030000 		.4byte	.LASF53
 621 02b4 1C       		.byte	0x1c
 622 02b5 07       		.byte	0x7
 623 02b6 9001     		.2byte	0x190
 624 02b8 0B030000 		.4byte	0x30b
 625 02bc 09       		.uleb128 0x9
 626 02bd 1C060000 		.4byte	.LASF54
ARM GAS  C:\Users\jo\AppData\Local\Temp\ccyAZtvz.s 			page 12


 627 02c1 07       		.byte	0x7
 628 02c2 9101     		.2byte	0x191
 629 02c4 74020000 		.4byte	0x274
 630 02c8 00       		.byte	0
 631 02c9 09       		.uleb128 0x9
 632 02ca B4050000 		.4byte	.LASF55
 633 02ce 07       		.byte	0x7
 634 02cf 9201     		.2byte	0x192
 635 02d1 04010000 		.4byte	0x104
 636 02d5 08       		.byte	0x8
 637 02d6 09       		.uleb128 0x9
 638 02d7 D0040000 		.4byte	.LASF56
 639 02db 07       		.byte	0x7
 640 02dc 9401     		.2byte	0x194
 641 02de EE060000 		.4byte	0x6ee
 642 02e2 0C       		.byte	0xc
 643 02e3 09       		.uleb128 0x9
 644 02e4 01020000 		.4byte	.LASF57
 645 02e8 07       		.byte	0x7
 646 02e9 9701     		.2byte	0x197
 647 02eb 4A020000 		.4byte	0x24a
 648 02ef 10       		.byte	0x10
 649 02f0 09       		.uleb128 0x9
 650 02f1 C7060000 		.4byte	.LASF58
 651 02f5 07       		.byte	0x7
 652 02f6 9801     		.2byte	0x198
 653 02f8 4A020000 		.4byte	0x24a
 654 02fc 14       		.byte	0x14
 655 02fd 09       		.uleb128 0x9
 656 02fe F1040000 		.4byte	.LASF59
 657 0302 07       		.byte	0x7
 658 0303 9B01     		.2byte	0x19b
 659 0305 4A020000 		.4byte	0x24a
 660 0309 18       		.byte	0x18
 661 030a 00       		.byte	0
 662 030b 03       		.uleb128 0x3
 663 030c 8A060000 		.4byte	.LASF60
 664 0310 06       		.byte	0x6
 665 0311 5C       		.byte	0x5c
 666 0312 16030000 		.4byte	0x316
 667 0316 0A       		.uleb128 0xa
 668 0317 04       		.byte	0x4
 669 0318 1C030000 		.4byte	0x31c
 670 031c 0C       		.uleb128 0xc
 671 031d 27030000 		.4byte	0x327
 672 0321 0D       		.uleb128 0xd
 673 0322 27030000 		.4byte	0x327
 674 0326 00       		.byte	0
 675 0327 0E       		.uleb128 0xe
 676 0328 04       		.byte	0x4
 677 0329 03       		.uleb128 0x3
 678 032a 58040000 		.4byte	.LASF61
 679 032e 06       		.byte	0x6
 680 032f 61       		.byte	0x61
 681 0330 34030000 		.4byte	0x334
 682 0334 0B       		.uleb128 0xb
 683 0335 D9050000 		.4byte	.LASF62
ARM GAS  C:\Users\jo\AppData\Local\Temp\ccyAZtvz.s 			page 13


 684 0339 14       		.byte	0x14
 685 033a 07       		.byte	0x7
 686 033b 6B01     		.2byte	0x16b
 687 033d 83030000 		.4byte	0x383
 688 0341 09       		.uleb128 0x9
 689 0342 6E020000 		.4byte	.LASF63
 690 0346 07       		.byte	0x7
 691 0347 6C01     		.2byte	0x16c
 692 0349 18090000 		.4byte	0x918
 693 034d 00       		.byte	0
 694 034e 09       		.uleb128 0x9
 695 034f 12020000 		.4byte	.LASF64
 696 0353 07       		.byte	0x7
 697 0354 6D01     		.2byte	0x16d
 698 0356 18090000 		.4byte	0x918
 699 035a 04       		.byte	0x4
 700 035b 09       		.uleb128 0x9
 701 035c 24060000 		.4byte	.LASF65
 702 0360 07       		.byte	0x7
 703 0361 6E01     		.2byte	0x16e
 704 0363 30010000 		.4byte	0x130
 705 0367 08       		.byte	0x8
 706 0368 09       		.uleb128 0x9
 707 0369 7A070000 		.4byte	.LASF66
 708 036d 07       		.byte	0x7
 709 036e 6F01     		.2byte	0x16f
 710 0370 0B030000 		.4byte	0x30b
 711 0374 0C       		.byte	0xc
 712 0375 09       		.uleb128 0x9
 713 0376 E4060000 		.4byte	.LASF67
 714 037a 07       		.byte	0x7
 715 037b 7101     		.2byte	0x171
 716 037d 27030000 		.4byte	0x327
 717 0381 10       		.byte	0x10
 718 0382 00       		.byte	0
 719 0383 03       		.uleb128 0x3
 720 0384 B3000000 		.4byte	.LASF68
 721 0388 06       		.byte	0x6
 722 0389 66       		.byte	0x66
 723 038a 8E030000 		.4byte	0x38e
 724 038e 0B       		.uleb128 0xb
 725 038f 8E040000 		.4byte	.LASF69
 726 0393 10       		.byte	0x10
 727 0394 07       		.byte	0x7
 728 0395 7B01     		.2byte	0x17b
 729 0397 D0030000 		.4byte	0x3d0
 730 039b 09       		.uleb128 0x9
 731 039c 6E020000 		.4byte	.LASF63
 732 03a0 07       		.byte	0x7
 733 03a1 7C01     		.2byte	0x17c
 734 03a3 18090000 		.4byte	0x918
 735 03a7 00       		.byte	0
 736 03a8 09       		.uleb128 0x9
 737 03a9 12020000 		.4byte	.LASF64
 738 03ad 07       		.byte	0x7
 739 03ae 7E01     		.2byte	0x17e
 740 03b0 18090000 		.4byte	0x918
ARM GAS  C:\Users\jo\AppData\Local\Temp\ccyAZtvz.s 			page 14


 741 03b4 04       		.byte	0x4
 742 03b5 09       		.uleb128 0x9
 743 03b6 24060000 		.4byte	.LASF65
 744 03ba 07       		.byte	0x7
 745 03bb 8001     		.2byte	0x180
 746 03bd 30010000 		.4byte	0x130
 747 03c1 08       		.byte	0x8
 748 03c2 09       		.uleb128 0x9
 749 03c3 BC040000 		.4byte	.LASF70
 750 03c7 07       		.byte	0x7
 751 03c8 8801     		.2byte	0x188
 752 03ca 30010000 		.4byte	0x130
 753 03ce 0C       		.byte	0xc
 754 03cf 00       		.byte	0
 755 03d0 03       		.uleb128 0x3
 756 03d1 49000000 		.4byte	.LASF71
 757 03d5 06       		.byte	0x6
 758 03d6 6B       		.byte	0x6b
 759 03d7 DB030000 		.4byte	0x3db
 760 03db 0F       		.uleb128 0xf
 761 03dc 62050000 		.4byte	.LASF72
 762 03e0 1404     		.2byte	0x414
 763 03e2 07       		.byte	0x7
 764 03e3 A201     		.2byte	0x1a2
 765 03e5 1E040000 		.4byte	0x41e
 766 03e9 09       		.uleb128 0x9
 767 03ea 9E060000 		.4byte	.LASF73
 768 03ee 07       		.byte	0x7
 769 03ef AA01     		.2byte	0x1aa
 770 03f1 1E090000 		.4byte	0x91e
 771 03f5 00       		.byte	0
 772 03f6 09       		.uleb128 0x9
 773 03f7 11070000 		.4byte	.LASF74
 774 03fb 07       		.byte	0x7
 775 03fc AF01     		.2byte	0x1af
 776 03fe 25010000 		.4byte	0x125
 777 0402 04       		.byte	0x4
 778 0403 09       		.uleb128 0x9
 779 0404 38020000 		.4byte	.LASF75
 780 0408 07       		.byte	0x7
 781 0409 B301     		.2byte	0x1b3
 782 040b 25010000 		.4byte	0x125
 783 040f 08       		.byte	0x8
 784 0410 09       		.uleb128 0x9
 785 0411 4F070000 		.4byte	.LASF76
 786 0415 07       		.byte	0x7
 787 0416 B901     		.2byte	0x1b9
 788 0418 10080000 		.4byte	0x810
 789 041c 0C       		.byte	0xc
 790 041d 00       		.byte	0
 791 041e 03       		.uleb128 0x3
 792 041f 20030000 		.4byte	.LASF77
 793 0423 06       		.byte	0x6
 794 0424 70       		.byte	0x70
 795 0425 29040000 		.4byte	0x429
 796 0429 0F       		.uleb128 0xf
 797 042a AC010000 		.4byte	.LASF78
ARM GAS  C:\Users\jo\AppData\Local\Temp\ccyAZtvz.s 			page 15


 798 042e 7005     		.2byte	0x570
 799 0430 07       		.byte	0x7
 800 0431 C201     		.2byte	0x1c2
 801 0433 88040000 		.4byte	0x488
 802 0437 09       		.uleb128 0x9
 803 0438 1E070000 		.4byte	.LASF79
 804 043c 07       		.byte	0x7
 805 043d C601     		.2byte	0x1c6
 806 043f A4020000 		.4byte	0x2a4
 807 0443 00       		.byte	0
 808 0444 09       		.uleb128 0x9
 809 0445 87010000 		.4byte	.LASF80
 810 0449 07       		.byte	0x7
 811 044a CA01     		.2byte	0x1ca
 812 044c 83030000 		.4byte	0x383
 813 0450 1C       		.byte	0x1c
 814 0451 08       		.uleb128 0x8
 815 0452 64626700 		.ascii	"dbg\000"
 816 0456 07       		.byte	0x7
 817 0457 CE01     		.2byte	0x1ce
 818 0459 D0030000 		.4byte	0x3d0
 819 045d 2C       		.byte	0x2c
 820 045e 10       		.uleb128 0x10
 821 045f A8000000 		.4byte	.LASF81
 822 0463 07       		.byte	0x7
 823 0464 D201     		.2byte	0x1d2
 824 0466 3B010000 		.4byte	0x13b
 825 046a 4004     		.2byte	0x440
 826 046c 11       		.uleb128 0x11
 827 046d 746D00   		.ascii	"tm\000"
 828 0470 07       		.byte	0x7
 829 0471 D701     		.2byte	0x1d7
 830 0473 30080000 		.4byte	0x830
 831 0477 8804     		.2byte	0x488
 832 0479 10       		.uleb128 0x10
 833 047a 41020000 		.4byte	.LASF82
 834 047e 07       		.byte	0x7
 835 047f E301     		.2byte	0x1e3
 836 0481 23090000 		.4byte	0x923
 837 0485 9004     		.2byte	0x490
 838 0487 00       		.byte	0
 839 0488 04       		.uleb128 0x4
 840 0489 04       		.byte	0x4
 841 048a 07       		.byte	0x7
 842 048b 72040000 		.4byte	.LASF83
 843 048f 12       		.uleb128 0x12
 844 0490 B8000000 		.4byte	0xb8
 845 0494 9F040000 		.4byte	0x49f
 846 0498 13       		.uleb128 0x13
 847 0499 88040000 		.4byte	0x488
 848 049d 01       		.byte	0x1
 849 049e 00       		.byte	0
 850 049f 14       		.uleb128 0x14
 851 04a0 1C       		.byte	0x1c
 852 04a1 08       		.byte	0x8
 853 04a2 DA01     		.2byte	0x1da
 854 04a4 02050000 		.4byte	0x502
ARM GAS  C:\Users\jo\AppData\Local\Temp\ccyAZtvz.s 			page 16


 855 04a8 08       		.uleb128 0x8
 856 04a9 41435200 		.ascii	"ACR\000"
 857 04ad 08       		.byte	0x8
 858 04ae DC01     		.2byte	0x1dc
 859 04b0 D3000000 		.4byte	0xd3
 860 04b4 00       		.byte	0
 861 04b5 09       		.uleb128 0x9
 862 04b6 1A020000 		.4byte	.LASF84
 863 04ba 08       		.byte	0x8
 864 04bb DD01     		.2byte	0x1dd
 865 04bd D3000000 		.4byte	0xd3
 866 04c1 04       		.byte	0x4
 867 04c2 09       		.uleb128 0x9
 868 04c3 E1010000 		.4byte	.LASF85
 869 04c7 08       		.byte	0x8
 870 04c8 DE01     		.2byte	0x1de
 871 04ca D3000000 		.4byte	0xd3
 872 04ce 08       		.byte	0x8
 873 04cf 08       		.uleb128 0x8
 874 04d0 535200   		.ascii	"SR\000"
 875 04d3 08       		.byte	0x8
 876 04d4 DF01     		.2byte	0x1df
 877 04d6 D3000000 		.4byte	0xd3
 878 04da 0C       		.byte	0xc
 879 04db 08       		.uleb128 0x8
 880 04dc 435200   		.ascii	"CR\000"
 881 04df 08       		.byte	0x8
 882 04e0 E001     		.2byte	0x1e0
 883 04e2 D3000000 		.4byte	0xd3
 884 04e6 10       		.byte	0x10
 885 04e7 09       		.uleb128 0x9
 886 04e8 58000000 		.4byte	.LASF86
 887 04ec 08       		.byte	0x8
 888 04ed E101     		.2byte	0x1e1
 889 04ef D3000000 		.4byte	0xd3
 890 04f3 14       		.byte	0x14
 891 04f4 09       		.uleb128 0x9
 892 04f5 5E000000 		.4byte	.LASF87
 893 04f9 08       		.byte	0x8
 894 04fa E201     		.2byte	0x1e2
 895 04fc D3000000 		.4byte	0xd3
 896 0500 18       		.byte	0x18
 897 0501 00       		.byte	0
 898 0502 15       		.uleb128 0x15
 899 0503 69010000 		.4byte	.LASF88
 900 0507 08       		.byte	0x8
 901 0508 E301     		.2byte	0x1e3
 902 050a 9F040000 		.4byte	0x49f
 903 050e 14       		.uleb128 0x14
 904 050f 08       		.byte	0x8
 905 0510 08       		.byte	0x8
 906 0511 5D02     		.2byte	0x25d
 907 0513 31050000 		.4byte	0x531
 908 0517 08       		.uleb128 0x8
 909 0518 435200   		.ascii	"CR\000"
 910 051b 08       		.byte	0x8
 911 051c 5F02     		.2byte	0x25f
ARM GAS  C:\Users\jo\AppData\Local\Temp\ccyAZtvz.s 			page 17


 912 051e D3000000 		.4byte	0xd3
 913 0522 00       		.byte	0
 914 0523 08       		.uleb128 0x8
 915 0524 43535200 		.ascii	"CSR\000"
 916 0528 08       		.byte	0x8
 917 0529 6002     		.2byte	0x260
 918 052b D3000000 		.4byte	0xd3
 919 052f 04       		.byte	0x4
 920 0530 00       		.byte	0
 921 0531 15       		.uleb128 0x15
 922 0532 8E010000 		.4byte	.LASF89
 923 0536 08       		.byte	0x8
 924 0537 6102     		.2byte	0x261
 925 0539 0E050000 		.4byte	0x50e
 926 053d 14       		.uleb128 0x14
 927 053e 88       		.byte	0x88
 928 053f 08       		.byte	0x8
 929 0540 6702     		.2byte	0x267
 930 0542 CC060000 		.4byte	0x6cc
 931 0546 08       		.uleb128 0x8
 932 0547 435200   		.ascii	"CR\000"
 933 054a 08       		.byte	0x8
 934 054b 6902     		.2byte	0x269
 935 054d D3000000 		.4byte	0xd3
 936 0551 00       		.byte	0
 937 0552 09       		.uleb128 0x9
 938 0553 F1010000 		.4byte	.LASF90
 939 0557 08       		.byte	0x8
 940 0558 6A02     		.2byte	0x26a
 941 055a D3000000 		.4byte	0xd3
 942 055e 04       		.byte	0x4
 943 055f 09       		.uleb128 0x9
 944 0560 42070000 		.4byte	.LASF91
 945 0564 08       		.byte	0x8
 946 0565 6B02     		.2byte	0x26b
 947 0567 D3000000 		.4byte	0xd3
 948 056b 08       		.byte	0x8
 949 056c 08       		.uleb128 0x8
 950 056d 43495200 		.ascii	"CIR\000"
 951 0571 08       		.byte	0x8
 952 0572 6C02     		.2byte	0x26c
 953 0574 D3000000 		.4byte	0xd3
 954 0578 0C       		.byte	0xc
 955 0579 09       		.uleb128 0x9
 956 057a 60010000 		.4byte	.LASF92
 957 057e 08       		.byte	0x8
 958 057f 6D02     		.2byte	0x26d
 959 0581 D3000000 		.4byte	0xd3
 960 0585 10       		.byte	0x10
 961 0586 09       		.uleb128 0x9
 962 0587 5C060000 		.4byte	.LASF93
 963 058b 08       		.byte	0x8
 964 058c 6E02     		.2byte	0x26e
 965 058e D3000000 		.4byte	0xd3
 966 0592 14       		.byte	0x14
 967 0593 09       		.uleb128 0x9
 968 0594 FC020000 		.4byte	.LASF94
ARM GAS  C:\Users\jo\AppData\Local\Temp\ccyAZtvz.s 			page 18


 969 0598 08       		.byte	0x8
 970 0599 6F02     		.2byte	0x26f
 971 059b D3000000 		.4byte	0xd3
 972 059f 18       		.byte	0x18
 973 05a0 09       		.uleb128 0x9
 974 05a1 17050000 		.4byte	.LASF95
 975 05a5 08       		.byte	0x8
 976 05a6 7002     		.2byte	0x270
 977 05a8 B8000000 		.4byte	0xb8
 978 05ac 1C       		.byte	0x1c
 979 05ad 09       		.uleb128 0x9
 980 05ae FB040000 		.4byte	.LASF96
 981 05b2 08       		.byte	0x8
 982 05b3 7102     		.2byte	0x271
 983 05b5 D3000000 		.4byte	0xd3
 984 05b9 20       		.byte	0x20
 985 05ba 09       		.uleb128 0x9
 986 05bb BF010000 		.4byte	.LASF97
 987 05bf 08       		.byte	0x8
 988 05c0 7202     		.2byte	0x272
 989 05c2 D3000000 		.4byte	0xd3
 990 05c6 24       		.byte	0x24
 991 05c7 09       		.uleb128 0x9
 992 05c8 21050000 		.4byte	.LASF98
 993 05cc 08       		.byte	0x8
 994 05cd 7302     		.2byte	0x273
 995 05cf 8F040000 		.4byte	0x48f
 996 05d3 28       		.byte	0x28
 997 05d4 09       		.uleb128 0x9
 998 05d5 3A070000 		.4byte	.LASF99
 999 05d9 08       		.byte	0x8
 1000 05da 7402     		.2byte	0x274
 1001 05dc D3000000 		.4byte	0xd3
 1002 05e0 30       		.byte	0x30
 1003 05e1 09       		.uleb128 0x9
 1004 05e2 B7060000 		.4byte	.LASF100
 1005 05e6 08       		.byte	0x8
 1006 05e7 7502     		.2byte	0x275
 1007 05e9 D3000000 		.4byte	0xd3
 1008 05ed 34       		.byte	0x34
 1009 05ee 09       		.uleb128 0x9
 1010 05ef B4040000 		.4byte	.LASF101
 1011 05f3 08       		.byte	0x8
 1012 05f4 7602     		.2byte	0x276
 1013 05f6 D3000000 		.4byte	0xd3
 1014 05fa 38       		.byte	0x38
 1015 05fb 09       		.uleb128 0x9
 1016 05fc 2B050000 		.4byte	.LASF102
 1017 0600 08       		.byte	0x8
 1018 0601 7702     		.2byte	0x277
 1019 0603 B8000000 		.4byte	0xb8
 1020 0607 3C       		.byte	0x3c
 1021 0608 09       		.uleb128 0x9
 1022 0609 AF060000 		.4byte	.LASF103
 1023 060d 08       		.byte	0x8
 1024 060e 7802     		.2byte	0x278
 1025 0610 D3000000 		.4byte	0xd3
ARM GAS  C:\Users\jo\AppData\Local\Temp\ccyAZtvz.s 			page 19


 1026 0614 40       		.byte	0x40
 1027 0615 09       		.uleb128 0x9
 1028 0616 D1050000 		.4byte	.LASF104
 1029 061a 08       		.byte	0x8
 1030 061b 7902     		.2byte	0x279
 1031 061d D3000000 		.4byte	0xd3
 1032 0621 44       		.byte	0x44
 1033 0622 09       		.uleb128 0x9
 1034 0623 35050000 		.4byte	.LASF105
 1035 0627 08       		.byte	0x8
 1036 0628 7A02     		.2byte	0x27a
 1037 062a 8F040000 		.4byte	0x48f
 1038 062e 48       		.byte	0x48
 1039 062f 09       		.uleb128 0x9
 1040 0630 E7000000 		.4byte	.LASF106
 1041 0634 08       		.byte	0x8
 1042 0635 7B02     		.2byte	0x27b
 1043 0637 D3000000 		.4byte	0xd3
 1044 063b 50       		.byte	0x50
 1045 063c 09       		.uleb128 0x9
 1046 063d D6040000 		.4byte	.LASF107
 1047 0641 08       		.byte	0x8
 1048 0642 7C02     		.2byte	0x27c
 1049 0644 D3000000 		.4byte	0xd3
 1050 0648 54       		.byte	0x54
 1051 0649 09       		.uleb128 0x9
 1052 064a AA050000 		.4byte	.LASF108
 1053 064e 08       		.byte	0x8
 1054 064f 7D02     		.2byte	0x27d
 1055 0651 D3000000 		.4byte	0xd3
 1056 0655 58       		.byte	0x58
 1057 0656 09       		.uleb128 0x9
 1058 0657 3F050000 		.4byte	.LASF109
 1059 065b 08       		.byte	0x8
 1060 065c 7E02     		.2byte	0x27e
 1061 065e B8000000 		.4byte	0xb8
 1062 0662 5C       		.byte	0x5c
 1063 0663 09       		.uleb128 0x9
 1064 0664 C8010000 		.4byte	.LASF110
 1065 0668 08       		.byte	0x8
 1066 0669 7F02     		.2byte	0x27f
 1067 066b D3000000 		.4byte	0xd3
 1068 066f 60       		.byte	0x60
 1069 0670 09       		.uleb128 0x9
 1070 0671 36030000 		.4byte	.LASF111
 1071 0675 08       		.byte	0x8
 1072 0676 8002     		.2byte	0x280
 1073 0678 D3000000 		.4byte	0xd3
 1074 067c 64       		.byte	0x64
 1075 067d 09       		.uleb128 0x9
 1076 067e 02060000 		.4byte	.LASF112
 1077 0682 08       		.byte	0x8
 1078 0683 8102     		.2byte	0x281
 1079 0685 8F040000 		.4byte	0x48f
 1080 0689 68       		.byte	0x68
 1081 068a 09       		.uleb128 0x9
 1082 068b 19070000 		.4byte	.LASF113
ARM GAS  C:\Users\jo\AppData\Local\Temp\ccyAZtvz.s 			page 20


 1083 068f 08       		.byte	0x8
 1084 0690 8202     		.2byte	0x282
 1085 0692 D3000000 		.4byte	0xd3
 1086 0696 70       		.byte	0x70
 1087 0697 08       		.uleb128 0x8
 1088 0698 43535200 		.ascii	"CSR\000"
 1089 069c 08       		.byte	0x8
 1090 069d 8302     		.2byte	0x283
 1091 069f D3000000 		.4byte	0xd3
 1092 06a3 74       		.byte	0x74
 1093 06a4 09       		.uleb128 0x9
 1094 06a5 50050000 		.4byte	.LASF114
 1095 06a9 08       		.byte	0x8
 1096 06aa 8402     		.2byte	0x284
 1097 06ac 8F040000 		.4byte	0x48f
 1098 06b0 78       		.byte	0x78
 1099 06b1 09       		.uleb128 0x9
 1100 06b2 EB060000 		.4byte	.LASF115
 1101 06b6 08       		.byte	0x8
 1102 06b7 8502     		.2byte	0x285
 1103 06b9 D3000000 		.4byte	0xd3
 1104 06bd 80       		.byte	0x80
 1105 06be 09       		.uleb128 0x9
 1106 06bf EB020000 		.4byte	.LASF116
 1107 06c3 08       		.byte	0x8
 1108 06c4 8602     		.2byte	0x286
 1109 06c6 D3000000 		.4byte	0xd3
 1110 06ca 84       		.byte	0x84
 1111 06cb 00       		.byte	0
 1112 06cc 15       		.uleb128 0x15
 1113 06cd 9A010000 		.4byte	.LASF117
 1114 06d1 08       		.byte	0x8
 1115 06d2 8802     		.2byte	0x288
 1116 06d4 3D050000 		.4byte	0x53d
 1117 06d8 03       		.uleb128 0x3
 1118 06d9 09020000 		.4byte	.LASF118
 1119 06dd 09       		.byte	0x9
 1120 06de 65       		.byte	0x65
 1121 06df 27030000 		.4byte	0x327
 1122 06e3 03       		.uleb128 0x3
 1123 06e4 3E040000 		.4byte	.LASF119
 1124 06e8 09       		.byte	0x9
 1125 06e9 6D       		.byte	0x6d
 1126 06ea C3000000 		.4byte	0xc3
 1127 06ee 06       		.uleb128 0x6
 1128 06ef BF060000 		.4byte	.LASF120
 1129 06f3 04       		.byte	0x4
 1130 06f4 09       		.byte	0x9
 1131 06f5 89       		.byte	0x89
 1132 06f6 07070000 		.4byte	0x707
 1133 06fa 16       		.uleb128 0x16
 1134 06fb 72313300 		.ascii	"r13\000"
 1135 06ff 09       		.byte	0x9
 1136 0700 8A       		.byte	0x8a
 1137 0701 82070000 		.4byte	0x782
 1138 0705 00       		.byte	0
 1139 0706 00       		.byte	0
ARM GAS  C:\Users\jo\AppData\Local\Temp\ccyAZtvz.s 			page 21


 1140 0707 06       		.uleb128 0x6
 1141 0708 3D000000 		.4byte	.LASF121
 1142 070c 24       		.byte	0x24
 1143 070d 0A       		.byte	0xa
 1144 070e F4       		.byte	0xf4
 1145 070f 82070000 		.4byte	0x782
 1146 0713 08       		.uleb128 0x8
 1147 0714 723400   		.ascii	"r4\000"
 1148 0717 0A       		.byte	0xa
 1149 0718 0701     		.2byte	0x107
 1150 071a D8060000 		.4byte	0x6d8
 1151 071e 00       		.byte	0
 1152 071f 08       		.uleb128 0x8
 1153 0720 723500   		.ascii	"r5\000"
 1154 0723 0A       		.byte	0xa
 1155 0724 0801     		.2byte	0x108
 1156 0726 D8060000 		.4byte	0x6d8
 1157 072a 04       		.byte	0x4
 1158 072b 08       		.uleb128 0x8
 1159 072c 723600   		.ascii	"r6\000"
 1160 072f 0A       		.byte	0xa
 1161 0730 0901     		.2byte	0x109
 1162 0732 D8060000 		.4byte	0x6d8
 1163 0736 08       		.byte	0x8
 1164 0737 08       		.uleb128 0x8
 1165 0738 723700   		.ascii	"r7\000"
 1166 073b 0A       		.byte	0xa
 1167 073c 0A01     		.2byte	0x10a
 1168 073e D8060000 		.4byte	0x6d8
 1169 0742 0C       		.byte	0xc
 1170 0743 08       		.uleb128 0x8
 1171 0744 723800   		.ascii	"r8\000"
 1172 0747 0A       		.byte	0xa
 1173 0748 0B01     		.2byte	0x10b
 1174 074a D8060000 		.4byte	0x6d8
 1175 074e 10       		.byte	0x10
 1176 074f 08       		.uleb128 0x8
 1177 0750 723900   		.ascii	"r9\000"
 1178 0753 0A       		.byte	0xa
 1179 0754 0C01     		.2byte	0x10c
 1180 0756 D8060000 		.4byte	0x6d8
 1181 075a 14       		.byte	0x14
 1182 075b 08       		.uleb128 0x8
 1183 075c 72313000 		.ascii	"r10\000"
 1184 0760 0A       		.byte	0xa
 1185 0761 0D01     		.2byte	0x10d
 1186 0763 D8060000 		.4byte	0x6d8
 1187 0767 18       		.byte	0x18
 1188 0768 08       		.uleb128 0x8
 1189 0769 72313100 		.ascii	"r11\000"
 1190 076d 0A       		.byte	0xa
 1191 076e 0E01     		.2byte	0x10e
 1192 0770 D8060000 		.4byte	0x6d8
 1193 0774 1C       		.byte	0x1c
 1194 0775 08       		.uleb128 0x8
 1195 0776 6C7200   		.ascii	"lr\000"
 1196 0779 0A       		.byte	0xa
ARM GAS  C:\Users\jo\AppData\Local\Temp\ccyAZtvz.s 			page 22


 1197 077a 0F01     		.2byte	0x10f
 1198 077c D8060000 		.4byte	0x6d8
 1199 0780 20       		.byte	0x20
 1200 0781 00       		.byte	0
 1201 0782 0A       		.uleb128 0xa
 1202 0783 04       		.byte	0x4
 1203 0784 07070000 		.4byte	0x707
 1204 0788 17       		.uleb128 0x17
 1205 0789 10       		.byte	0x10
 1206 078a 0B       		.byte	0xb
 1207 078b 51       		.byte	0x51
 1208 078c C1070000 		.4byte	0x7c1
 1209 0790 07       		.uleb128 0x7
 1210 0791 14000000 		.4byte	.LASF122
 1211 0795 0B       		.byte	0xb
 1212 0796 55       		.byte	0x55
 1213 0797 30010000 		.4byte	0x130
 1214 079b 00       		.byte	0
 1215 079c 07       		.uleb128 0x7
 1216 079d DB010000 		.4byte	.LASF123
 1217 07a1 0B       		.byte	0xb
 1218 07a2 59       		.byte	0x59
 1219 07a3 4A020000 		.4byte	0x24a
 1220 07a7 04       		.byte	0x4
 1221 07a8 07       		.uleb128 0x7
 1222 07a9 6A070000 		.4byte	.LASF124
 1223 07ad 0B       		.byte	0xb
 1224 07ae 5D       		.byte	0x5d
 1225 07af 27030000 		.4byte	0x327
 1226 07b3 08       		.byte	0x8
 1227 07b4 07       		.uleb128 0x7
 1228 07b5 8E000000 		.4byte	.LASF125
 1229 07b9 0B       		.byte	0xb
 1230 07ba 61       		.byte	0x61
 1231 07bb A2000000 		.4byte	0xa2
 1232 07bf 0C       		.byte	0xc
 1233 07c0 00       		.byte	0
 1234 07c1 03       		.uleb128 0x3
 1235 07c2 A5040000 		.4byte	.LASF126
 1236 07c6 0B       		.byte	0xb
 1237 07c7 62       		.byte	0x62
 1238 07c8 88070000 		.4byte	0x788
 1239 07cc 18       		.uleb128 0x18
 1240 07cd 0804     		.2byte	0x408
 1241 07cf 0B       		.byte	0xb
 1242 07d0 67       		.byte	0x67
 1243 07d1 FA070000 		.4byte	0x7fa
 1244 07d5 07       		.uleb128 0x7
 1245 07d6 F9010000 		.4byte	.LASF127
 1246 07da 0B       		.byte	0xb
 1247 07db 6B       		.byte	0x6b
 1248 07dc 37000000 		.4byte	0x37
 1249 07e0 00       		.byte	0
 1250 07e1 07       		.uleb128 0x7
 1251 07e2 00000000 		.4byte	.LASF128
 1252 07e6 0B       		.byte	0xb
 1253 07e7 6F       		.byte	0x6f
ARM GAS  C:\Users\jo\AppData\Local\Temp\ccyAZtvz.s 			page 23


 1254 07e8 FA070000 		.4byte	0x7fa
 1255 07ec 04       		.byte	0x4
 1256 07ed 07       		.uleb128 0x7
 1257 07ee 2C030000 		.4byte	.LASF129
 1258 07f2 0B       		.byte	0xb
 1259 07f3 73       		.byte	0x73
 1260 07f4 00080000 		.4byte	0x800
 1261 07f8 08       		.byte	0x8
 1262 07f9 00       		.byte	0
 1263 07fa 0A       		.uleb128 0xa
 1264 07fb 04       		.byte	0x4
 1265 07fc C1070000 		.4byte	0x7c1
 1266 0800 12       		.uleb128 0x12
 1267 0801 C1070000 		.4byte	0x7c1
 1268 0805 10080000 		.4byte	0x810
 1269 0809 13       		.uleb128 0x13
 1270 080a 88040000 		.4byte	0x488
 1271 080e 3F       		.byte	0x3f
 1272 080f 00       		.byte	0
 1273 0810 03       		.uleb128 0x3
 1274 0811 7C000000 		.4byte	.LASF130
 1275 0815 0B       		.byte	0xb
 1276 0816 74       		.byte	0x74
 1277 0817 CC070000 		.4byte	0x7cc
 1278 081b 17       		.uleb128 0x17
 1279 081c 04       		.byte	0x4
 1280 081d 0C       		.byte	0xc
 1281 081e 38       		.byte	0x38
 1282 081f 30080000 		.4byte	0x830
 1283 0823 07       		.uleb128 0x7
 1284 0824 A8060000 		.4byte	.LASF131
 1285 0828 0C       		.byte	0xc
 1286 0829 3C       		.byte	0x3c
 1287 082a D8000000 		.4byte	0xd8
 1288 082e 00       		.byte	0
 1289 082f 00       		.byte	0
 1290 0830 03       		.uleb128 0x3
 1291 0831 E0040000 		.4byte	.LASF132
 1292 0835 0C       		.byte	0xc
 1293 0836 3D       		.byte	0x3d
 1294 0837 1B080000 		.4byte	0x81b
 1295 083b 19       		.uleb128 0x19
 1296 083c 04       		.byte	0x4
 1297 083d 07       		.byte	0x7
 1298 083e FA       		.byte	0xfa
 1299 083f 98080000 		.4byte	0x898
 1300 0843 1A       		.uleb128 0x1a
 1301 0844 23000000 		.4byte	.LASF133
 1302 0848 07       		.byte	0x7
 1303 0849 0101     		.2byte	0x101
 1304 084b 0F010000 		.4byte	0x10f
 1305 084f 1A       		.uleb128 0x1a
 1306 0850 9F000000 		.4byte	.LASF134
 1307 0854 07       		.byte	0x7
 1308 0855 0801     		.2byte	0x108
 1309 0857 0F010000 		.4byte	0x10f
 1310 085b 1A       		.uleb128 0x1a
ARM GAS  C:\Users\jo\AppData\Local\Temp\ccyAZtvz.s 			page 24


 1311 085c 2C070000 		.4byte	.LASF135
 1312 0860 07       		.byte	0x7
 1313 0861 0F01     		.2byte	0x10f
 1314 0863 27030000 		.4byte	0x327
 1315 0867 1A       		.uleb128 0x1a
 1316 0868 A6010000 		.4byte	.LASF136
 1317 086c 07       		.byte	0x7
 1318 086d 1601     		.2byte	0x116
 1319 086f 98080000 		.4byte	0x898
 1320 0873 1A       		.uleb128 0x1a
 1321 0874 86020000 		.4byte	.LASF137
 1322 0878 07       		.byte	0x7
 1323 0879 1E01     		.2byte	0x11e
 1324 087b C3080000 		.4byte	0x8c3
 1325 087f 1A       		.uleb128 0x1a
 1326 0880 15060000 		.4byte	.LASF138
 1327 0884 07       		.byte	0x7
 1328 0885 2701     		.2byte	0x127
 1329 0887 FA080000 		.4byte	0x8fa
 1330 088b 1A       		.uleb128 0x1a
 1331 088c BB050000 		.4byte	.LASF139
 1332 0890 07       		.byte	0x7
 1333 0891 2F01     		.2byte	0x12f
 1334 0893 1A010000 		.4byte	0x11a
 1335 0897 00       		.byte	0
 1336 0898 0A       		.uleb128 0xa
 1337 0899 04       		.byte	0x4
 1338 089a 3F020000 		.4byte	0x23f
 1339 089e 06       		.uleb128 0x6
 1340 089f EA050000 		.4byte	.LASF140
 1341 08a3 0C       		.byte	0xc
 1342 08a4 0D       		.byte	0xd
 1343 08a5 34       		.byte	0x34
 1344 08a6 C3080000 		.4byte	0x8c3
 1345 08aa 07       		.uleb128 0x7
 1346 08ab 97000000 		.4byte	.LASF141
 1347 08af 0D       		.byte	0xd
 1348 08b0 35       		.byte	0x35
 1349 08b1 74020000 		.4byte	0x274
 1350 08b5 00       		.byte	0
 1351 08b6 07       		.uleb128 0x7
 1352 08b7 C8020000 		.4byte	.LASF142
 1353 08bb 0D       		.byte	0xd
 1354 08bc 37       		.byte	0x37
 1355 08bd 25010000 		.4byte	0x125
 1356 08c1 08       		.byte	0x8
 1357 08c2 00       		.byte	0
 1358 08c3 0A       		.uleb128 0xa
 1359 08c4 04       		.byte	0x4
 1360 08c5 9E080000 		.4byte	0x89e
 1361 08c9 06       		.uleb128 0x6
 1362 08ca 01070000 		.4byte	.LASF143
 1363 08ce 10       		.byte	0x10
 1364 08cf 0E       		.byte	0xe
 1365 08d0 39       		.byte	0x39
 1366 08d1 FA080000 		.4byte	0x8fa
 1367 08d5 07       		.uleb128 0x7
ARM GAS  C:\Users\jo\AppData\Local\Temp\ccyAZtvz.s 			page 25


 1368 08d6 7F010000 		.4byte	.LASF144
 1369 08da 0E       		.byte	0xe
 1370 08db 3A       		.byte	0x3a
 1371 08dc 74020000 		.4byte	0x274
 1372 08e0 00       		.byte	0
 1373 08e1 07       		.uleb128 0x7
 1374 08e2 62070000 		.4byte	.LASF145
 1375 08e6 0E       		.byte	0xe
 1376 08e7 3C       		.byte	0x3c
 1377 08e8 4A020000 		.4byte	0x24a
 1378 08ec 08       		.byte	0x8
 1379 08ed 07       		.uleb128 0x7
 1380 08ee 6E060000 		.4byte	.LASF146
 1381 08f2 0E       		.byte	0xe
 1382 08f3 3E       		.byte	0x3e
 1383 08f4 3E090000 		.4byte	0x93e
 1384 08f8 0C       		.byte	0xc
 1385 08f9 00       		.byte	0
 1386 08fa 0A       		.uleb128 0xa
 1387 08fb 04       		.byte	0x4
 1388 08fc C9080000 		.4byte	0x8c9
 1389 0900 0A       		.uleb128 0xa
 1390 0901 04       		.byte	0x4
 1391 0902 06090000 		.4byte	0x906
 1392 0906 1B       		.uleb128 0x1b
 1393 0907 0B090000 		.4byte	0x90b
 1394 090b 04       		.uleb128 0x4
 1395 090c 01       		.byte	0x1
 1396 090d 08       		.byte	0x8
 1397 090e 57060000 		.4byte	.LASF147
 1398 0912 0A       		.uleb128 0xa
 1399 0913 04       		.byte	0x4
 1400 0914 E3060000 		.4byte	0x6e3
 1401 0918 0A       		.uleb128 0xa
 1402 0919 04       		.byte	0x4
 1403 091a 29030000 		.4byte	0x329
 1404 091e 05       		.uleb128 0x5
 1405 091f 00090000 		.4byte	0x900
 1406 0923 12       		.uleb128 0x12
 1407 0924 E3060000 		.4byte	0x6e3
 1408 0928 33090000 		.4byte	0x933
 1409 092c 13       		.uleb128 0x13
 1410 092d 88040000 		.4byte	0x488
 1411 0931 1B       		.byte	0x1b
 1412 0932 00       		.byte	0
 1413 0933 03       		.uleb128 0x3
 1414 0934 30020000 		.4byte	.LASF148
 1415 0938 0E       		.byte	0xe
 1416 0939 34       		.byte	0x34
 1417 093a C9080000 		.4byte	0x8c9
 1418 093e 0A       		.uleb128 0xa
 1419 093f 04       		.byte	0x4
 1420 0940 33090000 		.4byte	0x933
 1421 0944 04       		.uleb128 0x4
 1422 0945 01       		.byte	0x1
 1423 0946 02       		.byte	0x2
 1424 0947 72050000 		.4byte	.LASF149
ARM GAS  C:\Users\jo\AppData\Local\Temp\ccyAZtvz.s 			page 26


 1425 094b 1C       		.uleb128 0x1c
 1426 094c 05030000 		.4byte	.LASF155
 1427 0950 01       		.byte	0x1
 1428 0951 36       		.byte	0x36
 1429 0952 01       		.byte	0x1
 1430 0953 1D       		.uleb128 0x1d
 1431 0954 CF060000 		.4byte	.LASF156
 1432 0958 01       		.byte	0x1
 1433 0959 72       		.byte	0x72
 1434 095a 00000000 		.4byte	.LFB260
 1435 095e 80000000 		.4byte	.LFE260-.LFB260
 1436 0962 01       		.uleb128 0x1
 1437 0963 9C       		.byte	0x9c
 1438 0964 81090000 		.4byte	0x981
 1439 0968 1E       		.uleb128 0x1e
 1440 0969 4B090000 		.4byte	0x94b
 1441 096d 18000000 		.4byte	.LBB4
 1442 0971 00000000 		.4byte	.Ldebug_ranges0+0
 1443 0975 01       		.byte	0x1
 1444 0976 7F       		.byte	0x7f
 1445 0977 1F       		.uleb128 0x1f
 1446 0978 76000000 		.4byte	.LVL0
 1447 097c BA090000 		.4byte	0x9ba
 1448 0980 00       		.byte	0
 1449 0981 20       		.uleb128 0x20
 1450 0982 1F020000 		.4byte	.LASF157
 1451 0986 01       		.byte	0x1
 1452 0987 92       		.byte	0x92
 1453 0988 00000000 		.4byte	.LFB261
 1454 098c C8000000 		.4byte	.LFE261-.LFB261
 1455 0990 01       		.uleb128 0x1
 1456 0991 9C       		.byte	0x9c
 1457 0992 21       		.uleb128 0x21
 1458 0993 C9000000 		.4byte	.LASF150
 1459 0997 0F       		.byte	0xf
 1460 0998 A706     		.2byte	0x6a7
 1461 099a CE000000 		.4byte	0xce
 1462 099e 22       		.uleb128 0x22
 1463 099f 76020000 		.4byte	.LASF151
 1464 09a3 01       		.byte	0x1
 1465 09a4 27       		.byte	0x27
 1466 09a5 B8000000 		.4byte	0xb8
 1467 09a9 05       		.uleb128 0x5
 1468 09aa 03       		.byte	0x3
 1469 09ab 00000000 		.4byte	SystemCoreClock
 1470 09af 23       		.uleb128 0x23
 1471 09b0 636800   		.ascii	"ch\000"
 1472 09b3 07       		.byte	0x7
 1473 09b4 0902     		.2byte	0x209
 1474 09b6 1E040000 		.4byte	0x41e
 1475 09ba 24       		.uleb128 0x24
 1476 09bb 3D060000 		.4byte	.LASF158
 1477 09bf 10       		.byte	0x10
 1478 09c0 C101     		.2byte	0x1c1
 1479 09c2 00       		.byte	0
 1480              		.section	.debug_abbrev,"",%progbits
 1481              	.Ldebug_abbrev0:
ARM GAS  C:\Users\jo\AppData\Local\Temp\ccyAZtvz.s 			page 27


 1482 0000 01       		.uleb128 0x1
 1483 0001 11       		.uleb128 0x11
 1484 0002 01       		.byte	0x1
 1485 0003 25       		.uleb128 0x25
 1486 0004 0E       		.uleb128 0xe
 1487 0005 13       		.uleb128 0x13
 1488 0006 0B       		.uleb128 0xb
 1489 0007 03       		.uleb128 0x3
 1490 0008 0E       		.uleb128 0xe
 1491 0009 1B       		.uleb128 0x1b
 1492 000a 0E       		.uleb128 0xe
 1493 000b 55       		.uleb128 0x55
 1494 000c 17       		.uleb128 0x17
 1495 000d 11       		.uleb128 0x11
 1496 000e 01       		.uleb128 0x1
 1497 000f 10       		.uleb128 0x10
 1498 0010 17       		.uleb128 0x17
 1499 0011 00       		.byte	0
 1500 0012 00       		.byte	0
 1501 0013 02       		.uleb128 0x2
 1502 0014 24       		.uleb128 0x24
 1503 0015 00       		.byte	0
 1504 0016 0B       		.uleb128 0xb
 1505 0017 0B       		.uleb128 0xb
 1506 0018 3E       		.uleb128 0x3e
 1507 0019 0B       		.uleb128 0xb
 1508 001a 03       		.uleb128 0x3
 1509 001b 08       		.uleb128 0x8
 1510 001c 00       		.byte	0
 1511 001d 00       		.byte	0
 1512 001e 03       		.uleb128 0x3
 1513 001f 16       		.uleb128 0x16
 1514 0020 00       		.byte	0
 1515 0021 03       		.uleb128 0x3
 1516 0022 0E       		.uleb128 0xe
 1517 0023 3A       		.uleb128 0x3a
 1518 0024 0B       		.uleb128 0xb
 1519 0025 3B       		.uleb128 0x3b
 1520 0026 0B       		.uleb128 0xb
 1521 0027 49       		.uleb128 0x49
 1522 0028 13       		.uleb128 0x13
 1523 0029 00       		.byte	0
 1524 002a 00       		.byte	0
 1525 002b 04       		.uleb128 0x4
 1526 002c 24       		.uleb128 0x24
 1527 002d 00       		.byte	0
 1528 002e 0B       		.uleb128 0xb
 1529 002f 0B       		.uleb128 0xb
 1530 0030 3E       		.uleb128 0x3e
 1531 0031 0B       		.uleb128 0xb
 1532 0032 03       		.uleb128 0x3
 1533 0033 0E       		.uleb128 0xe
 1534 0034 00       		.byte	0
 1535 0035 00       		.byte	0
 1536 0036 05       		.uleb128 0x5
 1537 0037 35       		.uleb128 0x35
 1538 0038 00       		.byte	0
ARM GAS  C:\Users\jo\AppData\Local\Temp\ccyAZtvz.s 			page 28


 1539 0039 49       		.uleb128 0x49
 1540 003a 13       		.uleb128 0x13
 1541 003b 00       		.byte	0
 1542 003c 00       		.byte	0
 1543 003d 06       		.uleb128 0x6
 1544 003e 13       		.uleb128 0x13
 1545 003f 01       		.byte	0x1
 1546 0040 03       		.uleb128 0x3
 1547 0041 0E       		.uleb128 0xe
 1548 0042 0B       		.uleb128 0xb
 1549 0043 0B       		.uleb128 0xb
 1550 0044 3A       		.uleb128 0x3a
 1551 0045 0B       		.uleb128 0xb
 1552 0046 3B       		.uleb128 0x3b
 1553 0047 0B       		.uleb128 0xb
 1554 0048 01       		.uleb128 0x1
 1555 0049 13       		.uleb128 0x13
 1556 004a 00       		.byte	0
 1557 004b 00       		.byte	0
 1558 004c 07       		.uleb128 0x7
 1559 004d 0D       		.uleb128 0xd
 1560 004e 00       		.byte	0
 1561 004f 03       		.uleb128 0x3
 1562 0050 0E       		.uleb128 0xe
 1563 0051 3A       		.uleb128 0x3a
 1564 0052 0B       		.uleb128 0xb
 1565 0053 3B       		.uleb128 0x3b
 1566 0054 0B       		.uleb128 0xb
 1567 0055 49       		.uleb128 0x49
 1568 0056 13       		.uleb128 0x13
 1569 0057 38       		.uleb128 0x38
 1570 0058 0B       		.uleb128 0xb
 1571 0059 00       		.byte	0
 1572 005a 00       		.byte	0
 1573 005b 08       		.uleb128 0x8
 1574 005c 0D       		.uleb128 0xd
 1575 005d 00       		.byte	0
 1576 005e 03       		.uleb128 0x3
 1577 005f 08       		.uleb128 0x8
 1578 0060 3A       		.uleb128 0x3a
 1579 0061 0B       		.uleb128 0xb
 1580 0062 3B       		.uleb128 0x3b
 1581 0063 05       		.uleb128 0x5
 1582 0064 49       		.uleb128 0x49
 1583 0065 13       		.uleb128 0x13
 1584 0066 38       		.uleb128 0x38
 1585 0067 0B       		.uleb128 0xb
 1586 0068 00       		.byte	0
 1587 0069 00       		.byte	0
 1588 006a 09       		.uleb128 0x9
 1589 006b 0D       		.uleb128 0xd
 1590 006c 00       		.byte	0
 1591 006d 03       		.uleb128 0x3
 1592 006e 0E       		.uleb128 0xe
 1593 006f 3A       		.uleb128 0x3a
 1594 0070 0B       		.uleb128 0xb
 1595 0071 3B       		.uleb128 0x3b
ARM GAS  C:\Users\jo\AppData\Local\Temp\ccyAZtvz.s 			page 29


 1596 0072 05       		.uleb128 0x5
 1597 0073 49       		.uleb128 0x49
 1598 0074 13       		.uleb128 0x13
 1599 0075 38       		.uleb128 0x38
 1600 0076 0B       		.uleb128 0xb
 1601 0077 00       		.byte	0
 1602 0078 00       		.byte	0
 1603 0079 0A       		.uleb128 0xa
 1604 007a 0F       		.uleb128 0xf
 1605 007b 00       		.byte	0
 1606 007c 0B       		.uleb128 0xb
 1607 007d 0B       		.uleb128 0xb
 1608 007e 49       		.uleb128 0x49
 1609 007f 13       		.uleb128 0x13
 1610 0080 00       		.byte	0
 1611 0081 00       		.byte	0
 1612 0082 0B       		.uleb128 0xb
 1613 0083 13       		.uleb128 0x13
 1614 0084 01       		.byte	0x1
 1615 0085 03       		.uleb128 0x3
 1616 0086 0E       		.uleb128 0xe
 1617 0087 0B       		.uleb128 0xb
 1618 0088 0B       		.uleb128 0xb
 1619 0089 3A       		.uleb128 0x3a
 1620 008a 0B       		.uleb128 0xb
 1621 008b 3B       		.uleb128 0x3b
 1622 008c 05       		.uleb128 0x5
 1623 008d 01       		.uleb128 0x1
 1624 008e 13       		.uleb128 0x13
 1625 008f 00       		.byte	0
 1626 0090 00       		.byte	0
 1627 0091 0C       		.uleb128 0xc
 1628 0092 15       		.uleb128 0x15
 1629 0093 01       		.byte	0x1
 1630 0094 27       		.uleb128 0x27
 1631 0095 19       		.uleb128 0x19
 1632 0096 01       		.uleb128 0x1
 1633 0097 13       		.uleb128 0x13
 1634 0098 00       		.byte	0
 1635 0099 00       		.byte	0
 1636 009a 0D       		.uleb128 0xd
 1637 009b 05       		.uleb128 0x5
 1638 009c 00       		.byte	0
 1639 009d 49       		.uleb128 0x49
 1640 009e 13       		.uleb128 0x13
 1641 009f 00       		.byte	0
 1642 00a0 00       		.byte	0
 1643 00a1 0E       		.uleb128 0xe
 1644 00a2 0F       		.uleb128 0xf
 1645 00a3 00       		.byte	0
 1646 00a4 0B       		.uleb128 0xb
 1647 00a5 0B       		.uleb128 0xb
 1648 00a6 00       		.byte	0
 1649 00a7 00       		.byte	0
 1650 00a8 0F       		.uleb128 0xf
 1651 00a9 13       		.uleb128 0x13
 1652 00aa 01       		.byte	0x1
ARM GAS  C:\Users\jo\AppData\Local\Temp\ccyAZtvz.s 			page 30


 1653 00ab 03       		.uleb128 0x3
 1654 00ac 0E       		.uleb128 0xe
 1655 00ad 0B       		.uleb128 0xb
 1656 00ae 05       		.uleb128 0x5
 1657 00af 3A       		.uleb128 0x3a
 1658 00b0 0B       		.uleb128 0xb
 1659 00b1 3B       		.uleb128 0x3b
 1660 00b2 05       		.uleb128 0x5
 1661 00b3 01       		.uleb128 0x1
 1662 00b4 13       		.uleb128 0x13
 1663 00b5 00       		.byte	0
 1664 00b6 00       		.byte	0
 1665 00b7 10       		.uleb128 0x10
 1666 00b8 0D       		.uleb128 0xd
 1667 00b9 00       		.byte	0
 1668 00ba 03       		.uleb128 0x3
 1669 00bb 0E       		.uleb128 0xe
 1670 00bc 3A       		.uleb128 0x3a
 1671 00bd 0B       		.uleb128 0xb
 1672 00be 3B       		.uleb128 0x3b
 1673 00bf 05       		.uleb128 0x5
 1674 00c0 49       		.uleb128 0x49
 1675 00c1 13       		.uleb128 0x13
 1676 00c2 38       		.uleb128 0x38
 1677 00c3 05       		.uleb128 0x5
 1678 00c4 00       		.byte	0
 1679 00c5 00       		.byte	0
 1680 00c6 11       		.uleb128 0x11
 1681 00c7 0D       		.uleb128 0xd
 1682 00c8 00       		.byte	0
 1683 00c9 03       		.uleb128 0x3
 1684 00ca 08       		.uleb128 0x8
 1685 00cb 3A       		.uleb128 0x3a
 1686 00cc 0B       		.uleb128 0xb
 1687 00cd 3B       		.uleb128 0x3b
 1688 00ce 05       		.uleb128 0x5
 1689 00cf 49       		.uleb128 0x49
 1690 00d0 13       		.uleb128 0x13
 1691 00d1 38       		.uleb128 0x38
 1692 00d2 05       		.uleb128 0x5
 1693 00d3 00       		.byte	0
 1694 00d4 00       		.byte	0
 1695 00d5 12       		.uleb128 0x12
 1696 00d6 01       		.uleb128 0x1
 1697 00d7 01       		.byte	0x1
 1698 00d8 49       		.uleb128 0x49
 1699 00d9 13       		.uleb128 0x13
 1700 00da 01       		.uleb128 0x1
 1701 00db 13       		.uleb128 0x13
 1702 00dc 00       		.byte	0
 1703 00dd 00       		.byte	0
 1704 00de 13       		.uleb128 0x13
 1705 00df 21       		.uleb128 0x21
 1706 00e0 00       		.byte	0
 1707 00e1 49       		.uleb128 0x49
 1708 00e2 13       		.uleb128 0x13
 1709 00e3 2F       		.uleb128 0x2f
ARM GAS  C:\Users\jo\AppData\Local\Temp\ccyAZtvz.s 			page 31


 1710 00e4 0B       		.uleb128 0xb
 1711 00e5 00       		.byte	0
 1712 00e6 00       		.byte	0
 1713 00e7 14       		.uleb128 0x14
 1714 00e8 13       		.uleb128 0x13
 1715 00e9 01       		.byte	0x1
 1716 00ea 0B       		.uleb128 0xb
 1717 00eb 0B       		.uleb128 0xb
 1718 00ec 3A       		.uleb128 0x3a
 1719 00ed 0B       		.uleb128 0xb
 1720 00ee 3B       		.uleb128 0x3b
 1721 00ef 05       		.uleb128 0x5
 1722 00f0 01       		.uleb128 0x1
 1723 00f1 13       		.uleb128 0x13
 1724 00f2 00       		.byte	0
 1725 00f3 00       		.byte	0
 1726 00f4 15       		.uleb128 0x15
 1727 00f5 16       		.uleb128 0x16
 1728 00f6 00       		.byte	0
 1729 00f7 03       		.uleb128 0x3
 1730 00f8 0E       		.uleb128 0xe
 1731 00f9 3A       		.uleb128 0x3a
 1732 00fa 0B       		.uleb128 0xb
 1733 00fb 3B       		.uleb128 0x3b
 1734 00fc 05       		.uleb128 0x5
 1735 00fd 49       		.uleb128 0x49
 1736 00fe 13       		.uleb128 0x13
 1737 00ff 00       		.byte	0
 1738 0100 00       		.byte	0
 1739 0101 16       		.uleb128 0x16
 1740 0102 0D       		.uleb128 0xd
 1741 0103 00       		.byte	0
 1742 0104 03       		.uleb128 0x3
 1743 0105 08       		.uleb128 0x8
 1744 0106 3A       		.uleb128 0x3a
 1745 0107 0B       		.uleb128 0xb
 1746 0108 3B       		.uleb128 0x3b
 1747 0109 0B       		.uleb128 0xb
 1748 010a 49       		.uleb128 0x49
 1749 010b 13       		.uleb128 0x13
 1750 010c 38       		.uleb128 0x38
 1751 010d 0B       		.uleb128 0xb
 1752 010e 00       		.byte	0
 1753 010f 00       		.byte	0
 1754 0110 17       		.uleb128 0x17
 1755 0111 13       		.uleb128 0x13
 1756 0112 01       		.byte	0x1
 1757 0113 0B       		.uleb128 0xb
 1758 0114 0B       		.uleb128 0xb
 1759 0115 3A       		.uleb128 0x3a
 1760 0116 0B       		.uleb128 0xb
 1761 0117 3B       		.uleb128 0x3b
 1762 0118 0B       		.uleb128 0xb
 1763 0119 01       		.uleb128 0x1
 1764 011a 13       		.uleb128 0x13
 1765 011b 00       		.byte	0
 1766 011c 00       		.byte	0
ARM GAS  C:\Users\jo\AppData\Local\Temp\ccyAZtvz.s 			page 32


 1767 011d 18       		.uleb128 0x18
 1768 011e 13       		.uleb128 0x13
 1769 011f 01       		.byte	0x1
 1770 0120 0B       		.uleb128 0xb
 1771 0121 05       		.uleb128 0x5
 1772 0122 3A       		.uleb128 0x3a
 1773 0123 0B       		.uleb128 0xb
 1774 0124 3B       		.uleb128 0x3b
 1775 0125 0B       		.uleb128 0xb
 1776 0126 01       		.uleb128 0x1
 1777 0127 13       		.uleb128 0x13
 1778 0128 00       		.byte	0
 1779 0129 00       		.byte	0
 1780 012a 19       		.uleb128 0x19
 1781 012b 17       		.uleb128 0x17
 1782 012c 01       		.byte	0x1
 1783 012d 0B       		.uleb128 0xb
 1784 012e 0B       		.uleb128 0xb
 1785 012f 3A       		.uleb128 0x3a
 1786 0130 0B       		.uleb128 0xb
 1787 0131 3B       		.uleb128 0x3b
 1788 0132 0B       		.uleb128 0xb
 1789 0133 01       		.uleb128 0x1
 1790 0134 13       		.uleb128 0x13
 1791 0135 00       		.byte	0
 1792 0136 00       		.byte	0
 1793 0137 1A       		.uleb128 0x1a
 1794 0138 0D       		.uleb128 0xd
 1795 0139 00       		.byte	0
 1796 013a 03       		.uleb128 0x3
 1797 013b 0E       		.uleb128 0xe
 1798 013c 3A       		.uleb128 0x3a
 1799 013d 0B       		.uleb128 0xb
 1800 013e 3B       		.uleb128 0x3b
 1801 013f 05       		.uleb128 0x5
 1802 0140 49       		.uleb128 0x49
 1803 0141 13       		.uleb128 0x13
 1804 0142 00       		.byte	0
 1805 0143 00       		.byte	0
 1806 0144 1B       		.uleb128 0x1b
 1807 0145 26       		.uleb128 0x26
 1808 0146 00       		.byte	0
 1809 0147 49       		.uleb128 0x49
 1810 0148 13       		.uleb128 0x13
 1811 0149 00       		.byte	0
 1812 014a 00       		.byte	0
 1813 014b 1C       		.uleb128 0x1c
 1814 014c 2E       		.uleb128 0x2e
 1815 014d 00       		.byte	0
 1816 014e 03       		.uleb128 0x3
 1817 014f 0E       		.uleb128 0xe
 1818 0150 3A       		.uleb128 0x3a
 1819 0151 0B       		.uleb128 0xb
 1820 0152 3B       		.uleb128 0x3b
 1821 0153 0B       		.uleb128 0xb
 1822 0154 27       		.uleb128 0x27
 1823 0155 19       		.uleb128 0x19
ARM GAS  C:\Users\jo\AppData\Local\Temp\ccyAZtvz.s 			page 33


 1824 0156 20       		.uleb128 0x20
 1825 0157 0B       		.uleb128 0xb
 1826 0158 00       		.byte	0
 1827 0159 00       		.byte	0
 1828 015a 1D       		.uleb128 0x1d
 1829 015b 2E       		.uleb128 0x2e
 1830 015c 01       		.byte	0x1
 1831 015d 3F       		.uleb128 0x3f
 1832 015e 19       		.uleb128 0x19
 1833 015f 03       		.uleb128 0x3
 1834 0160 0E       		.uleb128 0xe
 1835 0161 3A       		.uleb128 0x3a
 1836 0162 0B       		.uleb128 0xb
 1837 0163 3B       		.uleb128 0x3b
 1838 0164 0B       		.uleb128 0xb
 1839 0165 27       		.uleb128 0x27
 1840 0166 19       		.uleb128 0x19
 1841 0167 11       		.uleb128 0x11
 1842 0168 01       		.uleb128 0x1
 1843 0169 12       		.uleb128 0x12
 1844 016a 06       		.uleb128 0x6
 1845 016b 40       		.uleb128 0x40
 1846 016c 18       		.uleb128 0x18
 1847 016d 9742     		.uleb128 0x2117
 1848 016f 19       		.uleb128 0x19
 1849 0170 01       		.uleb128 0x1
 1850 0171 13       		.uleb128 0x13
 1851 0172 00       		.byte	0
 1852 0173 00       		.byte	0
 1853 0174 1E       		.uleb128 0x1e
 1854 0175 1D       		.uleb128 0x1d
 1855 0176 00       		.byte	0
 1856 0177 31       		.uleb128 0x31
 1857 0178 13       		.uleb128 0x13
 1858 0179 52       		.uleb128 0x52
 1859 017a 01       		.uleb128 0x1
 1860 017b 55       		.uleb128 0x55
 1861 017c 17       		.uleb128 0x17
 1862 017d 58       		.uleb128 0x58
 1863 017e 0B       		.uleb128 0xb
 1864 017f 59       		.uleb128 0x59
 1865 0180 0B       		.uleb128 0xb
 1866 0181 00       		.byte	0
 1867 0182 00       		.byte	0
 1868 0183 1F       		.uleb128 0x1f
 1869 0184 898201   		.uleb128 0x4109
 1870 0187 00       		.byte	0
 1871 0188 11       		.uleb128 0x11
 1872 0189 01       		.uleb128 0x1
 1873 018a 9542     		.uleb128 0x2115
 1874 018c 19       		.uleb128 0x19
 1875 018d 31       		.uleb128 0x31
 1876 018e 13       		.uleb128 0x13
 1877 018f 00       		.byte	0
 1878 0190 00       		.byte	0
 1879 0191 20       		.uleb128 0x20
 1880 0192 2E       		.uleb128 0x2e
ARM GAS  C:\Users\jo\AppData\Local\Temp\ccyAZtvz.s 			page 34


 1881 0193 00       		.byte	0
 1882 0194 3F       		.uleb128 0x3f
 1883 0195 19       		.uleb128 0x19
 1884 0196 03       		.uleb128 0x3
 1885 0197 0E       		.uleb128 0xe
 1886 0198 3A       		.uleb128 0x3a
 1887 0199 0B       		.uleb128 0xb
 1888 019a 3B       		.uleb128 0x3b
 1889 019b 0B       		.uleb128 0xb
 1890 019c 27       		.uleb128 0x27
 1891 019d 19       		.uleb128 0x19
 1892 019e 11       		.uleb128 0x11
 1893 019f 01       		.uleb128 0x1
 1894 01a0 12       		.uleb128 0x12
 1895 01a1 06       		.uleb128 0x6
 1896 01a2 40       		.uleb128 0x40
 1897 01a3 18       		.uleb128 0x18
 1898 01a4 9742     		.uleb128 0x2117
 1899 01a6 19       		.uleb128 0x19
 1900 01a7 00       		.byte	0
 1901 01a8 00       		.byte	0
 1902 01a9 21       		.uleb128 0x21
 1903 01aa 34       		.uleb128 0x34
 1904 01ab 00       		.byte	0
 1905 01ac 03       		.uleb128 0x3
 1906 01ad 0E       		.uleb128 0xe
 1907 01ae 3A       		.uleb128 0x3a
 1908 01af 0B       		.uleb128 0xb
 1909 01b0 3B       		.uleb128 0x3b
 1910 01b1 05       		.uleb128 0x5
 1911 01b2 49       		.uleb128 0x49
 1912 01b3 13       		.uleb128 0x13
 1913 01b4 3F       		.uleb128 0x3f
 1914 01b5 19       		.uleb128 0x19
 1915 01b6 3C       		.uleb128 0x3c
 1916 01b7 19       		.uleb128 0x19
 1917 01b8 00       		.byte	0
 1918 01b9 00       		.byte	0
 1919 01ba 22       		.uleb128 0x22
 1920 01bb 34       		.uleb128 0x34
 1921 01bc 00       		.byte	0
 1922 01bd 03       		.uleb128 0x3
 1923 01be 0E       		.uleb128 0xe
 1924 01bf 3A       		.uleb128 0x3a
 1925 01c0 0B       		.uleb128 0xb
 1926 01c1 3B       		.uleb128 0x3b
 1927 01c2 0B       		.uleb128 0xb
 1928 01c3 49       		.uleb128 0x49
 1929 01c4 13       		.uleb128 0x13
 1930 01c5 3F       		.uleb128 0x3f
 1931 01c6 19       		.uleb128 0x19
 1932 01c7 02       		.uleb128 0x2
 1933 01c8 18       		.uleb128 0x18
 1934 01c9 00       		.byte	0
 1935 01ca 00       		.byte	0
 1936 01cb 23       		.uleb128 0x23
 1937 01cc 34       		.uleb128 0x34
ARM GAS  C:\Users\jo\AppData\Local\Temp\ccyAZtvz.s 			page 35


 1938 01cd 00       		.byte	0
 1939 01ce 03       		.uleb128 0x3
 1940 01cf 08       		.uleb128 0x8
 1941 01d0 3A       		.uleb128 0x3a
 1942 01d1 0B       		.uleb128 0xb
 1943 01d2 3B       		.uleb128 0x3b
 1944 01d3 05       		.uleb128 0x5
 1945 01d4 49       		.uleb128 0x49
 1946 01d5 13       		.uleb128 0x13
 1947 01d6 3F       		.uleb128 0x3f
 1948 01d7 19       		.uleb128 0x19
 1949 01d8 3C       		.uleb128 0x3c
 1950 01d9 19       		.uleb128 0x19
 1951 01da 00       		.byte	0
 1952 01db 00       		.byte	0
 1953 01dc 24       		.uleb128 0x24
 1954 01dd 2E       		.uleb128 0x2e
 1955 01de 00       		.byte	0
 1956 01df 3F       		.uleb128 0x3f
 1957 01e0 19       		.uleb128 0x19
 1958 01e1 03       		.uleb128 0x3
 1959 01e2 0E       		.uleb128 0xe
 1960 01e3 3A       		.uleb128 0x3a
 1961 01e4 0B       		.uleb128 0xb
 1962 01e5 3B       		.uleb128 0x3b
 1963 01e6 05       		.uleb128 0x5
 1964 01e7 27       		.uleb128 0x27
 1965 01e8 19       		.uleb128 0x19
 1966 01e9 3C       		.uleb128 0x3c
 1967 01ea 19       		.uleb128 0x19
 1968 01eb 00       		.byte	0
 1969 01ec 00       		.byte	0
 1970 01ed 00       		.byte	0
 1971              		.section	.debug_aranges,"",%progbits
 1972 0000 24000000 		.4byte	0x24
 1973 0004 0200     		.2byte	0x2
 1974 0006 00000000 		.4byte	.Ldebug_info0
 1975 000a 04       		.byte	0x4
 1976 000b 00       		.byte	0
 1977 000c 0000     		.2byte	0
 1978 000e 0000     		.2byte	0
 1979 0010 00000000 		.4byte	.LFB260
 1980 0014 80000000 		.4byte	.LFE260-.LFB260
 1981 0018 00000000 		.4byte	.LFB261
 1982 001c C8000000 		.4byte	.LFE261-.LFB261
 1983 0020 00000000 		.4byte	0
 1984 0024 00000000 		.4byte	0
 1985              		.section	.debug_ranges,"",%progbits
 1986              	.Ldebug_ranges0:
 1987 0000 18000000 		.4byte	.LBB4
 1988 0004 1A000000 		.4byte	.LBE4
 1989 0008 30000000 		.4byte	.LBB8
 1990 000c 66000000 		.4byte	.LBE8
 1991 0010 6A000000 		.4byte	.LBB9
 1992 0014 72000000 		.4byte	.LBE9
 1993 0018 00000000 		.4byte	0
 1994 001c 00000000 		.4byte	0
ARM GAS  C:\Users\jo\AppData\Local\Temp\ccyAZtvz.s 			page 36


 1995 0020 00000000 		.4byte	.LFB260
 1996 0024 80000000 		.4byte	.LFE260
 1997 0028 00000000 		.4byte	.LFB261
 1998 002c C8000000 		.4byte	.LFE261
 1999 0030 00000000 		.4byte	0
 2000 0034 00000000 		.4byte	0
 2001              		.section	.debug_line,"",%progbits
 2002              	.Ldebug_line0:
 2003 0000 2B030000 		.section	.debug_str,"MS",%progbits,1
 2003      02009702 
 2003      00000201 
 2003      FB0E0D00 
 2003      01010101 
 2004              	.LASF128:
 2005 0000 74625F70 		.ascii	"tb_ptr\000"
 2005      747200
 2006              	.LASF52:
 2007 0007 72656164 		.ascii	"ready_list_t\000"
 2007      795F6C69 
 2007      73745F74 
 2007      00
 2008              	.LASF122:
 2009 0014 73655F74 		.ascii	"se_time\000"
 2009      696D6500 
 2010              	.LASF2:
 2011 001c 73697A65 		.ascii	"size_t\000"
 2011      5F7400
 2012              	.LASF133:
 2013 0023 7264796D 		.ascii	"rdymsg\000"
 2013      736700
 2014              	.LASF17:
 2015 002a 75696E74 		.ascii	"uint64_t\000"
 2015      36345F74 
 2015      00
 2016              	.LASF3:
 2017 0033 5F5F7569 		.ascii	"__uint8_t\000"
 2017      6E74385F 
 2017      7400
 2018              	.LASF121:
 2019 003d 706F7274 		.ascii	"port_intctx\000"
 2019      5F696E74 
 2019      63747800 
 2020              	.LASF71:
 2021 0049 73797374 		.ascii	"system_debug_t\000"
 2021      656D5F64 
 2021      65627567 
 2021      5F7400
 2022              	.LASF86:
 2023 0058 4F505443 		.ascii	"OPTCR\000"
 2023      5200
 2024              	.LASF87:
 2025 005e 4F505443 		.ascii	"OPTCR1\000"
 2025      523100
 2026              	.LASF13:
 2027 0065 6C6F6E67 		.ascii	"long long unsigned int\000"
 2027      206C6F6E 
 2027      6720756E 
ARM GAS  C:\Users\jo\AppData\Local\Temp\ccyAZtvz.s 			page 37


 2027      7369676E 
 2027      65642069 
 2028              	.LASF130:
 2029 007c 63685F74 		.ascii	"ch_trace_buffer_t\000"
 2029      72616365 
 2029      5F627566 
 2029      6665725F 
 2029      7400
 2030              	.LASF125:
 2031 008e 73655F73 		.ascii	"se_state\000"
 2031      74617465 
 2031      00
 2032              	.LASF141:
 2033 0097 735F7175 		.ascii	"s_queue\000"
 2033      65756500 
 2034              	.LASF134:
 2035 009f 65786974 		.ascii	"exitcode\000"
 2035      636F6465 
 2035      00
 2036              	.LASF81:
 2037 00a8 6D61696E 		.ascii	"mainthread\000"
 2037      74687265 
 2037      616400
 2038              	.LASF68:
 2039 00b3 76697274 		.ascii	"virtual_timers_list_t\000"
 2039      75616C5F 
 2039      74696D65 
 2039      72735F6C 
 2039      6973745F 
 2040              	.LASF150:
 2041 00c9 49544D5F 		.ascii	"ITM_RxBuffer\000"
 2041      52784275 
 2041      66666572 
 2041      00
 2042              	.LASF51:
 2043 00d6 63685F74 		.ascii	"ch_threads_queue\000"
 2043      68726561 
 2043      64735F71 
 2043      75657565 
 2043      00
 2044              	.LASF106:
 2045 00e7 41484231 		.ascii	"AHB1LPENR\000"
 2045      4C50454E 
 2045      5200
 2046              	.LASF30:
 2047 00f1 705F7072 		.ascii	"p_prio\000"
 2047      696F00
 2048              	.LASF154:
 2049 00f8 433A5C55 		.ascii	"C:\\Users\\jo\\Documents\\GitHub\\ChibiOS\\demos\\S"
 2049      73657273 
 2049      5C6A6F5C 
 2049      446F6375 
 2049      6D656E74 
 2050 0124 544D3332 		.ascii	"TM32\\RT-STM32F407-DISCOVERY-uHttp\000"
 2050      5C52542D 
 2050      53544D33 
 2050      32463430 
ARM GAS  C:\Users\jo\AppData\Local\Temp\ccyAZtvz.s 			page 38


 2050      372D4449 
 2051              	.LASF11:
 2052 0146 6C6F6E67 		.ascii	"long long int\000"
 2052      206C6F6E 
 2052      6720696E 
 2052      7400
 2053              	.LASF1:
 2054 0154 7369676E 		.ascii	"signed char\000"
 2054      65642063 
 2054      68617200 
 2055              	.LASF92:
 2056 0160 41484231 		.ascii	"AHB1RSTR\000"
 2056      52535452 
 2056      00
 2057              	.LASF88:
 2058 0169 464C4153 		.ascii	"FLASH_TypeDef\000"
 2058      485F5479 
 2058      70654465 
 2058      6600
 2059              	.LASF45:
 2060 0177 705F6D70 		.ascii	"p_mpool\000"
 2060      6F6F6C00 
 2061              	.LASF144:
 2062 017f 6D5F7175 		.ascii	"m_queue\000"
 2062      65756500 
 2063              	.LASF80:
 2064 0187 76746C69 		.ascii	"vtlist\000"
 2064      737400
 2065              	.LASF89:
 2066 018e 5057525F 		.ascii	"PWR_TypeDef\000"
 2066      54797065 
 2066      44656600 
 2067              	.LASF117:
 2068 019a 5243435F 		.ascii	"RCC_TypeDef\000"
 2068      54797065 
 2068      44656600 
 2069              	.LASF136:
 2070 01a6 77747472 		.ascii	"wttrp\000"
 2070      7000
 2071              	.LASF78:
 2072 01ac 63685F73 		.ascii	"ch_system\000"
 2072      79737465 
 2072      6D00
 2073              	.LASF8:
 2074 01b6 6C6F6E67 		.ascii	"long int\000"
 2074      20696E74 
 2074      00
 2075              	.LASF97:
 2076 01bf 41504232 		.ascii	"APB2RSTR\000"
 2076      52535452 
 2076      00
 2077              	.LASF110:
 2078 01c8 41504231 		.ascii	"APB1LPENR\000"
 2078      4C50454E 
 2078      5200
 2079              	.LASF20:
 2080 01d2 74737461 		.ascii	"tstate_t\000"
ARM GAS  C:\Users\jo\AppData\Local\Temp\ccyAZtvz.s 			page 39


 2080      74655F74 
 2080      00
 2081              	.LASF123:
 2082 01db 73655F74 		.ascii	"se_tp\000"
 2082      7000
 2083              	.LASF85:
 2084 01e1 4F50544B 		.ascii	"OPTKEYR\000"
 2084      45595200 
 2085              	.LASF32:
 2086 01e9 705F6E65 		.ascii	"p_newer\000"
 2086      77657200 
 2087              	.LASF90:
 2088 01f1 504C4C43 		.ascii	"PLLCFGR\000"
 2088      46475200 
 2089              	.LASF127:
 2090 01f9 74625F73 		.ascii	"tb_size\000"
 2090      697A6500 
 2091              	.LASF57:
 2092 0201 725F6E65 		.ascii	"r_newer\000"
 2092      77657200 
 2093              	.LASF118:
 2094 0209 72656761 		.ascii	"regarm_t\000"
 2094      726D5F74 
 2094      00
 2095              	.LASF64:
 2096 0212 76745F70 		.ascii	"vt_prev\000"
 2096      72657600 
 2097              	.LASF84:
 2098 021a 4B455952 		.ascii	"KEYR\000"
 2098      00
 2099              	.LASF157:
 2100 021f 73746D33 		.ascii	"stm32_clock_init\000"
 2100      325F636C 
 2100      6F636B5F 
 2100      696E6974 
 2100      00
 2101              	.LASF148:
 2102 0230 6D757465 		.ascii	"mutex_t\000"
 2102      785F7400 
 2103              	.LASF75:
 2104 0238 6C6F636B 		.ascii	"lock_cnt\000"
 2104      5F636E74 
 2104      00
 2105              	.LASF82:
 2106 0241 69646C65 		.ascii	"idle_thread_wa\000"
 2106      5F746872 
 2106      6561645F 
 2106      776100
 2107              	.LASF25:
 2108 0250 636E745F 		.ascii	"cnt_t\000"
 2108      7400
 2109              	.LASF35:
 2110 0256 705F7374 		.ascii	"p_stklimit\000"
 2110      6B6C696D 
 2110      697400
 2111              	.LASF0:
 2112 0261 756E7369 		.ascii	"unsigned int\000"
ARM GAS  C:\Users\jo\AppData\Local\Temp\ccyAZtvz.s 			page 40


 2112      676E6564 
 2112      20696E74 
 2112      00
 2113              	.LASF63:
 2114 026e 76745F6E 		.ascii	"vt_next\000"
 2114      65787400 
 2115              	.LASF151:
 2116 0276 53797374 		.ascii	"SystemCoreClock\000"
 2116      656D436F 
 2116      7265436C 
 2116      6F636B00 
 2117              	.LASF137:
 2118 0286 77747365 		.ascii	"wtsemp\000"
 2118      6D7000
 2119              	.LASF40:
 2120 028d 705F6D73 		.ascii	"p_msgqueue\000"
 2120      67717565 
 2120      756500
 2121              	.LASF153:
 2122 0298 2E2E2F2E 		.ascii	"../../../os/hal/ports/STM32/STM32F4xx/hal_lld.c\000"
 2122      2E2F2E2E 
 2122      2F6F732F 
 2122      68616C2F 
 2122      706F7274 
 2123              	.LASF142:
 2124 02c8 735F636E 		.ascii	"s_cnt\000"
 2124      7400
 2125              	.LASF6:
 2126 02ce 73686F72 		.ascii	"short unsigned int\000"
 2126      7420756E 
 2126      7369676E 
 2126      65642069 
 2126      6E7400
 2127              	.LASF48:
 2128 02e1 63685F74 		.ascii	"ch_thread\000"
 2128      68726561 
 2128      6400
 2129              	.LASF116:
 2130 02eb 504C4C49 		.ascii	"PLLI2SCFGR\000"
 2130      32534346 
 2130      475200
 2131              	.LASF23:
 2132 02f6 6D73675F 		.ascii	"msg_t\000"
 2132      7400
 2133              	.LASF94:
 2134 02fc 41484233 		.ascii	"AHB3RSTR\000"
 2134      52535452 
 2134      00
 2135              	.LASF155:
 2136 0305 68616C5F 		.ascii	"hal_lld_backup_domain_init\000"
 2136      6C6C645F 
 2136      6261636B 
 2136      75705F64 
 2136      6F6D6169 
 2137              	.LASF77:
 2138 0320 63685F73 		.ascii	"ch_system_t\000"
 2138      79737465 
ARM GAS  C:\Users\jo\AppData\Local\Temp\ccyAZtvz.s 			page 41


 2138      6D5F7400 
 2139              	.LASF129:
 2140 032c 74625F62 		.ascii	"tb_buffer\000"
 2140      75666665 
 2140      7200
 2141              	.LASF111:
 2142 0336 41504232 		.ascii	"APB2LPENR\000"
 2142      4C50454E 
 2142      5200
 2143              	.LASF53:
 2144 0340 63685F72 		.ascii	"ch_ready_list\000"
 2144      65616479 
 2144      5F6C6973 
 2144      7400
 2145              	.LASF24:
 2146 034e 6576656E 		.ascii	"eventmask_t\000"
 2146      746D6173 
 2146      6B5F7400 
 2147              	.LASF7:
 2148 035a 5F5F696E 		.ascii	"__int32_t\000"
 2148      7433325F 
 2148      7400
 2149              	.LASF152:
 2150 0364 474E5520 		.ascii	"GNU C 4.9.3 20141119 (release) [ARM/embedded-4_9-br"
 2150      4320342E 
 2150      392E3320 
 2150      32303134 
 2150      31313139 
 2151 0397 616E6368 		.ascii	"anch revision 218278] -mcpu=cortex-m4 -mno-thumb-in"
 2151      20726576 
 2151      6973696F 
 2151      6E203231 
 2151      38323738 
 2152 03ca 74657277 		.ascii	"terwork -mthumb -ggdb -O2 -fomit-frame-pointer -fal"
 2152      6F726B20 
 2152      2D6D7468 
 2152      756D6220 
 2152      2D676764 
 2153 03fd 69676E2D 		.ascii	"ign-functions=16 -ffunction-sections -fdata-section"
 2153      66756E63 
 2153      74696F6E 
 2153      733D3136 
 2153      202D6666 
 2154 0430 73202D66 		.ascii	"s -fno-common\000"
 2154      6E6F2D63 
 2154      6F6D6D6F 
 2154      6E00
 2155              	.LASF119:
 2156 043e 73746B61 		.ascii	"stkalign_t\000"
 2156      6C69676E 
 2156      5F7400
 2157              	.LASF47:
 2158 0449 74687265 		.ascii	"threads_list_t\000"
 2158      6164735F 
 2158      6C697374 
 2158      5F7400
 2159              	.LASF61:
ARM GAS  C:\Users\jo\AppData\Local\Temp\ccyAZtvz.s 			page 42


 2160 0458 76697274 		.ascii	"virtual_timer_t\000"
 2160      75616C5F 
 2160      74696D65 
 2160      725F7400 
 2161              	.LASF39:
 2162 0468 705F7761 		.ascii	"p_waiting\000"
 2162      6974696E 
 2162      6700
 2163              	.LASF83:
 2164 0472 73697A65 		.ascii	"sizetype\000"
 2164      74797065 
 2164      00
 2165              	.LASF46:
 2166 047b 74687265 		.ascii	"thread_reference_t\000"
 2166      61645F72 
 2166      65666572 
 2166      656E6365 
 2166      5F7400
 2167              	.LASF69:
 2168 048e 63685F76 		.ascii	"ch_virtual_timers_list\000"
 2168      69727475 
 2168      616C5F74 
 2168      696D6572 
 2168      735F6C69 
 2169              	.LASF126:
 2170 04a5 63685F73 		.ascii	"ch_swc_event_t\000"
 2170      77635F65 
 2170      76656E74 
 2170      5F7400
 2171              	.LASF101:
 2172 04b4 41484233 		.ascii	"AHB3ENR\000"
 2172      454E5200 
 2173              	.LASF70:
 2174 04bc 76745F6C 		.ascii	"vt_lasttime\000"
 2174      61737474 
 2174      696D6500 
 2175              	.LASF33:
 2176 04c8 705F6F6C 		.ascii	"p_older\000"
 2176      64657200 
 2177              	.LASF56:
 2178 04d0 725F6374 		.ascii	"r_ctx\000"
 2178      7800
 2179              	.LASF107:
 2180 04d6 41484232 		.ascii	"AHB2LPENR\000"
 2180      4C50454E 
 2180      5200
 2181              	.LASF132:
 2182 04e0 746D5F63 		.ascii	"tm_calibration_t\000"
 2182      616C6962 
 2182      72617469 
 2182      6F6E5F74 
 2182      00
 2183              	.LASF59:
 2184 04f1 725F6375 		.ascii	"r_current\000"
 2184      7272656E 
 2184      7400
 2185              	.LASF96:
ARM GAS  C:\Users\jo\AppData\Local\Temp\ccyAZtvz.s 			page 43


 2186 04fb 41504231 		.ascii	"APB1RSTR\000"
 2186      52535452 
 2186      00
 2187              	.LASF12:
 2188 0504 5F5F7569 		.ascii	"__uint64_t\000"
 2188      6E743634 
 2188      5F7400
 2189              	.LASF21:
 2190 050f 74726566 		.ascii	"trefs_t\000"
 2190      735F7400 
 2191              	.LASF95:
 2192 0517 52455345 		.ascii	"RESERVED0\000"
 2192      52564544 
 2192      3000
 2193              	.LASF98:
 2194 0521 52455345 		.ascii	"RESERVED1\000"
 2194      52564544 
 2194      3100
 2195              	.LASF102:
 2196 052b 52455345 		.ascii	"RESERVED2\000"
 2196      52564544 
 2196      3200
 2197              	.LASF105:
 2198 0535 52455345 		.ascii	"RESERVED3\000"
 2198      52564544 
 2198      3300
 2199              	.LASF109:
 2200 053f 52455345 		.ascii	"RESERVED4\000"
 2200      52564544 
 2200      3400
 2201              	.LASF29:
 2202 0549 705F7072 		.ascii	"p_prev\000"
 2202      657600
 2203              	.LASF114:
 2204 0550 52455345 		.ascii	"RESERVED6\000"
 2204      52564544 
 2204      3600
 2205              	.LASF22:
 2206 055a 74707269 		.ascii	"tprio_t\000"
 2206      6F5F7400 
 2207              	.LASF72:
 2208 0562 63685F73 		.ascii	"ch_system_debug\000"
 2208      79737465 
 2208      6D5F6465 
 2208      62756700 
 2209              	.LASF149:
 2210 0572 5F426F6F 		.ascii	"_Bool\000"
 2210      6C00
 2211              	.LASF15:
 2212 0578 696E7433 		.ascii	"int32_t\000"
 2212      325F7400 
 2213              	.LASF4:
 2214 0580 756E7369 		.ascii	"unsigned char\000"
 2214      676E6564 
 2214      20636861 
 2214      7200
 2215              	.LASF43:
ARM GAS  C:\Users\jo\AppData\Local\Temp\ccyAZtvz.s 			page 44


 2216 058e 705F6D74 		.ascii	"p_mtxlist\000"
 2216      786C6973 
 2216      7400
 2217              	.LASF5:
 2218 0598 73686F72 		.ascii	"short int\000"
 2218      7420696E 
 2218      7400
 2219              	.LASF36:
 2220 05a2 705F7374 		.ascii	"p_state\000"
 2220      61746500 
 2221              	.LASF108:
 2222 05aa 41484233 		.ascii	"AHB3LPENR\000"
 2222      4C50454E 
 2222      5200
 2223              	.LASF55:
 2224 05b4 725F7072 		.ascii	"r_prio\000"
 2224      696F00
 2225              	.LASF139:
 2226 05bb 65776D61 		.ascii	"ewmask\000"
 2226      736B00
 2227              	.LASF28:
 2228 05c2 705F6E65 		.ascii	"p_next\000"
 2228      787400
 2229              	.LASF37:
 2230 05c9 705F666C 		.ascii	"p_flags\000"
 2230      61677300 
 2231              	.LASF104:
 2232 05d1 41504232 		.ascii	"APB2ENR\000"
 2232      454E5200 
 2233              	.LASF62:
 2234 05d9 63685F76 		.ascii	"ch_virtual_timer\000"
 2234      69727475 
 2234      616C5F74 
 2234      696D6572 
 2234      00
 2235              	.LASF140:
 2236 05ea 63685F73 		.ascii	"ch_semaphore\000"
 2236      656D6170 
 2236      686F7265 
 2236      00
 2237              	.LASF42:
 2238 05f7 705F6570 		.ascii	"p_epending\000"
 2238      656E6469 
 2238      6E6700
 2239              	.LASF112:
 2240 0602 52455345 		.ascii	"RESERVED5\000"
 2240      52564544 
 2240      3500
 2241              	.LASF16:
 2242 060c 75696E74 		.ascii	"uint32_t\000"
 2242      33325F74 
 2242      00
 2243              	.LASF138:
 2244 0615 77746D74 		.ascii	"wtmtxp\000"
 2244      787000
 2245              	.LASF54:
 2246 061c 725F7175 		.ascii	"r_queue\000"
ARM GAS  C:\Users\jo\AppData\Local\Temp\ccyAZtvz.s 			page 45


 2246      65756500 
 2247              	.LASF65:
 2248 0624 76745F64 		.ascii	"vt_delta\000"
 2248      656C7461 
 2248      00
 2249              	.LASF49:
 2250 062d 63685F74 		.ascii	"ch_threads_list\000"
 2250      68726561 
 2250      64735F6C 
 2250      69737400 
 2251              	.LASF158:
 2252 063d 646D6149 		.ascii	"dmaInit\000"
 2252      6E697400 
 2253              	.LASF10:
 2254 0645 6C6F6E67 		.ascii	"long unsigned int\000"
 2254      20756E73 
 2254      69676E65 
 2254      6420696E 
 2254      7400
 2255              	.LASF147:
 2256 0657 63686172 		.ascii	"char\000"
 2256      00
 2257              	.LASF93:
 2258 065c 41484232 		.ascii	"AHB2RSTR\000"
 2258      52535452 
 2258      00
 2259              	.LASF27:
 2260 0665 74687265 		.ascii	"thread_t\000"
 2260      61645F74 
 2260      00
 2261              	.LASF146:
 2262 066e 6D5F6E65 		.ascii	"m_next\000"
 2262      787400
 2263              	.LASF26:
 2264 0675 73797374 		.ascii	"systime_t\000"
 2264      696D655F 
 2264      7400
 2265              	.LASF44:
 2266 067f 705F7265 		.ascii	"p_realprio\000"
 2266      616C7072 
 2266      696F00
 2267              	.LASF60:
 2268 068a 76746675 		.ascii	"vtfunc_t\000"
 2268      6E635F74 
 2268      00
 2269              	.LASF9:
 2270 0693 5F5F7569 		.ascii	"__uint32_t\000"
 2270      6E743332 
 2270      5F7400
 2271              	.LASF73:
 2272 069e 70616E69 		.ascii	"panic_msg\000"
 2272      635F6D73 
 2272      6700
 2273              	.LASF131:
 2274 06a8 6F666673 		.ascii	"offset\000"
 2274      657400
 2275              	.LASF103:
ARM GAS  C:\Users\jo\AppData\Local\Temp\ccyAZtvz.s 			page 46


 2276 06af 41504231 		.ascii	"APB1ENR\000"
 2276      454E5200 
 2277              	.LASF100:
 2278 06b7 41484232 		.ascii	"AHB2ENR\000"
 2278      454E5200 
 2279              	.LASF120:
 2280 06bf 636F6E74 		.ascii	"context\000"
 2280      65787400 
 2281              	.LASF58:
 2282 06c7 725F6F6C 		.ascii	"r_older\000"
 2282      64657200 
 2283              	.LASF156:
 2284 06cf 68616C5F 		.ascii	"hal_lld_init\000"
 2284      6C6C645F 
 2284      696E6974 
 2284      00
 2285              	.LASF18:
 2286 06dc 7274636E 		.ascii	"rtcnt_t\000"
 2286      745F7400 
 2287              	.LASF67:
 2288 06e4 76745F70 		.ascii	"vt_par\000"
 2288      617200
 2289              	.LASF115:
 2290 06eb 53534347 		.ascii	"SSCGR\000"
 2290      5200
 2291              	.LASF50:
 2292 06f1 74687265 		.ascii	"threads_queue_t\000"
 2292      6164735F 
 2292      71756575 
 2292      655F7400 
 2293              	.LASF143:
 2294 0701 63685F6D 		.ascii	"ch_mutex\000"
 2294      75746578 
 2294      00
 2295              	.LASF38:
 2296 070a 705F7265 		.ascii	"p_refs\000"
 2296      667300
 2297              	.LASF74:
 2298 0711 6973725F 		.ascii	"isr_cnt\000"
 2298      636E7400 
 2299              	.LASF113:
 2300 0719 42444352 		.ascii	"BDCR\000"
 2300      00
 2301              	.LASF79:
 2302 071e 726C6973 		.ascii	"rlist\000"
 2302      7400
 2303              	.LASF14:
 2304 0724 75696E74 		.ascii	"uint8_t\000"
 2304      385F7400 
 2305              	.LASF135:
 2306 072c 77746F62 		.ascii	"wtobjp\000"
 2306      6A7000
 2307              	.LASF34:
 2308 0733 705F6E61 		.ascii	"p_name\000"
 2308      6D6500
 2309              	.LASF99:
 2310 073a 41484231 		.ascii	"AHB1ENR\000"
ARM GAS  C:\Users\jo\AppData\Local\Temp\ccyAZtvz.s 			page 47


 2310      454E5200 
 2311              	.LASF91:
 2312 0742 43464752 		.ascii	"CFGR\000"
 2312      00
 2313              	.LASF19:
 2314 0747 746D6F64 		.ascii	"tmode_t\000"
 2314      655F7400 
 2315              	.LASF76:
 2316 074f 74726163 		.ascii	"trace_buffer\000"
 2316      655F6275 
 2316      66666572 
 2316      00
 2317              	.LASF41:
 2318 075c 705F6D73 		.ascii	"p_msg\000"
 2318      6700
 2319              	.LASF145:
 2320 0762 6D5F6F77 		.ascii	"m_owner\000"
 2320      6E657200 
 2321              	.LASF124:
 2322 076a 73655F77 		.ascii	"se_wtobjp\000"
 2322      746F626A 
 2322      7000
 2323              	.LASF31:
 2324 0774 705F6374 		.ascii	"p_ctx\000"
 2324      7800
 2325              	.LASF66:
 2326 077a 76745F66 		.ascii	"vt_func\000"
 2326      756E6300 
 2327              		.ident	"GCC: (GNU Tools for ARM Embedded Processors) 4.9.3 20141119 (release) [ARM/embedded-4_9-br
ARM GAS  C:\Users\jo\AppData\Local\Temp\ccyAZtvz.s 			page 48


DEFINED SYMBOLS
                            *ABS*:00000000 hal_lld.c
C:\Users\jo\AppData\Local\Temp\ccyAZtvz.s:19     .text.hal_lld_init:00000000 $t
C:\Users\jo\AppData\Local\Temp\ccyAZtvz.s:25     .text.hal_lld_init:00000000 hal_lld_init
C:\Users\jo\AppData\Local\Temp\ccyAZtvz.s:122    .text.hal_lld_init:00000078 $d
C:\Users\jo\AppData\Local\Temp\ccyAZtvz.s:128    .text.stm32_clock_init:00000000 $t
C:\Users\jo\AppData\Local\Temp\ccyAZtvz.s:134    .text.stm32_clock_init:00000000 stm32_clock_init
C:\Users\jo\AppData\Local\Temp\ccyAZtvz.s:258    .text.stm32_clock_init:000000b4 $d
C:\Users\jo\AppData\Local\Temp\ccyAZtvz.s:271    .data.SystemCoreClock:00000000 SystemCoreClock
C:\Users\jo\AppData\Local\Temp\ccyAZtvz.s:268    .data.SystemCoreClock:00000000 $d
                     .debug_frame:00000010 $d
C:\Users\jo\AppData\Local\Temp\ccyAZtvz.s:267    .text.stm32_clock_init:000000c8 $t

UNDEFINED SYMBOLS
dmaInit
