ARM GAS  C:\Users\jo\AppData\Local\Temp\cc7NiGi7.s 			page 1


   1              		.syntax unified
   2              		.cpu cortex-m4
   3              		.fpu softvfp
   4              		.eabi_attribute 20, 1
   5              		.eabi_attribute 21, 1
   6              		.eabi_attribute 23, 3
   7              		.eabi_attribute 24, 1
   8              		.eabi_attribute 25, 1
   9              		.eabi_attribute 26, 1
  10              		.eabi_attribute 30, 2
  11              		.eabi_attribute 34, 1
  12              		.eabi_attribute 18, 4
  13              		.thumb
  14              		.file	"init.c"
  15              		.text
  16              	.Ltext0:
  17              		.cfi_sections	.debug_frame
  18              		.section	.text.lwip_init,"ax",%progbits
  19              		.align	2
  20              		.p2align 4,,15
  21              		.global	lwip_init
  22              		.thumb
  23              		.thumb_func
  24              		.type	lwip_init, %function
  25              	lwip_init:
  26              	.LFB260:
  27              		.file 1 "../../../ext/lwip/src/core/init.c"
  28              		.loc 1 290 0
  29              		.cfi_startproc
  30              		@ args = 0, pretend = 0, frame = 0
  31              		@ frame_needed = 0, uses_anonymous_args = 0
  32 0000 08B5     		push	{r3, lr}
  33              		.cfi_def_cfa_offset 8
  34              		.cfi_offset 3, -8
  35              		.cfi_offset 14, -4
  36              		.loc 1 292 0
  37 0002 FFF7FEFF 		bl	stats_init
  38              	.LVL0:
  39              		.loc 1 294 0
  40 0006 FFF7FEFF 		bl	sys_init
  41              	.LVL1:
  42              		.loc 1 299 0
  43 000a FFF7FEFF 		bl	netif_init
  44              	.LVL2:
  45              		.loc 1 301 0
  46 000e FFF7FEFF 		bl	lwip_socket_init
  47              	.LVL3:
  48              		.loc 1 311 0
  49 0012 FFF7FEFF 		bl	udp_init
  50              	.LVL4:
  51              		.loc 1 314 0
  52 0016 FFF7FEFF 		bl	tcp_init
  53              	.LVL5:
  54              		.loc 1 332 0
  55 001a BDE80840 		pop	{r3, lr}
  56              		.cfi_restore 14
  57              		.cfi_restore 3
ARM GAS  C:\Users\jo\AppData\Local\Temp\cc7NiGi7.s 			page 2


  58              		.cfi_def_cfa_offset 0
  59              		.loc 1 330 0
  60 001e FFF7FEBF 		b	sys_timeouts_init
  61              	.LVL6:
  62              		.cfi_endproc
  63              	.LFE260:
  64              		.size	lwip_init, .-lwip_init
  65              		.text
  66              	.Letext0:
  67              		.file 2 "c:\\program files\\gnu tools arm embedded\\4.9 2014q4\\arm-none-eabi\\include\\machine\\_
  68              		.file 3 "c:\\program files\\gnu tools arm embedded\\4.9 2014q4\\arm-none-eabi\\include\\stdint.h"
  69              		.file 4 "../../../os/rt/ports/ARMCMx/compilers/GCC/chtypes.h"
  70              		.file 5 "../../../os/rt/include/chsystypes.h"
  71              		.file 6 "../../../os/rt/include/chschd.h"
  72              		.file 7 "../../../os/rt/ports/ARMCMx/chcore.h"
  73              		.file 8 "../../../os/rt/ports/ARMCMx/chcore_v7m.h"
  74              		.file 9 "../../../os/rt/include/chdebug.h"
  75              		.file 10 "../../../os/rt/include/chtm.h"
  76              		.file 11 "../../../os/rt/include/chsem.h"
  77              		.file 12 "../../../os/rt/include/chmtx.h"
  78              		.file 13 "../../../ext/lwip/src/include/lwip/stats.h"
  79              		.file 14 "../../../ext/lwip/src/include/lwip/sys.h"
  80              		.file 15 "../../../ext/lwip/src/include/lwip/netif.h"
  81              		.file 16 "../../../ext/lwip/src/include/lwip/sockets.h"
  82              		.file 17 "../../../ext/lwip/src/include/lwip/udp.h"
  83              		.file 18 "../../../ext/lwip/src/include/lwip/tcp_impl.h"
  84              		.file 19 "../../../ext/lwip/src/include/lwip/timers.h"
  85              		.file 20 "../../../os/ext/CMSIS/include/core_cm4.h"
  86              		.section	.debug_info,"",%progbits
  87              	.Ldebug_info0:
  88 0000 8F070000 		.4byte	0x78f
  89 0004 0400     		.2byte	0x4
  90 0006 00000000 		.4byte	.Ldebug_abbrev0
  91 000a 04       		.byte	0x4
  92 000b 01       		.uleb128 0x1
  93 000c 85020000 		.4byte	.LASF123
  94 0010 01       		.byte	0x1
  95 0011 46010000 		.4byte	.LASF124
  96 0015 B4000000 		.4byte	.LASF125
  97 0019 00000000 		.4byte	.Ldebug_ranges0+0
  98 001d 00000000 		.4byte	0
  99 0021 00000000 		.4byte	.Ldebug_line0
 100 0025 02       		.uleb128 0x2
 101 0026 04       		.byte	0x4
 102 0027 05       		.byte	0x5
 103 0028 696E7400 		.ascii	"int\000"
 104 002c 03       		.uleb128 0x3
 105 002d 04       		.byte	0x4
 106 002e 07       		.byte	0x7
 107 002f D2010000 		.4byte	.LASF0
 108 0033 03       		.uleb128 0x3
 109 0034 01       		.byte	0x1
 110 0035 06       		.byte	0x6
 111 0036 10010000 		.4byte	.LASF1
 112 003a 04       		.uleb128 0x4
 113 003b 23000000 		.4byte	.LASF5
 114 003f 02       		.byte	0x2
ARM GAS  C:\Users\jo\AppData\Local\Temp\cc7NiGi7.s 			page 3


 115 0040 1D       		.byte	0x1d
 116 0041 45000000 		.4byte	0x45
 117 0045 03       		.uleb128 0x3
 118 0046 01       		.byte	0x1
 119 0047 08       		.byte	0x8
 120 0048 96050000 		.4byte	.LASF2
 121 004c 03       		.uleb128 0x3
 122 004d 02       		.byte	0x2
 123 004e 05       		.byte	0x5
 124 004f 81040000 		.4byte	.LASF3
 125 0053 03       		.uleb128 0x3
 126 0054 02       		.byte	0x2
 127 0055 07       		.byte	0x7
 128 0056 03020000 		.4byte	.LASF4
 129 005a 04       		.uleb128 0x4
 130 005b 65020000 		.4byte	.LASF6
 131 005f 02       		.byte	0x2
 132 0060 3F       		.byte	0x3f
 133 0061 65000000 		.4byte	0x65
 134 0065 03       		.uleb128 0x3
 135 0066 04       		.byte	0x4
 136 0067 05       		.byte	0x5
 137 0068 3D010000 		.4byte	.LASF7
 138 006c 04       		.uleb128 0x4
 139 006d 72050000 		.4byte	.LASF8
 140 0071 02       		.byte	0x2
 141 0072 41       		.byte	0x41
 142 0073 77000000 		.4byte	0x77
 143 0077 03       		.uleb128 0x3
 144 0078 04       		.byte	0x4
 145 0079 07       		.byte	0x7
 146 007a 2D050000 		.4byte	.LASF9
 147 007e 03       		.uleb128 0x3
 148 007f 08       		.byte	0x8
 149 0080 05       		.byte	0x5
 150 0081 02010000 		.4byte	.LASF10
 151 0085 04       		.uleb128 0x4
 152 0086 0B040000 		.4byte	.LASF11
 153 008a 02       		.byte	0x2
 154 008b 5B       		.byte	0x5b
 155 008c 90000000 		.4byte	0x90
 156 0090 03       		.uleb128 0x3
 157 0091 08       		.byte	0x8
 158 0092 07       		.byte	0x7
 159 0093 40000000 		.4byte	.LASF12
 160 0097 04       		.uleb128 0x4
 161 0098 E1050000 		.4byte	.LASF13
 162 009c 03       		.byte	0x3
 163 009d 15       		.byte	0x15
 164 009e 3A000000 		.4byte	0x3a
 165 00a2 04       		.uleb128 0x4
 166 00a3 5D040000 		.4byte	.LASF14
 167 00a7 03       		.byte	0x3
 168 00a8 2C       		.byte	0x2c
 169 00a9 5A000000 		.4byte	0x5a
 170 00ad 04       		.uleb128 0x4
 171 00ae FC040000 		.4byte	.LASF15
ARM GAS  C:\Users\jo\AppData\Local\Temp\cc7NiGi7.s 			page 4


 172 00b2 03       		.byte	0x3
 173 00b3 2D       		.byte	0x2d
 174 00b4 6C000000 		.4byte	0x6c
 175 00b8 04       		.uleb128 0x4
 176 00b9 1A000000 		.4byte	.LASF16
 177 00bd 03       		.byte	0x3
 178 00be 39       		.byte	0x39
 179 00bf 85000000 		.4byte	0x85
 180 00c3 05       		.uleb128 0x5
 181 00c4 A2000000 		.4byte	0xa2
 182 00c8 04       		.uleb128 0x4
 183 00c9 71030000 		.4byte	.LASF17
 184 00cd 04       		.byte	0x4
 185 00ce 45       		.byte	0x45
 186 00cf AD000000 		.4byte	0xad
 187 00d3 04       		.uleb128 0x4
 188 00d4 43020000 		.4byte	.LASF18
 189 00d8 04       		.byte	0x4
 190 00d9 48       		.byte	0x48
 191 00da 97000000 		.4byte	0x97
 192 00de 04       		.uleb128 0x4
 193 00df 68010000 		.4byte	.LASF19
 194 00e3 04       		.byte	0x4
 195 00e4 49       		.byte	0x49
 196 00e5 97000000 		.4byte	0x97
 197 00e9 04       		.uleb128 0x4
 198 00ea 16040000 		.4byte	.LASF20
 199 00ee 04       		.byte	0x4
 200 00ef 4A       		.byte	0x4a
 201 00f0 97000000 		.4byte	0x97
 202 00f4 04       		.uleb128 0x4
 203 00f5 3F040000 		.4byte	.LASF21
 204 00f9 04       		.byte	0x4
 205 00fa 4C       		.byte	0x4c
 206 00fb AD000000 		.4byte	0xad
 207 00ff 04       		.uleb128 0x4
 208 0100 31020000 		.4byte	.LASF22
 209 0104 04       		.byte	0x4
 210 0105 4D       		.byte	0x4d
 211 0106 A2000000 		.4byte	0xa2
 212 010a 04       		.uleb128 0x4
 213 010b 59020000 		.4byte	.LASF23
 214 010f 04       		.byte	0x4
 215 0110 4F       		.byte	0x4f
 216 0111 AD000000 		.4byte	0xad
 217 0115 04       		.uleb128 0x4
 218 0116 C1010000 		.4byte	.LASF24
 219 011a 04       		.byte	0x4
 220 011b 51       		.byte	0x51
 221 011c A2000000 		.4byte	0xa2
 222 0120 04       		.uleb128 0x4
 223 0121 54050000 		.4byte	.LASF25
 224 0125 05       		.byte	0x5
 225 0126 33       		.byte	0x33
 226 0127 AD000000 		.4byte	0xad
 227 012b 04       		.uleb128 0x4
 228 012c 44050000 		.4byte	.LASF26
ARM GAS  C:\Users\jo\AppData\Local\Temp\cc7NiGi7.s 			page 5


 229 0130 05       		.byte	0x5
 230 0131 3F       		.byte	0x3f
 231 0132 36010000 		.4byte	0x136
 232 0136 06       		.uleb128 0x6
 233 0137 16020000 		.4byte	.LASF47
 234 013b 48       		.byte	0x48
 235 013c 06       		.byte	0x6
 236 013d C2       		.byte	0xc2
 237 013e 2F020000 		.4byte	0x22f
 238 0142 07       		.uleb128 0x7
 239 0143 AC040000 		.4byte	.LASF27
 240 0147 06       		.byte	0x6
 241 0148 C3       		.byte	0xc3
 242 0149 3A020000 		.4byte	0x23a
 243 014d 00       		.byte	0
 244 014e 07       		.uleb128 0x7
 245 014f 38040000 		.4byte	.LASF28
 246 0153 06       		.byte	0x6
 247 0154 C5       		.byte	0xc5
 248 0155 3A020000 		.4byte	0x23a
 249 0159 04       		.byte	0x4
 250 015a 07       		.uleb128 0x7
 251 015b AD000000 		.4byte	.LASF29
 252 015f 06       		.byte	0x6
 253 0160 C7       		.byte	0xc7
 254 0161 F4000000 		.4byte	0xf4
 255 0165 08       		.byte	0x8
 256 0166 07       		.uleb128 0x7
 257 0167 3A060000 		.4byte	.LASF30
 258 016b 06       		.byte	0x6
 259 016c C8       		.byte	0xc8
 260 016d 95040000 		.4byte	0x495
 261 0171 0C       		.byte	0xc
 262 0172 07       		.uleb128 0x7
 263 0173 77010000 		.4byte	.LASF31
 264 0177 06       		.byte	0x6
 265 0178 CA       		.byte	0xca
 266 0179 3A020000 		.4byte	0x23a
 267 017d 10       		.byte	0x10
 268 017e 07       		.uleb128 0x7
 269 017f DA030000 		.4byte	.LASF32
 270 0183 06       		.byte	0x6
 271 0184 CB       		.byte	0xcb
 272 0185 3A020000 		.4byte	0x23a
 273 0189 14       		.byte	0x14
 274 018a 07       		.uleb128 0x7
 275 018b FB050000 		.4byte	.LASF33
 276 018f 06       		.byte	0x6
 277 0190 D2       		.byte	0xd2
 278 0191 A7060000 		.4byte	0x6a7
 279 0195 18       		.byte	0x18
 280 0196 07       		.uleb128 0x7
 281 0197 C7010000 		.4byte	.LASF34
 282 019b 06       		.byte	0x6
 283 019c D8       		.byte	0xd8
 284 019d B9060000 		.4byte	0x6b9
 285 01a1 1C       		.byte	0x1c
ARM GAS  C:\Users\jo\AppData\Local\Temp\cc7NiGi7.s 			page 6


 286 01a2 07       		.uleb128 0x7
 287 01a3 8B040000 		.4byte	.LASF35
 288 01a7 06       		.byte	0x6
 289 01a8 DD       		.byte	0xdd
 290 01a9 DE000000 		.4byte	0xde
 291 01ad 20       		.byte	0x20
 292 01ae 07       		.uleb128 0x7
 293 01af B3040000 		.4byte	.LASF36
 294 01b3 06       		.byte	0x6
 295 01b4 E1       		.byte	0xe1
 296 01b5 D3000000 		.4byte	0xd3
 297 01b9 21       		.byte	0x21
 298 01ba 07       		.uleb128 0x7
 299 01bb CC050000 		.4byte	.LASF37
 300 01bf 06       		.byte	0x6
 301 01c0 E6       		.byte	0xe6
 302 01c1 E9000000 		.4byte	0xe9
 303 01c5 22       		.byte	0x22
 304 01c6 08       		.uleb128 0x8
 305 01c7 705F7500 		.ascii	"p_u\000"
 306 01cb 06       		.byte	0x6
 307 01cc 3101     		.2byte	0x131
 308 01ce E2050000 		.4byte	0x5e2
 309 01d2 24       		.byte	0x24
 310 01d3 09       		.uleb128 0x9
 311 01d4 40060000 		.4byte	.LASF38
 312 01d8 06       		.byte	0x6
 313 01d9 3601     		.2byte	0x136
 314 01db 40020000 		.4byte	0x240
 315 01df 28       		.byte	0x28
 316 01e0 09       		.uleb128 0x9
 317 01e1 AA050000 		.4byte	.LASF39
 318 01e5 06       		.byte	0x6
 319 01e6 3C01     		.2byte	0x13c
 320 01e8 64020000 		.4byte	0x264
 321 01ec 2C       		.byte	0x2c
 322 01ed 09       		.uleb128 0x9
 323 01ee A4050000 		.4byte	.LASF40
 324 01f2 06       		.byte	0x6
 325 01f3 4001     		.2byte	0x140
 326 01f5 FF000000 		.4byte	0xff
 327 01f9 34       		.byte	0x34
 328 01fa 09       		.uleb128 0x9
 329 01fb E8040000 		.4byte	.LASF41
 330 01ff 06       		.byte	0x6
 331 0200 4601     		.2byte	0x146
 332 0202 0A010000 		.4byte	0x10a
 333 0206 38       		.byte	0x38
 334 0207 09       		.uleb128 0x9
 335 0208 77040000 		.4byte	.LASF42
 336 020c 06       		.byte	0x6
 337 020d 4D01     		.2byte	0x14d
 338 020f A1060000 		.4byte	0x6a1
 339 0213 3C       		.byte	0x3c
 340 0214 09       		.uleb128 0x9
 341 0215 5E050000 		.4byte	.LASF43
 342 0219 06       		.byte	0x6
ARM GAS  C:\Users\jo\AppData\Local\Temp\cc7NiGi7.s 			page 7


 343 021a 5101     		.2byte	0x151
 344 021c F4000000 		.4byte	0xf4
 345 0220 40       		.byte	0x40
 346 0221 09       		.uleb128 0x9
 347 0222 1C010000 		.4byte	.LASF44
 348 0226 06       		.byte	0x6
 349 0227 5801     		.2byte	0x158
 350 0229 17030000 		.4byte	0x317
 351 022d 44       		.byte	0x44
 352 022e 00       		.byte	0
 353 022f 04       		.uleb128 0x4
 354 0230 79030000 		.4byte	.LASF45
 355 0234 05       		.byte	0x5
 356 0235 44       		.byte	0x44
 357 0236 3A020000 		.4byte	0x23a
 358 023a 0A       		.uleb128 0xa
 359 023b 04       		.byte	0x4
 360 023c 2B010000 		.4byte	0x12b
 361 0240 04       		.uleb128 0x4
 362 0241 02060000 		.4byte	.LASF46
 363 0245 05       		.byte	0x5
 364 0246 49       		.byte	0x49
 365 0247 4B020000 		.4byte	0x24b
 366 024b 06       		.uleb128 0x6
 367 024c 1D050000 		.4byte	.LASF48
 368 0250 04       		.byte	0x4
 369 0251 06       		.byte	0x6
 370 0252 B0       		.byte	0xb0
 371 0253 64020000 		.4byte	0x264
 372 0257 07       		.uleb128 0x7
 373 0258 AC040000 		.4byte	.LASF27
 374 025c 06       		.byte	0x6
 375 025d B1       		.byte	0xb1
 376 025e 3A020000 		.4byte	0x23a
 377 0262 00       		.byte	0
 378 0263 00       		.byte	0
 379 0264 04       		.uleb128 0x4
 380 0265 BC050000 		.4byte	.LASF49
 381 0269 05       		.byte	0x5
 382 026a 50       		.byte	0x50
 383 026b 6F020000 		.4byte	0x26f
 384 026f 06       		.uleb128 0x6
 385 0270 9C000000 		.4byte	.LASF50
 386 0274 08       		.byte	0x8
 387 0275 06       		.byte	0x6
 388 0276 B7       		.byte	0xb7
 389 0277 94020000 		.4byte	0x294
 390 027b 07       		.uleb128 0x7
 391 027c AC040000 		.4byte	.LASF27
 392 0280 06       		.byte	0x6
 393 0281 B8       		.byte	0xb8
 394 0282 3A020000 		.4byte	0x23a
 395 0286 00       		.byte	0
 396 0287 07       		.uleb128 0x7
 397 0288 38040000 		.4byte	.LASF28
 398 028c 06       		.byte	0x6
 399 028d B9       		.byte	0xb9
ARM GAS  C:\Users\jo\AppData\Local\Temp\cc7NiGi7.s 			page 8


 400 028e 3A020000 		.4byte	0x23a
 401 0292 04       		.byte	0x4
 402 0293 00       		.byte	0
 403 0294 04       		.uleb128 0x4
 404 0295 00000000 		.4byte	.LASF51
 405 0299 05       		.byte	0x5
 406 029a 57       		.byte	0x57
 407 029b 9F020000 		.4byte	0x29f
 408 029f 0B       		.uleb128 0xb
 409 02a0 4B020000 		.4byte	.LASF52
 410 02a4 1C       		.byte	0x1c
 411 02a5 06       		.byte	0x6
 412 02a6 9001     		.2byte	0x190
 413 02a8 FB020000 		.4byte	0x2fb
 414 02ac 09       		.uleb128 0x9
 415 02ad 0C050000 		.4byte	.LASF53
 416 02b1 06       		.byte	0x6
 417 02b2 9101     		.2byte	0x191
 418 02b4 64020000 		.4byte	0x264
 419 02b8 00       		.byte	0
 420 02b9 09       		.uleb128 0x9
 421 02ba 93040000 		.4byte	.LASF54
 422 02be 06       		.byte	0x6
 423 02bf 9201     		.2byte	0x192
 424 02c1 F4000000 		.4byte	0xf4
 425 02c5 08       		.byte	0x8
 426 02c6 09       		.uleb128 0x9
 427 02c7 E2030000 		.4byte	.LASF55
 428 02cb 06       		.byte	0x6
 429 02cc 9401     		.2byte	0x194
 430 02ce 95040000 		.4byte	0x495
 431 02d2 0C       		.byte	0xc
 432 02d3 09       		.uleb128 0x9
 433 02d4 8F010000 		.4byte	.LASF56
 434 02d8 06       		.byte	0x6
 435 02d9 9701     		.2byte	0x197
 436 02db 3A020000 		.4byte	0x23a
 437 02df 10       		.byte	0x10
 438 02e0 09       		.uleb128 0x9
 439 02e1 03040000 		.4byte	.LASF57
 440 02e5 06       		.byte	0x6
 441 02e6 9801     		.2byte	0x198
 442 02e8 3A020000 		.4byte	0x23a
 443 02ec 14       		.byte	0x14
 444 02ed 09       		.uleb128 0x9
 445 02ee F9030000 		.4byte	.LASF58
 446 02f2 06       		.byte	0x6
 447 02f3 9B01     		.2byte	0x19b
 448 02f5 3A020000 		.4byte	0x23a
 449 02f9 18       		.byte	0x18
 450 02fa 00       		.byte	0
 451 02fb 04       		.uleb128 0x4
 452 02fc 69050000 		.4byte	.LASF59
 453 0300 05       		.byte	0x5
 454 0301 5C       		.byte	0x5c
 455 0302 06030000 		.4byte	0x306
 456 0306 0A       		.uleb128 0xa
ARM GAS  C:\Users\jo\AppData\Local\Temp\cc7NiGi7.s 			page 9


 457 0307 04       		.byte	0x4
 458 0308 0C030000 		.4byte	0x30c
 459 030c 0C       		.uleb128 0xc
 460 030d 17030000 		.4byte	0x317
 461 0311 0D       		.uleb128 0xd
 462 0312 17030000 		.4byte	0x317
 463 0316 00       		.byte	0
 464 0317 0E       		.uleb128 0xe
 465 0318 04       		.byte	0x4
 466 0319 04       		.uleb128 0x4
 467 031a 28040000 		.4byte	.LASF60
 468 031e 05       		.byte	0x5
 469 031f 61       		.byte	0x61
 470 0320 24030000 		.4byte	0x324
 471 0324 0B       		.uleb128 0xb
 472 0325 CA040000 		.4byte	.LASF61
 473 0329 14       		.byte	0x14
 474 032a 06       		.byte	0x6
 475 032b 6B01     		.2byte	0x16b
 476 032d 73030000 		.4byte	0x373
 477 0331 09       		.uleb128 0x9
 478 0332 F5010000 		.4byte	.LASF62
 479 0336 06       		.byte	0x6
 480 0337 6C01     		.2byte	0x16c
 481 0339 BF060000 		.4byte	0x6bf
 482 033d 00       		.byte	0
 483 033e 09       		.uleb128 0x9
 484 033f A0010000 		.4byte	.LASF63
 485 0343 06       		.byte	0x6
 486 0344 6D01     		.2byte	0x16d
 487 0346 BF060000 		.4byte	0x6bf
 488 034a 04       		.byte	0x4
 489 034b 09       		.uleb128 0x9
 490 034c 14050000 		.4byte	.LASF64
 491 0350 06       		.byte	0x6
 492 0351 6E01     		.2byte	0x16e
 493 0353 20010000 		.4byte	0x120
 494 0357 08       		.byte	0x8
 495 0358 09       		.uleb128 0x9
 496 0359 A3030000 		.4byte	.LASF65
 497 035d 06       		.byte	0x6
 498 035e 6F01     		.2byte	0x16f
 499 0360 FB020000 		.4byte	0x2fb
 500 0364 0C       		.byte	0xc
 501 0365 09       		.uleb128 0x9
 502 0366 B5050000 		.4byte	.LASF66
 503 036a 06       		.byte	0x6
 504 036b 7101     		.2byte	0x171
 505 036d 17030000 		.4byte	0x317
 506 0371 10       		.byte	0x10
 507 0372 00       		.byte	0
 508 0373 04       		.uleb128 0x4
 509 0374 6F020000 		.4byte	.LASF67
 510 0378 05       		.byte	0x5
 511 0379 66       		.byte	0x66
 512 037a 7E030000 		.4byte	0x37e
 513 037e 0B       		.uleb128 0xb
ARM GAS  C:\Users\jo\AppData\Local\Temp\cc7NiGi7.s 			page 10


 514 037f 8C030000 		.4byte	.LASF68
 515 0383 10       		.byte	0x10
 516 0384 06       		.byte	0x6
 517 0385 7B01     		.2byte	0x17b
 518 0387 C0030000 		.4byte	0x3c0
 519 038b 09       		.uleb128 0x9
 520 038c F5010000 		.4byte	.LASF62
 521 0390 06       		.byte	0x6
 522 0391 7C01     		.2byte	0x17c
 523 0393 BF060000 		.4byte	0x6bf
 524 0397 00       		.byte	0
 525 0398 09       		.uleb128 0x9
 526 0399 A0010000 		.4byte	.LASF63
 527 039d 06       		.byte	0x6
 528 039e 7E01     		.2byte	0x17e
 529 03a0 BF060000 		.4byte	0x6bf
 530 03a4 04       		.byte	0x4
 531 03a5 09       		.uleb128 0x9
 532 03a6 14050000 		.4byte	.LASF64
 533 03aa 06       		.byte	0x6
 534 03ab 8001     		.2byte	0x180
 535 03ad 20010000 		.4byte	0x120
 536 03b1 08       		.byte	0x8
 537 03b2 09       		.uleb128 0x9
 538 03b3 C3030000 		.4byte	.LASF69
 539 03b7 06       		.byte	0x6
 540 03b8 8801     		.2byte	0x188
 541 03ba 20010000 		.4byte	0x120
 542 03be 0C       		.byte	0xc
 543 03bf 00       		.byte	0
 544 03c0 04       		.uleb128 0x4
 545 03c1 E6010000 		.4byte	.LASF70
 546 03c5 05       		.byte	0x5
 547 03c6 6B       		.byte	0x6b
 548 03c7 CB030000 		.4byte	0x3cb
 549 03cb 0F       		.uleb128 0xf
 550 03cc 47040000 		.4byte	.LASF71
 551 03d0 1404     		.2byte	0x414
 552 03d2 06       		.byte	0x6
 553 03d3 A201     		.2byte	0x1a2
 554 03d5 0E040000 		.4byte	0x40e
 555 03d9 09       		.uleb128 0x9
 556 03da 7D050000 		.4byte	.LASF72
 557 03de 06       		.byte	0x6
 558 03df AA01     		.2byte	0x1aa
 559 03e1 C5060000 		.4byte	0x6c5
 560 03e5 00       		.byte	0
 561 03e6 09       		.uleb128 0x9
 562 03e7 D3050000 		.4byte	.LASF73
 563 03eb 06       		.byte	0x6
 564 03ec AF01     		.2byte	0x1af
 565 03ee 15010000 		.4byte	0x115
 566 03f2 04       		.byte	0x4
 567 03f3 09       		.uleb128 0x9
 568 03f4 B0010000 		.4byte	.LASF74
 569 03f8 06       		.byte	0x6
 570 03f9 B301     		.2byte	0x1b3
ARM GAS  C:\Users\jo\AppData\Local\Temp\cc7NiGi7.s 			page 11


 571 03fb 15010000 		.4byte	0x115
 572 03ff 08       		.byte	0x8
 573 0400 09       		.uleb128 0x9
 574 0401 11060000 		.4byte	.LASF75
 575 0405 06       		.byte	0x6
 576 0406 B901     		.2byte	0x1b9
 577 0408 B7050000 		.4byte	0x5b7
 578 040c 0C       		.byte	0xc
 579 040d 00       		.byte	0
 580 040e 04       		.uleb128 0x4
 581 040f 37020000 		.4byte	.LASF76
 582 0413 05       		.byte	0x5
 583 0414 70       		.byte	0x70
 584 0415 19040000 		.4byte	0x419
 585 0419 0F       		.uleb128 0xf
 586 041a 33010000 		.4byte	.LASF77
 587 041e 7005     		.2byte	0x570
 588 0420 06       		.byte	0x6
 589 0421 C201     		.2byte	0x1c2
 590 0423 78040000 		.4byte	0x478
 591 0427 09       		.uleb128 0x9
 592 0428 DB050000 		.4byte	.LASF78
 593 042c 06       		.byte	0x6
 594 042d C601     		.2byte	0x1c6
 595 042f 94020000 		.4byte	0x294
 596 0433 00       		.byte	0
 597 0434 09       		.uleb128 0x9
 598 0435 39000000 		.4byte	.LASF79
 599 0439 06       		.byte	0x6
 600 043a CA01     		.2byte	0x1ca
 601 043c 73030000 		.4byte	0x373
 602 0440 1C       		.byte	0x1c
 603 0441 08       		.uleb128 0x8
 604 0442 64626700 		.ascii	"dbg\000"
 605 0446 06       		.byte	0x6
 606 0447 CE01     		.2byte	0x1ce
 607 0449 C0030000 		.4byte	0x3c0
 608 044d 2C       		.byte	0x2c
 609 044e 10       		.uleb128 0x10
 610 044f 69000000 		.4byte	.LASF80
 611 0453 06       		.byte	0x6
 612 0454 D201     		.2byte	0x1d2
 613 0456 2B010000 		.4byte	0x12b
 614 045a 4004     		.2byte	0x440
 615 045c 11       		.uleb128 0x11
 616 045d 746D00   		.ascii	"tm\000"
 617 0460 06       		.byte	0x6
 618 0461 D701     		.2byte	0x1d7
 619 0463 D7050000 		.4byte	0x5d7
 620 0467 8804     		.2byte	0x488
 621 0469 10       		.uleb128 0x10
 622 046a BB040000 		.4byte	.LASF81
 623 046e 06       		.byte	0x6
 624 046f E301     		.2byte	0x1e3
 625 0471 CA060000 		.4byte	0x6ca
 626 0475 9004     		.2byte	0x490
 627 0477 00       		.byte	0
ARM GAS  C:\Users\jo\AppData\Local\Temp\cc7NiGi7.s 			page 12


 628 0478 03       		.uleb128 0x3
 629 0479 04       		.byte	0x4
 630 047a 07       		.byte	0x7
 631 047b E9050000 		.4byte	.LASF82
 632 047f 04       		.uleb128 0x4
 633 0480 97010000 		.4byte	.LASF83
 634 0484 07       		.byte	0x7
 635 0485 65       		.byte	0x65
 636 0486 17030000 		.4byte	0x317
 637 048a 04       		.uleb128 0x4
 638 048b 5F030000 		.4byte	.LASF84
 639 048f 07       		.byte	0x7
 640 0490 6D       		.byte	0x6d
 641 0491 B8000000 		.4byte	0xb8
 642 0495 06       		.uleb128 0x6
 643 0496 8E050000 		.4byte	.LASF85
 644 049a 04       		.byte	0x4
 645 049b 07       		.byte	0x7
 646 049c 89       		.byte	0x89
 647 049d AE040000 		.4byte	0x4ae
 648 04a1 12       		.uleb128 0x12
 649 04a2 72313300 		.ascii	"r13\000"
 650 04a6 07       		.byte	0x7
 651 04a7 8A       		.byte	0x8a
 652 04a8 29050000 		.4byte	0x529
 653 04ac 00       		.byte	0
 654 04ad 00       		.byte	0
 655 04ae 06       		.uleb128 0x6
 656 04af 2D000000 		.4byte	.LASF86
 657 04b3 24       		.byte	0x24
 658 04b4 08       		.byte	0x8
 659 04b5 F4       		.byte	0xf4
 660 04b6 29050000 		.4byte	0x529
 661 04ba 08       		.uleb128 0x8
 662 04bb 723400   		.ascii	"r4\000"
 663 04be 08       		.byte	0x8
 664 04bf 0701     		.2byte	0x107
 665 04c1 7F040000 		.4byte	0x47f
 666 04c5 00       		.byte	0
 667 04c6 08       		.uleb128 0x8
 668 04c7 723500   		.ascii	"r5\000"
 669 04ca 08       		.byte	0x8
 670 04cb 0801     		.2byte	0x108
 671 04cd 7F040000 		.4byte	0x47f
 672 04d1 04       		.byte	0x4
 673 04d2 08       		.uleb128 0x8
 674 04d3 723600   		.ascii	"r6\000"
 675 04d6 08       		.byte	0x8
 676 04d7 0901     		.2byte	0x109
 677 04d9 7F040000 		.4byte	0x47f
 678 04dd 08       		.byte	0x8
 679 04de 08       		.uleb128 0x8
 680 04df 723700   		.ascii	"r7\000"
 681 04e2 08       		.byte	0x8
 682 04e3 0A01     		.2byte	0x10a
 683 04e5 7F040000 		.4byte	0x47f
 684 04e9 0C       		.byte	0xc
ARM GAS  C:\Users\jo\AppData\Local\Temp\cc7NiGi7.s 			page 13


 685 04ea 08       		.uleb128 0x8
 686 04eb 723800   		.ascii	"r8\000"
 687 04ee 08       		.byte	0x8
 688 04ef 0B01     		.2byte	0x10b
 689 04f1 7F040000 		.4byte	0x47f
 690 04f5 10       		.byte	0x10
 691 04f6 08       		.uleb128 0x8
 692 04f7 723900   		.ascii	"r9\000"
 693 04fa 08       		.byte	0x8
 694 04fb 0C01     		.2byte	0x10c
 695 04fd 7F040000 		.4byte	0x47f
 696 0501 14       		.byte	0x14
 697 0502 08       		.uleb128 0x8
 698 0503 72313000 		.ascii	"r10\000"
 699 0507 08       		.byte	0x8
 700 0508 0D01     		.2byte	0x10d
 701 050a 7F040000 		.4byte	0x47f
 702 050e 18       		.byte	0x18
 703 050f 08       		.uleb128 0x8
 704 0510 72313100 		.ascii	"r11\000"
 705 0514 08       		.byte	0x8
 706 0515 0E01     		.2byte	0x10e
 707 0517 7F040000 		.4byte	0x47f
 708 051b 1C       		.byte	0x1c
 709 051c 08       		.uleb128 0x8
 710 051d 6C7200   		.ascii	"lr\000"
 711 0520 08       		.byte	0x8
 712 0521 0F01     		.2byte	0x10f
 713 0523 7F040000 		.4byte	0x47f
 714 0527 20       		.byte	0x20
 715 0528 00       		.byte	0
 716 0529 0A       		.uleb128 0xa
 717 052a 04       		.byte	0x4
 718 052b AE040000 		.4byte	0x4ae
 719 052f 13       		.uleb128 0x13
 720 0530 10       		.byte	0x10
 721 0531 09       		.byte	0x9
 722 0532 51       		.byte	0x51
 723 0533 68050000 		.4byte	0x568
 724 0537 07       		.uleb128 0x7
 725 0538 B9010000 		.4byte	.LASF87
 726 053c 09       		.byte	0x9
 727 053d 55       		.byte	0x55
 728 053e 20010000 		.4byte	0x120
 729 0542 00       		.byte	0
 730 0543 07       		.uleb128 0x7
 731 0544 71010000 		.4byte	.LASF88
 732 0548 09       		.byte	0x9
 733 0549 59       		.byte	0x59
 734 054a 3A020000 		.4byte	0x23a
 735 054e 04       		.byte	0x4
 736 054f 07       		.uleb128 0x7
 737 0550 30060000 		.4byte	.LASF89
 738 0554 09       		.byte	0x9
 739 0555 5D       		.byte	0x5d
 740 0556 17030000 		.4byte	0x317
 741 055a 08       		.byte	0x8
ARM GAS  C:\Users\jo\AppData\Local\Temp\cc7NiGi7.s 			page 14


 742 055b 07       		.uleb128 0x7
 743 055c 57000000 		.4byte	.LASF90
 744 0560 09       		.byte	0x9
 745 0561 61       		.byte	0x61
 746 0562 97000000 		.4byte	0x97
 747 0566 0C       		.byte	0xc
 748 0567 00       		.byte	0
 749 0568 04       		.uleb128 0x4
 750 0569 B4030000 		.4byte	.LASF91
 751 056d 09       		.byte	0x9
 752 056e 62       		.byte	0x62
 753 056f 2F050000 		.4byte	0x52f
 754 0573 14       		.uleb128 0x14
 755 0574 0804     		.2byte	0x408
 756 0576 09       		.byte	0x9
 757 0577 67       		.byte	0x67
 758 0578 A1050000 		.4byte	0x5a1
 759 057c 07       		.uleb128 0x7
 760 057d 87010000 		.4byte	.LASF92
 761 0581 09       		.byte	0x9
 762 0582 6B       		.byte	0x6b
 763 0583 2C000000 		.4byte	0x2c
 764 0587 00       		.byte	0
 765 0588 07       		.uleb128 0x7
 766 0589 6A030000 		.4byte	.LASF93
 767 058d 09       		.byte	0x9
 768 058e 6F       		.byte	0x6f
 769 058f A1050000 		.4byte	0x5a1
 770 0593 04       		.byte	0x4
 771 0594 07       		.uleb128 0x7
 772 0595 1E040000 		.4byte	.LASF94
 773 0599 09       		.byte	0x9
 774 059a 73       		.byte	0x73
 775 059b A7050000 		.4byte	0x5a7
 776 059f 08       		.byte	0x8
 777 05a0 00       		.byte	0
 778 05a1 0A       		.uleb128 0xa
 779 05a2 04       		.byte	0x4
 780 05a3 68050000 		.4byte	0x568
 781 05a7 15       		.uleb128 0x15
 782 05a8 68050000 		.4byte	0x568
 783 05ac B7050000 		.4byte	0x5b7
 784 05b0 16       		.uleb128 0x16
 785 05b1 78040000 		.4byte	0x478
 786 05b5 3F       		.byte	0x3f
 787 05b6 00       		.byte	0
 788 05b7 04       		.uleb128 0x4
 789 05b8 65040000 		.4byte	.LASF95
 790 05bc 09       		.byte	0x9
 791 05bd 74       		.byte	0x74
 792 05be 73050000 		.4byte	0x573
 793 05c2 13       		.uleb128 0x13
 794 05c3 04       		.byte	0x4
 795 05c4 0A       		.byte	0xa
 796 05c5 38       		.byte	0x38
 797 05c6 D7050000 		.4byte	0x5d7
 798 05ca 07       		.uleb128 0x7
ARM GAS  C:\Users\jo\AppData\Local\Temp\cc7NiGi7.s 			page 15


 799 05cb 87050000 		.4byte	.LASF96
 800 05cf 0A       		.byte	0xa
 801 05d0 3C       		.byte	0x3c
 802 05d1 C8000000 		.4byte	0xc8
 803 05d5 00       		.byte	0
 804 05d6 00       		.byte	0
 805 05d7 04       		.uleb128 0x4
 806 05d8 E8030000 		.4byte	.LASF97
 807 05dc 0A       		.byte	0xa
 808 05dd 3D       		.byte	0x3d
 809 05de C2050000 		.4byte	0x5c2
 810 05e2 17       		.uleb128 0x17
 811 05e3 04       		.byte	0x4
 812 05e4 06       		.byte	0x6
 813 05e5 FA       		.byte	0xfa
 814 05e6 3F060000 		.4byte	0x63f
 815 05ea 18       		.uleb128 0x18
 816 05eb 13000000 		.4byte	.LASF98
 817 05ef 06       		.byte	0x6
 818 05f0 0101     		.2byte	0x101
 819 05f2 FF000000 		.4byte	0xff
 820 05f6 18       		.uleb128 0x18
 821 05f7 60000000 		.4byte	.LASF99
 822 05fb 06       		.byte	0x6
 823 05fc 0801     		.2byte	0x108
 824 05fe FF000000 		.4byte	0xff
 825 0602 18       		.uleb128 0x18
 826 0603 2C010000 		.4byte	.LASF100
 827 0607 06       		.byte	0x6
 828 0608 0F01     		.2byte	0x10f
 829 060a 17030000 		.4byte	0x317
 830 060e 18       		.uleb128 0x18
 831 060f 0D000000 		.4byte	.LASF101
 832 0613 06       		.byte	0x6
 833 0614 1601     		.2byte	0x116
 834 0616 3F060000 		.4byte	0x63f
 835 061a 18       		.uleb128 0x18
 836 061b DF010000 		.4byte	.LASF102
 837 061f 06       		.byte	0x6
 838 0620 1E01     		.2byte	0x11e
 839 0622 6A060000 		.4byte	0x66a
 840 0626 18       		.uleb128 0x18
 841 0627 05050000 		.4byte	.LASF103
 842 062b 06       		.byte	0x6
 843 062c 2701     		.2byte	0x127
 844 062e A1060000 		.4byte	0x6a1
 845 0632 18       		.uleb128 0x18
 846 0633 A5040000 		.4byte	.LASF104
 847 0637 06       		.byte	0x6
 848 0638 2F01     		.2byte	0x12f
 849 063a 0A010000 		.4byte	0x10a
 850 063e 00       		.byte	0
 851 063f 0A       		.uleb128 0xa
 852 0640 04       		.byte	0x4
 853 0641 2F020000 		.4byte	0x22f
 854 0645 06       		.uleb128 0x6
 855 0646 DB040000 		.4byte	.LASF105
ARM GAS  C:\Users\jo\AppData\Local\Temp\cc7NiGi7.s 			page 16


 856 064a 0C       		.byte	0xc
 857 064b 0B       		.byte	0xb
 858 064c 34       		.byte	0x34
 859 064d 6A060000 		.4byte	0x66a
 860 0651 07       		.uleb128 0x7
 861 0652 7F010000 		.4byte	.LASF106
 862 0656 0B       		.byte	0xb
 863 0657 35       		.byte	0x35
 864 0658 64020000 		.4byte	0x264
 865 065c 00       		.byte	0
 866 065d 07       		.uleb128 0x7
 867 065e FD010000 		.4byte	.LASF107
 868 0662 0B       		.byte	0xb
 869 0663 37       		.byte	0x37
 870 0664 15010000 		.4byte	0x115
 871 0668 08       		.byte	0x8
 872 0669 00       		.byte	0
 873 066a 0A       		.uleb128 0xa
 874 066b 04       		.byte	0x4
 875 066c 45060000 		.4byte	0x645
 876 0670 06       		.uleb128 0x6
 877 0671 F2050000 		.4byte	.LASF108
 878 0675 10       		.byte	0x10
 879 0676 0C       		.byte	0xc
 880 0677 39       		.byte	0x39
 881 0678 A1060000 		.4byte	0x6a1
 882 067c 07       		.uleb128 0x7
 883 067d 24010000 		.4byte	.LASF109
 884 0681 0C       		.byte	0xc
 885 0682 3A       		.byte	0x3a
 886 0683 64020000 		.4byte	0x264
 887 0687 00       		.byte	0
 888 0688 07       		.uleb128 0x7
 889 0689 28060000 		.4byte	.LASF110
 890 068d 0C       		.byte	0xc
 891 068e 3C       		.byte	0x3c
 892 068f 3A020000 		.4byte	0x23a
 893 0693 08       		.byte	0x8
 894 0694 07       		.uleb128 0x7
 895 0695 4D050000 		.4byte	.LASF111
 896 0699 0C       		.byte	0xc
 897 069a 3E       		.byte	0x3e
 898 069b E5060000 		.4byte	0x6e5
 899 069f 0C       		.byte	0xc
 900 06a0 00       		.byte	0
 901 06a1 0A       		.uleb128 0xa
 902 06a2 04       		.byte	0x4
 903 06a3 70060000 		.4byte	0x670
 904 06a7 0A       		.uleb128 0xa
 905 06a8 04       		.byte	0x4
 906 06a9 AD060000 		.4byte	0x6ad
 907 06ad 19       		.uleb128 0x19
 908 06ae B2060000 		.4byte	0x6b2
 909 06b2 03       		.uleb128 0x3
 910 06b3 01       		.byte	0x1
 911 06b4 08       		.byte	0x8
 912 06b5 3F050000 		.4byte	.LASF112
ARM GAS  C:\Users\jo\AppData\Local\Temp\cc7NiGi7.s 			page 17


 913 06b9 0A       		.uleb128 0xa
 914 06ba 04       		.byte	0x4
 915 06bb 8A040000 		.4byte	0x48a
 916 06bf 0A       		.uleb128 0xa
 917 06c0 04       		.byte	0x4
 918 06c1 19030000 		.4byte	0x319
 919 06c5 05       		.uleb128 0x5
 920 06c6 A7060000 		.4byte	0x6a7
 921 06ca 15       		.uleb128 0x15
 922 06cb 8A040000 		.4byte	0x48a
 923 06cf DA060000 		.4byte	0x6da
 924 06d3 16       		.uleb128 0x16
 925 06d4 78040000 		.4byte	0x478
 926 06d8 1B       		.byte	0x1b
 927 06d9 00       		.byte	0
 928 06da 04       		.uleb128 0x4
 929 06db A8010000 		.4byte	.LASF113
 930 06df 0C       		.byte	0xc
 931 06e0 34       		.byte	0x34
 932 06e1 70060000 		.4byte	0x670
 933 06e5 0A       		.uleb128 0xa
 934 06e6 04       		.byte	0x4
 935 06e7 DA060000 		.4byte	0x6da
 936 06eb 03       		.uleb128 0x3
 937 06ec 01       		.byte	0x1
 938 06ed 02       		.byte	0x2
 939 06ee 57040000 		.4byte	.LASF114
 940 06f2 1A       		.uleb128 0x1a
 941 06f3 1E060000 		.4byte	.LASF126
 942 06f7 01       		.byte	0x1
 943 06f8 2101     		.2byte	0x121
 944 06fa 00000000 		.4byte	.LFB260
 945 06fe 22000000 		.4byte	.LFE260-.LFB260
 946 0702 01       		.uleb128 0x1
 947 0703 9C       		.byte	0x9c
 948 0704 48070000 		.4byte	0x748
 949 0708 1B       		.uleb128 0x1b
 950 0709 06000000 		.4byte	.LVL0
 951 070d 5F070000 		.4byte	0x75f
 952 0711 1B       		.uleb128 0x1b
 953 0712 0A000000 		.4byte	.LVL1
 954 0716 66070000 		.4byte	0x766
 955 071a 1B       		.uleb128 0x1b
 956 071b 0E000000 		.4byte	.LVL2
 957 071f 6D070000 		.4byte	0x76d
 958 0723 1B       		.uleb128 0x1b
 959 0724 12000000 		.4byte	.LVL3
 960 0728 75070000 		.4byte	0x775
 961 072c 1B       		.uleb128 0x1b
 962 072d 16000000 		.4byte	.LVL4
 963 0731 7D070000 		.4byte	0x77d
 964 0735 1B       		.uleb128 0x1b
 965 0736 1A000000 		.4byte	.LVL5
 966 073a 84070000 		.4byte	0x784
 967 073e 1C       		.uleb128 0x1c
 968 073f 22000000 		.4byte	.LVL6
 969 0743 8B070000 		.4byte	0x78b
ARM GAS  C:\Users\jo\AppData\Local\Temp\cc7NiGi7.s 			page 18


 970 0747 00       		.byte	0
 971 0748 1D       		.uleb128 0x1d
 972 0749 86000000 		.4byte	.LASF115
 973 074d 14       		.byte	0x14
 974 074e A706     		.2byte	0x6a7
 975 0750 C3000000 		.4byte	0xc3
 976 0754 1E       		.uleb128 0x1e
 977 0755 636800   		.ascii	"ch\000"
 978 0758 06       		.byte	0x6
 979 0759 0902     		.2byte	0x209
 980 075b 0E040000 		.4byte	0x40e
 981 075f 1F       		.uleb128 0x1f
 982 0760 CF030000 		.4byte	.LASF116
 983 0764 0D       		.byte	0xd
 984 0765 97       		.byte	0x97
 985 0766 1F       		.uleb128 0x1f
 986 0767 93000000 		.4byte	.LASF117
 987 076b 0E       		.byte	0xe
 988 076c E8       		.byte	0xe8
 989 076d 20       		.uleb128 0x20
 990 076e 9A040000 		.4byte	.LASF118
 991 0772 0F       		.byte	0xf
 992 0773 0101     		.2byte	0x101
 993 0775 20       		.uleb128 0x20
 994 0776 20020000 		.4byte	.LASF119
 995 077a 10       		.byte	0x10
 996 077b 3F01     		.2byte	0x13f
 997 077d 1F       		.uleb128 0x1f
 998 077e F3040000 		.4byte	.LASF120
 999 0782 11       		.byte	0x11
 1000 0783 9D       		.byte	0x9d
 1001 0784 1F       		.uleb128 0x1f
 1002 0785 AB030000 		.4byte	.LASF121
 1003 0789 12       		.byte	0x12
 1004 078a 35       		.byte	0x35
 1005 078b 1F       		.uleb128 0x1f
 1006 078c 74000000 		.4byte	.LASF122
 1007 0790 13       		.byte	0x13
 1008 0791 4D       		.byte	0x4d
 1009 0792 00       		.byte	0
 1010              		.section	.debug_abbrev,"",%progbits
 1011              	.Ldebug_abbrev0:
 1012 0000 01       		.uleb128 0x1
 1013 0001 11       		.uleb128 0x11
 1014 0002 01       		.byte	0x1
 1015 0003 25       		.uleb128 0x25
 1016 0004 0E       		.uleb128 0xe
 1017 0005 13       		.uleb128 0x13
 1018 0006 0B       		.uleb128 0xb
 1019 0007 03       		.uleb128 0x3
 1020 0008 0E       		.uleb128 0xe
 1021 0009 1B       		.uleb128 0x1b
 1022 000a 0E       		.uleb128 0xe
 1023 000b 55       		.uleb128 0x55
 1024 000c 17       		.uleb128 0x17
 1025 000d 11       		.uleb128 0x11
 1026 000e 01       		.uleb128 0x1
ARM GAS  C:\Users\jo\AppData\Local\Temp\cc7NiGi7.s 			page 19


 1027 000f 10       		.uleb128 0x10
 1028 0010 17       		.uleb128 0x17
 1029 0011 00       		.byte	0
 1030 0012 00       		.byte	0
 1031 0013 02       		.uleb128 0x2
 1032 0014 24       		.uleb128 0x24
 1033 0015 00       		.byte	0
 1034 0016 0B       		.uleb128 0xb
 1035 0017 0B       		.uleb128 0xb
 1036 0018 3E       		.uleb128 0x3e
 1037 0019 0B       		.uleb128 0xb
 1038 001a 03       		.uleb128 0x3
 1039 001b 08       		.uleb128 0x8
 1040 001c 00       		.byte	0
 1041 001d 00       		.byte	0
 1042 001e 03       		.uleb128 0x3
 1043 001f 24       		.uleb128 0x24
 1044 0020 00       		.byte	0
 1045 0021 0B       		.uleb128 0xb
 1046 0022 0B       		.uleb128 0xb
 1047 0023 3E       		.uleb128 0x3e
 1048 0024 0B       		.uleb128 0xb
 1049 0025 03       		.uleb128 0x3
 1050 0026 0E       		.uleb128 0xe
 1051 0027 00       		.byte	0
 1052 0028 00       		.byte	0
 1053 0029 04       		.uleb128 0x4
 1054 002a 16       		.uleb128 0x16
 1055 002b 00       		.byte	0
 1056 002c 03       		.uleb128 0x3
 1057 002d 0E       		.uleb128 0xe
 1058 002e 3A       		.uleb128 0x3a
 1059 002f 0B       		.uleb128 0xb
 1060 0030 3B       		.uleb128 0x3b
 1061 0031 0B       		.uleb128 0xb
 1062 0032 49       		.uleb128 0x49
 1063 0033 13       		.uleb128 0x13
 1064 0034 00       		.byte	0
 1065 0035 00       		.byte	0
 1066 0036 05       		.uleb128 0x5
 1067 0037 35       		.uleb128 0x35
 1068 0038 00       		.byte	0
 1069 0039 49       		.uleb128 0x49
 1070 003a 13       		.uleb128 0x13
 1071 003b 00       		.byte	0
 1072 003c 00       		.byte	0
 1073 003d 06       		.uleb128 0x6
 1074 003e 13       		.uleb128 0x13
 1075 003f 01       		.byte	0x1
 1076 0040 03       		.uleb128 0x3
 1077 0041 0E       		.uleb128 0xe
 1078 0042 0B       		.uleb128 0xb
 1079 0043 0B       		.uleb128 0xb
 1080 0044 3A       		.uleb128 0x3a
 1081 0045 0B       		.uleb128 0xb
 1082 0046 3B       		.uleb128 0x3b
 1083 0047 0B       		.uleb128 0xb
ARM GAS  C:\Users\jo\AppData\Local\Temp\cc7NiGi7.s 			page 20


 1084 0048 01       		.uleb128 0x1
 1085 0049 13       		.uleb128 0x13
 1086 004a 00       		.byte	0
 1087 004b 00       		.byte	0
 1088 004c 07       		.uleb128 0x7
 1089 004d 0D       		.uleb128 0xd
 1090 004e 00       		.byte	0
 1091 004f 03       		.uleb128 0x3
 1092 0050 0E       		.uleb128 0xe
 1093 0051 3A       		.uleb128 0x3a
 1094 0052 0B       		.uleb128 0xb
 1095 0053 3B       		.uleb128 0x3b
 1096 0054 0B       		.uleb128 0xb
 1097 0055 49       		.uleb128 0x49
 1098 0056 13       		.uleb128 0x13
 1099 0057 38       		.uleb128 0x38
 1100 0058 0B       		.uleb128 0xb
 1101 0059 00       		.byte	0
 1102 005a 00       		.byte	0
 1103 005b 08       		.uleb128 0x8
 1104 005c 0D       		.uleb128 0xd
 1105 005d 00       		.byte	0
 1106 005e 03       		.uleb128 0x3
 1107 005f 08       		.uleb128 0x8
 1108 0060 3A       		.uleb128 0x3a
 1109 0061 0B       		.uleb128 0xb
 1110 0062 3B       		.uleb128 0x3b
 1111 0063 05       		.uleb128 0x5
 1112 0064 49       		.uleb128 0x49
 1113 0065 13       		.uleb128 0x13
 1114 0066 38       		.uleb128 0x38
 1115 0067 0B       		.uleb128 0xb
 1116 0068 00       		.byte	0
 1117 0069 00       		.byte	0
 1118 006a 09       		.uleb128 0x9
 1119 006b 0D       		.uleb128 0xd
 1120 006c 00       		.byte	0
 1121 006d 03       		.uleb128 0x3
 1122 006e 0E       		.uleb128 0xe
 1123 006f 3A       		.uleb128 0x3a
 1124 0070 0B       		.uleb128 0xb
 1125 0071 3B       		.uleb128 0x3b
 1126 0072 05       		.uleb128 0x5
 1127 0073 49       		.uleb128 0x49
 1128 0074 13       		.uleb128 0x13
 1129 0075 38       		.uleb128 0x38
 1130 0076 0B       		.uleb128 0xb
 1131 0077 00       		.byte	0
 1132 0078 00       		.byte	0
 1133 0079 0A       		.uleb128 0xa
 1134 007a 0F       		.uleb128 0xf
 1135 007b 00       		.byte	0
 1136 007c 0B       		.uleb128 0xb
 1137 007d 0B       		.uleb128 0xb
 1138 007e 49       		.uleb128 0x49
 1139 007f 13       		.uleb128 0x13
 1140 0080 00       		.byte	0
ARM GAS  C:\Users\jo\AppData\Local\Temp\cc7NiGi7.s 			page 21


 1141 0081 00       		.byte	0
 1142 0082 0B       		.uleb128 0xb
 1143 0083 13       		.uleb128 0x13
 1144 0084 01       		.byte	0x1
 1145 0085 03       		.uleb128 0x3
 1146 0086 0E       		.uleb128 0xe
 1147 0087 0B       		.uleb128 0xb
 1148 0088 0B       		.uleb128 0xb
 1149 0089 3A       		.uleb128 0x3a
 1150 008a 0B       		.uleb128 0xb
 1151 008b 3B       		.uleb128 0x3b
 1152 008c 05       		.uleb128 0x5
 1153 008d 01       		.uleb128 0x1
 1154 008e 13       		.uleb128 0x13
 1155 008f 00       		.byte	0
 1156 0090 00       		.byte	0
 1157 0091 0C       		.uleb128 0xc
 1158 0092 15       		.uleb128 0x15
 1159 0093 01       		.byte	0x1
 1160 0094 27       		.uleb128 0x27
 1161 0095 19       		.uleb128 0x19
 1162 0096 01       		.uleb128 0x1
 1163 0097 13       		.uleb128 0x13
 1164 0098 00       		.byte	0
 1165 0099 00       		.byte	0
 1166 009a 0D       		.uleb128 0xd
 1167 009b 05       		.uleb128 0x5
 1168 009c 00       		.byte	0
 1169 009d 49       		.uleb128 0x49
 1170 009e 13       		.uleb128 0x13
 1171 009f 00       		.byte	0
 1172 00a0 00       		.byte	0
 1173 00a1 0E       		.uleb128 0xe
 1174 00a2 0F       		.uleb128 0xf
 1175 00a3 00       		.byte	0
 1176 00a4 0B       		.uleb128 0xb
 1177 00a5 0B       		.uleb128 0xb
 1178 00a6 00       		.byte	0
 1179 00a7 00       		.byte	0
 1180 00a8 0F       		.uleb128 0xf
 1181 00a9 13       		.uleb128 0x13
 1182 00aa 01       		.byte	0x1
 1183 00ab 03       		.uleb128 0x3
 1184 00ac 0E       		.uleb128 0xe
 1185 00ad 0B       		.uleb128 0xb
 1186 00ae 05       		.uleb128 0x5
 1187 00af 3A       		.uleb128 0x3a
 1188 00b0 0B       		.uleb128 0xb
 1189 00b1 3B       		.uleb128 0x3b
 1190 00b2 05       		.uleb128 0x5
 1191 00b3 01       		.uleb128 0x1
 1192 00b4 13       		.uleb128 0x13
 1193 00b5 00       		.byte	0
 1194 00b6 00       		.byte	0
 1195 00b7 10       		.uleb128 0x10
 1196 00b8 0D       		.uleb128 0xd
 1197 00b9 00       		.byte	0
ARM GAS  C:\Users\jo\AppData\Local\Temp\cc7NiGi7.s 			page 22


 1198 00ba 03       		.uleb128 0x3
 1199 00bb 0E       		.uleb128 0xe
 1200 00bc 3A       		.uleb128 0x3a
 1201 00bd 0B       		.uleb128 0xb
 1202 00be 3B       		.uleb128 0x3b
 1203 00bf 05       		.uleb128 0x5
 1204 00c0 49       		.uleb128 0x49
 1205 00c1 13       		.uleb128 0x13
 1206 00c2 38       		.uleb128 0x38
 1207 00c3 05       		.uleb128 0x5
 1208 00c4 00       		.byte	0
 1209 00c5 00       		.byte	0
 1210 00c6 11       		.uleb128 0x11
 1211 00c7 0D       		.uleb128 0xd
 1212 00c8 00       		.byte	0
 1213 00c9 03       		.uleb128 0x3
 1214 00ca 08       		.uleb128 0x8
 1215 00cb 3A       		.uleb128 0x3a
 1216 00cc 0B       		.uleb128 0xb
 1217 00cd 3B       		.uleb128 0x3b
 1218 00ce 05       		.uleb128 0x5
 1219 00cf 49       		.uleb128 0x49
 1220 00d0 13       		.uleb128 0x13
 1221 00d1 38       		.uleb128 0x38
 1222 00d2 05       		.uleb128 0x5
 1223 00d3 00       		.byte	0
 1224 00d4 00       		.byte	0
 1225 00d5 12       		.uleb128 0x12
 1226 00d6 0D       		.uleb128 0xd
 1227 00d7 00       		.byte	0
 1228 00d8 03       		.uleb128 0x3
 1229 00d9 08       		.uleb128 0x8
 1230 00da 3A       		.uleb128 0x3a
 1231 00db 0B       		.uleb128 0xb
 1232 00dc 3B       		.uleb128 0x3b
 1233 00dd 0B       		.uleb128 0xb
 1234 00de 49       		.uleb128 0x49
 1235 00df 13       		.uleb128 0x13
 1236 00e0 38       		.uleb128 0x38
 1237 00e1 0B       		.uleb128 0xb
 1238 00e2 00       		.byte	0
 1239 00e3 00       		.byte	0
 1240 00e4 13       		.uleb128 0x13
 1241 00e5 13       		.uleb128 0x13
 1242 00e6 01       		.byte	0x1
 1243 00e7 0B       		.uleb128 0xb
 1244 00e8 0B       		.uleb128 0xb
 1245 00e9 3A       		.uleb128 0x3a
 1246 00ea 0B       		.uleb128 0xb
 1247 00eb 3B       		.uleb128 0x3b
 1248 00ec 0B       		.uleb128 0xb
 1249 00ed 01       		.uleb128 0x1
 1250 00ee 13       		.uleb128 0x13
 1251 00ef 00       		.byte	0
 1252 00f0 00       		.byte	0
 1253 00f1 14       		.uleb128 0x14
 1254 00f2 13       		.uleb128 0x13
ARM GAS  C:\Users\jo\AppData\Local\Temp\cc7NiGi7.s 			page 23


 1255 00f3 01       		.byte	0x1
 1256 00f4 0B       		.uleb128 0xb
 1257 00f5 05       		.uleb128 0x5
 1258 00f6 3A       		.uleb128 0x3a
 1259 00f7 0B       		.uleb128 0xb
 1260 00f8 3B       		.uleb128 0x3b
 1261 00f9 0B       		.uleb128 0xb
 1262 00fa 01       		.uleb128 0x1
 1263 00fb 13       		.uleb128 0x13
 1264 00fc 00       		.byte	0
 1265 00fd 00       		.byte	0
 1266 00fe 15       		.uleb128 0x15
 1267 00ff 01       		.uleb128 0x1
 1268 0100 01       		.byte	0x1
 1269 0101 49       		.uleb128 0x49
 1270 0102 13       		.uleb128 0x13
 1271 0103 01       		.uleb128 0x1
 1272 0104 13       		.uleb128 0x13
 1273 0105 00       		.byte	0
 1274 0106 00       		.byte	0
 1275 0107 16       		.uleb128 0x16
 1276 0108 21       		.uleb128 0x21
 1277 0109 00       		.byte	0
 1278 010a 49       		.uleb128 0x49
 1279 010b 13       		.uleb128 0x13
 1280 010c 2F       		.uleb128 0x2f
 1281 010d 0B       		.uleb128 0xb
 1282 010e 00       		.byte	0
 1283 010f 00       		.byte	0
 1284 0110 17       		.uleb128 0x17
 1285 0111 17       		.uleb128 0x17
 1286 0112 01       		.byte	0x1
 1287 0113 0B       		.uleb128 0xb
 1288 0114 0B       		.uleb128 0xb
 1289 0115 3A       		.uleb128 0x3a
 1290 0116 0B       		.uleb128 0xb
 1291 0117 3B       		.uleb128 0x3b
 1292 0118 0B       		.uleb128 0xb
 1293 0119 01       		.uleb128 0x1
 1294 011a 13       		.uleb128 0x13
 1295 011b 00       		.byte	0
 1296 011c 00       		.byte	0
 1297 011d 18       		.uleb128 0x18
 1298 011e 0D       		.uleb128 0xd
 1299 011f 00       		.byte	0
 1300 0120 03       		.uleb128 0x3
 1301 0121 0E       		.uleb128 0xe
 1302 0122 3A       		.uleb128 0x3a
 1303 0123 0B       		.uleb128 0xb
 1304 0124 3B       		.uleb128 0x3b
 1305 0125 05       		.uleb128 0x5
 1306 0126 49       		.uleb128 0x49
 1307 0127 13       		.uleb128 0x13
 1308 0128 00       		.byte	0
 1309 0129 00       		.byte	0
 1310 012a 19       		.uleb128 0x19
 1311 012b 26       		.uleb128 0x26
ARM GAS  C:\Users\jo\AppData\Local\Temp\cc7NiGi7.s 			page 24


 1312 012c 00       		.byte	0
 1313 012d 49       		.uleb128 0x49
 1314 012e 13       		.uleb128 0x13
 1315 012f 00       		.byte	0
 1316 0130 00       		.byte	0
 1317 0131 1A       		.uleb128 0x1a
 1318 0132 2E       		.uleb128 0x2e
 1319 0133 01       		.byte	0x1
 1320 0134 3F       		.uleb128 0x3f
 1321 0135 19       		.uleb128 0x19
 1322 0136 03       		.uleb128 0x3
 1323 0137 0E       		.uleb128 0xe
 1324 0138 3A       		.uleb128 0x3a
 1325 0139 0B       		.uleb128 0xb
 1326 013a 3B       		.uleb128 0x3b
 1327 013b 05       		.uleb128 0x5
 1328 013c 27       		.uleb128 0x27
 1329 013d 19       		.uleb128 0x19
 1330 013e 11       		.uleb128 0x11
 1331 013f 01       		.uleb128 0x1
 1332 0140 12       		.uleb128 0x12
 1333 0141 06       		.uleb128 0x6
 1334 0142 40       		.uleb128 0x40
 1335 0143 18       		.uleb128 0x18
 1336 0144 9742     		.uleb128 0x2117
 1337 0146 19       		.uleb128 0x19
 1338 0147 01       		.uleb128 0x1
 1339 0148 13       		.uleb128 0x13
 1340 0149 00       		.byte	0
 1341 014a 00       		.byte	0
 1342 014b 1B       		.uleb128 0x1b
 1343 014c 898201   		.uleb128 0x4109
 1344 014f 00       		.byte	0
 1345 0150 11       		.uleb128 0x11
 1346 0151 01       		.uleb128 0x1
 1347 0152 31       		.uleb128 0x31
 1348 0153 13       		.uleb128 0x13
 1349 0154 00       		.byte	0
 1350 0155 00       		.byte	0
 1351 0156 1C       		.uleb128 0x1c
 1352 0157 898201   		.uleb128 0x4109
 1353 015a 00       		.byte	0
 1354 015b 11       		.uleb128 0x11
 1355 015c 01       		.uleb128 0x1
 1356 015d 9542     		.uleb128 0x2115
 1357 015f 19       		.uleb128 0x19
 1358 0160 31       		.uleb128 0x31
 1359 0161 13       		.uleb128 0x13
 1360 0162 00       		.byte	0
 1361 0163 00       		.byte	0
 1362 0164 1D       		.uleb128 0x1d
 1363 0165 34       		.uleb128 0x34
 1364 0166 00       		.byte	0
 1365 0167 03       		.uleb128 0x3
 1366 0168 0E       		.uleb128 0xe
 1367 0169 3A       		.uleb128 0x3a
 1368 016a 0B       		.uleb128 0xb
ARM GAS  C:\Users\jo\AppData\Local\Temp\cc7NiGi7.s 			page 25


 1369 016b 3B       		.uleb128 0x3b
 1370 016c 05       		.uleb128 0x5
 1371 016d 49       		.uleb128 0x49
 1372 016e 13       		.uleb128 0x13
 1373 016f 3F       		.uleb128 0x3f
 1374 0170 19       		.uleb128 0x19
 1375 0171 3C       		.uleb128 0x3c
 1376 0172 19       		.uleb128 0x19
 1377 0173 00       		.byte	0
 1378 0174 00       		.byte	0
 1379 0175 1E       		.uleb128 0x1e
 1380 0176 34       		.uleb128 0x34
 1381 0177 00       		.byte	0
 1382 0178 03       		.uleb128 0x3
 1383 0179 08       		.uleb128 0x8
 1384 017a 3A       		.uleb128 0x3a
 1385 017b 0B       		.uleb128 0xb
 1386 017c 3B       		.uleb128 0x3b
 1387 017d 05       		.uleb128 0x5
 1388 017e 49       		.uleb128 0x49
 1389 017f 13       		.uleb128 0x13
 1390 0180 3F       		.uleb128 0x3f
 1391 0181 19       		.uleb128 0x19
 1392 0182 3C       		.uleb128 0x3c
 1393 0183 19       		.uleb128 0x19
 1394 0184 00       		.byte	0
 1395 0185 00       		.byte	0
 1396 0186 1F       		.uleb128 0x1f
 1397 0187 2E       		.uleb128 0x2e
 1398 0188 00       		.byte	0
 1399 0189 3F       		.uleb128 0x3f
 1400 018a 19       		.uleb128 0x19
 1401 018b 03       		.uleb128 0x3
 1402 018c 0E       		.uleb128 0xe
 1403 018d 3A       		.uleb128 0x3a
 1404 018e 0B       		.uleb128 0xb
 1405 018f 3B       		.uleb128 0x3b
 1406 0190 0B       		.uleb128 0xb
 1407 0191 27       		.uleb128 0x27
 1408 0192 19       		.uleb128 0x19
 1409 0193 3C       		.uleb128 0x3c
 1410 0194 19       		.uleb128 0x19
 1411 0195 00       		.byte	0
 1412 0196 00       		.byte	0
 1413 0197 20       		.uleb128 0x20
 1414 0198 2E       		.uleb128 0x2e
 1415 0199 00       		.byte	0
 1416 019a 3F       		.uleb128 0x3f
 1417 019b 19       		.uleb128 0x19
 1418 019c 03       		.uleb128 0x3
 1419 019d 0E       		.uleb128 0xe
 1420 019e 3A       		.uleb128 0x3a
 1421 019f 0B       		.uleb128 0xb
 1422 01a0 3B       		.uleb128 0x3b
 1423 01a1 05       		.uleb128 0x5
 1424 01a2 27       		.uleb128 0x27
 1425 01a3 19       		.uleb128 0x19
ARM GAS  C:\Users\jo\AppData\Local\Temp\cc7NiGi7.s 			page 26


 1426 01a4 3C       		.uleb128 0x3c
 1427 01a5 19       		.uleb128 0x19
 1428 01a6 00       		.byte	0
 1429 01a7 00       		.byte	0
 1430 01a8 00       		.byte	0
 1431              		.section	.debug_aranges,"",%progbits
 1432 0000 1C000000 		.4byte	0x1c
 1433 0004 0200     		.2byte	0x2
 1434 0006 00000000 		.4byte	.Ldebug_info0
 1435 000a 04       		.byte	0x4
 1436 000b 00       		.byte	0
 1437 000c 0000     		.2byte	0
 1438 000e 0000     		.2byte	0
 1439 0010 00000000 		.4byte	.LFB260
 1440 0014 22000000 		.4byte	.LFE260-.LFB260
 1441 0018 00000000 		.4byte	0
 1442 001c 00000000 		.4byte	0
 1443              		.section	.debug_ranges,"",%progbits
 1444              	.Ldebug_ranges0:
 1445 0000 00000000 		.4byte	.LFB260
 1446 0004 22000000 		.4byte	.LFE260
 1447 0008 00000000 		.4byte	0
 1448 000c 00000000 		.4byte	0
 1449              		.section	.debug_line,"",%progbits
 1450              	.Ldebug_line0:
 1451 0000 81020000 		.section	.debug_str,"MS",%progbits,1
 1451      02005F02 
 1451      00000201 
 1451      FB0E0D00 
 1451      01010101 
 1452              	.LASF51:
 1453 0000 72656164 		.ascii	"ready_list_t\000"
 1453      795F6C69 
 1453      73745F74 
 1453      00
 1454              	.LASF101:
 1455 000d 77747472 		.ascii	"wttrp\000"
 1455      7000
 1456              	.LASF98:
 1457 0013 7264796D 		.ascii	"rdymsg\000"
 1457      736700
 1458              	.LASF16:
 1459 001a 75696E74 		.ascii	"uint64_t\000"
 1459      36345F74 
 1459      00
 1460              	.LASF5:
 1461 0023 5F5F7569 		.ascii	"__uint8_t\000"
 1461      6E74385F 
 1461      7400
 1462              	.LASF86:
 1463 002d 706F7274 		.ascii	"port_intctx\000"
 1463      5F696E74 
 1463      63747800 
 1464              	.LASF79:
 1465 0039 76746C69 		.ascii	"vtlist\000"
 1465      737400
 1466              	.LASF12:
ARM GAS  C:\Users\jo\AppData\Local\Temp\cc7NiGi7.s 			page 27


 1467 0040 6C6F6E67 		.ascii	"long long unsigned int\000"
 1467      206C6F6E 
 1467      6720756E 
 1467      7369676E 
 1467      65642069 
 1468              	.LASF90:
 1469 0057 73655F73 		.ascii	"se_state\000"
 1469      74617465 
 1469      00
 1470              	.LASF99:
 1471 0060 65786974 		.ascii	"exitcode\000"
 1471      636F6465 
 1471      00
 1472              	.LASF80:
 1473 0069 6D61696E 		.ascii	"mainthread\000"
 1473      74687265 
 1473      616400
 1474              	.LASF122:
 1475 0074 7379735F 		.ascii	"sys_timeouts_init\000"
 1475      74696D65 
 1475      6F757473 
 1475      5F696E69 
 1475      7400
 1476              	.LASF115:
 1477 0086 49544D5F 		.ascii	"ITM_RxBuffer\000"
 1477      52784275 
 1477      66666572 
 1477      00
 1478              	.LASF117:
 1479 0093 7379735F 		.ascii	"sys_init\000"
 1479      696E6974 
 1479      00
 1480              	.LASF50:
 1481 009c 63685F74 		.ascii	"ch_threads_queue\000"
 1481      68726561 
 1481      64735F71 
 1481      75657565 
 1481      00
 1482              	.LASF29:
 1483 00ad 705F7072 		.ascii	"p_prio\000"
 1483      696F00
 1484              	.LASF125:
 1485 00b4 433A5C55 		.ascii	"C:\\Users\\jo\\Documents\\GitHub\\ChibiOS\\demos\\S"
 1485      73657273 
 1485      5C6A6F5C 
 1485      446F6375 
 1485      6D656E74 
 1486 00e0 544D3332 		.ascii	"TM32\\RT-STM32F407-DISCOVERY-uHttp\000"
 1486      5C52542D 
 1486      53544D33 
 1486      32463430 
 1486      372D4449 
 1487              	.LASF10:
 1488 0102 6C6F6E67 		.ascii	"long long int\000"
 1488      206C6F6E 
 1488      6720696E 
 1488      7400
ARM GAS  C:\Users\jo\AppData\Local\Temp\cc7NiGi7.s 			page 28


 1489              	.LASF1:
 1490 0110 7369676E 		.ascii	"signed char\000"
 1490      65642063 
 1490      68617200 
 1491              	.LASF44:
 1492 011c 705F6D70 		.ascii	"p_mpool\000"
 1492      6F6F6C00 
 1493              	.LASF109:
 1494 0124 6D5F7175 		.ascii	"m_queue\000"
 1494      65756500 
 1495              	.LASF100:
 1496 012c 77746F62 		.ascii	"wtobjp\000"
 1496      6A7000
 1497              	.LASF77:
 1498 0133 63685F73 		.ascii	"ch_system\000"
 1498      79737465 
 1498      6D00
 1499              	.LASF7:
 1500 013d 6C6F6E67 		.ascii	"long int\000"
 1500      20696E74 
 1500      00
 1501              	.LASF124:
 1502 0146 2E2E2F2E 		.ascii	"../../../ext/lwip/src/core/init.c\000"
 1502      2E2F2E2E 
 1502      2F657874 
 1502      2F6C7769 
 1502      702F7372 
 1503              	.LASF19:
 1504 0168 74737461 		.ascii	"tstate_t\000"
 1504      74655F74 
 1504      00
 1505              	.LASF88:
 1506 0171 73655F74 		.ascii	"se_tp\000"
 1506      7000
 1507              	.LASF31:
 1508 0177 705F6E65 		.ascii	"p_newer\000"
 1508      77657200 
 1509              	.LASF106:
 1510 017f 735F7175 		.ascii	"s_queue\000"
 1510      65756500 
 1511              	.LASF92:
 1512 0187 74625F73 		.ascii	"tb_size\000"
 1512      697A6500 
 1513              	.LASF56:
 1514 018f 725F6E65 		.ascii	"r_newer\000"
 1514      77657200 
 1515              	.LASF83:
 1516 0197 72656761 		.ascii	"regarm_t\000"
 1516      726D5F74 
 1516      00
 1517              	.LASF63:
 1518 01a0 76745F70 		.ascii	"vt_prev\000"
 1518      72657600 
 1519              	.LASF113:
 1520 01a8 6D757465 		.ascii	"mutex_t\000"
 1520      785F7400 
 1521              	.LASF74:
ARM GAS  C:\Users\jo\AppData\Local\Temp\cc7NiGi7.s 			page 29


 1522 01b0 6C6F636B 		.ascii	"lock_cnt\000"
 1522      5F636E74 
 1522      00
 1523              	.LASF87:
 1524 01b9 73655F74 		.ascii	"se_time\000"
 1524      696D6500 
 1525              	.LASF24:
 1526 01c1 636E745F 		.ascii	"cnt_t\000"
 1526      7400
 1527              	.LASF34:
 1528 01c7 705F7374 		.ascii	"p_stklimit\000"
 1528      6B6C696D 
 1528      697400
 1529              	.LASF0:
 1530 01d2 756E7369 		.ascii	"unsigned int\000"
 1530      676E6564 
 1530      20696E74 
 1530      00
 1531              	.LASF102:
 1532 01df 77747365 		.ascii	"wtsemp\000"
 1532      6D7000
 1533              	.LASF70:
 1534 01e6 73797374 		.ascii	"system_debug_t\000"
 1534      656D5F64 
 1534      65627567 
 1534      5F7400
 1535              	.LASF62:
 1536 01f5 76745F6E 		.ascii	"vt_next\000"
 1536      65787400 
 1537              	.LASF107:
 1538 01fd 735F636E 		.ascii	"s_cnt\000"
 1538      7400
 1539              	.LASF4:
 1540 0203 73686F72 		.ascii	"short unsigned int\000"
 1540      7420756E 
 1540      7369676E 
 1540      65642069 
 1540      6E7400
 1541              	.LASF47:
 1542 0216 63685F74 		.ascii	"ch_thread\000"
 1542      68726561 
 1542      6400
 1543              	.LASF119:
 1544 0220 6C776970 		.ascii	"lwip_socket_init\000"
 1544      5F736F63 
 1544      6B65745F 
 1544      696E6974 
 1544      00
 1545              	.LASF22:
 1546 0231 6D73675F 		.ascii	"msg_t\000"
 1546      7400
 1547              	.LASF76:
 1548 0237 63685F73 		.ascii	"ch_system_t\000"
 1548      79737465 
 1548      6D5F7400 
 1549              	.LASF18:
 1550 0243 746D6F64 		.ascii	"tmode_t\000"
ARM GAS  C:\Users\jo\AppData\Local\Temp\cc7NiGi7.s 			page 30


 1550      655F7400 
 1551              	.LASF52:
 1552 024b 63685F72 		.ascii	"ch_ready_list\000"
 1552      65616479 
 1552      5F6C6973 
 1552      7400
 1553              	.LASF23:
 1554 0259 6576656E 		.ascii	"eventmask_t\000"
 1554      746D6173 
 1554      6B5F7400 
 1555              	.LASF6:
 1556 0265 5F5F696E 		.ascii	"__int32_t\000"
 1556      7433325F 
 1556      7400
 1557              	.LASF67:
 1558 026f 76697274 		.ascii	"virtual_timers_list_t\000"
 1558      75616C5F 
 1558      74696D65 
 1558      72735F6C 
 1558      6973745F 
 1559              	.LASF123:
 1560 0285 474E5520 		.ascii	"GNU C 4.9.3 20141119 (release) [ARM/embedded-4_9-br"
 1560      4320342E 
 1560      392E3320 
 1560      32303134 
 1560      31313139 
 1561 02b8 616E6368 		.ascii	"anch revision 218278] -mcpu=cortex-m4 -mno-thumb-in"
 1561      20726576 
 1561      6973696F 
 1561      6E203231 
 1561      38323738 
 1562 02eb 74657277 		.ascii	"terwork -mthumb -ggdb -O2 -fomit-frame-pointer -fal"
 1562      6F726B20 
 1562      2D6D7468 
 1562      756D6220 
 1562      2D676764 
 1563 031e 69676E2D 		.ascii	"ign-functions=16 -ffunction-sections -fdata-section"
 1563      66756E63 
 1563      74696F6E 
 1563      733D3136 
 1563      202D6666 
 1564 0351 73202D66 		.ascii	"s -fno-common\000"
 1564      6E6F2D63 
 1564      6F6D6D6F 
 1564      6E00
 1565              	.LASF84:
 1566 035f 73746B61 		.ascii	"stkalign_t\000"
 1566      6C69676E 
 1566      5F7400
 1567              	.LASF93:
 1568 036a 74625F70 		.ascii	"tb_ptr\000"
 1568      747200
 1569              	.LASF17:
 1570 0371 7274636E 		.ascii	"rtcnt_t\000"
 1570      745F7400 
 1571              	.LASF45:
 1572 0379 74687265 		.ascii	"thread_reference_t\000"
ARM GAS  C:\Users\jo\AppData\Local\Temp\cc7NiGi7.s 			page 31


 1572      61645F72 
 1572      65666572 
 1572      656E6365 
 1572      5F7400
 1573              	.LASF68:
 1574 038c 63685F76 		.ascii	"ch_virtual_timers_list\000"
 1574      69727475 
 1574      616C5F74 
 1574      696D6572 
 1574      735F6C69 
 1575              	.LASF65:
 1576 03a3 76745F66 		.ascii	"vt_func\000"
 1576      756E6300 
 1577              	.LASF121:
 1578 03ab 7463705F 		.ascii	"tcp_init\000"
 1578      696E6974 
 1578      00
 1579              	.LASF91:
 1580 03b4 63685F73 		.ascii	"ch_swc_event_t\000"
 1580      77635F65 
 1580      76656E74 
 1580      5F7400
 1581              	.LASF69:
 1582 03c3 76745F6C 		.ascii	"vt_lasttime\000"
 1582      61737474 
 1582      696D6500 
 1583              	.LASF116:
 1584 03cf 73746174 		.ascii	"stats_init\000"
 1584      735F696E 
 1584      697400
 1585              	.LASF32:
 1586 03da 705F6F6C 		.ascii	"p_older\000"
 1586      64657200 
 1587              	.LASF55:
 1588 03e2 725F6374 		.ascii	"r_ctx\000"
 1588      7800
 1589              	.LASF97:
 1590 03e8 746D5F63 		.ascii	"tm_calibration_t\000"
 1590      616C6962 
 1590      72617469 
 1590      6F6E5F74 
 1590      00
 1591              	.LASF58:
 1592 03f9 725F6375 		.ascii	"r_current\000"
 1592      7272656E 
 1592      7400
 1593              	.LASF57:
 1594 0403 725F6F6C 		.ascii	"r_older\000"
 1594      64657200 
 1595              	.LASF11:
 1596 040b 5F5F7569 		.ascii	"__uint64_t\000"
 1596      6E743634 
 1596      5F7400
 1597              	.LASF20:
 1598 0416 74726566 		.ascii	"trefs_t\000"
 1598      735F7400 
 1599              	.LASF94:
ARM GAS  C:\Users\jo\AppData\Local\Temp\cc7NiGi7.s 			page 32


 1600 041e 74625F62 		.ascii	"tb_buffer\000"
 1600      75666665 
 1600      7200
 1601              	.LASF60:
 1602 0428 76697274 		.ascii	"virtual_timer_t\000"
 1602      75616C5F 
 1602      74696D65 
 1602      725F7400 
 1603              	.LASF28:
 1604 0438 705F7072 		.ascii	"p_prev\000"
 1604      657600
 1605              	.LASF21:
 1606 043f 74707269 		.ascii	"tprio_t\000"
 1606      6F5F7400 
 1607              	.LASF71:
 1608 0447 63685F73 		.ascii	"ch_system_debug\000"
 1608      79737465 
 1608      6D5F6465 
 1608      62756700 
 1609              	.LASF114:
 1610 0457 5F426F6F 		.ascii	"_Bool\000"
 1610      6C00
 1611              	.LASF14:
 1612 045d 696E7433 		.ascii	"int32_t\000"
 1612      325F7400 
 1613              	.LASF95:
 1614 0465 63685F74 		.ascii	"ch_trace_buffer_t\000"
 1614      72616365 
 1614      5F627566 
 1614      6665725F 
 1614      7400
 1615              	.LASF42:
 1616 0477 705F6D74 		.ascii	"p_mtxlist\000"
 1616      786C6973 
 1616      7400
 1617              	.LASF3:
 1618 0481 73686F72 		.ascii	"short int\000"
 1618      7420696E 
 1618      7400
 1619              	.LASF35:
 1620 048b 705F7374 		.ascii	"p_state\000"
 1620      61746500 
 1621              	.LASF54:
 1622 0493 725F7072 		.ascii	"r_prio\000"
 1622      696F00
 1623              	.LASF118:
 1624 049a 6E657469 		.ascii	"netif_init\000"
 1624      665F696E 
 1624      697400
 1625              	.LASF104:
 1626 04a5 65776D61 		.ascii	"ewmask\000"
 1626      736B00
 1627              	.LASF27:
 1628 04ac 705F6E65 		.ascii	"p_next\000"
 1628      787400
 1629              	.LASF36:
 1630 04b3 705F666C 		.ascii	"p_flags\000"
ARM GAS  C:\Users\jo\AppData\Local\Temp\cc7NiGi7.s 			page 33


 1630      61677300 
 1631              	.LASF81:
 1632 04bb 69646C65 		.ascii	"idle_thread_wa\000"
 1632      5F746872 
 1632      6561645F 
 1632      776100
 1633              	.LASF61:
 1634 04ca 63685F76 		.ascii	"ch_virtual_timer\000"
 1634      69727475 
 1634      616C5F74 
 1634      696D6572 
 1634      00
 1635              	.LASF105:
 1636 04db 63685F73 		.ascii	"ch_semaphore\000"
 1636      656D6170 
 1636      686F7265 
 1636      00
 1637              	.LASF41:
 1638 04e8 705F6570 		.ascii	"p_epending\000"
 1638      656E6469 
 1638      6E6700
 1639              	.LASF120:
 1640 04f3 7564705F 		.ascii	"udp_init\000"
 1640      696E6974 
 1640      00
 1641              	.LASF15:
 1642 04fc 75696E74 		.ascii	"uint32_t\000"
 1642      33325F74 
 1642      00
 1643              	.LASF103:
 1644 0505 77746D74 		.ascii	"wtmtxp\000"
 1644      787000
 1645              	.LASF53:
 1646 050c 725F7175 		.ascii	"r_queue\000"
 1646      65756500 
 1647              	.LASF64:
 1648 0514 76745F64 		.ascii	"vt_delta\000"
 1648      656C7461 
 1648      00
 1649              	.LASF48:
 1650 051d 63685F74 		.ascii	"ch_threads_list\000"
 1650      68726561 
 1650      64735F6C 
 1650      69737400 
 1651              	.LASF9:
 1652 052d 6C6F6E67 		.ascii	"long unsigned int\000"
 1652      20756E73 
 1652      69676E65 
 1652      6420696E 
 1652      7400
 1653              	.LASF112:
 1654 053f 63686172 		.ascii	"char\000"
 1654      00
 1655              	.LASF26:
 1656 0544 74687265 		.ascii	"thread_t\000"
 1656      61645F74 
 1656      00
ARM GAS  C:\Users\jo\AppData\Local\Temp\cc7NiGi7.s 			page 34


 1657              	.LASF111:
 1658 054d 6D5F6E65 		.ascii	"m_next\000"
 1658      787400
 1659              	.LASF25:
 1660 0554 73797374 		.ascii	"systime_t\000"
 1660      696D655F 
 1660      7400
 1661              	.LASF43:
 1662 055e 705F7265 		.ascii	"p_realprio\000"
 1662      616C7072 
 1662      696F00
 1663              	.LASF59:
 1664 0569 76746675 		.ascii	"vtfunc_t\000"
 1664      6E635F74 
 1664      00
 1665              	.LASF8:
 1666 0572 5F5F7569 		.ascii	"__uint32_t\000"
 1666      6E743332 
 1666      5F7400
 1667              	.LASF72:
 1668 057d 70616E69 		.ascii	"panic_msg\000"
 1668      635F6D73 
 1668      6700
 1669              	.LASF96:
 1670 0587 6F666673 		.ascii	"offset\000"
 1670      657400
 1671              	.LASF85:
 1672 058e 636F6E74 		.ascii	"context\000"
 1672      65787400 
 1673              	.LASF2:
 1674 0596 756E7369 		.ascii	"unsigned char\000"
 1674      676E6564 
 1674      20636861 
 1674      7200
 1675              	.LASF40:
 1676 05a4 705F6D73 		.ascii	"p_msg\000"
 1676      6700
 1677              	.LASF39:
 1678 05aa 705F6D73 		.ascii	"p_msgqueue\000"
 1678      67717565 
 1678      756500
 1679              	.LASF66:
 1680 05b5 76745F70 		.ascii	"vt_par\000"
 1680      617200
 1681              	.LASF49:
 1682 05bc 74687265 		.ascii	"threads_queue_t\000"
 1682      6164735F 
 1682      71756575 
 1682      655F7400 
 1683              	.LASF37:
 1684 05cc 705F7265 		.ascii	"p_refs\000"
 1684      667300
 1685              	.LASF73:
 1686 05d3 6973725F 		.ascii	"isr_cnt\000"
 1686      636E7400 
 1687              	.LASF78:
 1688 05db 726C6973 		.ascii	"rlist\000"
ARM GAS  C:\Users\jo\AppData\Local\Temp\cc7NiGi7.s 			page 35


 1688      7400
 1689              	.LASF13:
 1690 05e1 75696E74 		.ascii	"uint8_t\000"
 1690      385F7400 
 1691              	.LASF82:
 1692 05e9 73697A65 		.ascii	"sizetype\000"
 1692      74797065 
 1692      00
 1693              	.LASF108:
 1694 05f2 63685F6D 		.ascii	"ch_mutex\000"
 1694      75746578 
 1694      00
 1695              	.LASF33:
 1696 05fb 705F6E61 		.ascii	"p_name\000"
 1696      6D6500
 1697              	.LASF46:
 1698 0602 74687265 		.ascii	"threads_list_t\000"
 1698      6164735F 
 1698      6C697374 
 1698      5F7400
 1699              	.LASF75:
 1700 0611 74726163 		.ascii	"trace_buffer\000"
 1700      655F6275 
 1700      66666572 
 1700      00
 1701              	.LASF126:
 1702 061e 6C776970 		.ascii	"lwip_init\000"
 1702      5F696E69 
 1702      7400
 1703              	.LASF110:
 1704 0628 6D5F6F77 		.ascii	"m_owner\000"
 1704      6E657200 
 1705              	.LASF89:
 1706 0630 73655F77 		.ascii	"se_wtobjp\000"
 1706      746F626A 
 1706      7000
 1707              	.LASF30:
 1708 063a 705F6374 		.ascii	"p_ctx\000"
 1708      7800
 1709              	.LASF38:
 1710 0640 705F7761 		.ascii	"p_waiting\000"
 1710      6974696E 
 1710      6700
 1711              		.ident	"GCC: (GNU Tools for ARM Embedded Processors) 4.9.3 20141119 (release) [ARM/embedded-4_9-br
ARM GAS  C:\Users\jo\AppData\Local\Temp\cc7NiGi7.s 			page 36


DEFINED SYMBOLS
                            *ABS*:00000000 init.c
C:\Users\jo\AppData\Local\Temp\cc7NiGi7.s:19     .text.lwip_init:00000000 $t
C:\Users\jo\AppData\Local\Temp\cc7NiGi7.s:25     .text.lwip_init:00000000 lwip_init
                     .debug_frame:00000010 $d

UNDEFINED SYMBOLS
stats_init
sys_init
netif_init
lwip_socket_init
udp_init
tcp_init
sys_timeouts_init
