ARM GAS  C:\Users\jo\AppData\Local\Temp\ccKZnqID.s 			page 1


   1              		.syntax unified
   2              		.cpu cortex-m4
   3              		.fpu softvfp
   4              		.eabi_attribute 20, 1
   5              		.eabi_attribute 21, 1
   6              		.eabi_attribute 23, 3
   7              		.eabi_attribute 24, 1
   8              		.eabi_attribute 25, 1
   9              		.eabi_attribute 26, 1
  10              		.eabi_attribute 30, 2
  11              		.eabi_attribute 34, 1
  12              		.eabi_attribute 18, 4
  13              		.thumb
  14              		.file	"memp.c"
  15              		.text
  16              	.Ltext0:
  17              		.cfi_sections	.debug_frame
  18              		.global	memp_sizes
  19              		.section	.rodata.memp_sizes,"a",%progbits
  20              		.align	2
  21              		.type	memp_sizes, %object
  22              		.size	memp_sizes, 26
  23              	memp_sizes:
  24 0000 2000     		.short	32
  25 0002 9800     		.short	152
  26 0004 1C00     		.short	28
  27 0006 1400     		.short	20
  28 0008 2000     		.short	32
  29 000a 1800     		.short	24
  30 000c 1000     		.short	16
  31 000e 2C00     		.short	44
  32 0010 1400     		.short	20
  33 0012 1400     		.short	20
  34 0014 1000     		.short	16
  35 0016 1000     		.short	16
  36 0018 FC05     		.short	1532
  37 001a 0000     		.text
  38              	.Letext0:
  39              		.file 1 "c:\\program files\\gnu tools arm embedded\\4.9 2014q4\\lib\\gcc\\arm-none-eabi\\4.9.3\\in
  40              		.file 2 "c:\\program files\\gnu tools arm embedded\\4.9 2014q4\\arm-none-eabi\\include\\machine\\_
  41              		.file 3 "c:\\program files\\gnu tools arm embedded\\4.9 2014q4\\arm-none-eabi\\include\\stdint.h"
  42              		.file 4 "../../../os/rt/ports/ARMCMx/compilers/GCC/chtypes.h"
  43              		.file 5 "../../../os/rt/include/chsystypes.h"
  44              		.file 6 "../../../os/rt/include/chschd.h"
  45              		.file 7 "../../../os/rt/ports/ARMCMx/chcore.h"
  46              		.file 8 "../../../os/rt/ports/ARMCMx/chcore_v7m.h"
  47              		.file 9 "../../../os/rt/include/chdebug.h"
  48              		.file 10 "../../../os/rt/include/chtm.h"
  49              		.file 11 "../../../os/rt/include/chsem.h"
  50              		.file 12 "../../../os/rt/include/chmtx.h"
  51              		.file 13 "../../../os/various/lwip_bindings/arch/cc.h"
  52              		.file 14 "../../../os/ext/CMSIS/include/core_cm4.h"
  53              		.file 15 "../../../ext/lwip/src/core/memp.c"
  54              		.file 16 "../../../ext/lwip/src/include/lwip/memp.h"
  55              		.section	.debug_info,"",%progbits
  56              	.Ldebug_info0:
  57 0000 AD070000 		.4byte	0x7ad
ARM GAS  C:\Users\jo\AppData\Local\Temp\ccKZnqID.s 			page 2


  58 0004 0400     		.2byte	0x4
  59 0006 00000000 		.4byte	.Ldebug_abbrev0
  60 000a 04       		.byte	0x4
  61 000b 01       		.uleb128 0x1
  62 000c B3020000 		.4byte	.LASF135
  63 0010 01       		.byte	0x1
  64 0011 4B040000 		.4byte	.LASF136
  65 0015 CC000000 		.4byte	.LASF137
  66 0019 00000000 		.4byte	.Ldebug_line0
  67 001d 02       		.uleb128 0x2
  68 001e 04       		.byte	0x4
  69 001f 05       		.byte	0x5
  70 0020 696E7400 		.ascii	"int\000"
  71 0024 03       		.uleb128 0x3
  72 0025 0D000000 		.4byte	.LASF2
  73 0029 01       		.byte	0x1
  74 002a D4       		.byte	0xd4
  75 002b 2F000000 		.4byte	0x2f
  76 002f 04       		.uleb128 0x4
  77 0030 04       		.byte	0x4
  78 0031 07       		.byte	0x7
  79 0032 05020000 		.4byte	.LASF0
  80 0036 04       		.uleb128 0x4
  81 0037 01       		.byte	0x1
  82 0038 06       		.byte	0x6
  83 0039 28010000 		.4byte	.LASF1
  84 003d 03       		.uleb128 0x3
  85 003e 24000000 		.4byte	.LASF3
  86 0042 02       		.byte	0x2
  87 0043 1D       		.byte	0x1d
  88 0044 48000000 		.4byte	0x48
  89 0048 04       		.uleb128 0x4
  90 0049 01       		.byte	0x1
  91 004a 08       		.byte	0x8
  92 004b 2B060000 		.4byte	.LASF4
  93 004f 04       		.uleb128 0x4
  94 0050 02       		.byte	0x2
  95 0051 05       		.byte	0x5
  96 0052 C6040000 		.4byte	.LASF5
  97 0056 03       		.uleb128 0x3
  98 0057 A2050000 		.4byte	.LASF6
  99 005b 02       		.byte	0x2
 100 005c 2B       		.byte	0x2b
 101 005d 61000000 		.4byte	0x61
 102 0061 04       		.uleb128 0x4
 103 0062 02       		.byte	0x2
 104 0063 07       		.byte	0x7
 105 0064 43020000 		.4byte	.LASF7
 106 0068 03       		.uleb128 0x3
 107 0069 A9020000 		.4byte	.LASF8
 108 006d 02       		.byte	0x2
 109 006e 3F       		.byte	0x3f
 110 006f 73000000 		.4byte	0x73
 111 0073 04       		.uleb128 0x4
 112 0074 04       		.byte	0x4
 113 0075 05       		.byte	0x5
 114 0076 6D010000 		.4byte	.LASF9
ARM GAS  C:\Users\jo\AppData\Local\Temp\ccKZnqID.s 			page 3


 115 007a 03       		.uleb128 0x3
 116 007b FC050000 		.4byte	.LASF10
 117 007f 02       		.byte	0x2
 118 0080 41       		.byte	0x41
 119 0081 85000000 		.4byte	0x85
 120 0085 04       		.uleb128 0x4
 121 0086 04       		.byte	0x4
 122 0087 07       		.byte	0x7
 123 0088 34010000 		.4byte	.LASF11
 124 008c 04       		.uleb128 0x4
 125 008d 08       		.byte	0x8
 126 008e 05       		.byte	0x5
 127 008f 1A010000 		.4byte	.LASF12
 128 0093 03       		.uleb128 0x3
 129 0094 2E040000 		.4byte	.LASF13
 130 0098 02       		.byte	0x2
 131 0099 5B       		.byte	0x5b
 132 009a 9E000000 		.4byte	0x9e
 133 009e 04       		.uleb128 0x4
 134 009f 08       		.byte	0x8
 135 00a0 07       		.byte	0x7
 136 00a1 41000000 		.4byte	.LASF14
 137 00a5 03       		.uleb128 0x3
 138 00a6 7E060000 		.4byte	.LASF15
 139 00aa 03       		.byte	0x3
 140 00ab 15       		.byte	0x15
 141 00ac 3D000000 		.4byte	0x3d
 142 00b0 03       		.uleb128 0x3
 143 00b1 85010000 		.4byte	.LASF16
 144 00b5 03       		.byte	0x3
 145 00b6 21       		.byte	0x21
 146 00b7 56000000 		.4byte	0x56
 147 00bb 03       		.uleb128 0x3
 148 00bc A2040000 		.4byte	.LASF17
 149 00c0 03       		.byte	0x3
 150 00c1 2C       		.byte	0x2c
 151 00c2 68000000 		.4byte	0x68
 152 00c6 03       		.uleb128 0x3
 153 00c7 4D050000 		.4byte	.LASF18
 154 00cb 03       		.byte	0x3
 155 00cc 2D       		.byte	0x2d
 156 00cd 7A000000 		.4byte	0x7a
 157 00d1 03       		.uleb128 0x3
 158 00d2 1B000000 		.4byte	.LASF19
 159 00d6 03       		.byte	0x3
 160 00d7 39       		.byte	0x39
 161 00d8 93000000 		.4byte	0x93
 162 00dc 05       		.uleb128 0x5
 163 00dd BB000000 		.4byte	0xbb
 164 00e1 03       		.uleb128 0x3
 165 00e2 A8030000 		.4byte	.LASF20
 166 00e6 04       		.byte	0x4
 167 00e7 45       		.byte	0x45
 168 00e8 C6000000 		.4byte	0xc6
 169 00ec 03       		.uleb128 0x3
 170 00ed 87020000 		.4byte	.LASF21
 171 00f1 04       		.byte	0x4
ARM GAS  C:\Users\jo\AppData\Local\Temp\ccKZnqID.s 			page 4


 172 00f2 48       		.byte	0x48
 173 00f3 A5000000 		.4byte	0xa5
 174 00f7 03       		.uleb128 0x3
 175 00f8 76010000 		.4byte	.LASF22
 176 00fc 04       		.byte	0x4
 177 00fd 49       		.byte	0x49
 178 00fe A5000000 		.4byte	0xa5
 179 0102 03       		.uleb128 0x3
 180 0103 39040000 		.4byte	.LASF23
 181 0107 04       		.byte	0x4
 182 0108 4A       		.byte	0x4a
 183 0109 A5000000 		.4byte	0xa5
 184 010d 03       		.uleb128 0x3
 185 010e 84040000 		.4byte	.LASF24
 186 0112 04       		.byte	0x4
 187 0113 4C       		.byte	0x4c
 188 0114 C6000000 		.4byte	0xc6
 189 0118 03       		.uleb128 0x3
 190 0119 75020000 		.4byte	.LASF25
 191 011d 04       		.byte	0x4
 192 011e 4D       		.byte	0x4d
 193 011f BB000000 		.4byte	0xbb
 194 0123 03       		.uleb128 0x3
 195 0124 9D020000 		.4byte	.LASF26
 196 0128 04       		.byte	0x4
 197 0129 4F       		.byte	0x4f
 198 012a C6000000 		.4byte	0xc6
 199 012e 03       		.uleb128 0x3
 200 012f E5010000 		.4byte	.LASF27
 201 0133 04       		.byte	0x4
 202 0134 51       		.byte	0x51
 203 0135 BB000000 		.4byte	0xbb
 204 0139 03       		.uleb128 0x3
 205 013a DE050000 		.4byte	.LASF28
 206 013e 05       		.byte	0x5
 207 013f 33       		.byte	0x33
 208 0140 C6000000 		.4byte	0xc6
 209 0144 03       		.uleb128 0x3
 210 0145 CE050000 		.4byte	.LASF29
 211 0149 05       		.byte	0x5
 212 014a 3F       		.byte	0x3f
 213 014b 4F010000 		.4byte	0x14f
 214 014f 06       		.uleb128 0x6
 215 0150 56020000 		.4byte	.LASF50
 216 0154 48       		.byte	0x48
 217 0155 06       		.byte	0x6
 218 0156 C2       		.byte	0xc2
 219 0157 48020000 		.4byte	0x248
 220 015b 07       		.uleb128 0x7
 221 015c E6040000 		.4byte	.LASF30
 222 0160 06       		.byte	0x6
 223 0161 C3       		.byte	0xc3
 224 0162 53020000 		.4byte	0x253
 225 0166 00       		.byte	0
 226 0167 07       		.uleb128 0x7
 227 0168 7D040000 		.4byte	.LASF31
 228 016c 06       		.byte	0x6
ARM GAS  C:\Users\jo\AppData\Local\Temp\ccKZnqID.s 			page 5


 229 016d C5       		.byte	0xc5
 230 016e 53020000 		.4byte	0x253
 231 0172 04       		.byte	0x4
 232 0173 07       		.uleb128 0x7
 233 0174 C5000000 		.4byte	.LASF32
 234 0178 06       		.byte	0x6
 235 0179 C7       		.byte	0xc7
 236 017a 0D010000 		.4byte	0x10d
 237 017e 08       		.byte	0x8
 238 017f 07       		.uleb128 0x7
 239 0180 D5060000 		.4byte	.LASF33
 240 0184 06       		.byte	0x6
 241 0185 C8       		.byte	0xc8
 242 0186 AE040000 		.4byte	0x4ae
 243 018a 0C       		.byte	0xc
 244 018b 07       		.uleb128 0x7
 245 018c 9B010000 		.4byte	.LASF34
 246 0190 06       		.byte	0x6
 247 0191 CA       		.byte	0xca
 248 0192 53020000 		.4byte	0x253
 249 0196 10       		.byte	0x10
 250 0197 07       		.uleb128 0x7
 251 0198 FD030000 		.4byte	.LASF35
 252 019c 06       		.byte	0x6
 253 019d CB       		.byte	0xcb
 254 019e 53020000 		.4byte	0x253
 255 01a2 14       		.byte	0x14
 256 01a3 07       		.uleb128 0x7
 257 01a4 98060000 		.4byte	.LASF36
 258 01a8 06       		.byte	0x6
 259 01a9 D2       		.byte	0xd2
 260 01aa C0060000 		.4byte	0x6c0
 261 01ae 18       		.byte	0x18
 262 01af 07       		.uleb128 0x7
 263 01b0 FA010000 		.4byte	.LASF37
 264 01b4 06       		.byte	0x6
 265 01b5 D8       		.byte	0xd8
 266 01b6 D2060000 		.4byte	0x6d2
 267 01ba 1C       		.byte	0x1c
 268 01bb 07       		.uleb128 0x7
 269 01bc D0040000 		.4byte	.LASF38
 270 01c0 06       		.byte	0x6
 271 01c1 DD       		.byte	0xdd
 272 01c2 F7000000 		.4byte	0xf7
 273 01c6 20       		.byte	0x20
 274 01c7 07       		.uleb128 0x7
 275 01c8 ED040000 		.4byte	.LASF39
 276 01cc 06       		.byte	0x6
 277 01cd E1       		.byte	0xe1
 278 01ce EC000000 		.4byte	0xec
 279 01d2 21       		.byte	0x21
 280 01d3 07       		.uleb128 0x7
 281 01d4 61060000 		.4byte	.LASF40
 282 01d8 06       		.byte	0x6
 283 01d9 E6       		.byte	0xe6
 284 01da 02010000 		.4byte	0x102
 285 01de 22       		.byte	0x22
ARM GAS  C:\Users\jo\AppData\Local\Temp\ccKZnqID.s 			page 6


 286 01df 08       		.uleb128 0x8
 287 01e0 705F7500 		.ascii	"p_u\000"
 288 01e4 06       		.byte	0x6
 289 01e5 3101     		.2byte	0x131
 290 01e7 FB050000 		.4byte	0x5fb
 291 01eb 24       		.byte	0x24
 292 01ec 09       		.uleb128 0x9
 293 01ed DB060000 		.4byte	.LASF41
 294 01f1 06       		.byte	0x6
 295 01f2 3601     		.2byte	0x136
 296 01f4 59020000 		.4byte	0x259
 297 01f8 28       		.byte	0x28
 298 01f9 09       		.uleb128 0x9
 299 01fa 39060000 		.4byte	.LASF42
 300 01fe 06       		.byte	0x6
 301 01ff 3C01     		.2byte	0x13c
 302 0201 7D020000 		.4byte	0x27d
 303 0205 2C       		.byte	0x2c
 304 0206 09       		.uleb128 0x9
 305 0207 BB060000 		.4byte	.LASF43
 306 020b 06       		.byte	0x6
 307 020c 4001     		.2byte	0x140
 308 020e 18010000 		.4byte	0x118
 309 0212 34       		.byte	0x34
 310 0213 09       		.uleb128 0x9
 311 0214 31050000 		.4byte	.LASF44
 312 0218 06       		.byte	0x6
 313 0219 4601     		.2byte	0x146
 314 021b 23010000 		.4byte	0x123
 315 021f 38       		.byte	0x38
 316 0220 09       		.uleb128 0x9
 317 0221 BC040000 		.4byte	.LASF45
 318 0225 06       		.byte	0x6
 319 0226 4D01     		.2byte	0x14d
 320 0228 BA060000 		.4byte	0x6ba
 321 022c 3C       		.byte	0x3c
 322 022d 09       		.uleb128 0x9
 323 022e E8050000 		.4byte	.LASF46
 324 0232 06       		.byte	0x6
 325 0233 5101     		.2byte	0x151
 326 0235 0D010000 		.4byte	0x10d
 327 0239 40       		.byte	0x40
 328 023a 09       		.uleb128 0x9
 329 023b 46010000 		.4byte	.LASF47
 330 023f 06       		.byte	0x6
 331 0240 5801     		.2byte	0x158
 332 0242 30030000 		.4byte	0x330
 333 0246 44       		.byte	0x44
 334 0247 00       		.byte	0
 335 0248 03       		.uleb128 0x3
 336 0249 B0030000 		.4byte	.LASF48
 337 024d 05       		.byte	0x5
 338 024e 44       		.byte	0x44
 339 024f 53020000 		.4byte	0x253
 340 0253 0A       		.uleb128 0xa
 341 0254 04       		.byte	0x4
 342 0255 44010000 		.4byte	0x144
ARM GAS  C:\Users\jo\AppData\Local\Temp\ccKZnqID.s 			page 7


 343 0259 03       		.uleb128 0x3
 344 025a 9F060000 		.4byte	.LASF49
 345 025e 05       		.byte	0x5
 346 025f 49       		.byte	0x49
 347 0260 64020000 		.4byte	0x264
 348 0264 06       		.uleb128 0x6
 349 0265 6E050000 		.4byte	.LASF51
 350 0269 04       		.byte	0x4
 351 026a 06       		.byte	0x6
 352 026b B0       		.byte	0xb0
 353 026c 7D020000 		.4byte	0x27d
 354 0270 07       		.uleb128 0x7
 355 0271 E6040000 		.4byte	.LASF30
 356 0275 06       		.byte	0x6
 357 0276 B1       		.byte	0xb1
 358 0277 53020000 		.4byte	0x253
 359 027b 00       		.byte	0
 360 027c 00       		.byte	0
 361 027d 03       		.uleb128 0x3
 362 027e 51060000 		.4byte	.LASF52
 363 0282 05       		.byte	0x5
 364 0283 50       		.byte	0x50
 365 0284 88020000 		.4byte	0x288
 366 0288 06       		.uleb128 0x6
 367 0289 B4000000 		.4byte	.LASF53
 368 028d 08       		.byte	0x8
 369 028e 06       		.byte	0x6
 370 028f B7       		.byte	0xb7
 371 0290 AD020000 		.4byte	0x2ad
 372 0294 07       		.uleb128 0x7
 373 0295 E6040000 		.4byte	.LASF30
 374 0299 06       		.byte	0x6
 375 029a B8       		.byte	0xb8
 376 029b 53020000 		.4byte	0x253
 377 029f 00       		.byte	0
 378 02a0 07       		.uleb128 0x7
 379 02a1 7D040000 		.4byte	.LASF31
 380 02a5 06       		.byte	0x6
 381 02a6 B9       		.byte	0xb9
 382 02a7 53020000 		.4byte	0x253
 383 02ab 04       		.byte	0x4
 384 02ac 00       		.byte	0
 385 02ad 03       		.uleb128 0x3
 386 02ae 00000000 		.4byte	.LASF54
 387 02b2 05       		.byte	0x5
 388 02b3 57       		.byte	0x57
 389 02b4 B8020000 		.4byte	0x2b8
 390 02b8 0B       		.uleb128 0xb
 391 02b9 8F020000 		.4byte	.LASF55
 392 02bd 1C       		.byte	0x1c
 393 02be 06       		.byte	0x6
 394 02bf 9001     		.2byte	0x190
 395 02c1 14030000 		.4byte	0x314
 396 02c5 09       		.uleb128 0x9
 397 02c6 5D050000 		.4byte	.LASF56
 398 02ca 06       		.byte	0x6
 399 02cb 9101     		.2byte	0x191
ARM GAS  C:\Users\jo\AppData\Local\Temp\ccKZnqID.s 			page 8


 400 02cd 7D020000 		.4byte	0x27d
 401 02d1 00       		.byte	0
 402 02d2 09       		.uleb128 0x9
 403 02d3 D8040000 		.4byte	.LASF57
 404 02d7 06       		.byte	0x6
 405 02d8 9201     		.2byte	0x192
 406 02da 0D010000 		.4byte	0x10d
 407 02de 08       		.byte	0x8
 408 02df 09       		.uleb128 0x9
 409 02e0 05040000 		.4byte	.LASF58
 410 02e4 06       		.byte	0x6
 411 02e5 9401     		.2byte	0x194
 412 02e7 AE040000 		.4byte	0x4ae
 413 02eb 0C       		.byte	0xc
 414 02ec 09       		.uleb128 0x9
 415 02ed B3010000 		.4byte	.LASF59
 416 02f1 06       		.byte	0x6
 417 02f2 9701     		.2byte	0x197
 418 02f4 53020000 		.4byte	0x253
 419 02f8 10       		.byte	0x10
 420 02f9 09       		.uleb128 0x9
 421 02fa 26040000 		.4byte	.LASF60
 422 02fe 06       		.byte	0x6
 423 02ff 9801     		.2byte	0x198
 424 0301 53020000 		.4byte	0x253
 425 0305 14       		.byte	0x14
 426 0306 09       		.uleb128 0x9
 427 0307 1C040000 		.4byte	.LASF61
 428 030b 06       		.byte	0x6
 429 030c 9B01     		.2byte	0x19b
 430 030e 53020000 		.4byte	0x253
 431 0312 18       		.byte	0x18
 432 0313 00       		.byte	0
 433 0314 03       		.uleb128 0x3
 434 0315 F3050000 		.4byte	.LASF62
 435 0319 05       		.byte	0x5
 436 031a 5C       		.byte	0x5c
 437 031b 1F030000 		.4byte	0x31f
 438 031f 0A       		.uleb128 0xa
 439 0320 04       		.byte	0x4
 440 0321 25030000 		.4byte	0x325
 441 0325 0C       		.uleb128 0xc
 442 0326 30030000 		.4byte	0x330
 443 032a 0D       		.uleb128 0xd
 444 032b 30030000 		.4byte	0x330
 445 032f 00       		.byte	0
 446 0330 0E       		.uleb128 0xe
 447 0331 04       		.byte	0x4
 448 0332 03       		.uleb128 0x3
 449 0333 6D040000 		.4byte	.LASF63
 450 0337 05       		.byte	0x5
 451 0338 61       		.byte	0x61
 452 0339 3D030000 		.4byte	0x33d
 453 033d 0B       		.uleb128 0xb
 454 033e 04050000 		.4byte	.LASF64
 455 0342 14       		.byte	0x14
 456 0343 06       		.byte	0x6
ARM GAS  C:\Users\jo\AppData\Local\Temp\ccKZnqID.s 			page 9


 457 0344 6B01     		.2byte	0x16b
 458 0346 8C030000 		.4byte	0x38c
 459 034a 09       		.uleb128 0x9
 460 034b 28020000 		.4byte	.LASF65
 461 034f 06       		.byte	0x6
 462 0350 6C01     		.2byte	0x16c
 463 0352 D8060000 		.4byte	0x6d8
 464 0356 00       		.byte	0
 465 0357 09       		.uleb128 0x9
 466 0358 C4010000 		.4byte	.LASF66
 467 035c 06       		.byte	0x6
 468 035d 6D01     		.2byte	0x16d
 469 035f D8060000 		.4byte	0x6d8
 470 0363 04       		.byte	0x4
 471 0364 09       		.uleb128 0x9
 472 0365 65050000 		.4byte	.LASF67
 473 0369 06       		.byte	0x6
 474 036a 6E01     		.2byte	0x16e
 475 036c 39010000 		.4byte	0x139
 476 0370 08       		.byte	0x8
 477 0371 09       		.uleb128 0x9
 478 0372 DA030000 		.4byte	.LASF68
 479 0376 06       		.byte	0x6
 480 0377 6F01     		.2byte	0x16f
 481 0379 14030000 		.4byte	0x314
 482 037d 0C       		.byte	0xc
 483 037e 09       		.uleb128 0x9
 484 037f 44060000 		.4byte	.LASF69
 485 0383 06       		.byte	0x6
 486 0384 7101     		.2byte	0x171
 487 0386 30030000 		.4byte	0x330
 488 038a 10       		.byte	0x10
 489 038b 00       		.byte	0
 490 038c 03       		.uleb128 0x3
 491 038d 91000000 		.4byte	.LASF70
 492 0391 05       		.byte	0x5
 493 0392 66       		.byte	0x66
 494 0393 97030000 		.4byte	0x397
 495 0397 0B       		.uleb128 0xb
 496 0398 C3030000 		.4byte	.LASF71
 497 039c 10       		.byte	0x10
 498 039d 06       		.byte	0x6
 499 039e 7B01     		.2byte	0x17b
 500 03a0 D9030000 		.4byte	0x3d9
 501 03a4 09       		.uleb128 0x9
 502 03a5 28020000 		.4byte	.LASF65
 503 03a9 06       		.byte	0x6
 504 03aa 7C01     		.2byte	0x17c
 505 03ac D8060000 		.4byte	0x6d8
 506 03b0 00       		.byte	0
 507 03b1 09       		.uleb128 0x9
 508 03b2 C4010000 		.4byte	.LASF66
 509 03b6 06       		.byte	0x6
 510 03b7 7E01     		.2byte	0x17e
 511 03b9 D8060000 		.4byte	0x6d8
 512 03bd 04       		.byte	0x4
 513 03be 09       		.uleb128 0x9
ARM GAS  C:\Users\jo\AppData\Local\Temp\ccKZnqID.s 			page 10


 514 03bf 65050000 		.4byte	.LASF67
 515 03c3 06       		.byte	0x6
 516 03c4 8001     		.2byte	0x180
 517 03c6 39010000 		.4byte	0x139
 518 03ca 08       		.byte	0x8
 519 03cb 09       		.uleb128 0x9
 520 03cc F1030000 		.4byte	.LASF72
 521 03d0 06       		.byte	0x6
 522 03d1 8801     		.2byte	0x188
 523 03d3 39010000 		.4byte	0x139
 524 03d7 0C       		.byte	0xc
 525 03d8 00       		.byte	0
 526 03d9 03       		.uleb128 0x3
 527 03da 19020000 		.4byte	.LASF73
 528 03de 05       		.byte	0x5
 529 03df 6B       		.byte	0x6b
 530 03e0 E4030000 		.4byte	0x3e4
 531 03e4 0F       		.uleb128 0xf
 532 03e5 8C040000 		.4byte	.LASF74
 533 03e9 1404     		.2byte	0x414
 534 03eb 06       		.byte	0x6
 535 03ec A201     		.2byte	0x1a2
 536 03ee 27040000 		.4byte	0x427
 537 03f2 09       		.uleb128 0x9
 538 03f3 07060000 		.4byte	.LASF75
 539 03f7 06       		.byte	0x6
 540 03f8 AA01     		.2byte	0x1aa
 541 03fa DE060000 		.4byte	0x6de
 542 03fe 00       		.byte	0
 543 03ff 09       		.uleb128 0x9
 544 0400 68060000 		.4byte	.LASF76
 545 0404 06       		.byte	0x6
 546 0405 AF01     		.2byte	0x1af
 547 0407 2E010000 		.4byte	0x12e
 548 040b 04       		.byte	0x4
 549 040c 09       		.uleb128 0x9
 550 040d D4010000 		.4byte	.LASF77
 551 0411 06       		.byte	0x6
 552 0412 B301     		.2byte	0x1b3
 553 0414 2E010000 		.4byte	0x12e
 554 0418 08       		.byte	0x8
 555 0419 09       		.uleb128 0x9
 556 041a AE060000 		.4byte	.LASF78
 557 041e 06       		.byte	0x6
 558 041f B901     		.2byte	0x1b9
 559 0421 D0050000 		.4byte	0x5d0
 560 0425 0C       		.byte	0xc
 561 0426 00       		.byte	0
 562 0427 03       		.uleb128 0x3
 563 0428 7B020000 		.4byte	.LASF79
 564 042c 05       		.byte	0x5
 565 042d 70       		.byte	0x70
 566 042e 32040000 		.4byte	0x432
 567 0432 0F       		.uleb128 0xf
 568 0433 63010000 		.4byte	.LASF80
 569 0437 7005     		.2byte	0x570
 570 0439 06       		.byte	0x6
ARM GAS  C:\Users\jo\AppData\Local\Temp\ccKZnqID.s 			page 11


 571 043a C201     		.2byte	0x1c2
 572 043c 91040000 		.4byte	0x491
 573 0440 09       		.uleb128 0x9
 574 0441 70060000 		.4byte	.LASF81
 575 0445 06       		.byte	0x6
 576 0446 C601     		.2byte	0x1c6
 577 0448 AD020000 		.4byte	0x2ad
 578 044c 00       		.byte	0
 579 044d 09       		.uleb128 0x9
 580 044e 3A000000 		.4byte	.LASF82
 581 0452 06       		.byte	0x6
 582 0453 CA01     		.2byte	0x1ca
 583 0455 8C030000 		.4byte	0x38c
 584 0459 1C       		.byte	0x1c
 585 045a 08       		.uleb128 0x8
 586 045b 64626700 		.ascii	"dbg\000"
 587 045f 06       		.byte	0x6
 588 0460 CE01     		.2byte	0x1ce
 589 0462 D9030000 		.4byte	0x3d9
 590 0466 2C       		.byte	0x2c
 591 0467 10       		.uleb128 0x10
 592 0468 79000000 		.4byte	.LASF83
 593 046c 06       		.byte	0x6
 594 046d D201     		.2byte	0x1d2
 595 046f 44010000 		.4byte	0x144
 596 0473 4004     		.2byte	0x440
 597 0475 11       		.uleb128 0x11
 598 0476 746D00   		.ascii	"tm\000"
 599 0479 06       		.byte	0x6
 600 047a D701     		.2byte	0x1d7
 601 047c F0050000 		.4byte	0x5f0
 602 0480 8804     		.2byte	0x488
 603 0482 10       		.uleb128 0x10
 604 0483 F5040000 		.4byte	.LASF84
 605 0487 06       		.byte	0x6
 606 0488 E301     		.2byte	0x1e3
 607 048a E3060000 		.4byte	0x6e3
 608 048e 9004     		.2byte	0x490
 609 0490 00       		.byte	0
 610 0491 04       		.uleb128 0x4
 611 0492 04       		.byte	0x4
 612 0493 07       		.byte	0x7
 613 0494 86060000 		.4byte	.LASF85
 614 0498 03       		.uleb128 0x3
 615 0499 BB010000 		.4byte	.LASF86
 616 049d 07       		.byte	0x7
 617 049e 65       		.byte	0x65
 618 049f 30030000 		.4byte	0x330
 619 04a3 03       		.uleb128 0x3
 620 04a4 8D030000 		.4byte	.LASF87
 621 04a8 07       		.byte	0x7
 622 04a9 6D       		.byte	0x6d
 623 04aa D1000000 		.4byte	0xd1
 624 04ae 06       		.uleb128 0x6
 625 04af 23060000 		.4byte	.LASF88
 626 04b3 04       		.byte	0x4
 627 04b4 07       		.byte	0x7
ARM GAS  C:\Users\jo\AppData\Local\Temp\ccKZnqID.s 			page 12


 628 04b5 89       		.byte	0x89
 629 04b6 C7040000 		.4byte	0x4c7
 630 04ba 12       		.uleb128 0x12
 631 04bb 72313300 		.ascii	"r13\000"
 632 04bf 07       		.byte	0x7
 633 04c0 8A       		.byte	0x8a
 634 04c1 42050000 		.4byte	0x542
 635 04c5 00       		.byte	0
 636 04c6 00       		.byte	0
 637 04c7 06       		.uleb128 0x6
 638 04c8 2E000000 		.4byte	.LASF89
 639 04cc 24       		.byte	0x24
 640 04cd 08       		.byte	0x8
 641 04ce F4       		.byte	0xf4
 642 04cf 42050000 		.4byte	0x542
 643 04d3 08       		.uleb128 0x8
 644 04d4 723400   		.ascii	"r4\000"
 645 04d7 08       		.byte	0x8
 646 04d8 0701     		.2byte	0x107
 647 04da 98040000 		.4byte	0x498
 648 04de 00       		.byte	0
 649 04df 08       		.uleb128 0x8
 650 04e0 723500   		.ascii	"r5\000"
 651 04e3 08       		.byte	0x8
 652 04e4 0801     		.2byte	0x108
 653 04e6 98040000 		.4byte	0x498
 654 04ea 04       		.byte	0x4
 655 04eb 08       		.uleb128 0x8
 656 04ec 723600   		.ascii	"r6\000"
 657 04ef 08       		.byte	0x8
 658 04f0 0901     		.2byte	0x109
 659 04f2 98040000 		.4byte	0x498
 660 04f6 08       		.byte	0x8
 661 04f7 08       		.uleb128 0x8
 662 04f8 723700   		.ascii	"r7\000"
 663 04fb 08       		.byte	0x8
 664 04fc 0A01     		.2byte	0x10a
 665 04fe 98040000 		.4byte	0x498
 666 0502 0C       		.byte	0xc
 667 0503 08       		.uleb128 0x8
 668 0504 723800   		.ascii	"r8\000"
 669 0507 08       		.byte	0x8
 670 0508 0B01     		.2byte	0x10b
 671 050a 98040000 		.4byte	0x498
 672 050e 10       		.byte	0x10
 673 050f 08       		.uleb128 0x8
 674 0510 723900   		.ascii	"r9\000"
 675 0513 08       		.byte	0x8
 676 0514 0C01     		.2byte	0x10c
 677 0516 98040000 		.4byte	0x498
 678 051a 14       		.byte	0x14
 679 051b 08       		.uleb128 0x8
 680 051c 72313000 		.ascii	"r10\000"
 681 0520 08       		.byte	0x8
 682 0521 0D01     		.2byte	0x10d
 683 0523 98040000 		.4byte	0x498
 684 0527 18       		.byte	0x18
ARM GAS  C:\Users\jo\AppData\Local\Temp\ccKZnqID.s 			page 13


 685 0528 08       		.uleb128 0x8
 686 0529 72313100 		.ascii	"r11\000"
 687 052d 08       		.byte	0x8
 688 052e 0E01     		.2byte	0x10e
 689 0530 98040000 		.4byte	0x498
 690 0534 1C       		.byte	0x1c
 691 0535 08       		.uleb128 0x8
 692 0536 6C7200   		.ascii	"lr\000"
 693 0539 08       		.byte	0x8
 694 053a 0F01     		.2byte	0x10f
 695 053c 98040000 		.4byte	0x498
 696 0540 20       		.byte	0x20
 697 0541 00       		.byte	0
 698 0542 0A       		.uleb128 0xa
 699 0543 04       		.byte	0x4
 700 0544 C7040000 		.4byte	0x4c7
 701 0548 13       		.uleb128 0x13
 702 0549 10       		.byte	0x10
 703 054a 09       		.byte	0x9
 704 054b 51       		.byte	0x51
 705 054c 81050000 		.4byte	0x581
 706 0550 07       		.uleb128 0x7
 707 0551 DD010000 		.4byte	.LASF90
 708 0555 09       		.byte	0x9
 709 0556 55       		.byte	0x55
 710 0557 39010000 		.4byte	0x139
 711 055b 00       		.byte	0
 712 055c 07       		.uleb128 0x7
 713 055d 7F010000 		.4byte	.LASF91
 714 0561 09       		.byte	0x9
 715 0562 59       		.byte	0x59
 716 0563 53020000 		.4byte	0x253
 717 0567 04       		.byte	0x4
 718 0568 07       		.uleb128 0x7
 719 0569 CB060000 		.4byte	.LASF92
 720 056d 09       		.byte	0x9
 721 056e 5D       		.byte	0x5d
 722 056f 30030000 		.4byte	0x330
 723 0573 08       		.byte	0x8
 724 0574 07       		.uleb128 0x7
 725 0575 58000000 		.4byte	.LASF93
 726 0579 09       		.byte	0x9
 727 057a 61       		.byte	0x61
 728 057b A5000000 		.4byte	0xa5
 729 057f 0C       		.byte	0xc
 730 0580 00       		.byte	0
 731 0581 03       		.uleb128 0x3
 732 0582 E2030000 		.4byte	.LASF94
 733 0586 09       		.byte	0x9
 734 0587 62       		.byte	0x62
 735 0588 48050000 		.4byte	0x548
 736 058c 14       		.uleb128 0x14
 737 058d 0804     		.2byte	0x408
 738 058f 09       		.byte	0x9
 739 0590 67       		.byte	0x67
 740 0591 BA050000 		.4byte	0x5ba
 741 0595 07       		.uleb128 0x7
ARM GAS  C:\Users\jo\AppData\Local\Temp\ccKZnqID.s 			page 14


 742 0596 AB010000 		.4byte	.LASF95
 743 059a 09       		.byte	0x9
 744 059b 6B       		.byte	0x6b
 745 059c 2F000000 		.4byte	0x2f
 746 05a0 00       		.byte	0
 747 05a1 07       		.uleb128 0x7
 748 05a2 A1030000 		.4byte	.LASF96
 749 05a6 09       		.byte	0x9
 750 05a7 6F       		.byte	0x6f
 751 05a8 BA050000 		.4byte	0x5ba
 752 05ac 04       		.byte	0x4
 753 05ad 07       		.uleb128 0x7
 754 05ae 41040000 		.4byte	.LASF97
 755 05b2 09       		.byte	0x9
 756 05b3 73       		.byte	0x73
 757 05b4 C0050000 		.4byte	0x5c0
 758 05b8 08       		.byte	0x8
 759 05b9 00       		.byte	0
 760 05ba 0A       		.uleb128 0xa
 761 05bb 04       		.byte	0x4
 762 05bc 81050000 		.4byte	0x581
 763 05c0 15       		.uleb128 0x15
 764 05c1 81050000 		.4byte	0x581
 765 05c5 D0050000 		.4byte	0x5d0
 766 05c9 16       		.uleb128 0x16
 767 05ca 91040000 		.4byte	0x491
 768 05ce 3F       		.byte	0x3f
 769 05cf 00       		.byte	0
 770 05d0 03       		.uleb128 0x3
 771 05d1 AA040000 		.4byte	.LASF98
 772 05d5 09       		.byte	0x9
 773 05d6 74       		.byte	0x74
 774 05d7 8C050000 		.4byte	0x58c
 775 05db 13       		.uleb128 0x13
 776 05dc 04       		.byte	0x4
 777 05dd 0A       		.byte	0xa
 778 05de 38       		.byte	0x38
 779 05df F0050000 		.4byte	0x5f0
 780 05e3 07       		.uleb128 0x7
 781 05e4 11060000 		.4byte	.LASF99
 782 05e8 0A       		.byte	0xa
 783 05e9 3C       		.byte	0x3c
 784 05ea E1000000 		.4byte	0xe1
 785 05ee 00       		.byte	0
 786 05ef 00       		.byte	0
 787 05f0 03       		.uleb128 0x3
 788 05f1 0B040000 		.4byte	.LASF100
 789 05f5 0A       		.byte	0xa
 790 05f6 3D       		.byte	0x3d
 791 05f7 DB050000 		.4byte	0x5db
 792 05fb 17       		.uleb128 0x17
 793 05fc 04       		.byte	0x4
 794 05fd 06       		.byte	0x6
 795 05fe FA       		.byte	0xfa
 796 05ff 58060000 		.4byte	0x658
 797 0603 18       		.uleb128 0x18
 798 0604 14000000 		.4byte	.LASF101
ARM GAS  C:\Users\jo\AppData\Local\Temp\ccKZnqID.s 			page 15


 799 0608 06       		.byte	0x6
 800 0609 0101     		.2byte	0x101
 801 060b 18010000 		.4byte	0x118
 802 060f 18       		.uleb128 0x18
 803 0610 61000000 		.4byte	.LASF102
 804 0614 06       		.byte	0x6
 805 0615 0801     		.2byte	0x108
 806 0617 18010000 		.4byte	0x118
 807 061b 18       		.uleb128 0x18
 808 061c 56010000 		.4byte	.LASF103
 809 0620 06       		.byte	0x6
 810 0621 0F01     		.2byte	0x10f
 811 0623 30030000 		.4byte	0x330
 812 0627 18       		.uleb128 0x18
 813 0628 5D010000 		.4byte	.LASF104
 814 062c 06       		.byte	0x6
 815 062d 1601     		.2byte	0x116
 816 062f 58060000 		.4byte	0x658
 817 0633 18       		.uleb128 0x18
 818 0634 12020000 		.4byte	.LASF105
 819 0638 06       		.byte	0x6
 820 0639 1E01     		.2byte	0x11e
 821 063b 83060000 		.4byte	0x683
 822 063f 18       		.uleb128 0x18
 823 0640 56050000 		.4byte	.LASF106
 824 0644 06       		.byte	0x6
 825 0645 2701     		.2byte	0x127
 826 0647 BA060000 		.4byte	0x6ba
 827 064b 18       		.uleb128 0x18
 828 064c DF040000 		.4byte	.LASF107
 829 0650 06       		.byte	0x6
 830 0651 2F01     		.2byte	0x12f
 831 0653 23010000 		.4byte	0x123
 832 0657 00       		.byte	0
 833 0658 0A       		.uleb128 0xa
 834 0659 04       		.byte	0x4
 835 065a 48020000 		.4byte	0x248
 836 065e 06       		.uleb128 0x6
 837 065f 24050000 		.4byte	.LASF108
 838 0663 0C       		.byte	0xc
 839 0664 0B       		.byte	0xb
 840 0665 34       		.byte	0x34
 841 0666 83060000 		.4byte	0x683
 842 066a 07       		.uleb128 0x7
 843 066b A3010000 		.4byte	.LASF109
 844 066f 0B       		.byte	0xb
 845 0670 35       		.byte	0x35
 846 0671 7D020000 		.4byte	0x27d
 847 0675 00       		.byte	0
 848 0676 07       		.uleb128 0x7
 849 0677 3D020000 		.4byte	.LASF110
 850 067b 0B       		.byte	0xb
 851 067c 37       		.byte	0x37
 852 067d 2E010000 		.4byte	0x12e
 853 0681 08       		.byte	0x8
 854 0682 00       		.byte	0
 855 0683 0A       		.uleb128 0xa
ARM GAS  C:\Users\jo\AppData\Local\Temp\ccKZnqID.s 			page 16


 856 0684 04       		.byte	0x4
 857 0685 5E060000 		.4byte	0x65e
 858 0689 06       		.uleb128 0x6
 859 068a 8F060000 		.4byte	.LASF111
 860 068e 10       		.byte	0x10
 861 068f 0C       		.byte	0xc
 862 0690 39       		.byte	0x39
 863 0691 BA060000 		.4byte	0x6ba
 864 0695 07       		.uleb128 0x7
 865 0696 4E010000 		.4byte	.LASF112
 866 069a 0C       		.byte	0xc
 867 069b 3A       		.byte	0x3a
 868 069c 7D020000 		.4byte	0x27d
 869 06a0 00       		.byte	0
 870 06a1 07       		.uleb128 0x7
 871 06a2 76060000 		.4byte	.LASF113
 872 06a6 0C       		.byte	0xc
 873 06a7 3C       		.byte	0x3c
 874 06a8 53020000 		.4byte	0x253
 875 06ac 08       		.byte	0x8
 876 06ad 07       		.uleb128 0x7
 877 06ae D7050000 		.4byte	.LASF114
 878 06b2 0C       		.byte	0xc
 879 06b3 3E       		.byte	0x3e
 880 06b4 FE060000 		.4byte	0x6fe
 881 06b8 0C       		.byte	0xc
 882 06b9 00       		.byte	0
 883 06ba 0A       		.uleb128 0xa
 884 06bb 04       		.byte	0x4
 885 06bc 89060000 		.4byte	0x689
 886 06c0 0A       		.uleb128 0xa
 887 06c1 04       		.byte	0x4
 888 06c2 C6060000 		.4byte	0x6c6
 889 06c6 19       		.uleb128 0x19
 890 06c7 CB060000 		.4byte	0x6cb
 891 06cb 04       		.uleb128 0x4
 892 06cc 01       		.byte	0x1
 893 06cd 08       		.byte	0x8
 894 06ce 91050000 		.4byte	.LASF115
 895 06d2 0A       		.uleb128 0xa
 896 06d3 04       		.byte	0x4
 897 06d4 A3040000 		.4byte	0x4a3
 898 06d8 0A       		.uleb128 0xa
 899 06d9 04       		.byte	0x4
 900 06da 32030000 		.4byte	0x332
 901 06de 05       		.uleb128 0x5
 902 06df C0060000 		.4byte	0x6c0
 903 06e3 15       		.uleb128 0x15
 904 06e4 A3040000 		.4byte	0x4a3
 905 06e8 F3060000 		.4byte	0x6f3
 906 06ec 16       		.uleb128 0x16
 907 06ed 91040000 		.4byte	0x491
 908 06f1 1B       		.byte	0x1b
 909 06f2 00       		.byte	0
 910 06f3 03       		.uleb128 0x3
 911 06f4 CC010000 		.4byte	.LASF116
 912 06f8 0C       		.byte	0xc
ARM GAS  C:\Users\jo\AppData\Local\Temp\ccKZnqID.s 			page 17


 913 06f9 34       		.byte	0x34
 914 06fa 89060000 		.4byte	0x689
 915 06fe 0A       		.uleb128 0xa
 916 06ff 04       		.byte	0x4
 917 0700 F3060000 		.4byte	0x6f3
 918 0704 04       		.uleb128 0x4
 919 0705 01       		.byte	0x1
 920 0706 02       		.byte	0x2
 921 0707 9C040000 		.4byte	.LASF117
 922 070b 03       		.uleb128 0x3
 923 070c 4B060000 		.4byte	.LASF118
 924 0710 0D       		.byte	0xd
 925 0711 41       		.byte	0x41
 926 0712 B0000000 		.4byte	0xb0
 927 0716 1A       		.uleb128 0x1a
 928 0717 01       		.byte	0x1
 929 0718 10       		.byte	0x10
 930 0719 2B       		.byte	0x2b
 931 071a 73070000 		.4byte	0x773
 932 071e 1B       		.uleb128 0x1b
 933 071f 8E010000 		.4byte	.LASF119
 934 0723 00       		.sleb128 0
 935 0724 1B       		.uleb128 0x1b
 936 0725 30020000 		.4byte	.LASF120
 937 0729 01       		.sleb128 1
 938 072a 1B       		.uleb128 0x1b
 939 072b AD050000 		.4byte	.LASF121
 940 072f 02       		.sleb128 2
 941 0730 1B       		.uleb128 0x1b
 942 0731 84000000 		.4byte	.LASF122
 943 0735 03       		.sleb128 3
 944 0736 1B       		.uleb128 0x1b
 945 0737 EB010000 		.4byte	.LASF123
 946 073b 04       		.sleb128 4
 947 073c 1B       		.uleb128 0x1b
 948 073d 15050000 		.4byte	.LASF124
 949 0741 05       		.sleb128 5
 950 0742 1B       		.uleb128 0x1b
 951 0743 96050000 		.4byte	.LASF125
 952 0747 06       		.sleb128 6
 953 0748 1B       		.uleb128 0x1b
 954 0749 C1050000 		.4byte	.LASF126
 955 074d 07       		.sleb128 7
 956 074e 1B       		.uleb128 0x1b
 957 074f 7E050000 		.4byte	.LASF127
 958 0753 08       		.sleb128 8
 959 0754 1B       		.uleb128 0x1b
 960 0755 60020000 		.4byte	.LASF128
 961 0759 09       		.sleb128 9
 962 075a 1B       		.uleb128 0x1b
 963 075b 3C050000 		.4byte	.LASF129
 964 075f 0A       		.sleb128 10
 965 0760 1B       		.uleb128 0x1b
 966 0761 C1060000 		.4byte	.LASF130
 967 0765 0B       		.sleb128 11
 968 0766 1B       		.uleb128 0x1b
 969 0767 6A000000 		.4byte	.LASF131
ARM GAS  C:\Users\jo\AppData\Local\Temp\ccKZnqID.s 			page 18


 970 076b 0C       		.sleb128 12
 971 076c 1B       		.uleb128 0x1b
 972 076d 98030000 		.4byte	.LASF132
 973 0771 0D       		.sleb128 13
 974 0772 00       		.byte	0
 975 0773 1C       		.uleb128 0x1c
 976 0774 A7000000 		.4byte	.LASF133
 977 0778 0E       		.byte	0xe
 978 0779 A706     		.2byte	0x6a7
 979 077b DC000000 		.4byte	0xdc
 980 077f 1D       		.uleb128 0x1d
 981 0780 636800   		.ascii	"ch\000"
 982 0783 06       		.byte	0x6
 983 0784 0902     		.2byte	0x209
 984 0786 27040000 		.4byte	0x427
 985 078a 15       		.uleb128 0x15
 986 078b 0B070000 		.4byte	0x70b
 987 078f 9A070000 		.4byte	0x79a
 988 0793 16       		.uleb128 0x16
 989 0794 91040000 		.4byte	0x491
 990 0798 0C       		.byte	0xc
 991 0799 00       		.byte	0
 992 079a 1E       		.uleb128 0x1e
 993 079b 18060000 		.4byte	.LASF134
 994 079f 0F       		.byte	0xf
 995 07a0 81       		.byte	0x81
 996 07a1 AB070000 		.4byte	0x7ab
 997 07a5 05       		.uleb128 0x5
 998 07a6 03       		.byte	0x3
 999 07a7 00000000 		.4byte	memp_sizes
 1000 07ab 19       		.uleb128 0x19
 1001 07ac 8A070000 		.4byte	0x78a
 1002 07b0 00       		.byte	0
 1003              		.section	.debug_abbrev,"",%progbits
 1004              	.Ldebug_abbrev0:
 1005 0000 01       		.uleb128 0x1
 1006 0001 11       		.uleb128 0x11
 1007 0002 01       		.byte	0x1
 1008 0003 25       		.uleb128 0x25
 1009 0004 0E       		.uleb128 0xe
 1010 0005 13       		.uleb128 0x13
 1011 0006 0B       		.uleb128 0xb
 1012 0007 03       		.uleb128 0x3
 1013 0008 0E       		.uleb128 0xe
 1014 0009 1B       		.uleb128 0x1b
 1015 000a 0E       		.uleb128 0xe
 1016 000b 10       		.uleb128 0x10
 1017 000c 17       		.uleb128 0x17
 1018 000d 00       		.byte	0
 1019 000e 00       		.byte	0
 1020 000f 02       		.uleb128 0x2
 1021 0010 24       		.uleb128 0x24
 1022 0011 00       		.byte	0
 1023 0012 0B       		.uleb128 0xb
 1024 0013 0B       		.uleb128 0xb
 1025 0014 3E       		.uleb128 0x3e
 1026 0015 0B       		.uleb128 0xb
ARM GAS  C:\Users\jo\AppData\Local\Temp\ccKZnqID.s 			page 19


 1027 0016 03       		.uleb128 0x3
 1028 0017 08       		.uleb128 0x8
 1029 0018 00       		.byte	0
 1030 0019 00       		.byte	0
 1031 001a 03       		.uleb128 0x3
 1032 001b 16       		.uleb128 0x16
 1033 001c 00       		.byte	0
 1034 001d 03       		.uleb128 0x3
 1035 001e 0E       		.uleb128 0xe
 1036 001f 3A       		.uleb128 0x3a
 1037 0020 0B       		.uleb128 0xb
 1038 0021 3B       		.uleb128 0x3b
 1039 0022 0B       		.uleb128 0xb
 1040 0023 49       		.uleb128 0x49
 1041 0024 13       		.uleb128 0x13
 1042 0025 00       		.byte	0
 1043 0026 00       		.byte	0
 1044 0027 04       		.uleb128 0x4
 1045 0028 24       		.uleb128 0x24
 1046 0029 00       		.byte	0
 1047 002a 0B       		.uleb128 0xb
 1048 002b 0B       		.uleb128 0xb
 1049 002c 3E       		.uleb128 0x3e
 1050 002d 0B       		.uleb128 0xb
 1051 002e 03       		.uleb128 0x3
 1052 002f 0E       		.uleb128 0xe
 1053 0030 00       		.byte	0
 1054 0031 00       		.byte	0
 1055 0032 05       		.uleb128 0x5
 1056 0033 35       		.uleb128 0x35
 1057 0034 00       		.byte	0
 1058 0035 49       		.uleb128 0x49
 1059 0036 13       		.uleb128 0x13
 1060 0037 00       		.byte	0
 1061 0038 00       		.byte	0
 1062 0039 06       		.uleb128 0x6
 1063 003a 13       		.uleb128 0x13
 1064 003b 01       		.byte	0x1
 1065 003c 03       		.uleb128 0x3
 1066 003d 0E       		.uleb128 0xe
 1067 003e 0B       		.uleb128 0xb
 1068 003f 0B       		.uleb128 0xb
 1069 0040 3A       		.uleb128 0x3a
 1070 0041 0B       		.uleb128 0xb
 1071 0042 3B       		.uleb128 0x3b
 1072 0043 0B       		.uleb128 0xb
 1073 0044 01       		.uleb128 0x1
 1074 0045 13       		.uleb128 0x13
 1075 0046 00       		.byte	0
 1076 0047 00       		.byte	0
 1077 0048 07       		.uleb128 0x7
 1078 0049 0D       		.uleb128 0xd
 1079 004a 00       		.byte	0
 1080 004b 03       		.uleb128 0x3
 1081 004c 0E       		.uleb128 0xe
 1082 004d 3A       		.uleb128 0x3a
 1083 004e 0B       		.uleb128 0xb
ARM GAS  C:\Users\jo\AppData\Local\Temp\ccKZnqID.s 			page 20


 1084 004f 3B       		.uleb128 0x3b
 1085 0050 0B       		.uleb128 0xb
 1086 0051 49       		.uleb128 0x49
 1087 0052 13       		.uleb128 0x13
 1088 0053 38       		.uleb128 0x38
 1089 0054 0B       		.uleb128 0xb
 1090 0055 00       		.byte	0
 1091 0056 00       		.byte	0
 1092 0057 08       		.uleb128 0x8
 1093 0058 0D       		.uleb128 0xd
 1094 0059 00       		.byte	0
 1095 005a 03       		.uleb128 0x3
 1096 005b 08       		.uleb128 0x8
 1097 005c 3A       		.uleb128 0x3a
 1098 005d 0B       		.uleb128 0xb
 1099 005e 3B       		.uleb128 0x3b
 1100 005f 05       		.uleb128 0x5
 1101 0060 49       		.uleb128 0x49
 1102 0061 13       		.uleb128 0x13
 1103 0062 38       		.uleb128 0x38
 1104 0063 0B       		.uleb128 0xb
 1105 0064 00       		.byte	0
 1106 0065 00       		.byte	0
 1107 0066 09       		.uleb128 0x9
 1108 0067 0D       		.uleb128 0xd
 1109 0068 00       		.byte	0
 1110 0069 03       		.uleb128 0x3
 1111 006a 0E       		.uleb128 0xe
 1112 006b 3A       		.uleb128 0x3a
 1113 006c 0B       		.uleb128 0xb
 1114 006d 3B       		.uleb128 0x3b
 1115 006e 05       		.uleb128 0x5
 1116 006f 49       		.uleb128 0x49
 1117 0070 13       		.uleb128 0x13
 1118 0071 38       		.uleb128 0x38
 1119 0072 0B       		.uleb128 0xb
 1120 0073 00       		.byte	0
 1121 0074 00       		.byte	0
 1122 0075 0A       		.uleb128 0xa
 1123 0076 0F       		.uleb128 0xf
 1124 0077 00       		.byte	0
 1125 0078 0B       		.uleb128 0xb
 1126 0079 0B       		.uleb128 0xb
 1127 007a 49       		.uleb128 0x49
 1128 007b 13       		.uleb128 0x13
 1129 007c 00       		.byte	0
 1130 007d 00       		.byte	0
 1131 007e 0B       		.uleb128 0xb
 1132 007f 13       		.uleb128 0x13
 1133 0080 01       		.byte	0x1
 1134 0081 03       		.uleb128 0x3
 1135 0082 0E       		.uleb128 0xe
 1136 0083 0B       		.uleb128 0xb
 1137 0084 0B       		.uleb128 0xb
 1138 0085 3A       		.uleb128 0x3a
 1139 0086 0B       		.uleb128 0xb
 1140 0087 3B       		.uleb128 0x3b
ARM GAS  C:\Users\jo\AppData\Local\Temp\ccKZnqID.s 			page 21


 1141 0088 05       		.uleb128 0x5
 1142 0089 01       		.uleb128 0x1
 1143 008a 13       		.uleb128 0x13
 1144 008b 00       		.byte	0
 1145 008c 00       		.byte	0
 1146 008d 0C       		.uleb128 0xc
 1147 008e 15       		.uleb128 0x15
 1148 008f 01       		.byte	0x1
 1149 0090 27       		.uleb128 0x27
 1150 0091 19       		.uleb128 0x19
 1151 0092 01       		.uleb128 0x1
 1152 0093 13       		.uleb128 0x13
 1153 0094 00       		.byte	0
 1154 0095 00       		.byte	0
 1155 0096 0D       		.uleb128 0xd
 1156 0097 05       		.uleb128 0x5
 1157 0098 00       		.byte	0
 1158 0099 49       		.uleb128 0x49
 1159 009a 13       		.uleb128 0x13
 1160 009b 00       		.byte	0
 1161 009c 00       		.byte	0
 1162 009d 0E       		.uleb128 0xe
 1163 009e 0F       		.uleb128 0xf
 1164 009f 00       		.byte	0
 1165 00a0 0B       		.uleb128 0xb
 1166 00a1 0B       		.uleb128 0xb
 1167 00a2 00       		.byte	0
 1168 00a3 00       		.byte	0
 1169 00a4 0F       		.uleb128 0xf
 1170 00a5 13       		.uleb128 0x13
 1171 00a6 01       		.byte	0x1
 1172 00a7 03       		.uleb128 0x3
 1173 00a8 0E       		.uleb128 0xe
 1174 00a9 0B       		.uleb128 0xb
 1175 00aa 05       		.uleb128 0x5
 1176 00ab 3A       		.uleb128 0x3a
 1177 00ac 0B       		.uleb128 0xb
 1178 00ad 3B       		.uleb128 0x3b
 1179 00ae 05       		.uleb128 0x5
 1180 00af 01       		.uleb128 0x1
 1181 00b0 13       		.uleb128 0x13
 1182 00b1 00       		.byte	0
 1183 00b2 00       		.byte	0
 1184 00b3 10       		.uleb128 0x10
 1185 00b4 0D       		.uleb128 0xd
 1186 00b5 00       		.byte	0
 1187 00b6 03       		.uleb128 0x3
 1188 00b7 0E       		.uleb128 0xe
 1189 00b8 3A       		.uleb128 0x3a
 1190 00b9 0B       		.uleb128 0xb
 1191 00ba 3B       		.uleb128 0x3b
 1192 00bb 05       		.uleb128 0x5
 1193 00bc 49       		.uleb128 0x49
 1194 00bd 13       		.uleb128 0x13
 1195 00be 38       		.uleb128 0x38
 1196 00bf 05       		.uleb128 0x5
 1197 00c0 00       		.byte	0
ARM GAS  C:\Users\jo\AppData\Local\Temp\ccKZnqID.s 			page 22


 1198 00c1 00       		.byte	0
 1199 00c2 11       		.uleb128 0x11
 1200 00c3 0D       		.uleb128 0xd
 1201 00c4 00       		.byte	0
 1202 00c5 03       		.uleb128 0x3
 1203 00c6 08       		.uleb128 0x8
 1204 00c7 3A       		.uleb128 0x3a
 1205 00c8 0B       		.uleb128 0xb
 1206 00c9 3B       		.uleb128 0x3b
 1207 00ca 05       		.uleb128 0x5
 1208 00cb 49       		.uleb128 0x49
 1209 00cc 13       		.uleb128 0x13
 1210 00cd 38       		.uleb128 0x38
 1211 00ce 05       		.uleb128 0x5
 1212 00cf 00       		.byte	0
 1213 00d0 00       		.byte	0
 1214 00d1 12       		.uleb128 0x12
 1215 00d2 0D       		.uleb128 0xd
 1216 00d3 00       		.byte	0
 1217 00d4 03       		.uleb128 0x3
 1218 00d5 08       		.uleb128 0x8
 1219 00d6 3A       		.uleb128 0x3a
 1220 00d7 0B       		.uleb128 0xb
 1221 00d8 3B       		.uleb128 0x3b
 1222 00d9 0B       		.uleb128 0xb
 1223 00da 49       		.uleb128 0x49
 1224 00db 13       		.uleb128 0x13
 1225 00dc 38       		.uleb128 0x38
 1226 00dd 0B       		.uleb128 0xb
 1227 00de 00       		.byte	0
 1228 00df 00       		.byte	0
 1229 00e0 13       		.uleb128 0x13
 1230 00e1 13       		.uleb128 0x13
 1231 00e2 01       		.byte	0x1
 1232 00e3 0B       		.uleb128 0xb
 1233 00e4 0B       		.uleb128 0xb
 1234 00e5 3A       		.uleb128 0x3a
 1235 00e6 0B       		.uleb128 0xb
 1236 00e7 3B       		.uleb128 0x3b
 1237 00e8 0B       		.uleb128 0xb
 1238 00e9 01       		.uleb128 0x1
 1239 00ea 13       		.uleb128 0x13
 1240 00eb 00       		.byte	0
 1241 00ec 00       		.byte	0
 1242 00ed 14       		.uleb128 0x14
 1243 00ee 13       		.uleb128 0x13
 1244 00ef 01       		.byte	0x1
 1245 00f0 0B       		.uleb128 0xb
 1246 00f1 05       		.uleb128 0x5
 1247 00f2 3A       		.uleb128 0x3a
 1248 00f3 0B       		.uleb128 0xb
 1249 00f4 3B       		.uleb128 0x3b
 1250 00f5 0B       		.uleb128 0xb
 1251 00f6 01       		.uleb128 0x1
 1252 00f7 13       		.uleb128 0x13
 1253 00f8 00       		.byte	0
 1254 00f9 00       		.byte	0
ARM GAS  C:\Users\jo\AppData\Local\Temp\ccKZnqID.s 			page 23


 1255 00fa 15       		.uleb128 0x15
 1256 00fb 01       		.uleb128 0x1
 1257 00fc 01       		.byte	0x1
 1258 00fd 49       		.uleb128 0x49
 1259 00fe 13       		.uleb128 0x13
 1260 00ff 01       		.uleb128 0x1
 1261 0100 13       		.uleb128 0x13
 1262 0101 00       		.byte	0
 1263 0102 00       		.byte	0
 1264 0103 16       		.uleb128 0x16
 1265 0104 21       		.uleb128 0x21
 1266 0105 00       		.byte	0
 1267 0106 49       		.uleb128 0x49
 1268 0107 13       		.uleb128 0x13
 1269 0108 2F       		.uleb128 0x2f
 1270 0109 0B       		.uleb128 0xb
 1271 010a 00       		.byte	0
 1272 010b 00       		.byte	0
 1273 010c 17       		.uleb128 0x17
 1274 010d 17       		.uleb128 0x17
 1275 010e 01       		.byte	0x1
 1276 010f 0B       		.uleb128 0xb
 1277 0110 0B       		.uleb128 0xb
 1278 0111 3A       		.uleb128 0x3a
 1279 0112 0B       		.uleb128 0xb
 1280 0113 3B       		.uleb128 0x3b
 1281 0114 0B       		.uleb128 0xb
 1282 0115 01       		.uleb128 0x1
 1283 0116 13       		.uleb128 0x13
 1284 0117 00       		.byte	0
 1285 0118 00       		.byte	0
 1286 0119 18       		.uleb128 0x18
 1287 011a 0D       		.uleb128 0xd
 1288 011b 00       		.byte	0
 1289 011c 03       		.uleb128 0x3
 1290 011d 0E       		.uleb128 0xe
 1291 011e 3A       		.uleb128 0x3a
 1292 011f 0B       		.uleb128 0xb
 1293 0120 3B       		.uleb128 0x3b
 1294 0121 05       		.uleb128 0x5
 1295 0122 49       		.uleb128 0x49
 1296 0123 13       		.uleb128 0x13
 1297 0124 00       		.byte	0
 1298 0125 00       		.byte	0
 1299 0126 19       		.uleb128 0x19
 1300 0127 26       		.uleb128 0x26
 1301 0128 00       		.byte	0
 1302 0129 49       		.uleb128 0x49
 1303 012a 13       		.uleb128 0x13
 1304 012b 00       		.byte	0
 1305 012c 00       		.byte	0
 1306 012d 1A       		.uleb128 0x1a
 1307 012e 04       		.uleb128 0x4
 1308 012f 01       		.byte	0x1
 1309 0130 0B       		.uleb128 0xb
 1310 0131 0B       		.uleb128 0xb
 1311 0132 3A       		.uleb128 0x3a
ARM GAS  C:\Users\jo\AppData\Local\Temp\ccKZnqID.s 			page 24


 1312 0133 0B       		.uleb128 0xb
 1313 0134 3B       		.uleb128 0x3b
 1314 0135 0B       		.uleb128 0xb
 1315 0136 01       		.uleb128 0x1
 1316 0137 13       		.uleb128 0x13
 1317 0138 00       		.byte	0
 1318 0139 00       		.byte	0
 1319 013a 1B       		.uleb128 0x1b
 1320 013b 28       		.uleb128 0x28
 1321 013c 00       		.byte	0
 1322 013d 03       		.uleb128 0x3
 1323 013e 0E       		.uleb128 0xe
 1324 013f 1C       		.uleb128 0x1c
 1325 0140 0D       		.uleb128 0xd
 1326 0141 00       		.byte	0
 1327 0142 00       		.byte	0
 1328 0143 1C       		.uleb128 0x1c
 1329 0144 34       		.uleb128 0x34
 1330 0145 00       		.byte	0
 1331 0146 03       		.uleb128 0x3
 1332 0147 0E       		.uleb128 0xe
 1333 0148 3A       		.uleb128 0x3a
 1334 0149 0B       		.uleb128 0xb
 1335 014a 3B       		.uleb128 0x3b
 1336 014b 05       		.uleb128 0x5
 1337 014c 49       		.uleb128 0x49
 1338 014d 13       		.uleb128 0x13
 1339 014e 3F       		.uleb128 0x3f
 1340 014f 19       		.uleb128 0x19
 1341 0150 3C       		.uleb128 0x3c
 1342 0151 19       		.uleb128 0x19
 1343 0152 00       		.byte	0
 1344 0153 00       		.byte	0
 1345 0154 1D       		.uleb128 0x1d
 1346 0155 34       		.uleb128 0x34
 1347 0156 00       		.byte	0
 1348 0157 03       		.uleb128 0x3
 1349 0158 08       		.uleb128 0x8
 1350 0159 3A       		.uleb128 0x3a
 1351 015a 0B       		.uleb128 0xb
 1352 015b 3B       		.uleb128 0x3b
 1353 015c 05       		.uleb128 0x5
 1354 015d 49       		.uleb128 0x49
 1355 015e 13       		.uleb128 0x13
 1356 015f 3F       		.uleb128 0x3f
 1357 0160 19       		.uleb128 0x19
 1358 0161 3C       		.uleb128 0x3c
 1359 0162 19       		.uleb128 0x19
 1360 0163 00       		.byte	0
 1361 0164 00       		.byte	0
 1362 0165 1E       		.uleb128 0x1e
 1363 0166 34       		.uleb128 0x34
 1364 0167 00       		.byte	0
 1365 0168 03       		.uleb128 0x3
 1366 0169 0E       		.uleb128 0xe
 1367 016a 3A       		.uleb128 0x3a
 1368 016b 0B       		.uleb128 0xb
ARM GAS  C:\Users\jo\AppData\Local\Temp\ccKZnqID.s 			page 25


 1369 016c 3B       		.uleb128 0x3b
 1370 016d 0B       		.uleb128 0xb
 1371 016e 49       		.uleb128 0x49
 1372 016f 13       		.uleb128 0x13
 1373 0170 3F       		.uleb128 0x3f
 1374 0171 19       		.uleb128 0x19
 1375 0172 02       		.uleb128 0x2
 1376 0173 18       		.uleb128 0x18
 1377 0174 00       		.byte	0
 1378 0175 00       		.byte	0
 1379 0176 00       		.byte	0
 1380              		.section	.debug_aranges,"",%progbits
 1381 0000 14000000 		.4byte	0x14
 1382 0004 0200     		.2byte	0x2
 1383 0006 00000000 		.4byte	.Ldebug_info0
 1384 000a 04       		.byte	0x4
 1385 000b 00       		.byte	0
 1386 000c 0000     		.2byte	0
 1387 000e 0000     		.2byte	0
 1388 0010 00000000 		.4byte	0
 1389 0014 00000000 		.4byte	0
 1390              		.section	.debug_line,"",%progbits
 1391              	.Ldebug_line0:
 1392 0000 B2020000 		.section	.debug_str,"MS",%progbits,1
 1392      0200AC02 
 1392      00000201 
 1392      FB0E0D00 
 1392      01010101 
 1393              	.LASF54:
 1394 0000 72656164 		.ascii	"ready_list_t\000"
 1394      795F6C69 
 1394      73745F74 
 1394      00
 1395              	.LASF2:
 1396 000d 73697A65 		.ascii	"size_t\000"
 1396      5F7400
 1397              	.LASF101:
 1398 0014 7264796D 		.ascii	"rdymsg\000"
 1398      736700
 1399              	.LASF19:
 1400 001b 75696E74 		.ascii	"uint64_t\000"
 1400      36345F74 
 1400      00
 1401              	.LASF3:
 1402 0024 5F5F7569 		.ascii	"__uint8_t\000"
 1402      6E74385F 
 1402      7400
 1403              	.LASF89:
 1404 002e 706F7274 		.ascii	"port_intctx\000"
 1404      5F696E74 
 1404      63747800 
 1405              	.LASF82:
 1406 003a 76746C69 		.ascii	"vtlist\000"
 1406      737400
 1407              	.LASF14:
 1408 0041 6C6F6E67 		.ascii	"long long unsigned int\000"
 1408      206C6F6E 
ARM GAS  C:\Users\jo\AppData\Local\Temp\ccKZnqID.s 			page 26


 1408      6720756E 
 1408      7369676E 
 1408      65642069 
 1409              	.LASF93:
 1410 0058 73655F73 		.ascii	"se_state\000"
 1410      74617465 
 1410      00
 1411              	.LASF102:
 1412 0061 65786974 		.ascii	"exitcode\000"
 1412      636F6465 
 1412      00
 1413              	.LASF131:
 1414 006a 4D454D50 		.ascii	"MEMP_PBUF_POOL\000"
 1414      5F504255 
 1414      465F504F 
 1414      4F4C00
 1415              	.LASF83:
 1416 0079 6D61696E 		.ascii	"mainthread\000"
 1416      74687265 
 1416      616400
 1417              	.LASF122:
 1418 0084 4D454D50 		.ascii	"MEMP_TCP_SEG\000"
 1418      5F544350 
 1418      5F534547 
 1418      00
 1419              	.LASF70:
 1420 0091 76697274 		.ascii	"virtual_timers_list_t\000"
 1420      75616C5F 
 1420      74696D65 
 1420      72735F6C 
 1420      6973745F 
 1421              	.LASF133:
 1422 00a7 49544D5F 		.ascii	"ITM_RxBuffer\000"
 1422      52784275 
 1422      66666572 
 1422      00
 1423              	.LASF53:
 1424 00b4 63685F74 		.ascii	"ch_threads_queue\000"
 1424      68726561 
 1424      64735F71 
 1424      75657565 
 1424      00
 1425              	.LASF32:
 1426 00c5 705F7072 		.ascii	"p_prio\000"
 1426      696F00
 1427              	.LASF137:
 1428 00cc 433A5C55 		.ascii	"C:\\Users\\jo\\Documents\\GitHub\\ChibiOS\\demos\\S"
 1428      73657273 
 1428      5C6A6F5C 
 1428      446F6375 
 1428      6D656E74 
 1429 00f8 544D3332 		.ascii	"TM32\\RT-STM32F407-DISCOVERY-uHttp\000"
 1429      5C52542D 
 1429      53544D33 
 1429      32463430 
 1429      372D4449 
 1430              	.LASF12:
ARM GAS  C:\Users\jo\AppData\Local\Temp\ccKZnqID.s 			page 27


 1431 011a 6C6F6E67 		.ascii	"long long int\000"
 1431      206C6F6E 
 1431      6720696E 
 1431      7400
 1432              	.LASF1:
 1433 0128 7369676E 		.ascii	"signed char\000"
 1433      65642063 
 1433      68617200 
 1434              	.LASF11:
 1435 0134 6C6F6E67 		.ascii	"long unsigned int\000"
 1435      20756E73 
 1435      69676E65 
 1435      6420696E 
 1435      7400
 1436              	.LASF47:
 1437 0146 705F6D70 		.ascii	"p_mpool\000"
 1437      6F6F6C00 
 1438              	.LASF112:
 1439 014e 6D5F7175 		.ascii	"m_queue\000"
 1439      65756500 
 1440              	.LASF103:
 1441 0156 77746F62 		.ascii	"wtobjp\000"
 1441      6A7000
 1442              	.LASF104:
 1443 015d 77747472 		.ascii	"wttrp\000"
 1443      7000
 1444              	.LASF80:
 1445 0163 63685F73 		.ascii	"ch_system\000"
 1445      79737465 
 1445      6D00
 1446              	.LASF9:
 1447 016d 6C6F6E67 		.ascii	"long int\000"
 1447      20696E74 
 1447      00
 1448              	.LASF22:
 1449 0176 74737461 		.ascii	"tstate_t\000"
 1449      74655F74 
 1449      00
 1450              	.LASF91:
 1451 017f 73655F74 		.ascii	"se_tp\000"
 1451      7000
 1452              	.LASF16:
 1453 0185 75696E74 		.ascii	"uint16_t\000"
 1453      31365F74 
 1453      00
 1454              	.LASF119:
 1455 018e 4D454D50 		.ascii	"MEMP_UDP_PCB\000"
 1455      5F554450 
 1455      5F504342 
 1455      00
 1456              	.LASF34:
 1457 019b 705F6E65 		.ascii	"p_newer\000"
 1457      77657200 
 1458              	.LASF109:
 1459 01a3 735F7175 		.ascii	"s_queue\000"
 1459      65756500 
 1460              	.LASF95:
ARM GAS  C:\Users\jo\AppData\Local\Temp\ccKZnqID.s 			page 28


 1461 01ab 74625F73 		.ascii	"tb_size\000"
 1461      697A6500 
 1462              	.LASF59:
 1463 01b3 725F6E65 		.ascii	"r_newer\000"
 1463      77657200 
 1464              	.LASF86:
 1465 01bb 72656761 		.ascii	"regarm_t\000"
 1465      726D5F74 
 1465      00
 1466              	.LASF66:
 1467 01c4 76745F70 		.ascii	"vt_prev\000"
 1467      72657600 
 1468              	.LASF116:
 1469 01cc 6D757465 		.ascii	"mutex_t\000"
 1469      785F7400 
 1470              	.LASF77:
 1471 01d4 6C6F636B 		.ascii	"lock_cnt\000"
 1471      5F636E74 
 1471      00
 1472              	.LASF90:
 1473 01dd 73655F74 		.ascii	"se_time\000"
 1473      696D6500 
 1474              	.LASF27:
 1475 01e5 636E745F 		.ascii	"cnt_t\000"
 1475      7400
 1476              	.LASF123:
 1477 01eb 4D454D50 		.ascii	"MEMP_REASSDATA\000"
 1477      5F524541 
 1477      53534441 
 1477      544100
 1478              	.LASF37:
 1479 01fa 705F7374 		.ascii	"p_stklimit\000"
 1479      6B6C696D 
 1479      697400
 1480              	.LASF0:
 1481 0205 756E7369 		.ascii	"unsigned int\000"
 1481      676E6564 
 1481      20696E74 
 1481      00
 1482              	.LASF105:
 1483 0212 77747365 		.ascii	"wtsemp\000"
 1483      6D7000
 1484              	.LASF73:
 1485 0219 73797374 		.ascii	"system_debug_t\000"
 1485      656D5F64 
 1485      65627567 
 1485      5F7400
 1486              	.LASF65:
 1487 0228 76745F6E 		.ascii	"vt_next\000"
 1487      65787400 
 1488              	.LASF120:
 1489 0230 4D454D50 		.ascii	"MEMP_TCP_PCB\000"
 1489      5F544350 
 1489      5F504342 
 1489      00
 1490              	.LASF110:
 1491 023d 735F636E 		.ascii	"s_cnt\000"
ARM GAS  C:\Users\jo\AppData\Local\Temp\ccKZnqID.s 			page 29


 1491      7400
 1492              	.LASF7:
 1493 0243 73686F72 		.ascii	"short unsigned int\000"
 1493      7420756E 
 1493      7369676E 
 1493      65642069 
 1493      6E7400
 1494              	.LASF50:
 1495 0256 63685F74 		.ascii	"ch_thread\000"
 1495      68726561 
 1495      6400
 1496              	.LASF128:
 1497 0260 4D454D50 		.ascii	"MEMP_TCPIP_MSG_INPKT\000"
 1497      5F544350 
 1497      49505F4D 
 1497      53475F49 
 1497      4E504B54 
 1498              	.LASF25:
 1499 0275 6D73675F 		.ascii	"msg_t\000"
 1499      7400
 1500              	.LASF79:
 1501 027b 63685F73 		.ascii	"ch_system_t\000"
 1501      79737465 
 1501      6D5F7400 
 1502              	.LASF21:
 1503 0287 746D6F64 		.ascii	"tmode_t\000"
 1503      655F7400 
 1504              	.LASF55:
 1505 028f 63685F72 		.ascii	"ch_ready_list\000"
 1505      65616479 
 1505      5F6C6973 
 1505      7400
 1506              	.LASF26:
 1507 029d 6576656E 		.ascii	"eventmask_t\000"
 1507      746D6173 
 1507      6B5F7400 
 1508              	.LASF8:
 1509 02a9 5F5F696E 		.ascii	"__int32_t\000"
 1509      7433325F 
 1509      7400
 1510              	.LASF135:
 1511 02b3 474E5520 		.ascii	"GNU C 4.9.3 20141119 (release) [ARM/embedded-4_9-br"
 1511      4320342E 
 1511      392E3320 
 1511      32303134 
 1511      31313139 
 1512 02e6 616E6368 		.ascii	"anch revision 218278] -mcpu=cortex-m4 -mno-thumb-in"
 1512      20726576 
 1512      6973696F 
 1512      6E203231 
 1512      38323738 
 1513 0319 74657277 		.ascii	"terwork -mthumb -ggdb -O2 -fomit-frame-pointer -fal"
 1513      6F726B20 
 1513      2D6D7468 
 1513      756D6220 
 1513      2D676764 
 1514 034c 69676E2D 		.ascii	"ign-functions=16 -ffunction-sections -fdata-section"
ARM GAS  C:\Users\jo\AppData\Local\Temp\ccKZnqID.s 			page 30


 1514      66756E63 
 1514      74696F6E 
 1514      733D3136 
 1514      202D6666 
 1515 037f 73202D66 		.ascii	"s -fno-common\000"
 1515      6E6F2D63 
 1515      6F6D6D6F 
 1515      6E00
 1516              	.LASF87:
 1517 038d 73746B61 		.ascii	"stkalign_t\000"
 1517      6C69676E 
 1517      5F7400
 1518              	.LASF132:
 1519 0398 4D454D50 		.ascii	"MEMP_MAX\000"
 1519      5F4D4158 
 1519      00
 1520              	.LASF96:
 1521 03a1 74625F70 		.ascii	"tb_ptr\000"
 1521      747200
 1522              	.LASF20:
 1523 03a8 7274636E 		.ascii	"rtcnt_t\000"
 1523      745F7400 
 1524              	.LASF48:
 1525 03b0 74687265 		.ascii	"thread_reference_t\000"
 1525      61645F72 
 1525      65666572 
 1525      656E6365 
 1525      5F7400
 1526              	.LASF71:
 1527 03c3 63685F76 		.ascii	"ch_virtual_timers_list\000"
 1527      69727475 
 1527      616C5F74 
 1527      696D6572 
 1527      735F6C69 
 1528              	.LASF68:
 1529 03da 76745F66 		.ascii	"vt_func\000"
 1529      756E6300 
 1530              	.LASF94:
 1531 03e2 63685F73 		.ascii	"ch_swc_event_t\000"
 1531      77635F65 
 1531      76656E74 
 1531      5F7400
 1532              	.LASF72:
 1533 03f1 76745F6C 		.ascii	"vt_lasttime\000"
 1533      61737474 
 1533      696D6500 
 1534              	.LASF35:
 1535 03fd 705F6F6C 		.ascii	"p_older\000"
 1535      64657200 
 1536              	.LASF58:
 1537 0405 725F6374 		.ascii	"r_ctx\000"
 1537      7800
 1538              	.LASF100:
 1539 040b 746D5F63 		.ascii	"tm_calibration_t\000"
 1539      616C6962 
 1539      72617469 
 1539      6F6E5F74 
ARM GAS  C:\Users\jo\AppData\Local\Temp\ccKZnqID.s 			page 31


 1539      00
 1540              	.LASF61:
 1541 041c 725F6375 		.ascii	"r_current\000"
 1541      7272656E 
 1541      7400
 1542              	.LASF60:
 1543 0426 725F6F6C 		.ascii	"r_older\000"
 1543      64657200 
 1544              	.LASF13:
 1545 042e 5F5F7569 		.ascii	"__uint64_t\000"
 1545      6E743634 
 1545      5F7400
 1546              	.LASF23:
 1547 0439 74726566 		.ascii	"trefs_t\000"
 1547      735F7400 
 1548              	.LASF97:
 1549 0441 74625F62 		.ascii	"tb_buffer\000"
 1549      75666665 
 1549      7200
 1550              	.LASF136:
 1551 044b 2E2E2F2E 		.ascii	"../../../ext/lwip/src/core/memp.c\000"
 1551      2E2F2E2E 
 1551      2F657874 
 1551      2F6C7769 
 1551      702F7372 
 1552              	.LASF63:
 1553 046d 76697274 		.ascii	"virtual_timer_t\000"
 1553      75616C5F 
 1553      74696D65 
 1553      725F7400 
 1554              	.LASF31:
 1555 047d 705F7072 		.ascii	"p_prev\000"
 1555      657600
 1556              	.LASF24:
 1557 0484 74707269 		.ascii	"tprio_t\000"
 1557      6F5F7400 
 1558              	.LASF74:
 1559 048c 63685F73 		.ascii	"ch_system_debug\000"
 1559      79737465 
 1559      6D5F6465 
 1559      62756700 
 1560              	.LASF117:
 1561 049c 5F426F6F 		.ascii	"_Bool\000"
 1561      6C00
 1562              	.LASF17:
 1563 04a2 696E7433 		.ascii	"int32_t\000"
 1563      325F7400 
 1564              	.LASF98:
 1565 04aa 63685F74 		.ascii	"ch_trace_buffer_t\000"
 1565      72616365 
 1565      5F627566 
 1565      6665725F 
 1565      7400
 1566              	.LASF45:
 1567 04bc 705F6D74 		.ascii	"p_mtxlist\000"
 1567      786C6973 
 1567      7400
ARM GAS  C:\Users\jo\AppData\Local\Temp\ccKZnqID.s 			page 32


 1568              	.LASF5:
 1569 04c6 73686F72 		.ascii	"short int\000"
 1569      7420696E 
 1569      7400
 1570              	.LASF38:
 1571 04d0 705F7374 		.ascii	"p_state\000"
 1571      61746500 
 1572              	.LASF57:
 1573 04d8 725F7072 		.ascii	"r_prio\000"
 1573      696F00
 1574              	.LASF107:
 1575 04df 65776D61 		.ascii	"ewmask\000"
 1575      736B00
 1576              	.LASF30:
 1577 04e6 705F6E65 		.ascii	"p_next\000"
 1577      787400
 1578              	.LASF39:
 1579 04ed 705F666C 		.ascii	"p_flags\000"
 1579      61677300 
 1580              	.LASF84:
 1581 04f5 69646C65 		.ascii	"idle_thread_wa\000"
 1581      5F746872 
 1581      6561645F 
 1581      776100
 1582              	.LASF64:
 1583 0504 63685F76 		.ascii	"ch_virtual_timer\000"
 1583      69727475 
 1583      616C5F74 
 1583      696D6572 
 1583      00
 1584              	.LASF124:
 1585 0515 4D454D50 		.ascii	"MEMP_FRAG_PBUF\000"
 1585      5F465241 
 1585      475F5042 
 1585      554600
 1586              	.LASF108:
 1587 0524 63685F73 		.ascii	"ch_semaphore\000"
 1587      656D6170 
 1587      686F7265 
 1587      00
 1588              	.LASF44:
 1589 0531 705F6570 		.ascii	"p_epending\000"
 1589      656E6469 
 1589      6E6700
 1590              	.LASF129:
 1591 053c 4D454D50 		.ascii	"MEMP_SYS_TIMEOUT\000"
 1591      5F535953 
 1591      5F54494D 
 1591      454F5554 
 1591      00
 1592              	.LASF18:
 1593 054d 75696E74 		.ascii	"uint32_t\000"
 1593      33325F74 
 1593      00
 1594              	.LASF106:
 1595 0556 77746D74 		.ascii	"wtmtxp\000"
 1595      787000
ARM GAS  C:\Users\jo\AppData\Local\Temp\ccKZnqID.s 			page 33


 1596              	.LASF56:
 1597 055d 725F7175 		.ascii	"r_queue\000"
 1597      65756500 
 1598              	.LASF67:
 1599 0565 76745F64 		.ascii	"vt_delta\000"
 1599      656C7461 
 1599      00
 1600              	.LASF51:
 1601 056e 63685F74 		.ascii	"ch_threads_list\000"
 1601      68726561 
 1601      64735F6C 
 1601      69737400 
 1602              	.LASF127:
 1603 057e 4D454D50 		.ascii	"MEMP_TCPIP_MSG_API\000"
 1603      5F544350 
 1603      49505F4D 
 1603      53475F41 
 1603      504900
 1604              	.LASF115:
 1605 0591 63686172 		.ascii	"char\000"
 1605      00
 1606              	.LASF125:
 1607 0596 4D454D50 		.ascii	"MEMP_NETBUF\000"
 1607      5F4E4554 
 1607      42554600 
 1608              	.LASF6:
 1609 05a2 5F5F7569 		.ascii	"__uint16_t\000"
 1609      6E743136 
 1609      5F7400
 1610              	.LASF121:
 1611 05ad 4D454D50 		.ascii	"MEMP_TCP_PCB_LISTEN\000"
 1611      5F544350 
 1611      5F504342 
 1611      5F4C4953 
 1611      54454E00 
 1612              	.LASF126:
 1613 05c1 4D454D50 		.ascii	"MEMP_NETCONN\000"
 1613      5F4E4554 
 1613      434F4E4E 
 1613      00
 1614              	.LASF29:
 1615 05ce 74687265 		.ascii	"thread_t\000"
 1615      61645F74 
 1615      00
 1616              	.LASF114:
 1617 05d7 6D5F6E65 		.ascii	"m_next\000"
 1617      787400
 1618              	.LASF28:
 1619 05de 73797374 		.ascii	"systime_t\000"
 1619      696D655F 
 1619      7400
 1620              	.LASF46:
 1621 05e8 705F7265 		.ascii	"p_realprio\000"
 1621      616C7072 
 1621      696F00
 1622              	.LASF62:
 1623 05f3 76746675 		.ascii	"vtfunc_t\000"
ARM GAS  C:\Users\jo\AppData\Local\Temp\ccKZnqID.s 			page 34


 1623      6E635F74 
 1623      00
 1624              	.LASF10:
 1625 05fc 5F5F7569 		.ascii	"__uint32_t\000"
 1625      6E743332 
 1625      5F7400
 1626              	.LASF75:
 1627 0607 70616E69 		.ascii	"panic_msg\000"
 1627      635F6D73 
 1627      6700
 1628              	.LASF99:
 1629 0611 6F666673 		.ascii	"offset\000"
 1629      657400
 1630              	.LASF134:
 1631 0618 6D656D70 		.ascii	"memp_sizes\000"
 1631      5F73697A 
 1631      657300
 1632              	.LASF88:
 1633 0623 636F6E74 		.ascii	"context\000"
 1633      65787400 
 1634              	.LASF4:
 1635 062b 756E7369 		.ascii	"unsigned char\000"
 1635      676E6564 
 1635      20636861 
 1635      7200
 1636              	.LASF42:
 1637 0639 705F6D73 		.ascii	"p_msgqueue\000"
 1637      67717565 
 1637      756500
 1638              	.LASF69:
 1639 0644 76745F70 		.ascii	"vt_par\000"
 1639      617200
 1640              	.LASF118:
 1641 064b 7531365F 		.ascii	"u16_t\000"
 1641      7400
 1642              	.LASF52:
 1643 0651 74687265 		.ascii	"threads_queue_t\000"
 1643      6164735F 
 1643      71756575 
 1643      655F7400 
 1644              	.LASF40:
 1645 0661 705F7265 		.ascii	"p_refs\000"
 1645      667300
 1646              	.LASF76:
 1647 0668 6973725F 		.ascii	"isr_cnt\000"
 1647      636E7400 
 1648              	.LASF81:
 1649 0670 726C6973 		.ascii	"rlist\000"
 1649      7400
 1650              	.LASF113:
 1651 0676 6D5F6F77 		.ascii	"m_owner\000"
 1651      6E657200 
 1652              	.LASF15:
 1653 067e 75696E74 		.ascii	"uint8_t\000"
 1653      385F7400 
 1654              	.LASF85:
 1655 0686 73697A65 		.ascii	"sizetype\000"
ARM GAS  C:\Users\jo\AppData\Local\Temp\ccKZnqID.s 			page 35


 1655      74797065 
 1655      00
 1656              	.LASF111:
 1657 068f 63685F6D 		.ascii	"ch_mutex\000"
 1657      75746578 
 1657      00
 1658              	.LASF36:
 1659 0698 705F6E61 		.ascii	"p_name\000"
 1659      6D6500
 1660              	.LASF49:
 1661 069f 74687265 		.ascii	"threads_list_t\000"
 1661      6164735F 
 1661      6C697374 
 1661      5F7400
 1662              	.LASF78:
 1663 06ae 74726163 		.ascii	"trace_buffer\000"
 1663      655F6275 
 1663      66666572 
 1663      00
 1664              	.LASF43:
 1665 06bb 705F6D73 		.ascii	"p_msg\000"
 1665      6700
 1666              	.LASF130:
 1667 06c1 4D454D50 		.ascii	"MEMP_PBUF\000"
 1667      5F504255 
 1667      4600
 1668              	.LASF92:
 1669 06cb 73655F77 		.ascii	"se_wtobjp\000"
 1669      746F626A 
 1669      7000
 1670              	.LASF33:
 1671 06d5 705F6374 		.ascii	"p_ctx\000"
 1671      7800
 1672              	.LASF41:
 1673 06db 705F7761 		.ascii	"p_waiting\000"
 1673      6974696E 
 1673      6700
 1674              		.ident	"GCC: (GNU Tools for ARM Embedded Processors) 4.9.3 20141119 (release) [ARM/embedded-4_9-br
ARM GAS  C:\Users\jo\AppData\Local\Temp\ccKZnqID.s 			page 36


DEFINED SYMBOLS
                            *ABS*:00000000 memp.c
C:\Users\jo\AppData\Local\Temp\ccKZnqID.s:23     .rodata.memp_sizes:00000000 memp_sizes
C:\Users\jo\AppData\Local\Temp\ccKZnqID.s:20     .rodata.memp_sizes:00000000 $d

NO UNDEFINED SYMBOLS
