ARM GAS  C:\Users\jo\AppData\Local\Temp\ccYatFnD.s 			page 1


   1              		.syntax unified
   2              		.cpu cortex-m4
   3              		.fpu softvfp
   4              		.eabi_attribute 20, 1
   5              		.eabi_attribute 21, 1
   6              		.eabi_attribute 23, 3
   7              		.eabi_attribute 24, 1
   8              		.eabi_attribute 25, 1
   9              		.eabi_attribute 26, 1
  10              		.eabi_attribute 30, 2
  11              		.eabi_attribute 34, 1
  12              		.eabi_attribute 18, 4
  13              		.thumb
  14              		.file	"mtinit.c"
  15              		.text
  16              	.Ltext0:
  17              		.cfi_sections	.debug_frame
  18              		.section	.text.MediaTypeInitDefaults,"ax",%progbits
  19              		.align	2
  20              		.p2align 4,,15
  21              		.global	MediaTypeInitDefaults
  22              		.thumb
  23              		.thumb_func
  24              		.type	MediaTypeInitDefaults, %function
  25              	MediaTypeInitDefaults:
  26              	.LFB260:
  27              		.file 1 "../../../demos/STM32/RT-STM32F407-DISCOVERY-uHttp/uhttp-1.1/mtinit.c"
  28              		.loc 1 93 0
  29              		.cfi_startproc
  30              		@ args = 0, pretend = 0, frame = 0
  31              		@ frame_needed = 0, uses_anonymous_args = 0
  32              		@ link register save eliminated.
  33              	.LVL0:
  34 0000 70B4     		push	{r4, r5, r6}
  35              		.cfi_def_cfa_offset 12
  36              		.cfi_offset 4, -12
  37              		.cfi_offset 5, -8
  38              		.cfi_offset 6, -4
  39 0002 0F4B     		ldr	r3, .L10
  40              		.loc 1 96 0
  41 0004 0F4E     		ldr	r6, .L10+4
  42 0006 0025     		movs	r5, #0
  43 0008 2A46     		mov	r2, r5
  44 000a 03F59074 		add	r4, r3, #288
  45              		.loc 1 98 0
  46 000e 2846     		mov	r0, r5
  47 0010 4AB1     		cbz	r2, .L2
  48              	.L9:
  49              		.loc 1 98 0 is_stmt 0 discriminator 1
  50 0012 5360     		str	r3, [r2, #4]
  51 0014 1946     		mov	r1, r3
  52 0016 1A60     		str	r2, [r3]
  53 0018 5860     		str	r0, [r3, #4]
  54 001a 2433     		adds	r3, r3, #36
  55              		.loc 1 97 0 is_stmt 1 discriminator 1
  56 001c A342     		cmp	r3, r4
  57 001e 09D0     		beq	.L8
ARM GAS  C:\Users\jo\AppData\Local\Temp\ccYatFnD.s 			page 2


  58              	.L5:
  59 0020 0A46     		mov	r2, r1
  60              		.loc 1 98 0
  61 0022 002A     		cmp	r2, #0
  62 0024 F5D1     		bne	.L9
  63              	.L2:
  64              		.loc 1 98 0 is_stmt 0 discriminator 2
  65 0026 1A60     		str	r2, [r3]
  66 0028 5860     		str	r0, [r3, #4]
  67 002a 1D46     		mov	r5, r3
  68 002c 1946     		mov	r1, r3
  69 002e 2433     		adds	r3, r3, #36
  70              		.loc 1 97 0 is_stmt 1 discriminator 2
  71 0030 A342     		cmp	r3, r4
  72 0032 F5D1     		bne	.L5
  73              	.L8:
  74 0034 3560     		str	r5, [r6]
  75 0036 7160     		str	r1, [r6, #4]
  76              		.loc 1 101 0
  77 0038 0020     		movs	r0, #0
  78 003a 70BC     		pop	{r4, r5, r6}
  79              		.cfi_restore 6
  80              		.cfi_restore 5
  81              		.cfi_restore 4
  82              		.cfi_def_cfa_offset 0
  83 003c 7047     		bx	lr
  84              	.L11:
  85 003e 00BF     		.align	2
  86              	.L10:
  87 0040 00000000 		.word	.LANCHOR0
  88 0044 00000000 		.word	mediaTypeList
  89              		.cfi_endproc
  90              	.LFE260:
  91              		.size	MediaTypeInitDefaults, .-MediaTypeInitDefaults
  92              		.global	mtc_application
  93 0048 AFF30080 		.section	.data.mt_defaults,"aw",%progbits
  93      AFF30080 
  94              		.align	2
  95              		.set	.LANCHOR0,. + 0
  96              		.type	mt_defaults, %object
  97              		.size	mt_defaults, 288
  98              	mt_defaults:
  99 0000 FFFFFFFF 		.word	-1
 100 0004 FFFFFFFF 		.word	-1
 101 0008 00000000 		.word	mtc_text
 102 000c 00000000 		.word	.LC0
 103 0010 01000000 		.word	1
 104 0014 00000000 		.word	MediaTypeHandlerText
 105 0018 74787400 		.ascii	"txt\000"
 106 001c 00000000 		.space	5
 106      00
 107 0021 000000   		.space	3
 108 0024 FFFFFFFF 		.word	-1
 109 0028 FFFFFFFF 		.word	-1
 110 002c 00000000 		.word	mtc_image
 111 0030 08000000 		.word	.LC1
 112 0034 01000000 		.word	1
ARM GAS  C:\Users\jo\AppData\Local\Temp\ccYatFnD.s 			page 3


 113 0038 00000000 		.word	MediaTypeHandlerBinary
 114 003c 73766700 		.ascii	"svg\000"
 115 0040 00000000 		.space	5
 115      00
 116 0045 000000   		.space	3
 117 0048 FFFFFFFF 		.word	-1
 118 004c FFFFFFFF 		.word	-1
 119 0050 00000000 		.word	mtc_image
 120 0054 10000000 		.word	.LC2
 121 0058 01000000 		.word	1
 122 005c 00000000 		.word	MediaTypeHandlerBinary
 123 0060 706E6700 		.ascii	"png\000"
 124 0064 00000000 		.space	5
 124      00
 125 0069 000000   		.space	3
 126 006c FFFFFFFF 		.word	-1
 127 0070 FFFFFFFF 		.word	-1
 128 0074 00000000 		.word	mtc_text
 129 0078 14000000 		.word	.LC3
 130 007c 01000000 		.word	1
 131 0080 00000000 		.word	MediaTypeHandlerText
 132 0084 6A7300   		.ascii	"js\000"
 133 0087 00000000 		.space	6
 133      0000
 134 008d 000000   		.space	3
 135 0090 FFFFFFFF 		.word	-1
 136 0094 FFFFFFFF 		.word	-1
 137 0098 00000000 		.word	mtc_image
 138 009c 20000000 		.word	.LC4
 139 00a0 01000000 		.word	1
 140 00a4 00000000 		.word	MediaTypeHandlerBinary
 141 00a8 6A706700 		.ascii	"jpg\000"
 142 00ac 00000000 		.space	5
 142      00
 143 00b1 000000   		.space	3
 144 00b4 FFFFFFFF 		.word	-1
 145 00b8 FFFFFFFF 		.word	-1
 146 00bc 00000000 		.word	mtc_text
 147 00c0 28000000 		.word	.LC5
 148 00c4 01000000 		.word	1
 149 00c8 00000000 		.word	MediaTypeHandlerText
 150 00cc 68746D6C 		.ascii	"html\000"
 150      00
 151 00d1 00000000 		.space	4
 152 00d5 000000   		.space	3
 153 00d8 FFFFFFFF 		.word	-1
 154 00dc FFFFFFFF 		.word	-1
 155 00e0 00000000 		.word	mtc_image
 156 00e4 00000000 		.word	0
 157 00e8 01000000 		.word	1
 158 00ec 00000000 		.word	MediaTypeHandlerBinary
 159 00f0 67696600 		.ascii	"gif\000"
 160 00f4 00000000 		.space	5
 160      00
 161 00f9 000000   		.space	3
 162 00fc FFFFFFFF 		.word	-1
 163 0100 FFFFFFFF 		.word	-1
ARM GAS  C:\Users\jo\AppData\Local\Temp\ccYatFnD.s 			page 4


 164 0104 00000000 		.word	mtc_text
 165 0108 00000000 		.word	0
 166 010c 01000000 		.word	1
 167 0110 00000000 		.word	MediaTypeHandlerText
 168 0114 63737300 		.ascii	"css\000"
 169 0118 00000000 		.space	5
 169      00
 170 011d 000000   		.space	3
 171              		.section	.data.mtc_image,"aw",%progbits
 172              		.align	2
 173              		.type	mtc_image, %object
 174              		.size	mtc_image, 6
 175              	mtc_image:
 176 0000 696D6167 		.ascii	"image\000"
 176      6500
 177 0006 0000     		.section	.rodata.str1.4,"aMS",%progbits,1
 178              		.align	2
 179              	.LC0:
 180 0000 706C6169 		.ascii	"plain\000"
 180      6E00
 181 0006 0000     		.space	2
 182              	.LC1:
 183 0008 7376672B 		.ascii	"svg+xml\000"
 183      786D6C00 
 184              	.LC2:
 185 0010 706E6700 		.ascii	"png\000"
 186              	.LC3:
 187 0014 6A617661 		.ascii	"javascript\000"
 187      73637269 
 187      707400
 188 001f 00       		.space	1
 189              	.LC4:
 190 0020 6A706567 		.ascii	"jpeg\000"
 190      00
 191 0025 000000   		.space	3
 192              	.LC5:
 193 0028 68746D6C 		.ascii	"html\000"
 193      00
 194 002d 000000   		.section	.data.mtc_application,"aw",%progbits
 195              		.align	2
 196              		.type	mtc_application, %object
 197              		.size	mtc_application, 12
 198              	mtc_application:
 199 0000 6170706C 		.ascii	"application\000"
 199      69636174 
 199      696F6E00 
 200              		.section	.data.mtc_text,"aw",%progbits
 201              		.align	2
 202              		.type	mtc_text, %object
 203              		.size	mtc_text, 5
 204              	mtc_text:
 205 0000 74657874 		.ascii	"text\000"
 205      00
 206 0005 000000   		.text
 207              	.Letext0:
 208              		.file 2 "c:\\program files\\gnu tools arm embedded\\4.9 2014q4\\lib\\gcc\\arm-none-eabi\\4.9.3\\in
 209              		.file 3 "c:\\program files\\gnu tools arm embedded\\4.9 2014q4\\arm-none-eabi\\include\\machine\\_
ARM GAS  C:\Users\jo\AppData\Local\Temp\ccYatFnD.s 			page 5


 210              		.file 4 "c:\\program files\\gnu tools arm embedded\\4.9 2014q4\\arm-none-eabi\\include\\stdint.h"
 211              		.file 5 "../../../os/rt/ports/ARMCMx/compilers/GCC/chtypes.h"
 212              		.file 6 "../../../os/rt/include/chsystypes.h"
 213              		.file 7 "../../../os/rt/include/chschd.h"
 214              		.file 8 "../../../os/rt/ports/ARMCMx/chcore.h"
 215              		.file 9 "../../../os/rt/ports/ARMCMx/chcore_v7m.h"
 216              		.file 10 "../../../os/rt/include/chdebug.h"
 217              		.file 11 "../../../os/rt/include/chtm.h"
 218              		.file 12 "../../../os/rt/include/chsem.h"
 219              		.file 13 "../../../os/rt/include/chmtx.h"
 220              		.file 14 "../../../os/various/lwip_bindings/arch/cc.h"
 221              		.file 15 "../../../ext/lwip/src/include/ipv4/lwip/inet.h"
 222              		.file 16 "../../../ext/lwip/src/include/lwip\\sockets.h"
 223              		.file 17 "./uhttp-1.1/pro/lwip/streamio.h"
 224              		.file 18 "./os/streamio.h"
 225              		.file 19 "./uhttp-1.1/uhttpd.h"
 226              		.file 20 "./uhttp-1.1/mediatypes.h"
 227              		.file 21 "../../../os/ext/CMSIS/include/core_cm4.h"
 228              		.section	.debug_info,"",%progbits
 229              	.Ldebug_info0:
 230 0000 190B0000 		.4byte	0xb19
 231 0004 0400     		.2byte	0x4
 232 0006 00000000 		.4byte	.Ldebug_abbrev0
 233 000a 04       		.byte	0x4
 234 000b 01       		.uleb128 0x1
 235 000c 98030000 		.4byte	.LASF182
 236 0010 01       		.byte	0x1
 237 0011 EC060000 		.4byte	.LASF183
 238 0015 13010000 		.4byte	.LASF184
 239 0019 00000000 		.4byte	.Ldebug_ranges0+0
 240 001d 00000000 		.4byte	0
 241 0021 00000000 		.4byte	.Ldebug_line0
 242 0025 02       		.uleb128 0x2
 243 0026 04       		.byte	0x4
 244 0027 05       		.byte	0x5
 245 0028 696E7400 		.ascii	"int\000"
 246 002c 03       		.uleb128 0x3
 247 002d 28000000 		.4byte	.LASF2
 248 0031 02       		.byte	0x2
 249 0032 D4       		.byte	0xd4
 250 0033 37000000 		.4byte	0x37
 251 0037 04       		.uleb128 0x4
 252 0038 04       		.byte	0x4
 253 0039 07       		.byte	0x7
 254 003a A8020000 		.4byte	.LASF0
 255 003e 04       		.uleb128 0x4
 256 003f 01       		.byte	0x1
 257 0040 06       		.byte	0x6
 258 0041 7C010000 		.4byte	.LASF1
 259 0045 03       		.uleb128 0x3
 260 0046 58000000 		.4byte	.LASF3
 261 004a 03       		.byte	0x3
 262 004b 1D       		.byte	0x1d
 263 004c 50000000 		.4byte	0x50
 264 0050 04       		.uleb128 0x4
 265 0051 01       		.byte	0x1
 266 0052 08       		.byte	0x8
ARM GAS  C:\Users\jo\AppData\Local\Temp\ccYatFnD.s 			page 6


 267 0053 FA050000 		.4byte	.LASF4
 268 0057 04       		.uleb128 0x4
 269 0058 02       		.byte	0x2
 270 0059 05       		.byte	0x5
 271 005a 12060000 		.4byte	.LASF5
 272 005e 03       		.uleb128 0x3
 273 005f 51070000 		.4byte	.LASF6
 274 0063 03       		.byte	0x3
 275 0064 2B       		.byte	0x2b
 276 0065 69000000 		.4byte	0x69
 277 0069 04       		.uleb128 0x4
 278 006a 02       		.byte	0x2
 279 006b 07       		.byte	0x7
 280 006c 29020000 		.4byte	.LASF7
 281 0070 03       		.uleb128 0x3
 282 0071 8E030000 		.4byte	.LASF8
 283 0075 03       		.byte	0x3
 284 0076 3F       		.byte	0x3f
 285 0077 7B000000 		.4byte	0x7b
 286 007b 04       		.uleb128 0x4
 287 007c 04       		.byte	0x4
 288 007d 05       		.byte	0x5
 289 007e D7010000 		.4byte	.LASF9
 290 0082 03       		.uleb128 0x3
 291 0083 98070000 		.4byte	.LASF10
 292 0087 03       		.byte	0x3
 293 0088 41       		.byte	0x41
 294 0089 8D000000 		.4byte	0x8d
 295 008d 04       		.uleb128 0x4
 296 008e 04       		.byte	0x4
 297 008f 07       		.byte	0x7
 298 0090 DA060000 		.4byte	.LASF11
 299 0094 04       		.uleb128 0x4
 300 0095 08       		.byte	0x8
 301 0096 05       		.byte	0x5
 302 0097 6E010000 		.4byte	.LASF12
 303 009b 03       		.uleb128 0x3
 304 009c 74050000 		.4byte	.LASF13
 305 00a0 03       		.byte	0x3
 306 00a1 5B       		.byte	0x5b
 307 00a2 A6000000 		.4byte	0xa6
 308 00a6 04       		.uleb128 0x4
 309 00a7 08       		.byte	0x8
 310 00a8 07       		.byte	0x7
 311 00a9 8D000000 		.4byte	.LASF14
 312 00ad 03       		.uleb128 0x3
 313 00ae 61080000 		.4byte	.LASF15
 314 00b2 04       		.byte	0x4
 315 00b3 15       		.byte	0x15
 316 00b4 45000000 		.4byte	0x45
 317 00b8 03       		.uleb128 0x3
 318 00b9 10020000 		.4byte	.LASF16
 319 00bd 04       		.byte	0x4
 320 00be 21       		.byte	0x21
 321 00bf 5E000000 		.4byte	0x5e
 322 00c3 03       		.uleb128 0x3
 323 00c4 F2050000 		.4byte	.LASF17
ARM GAS  C:\Users\jo\AppData\Local\Temp\ccYatFnD.s 			page 7


 324 00c8 04       		.byte	0x4
 325 00c9 2C       		.byte	0x2c
 326 00ca 70000000 		.4byte	0x70
 327 00ce 03       		.uleb128 0x3
 328 00cf 9E060000 		.4byte	.LASF18
 329 00d3 04       		.byte	0x4
 330 00d4 2D       		.byte	0x2d
 331 00d5 82000000 		.4byte	0x82
 332 00d9 03       		.uleb128 0x3
 333 00da 19050000 		.4byte	.LASF19
 334 00de 04       		.byte	0x4
 335 00df 39       		.byte	0x39
 336 00e0 9B000000 		.4byte	0x9b
 337 00e4 05       		.uleb128 0x5
 338 00e5 C3000000 		.4byte	0xc3
 339 00e9 03       		.uleb128 0x3
 340 00ea C5070000 		.4byte	.LASF20
 341 00ee 05       		.byte	0x5
 342 00ef 45       		.byte	0x45
 343 00f0 CE000000 		.4byte	0xce
 344 00f4 03       		.uleb128 0x3
 345 00f5 60030000 		.4byte	.LASF21
 346 00f9 05       		.byte	0x5
 347 00fa 48       		.byte	0x48
 348 00fb AD000000 		.4byte	0xad
 349 00ff 03       		.uleb128 0x3
 350 0100 EE010000 		.4byte	.LASF22
 351 0104 05       		.byte	0x5
 352 0105 49       		.byte	0x49
 353 0106 AD000000 		.4byte	0xad
 354 010a 03       		.uleb128 0x3
 355 010b 92050000 		.4byte	.LASF23
 356 010f 05       		.byte	0x5
 357 0110 4A       		.byte	0x4a
 358 0111 AD000000 		.4byte	0xad
 359 0115 03       		.uleb128 0x3
 360 0116 C9050000 		.4byte	.LASF24
 361 011a 05       		.byte	0x5
 362 011b 4C       		.byte	0x4c
 363 011c CE000000 		.4byte	0xce
 364 0120 03       		.uleb128 0x3
 365 0121 4E030000 		.4byte	.LASF25
 366 0125 05       		.byte	0x5
 367 0126 4D       		.byte	0x4d
 368 0127 C3000000 		.4byte	0xc3
 369 012b 03       		.uleb128 0x3
 370 012c 82030000 		.4byte	.LASF26
 371 0130 05       		.byte	0x5
 372 0131 4F       		.byte	0x4f
 373 0132 CE000000 		.4byte	0xce
 374 0136 03       		.uleb128 0x3
 375 0137 97020000 		.4byte	.LASF27
 376 013b 05       		.byte	0x5
 377 013c 51       		.byte	0x51
 378 013d C3000000 		.4byte	0xc3
 379 0141 03       		.uleb128 0x3
 380 0142 7A070000 		.4byte	.LASF28
ARM GAS  C:\Users\jo\AppData\Local\Temp\ccYatFnD.s 			page 8


 381 0146 06       		.byte	0x6
 382 0147 33       		.byte	0x33
 383 0148 CE000000 		.4byte	0xce
 384 014c 03       		.uleb128 0x3
 385 014d 5C070000 		.4byte	.LASF29
 386 0151 06       		.byte	0x6
 387 0152 3F       		.byte	0x3f
 388 0153 57010000 		.4byte	0x157
 389 0157 06       		.uleb128 0x6
 390 0158 39030000 		.4byte	.LASF50
 391 015c 48       		.byte	0x48
 392 015d 07       		.byte	0x7
 393 015e C2       		.byte	0xc2
 394 015f 50020000 		.4byte	0x250
 395 0163 07       		.uleb128 0x7
 396 0164 32060000 		.4byte	.LASF30
 397 0168 07       		.byte	0x7
 398 0169 C3       		.byte	0xc3
 399 016a 5B020000 		.4byte	0x25b
 400 016e 00       		.byte	0
 401 016f 07       		.uleb128 0x7
 402 0170 C2050000 		.4byte	.LASF31
 403 0174 07       		.byte	0x7
 404 0175 C5       		.byte	0xc5
 405 0176 5B020000 		.4byte	0x25b
 406 017a 04       		.byte	0x4
 407 017b 07       		.uleb128 0x7
 408 017c 0C010000 		.4byte	.LASF32
 409 0180 07       		.byte	0x7
 410 0181 C7       		.byte	0xc7
 411 0182 15010000 		.4byte	0x115
 412 0186 08       		.byte	0x8
 413 0187 07       		.uleb128 0x7
 414 0188 B7080000 		.4byte	.LASF33
 415 018c 07       		.byte	0x7
 416 018d C8       		.byte	0xc8
 417 018e B6040000 		.4byte	0x4b6
 418 0192 0C       		.byte	0xc
 419 0193 07       		.uleb128 0x7
 420 0194 19020000 		.4byte	.LASF34
 421 0198 07       		.byte	0x7
 422 0199 CA       		.byte	0xca
 423 019a 5B020000 		.4byte	0x25b
 424 019e 10       		.byte	0x10
 425 019f 07       		.uleb128 0x7
 426 01a0 22050000 		.4byte	.LASF35
 427 01a4 07       		.byte	0x7
 428 01a5 CB       		.byte	0xcb
 429 01a6 5B020000 		.4byte	0x25b
 430 01aa 14       		.byte	0x14
 431 01ab 07       		.uleb128 0x7
 432 01ac 79080000 		.4byte	.LASF36
 433 01b0 07       		.byte	0x7
 434 01b1 D2       		.byte	0xd2
 435 01b2 C8060000 		.4byte	0x6c8
 436 01b6 18       		.byte	0x18
 437 01b7 07       		.uleb128 0x7
ARM GAS  C:\Users\jo\AppData\Local\Temp\ccYatFnD.s 			page 9


 438 01b8 49050000 		.4byte	.LASF37
 439 01bc 07       		.byte	0x7
 440 01bd D8       		.byte	0xd8
 441 01be DA060000 		.4byte	0x6da
 442 01c2 1C       		.byte	0x1c
 443 01c3 07       		.uleb128 0x7
 444 01c4 1C060000 		.4byte	.LASF38
 445 01c8 07       		.byte	0x7
 446 01c9 DD       		.byte	0xdd
 447 01ca FF000000 		.4byte	0xff
 448 01ce 20       		.byte	0x20
 449 01cf 07       		.uleb128 0x7
 450 01d0 39060000 		.4byte	.LASF39
 451 01d4 07       		.byte	0x7
 452 01d5 E1       		.byte	0xe1
 453 01d6 F4000000 		.4byte	0xf4
 454 01da 21       		.byte	0x21
 455 01db 07       		.uleb128 0x7
 456 01dc 1E080000 		.4byte	.LASF40
 457 01e0 07       		.byte	0x7
 458 01e1 E6       		.byte	0xe6
 459 01e2 0A010000 		.4byte	0x10a
 460 01e6 22       		.byte	0x22
 461 01e7 08       		.uleb128 0x8
 462 01e8 705F7500 		.ascii	"p_u\000"
 463 01ec 07       		.byte	0x7
 464 01ed 3101     		.2byte	0x131
 465 01ef 03060000 		.4byte	0x603
 466 01f3 24       		.byte	0x24
 467 01f4 09       		.uleb128 0x9
 468 01f5 B3040000 		.4byte	.LASF41
 469 01f9 07       		.byte	0x7
 470 01fa 3601     		.2byte	0x136
 471 01fc 61020000 		.4byte	0x261
 472 0200 28       		.byte	0x28
 473 0201 09       		.uleb128 0x9
 474 0202 E1020000 		.4byte	.LASF42
 475 0206 07       		.byte	0x7
 476 0207 3C01     		.2byte	0x13c
 477 0209 85020000 		.4byte	0x285
 478 020d 2C       		.byte	0x2c
 479 020e 09       		.uleb128 0x9
 480 020f 97080000 		.4byte	.LASF43
 481 0213 07       		.byte	0x7
 482 0214 4001     		.2byte	0x140
 483 0216 20010000 		.4byte	0x120
 484 021a 34       		.byte	0x34
 485 021b 09       		.uleb128 0x9
 486 021c 8E060000 		.4byte	.LASF44
 487 0220 07       		.byte	0x7
 488 0221 4601     		.2byte	0x146
 489 0223 2B010000 		.4byte	0x12b
 490 0227 38       		.byte	0x38
 491 0228 09       		.uleb128 0x9
 492 0229 08060000 		.4byte	.LASF45
 493 022d 07       		.byte	0x7
 494 022e 4D01     		.2byte	0x14d
ARM GAS  C:\Users\jo\AppData\Local\Temp\ccYatFnD.s 			page 10


 495 0230 C2060000 		.4byte	0x6c2
 496 0234 3C       		.byte	0x3c
 497 0235 09       		.uleb128 0x9
 498 0236 84070000 		.4byte	.LASF46
 499 023a 07       		.byte	0x7
 500 023b 5101     		.2byte	0x151
 501 023d 15010000 		.4byte	0x115
 502 0241 40       		.byte	0x40
 503 0242 09       		.uleb128 0x9
 504 0243 96010000 		.4byte	.LASF47
 505 0247 07       		.byte	0x7
 506 0248 5801     		.2byte	0x158
 507 024a 38030000 		.4byte	0x338
 508 024e 44       		.byte	0x44
 509 024f 00       		.byte	0
 510 0250 03       		.uleb128 0x3
 511 0251 CB040000 		.4byte	.LASF48
 512 0255 06       		.byte	0x6
 513 0256 44       		.byte	0x44
 514 0257 5B020000 		.4byte	0x25b
 515 025b 0A       		.uleb128 0xa
 516 025c 04       		.byte	0x4
 517 025d 4C010000 		.4byte	0x14c
 518 0261 03       		.uleb128 0x3
 519 0262 7D040000 		.4byte	.LASF49
 520 0266 06       		.byte	0x6
 521 0267 49       		.byte	0x49
 522 0268 6C020000 		.4byte	0x26c
 523 026c 06       		.uleb128 0x6
 524 026d BF060000 		.4byte	.LASF51
 525 0271 04       		.byte	0x4
 526 0272 07       		.byte	0x7
 527 0273 B0       		.byte	0xb0
 528 0274 85020000 		.4byte	0x285
 529 0278 07       		.uleb128 0x7
 530 0279 32060000 		.4byte	.LASF30
 531 027d 07       		.byte	0x7
 532 027e B1       		.byte	0xb1
 533 027f 5B020000 		.4byte	0x25b
 534 0283 00       		.byte	0
 535 0284 00       		.byte	0
 536 0285 03       		.uleb128 0x3
 537 0286 04080000 		.4byte	.LASF52
 538 028a 06       		.byte	0x6
 539 028b 50       		.byte	0x50
 540 028c 90020000 		.4byte	0x290
 541 0290 06       		.uleb128 0x6
 542 0291 FB000000 		.4byte	.LASF53
 543 0295 08       		.byte	0x8
 544 0296 07       		.byte	0x7
 545 0297 B7       		.byte	0xb7
 546 0298 B5020000 		.4byte	0x2b5
 547 029c 07       		.uleb128 0x7
 548 029d 32060000 		.4byte	.LASF30
 549 02a1 07       		.byte	0x7
 550 02a2 B8       		.byte	0xb8
 551 02a3 5B020000 		.4byte	0x25b
ARM GAS  C:\Users\jo\AppData\Local\Temp\ccYatFnD.s 			page 11


 552 02a7 00       		.byte	0
 553 02a8 07       		.uleb128 0x7
 554 02a9 C2050000 		.4byte	.LASF31
 555 02ad 07       		.byte	0x7
 556 02ae B9       		.byte	0xb9
 557 02af 5B020000 		.4byte	0x25b
 558 02b3 04       		.byte	0x4
 559 02b4 00       		.byte	0
 560 02b5 03       		.uleb128 0x3
 561 02b6 13000000 		.4byte	.LASF54
 562 02ba 06       		.byte	0x6
 563 02bb 57       		.byte	0x57
 564 02bc C0020000 		.4byte	0x2c0
 565 02c0 0B       		.uleb128 0xb
 566 02c1 74030000 		.4byte	.LASF55
 567 02c5 1C       		.byte	0x1c
 568 02c6 07       		.byte	0x7
 569 02c7 9001     		.2byte	0x190
 570 02c9 1C030000 		.4byte	0x31c
 571 02cd 09       		.uleb128 0x9
 572 02ce AE060000 		.4byte	.LASF56
 573 02d2 07       		.byte	0x7
 574 02d3 9101     		.2byte	0x191
 575 02d5 85020000 		.4byte	0x285
 576 02d9 00       		.byte	0
 577 02da 09       		.uleb128 0x9
 578 02db 24060000 		.4byte	.LASF57
 579 02df 07       		.byte	0x7
 580 02e0 9201     		.2byte	0x192
 581 02e2 15010000 		.4byte	0x115
 582 02e6 08       		.byte	0x8
 583 02e7 09       		.uleb128 0x9
 584 02e8 2A050000 		.4byte	.LASF58
 585 02ec 07       		.byte	0x7
 586 02ed 9401     		.2byte	0x194
 587 02ef B6040000 		.4byte	0x4b6
 588 02f3 0C       		.byte	0xc
 589 02f4 09       		.uleb128 0x9
 590 02f5 44020000 		.4byte	.LASF59
 591 02f9 07       		.byte	0x7
 592 02fa 9701     		.2byte	0x197
 593 02fc 5B020000 		.4byte	0x25b
 594 0300 10       		.byte	0x10
 595 0301 09       		.uleb128 0x9
 596 0302 5E050000 		.4byte	.LASF60
 597 0306 07       		.byte	0x7
 598 0307 9801     		.2byte	0x198
 599 0309 5B020000 		.4byte	0x25b
 600 030d 14       		.byte	0x14
 601 030e 09       		.uleb128 0x9
 602 030f 54050000 		.4byte	.LASF61
 603 0313 07       		.byte	0x7
 604 0314 9B01     		.2byte	0x19b
 605 0316 5B020000 		.4byte	0x25b
 606 031a 18       		.byte	0x18
 607 031b 00       		.byte	0
 608 031c 03       		.uleb128 0x3
ARM GAS  C:\Users\jo\AppData\Local\Temp\ccYatFnD.s 			page 12


 609 031d 8F070000 		.4byte	.LASF62
 610 0321 06       		.byte	0x6
 611 0322 5C       		.byte	0x5c
 612 0323 27030000 		.4byte	0x327
 613 0327 0A       		.uleb128 0xa
 614 0328 04       		.byte	0x4
 615 0329 2D030000 		.4byte	0x32d
 616 032d 0C       		.uleb128 0xc
 617 032e 38030000 		.4byte	0x338
 618 0332 0D       		.uleb128 0xd
 619 0333 38030000 		.4byte	0x338
 620 0337 00       		.byte	0
 621 0338 0E       		.uleb128 0xe
 622 0339 04       		.byte	0x4
 623 033a 03       		.uleb128 0x3
 624 033b B2050000 		.4byte	.LASF63
 625 033f 06       		.byte	0x6
 626 0340 61       		.byte	0x61
 627 0341 45030000 		.4byte	0x345
 628 0345 0B       		.uleb128 0xb
 629 0346 70060000 		.4byte	.LASF64
 630 034a 14       		.byte	0x14
 631 034b 07       		.byte	0x7
 632 034c 6B01     		.2byte	0x16b
 633 034e 94030000 		.4byte	0x394
 634 0352 09       		.uleb128 0x9
 635 0353 BC020000 		.4byte	.LASF65
 636 0357 07       		.byte	0x7
 637 0358 6C01     		.2byte	0x16c
 638 035a E0060000 		.4byte	0x6e0
 639 035e 00       		.byte	0
 640 035f 09       		.uleb128 0x9
 641 0360 55020000 		.4byte	.LASF66
 642 0364 07       		.byte	0x7
 643 0365 6D01     		.2byte	0x16d
 644 0367 E0060000 		.4byte	0x6e0
 645 036b 04       		.byte	0x4
 646 036c 09       		.uleb128 0x9
 647 036d B6060000 		.4byte	.LASF67
 648 0371 07       		.byte	0x7
 649 0372 6E01     		.2byte	0x16e
 650 0374 41010000 		.4byte	0x141
 651 0378 08       		.byte	0x8
 652 0379 09       		.uleb128 0x9
 653 037a BD080000 		.4byte	.LASF68
 654 037e 07       		.byte	0x7
 655 037f 6F01     		.2byte	0x16f
 656 0381 1C030000 		.4byte	0x31c
 657 0385 0C       		.byte	0xc
 658 0386 09       		.uleb128 0x9
 659 0387 DB070000 		.4byte	.LASF69
 660 038b 07       		.byte	0x7
 661 038c 7101     		.2byte	0x171
 662 038e 38030000 		.4byte	0x338
 663 0392 10       		.byte	0x10
 664 0393 00       		.byte	0
 665 0394 03       		.uleb128 0x3
ARM GAS  C:\Users\jo\AppData\Local\Temp\ccYatFnD.s 			page 13


 666 0395 D3000000 		.4byte	.LASF70
 667 0399 06       		.byte	0x6
 668 039a 66       		.byte	0x66
 669 039b 9F030000 		.4byte	0x39f
 670 039f 0B       		.uleb128 0xb
 671 03a0 DE040000 		.4byte	.LASF71
 672 03a4 10       		.byte	0x10
 673 03a5 07       		.byte	0x7
 674 03a6 7B01     		.2byte	0x17b
 675 03a8 E1030000 		.4byte	0x3e1
 676 03ac 09       		.uleb128 0x9
 677 03ad BC020000 		.4byte	.LASF65
 678 03b1 07       		.byte	0x7
 679 03b2 7C01     		.2byte	0x17c
 680 03b4 E0060000 		.4byte	0x6e0
 681 03b8 00       		.byte	0
 682 03b9 09       		.uleb128 0x9
 683 03ba 55020000 		.4byte	.LASF66
 684 03be 07       		.byte	0x7
 685 03bf 7E01     		.2byte	0x17e
 686 03c1 E0060000 		.4byte	0x6e0
 687 03c5 04       		.byte	0x4
 688 03c6 09       		.uleb128 0x9
 689 03c7 B6060000 		.4byte	.LASF67
 690 03cb 07       		.byte	0x7
 691 03cc 8001     		.2byte	0x180
 692 03ce 41010000 		.4byte	0x141
 693 03d2 08       		.byte	0x8
 694 03d3 09       		.uleb128 0x9
 695 03d4 0D050000 		.4byte	.LASF72
 696 03d8 07       		.byte	0x7
 697 03d9 8801     		.2byte	0x188
 698 03db 41010000 		.4byte	0x141
 699 03df 0C       		.byte	0xc
 700 03e0 00       		.byte	0
 701 03e1 03       		.uleb128 0x3
 702 03e2 73000000 		.4byte	.LASF73
 703 03e6 06       		.byte	0x6
 704 03e7 6B       		.byte	0x6b
 705 03e8 EC030000 		.4byte	0x3ec
 706 03ec 0F       		.uleb128 0xf
 707 03ed DC050000 		.4byte	.LASF74
 708 03f1 1404     		.2byte	0x414
 709 03f3 07       		.byte	0x7
 710 03f4 A201     		.2byte	0x1a2
 711 03f6 2F040000 		.4byte	0x42f
 712 03fa 09       		.uleb128 0x9
 713 03fb A3070000 		.4byte	.LASF75
 714 03ff 07       		.byte	0x7
 715 0400 AA01     		.2byte	0x1aa
 716 0402 E6060000 		.4byte	0x6e6
 717 0406 00       		.byte	0
 718 0407 09       		.uleb128 0x9
 719 0408 25080000 		.4byte	.LASF76
 720 040c 07       		.byte	0x7
 721 040d AF01     		.2byte	0x1af
 722 040f 36010000 		.4byte	0x136
ARM GAS  C:\Users\jo\AppData\Local\Temp\ccYatFnD.s 			page 14


 723 0413 04       		.byte	0x4
 724 0414 09       		.uleb128 0x9
 725 0415 85020000 		.4byte	.LASF77
 726 0419 07       		.byte	0x7
 727 041a B301     		.2byte	0x1b3
 728 041c 36010000 		.4byte	0x136
 729 0420 08       		.byte	0x8
 730 0421 09       		.uleb128 0x9
 731 0422 8A080000 		.4byte	.LASF78
 732 0426 07       		.byte	0x7
 733 0427 B901     		.2byte	0x1b9
 734 0429 D8050000 		.4byte	0x5d8
 735 042d 0C       		.byte	0xc
 736 042e 00       		.byte	0
 737 042f 03       		.uleb128 0x3
 738 0430 54030000 		.4byte	.LASF79
 739 0434 06       		.byte	0x6
 740 0435 70       		.byte	0x70
 741 0436 3A040000 		.4byte	0x43a
 742 043a 0F       		.uleb128 0xf
 743 043b 5B060000 		.4byte	.LASF80
 744 043f 7005     		.2byte	0x570
 745 0441 07       		.byte	0x7
 746 0442 C201     		.2byte	0x1c2
 747 0444 99040000 		.4byte	0x499
 748 0448 09       		.uleb128 0x9
 749 0449 51080000 		.4byte	.LASF81
 750 044d 07       		.byte	0x7
 751 044e C601     		.2byte	0x1c6
 752 0450 B5020000 		.4byte	0x2b5
 753 0454 00       		.byte	0
 754 0455 09       		.uleb128 0x9
 755 0456 5D020000 		.4byte	.LASF82
 756 045a 07       		.byte	0x7
 757 045b CA01     		.2byte	0x1ca
 758 045d 94030000 		.4byte	0x394
 759 0461 1C       		.byte	0x1c
 760 0462 08       		.uleb128 0x8
 761 0463 64626700 		.ascii	"dbg\000"
 762 0467 07       		.byte	0x7
 763 0468 CE01     		.2byte	0x1ce
 764 046a E1030000 		.4byte	0x3e1
 765 046e 2C       		.byte	0x2c
 766 046f 10       		.uleb128 0x10
 767 0470 C8000000 		.4byte	.LASF83
 768 0474 07       		.byte	0x7
 769 0475 D201     		.2byte	0x1d2
 770 0477 4C010000 		.4byte	0x14c
 771 047b 4004     		.2byte	0x440
 772 047d 11       		.uleb128 0x11
 773 047e 746D00   		.ascii	"tm\000"
 774 0481 07       		.byte	0x7
 775 0482 D701     		.2byte	0x1d7
 776 0484 F8050000 		.4byte	0x5f8
 777 0488 8804     		.2byte	0x488
 778 048a 10       		.uleb128 0x10
 779 048b 4C060000 		.4byte	.LASF84
ARM GAS  C:\Users\jo\AppData\Local\Temp\ccYatFnD.s 			page 15


 780 048f 07       		.byte	0x7
 781 0490 E301     		.2byte	0x1e3
 782 0492 EB060000 		.4byte	0x6eb
 783 0496 9004     		.2byte	0x490
 784 0498 00       		.byte	0
 785 0499 04       		.uleb128 0x4
 786 049a 04       		.byte	0x4
 787 049b 07       		.byte	0x7
 788 049c C2040000 		.4byte	.LASF85
 789 04a0 03       		.uleb128 0x3
 790 04a1 4C020000 		.4byte	.LASF86
 791 04a5 08       		.byte	0x8
 792 04a6 65       		.byte	0x65
 793 04a7 38030000 		.4byte	0x338
 794 04ab 03       		.uleb128 0x3
 795 04ac 72040000 		.4byte	.LASF87
 796 04b0 08       		.byte	0x8
 797 04b1 6D       		.byte	0x6d
 798 04b2 D9000000 		.4byte	0xd9
 799 04b6 06       		.uleb128 0x6
 800 04b7 BD070000 		.4byte	.LASF88
 801 04bb 04       		.byte	0x4
 802 04bc 08       		.byte	0x8
 803 04bd 89       		.byte	0x89
 804 04be CF040000 		.4byte	0x4cf
 805 04c2 12       		.uleb128 0x12
 806 04c3 72313300 		.ascii	"r13\000"
 807 04c7 08       		.byte	0x8
 808 04c8 8A       		.byte	0x8a
 809 04c9 4A050000 		.4byte	0x54a
 810 04cd 00       		.byte	0
 811 04ce 00       		.byte	0
 812 04cf 06       		.uleb128 0x6
 813 04d0 67000000 		.4byte	.LASF89
 814 04d4 24       		.byte	0x24
 815 04d5 09       		.byte	0x9
 816 04d6 F4       		.byte	0xf4
 817 04d7 4A050000 		.4byte	0x54a
 818 04db 08       		.uleb128 0x8
 819 04dc 723400   		.ascii	"r4\000"
 820 04df 09       		.byte	0x9
 821 04e0 0701     		.2byte	0x107
 822 04e2 A0040000 		.4byte	0x4a0
 823 04e6 00       		.byte	0
 824 04e7 08       		.uleb128 0x8
 825 04e8 723500   		.ascii	"r5\000"
 826 04eb 09       		.byte	0x9
 827 04ec 0801     		.2byte	0x108
 828 04ee A0040000 		.4byte	0x4a0
 829 04f2 04       		.byte	0x4
 830 04f3 08       		.uleb128 0x8
 831 04f4 723600   		.ascii	"r6\000"
 832 04f7 09       		.byte	0x9
 833 04f8 0901     		.2byte	0x109
 834 04fa A0040000 		.4byte	0x4a0
 835 04fe 08       		.byte	0x8
 836 04ff 08       		.uleb128 0x8
ARM GAS  C:\Users\jo\AppData\Local\Temp\ccYatFnD.s 			page 16


 837 0500 723700   		.ascii	"r7\000"
 838 0503 09       		.byte	0x9
 839 0504 0A01     		.2byte	0x10a
 840 0506 A0040000 		.4byte	0x4a0
 841 050a 0C       		.byte	0xc
 842 050b 08       		.uleb128 0x8
 843 050c 723800   		.ascii	"r8\000"
 844 050f 09       		.byte	0x9
 845 0510 0B01     		.2byte	0x10b
 846 0512 A0040000 		.4byte	0x4a0
 847 0516 10       		.byte	0x10
 848 0517 08       		.uleb128 0x8
 849 0518 723900   		.ascii	"r9\000"
 850 051b 09       		.byte	0x9
 851 051c 0C01     		.2byte	0x10c
 852 051e A0040000 		.4byte	0x4a0
 853 0522 14       		.byte	0x14
 854 0523 08       		.uleb128 0x8
 855 0524 72313000 		.ascii	"r10\000"
 856 0528 09       		.byte	0x9
 857 0529 0D01     		.2byte	0x10d
 858 052b A0040000 		.4byte	0x4a0
 859 052f 18       		.byte	0x18
 860 0530 08       		.uleb128 0x8
 861 0531 72313100 		.ascii	"r11\000"
 862 0535 09       		.byte	0x9
 863 0536 0E01     		.2byte	0x10e
 864 0538 A0040000 		.4byte	0x4a0
 865 053c 1C       		.byte	0x1c
 866 053d 08       		.uleb128 0x8
 867 053e 6C7200   		.ascii	"lr\000"
 868 0541 09       		.byte	0x9
 869 0542 0F01     		.2byte	0x10f
 870 0544 A0040000 		.4byte	0x4a0
 871 0548 20       		.byte	0x20
 872 0549 00       		.byte	0
 873 054a 0A       		.uleb128 0xa
 874 054b 04       		.byte	0x4
 875 054c CF040000 		.4byte	0x4cf
 876 0550 13       		.uleb128 0x13
 877 0551 10       		.byte	0x10
 878 0552 0A       		.byte	0xa
 879 0553 51       		.byte	0x51
 880 0554 89050000 		.4byte	0x589
 881 0558 07       		.uleb128 0x7
 882 0559 20000000 		.4byte	.LASF90
 883 055d 0A       		.byte	0xa
 884 055e 55       		.byte	0x55
 885 055f 41010000 		.4byte	0x141
 886 0563 00       		.byte	0
 887 0564 07       		.uleb128 0x7
 888 0565 0A020000 		.4byte	.LASF91
 889 0569 0A       		.byte	0xa
 890 056a 59       		.byte	0x59
 891 056b 5B020000 		.4byte	0x25b
 892 056f 04       		.byte	0x4
 893 0570 07       		.uleb128 0x7
ARM GAS  C:\Users\jo\AppData\Local\Temp\ccYatFnD.s 			page 17


 894 0571 F2020000 		.4byte	.LASF92
 895 0575 0A       		.byte	0xa
 896 0576 5D       		.byte	0x5d
 897 0577 38030000 		.4byte	0x338
 898 057b 08       		.byte	0x8
 899 057c 07       		.uleb128 0x7
 900 057d B6000000 		.4byte	.LASF93
 901 0581 0A       		.byte	0xa
 902 0582 61       		.byte	0x61
 903 0583 AD000000 		.4byte	0xad
 904 0587 0C       		.byte	0xc
 905 0588 00       		.byte	0
 906 0589 03       		.uleb128 0x3
 907 058a FE040000 		.4byte	.LASF94
 908 058e 0A       		.byte	0xa
 909 058f 62       		.byte	0x62
 910 0590 50050000 		.4byte	0x550
 911 0594 14       		.uleb128 0x14
 912 0595 0804     		.2byte	0x408
 913 0597 0A       		.byte	0xa
 914 0598 67       		.byte	0x67
 915 0599 C2050000 		.4byte	0x5c2
 916 059d 07       		.uleb128 0x7
 917 059e 3C020000 		.4byte	.LASF95
 918 05a2 0A       		.byte	0xa
 919 05a3 6B       		.byte	0x6b
 920 05a4 37000000 		.4byte	0x37
 921 05a8 00       		.byte	0
 922 05a9 07       		.uleb128 0x7
 923 05aa 0C000000 		.4byte	.LASF96
 924 05ae 0A       		.byte	0xa
 925 05af 6F       		.byte	0x6f
 926 05b0 C2050000 		.4byte	0x5c2
 927 05b4 04       		.byte	0x4
 928 05b5 07       		.uleb128 0x7
 929 05b6 9A050000 		.4byte	.LASF97
 930 05ba 0A       		.byte	0xa
 931 05bb 73       		.byte	0x73
 932 05bc C8050000 		.4byte	0x5c8
 933 05c0 08       		.byte	0x8
 934 05c1 00       		.byte	0
 935 05c2 0A       		.uleb128 0xa
 936 05c3 04       		.byte	0x4
 937 05c4 89050000 		.4byte	0x589
 938 05c8 15       		.uleb128 0x15
 939 05c9 89050000 		.4byte	0x589
 940 05cd D8050000 		.4byte	0x5d8
 941 05d1 16       		.uleb128 0x16
 942 05d2 99040000 		.4byte	0x499
 943 05d6 3F       		.byte	0x3f
 944 05d7 00       		.byte	0
 945 05d8 03       		.uleb128 0x3
 946 05d9 A4000000 		.4byte	.LASF98
 947 05dd 0A       		.byte	0xa
 948 05de 74       		.byte	0x74
 949 05df 94050000 		.4byte	0x594
 950 05e3 13       		.uleb128 0x13
ARM GAS  C:\Users\jo\AppData\Local\Temp\ccYatFnD.s 			page 18


 951 05e4 04       		.byte	0x4
 952 05e5 0B       		.byte	0xb
 953 05e6 38       		.byte	0x38
 954 05e7 F8050000 		.4byte	0x5f8
 955 05eb 07       		.uleb128 0x7
 956 05ec AD070000 		.4byte	.LASF99
 957 05f0 0B       		.byte	0xb
 958 05f1 3C       		.byte	0x3c
 959 05f2 E9000000 		.4byte	0xe9
 960 05f6 00       		.byte	0
 961 05f7 00       		.byte	0
 962 05f8 03       		.uleb128 0x3
 963 05f9 30050000 		.4byte	.LASF100
 964 05fd 0B       		.byte	0xb
 965 05fe 3D       		.byte	0x3d
 966 05ff E3050000 		.4byte	0x5e3
 967 0603 17       		.uleb128 0x17
 968 0604 04       		.byte	0x4
 969 0605 07       		.byte	0x7
 970 0606 FA       		.byte	0xfa
 971 0607 60060000 		.4byte	0x660
 972 060b 18       		.uleb128 0x18
 973 060c 47000000 		.4byte	.LASF101
 974 0610 07       		.byte	0x7
 975 0611 0101     		.2byte	0x101
 976 0613 20010000 		.4byte	0x120
 977 0617 18       		.uleb128 0x18
 978 0618 BF000000 		.4byte	.LASF102
 979 061c 07       		.byte	0x7
 980 061d 0801     		.2byte	0x108
 981 061f 20010000 		.4byte	0x120
 982 0623 18       		.uleb128 0x18
 983 0624 72080000 		.4byte	.LASF103
 984 0628 07       		.byte	0x7
 985 0629 0F01     		.2byte	0x10f
 986 062b 38030000 		.4byte	0x338
 987 062f 18       		.uleb128 0x18
 988 0630 C7010000 		.4byte	.LASF104
 989 0634 07       		.byte	0x7
 990 0635 1601     		.2byte	0x116
 991 0637 60060000 		.4byte	0x660
 992 063b 18       		.uleb128 0x18
 993 063c D0020000 		.4byte	.LASF105
 994 0640 07       		.byte	0x7
 995 0641 1E01     		.2byte	0x11e
 996 0643 8B060000 		.4byte	0x68b
 997 0647 18       		.uleb128 0x18
 998 0648 A7060000 		.4byte	.LASF106
 999 064c 07       		.byte	0x7
 1000 064d 2701     		.2byte	0x127
 1001 064f C2060000 		.4byte	0x6c2
 1002 0653 18       		.uleb128 0x18
 1003 0654 2B060000 		.4byte	.LASF107
 1004 0658 07       		.byte	0x7
 1005 0659 2F01     		.2byte	0x12f
 1006 065b 2B010000 		.4byte	0x12b
 1007 065f 00       		.byte	0
ARM GAS  C:\Users\jo\AppData\Local\Temp\ccYatFnD.s 			page 19


 1008 0660 0A       		.uleb128 0xa
 1009 0661 04       		.byte	0x4
 1010 0662 50020000 		.4byte	0x250
 1011 0666 06       		.uleb128 0x6
 1012 0667 81060000 		.4byte	.LASF108
 1013 066b 0C       		.byte	0xc
 1014 066c 0C       		.byte	0xc
 1015 066d 34       		.byte	0x34
 1016 066e 8B060000 		.4byte	0x68b
 1017 0672 07       		.uleb128 0x7
 1018 0673 21020000 		.4byte	.LASF109
 1019 0677 0C       		.byte	0xc
 1020 0678 35       		.byte	0x35
 1021 0679 85020000 		.4byte	0x285
 1022 067d 00       		.byte	0
 1023 067e 07       		.uleb128 0x7
 1024 067f 0D030000 		.4byte	.LASF110
 1025 0683 0C       		.byte	0xc
 1026 0684 37       		.byte	0x37
 1027 0685 36010000 		.4byte	0x136
 1028 0689 08       		.byte	0x8
 1029 068a 00       		.byte	0
 1030 068b 0A       		.uleb128 0xa
 1031 068c 04       		.byte	0x4
 1032 068d 66060000 		.4byte	0x666
 1033 0691 06       		.uleb128 0x6
 1034 0692 B4070000 		.4byte	.LASF111
 1035 0696 10       		.byte	0x10
 1036 0697 0D       		.byte	0xd
 1037 0698 39       		.byte	0x39
 1038 0699 C2060000 		.4byte	0x6c2
 1039 069d 07       		.uleb128 0x7
 1040 069e A7010000 		.4byte	.LASF112
 1041 06a2 0D       		.byte	0xd
 1042 06a3 3A       		.byte	0x3a
 1043 06a4 85020000 		.4byte	0x285
 1044 06a8 00       		.byte	0
 1045 06a9 07       		.uleb128 0x7
 1046 06aa A6080000 		.4byte	.LASF113
 1047 06ae 0D       		.byte	0xd
 1048 06af 3C       		.byte	0x3c
 1049 06b0 5B020000 		.4byte	0x25b
 1050 06b4 08       		.byte	0x8
 1051 06b5 07       		.uleb128 0x7
 1052 06b6 73070000 		.4byte	.LASF114
 1053 06ba 0D       		.byte	0xd
 1054 06bb 3E       		.byte	0x3e
 1055 06bc 06070000 		.4byte	0x706
 1056 06c0 0C       		.byte	0xc
 1057 06c1 00       		.byte	0
 1058 06c2 0A       		.uleb128 0xa
 1059 06c3 04       		.byte	0x4
 1060 06c4 91060000 		.4byte	0x691
 1061 06c8 0A       		.uleb128 0xa
 1062 06c9 04       		.byte	0x4
 1063 06ca CE060000 		.4byte	0x6ce
 1064 06ce 19       		.uleb128 0x19
ARM GAS  C:\Users\jo\AppData\Local\Temp\ccYatFnD.s 			page 20


 1065 06cf D3060000 		.4byte	0x6d3
 1066 06d3 04       		.uleb128 0x4
 1067 06d4 01       		.byte	0x1
 1068 06d5 08       		.byte	0x8
 1069 06d6 31070000 		.4byte	.LASF115
 1070 06da 0A       		.uleb128 0xa
 1071 06db 04       		.byte	0x4
 1072 06dc AB040000 		.4byte	0x4ab
 1073 06e0 0A       		.uleb128 0xa
 1074 06e1 04       		.byte	0x4
 1075 06e2 3A030000 		.4byte	0x33a
 1076 06e6 05       		.uleb128 0x5
 1077 06e7 C8060000 		.4byte	0x6c8
 1078 06eb 15       		.uleb128 0x15
 1079 06ec AB040000 		.4byte	0x4ab
 1080 06f0 FB060000 		.4byte	0x6fb
 1081 06f4 16       		.uleb128 0x16
 1082 06f5 99040000 		.4byte	0x499
 1083 06f9 1B       		.byte	0x1b
 1084 06fa 00       		.byte	0
 1085 06fb 03       		.uleb128 0x3
 1086 06fc 7D020000 		.4byte	.LASF116
 1087 0700 0D       		.byte	0xd
 1088 0701 34       		.byte	0x34
 1089 0702 91060000 		.4byte	0x691
 1090 0706 0A       		.uleb128 0xa
 1091 0707 04       		.byte	0x4
 1092 0708 FB060000 		.4byte	0x6fb
 1093 070c 04       		.uleb128 0x4
 1094 070d 01       		.byte	0x1
 1095 070e 02       		.byte	0x2
 1096 070f EC050000 		.4byte	.LASF117
 1097 0713 0A       		.uleb128 0xa
 1098 0714 04       		.byte	0x4
 1099 0715 D3060000 		.4byte	0x6d3
 1100 0719 15       		.uleb128 0x15
 1101 071a D3060000 		.4byte	0x6d3
 1102 071e 29070000 		.4byte	0x729
 1103 0722 16       		.uleb128 0x16
 1104 0723 99040000 		.4byte	0x499
 1105 0727 07       		.byte	0x7
 1106 0728 00       		.byte	0
 1107 0729 03       		.uleb128 0x3
 1108 072a 88010000 		.4byte	.LASF118
 1109 072e 0E       		.byte	0xe
 1110 072f 3F       		.byte	0x3f
 1111 0730 AD000000 		.4byte	0xad
 1112 0734 03       		.uleb128 0x3
 1113 0735 E2070000 		.4byte	.LASF119
 1114 0739 0E       		.byte	0xe
 1115 073a 41       		.byte	0x41
 1116 073b B8000000 		.4byte	0xb8
 1117 073f 03       		.uleb128 0x3
 1118 0740 EC020000 		.4byte	.LASF120
 1119 0744 0E       		.byte	0xe
 1120 0745 43       		.byte	0x43
 1121 0746 CE000000 		.4byte	0xce
ARM GAS  C:\Users\jo\AppData\Local\Temp\ccYatFnD.s 			page 21


 1122 074a 06       		.uleb128 0x6
 1123 074b C5080000 		.4byte	.LASF121
 1124 074f 04       		.byte	0x4
 1125 0750 0F       		.byte	0xf
 1126 0751 2C       		.byte	0x2c
 1127 0752 63070000 		.4byte	0x763
 1128 0756 07       		.uleb128 0x7
 1129 0757 B5020000 		.4byte	.LASF122
 1130 075b 0F       		.byte	0xf
 1131 075c 2D       		.byte	0x2d
 1132 075d 3F070000 		.4byte	0x73f
 1133 0761 00       		.byte	0
 1134 0762 00       		.byte	0
 1135 0763 06       		.uleb128 0x6
 1136 0764 45080000 		.4byte	.LASF123
 1137 0768 10       		.byte	0x10
 1138 0769 10       		.byte	0x10
 1139 076a 33       		.byte	0x33
 1140 076b AC070000 		.4byte	0x7ac
 1141 076f 07       		.uleb128 0x7
 1142 0770 41050000 		.4byte	.LASF124
 1143 0774 10       		.byte	0x10
 1144 0775 34       		.byte	0x34
 1145 0776 29070000 		.4byte	0x729
 1146 077a 00       		.byte	0
 1147 077b 07       		.uleb128 0x7
 1148 077c A8040000 		.4byte	.LASF125
 1149 0780 10       		.byte	0x10
 1150 0781 35       		.byte	0x35
 1151 0782 29070000 		.4byte	0x729
 1152 0786 01       		.byte	0x1
 1153 0787 07       		.uleb128 0x7
 1154 0788 7F050000 		.4byte	.LASF126
 1155 078c 10       		.byte	0x10
 1156 078d 36       		.byte	0x36
 1157 078e 34070000 		.4byte	0x734
 1158 0792 02       		.byte	0x2
 1159 0793 07       		.uleb128 0x7
 1160 0794 30030000 		.4byte	.LASF127
 1161 0798 10       		.byte	0x10
 1162 0799 37       		.byte	0x37
 1163 079a 4A070000 		.4byte	0x74a
 1164 079e 04       		.byte	0x4
 1165 079f 07       		.uleb128 0x7
 1166 07a0 64020000 		.4byte	.LASF128
 1167 07a4 10       		.byte	0x10
 1168 07a5 38       		.byte	0x38
 1169 07a6 19070000 		.4byte	0x719
 1170 07aa 08       		.byte	0x8
 1171 07ab 00       		.byte	0
 1172 07ac 1A       		.uleb128 0x1a
 1173 07ad 36070000 		.4byte	.LASF129
 1174 07b1 6406     		.2byte	0x664
 1175 07b3 11       		.byte	0x11
 1176 07b4 3A       		.byte	0x3a
 1177 07b5 12080000 		.4byte	0x812
 1178 07b9 07       		.uleb128 0x7
ARM GAS  C:\Users\jo\AppData\Local\Temp\ccYatFnD.s 			page 22


 1179 07ba 88050000 		.4byte	.LASF130
 1180 07be 11       		.byte	0x11
 1181 07bf 3B       		.byte	0x3b
 1182 07c0 25000000 		.4byte	0x25
 1183 07c4 00       		.byte	0
 1184 07c5 07       		.uleb128 0x7
 1185 07c6 CD080000 		.4byte	.LASF131
 1186 07ca 11       		.byte	0x11
 1187 07cb 3C       		.byte	0x3c
 1188 07cc 25000000 		.4byte	0x25
 1189 07d0 04       		.byte	0x4
 1190 07d1 07       		.uleb128 0x7
 1191 07d2 57080000 		.4byte	.LASF132
 1192 07d6 11       		.byte	0x11
 1193 07d7 3D       		.byte	0x3d
 1194 07d8 12080000 		.4byte	0x812
 1195 07dc 08       		.byte	0x8
 1196 07dd 1B       		.uleb128 0x1b
 1197 07de D1050000 		.4byte	.LASF133
 1198 07e2 11       		.byte	0x11
 1199 07e3 3E       		.byte	0x3e
 1200 07e4 25000000 		.4byte	0x25
 1201 07e8 3C06     		.2byte	0x63c
 1202 07ea 1B       		.uleb128 0x1b
 1203 07eb 9D020000 		.4byte	.LASF134
 1204 07ef 11       		.byte	0x11
 1205 07f0 3F       		.byte	0x3f
 1206 07f1 25000000 		.4byte	0x25
 1207 07f5 4006     		.2byte	0x640
 1208 07f7 1B       		.uleb128 0x1b
 1209 07f8 CF060000 		.4byte	.LASF135
 1210 07fc 11       		.byte	0x11
 1211 07fd 40       		.byte	0x40
 1212 07fe 63070000 		.4byte	0x763
 1213 0802 4406     		.2byte	0x644
 1214 0804 1B       		.uleb128 0x1b
 1215 0805 13030000 		.4byte	.LASF136
 1216 0809 11       		.byte	0x11
 1217 080a 41       		.byte	0x41
 1218 080b 63070000 		.4byte	0x763
 1219 080f 5406     		.2byte	0x654
 1220 0811 00       		.byte	0
 1221 0812 15       		.uleb128 0x15
 1222 0813 D3060000 		.4byte	0x6d3
 1223 0817 23080000 		.4byte	0x823
 1224 081b 1C       		.uleb128 0x1c
 1225 081c 99040000 		.4byte	0x499
 1226 0820 3306     		.2byte	0x633
 1227 0822 00       		.byte	0
 1228 0823 03       		.uleb128 0x3
 1229 0824 68030000 		.4byte	.LASF137
 1230 0828 12       		.byte	0x12
 1231 0829 3D       		.byte	0x3d
 1232 082a AC070000 		.4byte	0x7ac
 1233 082e 0A       		.uleb128 0xa
 1234 082f 04       		.byte	0x4
 1235 0830 23080000 		.4byte	0x823
ARM GAS  C:\Users\jo\AppData\Local\Temp\ccYatFnD.s 			page 23


 1236 0834 03       		.uleb128 0x3
 1237 0835 38080000 		.4byte	.LASF138
 1238 0839 13       		.byte	0x13
 1239 083a 89       		.byte	0x89
 1240 083b 3F080000 		.4byte	0x83f
 1241 083f 06       		.uleb128 0x6
 1242 0840 A4050000 		.4byte	.LASF139
 1243 0844 4C       		.byte	0x4c
 1244 0845 13       		.byte	0x13
 1245 0846 8C       		.byte	0x8c
 1246 0847 30090000 		.4byte	0x930
 1247 084b 07       		.uleb128 0x7
 1248 084c 2D080000 		.4byte	.LASF140
 1249 0850 13       		.byte	0x13
 1250 0851 8D       		.byte	0x8d
 1251 0852 25000000 		.4byte	0x25
 1252 0856 00       		.byte	0
 1253 0857 07       		.uleb128 0x7
 1254 0858 02020000 		.4byte	.LASF141
 1255 085c 13       		.byte	0x13
 1256 085d 8E       		.byte	0x8e
 1257 085e 13070000 		.4byte	0x713
 1258 0862 04       		.byte	0x4
 1259 0863 07       		.uleb128 0x7
 1260 0864 2F000000 		.4byte	.LASF142
 1261 0868 13       		.byte	0x13
 1262 0869 8F       		.byte	0x8f
 1263 086a 25000000 		.4byte	0x25
 1264 086e 08       		.byte	0x8
 1265 086f 07       		.uleb128 0x7
 1266 0870 4E000000 		.4byte	.LASF143
 1267 0874 13       		.byte	0x13
 1268 0875 90       		.byte	0x90
 1269 0876 13070000 		.4byte	0x713
 1270 087a 0C       		.byte	0xc
 1271 087b 07       		.uleb128 0x7
 1272 087c 9E010000 		.4byte	.LASF144
 1273 0880 13       		.byte	0x13
 1274 0881 91       		.byte	0x91
 1275 0882 13070000 		.4byte	0x713
 1276 0886 10       		.byte	0x10
 1277 0887 07       		.uleb128 0x7
 1278 0888 8D010000 		.4byte	.LASF145
 1279 088c 13       		.byte	0x13
 1280 088d 92       		.byte	0x92
 1281 088e 13070000 		.4byte	0x713
 1282 0892 14       		.byte	0x14
 1283 0893 07       		.uleb128 0x7
 1284 0894 BE010000 		.4byte	.LASF146
 1285 0898 13       		.byte	0x13
 1286 0899 93       		.byte	0x93
 1287 089a 13070000 		.4byte	0x713
 1288 089e 18       		.byte	0x18
 1289 089f 07       		.uleb128 0x7
 1290 08a0 AF010000 		.4byte	.LASF147
 1291 08a4 13       		.byte	0x13
 1292 08a5 94       		.byte	0x94
ARM GAS  C:\Users\jo\AppData\Local\Temp\ccYatFnD.s 			page 24


 1293 08a6 25000000 		.4byte	0x25
 1294 08aa 1C       		.byte	0x1c
 1295 08ab 07       		.uleb128 0x7
 1296 08ac 43030000 		.4byte	.LASF148
 1297 08b0 13       		.byte	0x13
 1298 08b1 96       		.byte	0x96
 1299 08b2 7B000000 		.4byte	0x7b
 1300 08b6 20       		.byte	0x20
 1301 08b7 07       		.uleb128 0x7
 1302 08b8 D7020000 		.4byte	.LASF149
 1303 08bc 13       		.byte	0x13
 1304 08bd 97       		.byte	0x97
 1305 08be 13070000 		.4byte	0x713
 1306 08c2 24       		.byte	0x24
 1307 08c3 07       		.uleb128 0x7
 1308 08c4 9D080000 		.4byte	.LASF150
 1309 08c8 13       		.byte	0x13
 1310 08c9 98       		.byte	0x98
 1311 08ca 13070000 		.4byte	0x713
 1312 08ce 28       		.byte	0x28
 1313 08cf 07       		.uleb128 0x7
 1314 08d0 82000000 		.4byte	.LASF151
 1315 08d4 13       		.byte	0x13
 1316 08d5 99       		.byte	0x99
 1317 08d6 13070000 		.4byte	0x713
 1318 08da 2C       		.byte	0x2c
 1319 08db 07       		.uleb128 0x7
 1320 08dc 8E020000 		.4byte	.LASF152
 1321 08e0 13       		.byte	0x13
 1322 08e1 9A       		.byte	0x9a
 1323 08e2 13070000 		.4byte	0x713
 1324 08e6 30       		.byte	0x30
 1325 08e7 07       		.uleb128 0x7
 1326 08e8 CD010000 		.4byte	.LASF153
 1327 08ec 13       		.byte	0x13
 1328 08ed 9B       		.byte	0x9b
 1329 08ee 13070000 		.4byte	0x713
 1330 08f2 34       		.byte	0x34
 1331 08f3 07       		.uleb128 0x7
 1332 08f4 3B000000 		.4byte	.LASF154
 1333 08f8 13       		.byte	0x13
 1334 08f9 9F       		.byte	0x9f
 1335 08fa 13070000 		.4byte	0x713
 1336 08fe 38       		.byte	0x38
 1337 08ff 07       		.uleb128 0x7
 1338 0900 F5040000 		.4byte	.LASF155
 1339 0904 13       		.byte	0x13
 1340 0905 A0       		.byte	0xa0
 1341 0906 13070000 		.4byte	0x713
 1342 090a 3C       		.byte	0x3c
 1343 090b 07       		.uleb128 0x7
 1344 090c E8070000 		.4byte	.LASF156
 1345 0910 13       		.byte	0x13
 1346 0911 A1       		.byte	0xa1
 1347 0912 13070000 		.4byte	0x713
 1348 0916 40       		.byte	0x40
 1349 0917 07       		.uleb128 0x7
ARM GAS  C:\Users\jo\AppData\Local\Temp\ccYatFnD.s 			page 25


 1350 0918 CD070000 		.4byte	.LASF157
 1351 091c 13       		.byte	0x13
 1352 091d A2       		.byte	0xa2
 1353 091e 13070000 		.4byte	0x713
 1354 0922 44       		.byte	0x44
 1355 0923 07       		.uleb128 0x7
 1356 0924 61010000 		.4byte	.LASF158
 1357 0928 13       		.byte	0x13
 1358 0929 A3       		.byte	0xa3
 1359 092a 13070000 		.4byte	0x713
 1360 092e 48       		.byte	0x48
 1361 092f 00       		.byte	0
 1362 0930 03       		.uleb128 0x3
 1363 0931 E0010000 		.4byte	.LASF159
 1364 0935 13       		.byte	0x13
 1365 0936 A8       		.byte	0xa8
 1366 0937 3B090000 		.4byte	0x93b
 1367 093b 06       		.uleb128 0x6
 1368 093c F5070000 		.4byte	.LASF160
 1369 0940 50       		.byte	0x50
 1370 0941 13       		.byte	0x13
 1371 0942 AB       		.byte	0xab
 1372 0943 60090000 		.4byte	0x960
 1373 0947 07       		.uleb128 0x7
 1374 0948 69080000 		.4byte	.LASF161
 1375 094c 13       		.byte	0x13
 1376 094d AC       		.byte	0xac
 1377 094e 2E080000 		.4byte	0x82e
 1378 0952 00       		.byte	0
 1379 0953 07       		.uleb128 0x7
 1380 0954 8C040000 		.4byte	.LASF162
 1381 0958 13       		.byte	0x13
 1382 0959 AD       		.byte	0xad
 1383 095a 34080000 		.4byte	0x834
 1384 095e 04       		.byte	0x4
 1385 095f 00       		.byte	0
 1386 0960 0A       		.uleb128 0xa
 1387 0961 04       		.byte	0x4
 1388 0962 30090000 		.4byte	0x930
 1389 0966 03       		.uleb128 0x3
 1390 0967 FC020000 		.4byte	.LASF163
 1391 096b 14       		.byte	0x14
 1392 096c 3A       		.byte	0x3a
 1393 096d 71090000 		.4byte	0x971
 1394 0971 06       		.uleb128 0x6
 1395 0972 65060000 		.4byte	.LASF164
 1396 0976 24       		.byte	0x24
 1397 0977 14       		.byte	0x14
 1398 0978 3F       		.byte	0x3f
 1399 0979 C6090000 		.4byte	0x9c6
 1400 097d 07       		.uleb128 0x7
 1401 097e F7010000 		.4byte	.LASF165
 1402 0982 14       		.byte	0x14
 1403 0983 41       		.byte	0x41
 1404 0984 FB090000 		.4byte	0x9fb
 1405 0988 00       		.byte	0
 1406 0989 07       		.uleb128 0x7
ARM GAS  C:\Users\jo\AppData\Local\Temp\ccYatFnD.s 			page 26


 1407 098a 41060000 		.4byte	.LASF166
 1408 098e 14       		.byte	0x14
 1409 098f 43       		.byte	0x43
 1410 0990 13070000 		.4byte	0x713
 1411 0994 08       		.byte	0x8
 1412 0995 07       		.uleb128 0x7
 1413 0996 43070000 		.4byte	.LASF167
 1414 099a 14       		.byte	0x14
 1415 099b 45       		.byte	0x45
 1416 099c 13070000 		.4byte	0x713
 1417 09a0 0C       		.byte	0xc
 1418 09a1 07       		.uleb128 0x7
 1419 09a2 00000000 		.4byte	.LASF168
 1420 09a6 14       		.byte	0x14
 1421 09a7 47       		.byte	0x47
 1422 09a8 37000000 		.4byte	0x37
 1423 09ac 10       		.byte	0x10
 1424 09ad 07       		.uleb128 0x7
 1425 09ae 65070000 		.4byte	.LASF169
 1426 09b2 14       		.byte	0x14
 1427 09b3 49       		.byte	0x49
 1428 09b4 C6090000 		.4byte	0x9c6
 1429 09b8 14       		.byte	0x14
 1430 09b9 07       		.uleb128 0x7
 1431 09ba 14080000 		.4byte	.LASF170
 1432 09be 14       		.byte	0x14
 1433 09bf 4B       		.byte	0x4b
 1434 09c0 220A0000 		.4byte	0xa22
 1435 09c4 18       		.byte	0x18
 1436 09c5 00       		.byte	0
 1437 09c6 03       		.uleb128 0x3
 1438 09c7 1E030000 		.4byte	.LASF171
 1439 09cb 14       		.byte	0x14
 1440 09cc 3C       		.byte	0x3c
 1441 09cd D1090000 		.4byte	0x9d1
 1442 09d1 0A       		.uleb128 0xa
 1443 09d2 04       		.byte	0x4
 1444 09d3 D7090000 		.4byte	0x9d7
 1445 09d7 1D       		.uleb128 0x1d
 1446 09d8 25000000 		.4byte	0x25
 1447 09dc F0090000 		.4byte	0x9f0
 1448 09e0 0D       		.uleb128 0xd
 1449 09e1 60090000 		.4byte	0x960
 1450 09e5 0D       		.uleb128 0xd
 1451 09e6 F0090000 		.4byte	0x9f0
 1452 09ea 0D       		.uleb128 0xd
 1453 09eb C8060000 		.4byte	0x6c8
 1454 09ef 00       		.byte	0
 1455 09f0 0A       		.uleb128 0xa
 1456 09f1 04       		.byte	0x4
 1457 09f2 F6090000 		.4byte	0x9f6
 1458 09f6 19       		.uleb128 0x19
 1459 09f7 66090000 		.4byte	0x966
 1460 09fb 13       		.uleb128 0x13
 1461 09fc 08       		.byte	0x8
 1462 09fd 14       		.byte	0x14
 1463 09fe 41       		.byte	0x41
ARM GAS  C:\Users\jo\AppData\Local\Temp\ccYatFnD.s 			page 27


 1464 09ff 1C0A0000 		.4byte	0xa1c
 1465 0a03 07       		.uleb128 0x7
 1466 0a04 62000000 		.4byte	.LASF172
 1467 0a08 14       		.byte	0x14
 1468 0a09 41       		.byte	0x41
 1469 0a0a 1C0A0000 		.4byte	0xa1c
 1470 0a0e 00       		.byte	0
 1471 0a0f 07       		.uleb128 0x7
 1472 0a10 F6000000 		.4byte	.LASF173
 1473 0a14 14       		.byte	0x14
 1474 0a15 41       		.byte	0x41
 1475 0a16 1C0A0000 		.4byte	0xa1c
 1476 0a1a 04       		.byte	0x4
 1477 0a1b 00       		.byte	0
 1478 0a1c 0A       		.uleb128 0xa
 1479 0a1d 04       		.byte	0x4
 1480 0a1e 66090000 		.4byte	0x966
 1481 0a22 15       		.uleb128 0x15
 1482 0a23 D3060000 		.4byte	0x6d3
 1483 0a27 320A0000 		.4byte	0xa32
 1484 0a2b 16       		.uleb128 0x16
 1485 0a2c 99040000 		.4byte	0x499
 1486 0a30 08       		.byte	0x8
 1487 0a31 00       		.byte	0
 1488 0a32 13       		.uleb128 0x13
 1489 0a33 08       		.byte	0x8
 1490 0a34 01       		.byte	0x1
 1491 0a35 2C       		.byte	0x2c
 1492 0a36 530A0000 		.4byte	0xa53
 1493 0a3a 07       		.uleb128 0x7
 1494 0a3b 99060000 		.4byte	.LASF174
 1495 0a3f 01       		.byte	0x1
 1496 0a40 2C       		.byte	0x2c
 1497 0a41 1C0A0000 		.4byte	0xa1c
 1498 0a45 00       		.byte	0
 1499 0a46 07       		.uleb128 0x7
 1500 0a47 BD040000 		.4byte	.LASF175
 1501 0a4b 01       		.byte	0x1
 1502 0a4c 2C       		.byte	0x2c
 1503 0a4d 1C0A0000 		.4byte	0xa1c
 1504 0a51 04       		.byte	0x4
 1505 0a52 00       		.byte	0
 1506 0a53 1E       		.uleb128 0x1e
 1507 0a54 92040000 		.4byte	.LASF185
 1508 0a58 01       		.byte	0x1
 1509 0a59 5C       		.byte	0x5c
 1510 0a5a 25000000 		.4byte	0x25
 1511 0a5e 00000000 		.4byte	.LFB260
 1512 0a62 48000000 		.4byte	.LFE260-.LFB260
 1513 0a66 01       		.uleb128 0x1
 1514 0a67 9C       		.byte	0x9c
 1515 0a68 760A0000 		.4byte	0xa76
 1516 0a6c 1F       		.uleb128 0x1f
 1517 0a6d 6900     		.ascii	"i\000"
 1518 0a6f 01       		.byte	0x1
 1519 0a70 5E       		.byte	0x5e
 1520 0a71 25000000 		.4byte	0x25
ARM GAS  C:\Users\jo\AppData\Local\Temp\ccYatFnD.s 			page 28


 1521 0a75 00       		.byte	0
 1522 0a76 15       		.uleb128 0x15
 1523 0a77 D3060000 		.4byte	0x6d3
 1524 0a7b 860A0000 		.4byte	0xa86
 1525 0a7f 16       		.uleb128 0x16
 1526 0a80 99040000 		.4byte	0x499
 1527 0a84 04       		.byte	0x4
 1528 0a85 00       		.byte	0
 1529 0a86 20       		.uleb128 0x20
 1530 0a87 AE080000 		.4byte	.LASF176
 1531 0a8b 01       		.byte	0x1
 1532 0a8c 2E       		.byte	0x2e
 1533 0a8d 760A0000 		.4byte	0xa76
 1534 0a91 05       		.uleb128 0x5
 1535 0a92 03       		.byte	0x3
 1536 0a93 00000000 		.4byte	mtc_text
 1537 0a97 15       		.uleb128 0x15
 1538 0a98 D3060000 		.4byte	0x6d3
 1539 0a9c A70A0000 		.4byte	0xaa7
 1540 0aa0 16       		.uleb128 0x16
 1541 0aa1 99040000 		.4byte	0x499
 1542 0aa5 05       		.byte	0x5
 1543 0aa6 00       		.byte	0
 1544 0aa7 20       		.uleb128 0x20
 1545 0aa8 80080000 		.4byte	.LASF177
 1546 0aac 01       		.byte	0x1
 1547 0aad 2F       		.byte	0x2f
 1548 0aae 970A0000 		.4byte	0xa97
 1549 0ab2 05       		.uleb128 0x5
 1550 0ab3 03       		.byte	0x3
 1551 0ab4 00000000 		.4byte	mtc_image
 1552 0ab8 15       		.uleb128 0x15
 1553 0ab9 66090000 		.4byte	0x966
 1554 0abd C80A0000 		.4byte	0xac8
 1555 0ac1 16       		.uleb128 0x16
 1556 0ac2 99040000 		.4byte	0x499
 1557 0ac6 07       		.byte	0x7
 1558 0ac7 00       		.byte	0
 1559 0ac8 20       		.uleb128 0x20
 1560 0ac9 C4020000 		.4byte	.LASF178
 1561 0acd 01       		.byte	0x1
 1562 0ace 33       		.byte	0x33
 1563 0acf B80A0000 		.4byte	0xab8
 1564 0ad3 05       		.uleb128 0x5
 1565 0ad4 03       		.byte	0x3
 1566 0ad5 00000000 		.4byte	mt_defaults
 1567 0ad9 21       		.uleb128 0x21
 1568 0ada E9000000 		.4byte	.LASF179
 1569 0ade 15       		.byte	0x15
 1570 0adf A706     		.2byte	0x6a7
 1571 0ae1 E4000000 		.4byte	0xe4
 1572 0ae5 22       		.uleb128 0x22
 1573 0ae6 636800   		.ascii	"ch\000"
 1574 0ae9 07       		.byte	0x7
 1575 0aea 0902     		.2byte	0x209
 1576 0aec 2F040000 		.4byte	0x42f
 1577 0af0 23       		.uleb128 0x23
ARM GAS  C:\Users\jo\AppData\Local\Temp\ccYatFnD.s 			page 29


 1578 0af1 66050000 		.4byte	.LASF180
 1579 0af5 01       		.byte	0x1
 1580 0af6 2C       		.byte	0x2c
 1581 0af7 320A0000 		.4byte	0xa32
 1582 0afb 15       		.uleb128 0x15
 1583 0afc D3060000 		.4byte	0x6d3
 1584 0b00 0B0B0000 		.4byte	0xb0b
 1585 0b04 16       		.uleb128 0x16
 1586 0b05 99040000 		.4byte	0x499
 1587 0b09 0B       		.byte	0xb
 1588 0b0a 00       		.byte	0
 1589 0b0b 24       		.uleb128 0x24
 1590 0b0c 6D020000 		.4byte	.LASF181
 1591 0b10 01       		.byte	0x1
 1592 0b11 30       		.byte	0x30
 1593 0b12 FB0A0000 		.4byte	0xafb
 1594 0b16 05       		.uleb128 0x5
 1595 0b17 03       		.byte	0x3
 1596 0b18 00000000 		.4byte	mtc_application
 1597 0b1c 00       		.byte	0
 1598              		.section	.debug_abbrev,"",%progbits
 1599              	.Ldebug_abbrev0:
 1600 0000 01       		.uleb128 0x1
 1601 0001 11       		.uleb128 0x11
 1602 0002 01       		.byte	0x1
 1603 0003 25       		.uleb128 0x25
 1604 0004 0E       		.uleb128 0xe
 1605 0005 13       		.uleb128 0x13
 1606 0006 0B       		.uleb128 0xb
 1607 0007 03       		.uleb128 0x3
 1608 0008 0E       		.uleb128 0xe
 1609 0009 1B       		.uleb128 0x1b
 1610 000a 0E       		.uleb128 0xe
 1611 000b 55       		.uleb128 0x55
 1612 000c 17       		.uleb128 0x17
 1613 000d 11       		.uleb128 0x11
 1614 000e 01       		.uleb128 0x1
 1615 000f 10       		.uleb128 0x10
 1616 0010 17       		.uleb128 0x17
 1617 0011 00       		.byte	0
 1618 0012 00       		.byte	0
 1619 0013 02       		.uleb128 0x2
 1620 0014 24       		.uleb128 0x24
 1621 0015 00       		.byte	0
 1622 0016 0B       		.uleb128 0xb
 1623 0017 0B       		.uleb128 0xb
 1624 0018 3E       		.uleb128 0x3e
 1625 0019 0B       		.uleb128 0xb
 1626 001a 03       		.uleb128 0x3
 1627 001b 08       		.uleb128 0x8
 1628 001c 00       		.byte	0
 1629 001d 00       		.byte	0
 1630 001e 03       		.uleb128 0x3
 1631 001f 16       		.uleb128 0x16
 1632 0020 00       		.byte	0
 1633 0021 03       		.uleb128 0x3
 1634 0022 0E       		.uleb128 0xe
ARM GAS  C:\Users\jo\AppData\Local\Temp\ccYatFnD.s 			page 30


 1635 0023 3A       		.uleb128 0x3a
 1636 0024 0B       		.uleb128 0xb
 1637 0025 3B       		.uleb128 0x3b
 1638 0026 0B       		.uleb128 0xb
 1639 0027 49       		.uleb128 0x49
 1640 0028 13       		.uleb128 0x13
 1641 0029 00       		.byte	0
 1642 002a 00       		.byte	0
 1643 002b 04       		.uleb128 0x4
 1644 002c 24       		.uleb128 0x24
 1645 002d 00       		.byte	0
 1646 002e 0B       		.uleb128 0xb
 1647 002f 0B       		.uleb128 0xb
 1648 0030 3E       		.uleb128 0x3e
 1649 0031 0B       		.uleb128 0xb
 1650 0032 03       		.uleb128 0x3
 1651 0033 0E       		.uleb128 0xe
 1652 0034 00       		.byte	0
 1653 0035 00       		.byte	0
 1654 0036 05       		.uleb128 0x5
 1655 0037 35       		.uleb128 0x35
 1656 0038 00       		.byte	0
 1657 0039 49       		.uleb128 0x49
 1658 003a 13       		.uleb128 0x13
 1659 003b 00       		.byte	0
 1660 003c 00       		.byte	0
 1661 003d 06       		.uleb128 0x6
 1662 003e 13       		.uleb128 0x13
 1663 003f 01       		.byte	0x1
 1664 0040 03       		.uleb128 0x3
 1665 0041 0E       		.uleb128 0xe
 1666 0042 0B       		.uleb128 0xb
 1667 0043 0B       		.uleb128 0xb
 1668 0044 3A       		.uleb128 0x3a
 1669 0045 0B       		.uleb128 0xb
 1670 0046 3B       		.uleb128 0x3b
 1671 0047 0B       		.uleb128 0xb
 1672 0048 01       		.uleb128 0x1
 1673 0049 13       		.uleb128 0x13
 1674 004a 00       		.byte	0
 1675 004b 00       		.byte	0
 1676 004c 07       		.uleb128 0x7
 1677 004d 0D       		.uleb128 0xd
 1678 004e 00       		.byte	0
 1679 004f 03       		.uleb128 0x3
 1680 0050 0E       		.uleb128 0xe
 1681 0051 3A       		.uleb128 0x3a
 1682 0052 0B       		.uleb128 0xb
 1683 0053 3B       		.uleb128 0x3b
 1684 0054 0B       		.uleb128 0xb
 1685 0055 49       		.uleb128 0x49
 1686 0056 13       		.uleb128 0x13
 1687 0057 38       		.uleb128 0x38
 1688 0058 0B       		.uleb128 0xb
 1689 0059 00       		.byte	0
 1690 005a 00       		.byte	0
 1691 005b 08       		.uleb128 0x8
ARM GAS  C:\Users\jo\AppData\Local\Temp\ccYatFnD.s 			page 31


 1692 005c 0D       		.uleb128 0xd
 1693 005d 00       		.byte	0
 1694 005e 03       		.uleb128 0x3
 1695 005f 08       		.uleb128 0x8
 1696 0060 3A       		.uleb128 0x3a
 1697 0061 0B       		.uleb128 0xb
 1698 0062 3B       		.uleb128 0x3b
 1699 0063 05       		.uleb128 0x5
 1700 0064 49       		.uleb128 0x49
 1701 0065 13       		.uleb128 0x13
 1702 0066 38       		.uleb128 0x38
 1703 0067 0B       		.uleb128 0xb
 1704 0068 00       		.byte	0
 1705 0069 00       		.byte	0
 1706 006a 09       		.uleb128 0x9
 1707 006b 0D       		.uleb128 0xd
 1708 006c 00       		.byte	0
 1709 006d 03       		.uleb128 0x3
 1710 006e 0E       		.uleb128 0xe
 1711 006f 3A       		.uleb128 0x3a
 1712 0070 0B       		.uleb128 0xb
 1713 0071 3B       		.uleb128 0x3b
 1714 0072 05       		.uleb128 0x5
 1715 0073 49       		.uleb128 0x49
 1716 0074 13       		.uleb128 0x13
 1717 0075 38       		.uleb128 0x38
 1718 0076 0B       		.uleb128 0xb
 1719 0077 00       		.byte	0
 1720 0078 00       		.byte	0
 1721 0079 0A       		.uleb128 0xa
 1722 007a 0F       		.uleb128 0xf
 1723 007b 00       		.byte	0
 1724 007c 0B       		.uleb128 0xb
 1725 007d 0B       		.uleb128 0xb
 1726 007e 49       		.uleb128 0x49
 1727 007f 13       		.uleb128 0x13
 1728 0080 00       		.byte	0
 1729 0081 00       		.byte	0
 1730 0082 0B       		.uleb128 0xb
 1731 0083 13       		.uleb128 0x13
 1732 0084 01       		.byte	0x1
 1733 0085 03       		.uleb128 0x3
 1734 0086 0E       		.uleb128 0xe
 1735 0087 0B       		.uleb128 0xb
 1736 0088 0B       		.uleb128 0xb
 1737 0089 3A       		.uleb128 0x3a
 1738 008a 0B       		.uleb128 0xb
 1739 008b 3B       		.uleb128 0x3b
 1740 008c 05       		.uleb128 0x5
 1741 008d 01       		.uleb128 0x1
 1742 008e 13       		.uleb128 0x13
 1743 008f 00       		.byte	0
 1744 0090 00       		.byte	0
 1745 0091 0C       		.uleb128 0xc
 1746 0092 15       		.uleb128 0x15
 1747 0093 01       		.byte	0x1
 1748 0094 27       		.uleb128 0x27
ARM GAS  C:\Users\jo\AppData\Local\Temp\ccYatFnD.s 			page 32


 1749 0095 19       		.uleb128 0x19
 1750 0096 01       		.uleb128 0x1
 1751 0097 13       		.uleb128 0x13
 1752 0098 00       		.byte	0
 1753 0099 00       		.byte	0
 1754 009a 0D       		.uleb128 0xd
 1755 009b 05       		.uleb128 0x5
 1756 009c 00       		.byte	0
 1757 009d 49       		.uleb128 0x49
 1758 009e 13       		.uleb128 0x13
 1759 009f 00       		.byte	0
 1760 00a0 00       		.byte	0
 1761 00a1 0E       		.uleb128 0xe
 1762 00a2 0F       		.uleb128 0xf
 1763 00a3 00       		.byte	0
 1764 00a4 0B       		.uleb128 0xb
 1765 00a5 0B       		.uleb128 0xb
 1766 00a6 00       		.byte	0
 1767 00a7 00       		.byte	0
 1768 00a8 0F       		.uleb128 0xf
 1769 00a9 13       		.uleb128 0x13
 1770 00aa 01       		.byte	0x1
 1771 00ab 03       		.uleb128 0x3
 1772 00ac 0E       		.uleb128 0xe
 1773 00ad 0B       		.uleb128 0xb
 1774 00ae 05       		.uleb128 0x5
 1775 00af 3A       		.uleb128 0x3a
 1776 00b0 0B       		.uleb128 0xb
 1777 00b1 3B       		.uleb128 0x3b
 1778 00b2 05       		.uleb128 0x5
 1779 00b3 01       		.uleb128 0x1
 1780 00b4 13       		.uleb128 0x13
 1781 00b5 00       		.byte	0
 1782 00b6 00       		.byte	0
 1783 00b7 10       		.uleb128 0x10
 1784 00b8 0D       		.uleb128 0xd
 1785 00b9 00       		.byte	0
 1786 00ba 03       		.uleb128 0x3
 1787 00bb 0E       		.uleb128 0xe
 1788 00bc 3A       		.uleb128 0x3a
 1789 00bd 0B       		.uleb128 0xb
 1790 00be 3B       		.uleb128 0x3b
 1791 00bf 05       		.uleb128 0x5
 1792 00c0 49       		.uleb128 0x49
 1793 00c1 13       		.uleb128 0x13
 1794 00c2 38       		.uleb128 0x38
 1795 00c3 05       		.uleb128 0x5
 1796 00c4 00       		.byte	0
 1797 00c5 00       		.byte	0
 1798 00c6 11       		.uleb128 0x11
 1799 00c7 0D       		.uleb128 0xd
 1800 00c8 00       		.byte	0
 1801 00c9 03       		.uleb128 0x3
 1802 00ca 08       		.uleb128 0x8
 1803 00cb 3A       		.uleb128 0x3a
 1804 00cc 0B       		.uleb128 0xb
 1805 00cd 3B       		.uleb128 0x3b
ARM GAS  C:\Users\jo\AppData\Local\Temp\ccYatFnD.s 			page 33


 1806 00ce 05       		.uleb128 0x5
 1807 00cf 49       		.uleb128 0x49
 1808 00d0 13       		.uleb128 0x13
 1809 00d1 38       		.uleb128 0x38
 1810 00d2 05       		.uleb128 0x5
 1811 00d3 00       		.byte	0
 1812 00d4 00       		.byte	0
 1813 00d5 12       		.uleb128 0x12
 1814 00d6 0D       		.uleb128 0xd
 1815 00d7 00       		.byte	0
 1816 00d8 03       		.uleb128 0x3
 1817 00d9 08       		.uleb128 0x8
 1818 00da 3A       		.uleb128 0x3a
 1819 00db 0B       		.uleb128 0xb
 1820 00dc 3B       		.uleb128 0x3b
 1821 00dd 0B       		.uleb128 0xb
 1822 00de 49       		.uleb128 0x49
 1823 00df 13       		.uleb128 0x13
 1824 00e0 38       		.uleb128 0x38
 1825 00e1 0B       		.uleb128 0xb
 1826 00e2 00       		.byte	0
 1827 00e3 00       		.byte	0
 1828 00e4 13       		.uleb128 0x13
 1829 00e5 13       		.uleb128 0x13
 1830 00e6 01       		.byte	0x1
 1831 00e7 0B       		.uleb128 0xb
 1832 00e8 0B       		.uleb128 0xb
 1833 00e9 3A       		.uleb128 0x3a
 1834 00ea 0B       		.uleb128 0xb
 1835 00eb 3B       		.uleb128 0x3b
 1836 00ec 0B       		.uleb128 0xb
 1837 00ed 01       		.uleb128 0x1
 1838 00ee 13       		.uleb128 0x13
 1839 00ef 00       		.byte	0
 1840 00f0 00       		.byte	0
 1841 00f1 14       		.uleb128 0x14
 1842 00f2 13       		.uleb128 0x13
 1843 00f3 01       		.byte	0x1
 1844 00f4 0B       		.uleb128 0xb
 1845 00f5 05       		.uleb128 0x5
 1846 00f6 3A       		.uleb128 0x3a
 1847 00f7 0B       		.uleb128 0xb
 1848 00f8 3B       		.uleb128 0x3b
 1849 00f9 0B       		.uleb128 0xb
 1850 00fa 01       		.uleb128 0x1
 1851 00fb 13       		.uleb128 0x13
 1852 00fc 00       		.byte	0
 1853 00fd 00       		.byte	0
 1854 00fe 15       		.uleb128 0x15
 1855 00ff 01       		.uleb128 0x1
 1856 0100 01       		.byte	0x1
 1857 0101 49       		.uleb128 0x49
 1858 0102 13       		.uleb128 0x13
 1859 0103 01       		.uleb128 0x1
 1860 0104 13       		.uleb128 0x13
 1861 0105 00       		.byte	0
 1862 0106 00       		.byte	0
ARM GAS  C:\Users\jo\AppData\Local\Temp\ccYatFnD.s 			page 34


 1863 0107 16       		.uleb128 0x16
 1864 0108 21       		.uleb128 0x21
 1865 0109 00       		.byte	0
 1866 010a 49       		.uleb128 0x49
 1867 010b 13       		.uleb128 0x13
 1868 010c 2F       		.uleb128 0x2f
 1869 010d 0B       		.uleb128 0xb
 1870 010e 00       		.byte	0
 1871 010f 00       		.byte	0
 1872 0110 17       		.uleb128 0x17
 1873 0111 17       		.uleb128 0x17
 1874 0112 01       		.byte	0x1
 1875 0113 0B       		.uleb128 0xb
 1876 0114 0B       		.uleb128 0xb
 1877 0115 3A       		.uleb128 0x3a
 1878 0116 0B       		.uleb128 0xb
 1879 0117 3B       		.uleb128 0x3b
 1880 0118 0B       		.uleb128 0xb
 1881 0119 01       		.uleb128 0x1
 1882 011a 13       		.uleb128 0x13
 1883 011b 00       		.byte	0
 1884 011c 00       		.byte	0
 1885 011d 18       		.uleb128 0x18
 1886 011e 0D       		.uleb128 0xd
 1887 011f 00       		.byte	0
 1888 0120 03       		.uleb128 0x3
 1889 0121 0E       		.uleb128 0xe
 1890 0122 3A       		.uleb128 0x3a
 1891 0123 0B       		.uleb128 0xb
 1892 0124 3B       		.uleb128 0x3b
 1893 0125 05       		.uleb128 0x5
 1894 0126 49       		.uleb128 0x49
 1895 0127 13       		.uleb128 0x13
 1896 0128 00       		.byte	0
 1897 0129 00       		.byte	0
 1898 012a 19       		.uleb128 0x19
 1899 012b 26       		.uleb128 0x26
 1900 012c 00       		.byte	0
 1901 012d 49       		.uleb128 0x49
 1902 012e 13       		.uleb128 0x13
 1903 012f 00       		.byte	0
 1904 0130 00       		.byte	0
 1905 0131 1A       		.uleb128 0x1a
 1906 0132 13       		.uleb128 0x13
 1907 0133 01       		.byte	0x1
 1908 0134 03       		.uleb128 0x3
 1909 0135 0E       		.uleb128 0xe
 1910 0136 0B       		.uleb128 0xb
 1911 0137 05       		.uleb128 0x5
 1912 0138 3A       		.uleb128 0x3a
 1913 0139 0B       		.uleb128 0xb
 1914 013a 3B       		.uleb128 0x3b
 1915 013b 0B       		.uleb128 0xb
 1916 013c 01       		.uleb128 0x1
 1917 013d 13       		.uleb128 0x13
 1918 013e 00       		.byte	0
 1919 013f 00       		.byte	0
ARM GAS  C:\Users\jo\AppData\Local\Temp\ccYatFnD.s 			page 35


 1920 0140 1B       		.uleb128 0x1b
 1921 0141 0D       		.uleb128 0xd
 1922 0142 00       		.byte	0
 1923 0143 03       		.uleb128 0x3
 1924 0144 0E       		.uleb128 0xe
 1925 0145 3A       		.uleb128 0x3a
 1926 0146 0B       		.uleb128 0xb
 1927 0147 3B       		.uleb128 0x3b
 1928 0148 0B       		.uleb128 0xb
 1929 0149 49       		.uleb128 0x49
 1930 014a 13       		.uleb128 0x13
 1931 014b 38       		.uleb128 0x38
 1932 014c 05       		.uleb128 0x5
 1933 014d 00       		.byte	0
 1934 014e 00       		.byte	0
 1935 014f 1C       		.uleb128 0x1c
 1936 0150 21       		.uleb128 0x21
 1937 0151 00       		.byte	0
 1938 0152 49       		.uleb128 0x49
 1939 0153 13       		.uleb128 0x13
 1940 0154 2F       		.uleb128 0x2f
 1941 0155 05       		.uleb128 0x5
 1942 0156 00       		.byte	0
 1943 0157 00       		.byte	0
 1944 0158 1D       		.uleb128 0x1d
 1945 0159 15       		.uleb128 0x15
 1946 015a 01       		.byte	0x1
 1947 015b 27       		.uleb128 0x27
 1948 015c 19       		.uleb128 0x19
 1949 015d 49       		.uleb128 0x49
 1950 015e 13       		.uleb128 0x13
 1951 015f 01       		.uleb128 0x1
 1952 0160 13       		.uleb128 0x13
 1953 0161 00       		.byte	0
 1954 0162 00       		.byte	0
 1955 0163 1E       		.uleb128 0x1e
 1956 0164 2E       		.uleb128 0x2e
 1957 0165 01       		.byte	0x1
 1958 0166 3F       		.uleb128 0x3f
 1959 0167 19       		.uleb128 0x19
 1960 0168 03       		.uleb128 0x3
 1961 0169 0E       		.uleb128 0xe
 1962 016a 3A       		.uleb128 0x3a
 1963 016b 0B       		.uleb128 0xb
 1964 016c 3B       		.uleb128 0x3b
 1965 016d 0B       		.uleb128 0xb
 1966 016e 27       		.uleb128 0x27
 1967 016f 19       		.uleb128 0x19
 1968 0170 49       		.uleb128 0x49
 1969 0171 13       		.uleb128 0x13
 1970 0172 11       		.uleb128 0x11
 1971 0173 01       		.uleb128 0x1
 1972 0174 12       		.uleb128 0x12
 1973 0175 06       		.uleb128 0x6
 1974 0176 40       		.uleb128 0x40
 1975 0177 18       		.uleb128 0x18
 1976 0178 9742     		.uleb128 0x2117
ARM GAS  C:\Users\jo\AppData\Local\Temp\ccYatFnD.s 			page 36


 1977 017a 19       		.uleb128 0x19
 1978 017b 01       		.uleb128 0x1
 1979 017c 13       		.uleb128 0x13
 1980 017d 00       		.byte	0
 1981 017e 00       		.byte	0
 1982 017f 1F       		.uleb128 0x1f
 1983 0180 34       		.uleb128 0x34
 1984 0181 00       		.byte	0
 1985 0182 03       		.uleb128 0x3
 1986 0183 08       		.uleb128 0x8
 1987 0184 3A       		.uleb128 0x3a
 1988 0185 0B       		.uleb128 0xb
 1989 0186 3B       		.uleb128 0x3b
 1990 0187 0B       		.uleb128 0xb
 1991 0188 49       		.uleb128 0x49
 1992 0189 13       		.uleb128 0x13
 1993 018a 00       		.byte	0
 1994 018b 00       		.byte	0
 1995 018c 20       		.uleb128 0x20
 1996 018d 34       		.uleb128 0x34
 1997 018e 00       		.byte	0
 1998 018f 03       		.uleb128 0x3
 1999 0190 0E       		.uleb128 0xe
 2000 0191 3A       		.uleb128 0x3a
 2001 0192 0B       		.uleb128 0xb
 2002 0193 3B       		.uleb128 0x3b
 2003 0194 0B       		.uleb128 0xb
 2004 0195 49       		.uleb128 0x49
 2005 0196 13       		.uleb128 0x13
 2006 0197 02       		.uleb128 0x2
 2007 0198 18       		.uleb128 0x18
 2008 0199 00       		.byte	0
 2009 019a 00       		.byte	0
 2010 019b 21       		.uleb128 0x21
 2011 019c 34       		.uleb128 0x34
 2012 019d 00       		.byte	0
 2013 019e 03       		.uleb128 0x3
 2014 019f 0E       		.uleb128 0xe
 2015 01a0 3A       		.uleb128 0x3a
 2016 01a1 0B       		.uleb128 0xb
 2017 01a2 3B       		.uleb128 0x3b
 2018 01a3 05       		.uleb128 0x5
 2019 01a4 49       		.uleb128 0x49
 2020 01a5 13       		.uleb128 0x13
 2021 01a6 3F       		.uleb128 0x3f
 2022 01a7 19       		.uleb128 0x19
 2023 01a8 3C       		.uleb128 0x3c
 2024 01a9 19       		.uleb128 0x19
 2025 01aa 00       		.byte	0
 2026 01ab 00       		.byte	0
 2027 01ac 22       		.uleb128 0x22
 2028 01ad 34       		.uleb128 0x34
 2029 01ae 00       		.byte	0
 2030 01af 03       		.uleb128 0x3
 2031 01b0 08       		.uleb128 0x8
 2032 01b1 3A       		.uleb128 0x3a
 2033 01b2 0B       		.uleb128 0xb
ARM GAS  C:\Users\jo\AppData\Local\Temp\ccYatFnD.s 			page 37


 2034 01b3 3B       		.uleb128 0x3b
 2035 01b4 05       		.uleb128 0x5
 2036 01b5 49       		.uleb128 0x49
 2037 01b6 13       		.uleb128 0x13
 2038 01b7 3F       		.uleb128 0x3f
 2039 01b8 19       		.uleb128 0x19
 2040 01b9 3C       		.uleb128 0x3c
 2041 01ba 19       		.uleb128 0x19
 2042 01bb 00       		.byte	0
 2043 01bc 00       		.byte	0
 2044 01bd 23       		.uleb128 0x23
 2045 01be 34       		.uleb128 0x34
 2046 01bf 00       		.byte	0
 2047 01c0 03       		.uleb128 0x3
 2048 01c1 0E       		.uleb128 0xe
 2049 01c2 3A       		.uleb128 0x3a
 2050 01c3 0B       		.uleb128 0xb
 2051 01c4 3B       		.uleb128 0x3b
 2052 01c5 0B       		.uleb128 0xb
 2053 01c6 49       		.uleb128 0x49
 2054 01c7 13       		.uleb128 0x13
 2055 01c8 3F       		.uleb128 0x3f
 2056 01c9 19       		.uleb128 0x19
 2057 01ca 3C       		.uleb128 0x3c
 2058 01cb 19       		.uleb128 0x19
 2059 01cc 00       		.byte	0
 2060 01cd 00       		.byte	0
 2061 01ce 24       		.uleb128 0x24
 2062 01cf 34       		.uleb128 0x34
 2063 01d0 00       		.byte	0
 2064 01d1 03       		.uleb128 0x3
 2065 01d2 0E       		.uleb128 0xe
 2066 01d3 3A       		.uleb128 0x3a
 2067 01d4 0B       		.uleb128 0xb
 2068 01d5 3B       		.uleb128 0x3b
 2069 01d6 0B       		.uleb128 0xb
 2070 01d7 49       		.uleb128 0x49
 2071 01d8 13       		.uleb128 0x13
 2072 01d9 3F       		.uleb128 0x3f
 2073 01da 19       		.uleb128 0x19
 2074 01db 02       		.uleb128 0x2
 2075 01dc 18       		.uleb128 0x18
 2076 01dd 00       		.byte	0
 2077 01de 00       		.byte	0
 2078 01df 00       		.byte	0
 2079              		.section	.debug_aranges,"",%progbits
 2080 0000 1C000000 		.4byte	0x1c
 2081 0004 0200     		.2byte	0x2
 2082 0006 00000000 		.4byte	.Ldebug_info0
 2083 000a 04       		.byte	0x4
 2084 000b 00       		.byte	0
 2085 000c 0000     		.2byte	0
 2086 000e 0000     		.2byte	0
 2087 0010 00000000 		.4byte	.LFB260
 2088 0014 48000000 		.4byte	.LFE260-.LFB260
 2089 0018 00000000 		.4byte	0
 2090 001c 00000000 		.4byte	0
ARM GAS  C:\Users\jo\AppData\Local\Temp\ccYatFnD.s 			page 38


 2091              		.section	.debug_ranges,"",%progbits
 2092              	.Ldebug_ranges0:
 2093 0000 00000000 		.4byte	.LFB260
 2094 0004 48000000 		.4byte	.LFE260
 2095 0008 00000000 		.4byte	0
 2096 000c 00000000 		.4byte	0
 2097              		.section	.debug_line,"",%progbits
 2098              	.Ldebug_line0:
 2099 0000 94030000 		.section	.debug_str,"MS",%progbits,1
 2099      02006203 
 2099      00000201 
 2099      FB0E0D00 
 2099      01010101 
 2100              	.LASF168:
 2101 0000 6D656469 		.ascii	"media_flags\000"
 2101      615F666C 
 2101      61677300 
 2102              	.LASF96:
 2103 000c 74625F70 		.ascii	"tb_ptr\000"
 2103      747200
 2104              	.LASF54:
 2105 0013 72656164 		.ascii	"ready_list_t\000"
 2105      795F6C69 
 2105      73745F74 
 2105      00
 2106              	.LASF90:
 2107 0020 73655F74 		.ascii	"se_time\000"
 2107      696D6500 
 2108              	.LASF2:
 2109 0028 73697A65 		.ascii	"size_t\000"
 2109      5F7400
 2110              	.LASF142:
 2111 002f 7265715F 		.ascii	"req_version\000"
 2111      76657273 
 2111      696F6E00 
 2112              	.LASF154:
 2113 003b 7265715F 		.ascii	"req_referer\000"
 2113      72656665 
 2113      72657200 
 2114              	.LASF101:
 2115 0047 7264796D 		.ascii	"rdymsg\000"
 2115      736700
 2116              	.LASF143:
 2117 004e 7265715F 		.ascii	"req_query\000"
 2117      71756572 
 2117      7900
 2118              	.LASF3:
 2119 0058 5F5F7569 		.ascii	"__uint8_t\000"
 2119      6E74385F 
 2119      7400
 2120              	.LASF172:
 2121 0062 70726576 		.ascii	"prev\000"
 2121      00
 2122              	.LASF89:
 2123 0067 706F7274 		.ascii	"port_intctx\000"
 2123      5F696E74 
 2123      63747800 
ARM GAS  C:\Users\jo\AppData\Local\Temp\ccYatFnD.s 			page 39


 2124              	.LASF73:
 2125 0073 73797374 		.ascii	"system_debug_t\000"
 2125      656D5F64 
 2125      65627567 
 2125      5F7400
 2126              	.LASF151:
 2127 0082 7265715F 		.ascii	"req_cookie\000"
 2127      636F6F6B 
 2127      696500
 2128              	.LASF14:
 2129 008d 6C6F6E67 		.ascii	"long long unsigned int\000"
 2129      206C6F6E 
 2129      6720756E 
 2129      7369676E 
 2129      65642069 
 2130              	.LASF98:
 2131 00a4 63685F74 		.ascii	"ch_trace_buffer_t\000"
 2131      72616365 
 2131      5F627566 
 2131      6665725F 
 2131      7400
 2132              	.LASF93:
 2133 00b6 73655F73 		.ascii	"se_state\000"
 2133      74617465 
 2133      00
 2134              	.LASF102:
 2135 00bf 65786974 		.ascii	"exitcode\000"
 2135      636F6465 
 2135      00
 2136              	.LASF83:
 2137 00c8 6D61696E 		.ascii	"mainthread\000"
 2137      74687265 
 2137      616400
 2138              	.LASF70:
 2139 00d3 76697274 		.ascii	"virtual_timers_list_t\000"
 2139      75616C5F 
 2139      74696D65 
 2139      72735F6C 
 2139      6973745F 
 2140              	.LASF179:
 2141 00e9 49544D5F 		.ascii	"ITM_RxBuffer\000"
 2141      52784275 
 2141      66666572 
 2141      00
 2142              	.LASF173:
 2143 00f6 6E657874 		.ascii	"next\000"
 2143      00
 2144              	.LASF53:
 2145 00fb 63685F74 		.ascii	"ch_threads_queue\000"
 2145      68726561 
 2145      64735F71 
 2145      75657565 
 2145      00
 2146              	.LASF32:
 2147 010c 705F7072 		.ascii	"p_prio\000"
 2147      696F00
 2148              	.LASF184:
ARM GAS  C:\Users\jo\AppData\Local\Temp\ccYatFnD.s 			page 40


 2149 0113 433A5C55 		.ascii	"C:\\Users\\jo\\Documents\\GitHub\\ChibiOS\\demos\\S"
 2149      73657273 
 2149      5C6A6F5C 
 2149      446F6375 
 2149      6D656E74 
 2150 013f 544D3332 		.ascii	"TM32\\RT-STM32F407-DISCOVERY-uHttp\000"
 2150      5C52542D 
 2150      53544D33 
 2150      32463430 
 2150      372D4449 
 2151              	.LASF158:
 2152 0161 7265715F 		.ascii	"req_bnd_type\000"
 2152      626E645F 
 2152      74797065 
 2152      00
 2153              	.LASF12:
 2154 016e 6C6F6E67 		.ascii	"long long int\000"
 2154      206C6F6E 
 2154      6720696E 
 2154      7400
 2155              	.LASF1:
 2156 017c 7369676E 		.ascii	"signed char\000"
 2156      65642063 
 2156      68617200 
 2157              	.LASF118:
 2158 0188 75385F74 		.ascii	"u8_t\000"
 2158      00
 2159              	.LASF145:
 2160 018d 7265715F 		.ascii	"req_argn\000"
 2160      6172676E 
 2160      00
 2161              	.LASF47:
 2162 0196 705F6D70 		.ascii	"p_mpool\000"
 2162      6F6F6C00 
 2163              	.LASF144:
 2164 019e 7265715F 		.ascii	"req_argp\000"
 2164      61726770 
 2164      00
 2165              	.LASF112:
 2166 01a7 6D5F7175 		.ascii	"m_queue\000"
 2166      65756500 
 2167              	.LASF147:
 2168 01af 7265715F 		.ascii	"req_connection\000"
 2168      636F6E6E 
 2168      65637469 
 2168      6F6E00
 2169              	.LASF146:
 2170 01be 7265715F 		.ascii	"req_argv\000"
 2170      61726776 
 2170      00
 2171              	.LASF104:
 2172 01c7 77747472 		.ascii	"wttrp\000"
 2172      7000
 2173              	.LASF153:
 2174 01cd 7265715F 		.ascii	"req_agent\000"
 2174      6167656E 
 2174      7400
ARM GAS  C:\Users\jo\AppData\Local\Temp\ccYatFnD.s 			page 41


 2175              	.LASF9:
 2176 01d7 6C6F6E67 		.ascii	"long int\000"
 2176      20696E74 
 2176      00
 2177              	.LASF159:
 2178 01e0 48545450 		.ascii	"HTTPD_SESSION\000"
 2178      445F5345 
 2178      5353494F 
 2178      4E00
 2179              	.LASF22:
 2180 01ee 74737461 		.ascii	"tstate_t\000"
 2180      74655F74 
 2180      00
 2181              	.LASF165:
 2182 01f7 6D656469 		.ascii	"media_link\000"
 2182      615F6C69 
 2182      6E6B00
 2183              	.LASF141:
 2184 0202 7265715F 		.ascii	"req_url\000"
 2184      75726C00 
 2185              	.LASF91:
 2186 020a 73655F74 		.ascii	"se_tp\000"
 2186      7000
 2187              	.LASF16:
 2188 0210 75696E74 		.ascii	"uint16_t\000"
 2188      31365F74 
 2188      00
 2189              	.LASF34:
 2190 0219 705F6E65 		.ascii	"p_newer\000"
 2190      77657200 
 2191              	.LASF109:
 2192 0221 735F7175 		.ascii	"s_queue\000"
 2192      65756500 
 2193              	.LASF7:
 2194 0229 73686F72 		.ascii	"short unsigned int\000"
 2194      7420756E 
 2194      7369676E 
 2194      65642069 
 2194      6E7400
 2195              	.LASF95:
 2196 023c 74625F73 		.ascii	"tb_size\000"
 2196      697A6500 
 2197              	.LASF59:
 2198 0244 725F6E65 		.ascii	"r_newer\000"
 2198      77657200 
 2199              	.LASF86:
 2200 024c 72656761 		.ascii	"regarm_t\000"
 2200      726D5F74 
 2200      00
 2201              	.LASF66:
 2202 0255 76745F70 		.ascii	"vt_prev\000"
 2202      72657600 
 2203              	.LASF82:
 2204 025d 76746C69 		.ascii	"vtlist\000"
 2204      737400
 2205              	.LASF128:
 2206 0264 73696E5F 		.ascii	"sin_zero\000"
ARM GAS  C:\Users\jo\AppData\Local\Temp\ccYatFnD.s 			page 42


 2206      7A65726F 
 2206      00
 2207              	.LASF181:
 2208 026d 6D74635F 		.ascii	"mtc_application\000"
 2208      6170706C 
 2208      69636174 
 2208      696F6E00 
 2209              	.LASF116:
 2210 027d 6D757465 		.ascii	"mutex_t\000"
 2210      785F7400 
 2211              	.LASF77:
 2212 0285 6C6F636B 		.ascii	"lock_cnt\000"
 2212      5F636E74 
 2212      00
 2213              	.LASF152:
 2214 028e 7265715F 		.ascii	"req_auth\000"
 2214      61757468 
 2214      00
 2215              	.LASF27:
 2216 0297 636E745F 		.ascii	"cnt_t\000"
 2216      7400
 2217              	.LASF134:
 2218 029d 7374726D 		.ascii	"strm_csock\000"
 2218      5F63736F 
 2218      636B00
 2219              	.LASF0:
 2220 02a8 756E7369 		.ascii	"unsigned int\000"
 2220      676E6564 
 2220      20696E74 
 2220      00
 2221              	.LASF122:
 2222 02b5 735F6164 		.ascii	"s_addr\000"
 2222      647200
 2223              	.LASF65:
 2224 02bc 76745F6E 		.ascii	"vt_next\000"
 2224      65787400 
 2225              	.LASF178:
 2226 02c4 6D745F64 		.ascii	"mt_defaults\000"
 2226      65666175 
 2226      6C747300 
 2227              	.LASF105:
 2228 02d0 77747365 		.ascii	"wtsemp\000"
 2228      6D7000
 2229              	.LASF149:
 2230 02d7 7265715F 		.ascii	"req_realm\000"
 2230      7265616C 
 2230      6D00
 2231              	.LASF42:
 2232 02e1 705F6D73 		.ascii	"p_msgqueue\000"
 2232      67717565 
 2232      756500
 2233              	.LASF120:
 2234 02ec 7533325F 		.ascii	"u32_t\000"
 2234      7400
 2235              	.LASF92:
 2236 02f2 73655F77 		.ascii	"se_wtobjp\000"
 2236      746F626A 
ARM GAS  C:\Users\jo\AppData\Local\Temp\ccYatFnD.s 			page 43


 2236      7000
 2237              	.LASF163:
 2238 02fc 4D454449 		.ascii	"MEDIA_TYPE_ENTRY\000"
 2238      415F5459 
 2238      50455F45 
 2238      4E545259 
 2238      00
 2239              	.LASF110:
 2240 030d 735F636E 		.ascii	"s_cnt\000"
 2240      7400
 2241              	.LASF136:
 2242 0313 7374726D 		.ascii	"strm_caddr\000"
 2242      5F636164 
 2242      647200
 2243              	.LASF171:
 2244 031e 4D454449 		.ascii	"MEDIATYPE_HANDLER\000"
 2244      41545950 
 2244      455F4841 
 2244      4E444C45 
 2244      5200
 2245              	.LASF127:
 2246 0330 73696E5F 		.ascii	"sin_addr\000"
 2246      61646472 
 2246      00
 2247              	.LASF50:
 2248 0339 63685F74 		.ascii	"ch_thread\000"
 2248      68726561 
 2248      6400
 2249              	.LASF148:
 2250 0343 7265715F 		.ascii	"req_length\000"
 2250      6C656E67 
 2250      746800
 2251              	.LASF25:
 2252 034e 6D73675F 		.ascii	"msg_t\000"
 2252      7400
 2253              	.LASF79:
 2254 0354 63685F73 		.ascii	"ch_system_t\000"
 2254      79737465 
 2254      6D5F7400 
 2255              	.LASF21:
 2256 0360 746D6F64 		.ascii	"tmode_t\000"
 2256      655F7400 
 2257              	.LASF137:
 2258 0368 48545450 		.ascii	"HTTP_STREAM\000"
 2258      5F535452 
 2258      45414D00 
 2259              	.LASF55:
 2260 0374 63685F72 		.ascii	"ch_ready_list\000"
 2260      65616479 
 2260      5F6C6973 
 2260      7400
 2261              	.LASF26:
 2262 0382 6576656E 		.ascii	"eventmask_t\000"
 2262      746D6173 
 2262      6B5F7400 
 2263              	.LASF8:
 2264 038e 5F5F696E 		.ascii	"__int32_t\000"
ARM GAS  C:\Users\jo\AppData\Local\Temp\ccYatFnD.s 			page 44


 2264      7433325F 
 2264      7400
 2265              	.LASF182:
 2266 0398 474E5520 		.ascii	"GNU C 4.9.3 20141119 (release) [ARM/embedded-4_9-br"
 2266      4320342E 
 2266      392E3320 
 2266      32303134 
 2266      31313139 
 2267 03cb 616E6368 		.ascii	"anch revision 218278] -mcpu=cortex-m4 -mno-thumb-in"
 2267      20726576 
 2267      6973696F 
 2267      6E203231 
 2267      38323738 
 2268 03fe 74657277 		.ascii	"terwork -mthumb -ggdb -O2 -fomit-frame-pointer -fal"
 2268      6F726B20 
 2268      2D6D7468 
 2268      756D6220 
 2268      2D676764 
 2269 0431 69676E2D 		.ascii	"ign-functions=16 -ffunction-sections -fdata-section"
 2269      66756E63 
 2269      74696F6E 
 2269      733D3136 
 2269      202D6666 
 2270 0464 73202D66 		.ascii	"s -fno-common\000"
 2270      6E6F2D63 
 2270      6F6D6D6F 
 2270      6E00
 2271              	.LASF87:
 2272 0472 73746B61 		.ascii	"stkalign_t\000"
 2272      6C69676E 
 2272      5F7400
 2273              	.LASF49:
 2274 047d 74687265 		.ascii	"threads_list_t\000"
 2274      6164735F 
 2274      6C697374 
 2274      5F7400
 2275              	.LASF162:
 2276 048c 735F7265 		.ascii	"s_req\000"
 2276      7100
 2277              	.LASF185:
 2278 0492 4D656469 		.ascii	"MediaTypeInitDefaults\000"
 2278      61547970 
 2278      65496E69 
 2278      74446566 
 2278      61756C74 
 2279              	.LASF125:
 2280 04a8 73696E5F 		.ascii	"sin_family\000"
 2280      66616D69 
 2280      6C7900
 2281              	.LASF41:
 2282 04b3 705F7761 		.ascii	"p_waiting\000"
 2282      6974696E 
 2282      6700
 2283              	.LASF175:
 2284 04bd 7461696C 		.ascii	"tail\000"
 2284      00
 2285              	.LASF85:
ARM GAS  C:\Users\jo\AppData\Local\Temp\ccYatFnD.s 			page 45


 2286 04c2 73697A65 		.ascii	"sizetype\000"
 2286      74797065 
 2286      00
 2287              	.LASF48:
 2288 04cb 74687265 		.ascii	"thread_reference_t\000"
 2288      61645F72 
 2288      65666572 
 2288      656E6365 
 2288      5F7400
 2289              	.LASF71:
 2290 04de 63685F76 		.ascii	"ch_virtual_timers_list\000"
 2290      69727475 
 2290      616C5F74 
 2290      696D6572 
 2290      735F6C69 
 2291              	.LASF155:
 2292 04f5 7265715F 		.ascii	"req_host\000"
 2292      686F7374 
 2292      00
 2293              	.LASF94:
 2294 04fe 63685F73 		.ascii	"ch_swc_event_t\000"
 2294      77635F65 
 2294      76656E74 
 2294      5F7400
 2295              	.LASF72:
 2296 050d 76745F6C 		.ascii	"vt_lasttime\000"
 2296      61737474 
 2296      696D6500 
 2297              	.LASF19:
 2298 0519 75696E74 		.ascii	"uint64_t\000"
 2298      36345F74 
 2298      00
 2299              	.LASF35:
 2300 0522 705F6F6C 		.ascii	"p_older\000"
 2300      64657200 
 2301              	.LASF58:
 2302 052a 725F6374 		.ascii	"r_ctx\000"
 2302      7800
 2303              	.LASF100:
 2304 0530 746D5F63 		.ascii	"tm_calibration_t\000"
 2304      616C6962 
 2304      72617469 
 2304      6F6E5F74 
 2304      00
 2305              	.LASF124:
 2306 0541 73696E5F 		.ascii	"sin_len\000"
 2306      6C656E00 
 2307              	.LASF37:
 2308 0549 705F7374 		.ascii	"p_stklimit\000"
 2308      6B6C696D 
 2308      697400
 2309              	.LASF61:
 2310 0554 725F6375 		.ascii	"r_current\000"
 2310      7272656E 
 2310      7400
 2311              	.LASF60:
 2312 055e 725F6F6C 		.ascii	"r_older\000"
ARM GAS  C:\Users\jo\AppData\Local\Temp\ccYatFnD.s 			page 46


 2312      64657200 
 2313              	.LASF180:
 2314 0566 6D656469 		.ascii	"mediaTypeList\000"
 2314      61547970 
 2314      654C6973 
 2314      7400
 2315              	.LASF13:
 2316 0574 5F5F7569 		.ascii	"__uint64_t\000"
 2316      6E743634 
 2316      5F7400
 2317              	.LASF126:
 2318 057f 73696E5F 		.ascii	"sin_port\000"
 2318      706F7274 
 2318      00
 2319              	.LASF130:
 2320 0588 7374726D 		.ascii	"strm_ipos\000"
 2320      5F69706F 
 2320      7300
 2321              	.LASF23:
 2322 0592 74726566 		.ascii	"trefs_t\000"
 2322      735F7400 
 2323              	.LASF97:
 2324 059a 74625F62 		.ascii	"tb_buffer\000"
 2324      75666665 
 2324      7200
 2325              	.LASF139:
 2326 05a4 5F485454 		.ascii	"_HTTP_REQUEST\000"
 2326      505F5245 
 2326      51554553 
 2326      5400
 2327              	.LASF63:
 2328 05b2 76697274 		.ascii	"virtual_timer_t\000"
 2328      75616C5F 
 2328      74696D65 
 2328      725F7400 
 2329              	.LASF31:
 2330 05c2 705F7072 		.ascii	"p_prev\000"
 2330      657600
 2331              	.LASF24:
 2332 05c9 74707269 		.ascii	"tprio_t\000"
 2332      6F5F7400 
 2333              	.LASF133:
 2334 05d1 7374726D 		.ascii	"strm_ssock\000"
 2334      5F73736F 
 2334      636B00
 2335              	.LASF74:
 2336 05dc 63685F73 		.ascii	"ch_system_debug\000"
 2336      79737465 
 2336      6D5F6465 
 2336      62756700 
 2337              	.LASF117:
 2338 05ec 5F426F6F 		.ascii	"_Bool\000"
 2338      6C00
 2339              	.LASF17:
 2340 05f2 696E7433 		.ascii	"int32_t\000"
 2340      325F7400 
 2341              	.LASF4:
ARM GAS  C:\Users\jo\AppData\Local\Temp\ccYatFnD.s 			page 47


 2342 05fa 756E7369 		.ascii	"unsigned char\000"
 2342      676E6564 
 2342      20636861 
 2342      7200
 2343              	.LASF45:
 2344 0608 705F6D74 		.ascii	"p_mtxlist\000"
 2344      786C6973 
 2344      7400
 2345              	.LASF5:
 2346 0612 73686F72 		.ascii	"short int\000"
 2346      7420696E 
 2346      7400
 2347              	.LASF38:
 2348 061c 705F7374 		.ascii	"p_state\000"
 2348      61746500 
 2349              	.LASF57:
 2350 0624 725F7072 		.ascii	"r_prio\000"
 2350      696F00
 2351              	.LASF107:
 2352 062b 65776D61 		.ascii	"ewmask\000"
 2352      736B00
 2353              	.LASF30:
 2354 0632 705F6E65 		.ascii	"p_next\000"
 2354      787400
 2355              	.LASF39:
 2356 0639 705F666C 		.ascii	"p_flags\000"
 2356      61677300 
 2357              	.LASF166:
 2358 0641 6D656469 		.ascii	"media_type\000"
 2358      615F7479 
 2358      706500
 2359              	.LASF84:
 2360 064c 69646C65 		.ascii	"idle_thread_wa\000"
 2360      5F746872 
 2360      6561645F 
 2360      776100
 2361              	.LASF80:
 2362 065b 63685F73 		.ascii	"ch_system\000"
 2362      79737465 
 2362      6D00
 2363              	.LASF164:
 2364 0665 5F4D4544 		.ascii	"_MEDIATYPE\000"
 2364      49415459 
 2364      504500
 2365              	.LASF64:
 2366 0670 63685F76 		.ascii	"ch_virtual_timer\000"
 2366      69727475 
 2366      616C5F74 
 2366      696D6572 
 2366      00
 2367              	.LASF108:
 2368 0681 63685F73 		.ascii	"ch_semaphore\000"
 2368      656D6170 
 2368      686F7265 
 2368      00
 2369              	.LASF44:
 2370 068e 705F6570 		.ascii	"p_epending\000"
ARM GAS  C:\Users\jo\AppData\Local\Temp\ccYatFnD.s 			page 48


 2370      656E6469 
 2370      6E6700
 2371              	.LASF174:
 2372 0699 68656164 		.ascii	"head\000"
 2372      00
 2373              	.LASF18:
 2374 069e 75696E74 		.ascii	"uint32_t\000"
 2374      33325F74 
 2374      00
 2375              	.LASF106:
 2376 06a7 77746D74 		.ascii	"wtmtxp\000"
 2376      787000
 2377              	.LASF56:
 2378 06ae 725F7175 		.ascii	"r_queue\000"
 2378      65756500 
 2379              	.LASF67:
 2380 06b6 76745F64 		.ascii	"vt_delta\000"
 2380      656C7461 
 2380      00
 2381              	.LASF51:
 2382 06bf 63685F74 		.ascii	"ch_threads_list\000"
 2382      68726561 
 2382      64735F6C 
 2382      69737400 
 2383              	.LASF135:
 2384 06cf 7374726D 		.ascii	"strm_saddr\000"
 2384      5F736164 
 2384      647200
 2385              	.LASF11:
 2386 06da 6C6F6E67 		.ascii	"long unsigned int\000"
 2386      20756E73 
 2386      69676E65 
 2386      6420696E 
 2386      7400
 2387              	.LASF183:
 2388 06ec 2E2E2F2E 		.ascii	"../../../demos/STM32/RT-STM32F407-DISCOVERY-uHttp/u"
 2388      2E2F2E2E 
 2388      2F64656D 
 2388      6F732F53 
 2388      544D3332 
 2389 071f 68747470 		.ascii	"http-1.1/mtinit.c\000"
 2389      2D312E31 
 2389      2F6D7469 
 2389      6E69742E 
 2389      6300
 2390              	.LASF115:
 2391 0731 63686172 		.ascii	"char\000"
 2391      00
 2392              	.LASF129:
 2393 0736 5F485454 		.ascii	"_HTTP_STREAM\000"
 2393      505F5354 
 2393      5245414D 
 2393      00
 2394              	.LASF167:
 2395 0743 6D656469 		.ascii	"media_subtype\000"
 2395      615F7375 
 2395      62747970 
ARM GAS  C:\Users\jo\AppData\Local\Temp\ccYatFnD.s 			page 49


 2395      6500
 2396              	.LASF6:
 2397 0751 5F5F7569 		.ascii	"__uint16_t\000"
 2397      6E743136 
 2397      5F7400
 2398              	.LASF29:
 2399 075c 74687265 		.ascii	"thread_t\000"
 2399      61645F74 
 2399      00
 2400              	.LASF169:
 2401 0765 6D656469 		.ascii	"media_handler\000"
 2401      615F6861 
 2401      6E646C65 
 2401      7200
 2402              	.LASF114:
 2403 0773 6D5F6E65 		.ascii	"m_next\000"
 2403      787400
 2404              	.LASF28:
 2405 077a 73797374 		.ascii	"systime_t\000"
 2405      696D655F 
 2405      7400
 2406              	.LASF46:
 2407 0784 705F7265 		.ascii	"p_realprio\000"
 2407      616C7072 
 2407      696F00
 2408              	.LASF62:
 2409 078f 76746675 		.ascii	"vtfunc_t\000"
 2409      6E635F74 
 2409      00
 2410              	.LASF10:
 2411 0798 5F5F7569 		.ascii	"__uint32_t\000"
 2411      6E743332 
 2411      5F7400
 2412              	.LASF75:
 2413 07a3 70616E69 		.ascii	"panic_msg\000"
 2413      635F6D73 
 2413      6700
 2414              	.LASF99:
 2415 07ad 6F666673 		.ascii	"offset\000"
 2415      657400
 2416              	.LASF111:
 2417 07b4 63685F6D 		.ascii	"ch_mutex\000"
 2417      75746578 
 2417      00
 2418              	.LASF88:
 2419 07bd 636F6E74 		.ascii	"context\000"
 2419      65787400 
 2420              	.LASF20:
 2421 07c5 7274636E 		.ascii	"rtcnt_t\000"
 2421      745F7400 
 2422              	.LASF157:
 2423 07cd 7265715F 		.ascii	"req_bnd_dispo\000"
 2423      626E645F 
 2423      64697370 
 2423      6F00
 2424              	.LASF69:
 2425 07db 76745F70 		.ascii	"vt_par\000"
ARM GAS  C:\Users\jo\AppData\Local\Temp\ccYatFnD.s 			page 50


 2425      617200
 2426              	.LASF119:
 2427 07e2 7531365F 		.ascii	"u16_t\000"
 2427      7400
 2428              	.LASF156:
 2429 07e8 7265715F 		.ascii	"req_encoding\000"
 2429      656E636F 
 2429      64696E67 
 2429      00
 2430              	.LASF160:
 2431 07f5 5F485454 		.ascii	"_HTTPD_SESSION\000"
 2431      50445F53 
 2431      45535349 
 2431      4F4E00
 2432              	.LASF52:
 2433 0804 74687265 		.ascii	"threads_queue_t\000"
 2433      6164735F 
 2433      71756575 
 2433      655F7400 
 2434              	.LASF170:
 2435 0814 6D656469 		.ascii	"media_ext\000"
 2435      615F6578 
 2435      7400
 2436              	.LASF40:
 2437 081e 705F7265 		.ascii	"p_refs\000"
 2437      667300
 2438              	.LASF76:
 2439 0825 6973725F 		.ascii	"isr_cnt\000"
 2439      636E7400 
 2440              	.LASF140:
 2441 082d 7265715F 		.ascii	"req_method\000"
 2441      6D657468 
 2441      6F6400
 2442              	.LASF138:
 2443 0838 48545450 		.ascii	"HTTP_REQUEST\000"
 2443      5F524551 
 2443      55455354 
 2443      00
 2444              	.LASF123:
 2445 0845 736F636B 		.ascii	"sockaddr_in\000"
 2445      61646472 
 2445      5F696E00 
 2446              	.LASF81:
 2447 0851 726C6973 		.ascii	"rlist\000"
 2447      7400
 2448              	.LASF132:
 2449 0857 7374726D 		.ascii	"strm_ibuf\000"
 2449      5F696275 
 2449      6600
 2450              	.LASF15:
 2451 0861 75696E74 		.ascii	"uint8_t\000"
 2451      385F7400 
 2452              	.LASF161:
 2453 0869 735F7374 		.ascii	"s_stream\000"
 2453      7265616D 
 2453      00
 2454              	.LASF103:
ARM GAS  C:\Users\jo\AppData\Local\Temp\ccYatFnD.s 			page 51


 2455 0872 77746F62 		.ascii	"wtobjp\000"
 2455      6A7000
 2456              	.LASF36:
 2457 0879 705F6E61 		.ascii	"p_name\000"
 2457      6D6500
 2458              	.LASF177:
 2459 0880 6D74635F 		.ascii	"mtc_image\000"
 2459      696D6167 
 2459      6500
 2460              	.LASF78:
 2461 088a 74726163 		.ascii	"trace_buffer\000"
 2461      655F6275 
 2461      66666572 
 2461      00
 2462              	.LASF43:
 2463 0897 705F6D73 		.ascii	"p_msg\000"
 2463      6700
 2464              	.LASF150:
 2465 089d 7265715F 		.ascii	"req_type\000"
 2465      74797065 
 2465      00
 2466              	.LASF113:
 2467 08a6 6D5F6F77 		.ascii	"m_owner\000"
 2467      6E657200 
 2468              	.LASF176:
 2469 08ae 6D74635F 		.ascii	"mtc_text\000"
 2469      74657874 
 2469      00
 2470              	.LASF33:
 2471 08b7 705F6374 		.ascii	"p_ctx\000"
 2471      7800
 2472              	.LASF68:
 2473 08bd 76745F66 		.ascii	"vt_func\000"
 2473      756E6300 
 2474              	.LASF121:
 2475 08c5 696E5F61 		.ascii	"in_addr\000"
 2475      64647200 
 2476              	.LASF131:
 2477 08cd 7374726D 		.ascii	"strm_ilen\000"
 2477      5F696C65 
 2477      6E00
 2478              		.ident	"GCC: (GNU Tools for ARM Embedded Processors) 4.9.3 20141119 (release) [ARM/embedded-4_9-br
ARM GAS  C:\Users\jo\AppData\Local\Temp\ccYatFnD.s 			page 52


DEFINED SYMBOLS
                            *ABS*:00000000 mtinit.c
C:\Users\jo\AppData\Local\Temp\ccYatFnD.s:19     .text.MediaTypeInitDefaults:00000000 $t
C:\Users\jo\AppData\Local\Temp\ccYatFnD.s:25     .text.MediaTypeInitDefaults:00000000 MediaTypeInitDefaults
C:\Users\jo\AppData\Local\Temp\ccYatFnD.s:87     .text.MediaTypeInitDefaults:00000040 $d
C:\Users\jo\AppData\Local\Temp\ccYatFnD.s:198    .data.mtc_application:00000000 mtc_application
C:\Users\jo\AppData\Local\Temp\ccYatFnD.s:94     .data.mt_defaults:00000000 $d
C:\Users\jo\AppData\Local\Temp\ccYatFnD.s:98     .data.mt_defaults:00000000 mt_defaults
C:\Users\jo\AppData\Local\Temp\ccYatFnD.s:204    .data.mtc_text:00000000 mtc_text
C:\Users\jo\AppData\Local\Temp\ccYatFnD.s:175    .data.mtc_image:00000000 mtc_image
C:\Users\jo\AppData\Local\Temp\ccYatFnD.s:172    .data.mtc_image:00000000 $d
C:\Users\jo\AppData\Local\Temp\ccYatFnD.s:178    .rodata.str1.4:00000000 $d
C:\Users\jo\AppData\Local\Temp\ccYatFnD.s:195    .data.mtc_application:00000000 $d
C:\Users\jo\AppData\Local\Temp\ccYatFnD.s:201    .data.mtc_text:00000000 $d
                     .debug_frame:00000010 $d
C:\Users\jo\AppData\Local\Temp\ccYatFnD.s:93     .text.MediaTypeInitDefaults:00000048 $t

UNDEFINED SYMBOLS
mediaTypeList
MediaTypeHandlerText
MediaTypeHandlerBinary
