ARM GAS  C:\Users\jo\AppData\Local\Temp\ccmbNjId.s 			page 1


   1              		.syntax unified
   2              		.cpu cortex-m4
   3              		.fpu softvfp
   4              		.eabi_attribute 20, 1
   5              		.eabi_attribute 21, 1
   6              		.eabi_attribute 23, 3
   7              		.eabi_attribute 24, 1
   8              		.eabi_attribute 25, 1
   9              		.eabi_attribute 26, 1
  10              		.eabi_attribute 30, 2
  11              		.eabi_attribute 34, 1
  12              		.eabi_attribute 18, 4
  13              		.thumb
  14              		.file	"netifapi.c"
  15              		.text
  16              	.Ltext0:
  17              		.cfi_sections	.debug_frame
  18              	.Letext0:
  19              		.file 1 "c:\\program files\\gnu tools arm embedded\\4.9 2014q4\\arm-none-eabi\\include\\machine\\_
  20              		.file 2 "c:\\program files\\gnu tools arm embedded\\4.9 2014q4\\arm-none-eabi\\include\\stdint.h"
  21              		.file 3 "../../../os/rt/ports/ARMCMx/compilers/GCC/chtypes.h"
  22              		.file 4 "../../../os/rt/include/chsystypes.h"
  23              		.file 5 "../../../os/rt/include/chschd.h"
  24              		.file 6 "../../../os/rt/ports/ARMCMx/chcore.h"
  25              		.file 7 "../../../os/rt/ports/ARMCMx/chcore_v7m.h"
  26              		.file 8 "../../../os/rt/include/chdebug.h"
  27              		.file 9 "../../../os/rt/include/chtm.h"
  28              		.file 10 "../../../os/rt/include/chsem.h"
  29              		.file 11 "../../../os/rt/include/chmtx.h"
  30              		.file 12 "../../../os/ext/CMSIS/include/core_cm4.h"
  31              		.section	.debug_info,"",%progbits
  32              	.Ldebug_info0:
  33 0000 FE060000 		.4byte	0x6fe
  34 0004 0400     		.2byte	0x4
  35 0006 00000000 		.4byte	.Ldebug_abbrev0
  36 000a 04       		.byte	0x4
  37 000b 01       		.uleb128 0x1
  38 000c 88020000 		.4byte	.LASF116
  39 0010 01       		.byte	0x1
  40 0011 14000000 		.4byte	.LASF117
  41 0015 F5000000 		.4byte	.LASF118
  42 0019 00000000 		.4byte	.Ldebug_line0
  43 001d 02       		.uleb128 0x2
  44 001e 04       		.byte	0x4
  45 001f 05       		.byte	0x5
  46 0020 696E7400 		.ascii	"int\000"
  47 0024 03       		.uleb128 0x3
  48 0025 04       		.byte	0x4
  49 0026 07       		.byte	0x7
  50 0027 00020000 		.4byte	.LASF0
  51 002b 03       		.uleb128 0x3
  52 002c 01       		.byte	0x1
  53 002d 06       		.byte	0x6
  54 002e 51010000 		.4byte	.LASF1
  55 0032 04       		.uleb128 0x4
  56 0033 4F000000 		.4byte	.LASF5
  57 0037 01       		.byte	0x1
ARM GAS  C:\Users\jo\AppData\Local\Temp\ccmbNjId.s 			page 2


  58 0038 1D       		.byte	0x1d
  59 0039 3D000000 		.4byte	0x3d
  60 003d 03       		.uleb128 0x3
  61 003e 01       		.byte	0x1
  62 003f 08       		.byte	0x8
  63 0040 50040000 		.4byte	.LASF2
  64 0044 03       		.uleb128 0x3
  65 0045 02       		.byte	0x2
  66 0046 05       		.byte	0x5
  67 0047 68040000 		.4byte	.LASF3
  68 004b 03       		.uleb128 0x3
  69 004c 02       		.byte	0x2
  70 004d 07       		.byte	0x7
  71 004e 2D020000 		.4byte	.LASF4
  72 0052 04       		.uleb128 0x4
  73 0053 7E020000 		.4byte	.LASF6
  74 0057 01       		.byte	0x1
  75 0058 3F       		.byte	0x3f
  76 0059 5D000000 		.4byte	0x5d
  77 005d 03       		.uleb128 0x3
  78 005e 04       		.byte	0x4
  79 005f 05       		.byte	0x5
  80 0060 86010000 		.4byte	.LASF7
  81 0064 04       		.uleb128 0x4
  82 0065 36050000 		.4byte	.LASF8
  83 0069 01       		.byte	0x1
  84 006a 41       		.byte	0x41
  85 006b 6F000000 		.4byte	0x6f
  86 006f 03       		.uleb128 0x3
  87 0070 04       		.byte	0x4
  88 0071 07       		.byte	0x7
  89 0072 F1040000 		.4byte	.LASF9
  90 0076 03       		.uleb128 0x3
  91 0077 08       		.byte	0x8
  92 0078 05       		.byte	0x5
  93 0079 43010000 		.4byte	.LASF10
  94 007d 04       		.uleb128 0x4
  95 007e F6030000 		.4byte	.LASF11
  96 0082 01       		.byte	0x1
  97 0083 5B       		.byte	0x5b
  98 0084 88000000 		.4byte	0x88
  99 0088 03       		.uleb128 0x3
 100 0089 08       		.byte	0x8
 101 008a 07       		.byte	0x7
 102 008b 74000000 		.4byte	.LASF12
 103 008f 04       		.uleb128 0x4
 104 0090 97050000 		.4byte	.LASF13
 105 0094 02       		.byte	0x2
 106 0095 15       		.byte	0x15
 107 0096 32000000 		.4byte	0x32
 108 009a 04       		.uleb128 0x4
 109 009b 48040000 		.4byte	.LASF14
 110 009f 02       		.byte	0x2
 111 00a0 2C       		.byte	0x2c
 112 00a1 52000000 		.4byte	0x52
 113 00a5 04       		.uleb128 0x4
 114 00a6 C0040000 		.4byte	.LASF15
ARM GAS  C:\Users\jo\AppData\Local\Temp\ccmbNjId.s 			page 3


 115 00aa 02       		.byte	0x2
 116 00ab 2D       		.byte	0x2d
 117 00ac 64000000 		.4byte	0x64
 118 00b0 04       		.uleb128 0x4
 119 00b1 46000000 		.4byte	.LASF16
 120 00b5 02       		.byte	0x2
 121 00b6 39       		.byte	0x39
 122 00b7 7D000000 		.4byte	0x7d
 123 00bb 05       		.uleb128 0x5
 124 00bc 9A000000 		.4byte	0x9a
 125 00c0 04       		.uleb128 0x4
 126 00c1 5A050000 		.4byte	.LASF17
 127 00c5 03       		.byte	0x3
 128 00c6 45       		.byte	0x45
 129 00c7 A5000000 		.4byte	0xa5
 130 00cb 04       		.uleb128 0x4
 131 00cc 5C020000 		.4byte	.LASF18
 132 00d0 03       		.byte	0x3
 133 00d1 48       		.byte	0x48
 134 00d2 8F000000 		.4byte	0x8f
 135 00d6 04       		.uleb128 0x4
 136 00d7 8F010000 		.4byte	.LASF19
 137 00db 03       		.byte	0x3
 138 00dc 49       		.byte	0x49
 139 00dd 8F000000 		.4byte	0x8f
 140 00e1 04       		.uleb128 0x4
 141 00e2 01040000 		.4byte	.LASF20
 142 00e6 03       		.byte	0x3
 143 00e7 4A       		.byte	0x4a
 144 00e8 8F000000 		.4byte	0x8f
 145 00ec 04       		.uleb128 0x4
 146 00ed 2A040000 		.4byte	.LASF21
 147 00f1 03       		.byte	0x3
 148 00f2 4C       		.byte	0x4c
 149 00f3 A5000000 		.4byte	0xa5
 150 00f7 04       		.uleb128 0x4
 151 00f8 4A020000 		.4byte	.LASF22
 152 00fc 03       		.byte	0x3
 153 00fd 4D       		.byte	0x4d
 154 00fe 9A000000 		.4byte	0x9a
 155 0102 04       		.uleb128 0x4
 156 0103 72020000 		.4byte	.LASF23
 157 0107 03       		.byte	0x3
 158 0108 4F       		.byte	0x4f
 159 0109 A5000000 		.4byte	0xa5
 160 010d 04       		.uleb128 0x4
 161 010e EF010000 		.4byte	.LASF24
 162 0112 03       		.byte	0x3
 163 0113 51       		.byte	0x51
 164 0114 9A000000 		.4byte	0x9a
 165 0118 04       		.uleb128 0x4
 166 0119 18050000 		.4byte	.LASF25
 167 011d 04       		.byte	0x4
 168 011e 33       		.byte	0x33
 169 011f A5000000 		.4byte	0xa5
 170 0123 04       		.uleb128 0x4
 171 0124 08050000 		.4byte	.LASF26
ARM GAS  C:\Users\jo\AppData\Local\Temp\ccmbNjId.s 			page 4


 172 0128 04       		.byte	0x4
 173 0129 3F       		.byte	0x3f
 174 012a 2E010000 		.4byte	0x12e
 175 012e 06       		.uleb128 0x6
 176 012f 40020000 		.4byte	.LASF47
 177 0133 48       		.byte	0x48
 178 0134 05       		.byte	0x5
 179 0135 C2       		.byte	0xc2
 180 0136 27020000 		.4byte	0x227
 181 013a 07       		.uleb128 0x7
 182 013b 88040000 		.4byte	.LASF27
 183 013f 05       		.byte	0x5
 184 0140 C3       		.byte	0xc3
 185 0141 32020000 		.4byte	0x232
 186 0145 00       		.byte	0
 187 0146 07       		.uleb128 0x7
 188 0147 23040000 		.4byte	.LASF28
 189 014b 05       		.byte	0x5
 190 014c C5       		.byte	0xc5
 191 014d 32020000 		.4byte	0x232
 192 0151 04       		.byte	0x4
 193 0152 07       		.uleb128 0x7
 194 0153 EE000000 		.4byte	.LASF29
 195 0157 05       		.byte	0x5
 196 0158 C7       		.byte	0xc7
 197 0159 EC000000 		.4byte	0xec
 198 015d 08       		.byte	0x8
 199 015e 07       		.uleb128 0x7
 200 015f E1050000 		.4byte	.LASF30
 201 0163 05       		.byte	0x5
 202 0164 C8       		.byte	0xc8
 203 0165 8D040000 		.4byte	0x48d
 204 0169 0C       		.byte	0xc
 205 016a 07       		.uleb128 0x7
 206 016b 9E010000 		.4byte	.LASF31
 207 016f 05       		.byte	0x5
 208 0170 CA       		.byte	0xca
 209 0171 32020000 		.4byte	0x232
 210 0175 10       		.byte	0x10
 211 0176 07       		.uleb128 0x7
 212 0177 C5030000 		.4byte	.LASF32
 213 017b 05       		.byte	0x5
 214 017c CB       		.byte	0xcb
 215 017d 32020000 		.4byte	0x232
 216 0181 14       		.byte	0x14
 217 0182 07       		.uleb128 0x7
 218 0183 A6050000 		.4byte	.LASF33
 219 0187 05       		.byte	0x5
 220 0188 D2       		.byte	0xd2
 221 0189 9F060000 		.4byte	0x69f
 222 018d 18       		.byte	0x18
 223 018e 07       		.uleb128 0x7
 224 018f F5010000 		.4byte	.LASF34
 225 0193 05       		.byte	0x5
 226 0194 D8       		.byte	0xd8
 227 0195 B1060000 		.4byte	0x6b1
 228 0199 1C       		.byte	0x1c
ARM GAS  C:\Users\jo\AppData\Local\Temp\ccmbNjId.s 			page 5


 229 019a 07       		.uleb128 0x7
 230 019b 72040000 		.4byte	.LASF35
 231 019f 05       		.byte	0x5
 232 01a0 DD       		.byte	0xdd
 233 01a1 D6000000 		.4byte	0xd6
 234 01a5 20       		.byte	0x20
 235 01a6 07       		.uleb128 0x7
 236 01a7 8F040000 		.4byte	.LASF36
 237 01ab 05       		.byte	0x5
 238 01ac E1       		.byte	0xe1
 239 01ad CB000000 		.4byte	0xcb
 240 01b1 21       		.byte	0x21
 241 01b2 07       		.uleb128 0x7
 242 01b3 82050000 		.4byte	.LASF37
 243 01b7 05       		.byte	0x5
 244 01b8 E6       		.byte	0xe6
 245 01b9 E1000000 		.4byte	0xe1
 246 01bd 22       		.byte	0x22
 247 01be 08       		.uleb128 0x8
 248 01bf 705F7500 		.ascii	"p_u\000"
 249 01c3 05       		.byte	0x5
 250 01c4 3101     		.2byte	0x131
 251 01c6 DA050000 		.4byte	0x5da
 252 01ca 24       		.byte	0x24
 253 01cb 09       		.uleb128 0x9
 254 01cc 6D030000 		.4byte	.LASF38
 255 01d0 05       		.byte	0x5
 256 01d1 3601     		.2byte	0x136
 257 01d3 38020000 		.4byte	0x238
 258 01d7 28       		.byte	0x28
 259 01d8 09       		.uleb128 0x9
 260 01d9 1C020000 		.4byte	.LASF39
 261 01dd 05       		.byte	0x5
 262 01de 3C01     		.2byte	0x13c
 263 01e0 5C020000 		.4byte	0x25c
 264 01e4 2C       		.byte	0x2c
 265 01e5 09       		.uleb128 0x9
 266 01e6 C9050000 		.4byte	.LASF40
 267 01ea 05       		.byte	0x5
 268 01eb 4001     		.2byte	0x140
 269 01ed F7000000 		.4byte	0xf7
 270 01f1 34       		.byte	0x34
 271 01f2 09       		.uleb128 0x9
 272 01f3 B5040000 		.4byte	.LASF41
 273 01f7 05       		.byte	0x5
 274 01f8 4601     		.2byte	0x146
 275 01fa 02010000 		.4byte	0x102
 276 01fe 38       		.byte	0x38
 277 01ff 09       		.uleb128 0x9
 278 0200 5E040000 		.4byte	.LASF42
 279 0204 05       		.byte	0x5
 280 0205 4D01     		.2byte	0x14d
 281 0207 99060000 		.4byte	0x699
 282 020b 3C       		.byte	0x3c
 283 020c 09       		.uleb128 0x9
 284 020d 22050000 		.4byte	.LASF43
 285 0211 05       		.byte	0x5
ARM GAS  C:\Users\jo\AppData\Local\Temp\ccmbNjId.s 			page 6


 286 0212 5101     		.2byte	0x151
 287 0214 EC000000 		.4byte	0xec
 288 0218 40       		.byte	0x40
 289 0219 09       		.uleb128 0x9
 290 021a 65010000 		.4byte	.LASF44
 291 021e 05       		.byte	0x5
 292 021f 5801     		.2byte	0x158
 293 0221 0F030000 		.4byte	0x30f
 294 0225 44       		.byte	0x44
 295 0226 00       		.byte	0
 296 0227 04       		.uleb128 0x4
 297 0228 80030000 		.4byte	.LASF45
 298 022c 04       		.byte	0x4
 299 022d 44       		.byte	0x44
 300 022e 32020000 		.4byte	0x232
 301 0232 0A       		.uleb128 0xa
 302 0233 04       		.byte	0x4
 303 0234 23010000 		.4byte	0x123
 304 0238 04       		.uleb128 0x4
 305 0239 AD050000 		.4byte	.LASF46
 306 023d 04       		.byte	0x4
 307 023e 49       		.byte	0x49
 308 023f 43020000 		.4byte	0x243
 309 0243 06       		.uleb128 0x6
 310 0244 E1040000 		.4byte	.LASF48
 311 0248 04       		.byte	0x4
 312 0249 05       		.byte	0x5
 313 024a B0       		.byte	0xb0
 314 024b 5C020000 		.4byte	0x25c
 315 024f 07       		.uleb128 0x7
 316 0250 88040000 		.4byte	.LASF27
 317 0254 05       		.byte	0x5
 318 0255 B1       		.byte	0xb1
 319 0256 32020000 		.4byte	0x232
 320 025a 00       		.byte	0
 321 025b 00       		.byte	0
 322 025c 04       		.uleb128 0x4
 323 025d 69050000 		.4byte	.LASF49
 324 0261 04       		.byte	0x4
 325 0262 50       		.byte	0x50
 326 0263 67020000 		.4byte	0x267
 327 0267 06       		.uleb128 0x6
 328 0268 DD000000 		.4byte	.LASF50
 329 026c 08       		.byte	0x8
 330 026d 05       		.byte	0x5
 331 026e B7       		.byte	0xb7
 332 026f 8C020000 		.4byte	0x28c
 333 0273 07       		.uleb128 0x7
 334 0274 88040000 		.4byte	.LASF27
 335 0278 05       		.byte	0x5
 336 0279 B8       		.byte	0xb8
 337 027a 32020000 		.4byte	0x232
 338 027e 00       		.byte	0
 339 027f 07       		.uleb128 0x7
 340 0280 23040000 		.4byte	.LASF28
 341 0284 05       		.byte	0x5
 342 0285 B9       		.byte	0xb9
ARM GAS  C:\Users\jo\AppData\Local\Temp\ccmbNjId.s 			page 7


 343 0286 32020000 		.4byte	0x232
 344 028a 04       		.byte	0x4
 345 028b 00       		.byte	0
 346 028c 04       		.uleb128 0x4
 347 028d 07000000 		.4byte	.LASF51
 348 0291 04       		.byte	0x4
 349 0292 57       		.byte	0x57
 350 0293 97020000 		.4byte	0x297
 351 0297 0B       		.uleb128 0xb
 352 0298 64020000 		.4byte	.LASF52
 353 029c 1C       		.byte	0x1c
 354 029d 05       		.byte	0x5
 355 029e 9001     		.2byte	0x190
 356 02a0 F3020000 		.4byte	0x2f3
 357 02a4 09       		.uleb128 0x9
 358 02a5 D0040000 		.4byte	.LASF53
 359 02a9 05       		.byte	0x5
 360 02aa 9101     		.2byte	0x191
 361 02ac 5C020000 		.4byte	0x25c
 362 02b0 00       		.byte	0
 363 02b1 09       		.uleb128 0x9
 364 02b2 7A040000 		.4byte	.LASF54
 365 02b6 05       		.byte	0x5
 366 02b7 9201     		.2byte	0x192
 367 02b9 EC000000 		.4byte	0xec
 368 02bd 08       		.byte	0x8
 369 02be 09       		.uleb128 0x9
 370 02bf CD030000 		.4byte	.LASF55
 371 02c3 05       		.byte	0x5
 372 02c4 9401     		.2byte	0x194
 373 02c6 8D040000 		.4byte	0x48d
 374 02ca 0C       		.byte	0xc
 375 02cb 09       		.uleb128 0x9
 376 02cc B6010000 		.4byte	.LASF56
 377 02d0 05       		.byte	0x5
 378 02d1 9701     		.2byte	0x197
 379 02d3 32020000 		.4byte	0x232
 380 02d7 10       		.byte	0x10
 381 02d8 09       		.uleb128 0x9
 382 02d9 EE030000 		.4byte	.LASF57
 383 02dd 05       		.byte	0x5
 384 02de 9801     		.2byte	0x198
 385 02e0 32020000 		.4byte	0x232
 386 02e4 14       		.byte	0x14
 387 02e5 09       		.uleb128 0x9
 388 02e6 E4030000 		.4byte	.LASF58
 389 02ea 05       		.byte	0x5
 390 02eb 9B01     		.2byte	0x19b
 391 02ed 32020000 		.4byte	0x232
 392 02f1 18       		.byte	0x18
 393 02f2 00       		.byte	0
 394 02f3 04       		.uleb128 0x4
 395 02f4 2D050000 		.4byte	.LASF59
 396 02f8 04       		.byte	0x4
 397 02f9 5C       		.byte	0x5c
 398 02fa FE020000 		.4byte	0x2fe
 399 02fe 0A       		.uleb128 0xa
ARM GAS  C:\Users\jo\AppData\Local\Temp\ccmbNjId.s 			page 8


 400 02ff 04       		.byte	0x4
 401 0300 04030000 		.4byte	0x304
 402 0304 0C       		.uleb128 0xc
 403 0305 0F030000 		.4byte	0x30f
 404 0309 0D       		.uleb128 0xd
 405 030a 0F030000 		.4byte	0x30f
 406 030e 00       		.byte	0
 407 030f 0E       		.uleb128 0xe
 408 0310 04       		.byte	0x4
 409 0311 04       		.uleb128 0x4
 410 0312 13040000 		.4byte	.LASF60
 411 0316 04       		.byte	0x4
 412 0317 61       		.byte	0x61
 413 0318 1C030000 		.4byte	0x31c
 414 031c 0B       		.uleb128 0xb
 415 031d 97040000 		.4byte	.LASF61
 416 0321 14       		.byte	0x14
 417 0322 05       		.byte	0x5
 418 0323 6B01     		.2byte	0x16b
 419 0325 6B030000 		.4byte	0x36b
 420 0329 09       		.uleb128 0x9
 421 032a 0D020000 		.4byte	.LASF62
 422 032e 05       		.byte	0x5
 423 032f 6C01     		.2byte	0x16c
 424 0331 B7060000 		.4byte	0x6b7
 425 0335 00       		.byte	0
 426 0336 09       		.uleb128 0x9
 427 0337 C7010000 		.4byte	.LASF63
 428 033b 05       		.byte	0x5
 429 033c 6D01     		.2byte	0x16d
 430 033e B7060000 		.4byte	0x6b7
 431 0342 04       		.byte	0x4
 432 0343 09       		.uleb128 0x9
 433 0344 D8040000 		.4byte	.LASF64
 434 0348 05       		.byte	0x5
 435 0349 6E01     		.2byte	0x16e
 436 034b 18010000 		.4byte	0x118
 437 034f 08       		.byte	0x8
 438 0350 09       		.uleb128 0x9
 439 0351 E7050000 		.4byte	.LASF65
 440 0355 05       		.byte	0x5
 441 0356 6F01     		.2byte	0x16f
 442 0358 F3020000 		.4byte	0x2f3
 443 035c 0C       		.byte	0xc
 444 035d 09       		.uleb128 0x9
 445 035e 62050000 		.4byte	.LASF66
 446 0362 05       		.byte	0x5
 447 0363 7101     		.2byte	0x171
 448 0365 0F030000 		.4byte	0x30f
 449 0369 10       		.byte	0x10
 450 036a 00       		.byte	0
 451 036b 04       		.uleb128 0x4
 452 036c BA000000 		.4byte	.LASF67
 453 0370 04       		.byte	0x4
 454 0371 66       		.byte	0x66
 455 0372 76030000 		.4byte	0x376
 456 0376 0B       		.uleb128 0xb
ARM GAS  C:\Users\jo\AppData\Local\Temp\ccmbNjId.s 			page 9


 457 0377 93030000 		.4byte	.LASF68
 458 037b 10       		.byte	0x10
 459 037c 05       		.byte	0x5
 460 037d 7B01     		.2byte	0x17b
 461 037f B8030000 		.4byte	0x3b8
 462 0383 09       		.uleb128 0x9
 463 0384 0D020000 		.4byte	.LASF62
 464 0388 05       		.byte	0x5
 465 0389 7C01     		.2byte	0x17c
 466 038b B7060000 		.4byte	0x6b7
 467 038f 00       		.byte	0
 468 0390 09       		.uleb128 0x9
 469 0391 C7010000 		.4byte	.LASF63
 470 0395 05       		.byte	0x5
 471 0396 7E01     		.2byte	0x17e
 472 0398 B7060000 		.4byte	0x6b7
 473 039c 04       		.byte	0x4
 474 039d 09       		.uleb128 0x9
 475 039e D8040000 		.4byte	.LASF64
 476 03a2 05       		.byte	0x5
 477 03a3 8001     		.2byte	0x180
 478 03a5 18010000 		.4byte	0x118
 479 03a9 08       		.byte	0x8
 480 03aa 09       		.uleb128 0x9
 481 03ab B9030000 		.4byte	.LASF69
 482 03af 05       		.byte	0x5
 483 03b0 8801     		.2byte	0x188
 484 03b2 18010000 		.4byte	0x118
 485 03b6 0C       		.byte	0xc
 486 03b7 00       		.byte	0
 487 03b8 04       		.uleb128 0x4
 488 03b9 65000000 		.4byte	.LASF70
 489 03bd 04       		.byte	0x4
 490 03be 6B       		.byte	0x6b
 491 03bf C3030000 		.4byte	0x3c3
 492 03c3 0F       		.uleb128 0xf
 493 03c4 32040000 		.4byte	.LASF71
 494 03c8 1404     		.2byte	0x414
 495 03ca 05       		.byte	0x5
 496 03cb A201     		.2byte	0x1a2
 497 03cd 06040000 		.4byte	0x406
 498 03d1 09       		.uleb128 0x9
 499 03d2 41050000 		.4byte	.LASF72
 500 03d6 05       		.byte	0x5
 501 03d7 AA01     		.2byte	0x1aa
 502 03d9 BD060000 		.4byte	0x6bd
 503 03dd 00       		.byte	0
 504 03de 09       		.uleb128 0x9
 505 03df 89050000 		.4byte	.LASF73
 506 03e3 05       		.byte	0x5
 507 03e4 AF01     		.2byte	0x1af
 508 03e6 0D010000 		.4byte	0x10d
 509 03ea 04       		.byte	0x4
 510 03eb 09       		.uleb128 0x9
 511 03ec D7010000 		.4byte	.LASF74
 512 03f0 05       		.byte	0x5
 513 03f1 B301     		.2byte	0x1b3
ARM GAS  C:\Users\jo\AppData\Local\Temp\ccmbNjId.s 			page 10


 514 03f3 0D010000 		.4byte	0x10d
 515 03f7 08       		.byte	0x8
 516 03f8 09       		.uleb128 0x9
 517 03f9 BC050000 		.4byte	.LASF75
 518 03fd 05       		.byte	0x5
 519 03fe B901     		.2byte	0x1b9
 520 0400 AF050000 		.4byte	0x5af
 521 0404 0C       		.byte	0xc
 522 0405 00       		.byte	0
 523 0406 04       		.uleb128 0x4
 524 0407 50020000 		.4byte	.LASF76
 525 040b 04       		.byte	0x4
 526 040c 70       		.byte	0x70
 527 040d 11040000 		.4byte	0x411
 528 0411 0F       		.uleb128 0xf
 529 0412 7C010000 		.4byte	.LASF77
 530 0416 7005     		.2byte	0x570
 531 0418 05       		.byte	0x5
 532 0419 C201     		.2byte	0x1c2
 533 041b 70040000 		.4byte	0x470
 534 041f 09       		.uleb128 0x9
 535 0420 91050000 		.4byte	.LASF78
 536 0424 05       		.byte	0x5
 537 0425 C601     		.2byte	0x1c6
 538 0427 8C020000 		.4byte	0x28c
 539 042b 00       		.byte	0
 540 042c 09       		.uleb128 0x9
 541 042d 75010000 		.4byte	.LASF79
 542 0431 05       		.byte	0x5
 543 0432 CA01     		.2byte	0x1ca
 544 0434 6B030000 		.4byte	0x36b
 545 0438 1C       		.byte	0x1c
 546 0439 08       		.uleb128 0x8
 547 043a 64626700 		.ascii	"dbg\000"
 548 043e 05       		.byte	0x5
 549 043f CE01     		.2byte	0x1ce
 550 0441 B8030000 		.4byte	0x3b8
 551 0445 2C       		.byte	0x2c
 552 0446 10       		.uleb128 0x10
 553 0447 AF000000 		.4byte	.LASF80
 554 044b 05       		.byte	0x5
 555 044c D201     		.2byte	0x1d2
 556 044e 23010000 		.4byte	0x123
 557 0452 4004     		.2byte	0x440
 558 0454 11       		.uleb128 0x11
 559 0455 746D00   		.ascii	"tm\000"
 560 0458 05       		.byte	0x5
 561 0459 D701     		.2byte	0x1d7
 562 045b CF050000 		.4byte	0x5cf
 563 045f 8804     		.2byte	0x488
 564 0461 10       		.uleb128 0x10
 565 0462 E0010000 		.4byte	.LASF81
 566 0466 05       		.byte	0x5
 567 0467 E301     		.2byte	0x1e3
 568 0469 C2060000 		.4byte	0x6c2
 569 046d 9004     		.2byte	0x490
 570 046f 00       		.byte	0
ARM GAS  C:\Users\jo\AppData\Local\Temp\ccmbNjId.s 			page 11


 571 0470 03       		.uleb128 0x3
 572 0471 04       		.byte	0x4
 573 0472 07       		.byte	0x7
 574 0473 77030000 		.4byte	.LASF82
 575 0477 04       		.uleb128 0x4
 576 0478 BE010000 		.4byte	.LASF83
 577 047c 06       		.byte	0x6
 578 047d 65       		.byte	0x65
 579 047e 0F030000 		.4byte	0x30f
 580 0482 04       		.uleb128 0x4
 581 0483 62030000 		.4byte	.LASF84
 582 0487 06       		.byte	0x6
 583 0488 6D       		.byte	0x6d
 584 0489 B0000000 		.4byte	0xb0
 585 048d 06       		.uleb128 0x6
 586 048e 52050000 		.4byte	.LASF85
 587 0492 04       		.byte	0x4
 588 0493 06       		.byte	0x6
 589 0494 89       		.byte	0x89
 590 0495 A6040000 		.4byte	0x4a6
 591 0499 12       		.uleb128 0x12
 592 049a 72313300 		.ascii	"r13\000"
 593 049e 06       		.byte	0x6
 594 049f 8A       		.byte	0x8a
 595 04a0 21050000 		.4byte	0x521
 596 04a4 00       		.byte	0
 597 04a5 00       		.byte	0
 598 04a6 06       		.uleb128 0x6
 599 04a7 59000000 		.4byte	.LASF86
 600 04ab 24       		.byte	0x24
 601 04ac 07       		.byte	0x7
 602 04ad F4       		.byte	0xf4
 603 04ae 21050000 		.4byte	0x521
 604 04b2 08       		.uleb128 0x8
 605 04b3 723400   		.ascii	"r4\000"
 606 04b6 07       		.byte	0x7
 607 04b7 0701     		.2byte	0x107
 608 04b9 77040000 		.4byte	0x477
 609 04bd 00       		.byte	0
 610 04be 08       		.uleb128 0x8
 611 04bf 723500   		.ascii	"r5\000"
 612 04c2 07       		.byte	0x7
 613 04c3 0801     		.2byte	0x108
 614 04c5 77040000 		.4byte	0x477
 615 04c9 04       		.byte	0x4
 616 04ca 08       		.uleb128 0x8
 617 04cb 723600   		.ascii	"r6\000"
 618 04ce 07       		.byte	0x7
 619 04cf 0901     		.2byte	0x109
 620 04d1 77040000 		.4byte	0x477
 621 04d5 08       		.byte	0x8
 622 04d6 08       		.uleb128 0x8
 623 04d7 723700   		.ascii	"r7\000"
 624 04da 07       		.byte	0x7
 625 04db 0A01     		.2byte	0x10a
 626 04dd 77040000 		.4byte	0x477
 627 04e1 0C       		.byte	0xc
ARM GAS  C:\Users\jo\AppData\Local\Temp\ccmbNjId.s 			page 12


 628 04e2 08       		.uleb128 0x8
 629 04e3 723800   		.ascii	"r8\000"
 630 04e6 07       		.byte	0x7
 631 04e7 0B01     		.2byte	0x10b
 632 04e9 77040000 		.4byte	0x477
 633 04ed 10       		.byte	0x10
 634 04ee 08       		.uleb128 0x8
 635 04ef 723900   		.ascii	"r9\000"
 636 04f2 07       		.byte	0x7
 637 04f3 0C01     		.2byte	0x10c
 638 04f5 77040000 		.4byte	0x477
 639 04f9 14       		.byte	0x14
 640 04fa 08       		.uleb128 0x8
 641 04fb 72313000 		.ascii	"r10\000"
 642 04ff 07       		.byte	0x7
 643 0500 0D01     		.2byte	0x10d
 644 0502 77040000 		.4byte	0x477
 645 0506 18       		.byte	0x18
 646 0507 08       		.uleb128 0x8
 647 0508 72313100 		.ascii	"r11\000"
 648 050c 07       		.byte	0x7
 649 050d 0E01     		.2byte	0x10e
 650 050f 77040000 		.4byte	0x477
 651 0513 1C       		.byte	0x1c
 652 0514 08       		.uleb128 0x8
 653 0515 6C7200   		.ascii	"lr\000"
 654 0518 07       		.byte	0x7
 655 0519 0F01     		.2byte	0x10f
 656 051b 77040000 		.4byte	0x477
 657 051f 20       		.byte	0x20
 658 0520 00       		.byte	0
 659 0521 0A       		.uleb128 0xa
 660 0522 04       		.byte	0x4
 661 0523 A6040000 		.4byte	0x4a6
 662 0527 13       		.uleb128 0x13
 663 0528 10       		.byte	0x10
 664 0529 08       		.byte	0x8
 665 052a 51       		.byte	0x51
 666 052b 60050000 		.4byte	0x560
 667 052f 07       		.uleb128 0x7
 668 0530 5D010000 		.4byte	.LASF87
 669 0534 08       		.byte	0x8
 670 0535 55       		.byte	0x55
 671 0536 18010000 		.4byte	0x118
 672 053a 00       		.byte	0
 673 053b 07       		.uleb128 0x7
 674 053c 98010000 		.4byte	.LASF88
 675 0540 08       		.byte	0x8
 676 0541 59       		.byte	0x59
 677 0542 32020000 		.4byte	0x232
 678 0546 04       		.byte	0x4
 679 0547 07       		.uleb128 0x7
 680 0548 D7050000 		.4byte	.LASF89
 681 054c 08       		.byte	0x8
 682 054d 5D       		.byte	0x5d
 683 054e 0F030000 		.4byte	0x30f
 684 0552 08       		.byte	0x8
ARM GAS  C:\Users\jo\AppData\Local\Temp\ccmbNjId.s 			page 13


 685 0553 07       		.uleb128 0x7
 686 0554 9D000000 		.4byte	.LASF90
 687 0558 08       		.byte	0x8
 688 0559 61       		.byte	0x61
 689 055a 8F000000 		.4byte	0x8f
 690 055e 0C       		.byte	0xc
 691 055f 00       		.byte	0
 692 0560 04       		.uleb128 0x4
 693 0561 AA030000 		.4byte	.LASF91
 694 0565 08       		.byte	0x8
 695 0566 62       		.byte	0x62
 696 0567 27050000 		.4byte	0x527
 697 056b 14       		.uleb128 0x14
 698 056c 0804     		.2byte	0x408
 699 056e 08       		.byte	0x8
 700 056f 67       		.byte	0x67
 701 0570 99050000 		.4byte	0x599
 702 0574 07       		.uleb128 0x7
 703 0575 AE010000 		.4byte	.LASF92
 704 0579 08       		.byte	0x8
 705 057a 6B       		.byte	0x6b
 706 057b 24000000 		.4byte	0x24
 707 057f 00       		.byte	0
 708 0580 07       		.uleb128 0x7
 709 0581 00000000 		.4byte	.LASF93
 710 0585 08       		.byte	0x8
 711 0586 6F       		.byte	0x6f
 712 0587 99050000 		.4byte	0x599
 713 058b 04       		.byte	0x4
 714 058c 07       		.uleb128 0x7
 715 058d 09040000 		.4byte	.LASF94
 716 0591 08       		.byte	0x8
 717 0592 73       		.byte	0x73
 718 0593 9F050000 		.4byte	0x59f
 719 0597 08       		.byte	0x8
 720 0598 00       		.byte	0
 721 0599 0A       		.uleb128 0xa
 722 059a 04       		.byte	0x4
 723 059b 60050000 		.4byte	0x560
 724 059f 15       		.uleb128 0x15
 725 05a0 60050000 		.4byte	0x560
 726 05a4 AF050000 		.4byte	0x5af
 727 05a8 16       		.uleb128 0x16
 728 05a9 70040000 		.4byte	0x470
 729 05ad 3F       		.byte	0x3f
 730 05ae 00       		.byte	0
 731 05af 04       		.uleb128 0x4
 732 05b0 8B000000 		.4byte	.LASF95
 733 05b4 08       		.byte	0x8
 734 05b5 74       		.byte	0x74
 735 05b6 6B050000 		.4byte	0x56b
 736 05ba 13       		.uleb128 0x13
 737 05bb 04       		.byte	0x4
 738 05bc 09       		.byte	0x9
 739 05bd 38       		.byte	0x38
 740 05be CF050000 		.4byte	0x5cf
 741 05c2 07       		.uleb128 0x7
ARM GAS  C:\Users\jo\AppData\Local\Temp\ccmbNjId.s 			page 14


 742 05c3 4B050000 		.4byte	.LASF96
 743 05c7 09       		.byte	0x9
 744 05c8 3C       		.byte	0x3c
 745 05c9 C0000000 		.4byte	0xc0
 746 05cd 00       		.byte	0
 747 05ce 00       		.byte	0
 748 05cf 04       		.uleb128 0x4
 749 05d0 D3030000 		.4byte	.LASF97
 750 05d4 09       		.byte	0x9
 751 05d5 3D       		.byte	0x3d
 752 05d6 BA050000 		.4byte	0x5ba
 753 05da 17       		.uleb128 0x17
 754 05db 04       		.byte	0x4
 755 05dc 05       		.byte	0x5
 756 05dd FA       		.byte	0xfa
 757 05de 37060000 		.4byte	0x637
 758 05e2 18       		.uleb128 0x18
 759 05e3 3F000000 		.4byte	.LASF98
 760 05e7 05       		.byte	0x5
 761 05e8 0101     		.2byte	0x101
 762 05ea F7000000 		.4byte	0xf7
 763 05ee 18       		.uleb128 0x18
 764 05ef A6000000 		.4byte	.LASF99
 765 05f3 05       		.byte	0x5
 766 05f4 0801     		.2byte	0x108
 767 05f6 F7000000 		.4byte	0xf7
 768 05fa 18       		.uleb128 0x18
 769 05fb 9F050000 		.4byte	.LASF100
 770 05ff 05       		.byte	0x5
 771 0600 0F01     		.2byte	0x10f
 772 0602 0F030000 		.4byte	0x30f
 773 0606 18       		.uleb128 0x18
 774 0607 39000000 		.4byte	.LASF101
 775 060b 05       		.byte	0x5
 776 060c 1601     		.2byte	0x116
 777 060e 37060000 		.4byte	0x637
 778 0612 18       		.uleb128 0x18
 779 0613 15020000 		.4byte	.LASF102
 780 0617 05       		.byte	0x5
 781 0618 1E01     		.2byte	0x11e
 782 061a 62060000 		.4byte	0x662
 783 061e 18       		.uleb128 0x18
 784 061f C9040000 		.4byte	.LASF103
 785 0623 05       		.byte	0x5
 786 0624 2701     		.2byte	0x127
 787 0626 99060000 		.4byte	0x699
 788 062a 18       		.uleb128 0x18
 789 062b 81040000 		.4byte	.LASF104
 790 062f 05       		.byte	0x5
 791 0630 2F01     		.2byte	0x12f
 792 0632 02010000 		.4byte	0x102
 793 0636 00       		.byte	0
 794 0637 0A       		.uleb128 0xa
 795 0638 04       		.byte	0x4
 796 0639 27020000 		.4byte	0x227
 797 063d 06       		.uleb128 0x6
 798 063e A8040000 		.4byte	.LASF105
ARM GAS  C:\Users\jo\AppData\Local\Temp\ccmbNjId.s 			page 15


 799 0642 0C       		.byte	0xc
 800 0643 0A       		.byte	0xa
 801 0644 34       		.byte	0x34
 802 0645 62060000 		.4byte	0x662
 803 0649 07       		.uleb128 0x7
 804 064a A6010000 		.4byte	.LASF106
 805 064e 0A       		.byte	0xa
 806 064f 35       		.byte	0x35
 807 0650 5C020000 		.4byte	0x25c
 808 0654 00       		.byte	0
 809 0655 07       		.uleb128 0x7
 810 0656 27020000 		.4byte	.LASF107
 811 065a 0A       		.byte	0xa
 812 065b 37       		.byte	0x37
 813 065c 0D010000 		.4byte	0x10d
 814 0660 08       		.byte	0x8
 815 0661 00       		.byte	0
 816 0662 0A       		.uleb128 0xa
 817 0663 04       		.byte	0x4
 818 0664 3D060000 		.4byte	0x63d
 819 0668 06       		.uleb128 0x6
 820 0669 79050000 		.4byte	.LASF108
 821 066d 10       		.byte	0x10
 822 066e 0B       		.byte	0xb
 823 066f 39       		.byte	0x39
 824 0670 99060000 		.4byte	0x699
 825 0674 07       		.uleb128 0x7
 826 0675 6D010000 		.4byte	.LASF109
 827 0679 0B       		.byte	0xb
 828 067a 3A       		.byte	0x3a
 829 067b 5C020000 		.4byte	0x25c
 830 067f 00       		.byte	0
 831 0680 07       		.uleb128 0x7
 832 0681 CF050000 		.4byte	.LASF110
 833 0685 0B       		.byte	0xb
 834 0686 3C       		.byte	0x3c
 835 0687 32020000 		.4byte	0x232
 836 068b 08       		.byte	0x8
 837 068c 07       		.uleb128 0x7
 838 068d 11050000 		.4byte	.LASF111
 839 0691 0B       		.byte	0xb
 840 0692 3E       		.byte	0x3e
 841 0693 DD060000 		.4byte	0x6dd
 842 0697 0C       		.byte	0xc
 843 0698 00       		.byte	0
 844 0699 0A       		.uleb128 0xa
 845 069a 04       		.byte	0x4
 846 069b 68060000 		.4byte	0x668
 847 069f 0A       		.uleb128 0xa
 848 06a0 04       		.byte	0x4
 849 06a1 A5060000 		.4byte	0x6a5
 850 06a5 19       		.uleb128 0x19
 851 06a6 AA060000 		.4byte	0x6aa
 852 06aa 03       		.uleb128 0x3
 853 06ab 01       		.byte	0x1
 854 06ac 08       		.byte	0x8
 855 06ad 03050000 		.4byte	.LASF112
ARM GAS  C:\Users\jo\AppData\Local\Temp\ccmbNjId.s 			page 16


 856 06b1 0A       		.uleb128 0xa
 857 06b2 04       		.byte	0x4
 858 06b3 82040000 		.4byte	0x482
 859 06b7 0A       		.uleb128 0xa
 860 06b8 04       		.byte	0x4
 861 06b9 11030000 		.4byte	0x311
 862 06bd 05       		.uleb128 0x5
 863 06be 9F060000 		.4byte	0x69f
 864 06c2 15       		.uleb128 0x15
 865 06c3 82040000 		.4byte	0x482
 866 06c7 D2060000 		.4byte	0x6d2
 867 06cb 16       		.uleb128 0x16
 868 06cc 70040000 		.4byte	0x470
 869 06d0 1B       		.byte	0x1b
 870 06d1 00       		.byte	0
 871 06d2 04       		.uleb128 0x4
 872 06d3 CF010000 		.4byte	.LASF113
 873 06d7 0B       		.byte	0xb
 874 06d8 34       		.byte	0x34
 875 06d9 68060000 		.4byte	0x668
 876 06dd 0A       		.uleb128 0xa
 877 06de 04       		.byte	0x4
 878 06df D2060000 		.4byte	0x6d2
 879 06e3 03       		.uleb128 0x3
 880 06e4 01       		.byte	0x1
 881 06e5 02       		.byte	0x2
 882 06e6 42040000 		.4byte	.LASF114
 883 06ea 1A       		.uleb128 0x1a
 884 06eb D0000000 		.4byte	.LASF115
 885 06ef 0C       		.byte	0xc
 886 06f0 A706     		.2byte	0x6a7
 887 06f2 BB000000 		.4byte	0xbb
 888 06f6 1B       		.uleb128 0x1b
 889 06f7 636800   		.ascii	"ch\000"
 890 06fa 05       		.byte	0x5
 891 06fb 0902     		.2byte	0x209
 892 06fd 06040000 		.4byte	0x406
 893 0701 00       		.byte	0
 894              		.section	.debug_abbrev,"",%progbits
 895              	.Ldebug_abbrev0:
 896 0000 01       		.uleb128 0x1
 897 0001 11       		.uleb128 0x11
 898 0002 01       		.byte	0x1
 899 0003 25       		.uleb128 0x25
 900 0004 0E       		.uleb128 0xe
 901 0005 13       		.uleb128 0x13
 902 0006 0B       		.uleb128 0xb
 903 0007 03       		.uleb128 0x3
 904 0008 0E       		.uleb128 0xe
 905 0009 1B       		.uleb128 0x1b
 906 000a 0E       		.uleb128 0xe
 907 000b 10       		.uleb128 0x10
 908 000c 17       		.uleb128 0x17
 909 000d 00       		.byte	0
 910 000e 00       		.byte	0
 911 000f 02       		.uleb128 0x2
 912 0010 24       		.uleb128 0x24
ARM GAS  C:\Users\jo\AppData\Local\Temp\ccmbNjId.s 			page 17


 913 0011 00       		.byte	0
 914 0012 0B       		.uleb128 0xb
 915 0013 0B       		.uleb128 0xb
 916 0014 3E       		.uleb128 0x3e
 917 0015 0B       		.uleb128 0xb
 918 0016 03       		.uleb128 0x3
 919 0017 08       		.uleb128 0x8
 920 0018 00       		.byte	0
 921 0019 00       		.byte	0
 922 001a 03       		.uleb128 0x3
 923 001b 24       		.uleb128 0x24
 924 001c 00       		.byte	0
 925 001d 0B       		.uleb128 0xb
 926 001e 0B       		.uleb128 0xb
 927 001f 3E       		.uleb128 0x3e
 928 0020 0B       		.uleb128 0xb
 929 0021 03       		.uleb128 0x3
 930 0022 0E       		.uleb128 0xe
 931 0023 00       		.byte	0
 932 0024 00       		.byte	0
 933 0025 04       		.uleb128 0x4
 934 0026 16       		.uleb128 0x16
 935 0027 00       		.byte	0
 936 0028 03       		.uleb128 0x3
 937 0029 0E       		.uleb128 0xe
 938 002a 3A       		.uleb128 0x3a
 939 002b 0B       		.uleb128 0xb
 940 002c 3B       		.uleb128 0x3b
 941 002d 0B       		.uleb128 0xb
 942 002e 49       		.uleb128 0x49
 943 002f 13       		.uleb128 0x13
 944 0030 00       		.byte	0
 945 0031 00       		.byte	0
 946 0032 05       		.uleb128 0x5
 947 0033 35       		.uleb128 0x35
 948 0034 00       		.byte	0
 949 0035 49       		.uleb128 0x49
 950 0036 13       		.uleb128 0x13
 951 0037 00       		.byte	0
 952 0038 00       		.byte	0
 953 0039 06       		.uleb128 0x6
 954 003a 13       		.uleb128 0x13
 955 003b 01       		.byte	0x1
 956 003c 03       		.uleb128 0x3
 957 003d 0E       		.uleb128 0xe
 958 003e 0B       		.uleb128 0xb
 959 003f 0B       		.uleb128 0xb
 960 0040 3A       		.uleb128 0x3a
 961 0041 0B       		.uleb128 0xb
 962 0042 3B       		.uleb128 0x3b
 963 0043 0B       		.uleb128 0xb
 964 0044 01       		.uleb128 0x1
 965 0045 13       		.uleb128 0x13
 966 0046 00       		.byte	0
 967 0047 00       		.byte	0
 968 0048 07       		.uleb128 0x7
 969 0049 0D       		.uleb128 0xd
ARM GAS  C:\Users\jo\AppData\Local\Temp\ccmbNjId.s 			page 18


 970 004a 00       		.byte	0
 971 004b 03       		.uleb128 0x3
 972 004c 0E       		.uleb128 0xe
 973 004d 3A       		.uleb128 0x3a
 974 004e 0B       		.uleb128 0xb
 975 004f 3B       		.uleb128 0x3b
 976 0050 0B       		.uleb128 0xb
 977 0051 49       		.uleb128 0x49
 978 0052 13       		.uleb128 0x13
 979 0053 38       		.uleb128 0x38
 980 0054 0B       		.uleb128 0xb
 981 0055 00       		.byte	0
 982 0056 00       		.byte	0
 983 0057 08       		.uleb128 0x8
 984 0058 0D       		.uleb128 0xd
 985 0059 00       		.byte	0
 986 005a 03       		.uleb128 0x3
 987 005b 08       		.uleb128 0x8
 988 005c 3A       		.uleb128 0x3a
 989 005d 0B       		.uleb128 0xb
 990 005e 3B       		.uleb128 0x3b
 991 005f 05       		.uleb128 0x5
 992 0060 49       		.uleb128 0x49
 993 0061 13       		.uleb128 0x13
 994 0062 38       		.uleb128 0x38
 995 0063 0B       		.uleb128 0xb
 996 0064 00       		.byte	0
 997 0065 00       		.byte	0
 998 0066 09       		.uleb128 0x9
 999 0067 0D       		.uleb128 0xd
 1000 0068 00       		.byte	0
 1001 0069 03       		.uleb128 0x3
 1002 006a 0E       		.uleb128 0xe
 1003 006b 3A       		.uleb128 0x3a
 1004 006c 0B       		.uleb128 0xb
 1005 006d 3B       		.uleb128 0x3b
 1006 006e 05       		.uleb128 0x5
 1007 006f 49       		.uleb128 0x49
 1008 0070 13       		.uleb128 0x13
 1009 0071 38       		.uleb128 0x38
 1010 0072 0B       		.uleb128 0xb
 1011 0073 00       		.byte	0
 1012 0074 00       		.byte	0
 1013 0075 0A       		.uleb128 0xa
 1014 0076 0F       		.uleb128 0xf
 1015 0077 00       		.byte	0
 1016 0078 0B       		.uleb128 0xb
 1017 0079 0B       		.uleb128 0xb
 1018 007a 49       		.uleb128 0x49
 1019 007b 13       		.uleb128 0x13
 1020 007c 00       		.byte	0
 1021 007d 00       		.byte	0
 1022 007e 0B       		.uleb128 0xb
 1023 007f 13       		.uleb128 0x13
 1024 0080 01       		.byte	0x1
 1025 0081 03       		.uleb128 0x3
 1026 0082 0E       		.uleb128 0xe
ARM GAS  C:\Users\jo\AppData\Local\Temp\ccmbNjId.s 			page 19


 1027 0083 0B       		.uleb128 0xb
 1028 0084 0B       		.uleb128 0xb
 1029 0085 3A       		.uleb128 0x3a
 1030 0086 0B       		.uleb128 0xb
 1031 0087 3B       		.uleb128 0x3b
 1032 0088 05       		.uleb128 0x5
 1033 0089 01       		.uleb128 0x1
 1034 008a 13       		.uleb128 0x13
 1035 008b 00       		.byte	0
 1036 008c 00       		.byte	0
 1037 008d 0C       		.uleb128 0xc
 1038 008e 15       		.uleb128 0x15
 1039 008f 01       		.byte	0x1
 1040 0090 27       		.uleb128 0x27
 1041 0091 19       		.uleb128 0x19
 1042 0092 01       		.uleb128 0x1
 1043 0093 13       		.uleb128 0x13
 1044 0094 00       		.byte	0
 1045 0095 00       		.byte	0
 1046 0096 0D       		.uleb128 0xd
 1047 0097 05       		.uleb128 0x5
 1048 0098 00       		.byte	0
 1049 0099 49       		.uleb128 0x49
 1050 009a 13       		.uleb128 0x13
 1051 009b 00       		.byte	0
 1052 009c 00       		.byte	0
 1053 009d 0E       		.uleb128 0xe
 1054 009e 0F       		.uleb128 0xf
 1055 009f 00       		.byte	0
 1056 00a0 0B       		.uleb128 0xb
 1057 00a1 0B       		.uleb128 0xb
 1058 00a2 00       		.byte	0
 1059 00a3 00       		.byte	0
 1060 00a4 0F       		.uleb128 0xf
 1061 00a5 13       		.uleb128 0x13
 1062 00a6 01       		.byte	0x1
 1063 00a7 03       		.uleb128 0x3
 1064 00a8 0E       		.uleb128 0xe
 1065 00a9 0B       		.uleb128 0xb
 1066 00aa 05       		.uleb128 0x5
 1067 00ab 3A       		.uleb128 0x3a
 1068 00ac 0B       		.uleb128 0xb
 1069 00ad 3B       		.uleb128 0x3b
 1070 00ae 05       		.uleb128 0x5
 1071 00af 01       		.uleb128 0x1
 1072 00b0 13       		.uleb128 0x13
 1073 00b1 00       		.byte	0
 1074 00b2 00       		.byte	0
 1075 00b3 10       		.uleb128 0x10
 1076 00b4 0D       		.uleb128 0xd
 1077 00b5 00       		.byte	0
 1078 00b6 03       		.uleb128 0x3
 1079 00b7 0E       		.uleb128 0xe
 1080 00b8 3A       		.uleb128 0x3a
 1081 00b9 0B       		.uleb128 0xb
 1082 00ba 3B       		.uleb128 0x3b
 1083 00bb 05       		.uleb128 0x5
ARM GAS  C:\Users\jo\AppData\Local\Temp\ccmbNjId.s 			page 20


 1084 00bc 49       		.uleb128 0x49
 1085 00bd 13       		.uleb128 0x13
 1086 00be 38       		.uleb128 0x38
 1087 00bf 05       		.uleb128 0x5
 1088 00c0 00       		.byte	0
 1089 00c1 00       		.byte	0
 1090 00c2 11       		.uleb128 0x11
 1091 00c3 0D       		.uleb128 0xd
 1092 00c4 00       		.byte	0
 1093 00c5 03       		.uleb128 0x3
 1094 00c6 08       		.uleb128 0x8
 1095 00c7 3A       		.uleb128 0x3a
 1096 00c8 0B       		.uleb128 0xb
 1097 00c9 3B       		.uleb128 0x3b
 1098 00ca 05       		.uleb128 0x5
 1099 00cb 49       		.uleb128 0x49
 1100 00cc 13       		.uleb128 0x13
 1101 00cd 38       		.uleb128 0x38
 1102 00ce 05       		.uleb128 0x5
 1103 00cf 00       		.byte	0
 1104 00d0 00       		.byte	0
 1105 00d1 12       		.uleb128 0x12
 1106 00d2 0D       		.uleb128 0xd
 1107 00d3 00       		.byte	0
 1108 00d4 03       		.uleb128 0x3
 1109 00d5 08       		.uleb128 0x8
 1110 00d6 3A       		.uleb128 0x3a
 1111 00d7 0B       		.uleb128 0xb
 1112 00d8 3B       		.uleb128 0x3b
 1113 00d9 0B       		.uleb128 0xb
 1114 00da 49       		.uleb128 0x49
 1115 00db 13       		.uleb128 0x13
 1116 00dc 38       		.uleb128 0x38
 1117 00dd 0B       		.uleb128 0xb
 1118 00de 00       		.byte	0
 1119 00df 00       		.byte	0
 1120 00e0 13       		.uleb128 0x13
 1121 00e1 13       		.uleb128 0x13
 1122 00e2 01       		.byte	0x1
 1123 00e3 0B       		.uleb128 0xb
 1124 00e4 0B       		.uleb128 0xb
 1125 00e5 3A       		.uleb128 0x3a
 1126 00e6 0B       		.uleb128 0xb
 1127 00e7 3B       		.uleb128 0x3b
 1128 00e8 0B       		.uleb128 0xb
 1129 00e9 01       		.uleb128 0x1
 1130 00ea 13       		.uleb128 0x13
 1131 00eb 00       		.byte	0
 1132 00ec 00       		.byte	0
 1133 00ed 14       		.uleb128 0x14
 1134 00ee 13       		.uleb128 0x13
 1135 00ef 01       		.byte	0x1
 1136 00f0 0B       		.uleb128 0xb
 1137 00f1 05       		.uleb128 0x5
 1138 00f2 3A       		.uleb128 0x3a
 1139 00f3 0B       		.uleb128 0xb
 1140 00f4 3B       		.uleb128 0x3b
ARM GAS  C:\Users\jo\AppData\Local\Temp\ccmbNjId.s 			page 21


 1141 00f5 0B       		.uleb128 0xb
 1142 00f6 01       		.uleb128 0x1
 1143 00f7 13       		.uleb128 0x13
 1144 00f8 00       		.byte	0
 1145 00f9 00       		.byte	0
 1146 00fa 15       		.uleb128 0x15
 1147 00fb 01       		.uleb128 0x1
 1148 00fc 01       		.byte	0x1
 1149 00fd 49       		.uleb128 0x49
 1150 00fe 13       		.uleb128 0x13
 1151 00ff 01       		.uleb128 0x1
 1152 0100 13       		.uleb128 0x13
 1153 0101 00       		.byte	0
 1154 0102 00       		.byte	0
 1155 0103 16       		.uleb128 0x16
 1156 0104 21       		.uleb128 0x21
 1157 0105 00       		.byte	0
 1158 0106 49       		.uleb128 0x49
 1159 0107 13       		.uleb128 0x13
 1160 0108 2F       		.uleb128 0x2f
 1161 0109 0B       		.uleb128 0xb
 1162 010a 00       		.byte	0
 1163 010b 00       		.byte	0
 1164 010c 17       		.uleb128 0x17
 1165 010d 17       		.uleb128 0x17
 1166 010e 01       		.byte	0x1
 1167 010f 0B       		.uleb128 0xb
 1168 0110 0B       		.uleb128 0xb
 1169 0111 3A       		.uleb128 0x3a
 1170 0112 0B       		.uleb128 0xb
 1171 0113 3B       		.uleb128 0x3b
 1172 0114 0B       		.uleb128 0xb
 1173 0115 01       		.uleb128 0x1
 1174 0116 13       		.uleb128 0x13
 1175 0117 00       		.byte	0
 1176 0118 00       		.byte	0
 1177 0119 18       		.uleb128 0x18
 1178 011a 0D       		.uleb128 0xd
 1179 011b 00       		.byte	0
 1180 011c 03       		.uleb128 0x3
 1181 011d 0E       		.uleb128 0xe
 1182 011e 3A       		.uleb128 0x3a
 1183 011f 0B       		.uleb128 0xb
 1184 0120 3B       		.uleb128 0x3b
 1185 0121 05       		.uleb128 0x5
 1186 0122 49       		.uleb128 0x49
 1187 0123 13       		.uleb128 0x13
 1188 0124 00       		.byte	0
 1189 0125 00       		.byte	0
 1190 0126 19       		.uleb128 0x19
 1191 0127 26       		.uleb128 0x26
 1192 0128 00       		.byte	0
 1193 0129 49       		.uleb128 0x49
 1194 012a 13       		.uleb128 0x13
 1195 012b 00       		.byte	0
 1196 012c 00       		.byte	0
 1197 012d 1A       		.uleb128 0x1a
ARM GAS  C:\Users\jo\AppData\Local\Temp\ccmbNjId.s 			page 22


 1198 012e 34       		.uleb128 0x34
 1199 012f 00       		.byte	0
 1200 0130 03       		.uleb128 0x3
 1201 0131 0E       		.uleb128 0xe
 1202 0132 3A       		.uleb128 0x3a
 1203 0133 0B       		.uleb128 0xb
 1204 0134 3B       		.uleb128 0x3b
 1205 0135 05       		.uleb128 0x5
 1206 0136 49       		.uleb128 0x49
 1207 0137 13       		.uleb128 0x13
 1208 0138 3F       		.uleb128 0x3f
 1209 0139 19       		.uleb128 0x19
 1210 013a 3C       		.uleb128 0x3c
 1211 013b 19       		.uleb128 0x19
 1212 013c 00       		.byte	0
 1213 013d 00       		.byte	0
 1214 013e 1B       		.uleb128 0x1b
 1215 013f 34       		.uleb128 0x34
 1216 0140 00       		.byte	0
 1217 0141 03       		.uleb128 0x3
 1218 0142 08       		.uleb128 0x8
 1219 0143 3A       		.uleb128 0x3a
 1220 0144 0B       		.uleb128 0xb
 1221 0145 3B       		.uleb128 0x3b
 1222 0146 05       		.uleb128 0x5
 1223 0147 49       		.uleb128 0x49
 1224 0148 13       		.uleb128 0x13
 1225 0149 3F       		.uleb128 0x3f
 1226 014a 19       		.uleb128 0x19
 1227 014b 3C       		.uleb128 0x3c
 1228 014c 19       		.uleb128 0x19
 1229 014d 00       		.byte	0
 1230 014e 00       		.byte	0
 1231 014f 00       		.byte	0
 1232              		.section	.debug_aranges,"",%progbits
 1233 0000 14000000 		.4byte	0x14
 1234 0004 0200     		.2byte	0x2
 1235 0006 00000000 		.4byte	.Ldebug_info0
 1236 000a 04       		.byte	0x4
 1237 000b 00       		.byte	0
 1238 000c 0000     		.2byte	0
 1239 000e 0000     		.2byte	0
 1240 0010 00000000 		.4byte	0
 1241 0014 00000000 		.4byte	0
 1242              		.section	.debug_line,"",%progbits
 1243              	.Ldebug_line0:
 1244 0000 CE010000 		.section	.debug_str,"MS",%progbits,1
 1244      0200C801 
 1244      00000201 
 1244      FB0E0D00 
 1244      01010101 
 1245              	.LASF93:
 1246 0000 74625F70 		.ascii	"tb_ptr\000"
 1246      747200
 1247              	.LASF51:
 1248 0007 72656164 		.ascii	"ready_list_t\000"
 1248      795F6C69 
ARM GAS  C:\Users\jo\AppData\Local\Temp\ccmbNjId.s 			page 23


 1248      73745F74 
 1248      00
 1249              	.LASF117:
 1250 0014 2E2E2F2E 		.ascii	"../../../ext/lwip/src/api/netifapi.c\000"
 1250      2E2F2E2E 
 1250      2F657874 
 1250      2F6C7769 
 1250      702F7372 
 1251              	.LASF101:
 1252 0039 77747472 		.ascii	"wttrp\000"
 1252      7000
 1253              	.LASF98:
 1254 003f 7264796D 		.ascii	"rdymsg\000"
 1254      736700
 1255              	.LASF16:
 1256 0046 75696E74 		.ascii	"uint64_t\000"
 1256      36345F74 
 1256      00
 1257              	.LASF5:
 1258 004f 5F5F7569 		.ascii	"__uint8_t\000"
 1258      6E74385F 
 1258      7400
 1259              	.LASF86:
 1260 0059 706F7274 		.ascii	"port_intctx\000"
 1260      5F696E74 
 1260      63747800 
 1261              	.LASF70:
 1262 0065 73797374 		.ascii	"system_debug_t\000"
 1262      656D5F64 
 1262      65627567 
 1262      5F7400
 1263              	.LASF12:
 1264 0074 6C6F6E67 		.ascii	"long long unsigned int\000"
 1264      206C6F6E 
 1264      6720756E 
 1264      7369676E 
 1264      65642069 
 1265              	.LASF95:
 1266 008b 63685F74 		.ascii	"ch_trace_buffer_t\000"
 1266      72616365 
 1266      5F627566 
 1266      6665725F 
 1266      7400
 1267              	.LASF90:
 1268 009d 73655F73 		.ascii	"se_state\000"
 1268      74617465 
 1268      00
 1269              	.LASF99:
 1270 00a6 65786974 		.ascii	"exitcode\000"
 1270      636F6465 
 1270      00
 1271              	.LASF80:
 1272 00af 6D61696E 		.ascii	"mainthread\000"
 1272      74687265 
 1272      616400
 1273              	.LASF67:
 1274 00ba 76697274 		.ascii	"virtual_timers_list_t\000"
ARM GAS  C:\Users\jo\AppData\Local\Temp\ccmbNjId.s 			page 24


 1274      75616C5F 
 1274      74696D65 
 1274      72735F6C 
 1274      6973745F 
 1275              	.LASF115:
 1276 00d0 49544D5F 		.ascii	"ITM_RxBuffer\000"
 1276      52784275 
 1276      66666572 
 1276      00
 1277              	.LASF50:
 1278 00dd 63685F74 		.ascii	"ch_threads_queue\000"
 1278      68726561 
 1278      64735F71 
 1278      75657565 
 1278      00
 1279              	.LASF29:
 1280 00ee 705F7072 		.ascii	"p_prio\000"
 1280      696F00
 1281              	.LASF118:
 1282 00f5 433A5C55 		.ascii	"C:\\Users\\jo\\Documents\\GitHub\\ChibiOS\\demos\\S"
 1282      73657273 
 1282      5C6A6F5C 
 1282      446F6375 
 1282      6D656E74 
 1283 0121 544D3332 		.ascii	"TM32\\RT-STM32F407-DISCOVERY-uHttp\000"
 1283      5C52542D 
 1283      53544D33 
 1283      32463430 
 1283      372D4449 
 1284              	.LASF10:
 1285 0143 6C6F6E67 		.ascii	"long long int\000"
 1285      206C6F6E 
 1285      6720696E 
 1285      7400
 1286              	.LASF1:
 1287 0151 7369676E 		.ascii	"signed char\000"
 1287      65642063 
 1287      68617200 
 1288              	.LASF87:
 1289 015d 73655F74 		.ascii	"se_time\000"
 1289      696D6500 
 1290              	.LASF44:
 1291 0165 705F6D70 		.ascii	"p_mpool\000"
 1291      6F6F6C00 
 1292              	.LASF109:
 1293 016d 6D5F7175 		.ascii	"m_queue\000"
 1293      65756500 
 1294              	.LASF79:
 1295 0175 76746C69 		.ascii	"vtlist\000"
 1295      737400
 1296              	.LASF77:
 1297 017c 63685F73 		.ascii	"ch_system\000"
 1297      79737465 
 1297      6D00
 1298              	.LASF7:
 1299 0186 6C6F6E67 		.ascii	"long int\000"
 1299      20696E74 
ARM GAS  C:\Users\jo\AppData\Local\Temp\ccmbNjId.s 			page 25


 1299      00
 1300              	.LASF19:
 1301 018f 74737461 		.ascii	"tstate_t\000"
 1301      74655F74 
 1301      00
 1302              	.LASF88:
 1303 0198 73655F74 		.ascii	"se_tp\000"
 1303      7000
 1304              	.LASF31:
 1305 019e 705F6E65 		.ascii	"p_newer\000"
 1305      77657200 
 1306              	.LASF106:
 1307 01a6 735F7175 		.ascii	"s_queue\000"
 1307      65756500 
 1308              	.LASF92:
 1309 01ae 74625F73 		.ascii	"tb_size\000"
 1309      697A6500 
 1310              	.LASF56:
 1311 01b6 725F6E65 		.ascii	"r_newer\000"
 1311      77657200 
 1312              	.LASF83:
 1313 01be 72656761 		.ascii	"regarm_t\000"
 1313      726D5F74 
 1313      00
 1314              	.LASF63:
 1315 01c7 76745F70 		.ascii	"vt_prev\000"
 1315      72657600 
 1316              	.LASF113:
 1317 01cf 6D757465 		.ascii	"mutex_t\000"
 1317      785F7400 
 1318              	.LASF74:
 1319 01d7 6C6F636B 		.ascii	"lock_cnt\000"
 1319      5F636E74 
 1319      00
 1320              	.LASF81:
 1321 01e0 69646C65 		.ascii	"idle_thread_wa\000"
 1321      5F746872 
 1321      6561645F 
 1321      776100
 1322              	.LASF24:
 1323 01ef 636E745F 		.ascii	"cnt_t\000"
 1323      7400
 1324              	.LASF34:
 1325 01f5 705F7374 		.ascii	"p_stklimit\000"
 1325      6B6C696D 
 1325      697400
 1326              	.LASF0:
 1327 0200 756E7369 		.ascii	"unsigned int\000"
 1327      676E6564 
 1327      20696E74 
 1327      00
 1328              	.LASF62:
 1329 020d 76745F6E 		.ascii	"vt_next\000"
 1329      65787400 
 1330              	.LASF102:
 1331 0215 77747365 		.ascii	"wtsemp\000"
 1331      6D7000
ARM GAS  C:\Users\jo\AppData\Local\Temp\ccmbNjId.s 			page 26


 1332              	.LASF39:
 1333 021c 705F6D73 		.ascii	"p_msgqueue\000"
 1333      67717565 
 1333      756500
 1334              	.LASF107:
 1335 0227 735F636E 		.ascii	"s_cnt\000"
 1335      7400
 1336              	.LASF4:
 1337 022d 73686F72 		.ascii	"short unsigned int\000"
 1337      7420756E 
 1337      7369676E 
 1337      65642069 
 1337      6E7400
 1338              	.LASF47:
 1339 0240 63685F74 		.ascii	"ch_thread\000"
 1339      68726561 
 1339      6400
 1340              	.LASF22:
 1341 024a 6D73675F 		.ascii	"msg_t\000"
 1341      7400
 1342              	.LASF76:
 1343 0250 63685F73 		.ascii	"ch_system_t\000"
 1343      79737465 
 1343      6D5F7400 
 1344              	.LASF18:
 1345 025c 746D6F64 		.ascii	"tmode_t\000"
 1345      655F7400 
 1346              	.LASF52:
 1347 0264 63685F72 		.ascii	"ch_ready_list\000"
 1347      65616479 
 1347      5F6C6973 
 1347      7400
 1348              	.LASF23:
 1349 0272 6576656E 		.ascii	"eventmask_t\000"
 1349      746D6173 
 1349      6B5F7400 
 1350              	.LASF6:
 1351 027e 5F5F696E 		.ascii	"__int32_t\000"
 1351      7433325F 
 1351      7400
 1352              	.LASF116:
 1353 0288 474E5520 		.ascii	"GNU C 4.9.3 20141119 (release) [ARM/embedded-4_9-br"
 1353      4320342E 
 1353      392E3320 
 1353      32303134 
 1353      31313139 
 1354 02bb 616E6368 		.ascii	"anch revision 218278] -mcpu=cortex-m4 -mno-thumb-in"
 1354      20726576 
 1354      6973696F 
 1354      6E203231 
 1354      38323738 
 1355 02ee 74657277 		.ascii	"terwork -mthumb -ggdb -O2 -fomit-frame-pointer -fal"
 1355      6F726B20 
 1355      2D6D7468 
 1355      756D6220 
 1355      2D676764 
 1356 0321 69676E2D 		.ascii	"ign-functions=16 -ffunction-sections -fdata-section"
ARM GAS  C:\Users\jo\AppData\Local\Temp\ccmbNjId.s 			page 27


 1356      66756E63 
 1356      74696F6E 
 1356      733D3136 
 1356      202D6666 
 1357 0354 73202D66 		.ascii	"s -fno-common\000"
 1357      6E6F2D63 
 1357      6F6D6D6F 
 1357      6E00
 1358              	.LASF84:
 1359 0362 73746B61 		.ascii	"stkalign_t\000"
 1359      6C69676E 
 1359      5F7400
 1360              	.LASF38:
 1361 036d 705F7761 		.ascii	"p_waiting\000"
 1361      6974696E 
 1361      6700
 1362              	.LASF82:
 1363 0377 73697A65 		.ascii	"sizetype\000"
 1363      74797065 
 1363      00
 1364              	.LASF45:
 1365 0380 74687265 		.ascii	"thread_reference_t\000"
 1365      61645F72 
 1365      65666572 
 1365      656E6365 
 1365      5F7400
 1366              	.LASF68:
 1367 0393 63685F76 		.ascii	"ch_virtual_timers_list\000"
 1367      69727475 
 1367      616C5F74 
 1367      696D6572 
 1367      735F6C69 
 1368              	.LASF91:
 1369 03aa 63685F73 		.ascii	"ch_swc_event_t\000"
 1369      77635F65 
 1369      76656E74 
 1369      5F7400
 1370              	.LASF69:
 1371 03b9 76745F6C 		.ascii	"vt_lasttime\000"
 1371      61737474 
 1371      696D6500 
 1372              	.LASF32:
 1373 03c5 705F6F6C 		.ascii	"p_older\000"
 1373      64657200 
 1374              	.LASF55:
 1375 03cd 725F6374 		.ascii	"r_ctx\000"
 1375      7800
 1376              	.LASF97:
 1377 03d3 746D5F63 		.ascii	"tm_calibration_t\000"
 1377      616C6962 
 1377      72617469 
 1377      6F6E5F74 
 1377      00
 1378              	.LASF58:
 1379 03e4 725F6375 		.ascii	"r_current\000"
 1379      7272656E 
 1379      7400
ARM GAS  C:\Users\jo\AppData\Local\Temp\ccmbNjId.s 			page 28


 1380              	.LASF57:
 1381 03ee 725F6F6C 		.ascii	"r_older\000"
 1381      64657200 
 1382              	.LASF11:
 1383 03f6 5F5F7569 		.ascii	"__uint64_t\000"
 1383      6E743634 
 1383      5F7400
 1384              	.LASF20:
 1385 0401 74726566 		.ascii	"trefs_t\000"
 1385      735F7400 
 1386              	.LASF94:
 1387 0409 74625F62 		.ascii	"tb_buffer\000"
 1387      75666665 
 1387      7200
 1388              	.LASF60:
 1389 0413 76697274 		.ascii	"virtual_timer_t\000"
 1389      75616C5F 
 1389      74696D65 
 1389      725F7400 
 1390              	.LASF28:
 1391 0423 705F7072 		.ascii	"p_prev\000"
 1391      657600
 1392              	.LASF21:
 1393 042a 74707269 		.ascii	"tprio_t\000"
 1393      6F5F7400 
 1394              	.LASF71:
 1395 0432 63685F73 		.ascii	"ch_system_debug\000"
 1395      79737465 
 1395      6D5F6465 
 1395      62756700 
 1396              	.LASF114:
 1397 0442 5F426F6F 		.ascii	"_Bool\000"
 1397      6C00
 1398              	.LASF14:
 1399 0448 696E7433 		.ascii	"int32_t\000"
 1399      325F7400 
 1400              	.LASF2:
 1401 0450 756E7369 		.ascii	"unsigned char\000"
 1401      676E6564 
 1401      20636861 
 1401      7200
 1402              	.LASF42:
 1403 045e 705F6D74 		.ascii	"p_mtxlist\000"
 1403      786C6973 
 1403      7400
 1404              	.LASF3:
 1405 0468 73686F72 		.ascii	"short int\000"
 1405      7420696E 
 1405      7400
 1406              	.LASF35:
 1407 0472 705F7374 		.ascii	"p_state\000"
 1407      61746500 
 1408              	.LASF54:
 1409 047a 725F7072 		.ascii	"r_prio\000"
 1409      696F00
 1410              	.LASF104:
 1411 0481 65776D61 		.ascii	"ewmask\000"
ARM GAS  C:\Users\jo\AppData\Local\Temp\ccmbNjId.s 			page 29


 1411      736B00
 1412              	.LASF27:
 1413 0488 705F6E65 		.ascii	"p_next\000"
 1413      787400
 1414              	.LASF36:
 1415 048f 705F666C 		.ascii	"p_flags\000"
 1415      61677300 
 1416              	.LASF61:
 1417 0497 63685F76 		.ascii	"ch_virtual_timer\000"
 1417      69727475 
 1417      616C5F74 
 1417      696D6572 
 1417      00
 1418              	.LASF105:
 1419 04a8 63685F73 		.ascii	"ch_semaphore\000"
 1419      656D6170 
 1419      686F7265 
 1419      00
 1420              	.LASF41:
 1421 04b5 705F6570 		.ascii	"p_epending\000"
 1421      656E6469 
 1421      6E6700
 1422              	.LASF15:
 1423 04c0 75696E74 		.ascii	"uint32_t\000"
 1423      33325F74 
 1423      00
 1424              	.LASF103:
 1425 04c9 77746D74 		.ascii	"wtmtxp\000"
 1425      787000
 1426              	.LASF53:
 1427 04d0 725F7175 		.ascii	"r_queue\000"
 1427      65756500 
 1428              	.LASF64:
 1429 04d8 76745F64 		.ascii	"vt_delta\000"
 1429      656C7461 
 1429      00
 1430              	.LASF48:
 1431 04e1 63685F74 		.ascii	"ch_threads_list\000"
 1431      68726561 
 1431      64735F6C 
 1431      69737400 
 1432              	.LASF9:
 1433 04f1 6C6F6E67 		.ascii	"long unsigned int\000"
 1433      20756E73 
 1433      69676E65 
 1433      6420696E 
 1433      7400
 1434              	.LASF112:
 1435 0503 63686172 		.ascii	"char\000"
 1435      00
 1436              	.LASF26:
 1437 0508 74687265 		.ascii	"thread_t\000"
 1437      61645F74 
 1437      00
 1438              	.LASF111:
 1439 0511 6D5F6E65 		.ascii	"m_next\000"
 1439      787400
ARM GAS  C:\Users\jo\AppData\Local\Temp\ccmbNjId.s 			page 30


 1440              	.LASF25:
 1441 0518 73797374 		.ascii	"systime_t\000"
 1441      696D655F 
 1441      7400
 1442              	.LASF43:
 1443 0522 705F7265 		.ascii	"p_realprio\000"
 1443      616C7072 
 1443      696F00
 1444              	.LASF59:
 1445 052d 76746675 		.ascii	"vtfunc_t\000"
 1445      6E635F74 
 1445      00
 1446              	.LASF8:
 1447 0536 5F5F7569 		.ascii	"__uint32_t\000"
 1447      6E743332 
 1447      5F7400
 1448              	.LASF72:
 1449 0541 70616E69 		.ascii	"panic_msg\000"
 1449      635F6D73 
 1449      6700
 1450              	.LASF96:
 1451 054b 6F666673 		.ascii	"offset\000"
 1451      657400
 1452              	.LASF85:
 1453 0552 636F6E74 		.ascii	"context\000"
 1453      65787400 
 1454              	.LASF17:
 1455 055a 7274636E 		.ascii	"rtcnt_t\000"
 1455      745F7400 
 1456              	.LASF66:
 1457 0562 76745F70 		.ascii	"vt_par\000"
 1457      617200
 1458              	.LASF49:
 1459 0569 74687265 		.ascii	"threads_queue_t\000"
 1459      6164735F 
 1459      71756575 
 1459      655F7400 
 1460              	.LASF108:
 1461 0579 63685F6D 		.ascii	"ch_mutex\000"
 1461      75746578 
 1461      00
 1462              	.LASF37:
 1463 0582 705F7265 		.ascii	"p_refs\000"
 1463      667300
 1464              	.LASF73:
 1465 0589 6973725F 		.ascii	"isr_cnt\000"
 1465      636E7400 
 1466              	.LASF78:
 1467 0591 726C6973 		.ascii	"rlist\000"
 1467      7400
 1468              	.LASF13:
 1469 0597 75696E74 		.ascii	"uint8_t\000"
 1469      385F7400 
 1470              	.LASF100:
 1471 059f 77746F62 		.ascii	"wtobjp\000"
 1471      6A7000
 1472              	.LASF33:
ARM GAS  C:\Users\jo\AppData\Local\Temp\ccmbNjId.s 			page 31


 1473 05a6 705F6E61 		.ascii	"p_name\000"
 1473      6D6500
 1474              	.LASF46:
 1475 05ad 74687265 		.ascii	"threads_list_t\000"
 1475      6164735F 
 1475      6C697374 
 1475      5F7400
 1476              	.LASF75:
 1477 05bc 74726163 		.ascii	"trace_buffer\000"
 1477      655F6275 
 1477      66666572 
 1477      00
 1478              	.LASF40:
 1479 05c9 705F6D73 		.ascii	"p_msg\000"
 1479      6700
 1480              	.LASF110:
 1481 05cf 6D5F6F77 		.ascii	"m_owner\000"
 1481      6E657200 
 1482              	.LASF89:
 1483 05d7 73655F77 		.ascii	"se_wtobjp\000"
 1483      746F626A 
 1483      7000
 1484              	.LASF30:
 1485 05e1 705F6374 		.ascii	"p_ctx\000"
 1485      7800
 1486              	.LASF65:
 1487 05e7 76745F66 		.ascii	"vt_func\000"
 1487      756E6300 
 1488              		.ident	"GCC: (GNU Tools for ARM Embedded Processors) 4.9.3 20141119 (release) [ARM/embedded-4_9-br
ARM GAS  C:\Users\jo\AppData\Local\Temp\ccmbNjId.s 			page 32


DEFINED SYMBOLS
                            *ABS*:00000000 netifapi.c

NO UNDEFINED SYMBOLS
