ARM GAS  C:\Users\jo\AppData\Local\Temp\ccXnl3DV.s 			page 1


   1              		.syntax unified
   2              		.cpu cortex-m4
   3              		.fpu softvfp
   4              		.eabi_attribute 20, 1
   5              		.eabi_attribute 21, 1
   6              		.eabi_attribute 23, 3
   7              		.eabi_attribute 24, 1
   8              		.eabi_attribute 25, 1
   9              		.eabi_attribute 26, 1
  10              		.eabi_attribute 30, 2
  11              		.eabi_attribute 34, 1
  12              		.eabi_attribute 18, 4
  13              		.thumb
  14              		.file	"nvic.c"
  15              		.text
  16              	.Ltext0:
  17              		.cfi_sections	.debug_frame
  18              		.section	.text.nvicEnableVector,"ax",%progbits
  19              		.align	2
  20              		.p2align 4,,15
  21              		.global	nvicEnableVector
  22              		.thumb
  23              		.thumb_func
  24              		.type	nvicEnableVector, %function
  25              	nvicEnableVector:
  26              	.LFB259:
  27              		.file 1 "../../../os/hal/ports/common/ARMCMx/nvic.c"
  28              		.loc 1 57 0
  29              		.cfi_startproc
  30              		@ args = 0, pretend = 0, frame = 0
  31              		@ frame_needed = 0, uses_anonymous_args = 0
  32              		@ link register save eliminated.
  33              	.LVL0:
  34              		.loc 1 60 0
  35 0000 4309     		lsrs	r3, r0, #5
  36 0002 9B00     		lsls	r3, r3, #2
  37              		.loc 1 57 0
  38 0004 10B4     		push	{r4}
  39              		.cfi_def_cfa_offset 4
  40              		.cfi_offset 4, -4
  41 0006 03F16043 		add	r3, r3, #-536870912
  42              		.loc 1 59 0
  43 000a 00F16044 		add	r4, r0, #-536870912
  44 000e 04F56144 		add	r4, r4, #57600
  45 0012 03F56143 		add	r3, r3, #57600
  46 0016 0901     		lsls	r1, r1, #4
  47              	.LVL1:
  48              		.loc 1 60 0
  49 0018 00F01F00 		and	r0, r0, #31
  50              	.LVL2:
  51 001c 0122     		movs	r2, #1
  52 001e 8240     		lsls	r2, r2, r0
  53              		.loc 1 59 0
  54 0020 C9B2     		uxtb	r1, r1
  55 0022 84F80013 		strb	r1, [r4, #768]
  56              		.loc 1 60 0
  57 0026 C3F88021 		str	r2, [r3, #384]
ARM GAS  C:\Users\jo\AppData\Local\Temp\ccXnl3DV.s 			page 2


  58              		.loc 1 61 0
  59 002a 1A60     		str	r2, [r3]
  60              		.loc 1 62 0
  61 002c 5DF8044B 		ldr	r4, [sp], #4
  62              		.cfi_restore 4
  63              		.cfi_def_cfa_offset 0
  64              	.LVL3:
  65 0030 7047     		bx	lr
  66              		.cfi_endproc
  67              	.LFE259:
  68              		.size	nvicEnableVector, .-nvicEnableVector
  69 0032 00BFAFF3 		.section	.text.nvicDisableVector,"ax",%progbits
  69      0080AFF3 
  69      0080AFF3 
  69      0080
  70              		.align	2
  71              		.p2align 4,,15
  72              		.global	nvicDisableVector
  73              		.thumb
  74              		.thumb_func
  75              		.type	nvicDisableVector, %function
  76              	nvicDisableVector:
  77              	.LFB260:
  78              		.loc 1 69 0
  79              		.cfi_startproc
  80              		@ args = 0, pretend = 0, frame = 0
  81              		@ frame_needed = 0, uses_anonymous_args = 0
  82              		@ link register save eliminated.
  83              	.LVL4:
  84              		.loc 1 71 0
  85 0000 0849     		ldr	r1, .L5
  86 0002 4309     		lsrs	r3, r0, #5
  87              		.loc 1 69 0
  88 0004 10B4     		push	{r4}
  89              		.cfi_def_cfa_offset 4
  90              		.cfi_offset 4, -4
  91              		.loc 1 71 0
  92 0006 2033     		adds	r3, r3, #32
  93 0008 00F01F04 		and	r4, r0, #31
  94 000c 0122     		movs	r2, #1
  95              		.loc 1 72 0
  96 000e 0844     		add	r0, r0, r1
  97              	.LVL5:
  98              		.loc 1 71 0
  99 0010 A240     		lsls	r2, r2, r4
 100              		.loc 1 72 0
 101 0012 0024     		movs	r4, #0
 102              		.loc 1 71 0
 103 0014 41F82320 		str	r2, [r1, r3, lsl #2]
 104              		.loc 1 72 0
 105 0018 80F80043 		strb	r4, [r0, #768]
 106              		.loc 1 73 0
 107 001c 5DF8044B 		ldr	r4, [sp], #4
 108              		.cfi_restore 4
 109              		.cfi_def_cfa_offset 0
 110 0020 7047     		bx	lr
 111              	.L6:
ARM GAS  C:\Users\jo\AppData\Local\Temp\ccXnl3DV.s 			page 3


 112 0022 00BF     		.align	2
 113              	.L5:
 114 0024 00E100E0 		.word	-536813312
 115              		.cfi_endproc
 116              	.LFE260:
 117              		.size	nvicDisableVector, .-nvicDisableVector
 118 0028 AFF30080 		.section	.text.nvicSetSystemHandlerPriority,"ax",%progbits
 118      AFF30080 
 119              		.align	2
 120              		.p2align 4,,15
 121              		.global	nvicSetSystemHandlerPriority
 122              		.thumb
 123              		.thumb_func
 124              		.type	nvicSetSystemHandlerPriority, %function
 125              	nvicSetSystemHandlerPriority:
 126              	.LFB261:
 127              		.loc 1 81 0
 128              		.cfi_startproc
 129              		@ args = 0, pretend = 0, frame = 0
 130              		@ frame_needed = 0, uses_anonymous_args = 0
 131              	.LVL6:
 132              		.loc 1 83 0
 133 0000 0C28     		cmp	r0, #12
 134              		.loc 1 81 0
 135 0002 38B5     		push	{r3, r4, r5, lr}
 136              		.cfi_def_cfa_offset 16
 137              		.cfi_offset 3, -16
 138              		.cfi_offset 4, -12
 139              		.cfi_offset 5, -8
 140              		.cfi_offset 14, -4
 141              		.loc 1 81 0
 142 0004 0446     		mov	r4, r0
 143 0006 0D46     		mov	r5, r1
 144              		.loc 1 83 0
 145 0008 02D9     		bls	.L8
 146              		.loc 1 83 0 is_stmt 0 discriminator 2
 147 000a 0548     		ldr	r0, .L11
 148              	.LVL7:
 149 000c FFF7FEFF 		bl	chSysHalt
 150              	.LVL8:
 151              	.L8:
 152              		.loc 1 85 0 is_stmt 1
 153 0010 04F16040 		add	r0, r4, #-536870912
 154 0014 00F56D40 		add	r0, r0, #60672
 155 0018 2D01     		lsls	r5, r5, #4
 156              	.LVL9:
 157 001a EDB2     		uxtb	r5, r5
 158 001c 0576     		strb	r5, [r0, #24]
 159 001e 38BD     		pop	{r3, r4, r5, pc}
 160              	.LVL10:
 161              	.L12:
 162              		.align	2
 163              	.L11:
 164 0020 00000000 		.word	.LANCHOR0
 165              		.cfi_endproc
 166              	.LFE261:
 167              		.size	nvicSetSystemHandlerPriority, .-nvicSetSystemHandlerPriority
ARM GAS  C:\Users\jo\AppData\Local\Temp\ccXnl3DV.s 			page 4


 168 0024 AFF30080 		.section	.text.nvicClearPending,"ax",%progbits
 168      AFF30080 
 168      AFF30080 
 169              		.align	2
 170              		.p2align 4,,15
 171              		.global	nvicClearPending
 172              		.thumb
 173              		.thumb_func
 174              		.type	nvicClearPending, %function
 175              	nvicClearPending:
 176              	.LFB262:
 177              		.loc 1 93 0
 178              		.cfi_startproc
 179              		@ args = 0, pretend = 0, frame = 0
 180              		@ frame_needed = 0, uses_anonymous_args = 0
 181              		@ link register save eliminated.
 182              	.LVL11:
 183              		.loc 1 95 0
 184 0000 4309     		lsrs	r3, r0, #5
 185 0002 6033     		adds	r3, r3, #96
 186 0004 00F01F00 		and	r0, r0, #31
 187              	.LVL12:
 188 0008 0122     		movs	r2, #1
 189 000a 0249     		ldr	r1, .L14
 190 000c 8240     		lsls	r2, r2, r0
 191 000e 41F82320 		str	r2, [r1, r3, lsl #2]
 192 0012 7047     		bx	lr
 193              	.L15:
 194              		.align	2
 195              	.L14:
 196 0014 00E100E0 		.word	-536813312
 197              		.cfi_endproc
 198              	.LFE262:
 199              		.size	nvicClearPending, .-nvicClearPending
 200 0018 AFF30080 		.section	.rodata.__func__.7512,"a",%progbits
 200      AFF30080 
 201              		.align	2
 202              		.set	.LANCHOR0,. + 0
 203              		.type	__func__.7512, %object
 204              		.size	__func__.7512, 29
 205              	__func__.7512:
 206 0000 6E766963 		.ascii	"nvicSetSystemHandlerPriority\000"
 206      53657453 
 206      79737465 
 206      6D48616E 
 206      646C6572 
 207 001d 000000   		.text
 208              	.Letext0:
 209              		.file 2 "c:\\program files\\gnu tools arm embedded\\4.9 2014q4\\arm-none-eabi\\include\\machine\\_
 210              		.file 3 "c:\\program files\\gnu tools arm embedded\\4.9 2014q4\\arm-none-eabi\\include\\stdint.h"
 211              		.file 4 "../../../os/rt/ports/ARMCMx/compilers/GCC/chtypes.h"
 212              		.file 5 "../../../os/rt/include/chsystypes.h"
 213              		.file 6 "../../../os/rt/include/chschd.h"
 214              		.file 7 "../../../os/ext/CMSIS/include/core_cm4.h"
 215              		.file 8 "../../../os/rt/ports/ARMCMx/chcore.h"
 216              		.file 9 "../../../os/rt/ports/ARMCMx/chcore_v7m.h"
 217              		.file 10 "../../../os/rt/include/chdebug.h"
ARM GAS  C:\Users\jo\AppData\Local\Temp\ccXnl3DV.s 			page 5


 218              		.file 11 "../../../os/rt/include/chtm.h"
 219              		.file 12 "../../../os/rt/include/chsem.h"
 220              		.file 13 "../../../os/rt/include/chmtx.h"
 221              		.file 14 "../../../os/rt/include/chsys.h"
 222              		.section	.debug_info,"",%progbits
 223              	.Ldebug_info0:
 224 0000 C20A0000 		.4byte	0xac2
 225 0004 0400     		.2byte	0x4
 226 0006 00000000 		.4byte	.Ldebug_abbrev0
 227 000a 04       		.byte	0x4
 228 000b 01       		.uleb128 0x1
 229 000c CE020000 		.4byte	.LASF150
 230 0010 01       		.byte	0x1
 231 0011 56060000 		.4byte	.LASF151
 232 0015 64000000 		.4byte	.LASF152
 233 0019 00000000 		.4byte	.Ldebug_ranges0+0
 234 001d 00000000 		.4byte	0
 235 0021 00000000 		.4byte	.Ldebug_line0
 236 0025 02       		.uleb128 0x2
 237 0026 04       		.byte	0x4
 238 0027 05       		.byte	0x5
 239 0028 696E7400 		.ascii	"int\000"
 240 002c 03       		.uleb128 0x3
 241 002d 04       		.byte	0x4
 242 002e 07       		.byte	0x7
 243 002f 2A020000 		.4byte	.LASF0
 244 0033 03       		.uleb128 0x3
 245 0034 01       		.byte	0x1
 246 0035 06       		.byte	0x6
 247 0036 5F010000 		.4byte	.LASF1
 248 003a 04       		.uleb128 0x4
 249 003b 3F000000 		.4byte	.LASF5
 250 003f 02       		.byte	0x2
 251 0040 1D       		.byte	0x1d
 252 0041 45000000 		.4byte	0x45
 253 0045 03       		.uleb128 0x3
 254 0046 01       		.byte	0x1
 255 0047 08       		.byte	0x8
 256 0048 CD040000 		.4byte	.LASF2
 257 004c 03       		.uleb128 0x3
 258 004d 02       		.byte	0x2
 259 004e 05       		.byte	0x5
 260 004f 00050000 		.4byte	.LASF3
 261 0053 03       		.uleb128 0x3
 262 0054 02       		.byte	0x2
 263 0055 07       		.byte	0x7
 264 0056 64050000 		.4byte	.LASF4
 265 005a 04       		.uleb128 0x4
 266 005b C4020000 		.4byte	.LASF6
 267 005f 02       		.byte	0x2
 268 0060 3F       		.byte	0x3f
 269 0061 65000000 		.4byte	0x65
 270 0065 03       		.uleb128 0x3
 271 0066 04       		.byte	0x4
 272 0067 05       		.byte	0x5
 273 0068 9D010000 		.4byte	.LASF7
 274 006c 04       		.uleb128 0x4
ARM GAS  C:\Users\jo\AppData\Local\Temp\ccXnl3DV.s 			page 6


 275 006d 2A060000 		.4byte	.LASF8
 276 0071 02       		.byte	0x2
 277 0072 41       		.byte	0x41
 278 0073 77000000 		.4byte	0x77
 279 0077 03       		.uleb128 0x3
 280 0078 04       		.byte	0x4
 281 0079 07       		.byte	0x7
 282 007a DB050000 		.4byte	.LASF9
 283 007e 03       		.uleb128 0x3
 284 007f 08       		.byte	0x8
 285 0080 05       		.byte	0x5
 286 0081 51010000 		.4byte	.LASF10
 287 0085 04       		.uleb128 0x4
 288 0086 65040000 		.4byte	.LASF11
 289 008a 02       		.byte	0x2
 290 008b 5B       		.byte	0x5b
 291 008c 90000000 		.4byte	0x90
 292 0090 03       		.uleb128 0x3
 293 0091 08       		.byte	0x8
 294 0092 07       		.byte	0x7
 295 0093 BC000000 		.4byte	.LASF12
 296 0097 04       		.uleb128 0x4
 297 0098 BB060000 		.4byte	.LASF13
 298 009c 03       		.byte	0x3
 299 009d 15       		.byte	0x15
 300 009e 3A000000 		.4byte	0x3a
 301 00a2 04       		.uleb128 0x4
 302 00a3 C5040000 		.4byte	.LASF14
 303 00a7 03       		.byte	0x3
 304 00a8 2C       		.byte	0x2c
 305 00a9 5A000000 		.4byte	0x5a
 306 00ad 04       		.uleb128 0x4
 307 00ae AA050000 		.4byte	.LASF15
 308 00b2 03       		.byte	0x3
 309 00b3 2D       		.byte	0x2d
 310 00b4 6C000000 		.4byte	0x6c
 311 00b8 04       		.uleb128 0x4
 312 00b9 36000000 		.4byte	.LASF16
 313 00bd 03       		.byte	0x3
 314 00be 39       		.byte	0x39
 315 00bf 85000000 		.4byte	0x85
 316 00c3 05       		.uleb128 0x5
 317 00c4 A2000000 		.4byte	0xa2
 318 00c8 05       		.uleb128 0x5
 319 00c9 AD000000 		.4byte	0xad
 320 00cd 04       		.uleb128 0x4
 321 00ce 4E060000 		.4byte	.LASF17
 322 00d2 04       		.byte	0x4
 323 00d3 45       		.byte	0x45
 324 00d4 AD000000 		.4byte	0xad
 325 00d8 04       		.uleb128 0x4
 326 00d9 4B050000 		.4byte	.LASF18
 327 00dd 04       		.byte	0x4
 328 00de 48       		.byte	0x48
 329 00df 97000000 		.4byte	0x97
 330 00e3 04       		.uleb128 0x4
 331 00e4 A6010000 		.4byte	.LASF19
ARM GAS  C:\Users\jo\AppData\Local\Temp\ccXnl3DV.s 			page 7


 332 00e8 04       		.byte	0x4
 333 00e9 49       		.byte	0x49
 334 00ea 97000000 		.4byte	0x97
 335 00ee 04       		.uleb128 0x4
 336 00ef 70040000 		.4byte	.LASF20
 337 00f3 04       		.byte	0x4
 338 00f4 4A       		.byte	0x4a
 339 00f5 97000000 		.4byte	0x97
 340 00f9 04       		.uleb128 0x4
 341 00fa A7040000 		.4byte	.LASF21
 342 00fe 04       		.byte	0x4
 343 00ff 4C       		.byte	0x4c
 344 0100 AD000000 		.4byte	0xad
 345 0104 04       		.uleb128 0x4
 346 0105 7D020000 		.4byte	.LASF22
 347 0109 04       		.byte	0x4
 348 010a 4D       		.byte	0x4d
 349 010b A2000000 		.4byte	0xa2
 350 010f 04       		.uleb128 0x4
 351 0110 B8020000 		.4byte	.LASF23
 352 0114 04       		.byte	0x4
 353 0115 4F       		.byte	0x4f
 354 0116 AD000000 		.4byte	0xad
 355 011a 04       		.uleb128 0x4
 356 011b 19020000 		.4byte	.LASF24
 357 011f 04       		.byte	0x4
 358 0120 51       		.byte	0x51
 359 0121 A2000000 		.4byte	0xa2
 360 0125 04       		.uleb128 0x4
 361 0126 0C060000 		.4byte	.LASF25
 362 012a 05       		.byte	0x5
 363 012b 33       		.byte	0x33
 364 012c AD000000 		.4byte	0xad
 365 0130 04       		.uleb128 0x4
 366 0131 FC050000 		.4byte	.LASF26
 367 0135 05       		.byte	0x5
 368 0136 3F       		.byte	0x3f
 369 0137 3B010000 		.4byte	0x13b
 370 013b 06       		.uleb128 0x6
 371 013c 6E020000 		.4byte	.LASF47
 372 0140 48       		.byte	0x48
 373 0141 06       		.byte	0x6
 374 0142 C2       		.byte	0xc2
 375 0143 34020000 		.4byte	0x234
 376 0147 07       		.uleb128 0x7
 377 0148 44050000 		.4byte	.LASF27
 378 014c 06       		.byte	0x6
 379 014d C3       		.byte	0xc3
 380 014e 3F020000 		.4byte	0x23f
 381 0152 00       		.byte	0
 382 0153 07       		.uleb128 0x7
 383 0154 A0040000 		.4byte	.LASF28
 384 0158 06       		.byte	0x6
 385 0159 C5       		.byte	0xc5
 386 015a 3F020000 		.4byte	0x23f
 387 015e 04       		.byte	0x4
 388 015f 07       		.uleb128 0x7
ARM GAS  C:\Users\jo\AppData\Local\Temp\ccXnl3DV.s 			page 8


 389 0160 34010000 		.4byte	.LASF29
 390 0164 06       		.byte	0x6
 391 0165 C7       		.byte	0xc7
 392 0166 F9000000 		.4byte	0xf9
 393 016a 08       		.byte	0x8
 394 016b 07       		.uleb128 0x7
 395 016c 0F070000 		.4byte	.LASF30
 396 0170 06       		.byte	0x6
 397 0171 C8       		.byte	0xc8
 398 0172 60070000 		.4byte	0x760
 399 0176 0C       		.byte	0xc
 400 0177 07       		.uleb128 0x7
 401 0178 B5010000 		.4byte	.LASF31
 402 017c 06       		.byte	0x6
 403 017d CA       		.byte	0xca
 404 017e 3F020000 		.4byte	0x23f
 405 0182 10       		.byte	0x10
 406 0183 07       		.uleb128 0x7
 407 0184 34040000 		.4byte	.LASF32
 408 0188 06       		.byte	0x6
 409 0189 CB       		.byte	0xcb
 410 018a 3F020000 		.4byte	0x23f
 411 018e 14       		.byte	0x14
 412 018f 07       		.uleb128 0x7
 413 0190 D8060000 		.4byte	.LASF33
 414 0194 06       		.byte	0x6
 415 0195 D2       		.byte	0xd2
 416 0196 72090000 		.4byte	0x972
 417 019a 18       		.byte	0x18
 418 019b 07       		.uleb128 0x7
 419 019c 1F020000 		.4byte	.LASF34
 420 01a0 06       		.byte	0x6
 421 01a1 D8       		.byte	0xd8
 422 01a2 84090000 		.4byte	0x984
 423 01a6 1C       		.byte	0x1c
 424 01a7 07       		.uleb128 0x7
 425 01a8 EE040000 		.4byte	.LASF35
 426 01ac 06       		.byte	0x6
 427 01ad DD       		.byte	0xdd
 428 01ae E3000000 		.4byte	0xe3
 429 01b2 20       		.byte	0x20
 430 01b3 07       		.uleb128 0x7
 431 01b4 53050000 		.4byte	.LASF36
 432 01b8 06       		.byte	0x6
 433 01b9 E1       		.byte	0xe1
 434 01ba D8000000 		.4byte	0xd8
 435 01be 21       		.byte	0x21
 436 01bf 07       		.uleb128 0x7
 437 01c0 A1060000 		.4byte	.LASF37
 438 01c4 06       		.byte	0x6
 439 01c5 E6       		.byte	0xe6
 440 01c6 EE000000 		.4byte	0xee
 441 01ca 22       		.byte	0x22
 442 01cb 08       		.uleb128 0x8
 443 01cc 705F7500 		.ascii	"p_u\000"
 444 01d0 06       		.byte	0x6
 445 01d1 3101     		.2byte	0x131
ARM GAS  C:\Users\jo\AppData\Local\Temp\ccXnl3DV.s 			page 9


 446 01d3 AD080000 		.4byte	0x8ad
 447 01d7 24       		.byte	0x24
 448 01d8 09       		.uleb128 0x9
 449 01d9 CB030000 		.4byte	.LASF38
 450 01dd 06       		.byte	0x6
 451 01de 3601     		.2byte	0x136
 452 01e0 45020000 		.4byte	0x245
 453 01e4 28       		.byte	0x28
 454 01e5 09       		.uleb128 0x9
 455 01e6 58020000 		.4byte	.LASF39
 456 01ea 06       		.byte	0x6
 457 01eb 3C01     		.2byte	0x13c
 458 01ed 69020000 		.4byte	0x269
 459 01f1 2C       		.byte	0x2c
 460 01f2 09       		.uleb128 0x9
 461 01f3 EC060000 		.4byte	.LASF40
 462 01f7 06       		.byte	0x6
 463 01f8 4001     		.2byte	0x140
 464 01fa 04010000 		.4byte	0x104
 465 01fe 34       		.byte	0x34
 466 01ff 09       		.uleb128 0x9
 467 0200 95050000 		.4byte	.LASF41
 468 0204 06       		.byte	0x6
 469 0205 4601     		.2byte	0x146
 470 0207 0F010000 		.4byte	0x10f
 471 020b 38       		.byte	0x38
 472 020c 09       		.uleb128 0x9
 473 020d F6040000 		.4byte	.LASF42
 474 0211 06       		.byte	0x6
 475 0212 4D01     		.2byte	0x14d
 476 0214 6C090000 		.4byte	0x96c
 477 0218 3C       		.byte	0x3c
 478 0219 09       		.uleb128 0x9
 479 021a 16060000 		.4byte	.LASF43
 480 021e 06       		.byte	0x6
 481 021f 5101     		.2byte	0x151
 482 0221 F9000000 		.4byte	0xf9
 483 0225 40       		.byte	0x40
 484 0226 09       		.uleb128 0x9
 485 0227 6B010000 		.4byte	.LASF44
 486 022b 06       		.byte	0x6
 487 022c 5801     		.2byte	0x158
 488 022e 1C030000 		.4byte	0x31c
 489 0232 44       		.byte	0x44
 490 0233 00       		.byte	0
 491 0234 04       		.uleb128 0x4
 492 0235 DE030000 		.4byte	.LASF45
 493 0239 05       		.byte	0x5
 494 023a 44       		.byte	0x44
 495 023b 3F020000 		.4byte	0x23f
 496 023f 0A       		.uleb128 0xa
 497 0240 04       		.byte	0x4
 498 0241 30010000 		.4byte	0x130
 499 0245 04       		.uleb128 0x4
 500 0246 00000000 		.4byte	.LASF46
 501 024a 05       		.byte	0x5
 502 024b 49       		.byte	0x49
ARM GAS  C:\Users\jo\AppData\Local\Temp\ccXnl3DV.s 			page 10


 503 024c 50020000 		.4byte	0x250
 504 0250 06       		.uleb128 0x6
 505 0251 CB050000 		.4byte	.LASF48
 506 0255 04       		.byte	0x4
 507 0256 06       		.byte	0x6
 508 0257 B0       		.byte	0xb0
 509 0258 69020000 		.4byte	0x269
 510 025c 07       		.uleb128 0x7
 511 025d 44050000 		.4byte	.LASF27
 512 0261 06       		.byte	0x6
 513 0262 B1       		.byte	0xb1
 514 0263 3F020000 		.4byte	0x23f
 515 0267 00       		.byte	0
 516 0268 00       		.byte	0
 517 0269 04       		.uleb128 0x4
 518 026a 88060000 		.4byte	.LASF49
 519 026e 05       		.byte	0x5
 520 026f 50       		.byte	0x50
 521 0270 74020000 		.4byte	0x274
 522 0274 06       		.uleb128 0x6
 523 0275 1E010000 		.4byte	.LASF50
 524 0279 08       		.byte	0x8
 525 027a 06       		.byte	0x6
 526 027b B7       		.byte	0xb7
 527 027c 99020000 		.4byte	0x299
 528 0280 07       		.uleb128 0x7
 529 0281 44050000 		.4byte	.LASF27
 530 0285 06       		.byte	0x6
 531 0286 B8       		.byte	0xb8
 532 0287 3F020000 		.4byte	0x23f
 533 028b 00       		.byte	0
 534 028c 07       		.uleb128 0x7
 535 028d A0040000 		.4byte	.LASF28
 536 0291 06       		.byte	0x6
 537 0292 B9       		.byte	0xb9
 538 0293 3F020000 		.4byte	0x23f
 539 0297 04       		.byte	0x4
 540 0298 00       		.byte	0
 541 0299 04       		.uleb128 0x4
 542 029a 14000000 		.4byte	.LASF51
 543 029e 05       		.byte	0x5
 544 029f 57       		.byte	0x57
 545 02a0 A4020000 		.4byte	0x2a4
 546 02a4 0B       		.uleb128 0xb
 547 02a5 AA020000 		.4byte	.LASF52
 548 02a9 1C       		.byte	0x1c
 549 02aa 06       		.byte	0x6
 550 02ab 9001     		.2byte	0x190
 551 02ad 00030000 		.4byte	0x300
 552 02b1 09       		.uleb128 0x9
 553 02b2 BA050000 		.4byte	.LASF53
 554 02b6 06       		.byte	0x6
 555 02b7 9101     		.2byte	0x191
 556 02b9 69020000 		.4byte	0x269
 557 02bd 00       		.byte	0
 558 02be 09       		.uleb128 0x9
 559 02bf 36050000 		.4byte	.LASF54
ARM GAS  C:\Users\jo\AppData\Local\Temp\ccXnl3DV.s 			page 11


 560 02c3 06       		.byte	0x6
 561 02c4 9201     		.2byte	0x192
 562 02c6 F9000000 		.4byte	0xf9
 563 02ca 08       		.byte	0x8
 564 02cb 09       		.uleb128 0x9
 565 02cc 3C040000 		.4byte	.LASF55
 566 02d0 06       		.byte	0x6
 567 02d1 9401     		.2byte	0x194
 568 02d3 60070000 		.4byte	0x760
 569 02d7 0C       		.byte	0xc
 570 02d8 09       		.uleb128 0x9
 571 02d9 D7010000 		.4byte	.LASF56
 572 02dd 06       		.byte	0x6
 573 02de 9701     		.2byte	0x197
 574 02e0 3F020000 		.4byte	0x23f
 575 02e4 10       		.byte	0x10
 576 02e5 09       		.uleb128 0x9
 577 02e6 5D040000 		.4byte	.LASF57
 578 02ea 06       		.byte	0x6
 579 02eb 9801     		.2byte	0x198
 580 02ed 3F020000 		.4byte	0x23f
 581 02f1 14       		.byte	0x14
 582 02f2 09       		.uleb128 0x9
 583 02f3 ED050000 		.4byte	.LASF58
 584 02f7 06       		.byte	0x6
 585 02f8 9B01     		.2byte	0x19b
 586 02fa 3F020000 		.4byte	0x23f
 587 02fe 18       		.byte	0x18
 588 02ff 00       		.byte	0
 589 0300 04       		.uleb128 0x4
 590 0301 21060000 		.4byte	.LASF59
 591 0305 05       		.byte	0x5
 592 0306 5C       		.byte	0x5c
 593 0307 0B030000 		.4byte	0x30b
 594 030b 0A       		.uleb128 0xa
 595 030c 04       		.byte	0x4
 596 030d 11030000 		.4byte	0x311
 597 0311 0C       		.uleb128 0xc
 598 0312 1C030000 		.4byte	0x31c
 599 0316 0D       		.uleb128 0xd
 600 0317 1C030000 		.4byte	0x31c
 601 031b 00       		.byte	0
 602 031c 0E       		.uleb128 0xe
 603 031d 04       		.byte	0x4
 604 031e 04       		.uleb128 0x4
 605 031f BB030000 		.4byte	.LASF60
 606 0323 05       		.byte	0x5
 607 0324 61       		.byte	0x61
 608 0325 29030000 		.4byte	0x329
 609 0329 0B       		.uleb128 0xb
 610 032a 77050000 		.4byte	.LASF61
 611 032e 14       		.byte	0x14
 612 032f 06       		.byte	0x6
 613 0330 6B01     		.2byte	0x16b
 614 0332 78030000 		.4byte	0x378
 615 0336 09       		.uleb128 0x9
 616 0337 37020000 		.4byte	.LASF62
ARM GAS  C:\Users\jo\AppData\Local\Temp\ccXnl3DV.s 			page 12


 617 033b 06       		.byte	0x6
 618 033c 6C01     		.2byte	0x16c
 619 033e 8A090000 		.4byte	0x98a
 620 0342 00       		.byte	0
 621 0343 09       		.uleb128 0x9
 622 0344 E8010000 		.4byte	.LASF63
 623 0348 06       		.byte	0x6
 624 0349 6D01     		.2byte	0x16d
 625 034b 8A090000 		.4byte	0x98a
 626 034f 04       		.byte	0x4
 627 0350 09       		.uleb128 0x9
 628 0351 C2050000 		.4byte	.LASF64
 629 0355 06       		.byte	0x6
 630 0356 6E01     		.2byte	0x16e
 631 0358 25010000 		.4byte	0x125
 632 035c 08       		.byte	0x8
 633 035d 09       		.uleb128 0x9
 634 035e 15070000 		.4byte	.LASF65
 635 0362 06       		.byte	0x6
 636 0363 6F01     		.2byte	0x16f
 637 0365 00030000 		.4byte	0x300
 638 0369 0C       		.byte	0xc
 639 036a 09       		.uleb128 0x9
 640 036b 81060000 		.4byte	.LASF66
 641 036f 06       		.byte	0x6
 642 0370 7101     		.2byte	0x171
 643 0372 1C030000 		.4byte	0x31c
 644 0376 10       		.byte	0x10
 645 0377 00       		.byte	0
 646 0378 04       		.uleb128 0x4
 647 0379 02010000 		.4byte	.LASF67
 648 037d 05       		.byte	0x5
 649 037e 66       		.byte	0x66
 650 037f 83030000 		.4byte	0x383
 651 0383 0B       		.uleb128 0xb
 652 0384 F1030000 		.4byte	.LASF68
 653 0388 10       		.byte	0x10
 654 0389 06       		.byte	0x6
 655 038a 7B01     		.2byte	0x17b
 656 038c C5030000 		.4byte	0x3c5
 657 0390 09       		.uleb128 0x9
 658 0391 37020000 		.4byte	.LASF62
 659 0395 06       		.byte	0x6
 660 0396 7C01     		.2byte	0x17c
 661 0398 8A090000 		.4byte	0x98a
 662 039c 00       		.byte	0
 663 039d 09       		.uleb128 0x9
 664 039e E8010000 		.4byte	.LASF63
 665 03a2 06       		.byte	0x6
 666 03a3 7E01     		.2byte	0x17e
 667 03a5 8A090000 		.4byte	0x98a
 668 03a9 04       		.byte	0x4
 669 03aa 09       		.uleb128 0x9
 670 03ab C2050000 		.4byte	.LASF64
 671 03af 06       		.byte	0x6
 672 03b0 8001     		.2byte	0x180
 673 03b2 25010000 		.4byte	0x125
ARM GAS  C:\Users\jo\AppData\Local\Temp\ccXnl3DV.s 			page 13


 674 03b6 08       		.byte	0x8
 675 03b7 09       		.uleb128 0x9
 676 03b8 28040000 		.4byte	.LASF69
 677 03bc 06       		.byte	0x6
 678 03bd 8801     		.2byte	0x188
 679 03bf 25010000 		.4byte	0x125
 680 03c3 0C       		.byte	0xc
 681 03c4 00       		.byte	0
 682 03c5 04       		.uleb128 0x4
 683 03c6 55000000 		.4byte	.LASF70
 684 03ca 05       		.byte	0x5
 685 03cb 6B       		.byte	0x6b
 686 03cc D0030000 		.4byte	0x3d0
 687 03d0 0F       		.uleb128 0xf
 688 03d1 AF040000 		.4byte	.LASF71
 689 03d5 1404     		.2byte	0x414
 690 03d7 06       		.byte	0x6
 691 03d8 A201     		.2byte	0x1a2
 692 03da 13040000 		.4byte	0x413
 693 03de 09       		.uleb128 0x9
 694 03df 35060000 		.4byte	.LASF72
 695 03e3 06       		.byte	0x6
 696 03e4 AA01     		.2byte	0x1aa
 697 03e6 90090000 		.4byte	0x990
 698 03ea 00       		.byte	0
 699 03eb 09       		.uleb128 0x9
 700 03ec A8060000 		.4byte	.LASF73
 701 03f0 06       		.byte	0x6
 702 03f1 AF01     		.2byte	0x1af
 703 03f3 1A010000 		.4byte	0x11a
 704 03f7 04       		.byte	0x4
 705 03f8 09       		.uleb128 0x9
 706 03f9 01020000 		.4byte	.LASF74
 707 03fd 06       		.byte	0x6
 708 03fe B301     		.2byte	0x1b3
 709 0400 1A010000 		.4byte	0x11a
 710 0404 08       		.byte	0x8
 711 0405 09       		.uleb128 0x9
 712 0406 DF060000 		.4byte	.LASF75
 713 040a 06       		.byte	0x6
 714 040b B901     		.2byte	0x1b9
 715 040d 82080000 		.4byte	0x882
 716 0411 0C       		.byte	0xc
 717 0412 00       		.byte	0
 718 0413 04       		.uleb128 0x4
 719 0414 94020000 		.4byte	.LASF76
 720 0418 05       		.byte	0x5
 721 0419 70       		.byte	0x70
 722 041a 1E040000 		.4byte	0x41e
 723 041e 0F       		.uleb128 0xf
 724 041f 93010000 		.4byte	.LASF77
 725 0423 7005     		.2byte	0x570
 726 0425 06       		.byte	0x6
 727 0426 C201     		.2byte	0x1c2
 728 0428 7D040000 		.4byte	0x47d
 729 042c 09       		.uleb128 0x9
 730 042d B5060000 		.4byte	.LASF78
ARM GAS  C:\Users\jo\AppData\Local\Temp\ccXnl3DV.s 			page 14


 731 0431 06       		.byte	0x6
 732 0432 C601     		.2byte	0x1c6
 733 0434 99020000 		.4byte	0x299
 734 0438 00       		.byte	0
 735 0439 09       		.uleb128 0x9
 736 043a 8C010000 		.4byte	.LASF79
 737 043e 06       		.byte	0x6
 738 043f CA01     		.2byte	0x1ca
 739 0441 78030000 		.4byte	0x378
 740 0445 1C       		.byte	0x1c
 741 0446 08       		.uleb128 0x8
 742 0447 64626700 		.ascii	"dbg\000"
 743 044b 06       		.byte	0x6
 744 044c CE01     		.2byte	0x1ce
 745 044e C5030000 		.4byte	0x3c5
 746 0452 2C       		.byte	0x2c
 747 0453 10       		.uleb128 0x10
 748 0454 F7000000 		.4byte	.LASF80
 749 0458 06       		.byte	0x6
 750 0459 D201     		.2byte	0x1d2
 751 045b 30010000 		.4byte	0x130
 752 045f 4004     		.2byte	0x440
 753 0461 11       		.uleb128 0x11
 754 0462 746D00   		.ascii	"tm\000"
 755 0465 06       		.byte	0x6
 756 0466 D701     		.2byte	0x1d7
 757 0468 A2080000 		.4byte	0x8a2
 758 046c 8804     		.2byte	0x488
 759 046e 10       		.uleb128 0x10
 760 046f 0A020000 		.4byte	.LASF81
 761 0473 06       		.byte	0x6
 762 0474 E301     		.2byte	0x1e3
 763 0476 95090000 		.4byte	0x995
 764 047a 9004     		.2byte	0x490
 765 047c 00       		.byte	0
 766 047d 12       		.uleb128 0x12
 767 047e 040E     		.2byte	0xe04
 768 0480 07       		.byte	0x7
 769 0481 5001     		.2byte	0x150
 770 0483 39050000 		.4byte	0x539
 771 0487 09       		.uleb128 0x9
 772 0488 0A050000 		.4byte	.LASF82
 773 048c 07       		.byte	0x7
 774 048d 5201     		.2byte	0x152
 775 048f 50050000 		.4byte	0x550
 776 0493 00       		.byte	0
 777 0494 09       		.uleb128 0x9
 778 0495 78040000 		.4byte	.LASF83
 779 0499 07       		.byte	0x7
 780 049a 5301     		.2byte	0x153
 781 049c 55050000 		.4byte	0x555
 782 04a0 20       		.byte	0x20
 783 04a1 09       		.uleb128 0x9
 784 04a2 53040000 		.4byte	.LASF84
 785 04a6 07       		.byte	0x7
 786 04a7 5401     		.2byte	0x154
 787 04a9 65050000 		.4byte	0x565
ARM GAS  C:\Users\jo\AppData\Local\Temp\ccXnl3DV.s 			page 15


 788 04ad 80       		.byte	0x80
 789 04ae 09       		.uleb128 0x9
 790 04af C3060000 		.4byte	.LASF85
 791 04b3 07       		.byte	0x7
 792 04b4 5501     		.2byte	0x155
 793 04b6 55050000 		.4byte	0x555
 794 04ba A0       		.byte	0xa0
 795 04bb 10       		.uleb128 0x10
 796 04bc 2F010000 		.4byte	.LASF86
 797 04c0 07       		.byte	0x7
 798 04c1 5601     		.2byte	0x156
 799 04c3 6A050000 		.4byte	0x56a
 800 04c7 0001     		.2byte	0x100
 801 04c9 10       		.uleb128 0x10
 802 04ca 82040000 		.4byte	.LASF87
 803 04ce 07       		.byte	0x7
 804 04cf 5701     		.2byte	0x157
 805 04d1 55050000 		.4byte	0x555
 806 04d5 2001     		.2byte	0x120
 807 04d7 10       		.uleb128 0x10
 808 04d8 0F000000 		.4byte	.LASF88
 809 04dc 07       		.byte	0x7
 810 04dd 5801     		.2byte	0x158
 811 04df 6F050000 		.4byte	0x56f
 812 04e3 8001     		.2byte	0x180
 813 04e5 10       		.uleb128 0x10
 814 04e6 8C040000 		.4byte	.LASF89
 815 04ea 07       		.byte	0x7
 816 04eb 5901     		.2byte	0x159
 817 04ed 55050000 		.4byte	0x555
 818 04f1 A001     		.2byte	0x1a0
 819 04f3 10       		.uleb128 0x10
 820 04f4 14040000 		.4byte	.LASF90
 821 04f8 07       		.byte	0x7
 822 04f9 5A01     		.2byte	0x15a
 823 04fb 74050000 		.4byte	0x574
 824 04ff 0002     		.2byte	0x200
 825 0501 10       		.uleb128 0x10
 826 0502 96040000 		.4byte	.LASF91
 827 0506 07       		.byte	0x7
 828 0507 5B01     		.2byte	0x15b
 829 0509 79050000 		.4byte	0x579
 830 050d 2002     		.2byte	0x220
 831 050f 11       		.uleb128 0x11
 832 0510 495000   		.ascii	"IP\000"
 833 0513 07       		.byte	0x7
 834 0514 5C01     		.2byte	0x15c
 835 0516 99050000 		.4byte	0x599
 836 051a 0003     		.2byte	0x300
 837 051c 10       		.uleb128 0x10
 838 051d A0050000 		.4byte	.LASF92
 839 0521 07       		.byte	0x7
 840 0522 5D01     		.2byte	0x15d
 841 0524 9E050000 		.4byte	0x59e
 842 0528 F003     		.2byte	0x3f0
 843 052a 10       		.uleb128 0x10
 844 052b CC060000 		.4byte	.LASF93
ARM GAS  C:\Users\jo\AppData\Local\Temp\ccXnl3DV.s 			page 16


 845 052f 07       		.byte	0x7
 846 0530 5E01     		.2byte	0x15e
 847 0532 C8000000 		.4byte	0xc8
 848 0536 000E     		.2byte	0xe00
 849 0538 00       		.byte	0
 850 0539 13       		.uleb128 0x13
 851 053a AD000000 		.4byte	0xad
 852 053e 49050000 		.4byte	0x549
 853 0542 14       		.uleb128 0x14
 854 0543 49050000 		.4byte	0x549
 855 0547 07       		.byte	0x7
 856 0548 00       		.byte	0
 857 0549 03       		.uleb128 0x3
 858 054a 04       		.byte	0x4
 859 054b 07       		.byte	0x7
 860 054c D5030000 		.4byte	.LASF94
 861 0550 05       		.uleb128 0x5
 862 0551 39050000 		.4byte	0x539
 863 0555 13       		.uleb128 0x13
 864 0556 AD000000 		.4byte	0xad
 865 055a 65050000 		.4byte	0x565
 866 055e 14       		.uleb128 0x14
 867 055f 49050000 		.4byte	0x549
 868 0563 17       		.byte	0x17
 869 0564 00       		.byte	0
 870 0565 05       		.uleb128 0x5
 871 0566 39050000 		.4byte	0x539
 872 056a 05       		.uleb128 0x5
 873 056b 39050000 		.4byte	0x539
 874 056f 05       		.uleb128 0x5
 875 0570 39050000 		.4byte	0x539
 876 0574 05       		.uleb128 0x5
 877 0575 39050000 		.4byte	0x539
 878 0579 13       		.uleb128 0x13
 879 057a AD000000 		.4byte	0xad
 880 057e 89050000 		.4byte	0x589
 881 0582 14       		.uleb128 0x14
 882 0583 49050000 		.4byte	0x549
 883 0587 37       		.byte	0x37
 884 0588 00       		.byte	0
 885 0589 13       		.uleb128 0x13
 886 058a 97000000 		.4byte	0x97
 887 058e 99050000 		.4byte	0x599
 888 0592 14       		.uleb128 0x14
 889 0593 49050000 		.4byte	0x549
 890 0597 EF       		.byte	0xef
 891 0598 00       		.byte	0
 892 0599 05       		.uleb128 0x5
 893 059a 89050000 		.4byte	0x589
 894 059e 13       		.uleb128 0x13
 895 059f AD000000 		.4byte	0xad
 896 05a3 AF050000 		.4byte	0x5af
 897 05a7 15       		.uleb128 0x15
 898 05a8 49050000 		.4byte	0x549
 899 05ac 8302     		.2byte	0x283
 900 05ae 00       		.byte	0
 901 05af 16       		.uleb128 0x16
ARM GAS  C:\Users\jo\AppData\Local\Temp\ccXnl3DV.s 			page 17


 902 05b0 0F050000 		.4byte	.LASF95
 903 05b4 07       		.byte	0x7
 904 05b5 5F01     		.2byte	0x15f
 905 05b7 7D040000 		.4byte	0x47d
 906 05bb 17       		.uleb128 0x17
 907 05bc 8C       		.byte	0x8c
 908 05bd 07       		.byte	0x7
 909 05be 7001     		.2byte	0x170
 910 05c0 D6060000 		.4byte	0x6d6
 911 05c4 09       		.uleb128 0x9
 912 05c5 18010000 		.4byte	.LASF96
 913 05c9 07       		.byte	0x7
 914 05ca 7201     		.2byte	0x172
 915 05cc D6060000 		.4byte	0x6d6
 916 05d0 00       		.byte	0
 917 05d1 09       		.uleb128 0x9
 918 05d2 78020000 		.4byte	.LASF97
 919 05d6 07       		.byte	0x7
 920 05d7 7301     		.2byte	0x173
 921 05d9 C8000000 		.4byte	0xc8
 922 05dd 04       		.byte	0x4
 923 05de 09       		.uleb128 0x9
 924 05df 63020000 		.4byte	.LASF98
 925 05e3 07       		.byte	0x7
 926 05e4 7401     		.2byte	0x174
 927 05e6 C8000000 		.4byte	0xc8
 928 05ea 08       		.byte	0x8
 929 05eb 09       		.uleb128 0x9
 930 05ec 83020000 		.4byte	.LASF99
 931 05f0 07       		.byte	0x7
 932 05f1 7501     		.2byte	0x175
 933 05f3 C8000000 		.4byte	0xc8
 934 05f7 0C       		.byte	0xc
 935 05f8 08       		.uleb128 0x8
 936 05f9 53435200 		.ascii	"SCR\000"
 937 05fd 07       		.byte	0x7
 938 05fe 7601     		.2byte	0x176
 939 0600 C8000000 		.4byte	0xc8
 940 0604 10       		.byte	0x10
 941 0605 08       		.uleb128 0x8
 942 0606 43435200 		.ascii	"CCR\000"
 943 060a 07       		.byte	0x7
 944 060b 7701     		.2byte	0x177
 945 060d C8000000 		.4byte	0xc8
 946 0611 14       		.byte	0x14
 947 0612 08       		.uleb128 0x8
 948 0613 53485000 		.ascii	"SHP\000"
 949 0617 07       		.byte	0x7
 950 0618 7801     		.2byte	0x178
 951 061a EB060000 		.4byte	0x6eb
 952 061e 18       		.byte	0x18
 953 061f 09       		.uleb128 0x9
 954 0620 DB040000 		.4byte	.LASF100
 955 0624 07       		.byte	0x7
 956 0625 7901     		.2byte	0x179
 957 0627 C8000000 		.4byte	0xc8
 958 062b 24       		.byte	0x24
ARM GAS  C:\Users\jo\AppData\Local\Temp\ccXnl3DV.s 			page 18


 959 062c 09       		.uleb128 0x9
 960 062d 08040000 		.4byte	.LASF101
 961 0631 07       		.byte	0x7
 962 0632 7A01     		.2byte	0x17a
 963 0634 C8000000 		.4byte	0xc8
 964 0638 28       		.byte	0x28
 965 0639 09       		.uleb128 0x9
 966 063a F8060000 		.4byte	.LASF102
 967 063e 07       		.byte	0x7
 968 063f 7B01     		.2byte	0x17b
 969 0641 C8000000 		.4byte	0xc8
 970 0645 2C       		.byte	0x2c
 971 0646 09       		.uleb128 0x9
 972 0647 89020000 		.4byte	.LASF103
 973 064b 07       		.byte	0x7
 974 064c 7C01     		.2byte	0x17c
 975 064e C8000000 		.4byte	0xc8
 976 0652 30       		.byte	0x30
 977 0653 09       		.uleb128 0x9
 978 0654 8E020000 		.4byte	.LASF104
 979 0658 07       		.byte	0x7
 980 0659 7D01     		.2byte	0x17d
 981 065b C8000000 		.4byte	0xc8
 982 065f 34       		.byte	0x34
 983 0660 09       		.uleb128 0x9
 984 0661 C5010000 		.4byte	.LASF105
 985 0665 07       		.byte	0x7
 986 0666 7E01     		.2byte	0x17e
 987 0668 C8000000 		.4byte	0xc8
 988 066c 38       		.byte	0x38
 989 066d 09       		.uleb128 0x9
 990 066e D2010000 		.4byte	.LASF106
 991 0672 07       		.byte	0x7
 992 0673 7F01     		.2byte	0x17f
 993 0675 C8000000 		.4byte	0xc8
 994 0679 3C       		.byte	0x3c
 995 067a 08       		.uleb128 0x8
 996 067b 50465200 		.ascii	"PFR\000"
 997 067f 07       		.byte	0x7
 998 0680 8001     		.2byte	0x180
 999 0682 00070000 		.4byte	0x700
 1000 0686 40       		.byte	0x40
 1001 0687 08       		.uleb128 0x8
 1002 0688 44465200 		.ascii	"DFR\000"
 1003 068c 07       		.byte	0x7
 1004 068d 8101     		.2byte	0x181
 1005 068f D6060000 		.4byte	0x6d6
 1006 0693 48       		.byte	0x48
 1007 0694 08       		.uleb128 0x8
 1008 0695 41445200 		.ascii	"ADR\000"
 1009 0699 07       		.byte	0x7
 1010 069a 8201     		.2byte	0x182
 1011 069c D6060000 		.4byte	0x6d6
 1012 06a0 4C       		.byte	0x4c
 1013 06a1 09       		.uleb128 0x9
 1014 06a2 B0060000 		.4byte	.LASF107
 1015 06a6 07       		.byte	0x7
ARM GAS  C:\Users\jo\AppData\Local\Temp\ccXnl3DV.s 			page 19


 1016 06a7 8301     		.2byte	0x183
 1017 06a9 1A070000 		.4byte	0x71a
 1018 06ad 50       		.byte	0x50
 1019 06ae 09       		.uleb128 0x9
 1020 06af 4C010000 		.4byte	.LASF108
 1021 06b3 07       		.byte	0x7
 1022 06b4 8401     		.2byte	0x184
 1023 06b6 34070000 		.4byte	0x734
 1024 06ba 60       		.byte	0x60
 1025 06bb 09       		.uleb128 0x9
 1026 06bc 78040000 		.4byte	.LASF83
 1027 06c0 07       		.byte	0x7
 1028 06c1 8501     		.2byte	0x185
 1029 06c3 24070000 		.4byte	0x724
 1030 06c7 74       		.byte	0x74
 1031 06c8 09       		.uleb128 0x9
 1032 06c9 F2060000 		.4byte	.LASF109
 1033 06cd 07       		.byte	0x7
 1034 06ce 8601     		.2byte	0x186
 1035 06d0 C8000000 		.4byte	0xc8
 1036 06d4 88       		.byte	0x88
 1037 06d5 00       		.byte	0
 1038 06d6 18       		.uleb128 0x18
 1039 06d7 C8000000 		.4byte	0xc8
 1040 06db 13       		.uleb128 0x13
 1041 06dc 97000000 		.4byte	0x97
 1042 06e0 EB060000 		.4byte	0x6eb
 1043 06e4 14       		.uleb128 0x14
 1044 06e5 49050000 		.4byte	0x549
 1045 06e9 0B       		.byte	0xb
 1046 06ea 00       		.byte	0
 1047 06eb 05       		.uleb128 0x5
 1048 06ec DB060000 		.4byte	0x6db
 1049 06f0 13       		.uleb128 0x13
 1050 06f1 AD000000 		.4byte	0xad
 1051 06f5 00070000 		.4byte	0x700
 1052 06f9 14       		.uleb128 0x14
 1053 06fa 49050000 		.4byte	0x549
 1054 06fe 01       		.byte	0x1
 1055 06ff 00       		.byte	0
 1056 0700 18       		.uleb128 0x18
 1057 0701 05070000 		.4byte	0x705
 1058 0705 05       		.uleb128 0x5
 1059 0706 F0060000 		.4byte	0x6f0
 1060 070a 13       		.uleb128 0x13
 1061 070b AD000000 		.4byte	0xad
 1062 070f 1A070000 		.4byte	0x71a
 1063 0713 14       		.uleb128 0x14
 1064 0714 49050000 		.4byte	0x549
 1065 0718 03       		.byte	0x3
 1066 0719 00       		.byte	0
 1067 071a 18       		.uleb128 0x18
 1068 071b 1F070000 		.4byte	0x71f
 1069 071f 05       		.uleb128 0x5
 1070 0720 0A070000 		.4byte	0x70a
 1071 0724 13       		.uleb128 0x13
 1072 0725 AD000000 		.4byte	0xad
ARM GAS  C:\Users\jo\AppData\Local\Temp\ccXnl3DV.s 			page 20


 1073 0729 34070000 		.4byte	0x734
 1074 072d 14       		.uleb128 0x14
 1075 072e 49050000 		.4byte	0x549
 1076 0732 04       		.byte	0x4
 1077 0733 00       		.byte	0
 1078 0734 18       		.uleb128 0x18
 1079 0735 39070000 		.4byte	0x739
 1080 0739 05       		.uleb128 0x5
 1081 073a 24070000 		.4byte	0x724
 1082 073e 16       		.uleb128 0x16
 1083 073f F0010000 		.4byte	.LASF110
 1084 0743 07       		.byte	0x7
 1085 0744 8701     		.2byte	0x187
 1086 0746 BB050000 		.4byte	0x5bb
 1087 074a 04       		.uleb128 0x4
 1088 074b DF010000 		.4byte	.LASF111
 1089 074f 08       		.byte	0x8
 1090 0750 65       		.byte	0x65
 1091 0751 1C030000 		.4byte	0x31c
 1092 0755 04       		.uleb128 0x4
 1093 0756 A8030000 		.4byte	.LASF112
 1094 075a 08       		.byte	0x8
 1095 075b 6D       		.byte	0x6d
 1096 075c B8000000 		.4byte	0xb8
 1097 0760 06       		.uleb128 0x6
 1098 0761 46060000 		.4byte	.LASF113
 1099 0765 04       		.byte	0x4
 1100 0766 08       		.byte	0x8
 1101 0767 89       		.byte	0x89
 1102 0768 79070000 		.4byte	0x779
 1103 076c 19       		.uleb128 0x19
 1104 076d 72313300 		.ascii	"r13\000"
 1105 0771 08       		.byte	0x8
 1106 0772 8A       		.byte	0x8a
 1107 0773 F4070000 		.4byte	0x7f4
 1108 0777 00       		.byte	0
 1109 0778 00       		.byte	0
 1110 0779 06       		.uleb128 0x6
 1111 077a 49000000 		.4byte	.LASF114
 1112 077e 24       		.byte	0x24
 1113 077f 09       		.byte	0x9
 1114 0780 F4       		.byte	0xf4
 1115 0781 F4070000 		.4byte	0x7f4
 1116 0785 08       		.uleb128 0x8
 1117 0786 723400   		.ascii	"r4\000"
 1118 0789 09       		.byte	0x9
 1119 078a 0701     		.2byte	0x107
 1120 078c 4A070000 		.4byte	0x74a
 1121 0790 00       		.byte	0
 1122 0791 08       		.uleb128 0x8
 1123 0792 723500   		.ascii	"r5\000"
 1124 0795 09       		.byte	0x9
 1125 0796 0801     		.2byte	0x108
 1126 0798 4A070000 		.4byte	0x74a
 1127 079c 04       		.byte	0x4
 1128 079d 08       		.uleb128 0x8
 1129 079e 723600   		.ascii	"r6\000"
ARM GAS  C:\Users\jo\AppData\Local\Temp\ccXnl3DV.s 			page 21


 1130 07a1 09       		.byte	0x9
 1131 07a2 0901     		.2byte	0x109
 1132 07a4 4A070000 		.4byte	0x74a
 1133 07a8 08       		.byte	0x8
 1134 07a9 08       		.uleb128 0x8
 1135 07aa 723700   		.ascii	"r7\000"
 1136 07ad 09       		.byte	0x9
 1137 07ae 0A01     		.2byte	0x10a
 1138 07b0 4A070000 		.4byte	0x74a
 1139 07b4 0C       		.byte	0xc
 1140 07b5 08       		.uleb128 0x8
 1141 07b6 723800   		.ascii	"r8\000"
 1142 07b9 09       		.byte	0x9
 1143 07ba 0B01     		.2byte	0x10b
 1144 07bc 4A070000 		.4byte	0x74a
 1145 07c0 10       		.byte	0x10
 1146 07c1 08       		.uleb128 0x8
 1147 07c2 723900   		.ascii	"r9\000"
 1148 07c5 09       		.byte	0x9
 1149 07c6 0C01     		.2byte	0x10c
 1150 07c8 4A070000 		.4byte	0x74a
 1151 07cc 14       		.byte	0x14
 1152 07cd 08       		.uleb128 0x8
 1153 07ce 72313000 		.ascii	"r10\000"
 1154 07d2 09       		.byte	0x9
 1155 07d3 0D01     		.2byte	0x10d
 1156 07d5 4A070000 		.4byte	0x74a
 1157 07d9 18       		.byte	0x18
 1158 07da 08       		.uleb128 0x8
 1159 07db 72313100 		.ascii	"r11\000"
 1160 07df 09       		.byte	0x9
 1161 07e0 0E01     		.2byte	0x10e
 1162 07e2 4A070000 		.4byte	0x74a
 1163 07e6 1C       		.byte	0x1c
 1164 07e7 08       		.uleb128 0x8
 1165 07e8 6C7200   		.ascii	"lr\000"
 1166 07eb 09       		.byte	0x9
 1167 07ec 0F01     		.2byte	0x10f
 1168 07ee 4A070000 		.4byte	0x74a
 1169 07f2 20       		.byte	0x20
 1170 07f3 00       		.byte	0
 1171 07f4 0A       		.uleb128 0xa
 1172 07f5 04       		.byte	0x4
 1173 07f6 79070000 		.4byte	0x779
 1174 07fa 1A       		.uleb128 0x1a
 1175 07fb 10       		.byte	0x10
 1176 07fc 0A       		.byte	0xa
 1177 07fd 51       		.byte	0x51
 1178 07fe 33080000 		.4byte	0x833
 1179 0802 07       		.uleb128 0x7
 1180 0803 21000000 		.4byte	.LASF115
 1181 0807 0A       		.byte	0xa
 1182 0808 55       		.byte	0x55
 1183 0809 25010000 		.4byte	0x125
 1184 080d 00       		.byte	0
 1185 080e 07       		.uleb128 0x7
 1186 080f AF010000 		.4byte	.LASF116
ARM GAS  C:\Users\jo\AppData\Local\Temp\ccXnl3DV.s 			page 22


 1187 0813 0A       		.byte	0xa
 1188 0814 59       		.byte	0x59
 1189 0815 3F020000 		.4byte	0x23f
 1190 0819 04       		.byte	0x4
 1191 081a 07       		.uleb128 0x7
 1192 081b 05070000 		.4byte	.LASF117
 1193 081f 0A       		.byte	0xa
 1194 0820 5D       		.byte	0x5d
 1195 0821 1C030000 		.4byte	0x31c
 1196 0825 08       		.byte	0x8
 1197 0826 07       		.uleb128 0x7
 1198 0827 E5000000 		.4byte	.LASF118
 1199 082b 0A       		.byte	0xa
 1200 082c 61       		.byte	0x61
 1201 082d 97000000 		.4byte	0x97
 1202 0831 0C       		.byte	0xc
 1203 0832 00       		.byte	0
 1204 0833 04       		.uleb128 0x4
 1205 0834 19040000 		.4byte	.LASF119
 1206 0838 0A       		.byte	0xa
 1207 0839 62       		.byte	0x62
 1208 083a FA070000 		.4byte	0x7fa
 1209 083e 1B       		.uleb128 0x1b
 1210 083f 0804     		.2byte	0x408
 1211 0841 0A       		.byte	0xa
 1212 0842 67       		.byte	0x67
 1213 0843 6C080000 		.4byte	0x86c
 1214 0847 07       		.uleb128 0x7
 1215 0848 CA010000 		.4byte	.LASF120
 1216 084c 0A       		.byte	0xa
 1217 084d 6B       		.byte	0x6b
 1218 084e 2C000000 		.4byte	0x2c
 1219 0852 00       		.byte	0
 1220 0853 07       		.uleb128 0x7
 1221 0854 0D040000 		.4byte	.LASF121
 1222 0858 0A       		.byte	0xa
 1223 0859 6F       		.byte	0x6f
 1224 085a 6C080000 		.4byte	0x86c
 1225 085e 04       		.byte	0x4
 1226 085f 07       		.uleb128 0x7
 1227 0860 A0020000 		.4byte	.LASF122
 1228 0864 0A       		.byte	0xa
 1229 0865 73       		.byte	0x73
 1230 0866 72080000 		.4byte	0x872
 1231 086a 08       		.byte	0x8
 1232 086b 00       		.byte	0
 1233 086c 0A       		.uleb128 0xa
 1234 086d 04       		.byte	0x4
 1235 086e 33080000 		.4byte	0x833
 1236 0872 13       		.uleb128 0x13
 1237 0873 33080000 		.4byte	0x833
 1238 0877 82080000 		.4byte	0x882
 1239 087b 14       		.uleb128 0x14
 1240 087c 49050000 		.4byte	0x549
 1241 0880 3F       		.byte	0x3f
 1242 0881 00       		.byte	0
 1243 0882 04       		.uleb128 0x4
ARM GAS  C:\Users\jo\AppData\Local\Temp\ccXnl3DV.s 			page 23


 1244 0883 D3000000 		.4byte	.LASF123
 1245 0887 0A       		.byte	0xa
 1246 0888 74       		.byte	0x74
 1247 0889 3E080000 		.4byte	0x83e
 1248 088d 1A       		.uleb128 0x1a
 1249 088e 04       		.byte	0x4
 1250 088f 0B       		.byte	0xb
 1251 0890 38       		.byte	0x38
 1252 0891 A2080000 		.4byte	0x8a2
 1253 0895 07       		.uleb128 0x7
 1254 0896 3F060000 		.4byte	.LASF124
 1255 089a 0B       		.byte	0xb
 1256 089b 3C       		.byte	0x3c
 1257 089c CD000000 		.4byte	0xcd
 1258 08a0 00       		.byte	0
 1259 08a1 00       		.byte	0
 1260 08a2 04       		.uleb128 0x4
 1261 08a3 42040000 		.4byte	.LASF125
 1262 08a7 0B       		.byte	0xb
 1263 08a8 3D       		.byte	0x3d
 1264 08a9 8D080000 		.4byte	0x88d
 1265 08ad 1C       		.uleb128 0x1c
 1266 08ae 04       		.byte	0x4
 1267 08af 06       		.byte	0x6
 1268 08b0 FA       		.byte	0xfa
 1269 08b1 0A090000 		.4byte	0x90a
 1270 08b5 1D       		.uleb128 0x1d
 1271 08b6 2F000000 		.4byte	.LASF126
 1272 08ba 06       		.byte	0x6
 1273 08bb 0101     		.2byte	0x101
 1274 08bd 04010000 		.4byte	0x104
 1275 08c1 1D       		.uleb128 0x1d
 1276 08c2 EE000000 		.4byte	.LASF127
 1277 08c6 06       		.byte	0x6
 1278 08c7 0801     		.2byte	0x108
 1279 08c9 04010000 		.4byte	0x104
 1280 08cd 1D       		.uleb128 0x1d
 1281 08ce D1060000 		.4byte	.LASF128
 1282 08d2 06       		.byte	0x6
 1283 08d3 0F01     		.2byte	0x10f
 1284 08d5 1C030000 		.4byte	0x31c
 1285 08d9 1D       		.uleb128 0x1d
 1286 08da 29000000 		.4byte	.LASF129
 1287 08de 06       		.byte	0x6
 1288 08df 1601     		.2byte	0x116
 1289 08e1 0A090000 		.4byte	0x90a
 1290 08e5 1D       		.uleb128 0x1d
 1291 08e6 51020000 		.4byte	.LASF130
 1292 08ea 06       		.byte	0x6
 1293 08eb 1E01     		.2byte	0x11e
 1294 08ed 35090000 		.4byte	0x935
 1295 08f1 1D       		.uleb128 0x1d
 1296 08f2 B3050000 		.4byte	.LASF131
 1297 08f6 06       		.byte	0x6
 1298 08f7 2701     		.2byte	0x127
 1299 08f9 6C090000 		.4byte	0x96c
 1300 08fd 1D       		.uleb128 0x1d
ARM GAS  C:\Users\jo\AppData\Local\Temp\ccXnl3DV.s 			page 24


 1301 08fe 3D050000 		.4byte	.LASF132
 1302 0902 06       		.byte	0x6
 1303 0903 2F01     		.2byte	0x12f
 1304 0905 0F010000 		.4byte	0x10f
 1305 0909 00       		.byte	0
 1306 090a 0A       		.uleb128 0xa
 1307 090b 04       		.byte	0x4
 1308 090c 34020000 		.4byte	0x234
 1309 0910 06       		.uleb128 0x6
 1310 0911 88050000 		.4byte	.LASF133
 1311 0915 0C       		.byte	0xc
 1312 0916 0C       		.byte	0xc
 1313 0917 34       		.byte	0x34
 1314 0918 35090000 		.4byte	0x935
 1315 091c 07       		.uleb128 0x7
 1316 091d BD010000 		.4byte	.LASF134
 1317 0921 0C       		.byte	0xc
 1318 0922 35       		.byte	0x35
 1319 0923 69020000 		.4byte	0x269
 1320 0927 00       		.byte	0
 1321 0928 07       		.uleb128 0x7
 1322 0929 68020000 		.4byte	.LASF135
 1323 092d 0C       		.byte	0xc
 1324 092e 37       		.byte	0x37
 1325 092f 1A010000 		.4byte	0x11a
 1326 0933 08       		.byte	0x8
 1327 0934 00       		.byte	0
 1328 0935 0A       		.uleb128 0xa
 1329 0936 04       		.byte	0x4
 1330 0937 10090000 		.4byte	0x910
 1331 093b 06       		.uleb128 0x6
 1332 093c 98060000 		.4byte	.LASF136
 1333 0940 10       		.byte	0x10
 1334 0941 0D       		.byte	0xd
 1335 0942 39       		.byte	0x39
 1336 0943 6C090000 		.4byte	0x96c
 1337 0947 07       		.uleb128 0x7
 1338 0948 73010000 		.4byte	.LASF137
 1339 094c 0D       		.byte	0xd
 1340 094d 3A       		.byte	0x3a
 1341 094e 69020000 		.4byte	0x269
 1342 0952 00       		.byte	0
 1343 0953 07       		.uleb128 0x7
 1344 0954 FD060000 		.4byte	.LASF138
 1345 0958 0D       		.byte	0xd
 1346 0959 3C       		.byte	0x3c
 1347 095a 3F020000 		.4byte	0x23f
 1348 095e 08       		.byte	0x8
 1349 095f 07       		.uleb128 0x7
 1350 0960 05060000 		.4byte	.LASF139
 1351 0964 0D       		.byte	0xd
 1352 0965 3E       		.byte	0x3e
 1353 0966 B0090000 		.4byte	0x9b0
 1354 096a 0C       		.byte	0xc
 1355 096b 00       		.byte	0
 1356 096c 0A       		.uleb128 0xa
 1357 096d 04       		.byte	0x4
ARM GAS  C:\Users\jo\AppData\Local\Temp\ccXnl3DV.s 			page 25


 1358 096e 3B090000 		.4byte	0x93b
 1359 0972 0A       		.uleb128 0xa
 1360 0973 04       		.byte	0x4
 1361 0974 78090000 		.4byte	0x978
 1362 0978 18       		.uleb128 0x18
 1363 0979 7D090000 		.4byte	0x97d
 1364 097d 03       		.uleb128 0x3
 1365 097e 01       		.byte	0x1
 1366 097f 08       		.byte	0x8
 1367 0980 F7050000 		.4byte	.LASF140
 1368 0984 0A       		.uleb128 0xa
 1369 0985 04       		.byte	0x4
 1370 0986 55070000 		.4byte	0x755
 1371 098a 0A       		.uleb128 0xa
 1372 098b 04       		.byte	0x4
 1373 098c 1E030000 		.4byte	0x31e
 1374 0990 05       		.uleb128 0x5
 1375 0991 72090000 		.4byte	0x972
 1376 0995 13       		.uleb128 0x13
 1377 0996 55070000 		.4byte	0x755
 1378 099a A5090000 		.4byte	0x9a5
 1379 099e 14       		.uleb128 0x14
 1380 099f 49050000 		.4byte	0x549
 1381 09a3 1B       		.byte	0x1b
 1382 09a4 00       		.byte	0
 1383 09a5 04       		.uleb128 0x4
 1384 09a6 F9010000 		.4byte	.LASF141
 1385 09aa 0D       		.byte	0xd
 1386 09ab 34       		.byte	0x34
 1387 09ac 3B090000 		.4byte	0x93b
 1388 09b0 0A       		.uleb128 0xa
 1389 09b1 04       		.byte	0x4
 1390 09b2 A5090000 		.4byte	0x9a5
 1391 09b6 03       		.uleb128 0x3
 1392 09b7 01       		.byte	0x1
 1393 09b8 02       		.byte	0x2
 1394 09b9 BF040000 		.4byte	.LASF142
 1395 09bd 1E       		.uleb128 0x1e
 1396 09be 3B010000 		.4byte	.LASF144
 1397 09c2 01       		.byte	0x1
 1398 09c3 39       		.byte	0x39
 1399 09c4 00000000 		.4byte	.LFB259
 1400 09c8 32000000 		.4byte	.LFE259-.LFB259
 1401 09cc 01       		.uleb128 0x1
 1402 09cd 9C       		.byte	0x9c
 1403 09ce EF090000 		.4byte	0x9ef
 1404 09d2 1F       		.uleb128 0x1f
 1405 09d3 6E00     		.ascii	"n\000"
 1406 09d5 01       		.byte	0x1
 1407 09d6 39       		.byte	0x39
 1408 09d7 AD000000 		.4byte	0xad
 1409 09db 00000000 		.4byte	.LLST0
 1410 09df 20       		.uleb128 0x20
 1411 09e0 58040000 		.4byte	.LASF143
 1412 09e4 01       		.byte	0x1
 1413 09e5 39       		.byte	0x39
 1414 09e6 AD000000 		.4byte	0xad
ARM GAS  C:\Users\jo\AppData\Local\Temp\ccXnl3DV.s 			page 26


 1415 09ea 32000000 		.4byte	.LLST1
 1416 09ee 00       		.byte	0
 1417 09ef 1E       		.uleb128 0x1e
 1418 09f0 3F020000 		.4byte	.LASF145
 1419 09f4 01       		.byte	0x1
 1420 09f5 45       		.byte	0x45
 1421 09f6 00000000 		.4byte	.LFB260
 1422 09fa 28000000 		.4byte	.LFE260-.LFB260
 1423 09fe 01       		.uleb128 0x1
 1424 09ff 9C       		.byte	0x9c
 1425 0a00 120A0000 		.4byte	0xa12
 1426 0a04 1F       		.uleb128 0x1f
 1427 0a05 6E00     		.ascii	"n\000"
 1428 0a07 01       		.byte	0x1
 1429 0a08 45       		.byte	0x45
 1430 0a09 AD000000 		.4byte	0xad
 1431 0a0d 53000000 		.4byte	.LLST2
 1432 0a11 00       		.byte	0
 1433 0a12 1E       		.uleb128 0x1e
 1434 0a13 19050000 		.4byte	.LASF146
 1435 0a17 01       		.byte	0x1
 1436 0a18 51       		.byte	0x51
 1437 0a19 00000000 		.4byte	.LFB261
 1438 0a1d 24000000 		.4byte	.LFE261-.LFB261
 1439 0a21 01       		.uleb128 0x1
 1440 0a22 9C       		.byte	0x9c
 1441 0a23 680A0000 		.4byte	0xa68
 1442 0a27 20       		.uleb128 0x20
 1443 0a28 B3030000 		.4byte	.LASF147
 1444 0a2c 01       		.byte	0x1
 1445 0a2d 51       		.byte	0x51
 1446 0a2e AD000000 		.4byte	0xad
 1447 0a32 77000000 		.4byte	.LLST3
 1448 0a36 20       		.uleb128 0x20
 1449 0a37 58040000 		.4byte	.LASF143
 1450 0a3b 01       		.byte	0x1
 1451 0a3c 51       		.byte	0x51
 1452 0a3d AD000000 		.4byte	0xad
 1453 0a41 A6000000 		.4byte	.LLST4
 1454 0a45 21       		.uleb128 0x21
 1455 0a46 5B050000 		.4byte	.LASF153
 1456 0a4a 780A0000 		.4byte	0xa78
 1457 0a4e 05       		.uleb128 0x5
 1458 0a4f 03       		.byte	0x3
 1459 0a50 00000000 		.4byte	__func__.7512
 1460 0a54 22       		.uleb128 0x22
 1461 0a55 10000000 		.4byte	.LVL8
 1462 0a59 B70A0000 		.4byte	0xab7
 1463 0a5d 23       		.uleb128 0x23
 1464 0a5e 01       		.uleb128 0x1
 1465 0a5f 50       		.byte	0x50
 1466 0a60 05       		.uleb128 0x5
 1467 0a61 03       		.byte	0x3
 1468 0a62 00000000 		.4byte	.LANCHOR0
 1469 0a66 00       		.byte	0
 1470 0a67 00       		.byte	0
 1471 0a68 13       		.uleb128 0x13
ARM GAS  C:\Users\jo\AppData\Local\Temp\ccXnl3DV.s 			page 27


 1472 0a69 7D090000 		.4byte	0x97d
 1473 0a6d 780A0000 		.4byte	0xa78
 1474 0a71 14       		.uleb128 0x14
 1475 0a72 49050000 		.4byte	0x549
 1476 0a76 1C       		.byte	0x1c
 1477 0a77 00       		.byte	0
 1478 0a78 18       		.uleb128 0x18
 1479 0a79 680A0000 		.4byte	0xa68
 1480 0a7d 1E       		.uleb128 0x1e
 1481 0a7e 7B010000 		.4byte	.LASF148
 1482 0a82 01       		.byte	0x1
 1483 0a83 5D       		.byte	0x5d
 1484 0a84 00000000 		.4byte	.LFB262
 1485 0a88 18000000 		.4byte	.LFE262-.LFB262
 1486 0a8c 01       		.uleb128 0x1
 1487 0a8d 9C       		.byte	0x9c
 1488 0a8e A00A0000 		.4byte	0xaa0
 1489 0a92 1F       		.uleb128 0x1f
 1490 0a93 6E00     		.ascii	"n\000"
 1491 0a95 01       		.byte	0x1
 1492 0a96 5D       		.byte	0x5d
 1493 0a97 AD000000 		.4byte	0xad
 1494 0a9b D2000000 		.4byte	.LLST5
 1495 0a9f 00       		.byte	0
 1496 0aa0 24       		.uleb128 0x24
 1497 0aa1 E1040000 		.4byte	.LASF149
 1498 0aa5 07       		.byte	0x7
 1499 0aa6 A706     		.2byte	0x6a7
 1500 0aa8 C3000000 		.4byte	0xc3
 1501 0aac 25       		.uleb128 0x25
 1502 0aad 636800   		.ascii	"ch\000"
 1503 0ab0 06       		.byte	0x6
 1504 0ab1 0902     		.2byte	0x209
 1505 0ab3 13040000 		.4byte	0x413
 1506 0ab7 26       		.uleb128 0x26
 1507 0ab8 B2000000 		.4byte	.LASF154
 1508 0abc 0E       		.byte	0xe
 1509 0abd 1601     		.2byte	0x116
 1510 0abf 0D       		.uleb128 0xd
 1511 0ac0 72090000 		.4byte	0x972
 1512 0ac4 00       		.byte	0
 1513 0ac5 00       		.byte	0
 1514              		.section	.debug_abbrev,"",%progbits
 1515              	.Ldebug_abbrev0:
 1516 0000 01       		.uleb128 0x1
 1517 0001 11       		.uleb128 0x11
 1518 0002 01       		.byte	0x1
 1519 0003 25       		.uleb128 0x25
 1520 0004 0E       		.uleb128 0xe
 1521 0005 13       		.uleb128 0x13
 1522 0006 0B       		.uleb128 0xb
 1523 0007 03       		.uleb128 0x3
 1524 0008 0E       		.uleb128 0xe
 1525 0009 1B       		.uleb128 0x1b
 1526 000a 0E       		.uleb128 0xe
 1527 000b 55       		.uleb128 0x55
 1528 000c 17       		.uleb128 0x17
ARM GAS  C:\Users\jo\AppData\Local\Temp\ccXnl3DV.s 			page 28


 1529 000d 11       		.uleb128 0x11
 1530 000e 01       		.uleb128 0x1
 1531 000f 10       		.uleb128 0x10
 1532 0010 17       		.uleb128 0x17
 1533 0011 00       		.byte	0
 1534 0012 00       		.byte	0
 1535 0013 02       		.uleb128 0x2
 1536 0014 24       		.uleb128 0x24
 1537 0015 00       		.byte	0
 1538 0016 0B       		.uleb128 0xb
 1539 0017 0B       		.uleb128 0xb
 1540 0018 3E       		.uleb128 0x3e
 1541 0019 0B       		.uleb128 0xb
 1542 001a 03       		.uleb128 0x3
 1543 001b 08       		.uleb128 0x8
 1544 001c 00       		.byte	0
 1545 001d 00       		.byte	0
 1546 001e 03       		.uleb128 0x3
 1547 001f 24       		.uleb128 0x24
 1548 0020 00       		.byte	0
 1549 0021 0B       		.uleb128 0xb
 1550 0022 0B       		.uleb128 0xb
 1551 0023 3E       		.uleb128 0x3e
 1552 0024 0B       		.uleb128 0xb
 1553 0025 03       		.uleb128 0x3
 1554 0026 0E       		.uleb128 0xe
 1555 0027 00       		.byte	0
 1556 0028 00       		.byte	0
 1557 0029 04       		.uleb128 0x4
 1558 002a 16       		.uleb128 0x16
 1559 002b 00       		.byte	0
 1560 002c 03       		.uleb128 0x3
 1561 002d 0E       		.uleb128 0xe
 1562 002e 3A       		.uleb128 0x3a
 1563 002f 0B       		.uleb128 0xb
 1564 0030 3B       		.uleb128 0x3b
 1565 0031 0B       		.uleb128 0xb
 1566 0032 49       		.uleb128 0x49
 1567 0033 13       		.uleb128 0x13
 1568 0034 00       		.byte	0
 1569 0035 00       		.byte	0
 1570 0036 05       		.uleb128 0x5
 1571 0037 35       		.uleb128 0x35
 1572 0038 00       		.byte	0
 1573 0039 49       		.uleb128 0x49
 1574 003a 13       		.uleb128 0x13
 1575 003b 00       		.byte	0
 1576 003c 00       		.byte	0
 1577 003d 06       		.uleb128 0x6
 1578 003e 13       		.uleb128 0x13
 1579 003f 01       		.byte	0x1
 1580 0040 03       		.uleb128 0x3
 1581 0041 0E       		.uleb128 0xe
 1582 0042 0B       		.uleb128 0xb
 1583 0043 0B       		.uleb128 0xb
 1584 0044 3A       		.uleb128 0x3a
 1585 0045 0B       		.uleb128 0xb
ARM GAS  C:\Users\jo\AppData\Local\Temp\ccXnl3DV.s 			page 29


 1586 0046 3B       		.uleb128 0x3b
 1587 0047 0B       		.uleb128 0xb
 1588 0048 01       		.uleb128 0x1
 1589 0049 13       		.uleb128 0x13
 1590 004a 00       		.byte	0
 1591 004b 00       		.byte	0
 1592 004c 07       		.uleb128 0x7
 1593 004d 0D       		.uleb128 0xd
 1594 004e 00       		.byte	0
 1595 004f 03       		.uleb128 0x3
 1596 0050 0E       		.uleb128 0xe
 1597 0051 3A       		.uleb128 0x3a
 1598 0052 0B       		.uleb128 0xb
 1599 0053 3B       		.uleb128 0x3b
 1600 0054 0B       		.uleb128 0xb
 1601 0055 49       		.uleb128 0x49
 1602 0056 13       		.uleb128 0x13
 1603 0057 38       		.uleb128 0x38
 1604 0058 0B       		.uleb128 0xb
 1605 0059 00       		.byte	0
 1606 005a 00       		.byte	0
 1607 005b 08       		.uleb128 0x8
 1608 005c 0D       		.uleb128 0xd
 1609 005d 00       		.byte	0
 1610 005e 03       		.uleb128 0x3
 1611 005f 08       		.uleb128 0x8
 1612 0060 3A       		.uleb128 0x3a
 1613 0061 0B       		.uleb128 0xb
 1614 0062 3B       		.uleb128 0x3b
 1615 0063 05       		.uleb128 0x5
 1616 0064 49       		.uleb128 0x49
 1617 0065 13       		.uleb128 0x13
 1618 0066 38       		.uleb128 0x38
 1619 0067 0B       		.uleb128 0xb
 1620 0068 00       		.byte	0
 1621 0069 00       		.byte	0
 1622 006a 09       		.uleb128 0x9
 1623 006b 0D       		.uleb128 0xd
 1624 006c 00       		.byte	0
 1625 006d 03       		.uleb128 0x3
 1626 006e 0E       		.uleb128 0xe
 1627 006f 3A       		.uleb128 0x3a
 1628 0070 0B       		.uleb128 0xb
 1629 0071 3B       		.uleb128 0x3b
 1630 0072 05       		.uleb128 0x5
 1631 0073 49       		.uleb128 0x49
 1632 0074 13       		.uleb128 0x13
 1633 0075 38       		.uleb128 0x38
 1634 0076 0B       		.uleb128 0xb
 1635 0077 00       		.byte	0
 1636 0078 00       		.byte	0
 1637 0079 0A       		.uleb128 0xa
 1638 007a 0F       		.uleb128 0xf
 1639 007b 00       		.byte	0
 1640 007c 0B       		.uleb128 0xb
 1641 007d 0B       		.uleb128 0xb
 1642 007e 49       		.uleb128 0x49
ARM GAS  C:\Users\jo\AppData\Local\Temp\ccXnl3DV.s 			page 30


 1643 007f 13       		.uleb128 0x13
 1644 0080 00       		.byte	0
 1645 0081 00       		.byte	0
 1646 0082 0B       		.uleb128 0xb
 1647 0083 13       		.uleb128 0x13
 1648 0084 01       		.byte	0x1
 1649 0085 03       		.uleb128 0x3
 1650 0086 0E       		.uleb128 0xe
 1651 0087 0B       		.uleb128 0xb
 1652 0088 0B       		.uleb128 0xb
 1653 0089 3A       		.uleb128 0x3a
 1654 008a 0B       		.uleb128 0xb
 1655 008b 3B       		.uleb128 0x3b
 1656 008c 05       		.uleb128 0x5
 1657 008d 01       		.uleb128 0x1
 1658 008e 13       		.uleb128 0x13
 1659 008f 00       		.byte	0
 1660 0090 00       		.byte	0
 1661 0091 0C       		.uleb128 0xc
 1662 0092 15       		.uleb128 0x15
 1663 0093 01       		.byte	0x1
 1664 0094 27       		.uleb128 0x27
 1665 0095 19       		.uleb128 0x19
 1666 0096 01       		.uleb128 0x1
 1667 0097 13       		.uleb128 0x13
 1668 0098 00       		.byte	0
 1669 0099 00       		.byte	0
 1670 009a 0D       		.uleb128 0xd
 1671 009b 05       		.uleb128 0x5
 1672 009c 00       		.byte	0
 1673 009d 49       		.uleb128 0x49
 1674 009e 13       		.uleb128 0x13
 1675 009f 00       		.byte	0
 1676 00a0 00       		.byte	0
 1677 00a1 0E       		.uleb128 0xe
 1678 00a2 0F       		.uleb128 0xf
 1679 00a3 00       		.byte	0
 1680 00a4 0B       		.uleb128 0xb
 1681 00a5 0B       		.uleb128 0xb
 1682 00a6 00       		.byte	0
 1683 00a7 00       		.byte	0
 1684 00a8 0F       		.uleb128 0xf
 1685 00a9 13       		.uleb128 0x13
 1686 00aa 01       		.byte	0x1
 1687 00ab 03       		.uleb128 0x3
 1688 00ac 0E       		.uleb128 0xe
 1689 00ad 0B       		.uleb128 0xb
 1690 00ae 05       		.uleb128 0x5
 1691 00af 3A       		.uleb128 0x3a
 1692 00b0 0B       		.uleb128 0xb
 1693 00b1 3B       		.uleb128 0x3b
 1694 00b2 05       		.uleb128 0x5
 1695 00b3 01       		.uleb128 0x1
 1696 00b4 13       		.uleb128 0x13
 1697 00b5 00       		.byte	0
 1698 00b6 00       		.byte	0
 1699 00b7 10       		.uleb128 0x10
ARM GAS  C:\Users\jo\AppData\Local\Temp\ccXnl3DV.s 			page 31


 1700 00b8 0D       		.uleb128 0xd
 1701 00b9 00       		.byte	0
 1702 00ba 03       		.uleb128 0x3
 1703 00bb 0E       		.uleb128 0xe
 1704 00bc 3A       		.uleb128 0x3a
 1705 00bd 0B       		.uleb128 0xb
 1706 00be 3B       		.uleb128 0x3b
 1707 00bf 05       		.uleb128 0x5
 1708 00c0 49       		.uleb128 0x49
 1709 00c1 13       		.uleb128 0x13
 1710 00c2 38       		.uleb128 0x38
 1711 00c3 05       		.uleb128 0x5
 1712 00c4 00       		.byte	0
 1713 00c5 00       		.byte	0
 1714 00c6 11       		.uleb128 0x11
 1715 00c7 0D       		.uleb128 0xd
 1716 00c8 00       		.byte	0
 1717 00c9 03       		.uleb128 0x3
 1718 00ca 08       		.uleb128 0x8
 1719 00cb 3A       		.uleb128 0x3a
 1720 00cc 0B       		.uleb128 0xb
 1721 00cd 3B       		.uleb128 0x3b
 1722 00ce 05       		.uleb128 0x5
 1723 00cf 49       		.uleb128 0x49
 1724 00d0 13       		.uleb128 0x13
 1725 00d1 38       		.uleb128 0x38
 1726 00d2 05       		.uleb128 0x5
 1727 00d3 00       		.byte	0
 1728 00d4 00       		.byte	0
 1729 00d5 12       		.uleb128 0x12
 1730 00d6 13       		.uleb128 0x13
 1731 00d7 01       		.byte	0x1
 1732 00d8 0B       		.uleb128 0xb
 1733 00d9 05       		.uleb128 0x5
 1734 00da 3A       		.uleb128 0x3a
 1735 00db 0B       		.uleb128 0xb
 1736 00dc 3B       		.uleb128 0x3b
 1737 00dd 05       		.uleb128 0x5
 1738 00de 01       		.uleb128 0x1
 1739 00df 13       		.uleb128 0x13
 1740 00e0 00       		.byte	0
 1741 00e1 00       		.byte	0
 1742 00e2 13       		.uleb128 0x13
 1743 00e3 01       		.uleb128 0x1
 1744 00e4 01       		.byte	0x1
 1745 00e5 49       		.uleb128 0x49
 1746 00e6 13       		.uleb128 0x13
 1747 00e7 01       		.uleb128 0x1
 1748 00e8 13       		.uleb128 0x13
 1749 00e9 00       		.byte	0
 1750 00ea 00       		.byte	0
 1751 00eb 14       		.uleb128 0x14
 1752 00ec 21       		.uleb128 0x21
 1753 00ed 00       		.byte	0
 1754 00ee 49       		.uleb128 0x49
 1755 00ef 13       		.uleb128 0x13
 1756 00f0 2F       		.uleb128 0x2f
ARM GAS  C:\Users\jo\AppData\Local\Temp\ccXnl3DV.s 			page 32


 1757 00f1 0B       		.uleb128 0xb
 1758 00f2 00       		.byte	0
 1759 00f3 00       		.byte	0
 1760 00f4 15       		.uleb128 0x15
 1761 00f5 21       		.uleb128 0x21
 1762 00f6 00       		.byte	0
 1763 00f7 49       		.uleb128 0x49
 1764 00f8 13       		.uleb128 0x13
 1765 00f9 2F       		.uleb128 0x2f
 1766 00fa 05       		.uleb128 0x5
 1767 00fb 00       		.byte	0
 1768 00fc 00       		.byte	0
 1769 00fd 16       		.uleb128 0x16
 1770 00fe 16       		.uleb128 0x16
 1771 00ff 00       		.byte	0
 1772 0100 03       		.uleb128 0x3
 1773 0101 0E       		.uleb128 0xe
 1774 0102 3A       		.uleb128 0x3a
 1775 0103 0B       		.uleb128 0xb
 1776 0104 3B       		.uleb128 0x3b
 1777 0105 05       		.uleb128 0x5
 1778 0106 49       		.uleb128 0x49
 1779 0107 13       		.uleb128 0x13
 1780 0108 00       		.byte	0
 1781 0109 00       		.byte	0
 1782 010a 17       		.uleb128 0x17
 1783 010b 13       		.uleb128 0x13
 1784 010c 01       		.byte	0x1
 1785 010d 0B       		.uleb128 0xb
 1786 010e 0B       		.uleb128 0xb
 1787 010f 3A       		.uleb128 0x3a
 1788 0110 0B       		.uleb128 0xb
 1789 0111 3B       		.uleb128 0x3b
 1790 0112 05       		.uleb128 0x5
 1791 0113 01       		.uleb128 0x1
 1792 0114 13       		.uleb128 0x13
 1793 0115 00       		.byte	0
 1794 0116 00       		.byte	0
 1795 0117 18       		.uleb128 0x18
 1796 0118 26       		.uleb128 0x26
 1797 0119 00       		.byte	0
 1798 011a 49       		.uleb128 0x49
 1799 011b 13       		.uleb128 0x13
 1800 011c 00       		.byte	0
 1801 011d 00       		.byte	0
 1802 011e 19       		.uleb128 0x19
 1803 011f 0D       		.uleb128 0xd
 1804 0120 00       		.byte	0
 1805 0121 03       		.uleb128 0x3
 1806 0122 08       		.uleb128 0x8
 1807 0123 3A       		.uleb128 0x3a
 1808 0124 0B       		.uleb128 0xb
 1809 0125 3B       		.uleb128 0x3b
 1810 0126 0B       		.uleb128 0xb
 1811 0127 49       		.uleb128 0x49
 1812 0128 13       		.uleb128 0x13
 1813 0129 38       		.uleb128 0x38
ARM GAS  C:\Users\jo\AppData\Local\Temp\ccXnl3DV.s 			page 33


 1814 012a 0B       		.uleb128 0xb
 1815 012b 00       		.byte	0
 1816 012c 00       		.byte	0
 1817 012d 1A       		.uleb128 0x1a
 1818 012e 13       		.uleb128 0x13
 1819 012f 01       		.byte	0x1
 1820 0130 0B       		.uleb128 0xb
 1821 0131 0B       		.uleb128 0xb
 1822 0132 3A       		.uleb128 0x3a
 1823 0133 0B       		.uleb128 0xb
 1824 0134 3B       		.uleb128 0x3b
 1825 0135 0B       		.uleb128 0xb
 1826 0136 01       		.uleb128 0x1
 1827 0137 13       		.uleb128 0x13
 1828 0138 00       		.byte	0
 1829 0139 00       		.byte	0
 1830 013a 1B       		.uleb128 0x1b
 1831 013b 13       		.uleb128 0x13
 1832 013c 01       		.byte	0x1
 1833 013d 0B       		.uleb128 0xb
 1834 013e 05       		.uleb128 0x5
 1835 013f 3A       		.uleb128 0x3a
 1836 0140 0B       		.uleb128 0xb
 1837 0141 3B       		.uleb128 0x3b
 1838 0142 0B       		.uleb128 0xb
 1839 0143 01       		.uleb128 0x1
 1840 0144 13       		.uleb128 0x13
 1841 0145 00       		.byte	0
 1842 0146 00       		.byte	0
 1843 0147 1C       		.uleb128 0x1c
 1844 0148 17       		.uleb128 0x17
 1845 0149 01       		.byte	0x1
 1846 014a 0B       		.uleb128 0xb
 1847 014b 0B       		.uleb128 0xb
 1848 014c 3A       		.uleb128 0x3a
 1849 014d 0B       		.uleb128 0xb
 1850 014e 3B       		.uleb128 0x3b
 1851 014f 0B       		.uleb128 0xb
 1852 0150 01       		.uleb128 0x1
 1853 0151 13       		.uleb128 0x13
 1854 0152 00       		.byte	0
 1855 0153 00       		.byte	0
 1856 0154 1D       		.uleb128 0x1d
 1857 0155 0D       		.uleb128 0xd
 1858 0156 00       		.byte	0
 1859 0157 03       		.uleb128 0x3
 1860 0158 0E       		.uleb128 0xe
 1861 0159 3A       		.uleb128 0x3a
 1862 015a 0B       		.uleb128 0xb
 1863 015b 3B       		.uleb128 0x3b
 1864 015c 05       		.uleb128 0x5
 1865 015d 49       		.uleb128 0x49
 1866 015e 13       		.uleb128 0x13
 1867 015f 00       		.byte	0
 1868 0160 00       		.byte	0
 1869 0161 1E       		.uleb128 0x1e
 1870 0162 2E       		.uleb128 0x2e
ARM GAS  C:\Users\jo\AppData\Local\Temp\ccXnl3DV.s 			page 34


 1871 0163 01       		.byte	0x1
 1872 0164 3F       		.uleb128 0x3f
 1873 0165 19       		.uleb128 0x19
 1874 0166 03       		.uleb128 0x3
 1875 0167 0E       		.uleb128 0xe
 1876 0168 3A       		.uleb128 0x3a
 1877 0169 0B       		.uleb128 0xb
 1878 016a 3B       		.uleb128 0x3b
 1879 016b 0B       		.uleb128 0xb
 1880 016c 27       		.uleb128 0x27
 1881 016d 19       		.uleb128 0x19
 1882 016e 11       		.uleb128 0x11
 1883 016f 01       		.uleb128 0x1
 1884 0170 12       		.uleb128 0x12
 1885 0171 06       		.uleb128 0x6
 1886 0172 40       		.uleb128 0x40
 1887 0173 18       		.uleb128 0x18
 1888 0174 9742     		.uleb128 0x2117
 1889 0176 19       		.uleb128 0x19
 1890 0177 01       		.uleb128 0x1
 1891 0178 13       		.uleb128 0x13
 1892 0179 00       		.byte	0
 1893 017a 00       		.byte	0
 1894 017b 1F       		.uleb128 0x1f
 1895 017c 05       		.uleb128 0x5
 1896 017d 00       		.byte	0
 1897 017e 03       		.uleb128 0x3
 1898 017f 08       		.uleb128 0x8
 1899 0180 3A       		.uleb128 0x3a
 1900 0181 0B       		.uleb128 0xb
 1901 0182 3B       		.uleb128 0x3b
 1902 0183 0B       		.uleb128 0xb
 1903 0184 49       		.uleb128 0x49
 1904 0185 13       		.uleb128 0x13
 1905 0186 02       		.uleb128 0x2
 1906 0187 17       		.uleb128 0x17
 1907 0188 00       		.byte	0
 1908 0189 00       		.byte	0
 1909 018a 20       		.uleb128 0x20
 1910 018b 05       		.uleb128 0x5
 1911 018c 00       		.byte	0
 1912 018d 03       		.uleb128 0x3
 1913 018e 0E       		.uleb128 0xe
 1914 018f 3A       		.uleb128 0x3a
 1915 0190 0B       		.uleb128 0xb
 1916 0191 3B       		.uleb128 0x3b
 1917 0192 0B       		.uleb128 0xb
 1918 0193 49       		.uleb128 0x49
 1919 0194 13       		.uleb128 0x13
 1920 0195 02       		.uleb128 0x2
 1921 0196 17       		.uleb128 0x17
 1922 0197 00       		.byte	0
 1923 0198 00       		.byte	0
 1924 0199 21       		.uleb128 0x21
 1925 019a 34       		.uleb128 0x34
 1926 019b 00       		.byte	0
 1927 019c 03       		.uleb128 0x3
ARM GAS  C:\Users\jo\AppData\Local\Temp\ccXnl3DV.s 			page 35


 1928 019d 0E       		.uleb128 0xe
 1929 019e 49       		.uleb128 0x49
 1930 019f 13       		.uleb128 0x13
 1931 01a0 34       		.uleb128 0x34
 1932 01a1 19       		.uleb128 0x19
 1933 01a2 02       		.uleb128 0x2
 1934 01a3 18       		.uleb128 0x18
 1935 01a4 00       		.byte	0
 1936 01a5 00       		.byte	0
 1937 01a6 22       		.uleb128 0x22
 1938 01a7 898201   		.uleb128 0x4109
 1939 01aa 01       		.byte	0x1
 1940 01ab 11       		.uleb128 0x11
 1941 01ac 01       		.uleb128 0x1
 1942 01ad 31       		.uleb128 0x31
 1943 01ae 13       		.uleb128 0x13
 1944 01af 00       		.byte	0
 1945 01b0 00       		.byte	0
 1946 01b1 23       		.uleb128 0x23
 1947 01b2 8A8201   		.uleb128 0x410a
 1948 01b5 00       		.byte	0
 1949 01b6 02       		.uleb128 0x2
 1950 01b7 18       		.uleb128 0x18
 1951 01b8 9142     		.uleb128 0x2111
 1952 01ba 18       		.uleb128 0x18
 1953 01bb 00       		.byte	0
 1954 01bc 00       		.byte	0
 1955 01bd 24       		.uleb128 0x24
 1956 01be 34       		.uleb128 0x34
 1957 01bf 00       		.byte	0
 1958 01c0 03       		.uleb128 0x3
 1959 01c1 0E       		.uleb128 0xe
 1960 01c2 3A       		.uleb128 0x3a
 1961 01c3 0B       		.uleb128 0xb
 1962 01c4 3B       		.uleb128 0x3b
 1963 01c5 05       		.uleb128 0x5
 1964 01c6 49       		.uleb128 0x49
 1965 01c7 13       		.uleb128 0x13
 1966 01c8 3F       		.uleb128 0x3f
 1967 01c9 19       		.uleb128 0x19
 1968 01ca 3C       		.uleb128 0x3c
 1969 01cb 19       		.uleb128 0x19
 1970 01cc 00       		.byte	0
 1971 01cd 00       		.byte	0
 1972 01ce 25       		.uleb128 0x25
 1973 01cf 34       		.uleb128 0x34
 1974 01d0 00       		.byte	0
 1975 01d1 03       		.uleb128 0x3
 1976 01d2 08       		.uleb128 0x8
 1977 01d3 3A       		.uleb128 0x3a
 1978 01d4 0B       		.uleb128 0xb
 1979 01d5 3B       		.uleb128 0x3b
 1980 01d6 05       		.uleb128 0x5
 1981 01d7 49       		.uleb128 0x49
 1982 01d8 13       		.uleb128 0x13
 1983 01d9 3F       		.uleb128 0x3f
 1984 01da 19       		.uleb128 0x19
ARM GAS  C:\Users\jo\AppData\Local\Temp\ccXnl3DV.s 			page 36


 1985 01db 3C       		.uleb128 0x3c
 1986 01dc 19       		.uleb128 0x19
 1987 01dd 00       		.byte	0
 1988 01de 00       		.byte	0
 1989 01df 26       		.uleb128 0x26
 1990 01e0 2E       		.uleb128 0x2e
 1991 01e1 01       		.byte	0x1
 1992 01e2 3F       		.uleb128 0x3f
 1993 01e3 19       		.uleb128 0x19
 1994 01e4 03       		.uleb128 0x3
 1995 01e5 0E       		.uleb128 0xe
 1996 01e6 3A       		.uleb128 0x3a
 1997 01e7 0B       		.uleb128 0xb
 1998 01e8 3B       		.uleb128 0x3b
 1999 01e9 05       		.uleb128 0x5
 2000 01ea 27       		.uleb128 0x27
 2001 01eb 19       		.uleb128 0x19
 2002 01ec 3C       		.uleb128 0x3c
 2003 01ed 19       		.uleb128 0x19
 2004 01ee 00       		.byte	0
 2005 01ef 00       		.byte	0
 2006 01f0 00       		.byte	0
 2007              		.section	.debug_loc,"",%progbits
 2008              	.Ldebug_loc0:
 2009              	.LLST0:
 2010 0000 00000000 		.4byte	.LVL0
 2011 0004 1C000000 		.4byte	.LVL2
 2012 0008 0100     		.2byte	0x1
 2013 000a 50       		.byte	0x50
 2014 000b 1C000000 		.4byte	.LVL2
 2015 000f 30000000 		.4byte	.LVL3
 2016 0013 0700     		.2byte	0x7
 2017 0015 74       		.byte	0x74
 2018 0016 80BEFCFF 		.sleb128 536813312
 2018      01
 2019 001b 9F       		.byte	0x9f
 2020 001c 30000000 		.4byte	.LVL3
 2021 0020 32000000 		.4byte	.LFE259
 2022 0024 0400     		.2byte	0x4
 2023 0026 F3       		.byte	0xf3
 2024 0027 01       		.uleb128 0x1
 2025 0028 50       		.byte	0x50
 2026 0029 9F       		.byte	0x9f
 2027 002a 00000000 		.4byte	0
 2028 002e 00000000 		.4byte	0
 2029              	.LLST1:
 2030 0032 00000000 		.4byte	.LVL0
 2031 0036 18000000 		.4byte	.LVL1
 2032 003a 0100     		.2byte	0x1
 2033 003c 51       		.byte	0x51
 2034 003d 18000000 		.4byte	.LVL1
 2035 0041 32000000 		.4byte	.LFE259
 2036 0045 0400     		.2byte	0x4
 2037 0047 F3       		.byte	0xf3
 2038 0048 01       		.uleb128 0x1
 2039 0049 51       		.byte	0x51
 2040 004a 9F       		.byte	0x9f
ARM GAS  C:\Users\jo\AppData\Local\Temp\ccXnl3DV.s 			page 37


 2041 004b 00000000 		.4byte	0
 2042 004f 00000000 		.4byte	0
 2043              	.LLST2:
 2044 0053 00000000 		.4byte	.LVL4
 2045 0057 10000000 		.4byte	.LVL5
 2046 005b 0100     		.2byte	0x1
 2047 005d 50       		.byte	0x50
 2048 005e 10000000 		.4byte	.LVL5
 2049 0062 28000000 		.4byte	.LFE260
 2050 0066 0700     		.2byte	0x7
 2051 0068 70       		.byte	0x70
 2052 0069 80BEFCFF 		.sleb128 536813312
 2052      01
 2053 006e 9F       		.byte	0x9f
 2054 006f 00000000 		.4byte	0
 2055 0073 00000000 		.4byte	0
 2056              	.LLST3:
 2057 0077 00000000 		.4byte	.LVL6
 2058 007b 0C000000 		.4byte	.LVL7
 2059 007f 0100     		.2byte	0x1
 2060 0081 50       		.byte	0x50
 2061 0082 0C000000 		.4byte	.LVL7
 2062 0086 20000000 		.4byte	.LVL10
 2063 008a 0100     		.2byte	0x1
 2064 008c 54       		.byte	0x54
 2065 008d 20000000 		.4byte	.LVL10
 2066 0091 24000000 		.4byte	.LFE261
 2067 0095 0700     		.2byte	0x7
 2068 0097 70       		.byte	0x70
 2069 0098 80A6FCFF 		.sleb128 536810240
 2069      01
 2070 009d 9F       		.byte	0x9f
 2071 009e 00000000 		.4byte	0
 2072 00a2 00000000 		.4byte	0
 2073              	.LLST4:
 2074 00a6 00000000 		.4byte	.LVL6
 2075 00aa 0F000000 		.4byte	.LVL8-1
 2076 00ae 0100     		.2byte	0x1
 2077 00b0 51       		.byte	0x51
 2078 00b1 0F000000 		.4byte	.LVL8-1
 2079 00b5 1A000000 		.4byte	.LVL9
 2080 00b9 0100     		.2byte	0x1
 2081 00bb 55       		.byte	0x55
 2082 00bc 1A000000 		.4byte	.LVL9
 2083 00c0 24000000 		.4byte	.LFE261
 2084 00c4 0400     		.2byte	0x4
 2085 00c6 F3       		.byte	0xf3
 2086 00c7 01       		.uleb128 0x1
 2087 00c8 51       		.byte	0x51
 2088 00c9 9F       		.byte	0x9f
 2089 00ca 00000000 		.4byte	0
 2090 00ce 00000000 		.4byte	0
 2091              	.LLST5:
 2092 00d2 00000000 		.4byte	.LVL11
 2093 00d6 08000000 		.4byte	.LVL12
 2094 00da 0100     		.2byte	0x1
 2095 00dc 50       		.byte	0x50
ARM GAS  C:\Users\jo\AppData\Local\Temp\ccXnl3DV.s 			page 38


 2096 00dd 08000000 		.4byte	.LVL12
 2097 00e1 18000000 		.4byte	.LFE262
 2098 00e5 0400     		.2byte	0x4
 2099 00e7 F3       		.byte	0xf3
 2100 00e8 01       		.uleb128 0x1
 2101 00e9 50       		.byte	0x50
 2102 00ea 9F       		.byte	0x9f
 2103 00eb 00000000 		.4byte	0
 2104 00ef 00000000 		.4byte	0
 2105              		.section	.debug_aranges,"",%progbits
 2106 0000 34000000 		.4byte	0x34
 2107 0004 0200     		.2byte	0x2
 2108 0006 00000000 		.4byte	.Ldebug_info0
 2109 000a 04       		.byte	0x4
 2110 000b 00       		.byte	0
 2111 000c 0000     		.2byte	0
 2112 000e 0000     		.2byte	0
 2113 0010 00000000 		.4byte	.LFB259
 2114 0014 32000000 		.4byte	.LFE259-.LFB259
 2115 0018 00000000 		.4byte	.LFB260
 2116 001c 28000000 		.4byte	.LFE260-.LFB260
 2117 0020 00000000 		.4byte	.LFB261
 2118 0024 24000000 		.4byte	.LFE261-.LFB261
 2119 0028 00000000 		.4byte	.LFB262
 2120 002c 18000000 		.4byte	.LFE262-.LFB262
 2121 0030 00000000 		.4byte	0
 2122 0034 00000000 		.4byte	0
 2123              		.section	.debug_ranges,"",%progbits
 2124              	.Ldebug_ranges0:
 2125 0000 00000000 		.4byte	.LFB259
 2126 0004 32000000 		.4byte	.LFE259
 2127 0008 00000000 		.4byte	.LFB260
 2128 000c 28000000 		.4byte	.LFE260
 2129 0010 00000000 		.4byte	.LFB261
 2130 0014 24000000 		.4byte	.LFE261
 2131 0018 00000000 		.4byte	.LFB262
 2132 001c 18000000 		.4byte	.LFE262
 2133 0020 00000000 		.4byte	0
 2134 0024 00000000 		.4byte	0
 2135              		.section	.debug_line,"",%progbits
 2136              	.Ldebug_line0:
 2137 0000 64020000 		.section	.debug_str,"MS",%progbits,1
 2137      02000102 
 2137      00000201 
 2137      FB0E0D00 
 2137      01010101 
 2138              	.LASF46:
 2139 0000 74687265 		.ascii	"threads_list_t\000"
 2139      6164735F 
 2139      6C697374 
 2139      5F7400
 2140              	.LASF88:
 2141 000f 49435052 		.ascii	"ICPR\000"
 2141      00
 2142              	.LASF51:
 2143 0014 72656164 		.ascii	"ready_list_t\000"
 2143      795F6C69 
ARM GAS  C:\Users\jo\AppData\Local\Temp\ccXnl3DV.s 			page 39


 2143      73745F74 
 2143      00
 2144              	.LASF115:
 2145 0021 73655F74 		.ascii	"se_time\000"
 2145      696D6500 
 2146              	.LASF129:
 2147 0029 77747472 		.ascii	"wttrp\000"
 2147      7000
 2148              	.LASF126:
 2149 002f 7264796D 		.ascii	"rdymsg\000"
 2149      736700
 2150              	.LASF16:
 2151 0036 75696E74 		.ascii	"uint64_t\000"
 2151      36345F74 
 2151      00
 2152              	.LASF5:
 2153 003f 5F5F7569 		.ascii	"__uint8_t\000"
 2153      6E74385F 
 2153      7400
 2154              	.LASF114:
 2155 0049 706F7274 		.ascii	"port_intctx\000"
 2155      5F696E74 
 2155      63747800 
 2156              	.LASF70:
 2157 0055 73797374 		.ascii	"system_debug_t\000"
 2157      656D5F64 
 2157      65627567 
 2157      5F7400
 2158              	.LASF152:
 2159 0064 433A5C55 		.ascii	"C:\\Users\\jo\\Documents\\GitHub\\ChibiOS\\demos\\S"
 2159      73657273 
 2159      5C6A6F5C 
 2159      446F6375 
 2159      6D656E74 
 2160 0090 544D3332 		.ascii	"TM32\\RT-STM32F407-DISCOVERY-uHttp\000"
 2160      5C52542D 
 2160      53544D33 
 2160      32463430 
 2160      372D4449 
 2161              	.LASF154:
 2162 00b2 63685379 		.ascii	"chSysHalt\000"
 2162      7348616C 
 2162      7400
 2163              	.LASF12:
 2164 00bc 6C6F6E67 		.ascii	"long long unsigned int\000"
 2164      206C6F6E 
 2164      6720756E 
 2164      7369676E 
 2164      65642069 
 2165              	.LASF123:
 2166 00d3 63685F74 		.ascii	"ch_trace_buffer_t\000"
 2166      72616365 
 2166      5F627566 
 2166      6665725F 
 2166      7400
 2167              	.LASF118:
 2168 00e5 73655F73 		.ascii	"se_state\000"
ARM GAS  C:\Users\jo\AppData\Local\Temp\ccXnl3DV.s 			page 40


 2168      74617465 
 2168      00
 2169              	.LASF127:
 2170 00ee 65786974 		.ascii	"exitcode\000"
 2170      636F6465 
 2170      00
 2171              	.LASF80:
 2172 00f7 6D61696E 		.ascii	"mainthread\000"
 2172      74687265 
 2172      616400
 2173              	.LASF67:
 2174 0102 76697274 		.ascii	"virtual_timers_list_t\000"
 2174      75616C5F 
 2174      74696D65 
 2174      72735F6C 
 2174      6973745F 
 2175              	.LASF96:
 2176 0118 43505549 		.ascii	"CPUID\000"
 2176      4400
 2177              	.LASF50:
 2178 011e 63685F74 		.ascii	"ch_threads_queue\000"
 2178      68726561 
 2178      64735F71 
 2178      75657565 
 2178      00
 2179              	.LASF86:
 2180 012f 49535052 		.ascii	"ISPR\000"
 2180      00
 2181              	.LASF29:
 2182 0134 705F7072 		.ascii	"p_prio\000"
 2182      696F00
 2183              	.LASF144:
 2184 013b 6E766963 		.ascii	"nvicEnableVector\000"
 2184      456E6162 
 2184      6C655665 
 2184      63746F72 
 2184      00
 2185              	.LASF108:
 2186 014c 49534152 		.ascii	"ISAR\000"
 2186      00
 2187              	.LASF10:
 2188 0151 6C6F6E67 		.ascii	"long long int\000"
 2188      206C6F6E 
 2188      6720696E 
 2188      7400
 2189              	.LASF1:
 2190 015f 7369676E 		.ascii	"signed char\000"
 2190      65642063 
 2190      68617200 
 2191              	.LASF44:
 2192 016b 705F6D70 		.ascii	"p_mpool\000"
 2192      6F6F6C00 
 2193              	.LASF137:
 2194 0173 6D5F7175 		.ascii	"m_queue\000"
 2194      65756500 
 2195              	.LASF148:
 2196 017b 6E766963 		.ascii	"nvicClearPending\000"
ARM GAS  C:\Users\jo\AppData\Local\Temp\ccXnl3DV.s 			page 41


 2196      436C6561 
 2196      7250656E 
 2196      64696E67 
 2196      00
 2197              	.LASF79:
 2198 018c 76746C69 		.ascii	"vtlist\000"
 2198      737400
 2199              	.LASF77:
 2200 0193 63685F73 		.ascii	"ch_system\000"
 2200      79737465 
 2200      6D00
 2201              	.LASF7:
 2202 019d 6C6F6E67 		.ascii	"long int\000"
 2202      20696E74 
 2202      00
 2203              	.LASF19:
 2204 01a6 74737461 		.ascii	"tstate_t\000"
 2204      74655F74 
 2204      00
 2205              	.LASF116:
 2206 01af 73655F74 		.ascii	"se_tp\000"
 2206      7000
 2207              	.LASF31:
 2208 01b5 705F6E65 		.ascii	"p_newer\000"
 2208      77657200 
 2209              	.LASF134:
 2210 01bd 735F7175 		.ascii	"s_queue\000"
 2210      65756500 
 2211              	.LASF105:
 2212 01c5 42464152 		.ascii	"BFAR\000"
 2212      00
 2213              	.LASF120:
 2214 01ca 74625F73 		.ascii	"tb_size\000"
 2214      697A6500 
 2215              	.LASF106:
 2216 01d2 41465352 		.ascii	"AFSR\000"
 2216      00
 2217              	.LASF56:
 2218 01d7 725F6E65 		.ascii	"r_newer\000"
 2218      77657200 
 2219              	.LASF111:
 2220 01df 72656761 		.ascii	"regarm_t\000"
 2220      726D5F74 
 2220      00
 2221              	.LASF63:
 2222 01e8 76745F70 		.ascii	"vt_prev\000"
 2222      72657600 
 2223              	.LASF110:
 2224 01f0 5343425F 		.ascii	"SCB_Type\000"
 2224      54797065 
 2224      00
 2225              	.LASF141:
 2226 01f9 6D757465 		.ascii	"mutex_t\000"
 2226      785F7400 
 2227              	.LASF74:
 2228 0201 6C6F636B 		.ascii	"lock_cnt\000"
 2228      5F636E74 
ARM GAS  C:\Users\jo\AppData\Local\Temp\ccXnl3DV.s 			page 42


 2228      00
 2229              	.LASF81:
 2230 020a 69646C65 		.ascii	"idle_thread_wa\000"
 2230      5F746872 
 2230      6561645F 
 2230      776100
 2231              	.LASF24:
 2232 0219 636E745F 		.ascii	"cnt_t\000"
 2232      7400
 2233              	.LASF34:
 2234 021f 705F7374 		.ascii	"p_stklimit\000"
 2234      6B6C696D 
 2234      697400
 2235              	.LASF0:
 2236 022a 756E7369 		.ascii	"unsigned int\000"
 2236      676E6564 
 2236      20696E74 
 2236      00
 2237              	.LASF62:
 2238 0237 76745F6E 		.ascii	"vt_next\000"
 2238      65787400 
 2239              	.LASF145:
 2240 023f 6E766963 		.ascii	"nvicDisableVector\000"
 2240      44697361 
 2240      626C6556 
 2240      6563746F 
 2240      7200
 2241              	.LASF130:
 2242 0251 77747365 		.ascii	"wtsemp\000"
 2242      6D7000
 2243              	.LASF39:
 2244 0258 705F6D73 		.ascii	"p_msgqueue\000"
 2244      67717565 
 2244      756500
 2245              	.LASF98:
 2246 0263 56544F52 		.ascii	"VTOR\000"
 2246      00
 2247              	.LASF135:
 2248 0268 735F636E 		.ascii	"s_cnt\000"
 2248      7400
 2249              	.LASF47:
 2250 026e 63685F74 		.ascii	"ch_thread\000"
 2250      68726561 
 2250      6400
 2251              	.LASF97:
 2252 0278 49435352 		.ascii	"ICSR\000"
 2252      00
 2253              	.LASF22:
 2254 027d 6D73675F 		.ascii	"msg_t\000"
 2254      7400
 2255              	.LASF99:
 2256 0283 41495243 		.ascii	"AIRCR\000"
 2256      5200
 2257              	.LASF103:
 2258 0289 44465352 		.ascii	"DFSR\000"
 2258      00
 2259              	.LASF104:
ARM GAS  C:\Users\jo\AppData\Local\Temp\ccXnl3DV.s 			page 43


 2260 028e 4D4D4641 		.ascii	"MMFAR\000"
 2260      5200
 2261              	.LASF76:
 2262 0294 63685F73 		.ascii	"ch_system_t\000"
 2262      79737465 
 2262      6D5F7400 
 2263              	.LASF122:
 2264 02a0 74625F62 		.ascii	"tb_buffer\000"
 2264      75666665 
 2264      7200
 2265              	.LASF52:
 2266 02aa 63685F72 		.ascii	"ch_ready_list\000"
 2266      65616479 
 2266      5F6C6973 
 2266      7400
 2267              	.LASF23:
 2268 02b8 6576656E 		.ascii	"eventmask_t\000"
 2268      746D6173 
 2268      6B5F7400 
 2269              	.LASF6:
 2270 02c4 5F5F696E 		.ascii	"__int32_t\000"
 2270      7433325F 
 2270      7400
 2271              	.LASF150:
 2272 02ce 474E5520 		.ascii	"GNU C 4.9.3 20141119 (release) [ARM/embedded-4_9-br"
 2272      4320342E 
 2272      392E3320 
 2272      32303134 
 2272      31313139 
 2273 0301 616E6368 		.ascii	"anch revision 218278] -mcpu=cortex-m4 -mno-thumb-in"
 2273      20726576 
 2273      6973696F 
 2273      6E203231 
 2273      38323738 
 2274 0334 74657277 		.ascii	"terwork -mthumb -ggdb -O2 -fomit-frame-pointer -fal"
 2274      6F726B20 
 2274      2D6D7468 
 2274      756D6220 
 2274      2D676764 
 2275 0367 69676E2D 		.ascii	"ign-functions=16 -ffunction-sections -fdata-section"
 2275      66756E63 
 2275      74696F6E 
 2275      733D3136 
 2275      202D6666 
 2276 039a 73202D66 		.ascii	"s -fno-common\000"
 2276      6E6F2D63 
 2276      6F6D6D6F 
 2276      6E00
 2277              	.LASF112:
 2278 03a8 73746B61 		.ascii	"stkalign_t\000"
 2278      6C69676E 
 2278      5F7400
 2279              	.LASF147:
 2280 03b3 68616E64 		.ascii	"handler\000"
 2280      6C657200 
 2281              	.LASF60:
 2282 03bb 76697274 		.ascii	"virtual_timer_t\000"
ARM GAS  C:\Users\jo\AppData\Local\Temp\ccXnl3DV.s 			page 44


 2282      75616C5F 
 2282      74696D65 
 2282      725F7400 
 2283              	.LASF38:
 2284 03cb 705F7761 		.ascii	"p_waiting\000"
 2284      6974696E 
 2284      6700
 2285              	.LASF94:
 2286 03d5 73697A65 		.ascii	"sizetype\000"
 2286      74797065 
 2286      00
 2287              	.LASF45:
 2288 03de 74687265 		.ascii	"thread_reference_t\000"
 2288      61645F72 
 2288      65666572 
 2288      656E6365 
 2288      5F7400
 2289              	.LASF68:
 2290 03f1 63685F76 		.ascii	"ch_virtual_timers_list\000"
 2290      69727475 
 2290      616C5F74 
 2290      696D6572 
 2290      735F6C69 
 2291              	.LASF101:
 2292 0408 43465352 		.ascii	"CFSR\000"
 2292      00
 2293              	.LASF121:
 2294 040d 74625F70 		.ascii	"tb_ptr\000"
 2294      747200
 2295              	.LASF90:
 2296 0414 49414252 		.ascii	"IABR\000"
 2296      00
 2297              	.LASF119:
 2298 0419 63685F73 		.ascii	"ch_swc_event_t\000"
 2298      77635F65 
 2298      76656E74 
 2298      5F7400
 2299              	.LASF69:
 2300 0428 76745F6C 		.ascii	"vt_lasttime\000"
 2300      61737474 
 2300      696D6500 
 2301              	.LASF32:
 2302 0434 705F6F6C 		.ascii	"p_older\000"
 2302      64657200 
 2303              	.LASF55:
 2304 043c 725F6374 		.ascii	"r_ctx\000"
 2304      7800
 2305              	.LASF125:
 2306 0442 746D5F63 		.ascii	"tm_calibration_t\000"
 2306      616C6962 
 2306      72617469 
 2306      6F6E5F74 
 2306      00
 2307              	.LASF84:
 2308 0453 49434552 		.ascii	"ICER\000"
 2308      00
 2309              	.LASF143:
ARM GAS  C:\Users\jo\AppData\Local\Temp\ccXnl3DV.s 			page 45


 2310 0458 7072696F 		.ascii	"prio\000"
 2310      00
 2311              	.LASF57:
 2312 045d 725F6F6C 		.ascii	"r_older\000"
 2312      64657200 
 2313              	.LASF11:
 2314 0465 5F5F7569 		.ascii	"__uint64_t\000"
 2314      6E743634 
 2314      5F7400
 2315              	.LASF20:
 2316 0470 74726566 		.ascii	"trefs_t\000"
 2316      735F7400 
 2317              	.LASF83:
 2318 0478 52455345 		.ascii	"RESERVED0\000"
 2318      52564544 
 2318      3000
 2319              	.LASF87:
 2320 0482 52455345 		.ascii	"RESERVED2\000"
 2320      52564544 
 2320      3200
 2321              	.LASF89:
 2322 048c 52455345 		.ascii	"RESERVED3\000"
 2322      52564544 
 2322      3300
 2323              	.LASF91:
 2324 0496 52455345 		.ascii	"RESERVED4\000"
 2324      52564544 
 2324      3400
 2325              	.LASF28:
 2326 04a0 705F7072 		.ascii	"p_prev\000"
 2326      657600
 2327              	.LASF21:
 2328 04a7 74707269 		.ascii	"tprio_t\000"
 2328      6F5F7400 
 2329              	.LASF71:
 2330 04af 63685F73 		.ascii	"ch_system_debug\000"
 2330      79737465 
 2330      6D5F6465 
 2330      62756700 
 2331              	.LASF142:
 2332 04bf 5F426F6F 		.ascii	"_Bool\000"
 2332      6C00
 2333              	.LASF14:
 2334 04c5 696E7433 		.ascii	"int32_t\000"
 2334      325F7400 
 2335              	.LASF2:
 2336 04cd 756E7369 		.ascii	"unsigned char\000"
 2336      676E6564 
 2336      20636861 
 2336      7200
 2337              	.LASF100:
 2338 04db 53484353 		.ascii	"SHCSR\000"
 2338      5200
 2339              	.LASF149:
 2340 04e1 49544D5F 		.ascii	"ITM_RxBuffer\000"
 2340      52784275 
 2340      66666572 
ARM GAS  C:\Users\jo\AppData\Local\Temp\ccXnl3DV.s 			page 46


 2340      00
 2341              	.LASF35:
 2342 04ee 705F7374 		.ascii	"p_state\000"
 2342      61746500 
 2343              	.LASF42:
 2344 04f6 705F6D74 		.ascii	"p_mtxlist\000"
 2344      786C6973 
 2344      7400
 2345              	.LASF3:
 2346 0500 73686F72 		.ascii	"short int\000"
 2346      7420696E 
 2346      7400
 2347              	.LASF82:
 2348 050a 49534552 		.ascii	"ISER\000"
 2348      00
 2349              	.LASF95:
 2350 050f 4E564943 		.ascii	"NVIC_Type\000"
 2350      5F547970 
 2350      6500
 2351              	.LASF146:
 2352 0519 6E766963 		.ascii	"nvicSetSystemHandlerPriority\000"
 2352      53657453 
 2352      79737465 
 2352      6D48616E 
 2352      646C6572 
 2353              	.LASF54:
 2354 0536 725F7072 		.ascii	"r_prio\000"
 2354      696F00
 2355              	.LASF132:
 2356 053d 65776D61 		.ascii	"ewmask\000"
 2356      736B00
 2357              	.LASF27:
 2358 0544 705F6E65 		.ascii	"p_next\000"
 2358      787400
 2359              	.LASF18:
 2360 054b 746D6F64 		.ascii	"tmode_t\000"
 2360      655F7400 
 2361              	.LASF36:
 2362 0553 705F666C 		.ascii	"p_flags\000"
 2362      61677300 
 2363              	.LASF153:
 2364 055b 5F5F6675 		.ascii	"__func__\000"
 2364      6E635F5F 
 2364      00
 2365              	.LASF4:
 2366 0564 73686F72 		.ascii	"short unsigned int\000"
 2366      7420756E 
 2366      7369676E 
 2366      65642069 
 2366      6E7400
 2367              	.LASF61:
 2368 0577 63685F76 		.ascii	"ch_virtual_timer\000"
 2368      69727475 
 2368      616C5F74 
 2368      696D6572 
 2368      00
 2369              	.LASF133:
ARM GAS  C:\Users\jo\AppData\Local\Temp\ccXnl3DV.s 			page 47


 2370 0588 63685F73 		.ascii	"ch_semaphore\000"
 2370      656D6170 
 2370      686F7265 
 2370      00
 2371              	.LASF41:
 2372 0595 705F6570 		.ascii	"p_epending\000"
 2372      656E6469 
 2372      6E6700
 2373              	.LASF92:
 2374 05a0 52455345 		.ascii	"RESERVED5\000"
 2374      52564544 
 2374      3500
 2375              	.LASF15:
 2376 05aa 75696E74 		.ascii	"uint32_t\000"
 2376      33325F74 
 2376      00
 2377              	.LASF131:
 2378 05b3 77746D74 		.ascii	"wtmtxp\000"
 2378      787000
 2379              	.LASF53:
 2380 05ba 725F7175 		.ascii	"r_queue\000"
 2380      65756500 
 2381              	.LASF64:
 2382 05c2 76745F64 		.ascii	"vt_delta\000"
 2382      656C7461 
 2382      00
 2383              	.LASF48:
 2384 05cb 63685F74 		.ascii	"ch_threads_list\000"
 2384      68726561 
 2384      64735F6C 
 2384      69737400 
 2385              	.LASF9:
 2386 05db 6C6F6E67 		.ascii	"long unsigned int\000"
 2386      20756E73 
 2386      69676E65 
 2386      6420696E 
 2386      7400
 2387              	.LASF58:
 2388 05ed 725F6375 		.ascii	"r_current\000"
 2388      7272656E 
 2388      7400
 2389              	.LASF140:
 2390 05f7 63686172 		.ascii	"char\000"
 2390      00
 2391              	.LASF26:
 2392 05fc 74687265 		.ascii	"thread_t\000"
 2392      61645F74 
 2392      00
 2393              	.LASF139:
 2394 0605 6D5F6E65 		.ascii	"m_next\000"
 2394      787400
 2395              	.LASF25:
 2396 060c 73797374 		.ascii	"systime_t\000"
 2396      696D655F 
 2396      7400
 2397              	.LASF43:
 2398 0616 705F7265 		.ascii	"p_realprio\000"
ARM GAS  C:\Users\jo\AppData\Local\Temp\ccXnl3DV.s 			page 48


 2398      616C7072 
 2398      696F00
 2399              	.LASF59:
 2400 0621 76746675 		.ascii	"vtfunc_t\000"
 2400      6E635F74 
 2400      00
 2401              	.LASF8:
 2402 062a 5F5F7569 		.ascii	"__uint32_t\000"
 2402      6E743332 
 2402      5F7400
 2403              	.LASF72:
 2404 0635 70616E69 		.ascii	"panic_msg\000"
 2404      635F6D73 
 2404      6700
 2405              	.LASF124:
 2406 063f 6F666673 		.ascii	"offset\000"
 2406      657400
 2407              	.LASF113:
 2408 0646 636F6E74 		.ascii	"context\000"
 2408      65787400 
 2409              	.LASF17:
 2410 064e 7274636E 		.ascii	"rtcnt_t\000"
 2410      745F7400 
 2411              	.LASF151:
 2412 0656 2E2E2F2E 		.ascii	"../../../os/hal/ports/common/ARMCMx/nvic.c\000"
 2412      2E2F2E2E 
 2412      2F6F732F 
 2412      68616C2F 
 2412      706F7274 
 2413              	.LASF66:
 2414 0681 76745F70 		.ascii	"vt_par\000"
 2414      617200
 2415              	.LASF49:
 2416 0688 74687265 		.ascii	"threads_queue_t\000"
 2416      6164735F 
 2416      71756575 
 2416      655F7400 
 2417              	.LASF136:
 2418 0698 63685F6D 		.ascii	"ch_mutex\000"
 2418      75746578 
 2418      00
 2419              	.LASF37:
 2420 06a1 705F7265 		.ascii	"p_refs\000"
 2420      667300
 2421              	.LASF73:
 2422 06a8 6973725F 		.ascii	"isr_cnt\000"
 2422      636E7400 
 2423              	.LASF107:
 2424 06b0 4D4D4652 		.ascii	"MMFR\000"
 2424      00
 2425              	.LASF78:
 2426 06b5 726C6973 		.ascii	"rlist\000"
 2426      7400
 2427              	.LASF13:
 2428 06bb 75696E74 		.ascii	"uint8_t\000"
 2428      385F7400 
 2429              	.LASF85:
ARM GAS  C:\Users\jo\AppData\Local\Temp\ccXnl3DV.s 			page 49


 2430 06c3 52534552 		.ascii	"RSERVED1\000"
 2430      56454431 
 2430      00
 2431              	.LASF93:
 2432 06cc 53544952 		.ascii	"STIR\000"
 2432      00
 2433              	.LASF128:
 2434 06d1 77746F62 		.ascii	"wtobjp\000"
 2434      6A7000
 2435              	.LASF33:
 2436 06d8 705F6E61 		.ascii	"p_name\000"
 2436      6D6500
 2437              	.LASF75:
 2438 06df 74726163 		.ascii	"trace_buffer\000"
 2438      655F6275 
 2438      66666572 
 2438      00
 2439              	.LASF40:
 2440 06ec 705F6D73 		.ascii	"p_msg\000"
 2440      6700
 2441              	.LASF109:
 2442 06f2 43504143 		.ascii	"CPACR\000"
 2442      5200
 2443              	.LASF102:
 2444 06f8 48465352 		.ascii	"HFSR\000"
 2444      00
 2445              	.LASF138:
 2446 06fd 6D5F6F77 		.ascii	"m_owner\000"
 2446      6E657200 
 2447              	.LASF117:
 2448 0705 73655F77 		.ascii	"se_wtobjp\000"
 2448      746F626A 
 2448      7000
 2449              	.LASF30:
 2450 070f 705F6374 		.ascii	"p_ctx\000"
 2450      7800
 2451              	.LASF65:
 2452 0715 76745F66 		.ascii	"vt_func\000"
 2452      756E6300 
 2453              		.ident	"GCC: (GNU Tools for ARM Embedded Processors) 4.9.3 20141119 (release) [ARM/embedded-4_9-br
ARM GAS  C:\Users\jo\AppData\Local\Temp\ccXnl3DV.s 			page 50


DEFINED SYMBOLS
                            *ABS*:00000000 nvic.c
C:\Users\jo\AppData\Local\Temp\ccXnl3DV.s:19     .text.nvicEnableVector:00000000 $t
C:\Users\jo\AppData\Local\Temp\ccXnl3DV.s:25     .text.nvicEnableVector:00000000 nvicEnableVector
C:\Users\jo\AppData\Local\Temp\ccXnl3DV.s:70     .text.nvicDisableVector:00000000 $t
C:\Users\jo\AppData\Local\Temp\ccXnl3DV.s:76     .text.nvicDisableVector:00000000 nvicDisableVector
C:\Users\jo\AppData\Local\Temp\ccXnl3DV.s:114    .text.nvicDisableVector:00000024 $d
C:\Users\jo\AppData\Local\Temp\ccXnl3DV.s:119    .text.nvicSetSystemHandlerPriority:00000000 $t
C:\Users\jo\AppData\Local\Temp\ccXnl3DV.s:125    .text.nvicSetSystemHandlerPriority:00000000 nvicSetSystemHandlerPriority
C:\Users\jo\AppData\Local\Temp\ccXnl3DV.s:164    .text.nvicSetSystemHandlerPriority:00000020 $d
C:\Users\jo\AppData\Local\Temp\ccXnl3DV.s:169    .text.nvicClearPending:00000000 $t
C:\Users\jo\AppData\Local\Temp\ccXnl3DV.s:175    .text.nvicClearPending:00000000 nvicClearPending
C:\Users\jo\AppData\Local\Temp\ccXnl3DV.s:196    .text.nvicClearPending:00000014 $d
C:\Users\jo\AppData\Local\Temp\ccXnl3DV.s:201    .rodata.__func__.7512:00000000 $d
C:\Users\jo\AppData\Local\Temp\ccXnl3DV.s:205    .rodata.__func__.7512:00000000 __func__.7512
                     .debug_frame:00000010 $d
C:\Users\jo\AppData\Local\Temp\ccXnl3DV.s:118    .text.nvicDisableVector:00000028 $t
C:\Users\jo\AppData\Local\Temp\ccXnl3DV.s:168    .text.nvicSetSystemHandlerPriority:00000024 $t
C:\Users\jo\AppData\Local\Temp\ccXnl3DV.s:200    .text.nvicClearPending:00000018 $t

UNDEFINED SYMBOLS
chSysHalt
