ARM GAS  C:\Users\jo\AppData\Local\Temp\cc7a5GMj.s 			page 1


   1              		.syntax unified
   2              		.cpu cortex-m4
   3              		.fpu softvfp
   4              		.eabi_attribute 20, 1
   5              		.eabi_attribute 21, 1
   6              		.eabi_attribute 23, 3
   7              		.eabi_attribute 24, 1
   8              		.eabi_attribute 25, 1
   9              		.eabi_attribute 26, 1
  10              		.eabi_attribute 30, 2
  11              		.eabi_attribute 34, 1
  12              		.eabi_attribute 18, 4
  13              		.thumb
  14              		.file	"ssl_cli.c"
  15              		.text
  16              	.Ltext0:
  17              		.cfi_sections	.debug_frame
  18              	.Letext0:
  19              		.section	.debug_line,"",%progbits
  20              	.Ldebug_line0:
  21              		.section	.debug_str,"MS",%progbits,1
  22              	.LASF0:
  23 0000 2E2E2F2E 		.ascii	"../../../ext/mbedtls-1.3.11/library/ssl_cli.c\000"
  23      2E2F2E2E 
  23      2F657874 
  23      2F6D6265 
  23      64746C73 
  24              	.LASF1:
  25 002e 474E5520 		.ascii	"GNU C 4.9.3 20141119 (release) [ARM/embedded-4_9-br"
  25      4320342E 
  25      392E3320 
  25      32303134 
  25      31313139 
  26 0061 616E6368 		.ascii	"anch revision 218278] -mcpu=cortex-m4 -mno-thumb-in"
  26      20726576 
  26      6973696F 
  26      6E203231 
  26      38323738 
  27 0094 74657277 		.ascii	"terwork -mthumb -ggdb -O2 -fomit-frame-pointer -fal"
  27      6F726B20 
  27      2D6D7468 
  27      756D6220 
  27      2D676764 
  28 00c7 69676E2D 		.ascii	"ign-functions=16 -ffunction-sections -fdata-section"
  28      66756E63 
  28      74696F6E 
  28      733D3136 
  28      202D6666 
  29 00fa 73202D66 		.ascii	"s -fno-common\000"
  29      6E6F2D63 
  29      6F6D6D6F 
  29      6E00
  30              	.LASF2:
  31 0108 433A5C55 		.ascii	"C:\\Users\\jo\\Documents\\GitHub\\ChibiOS\\demos\\S"
  31      73657273 
  31      5C6A6F5C 
  31      446F6375 
ARM GAS  C:\Users\jo\AppData\Local\Temp\cc7a5GMj.s 			page 2


  31      6D656E74 
  32 0134 544D3332 		.ascii	"TM32\\RT-STM32F407-DISCOVERY-uHttp\000"
  32      5C52542D 
  32      53544D33 
  32      32463430 
  32      372D4449 
  33              		.ident	"GCC: (GNU Tools for ARM Embedded Processors) 4.9.3 20141119 (release) [ARM/embedded-4_9-br
ARM GAS  C:\Users\jo\AppData\Local\Temp\cc7a5GMj.s 			page 3


DEFINED SYMBOLS
                            *ABS*:00000000 ssl_cli.c

NO UNDEFINED SYMBOLS
