ARM GAS  C:\Users\jo\AppData\Local\Temp\cc3HBMXC.s 			page 1


   1              		.syntax unified
   2              		.cpu cortex-m4
   3              		.fpu softvfp
   4              		.eabi_attribute 20, 1
   5              		.eabi_attribute 21, 1
   6              		.eabi_attribute 23, 3
   7              		.eabi_attribute 24, 1
   8              		.eabi_attribute 25, 1
   9              		.eabi_attribute 26, 1
  10              		.eabi_attribute 30, 2
  11              		.eabi_attribute 34, 1
  12              		.eabi_attribute 18, 4
  13              		.thumb
  14              		.file	"vectors.c"
  15              		.text
  16              	.Ltext0:
  17              		.cfi_sections	.debug_frame
  18              		.section	.text._unhandled_exception,"ax",%progbits
  19              		.align	2
  20              		.p2align 4,,15
  21              		.global	_unhandled_exception
  22              		.thumb
  23              		.thumb_func
  24              		.type	_unhandled_exception, %function
  25              	_unhandled_exception:
  26              	.LFB112:
  27              		.file 1 "../../../os/common/ports/ARMCMx/compilers/GCC/vectors.c"
  28              		.loc 1 77 0
  29              		.cfi_startproc
  30              		@ Volatile: function does not return.
  31              		@ args = 0, pretend = 0, frame = 0
  32              		@ frame_needed = 0, uses_anonymous_args = 0
  33              		@ link register save eliminated.
  34              	.L2:
  35              		.loc 1 81 0 discriminator 1
  36 0000 FEE7     		b	.L2
  37              		.cfi_endproc
  38              	.LFE112:
  39              		.size	_unhandled_exception, .-_unhandled_exception
  40              		.weak	Reset_Handler
  41              		.thumb_set Reset_Handler,_unhandled_exception
  42              		.weak	NMI_Handler
  43              		.thumb_set NMI_Handler,_unhandled_exception
  44              		.weak	HardFault_Handler
  45              		.thumb_set HardFault_Handler,_unhandled_exception
  46              		.weak	MemManage_Handler
  47              		.thumb_set MemManage_Handler,_unhandled_exception
  48              		.weak	BusFault_Handler
  49              		.thumb_set BusFault_Handler,_unhandled_exception
  50              		.weak	UsageFault_Handler
  51              		.thumb_set UsageFault_Handler,_unhandled_exception
  52              		.weak	Vector1C
  53              		.thumb_set Vector1C,_unhandled_exception
  54              		.weak	Vector20
  55              		.thumb_set Vector20,_unhandled_exception
  56              		.weak	Vector24
  57              		.thumb_set Vector24,_unhandled_exception
ARM GAS  C:\Users\jo\AppData\Local\Temp\cc3HBMXC.s 			page 2


  58              		.weak	Vector28
  59              		.thumb_set Vector28,_unhandled_exception
  60              		.weak	SVC_Handler
  61              		.thumb_set SVC_Handler,_unhandled_exception
  62              		.weak	DebugMon_Handler
  63              		.thumb_set DebugMon_Handler,_unhandled_exception
  64              		.weak	Vector34
  65              		.thumb_set Vector34,_unhandled_exception
  66              		.weak	PendSV_Handler
  67              		.thumb_set PendSV_Handler,_unhandled_exception
  68              		.weak	SysTick_Handler
  69              		.thumb_set SysTick_Handler,_unhandled_exception
  70              		.weak	Vector40
  71              		.thumb_set Vector40,_unhandled_exception
  72              		.weak	Vector44
  73              		.thumb_set Vector44,_unhandled_exception
  74              		.weak	Vector48
  75              		.thumb_set Vector48,_unhandled_exception
  76              		.weak	Vector4C
  77              		.thumb_set Vector4C,_unhandled_exception
  78              		.weak	Vector50
  79              		.thumb_set Vector50,_unhandled_exception
  80              		.weak	Vector54
  81              		.thumb_set Vector54,_unhandled_exception
  82              		.weak	Vector58
  83              		.thumb_set Vector58,_unhandled_exception
  84              		.weak	Vector5C
  85              		.thumb_set Vector5C,_unhandled_exception
  86              		.weak	Vector60
  87              		.thumb_set Vector60,_unhandled_exception
  88              		.weak	Vector64
  89              		.thumb_set Vector64,_unhandled_exception
  90              		.weak	Vector68
  91              		.thumb_set Vector68,_unhandled_exception
  92              		.weak	Vector6C
  93              		.thumb_set Vector6C,_unhandled_exception
  94              		.weak	Vector70
  95              		.thumb_set Vector70,_unhandled_exception
  96              		.weak	Vector74
  97              		.thumb_set Vector74,_unhandled_exception
  98              		.weak	Vector78
  99              		.thumb_set Vector78,_unhandled_exception
 100              		.weak	Vector7C
 101              		.thumb_set Vector7C,_unhandled_exception
 102              		.weak	Vector80
 103              		.thumb_set Vector80,_unhandled_exception
 104              		.weak	Vector84
 105              		.thumb_set Vector84,_unhandled_exception
 106              		.weak	Vector88
 107              		.thumb_set Vector88,_unhandled_exception
 108              		.weak	Vector8C
 109              		.thumb_set Vector8C,_unhandled_exception
 110              		.weak	Vector90
 111              		.thumb_set Vector90,_unhandled_exception
 112              		.weak	Vector94
 113              		.thumb_set Vector94,_unhandled_exception
 114              		.weak	Vector98
ARM GAS  C:\Users\jo\AppData\Local\Temp\cc3HBMXC.s 			page 3


 115              		.thumb_set Vector98,_unhandled_exception
 116              		.weak	Vector9C
 117              		.thumb_set Vector9C,_unhandled_exception
 118              		.weak	VectorA0
 119              		.thumb_set VectorA0,_unhandled_exception
 120              		.weak	VectorA4
 121              		.thumb_set VectorA4,_unhandled_exception
 122              		.weak	VectorA8
 123              		.thumb_set VectorA8,_unhandled_exception
 124              		.weak	VectorAC
 125              		.thumb_set VectorAC,_unhandled_exception
 126              		.weak	VectorB0
 127              		.thumb_set VectorB0,_unhandled_exception
 128              		.weak	VectorB4
 129              		.thumb_set VectorB4,_unhandled_exception
 130              		.weak	VectorB8
 131              		.thumb_set VectorB8,_unhandled_exception
 132              		.weak	VectorBC
 133              		.thumb_set VectorBC,_unhandled_exception
 134              		.weak	VectorC0
 135              		.thumb_set VectorC0,_unhandled_exception
 136              		.weak	VectorC4
 137              		.thumb_set VectorC4,_unhandled_exception
 138              		.weak	VectorC8
 139              		.thumb_set VectorC8,_unhandled_exception
 140              		.weak	VectorCC
 141              		.thumb_set VectorCC,_unhandled_exception
 142              		.weak	VectorD0
 143              		.thumb_set VectorD0,_unhandled_exception
 144              		.weak	VectorD4
 145              		.thumb_set VectorD4,_unhandled_exception
 146              		.weak	VectorD8
 147              		.thumb_set VectorD8,_unhandled_exception
 148              		.weak	VectorDC
 149              		.thumb_set VectorDC,_unhandled_exception
 150              		.weak	VectorE0
 151              		.thumb_set VectorE0,_unhandled_exception
 152              		.weak	VectorE4
 153              		.thumb_set VectorE4,_unhandled_exception
 154              		.weak	VectorE8
 155              		.thumb_set VectorE8,_unhandled_exception
 156              		.weak	VectorEC
 157              		.thumb_set VectorEC,_unhandled_exception
 158              		.weak	VectorF0
 159              		.thumb_set VectorF0,_unhandled_exception
 160              		.weak	VectorF4
 161              		.thumb_set VectorF4,_unhandled_exception
 162              		.weak	VectorF8
 163              		.thumb_set VectorF8,_unhandled_exception
 164              		.weak	VectorFC
 165              		.thumb_set VectorFC,_unhandled_exception
 166              		.weak	Vector100
 167              		.thumb_set Vector100,_unhandled_exception
 168              		.weak	Vector104
 169              		.thumb_set Vector104,_unhandled_exception
 170              		.weak	Vector108
 171              		.thumb_set Vector108,_unhandled_exception
ARM GAS  C:\Users\jo\AppData\Local\Temp\cc3HBMXC.s 			page 4


 172              		.weak	Vector10C
 173              		.thumb_set Vector10C,_unhandled_exception
 174              		.weak	Vector110
 175              		.thumb_set Vector110,_unhandled_exception
 176              		.weak	Vector114
 177              		.thumb_set Vector114,_unhandled_exception
 178              		.weak	Vector118
 179              		.thumb_set Vector118,_unhandled_exception
 180              		.weak	Vector11C
 181              		.thumb_set Vector11C,_unhandled_exception
 182              		.weak	Vector120
 183              		.thumb_set Vector120,_unhandled_exception
 184              		.weak	Vector124
 185              		.thumb_set Vector124,_unhandled_exception
 186              		.weak	Vector128
 187              		.thumb_set Vector128,_unhandled_exception
 188              		.weak	Vector12C
 189              		.thumb_set Vector12C,_unhandled_exception
 190              		.weak	Vector130
 191              		.thumb_set Vector130,_unhandled_exception
 192              		.weak	Vector134
 193              		.thumb_set Vector134,_unhandled_exception
 194              		.weak	Vector138
 195              		.thumb_set Vector138,_unhandled_exception
 196              		.weak	Vector13C
 197              		.thumb_set Vector13C,_unhandled_exception
 198              		.weak	Vector140
 199              		.thumb_set Vector140,_unhandled_exception
 200              		.weak	Vector144
 201              		.thumb_set Vector144,_unhandled_exception
 202              		.weak	Vector148
 203              		.thumb_set Vector148,_unhandled_exception
 204              		.weak	Vector14C
 205              		.thumb_set Vector14C,_unhandled_exception
 206              		.weak	Vector150
 207              		.thumb_set Vector150,_unhandled_exception
 208              		.weak	Vector154
 209              		.thumb_set Vector154,_unhandled_exception
 210              		.weak	Vector158
 211              		.thumb_set Vector158,_unhandled_exception
 212              		.weak	Vector15C
 213              		.thumb_set Vector15C,_unhandled_exception
 214              		.weak	Vector160
 215              		.thumb_set Vector160,_unhandled_exception
 216              		.weak	Vector164
 217              		.thumb_set Vector164,_unhandled_exception
 218              		.weak	Vector168
 219              		.thumb_set Vector168,_unhandled_exception
 220              		.weak	Vector16C
 221              		.thumb_set Vector16C,_unhandled_exception
 222              		.weak	Vector170
 223              		.thumb_set Vector170,_unhandled_exception
 224              		.weak	Vector174
 225              		.thumb_set Vector174,_unhandled_exception
 226              		.weak	Vector178
 227              		.thumb_set Vector178,_unhandled_exception
 228              		.weak	Vector17C
ARM GAS  C:\Users\jo\AppData\Local\Temp\cc3HBMXC.s 			page 5


 229              		.thumb_set Vector17C,_unhandled_exception
 230              		.weak	Vector180
 231              		.thumb_set Vector180,_unhandled_exception
 232              		.weak	Vector184
 233              		.thumb_set Vector184,_unhandled_exception
 234              		.weak	Vector188
 235              		.thumb_set Vector188,_unhandled_exception
 236              		.weak	Vector18C
 237              		.thumb_set Vector18C,_unhandled_exception
 238              		.weak	Vector190
 239              		.thumb_set Vector190,_unhandled_exception
 240              		.weak	Vector194
 241              		.thumb_set Vector194,_unhandled_exception
 242              		.weak	Vector198
 243              		.thumb_set Vector198,_unhandled_exception
 244              		.weak	Vector19C
 245              		.thumb_set Vector19C,_unhandled_exception
 246              		.weak	Vector1A0
 247              		.thumb_set Vector1A0,_unhandled_exception
 248              		.weak	Vector1A4
 249              		.thumb_set Vector1A4,_unhandled_exception
 250              		.weak	Vector1A8
 251              		.thumb_set Vector1A8,_unhandled_exception
 252              		.weak	Vector1AC
 253              		.thumb_set Vector1AC,_unhandled_exception
 254              		.weak	Vector1B0
 255              		.thumb_set Vector1B0,_unhandled_exception
 256              		.weak	Vector1B4
 257              		.thumb_set Vector1B4,_unhandled_exception
 258              		.weak	Vector1B8
 259              		.thumb_set Vector1B8,_unhandled_exception
 260              		.weak	Vector1BC
 261              		.thumb_set Vector1BC,_unhandled_exception
 262              		.global	_vectors
 263 0002 00BFAFF3 		.section	.vectors,"aw",%progbits
 263      0080AFF3 
 263      0080AFF3 
 263      0080
 264              		.align	2
 265              		.type	_vectors, %object
 266              		.size	_vectors, 448
 267              	_vectors:
 268 0000 00000000 		.word	__main_stack_end__
 269 0004 00000000 		.word	Reset_Handler
 270 0008 00000000 		.word	NMI_Handler
 271 000c 00000000 		.word	HardFault_Handler
 272 0010 00000000 		.word	MemManage_Handler
 273 0014 00000000 		.word	BusFault_Handler
 274 0018 00000000 		.word	UsageFault_Handler
 275 001c 00000000 		.word	Vector1C
 276 0020 00000000 		.word	Vector20
 277 0024 00000000 		.word	Vector24
 278 0028 00000000 		.word	Vector28
 279 002c 00000000 		.word	SVC_Handler
 280 0030 00000000 		.word	DebugMon_Handler
 281 0034 00000000 		.word	Vector34
 282 0038 00000000 		.word	PendSV_Handler
ARM GAS  C:\Users\jo\AppData\Local\Temp\cc3HBMXC.s 			page 6


 283 003c 00000000 		.word	SysTick_Handler
 284 0040 00000000 		.word	Vector40
 285 0044 00000000 		.word	Vector44
 286 0048 00000000 		.word	Vector48
 287 004c 00000000 		.word	Vector4C
 288 0050 00000000 		.word	Vector50
 289 0054 00000000 		.word	Vector54
 290 0058 00000000 		.word	Vector58
 291 005c 00000000 		.word	Vector5C
 292 0060 00000000 		.word	Vector60
 293 0064 00000000 		.word	Vector64
 294 0068 00000000 		.word	Vector68
 295 006c 00000000 		.word	Vector6C
 296 0070 00000000 		.word	Vector70
 297 0074 00000000 		.word	Vector74
 298 0078 00000000 		.word	Vector78
 299 007c 00000000 		.word	Vector7C
 300 0080 00000000 		.word	Vector80
 301 0084 00000000 		.word	Vector84
 302 0088 00000000 		.word	Vector88
 303 008c 00000000 		.word	Vector8C
 304 0090 00000000 		.word	Vector90
 305 0094 00000000 		.word	Vector94
 306 0098 00000000 		.word	Vector98
 307 009c 00000000 		.word	Vector9C
 308 00a0 00000000 		.word	VectorA0
 309 00a4 00000000 		.word	VectorA4
 310 00a8 00000000 		.word	VectorA8
 311 00ac 00000000 		.word	VectorAC
 312 00b0 00000000 		.word	VectorB0
 313 00b4 00000000 		.word	VectorB4
 314 00b8 00000000 		.word	VectorB8
 315 00bc 00000000 		.word	VectorBC
 316 00c0 00000000 		.word	VectorC0
 317 00c4 00000000 		.word	VectorC4
 318 00c8 00000000 		.word	VectorC8
 319 00cc 00000000 		.word	VectorCC
 320 00d0 00000000 		.word	VectorD0
 321 00d4 00000000 		.word	VectorD4
 322 00d8 00000000 		.word	VectorD8
 323 00dc 00000000 		.word	VectorDC
 324 00e0 00000000 		.word	VectorE0
 325 00e4 00000000 		.word	VectorE4
 326 00e8 00000000 		.word	VectorE8
 327 00ec 00000000 		.word	VectorEC
 328 00f0 00000000 		.word	VectorF0
 329 00f4 00000000 		.word	VectorF4
 330 00f8 00000000 		.word	VectorF8
 331 00fc 00000000 		.word	VectorFC
 332 0100 00000000 		.word	Vector100
 333 0104 00000000 		.word	Vector104
 334 0108 00000000 		.word	Vector108
 335 010c 00000000 		.word	Vector10C
 336 0110 00000000 		.word	Vector110
 337 0114 00000000 		.word	Vector114
 338 0118 00000000 		.word	Vector118
 339 011c 00000000 		.word	Vector11C
ARM GAS  C:\Users\jo\AppData\Local\Temp\cc3HBMXC.s 			page 7


 340 0120 00000000 		.word	Vector120
 341 0124 00000000 		.word	Vector124
 342 0128 00000000 		.word	Vector128
 343 012c 00000000 		.word	Vector12C
 344 0130 00000000 		.word	Vector130
 345 0134 00000000 		.word	Vector134
 346 0138 00000000 		.word	Vector138
 347 013c 00000000 		.word	Vector13C
 348 0140 00000000 		.word	Vector140
 349 0144 00000000 		.word	Vector144
 350 0148 00000000 		.word	Vector148
 351 014c 00000000 		.word	Vector14C
 352 0150 00000000 		.word	Vector150
 353 0154 00000000 		.word	Vector154
 354 0158 00000000 		.word	Vector158
 355 015c 00000000 		.word	Vector15C
 356 0160 00000000 		.word	Vector160
 357 0164 00000000 		.word	Vector164
 358 0168 00000000 		.word	Vector168
 359 016c 00000000 		.word	Vector16C
 360 0170 00000000 		.word	Vector170
 361 0174 00000000 		.word	Vector174
 362 0178 00000000 		.word	Vector178
 363 017c 00000000 		.word	Vector17C
 364 0180 00000000 		.word	Vector180
 365 0184 00000000 		.word	Vector184
 366 0188 00000000 		.word	Vector188
 367 018c 00000000 		.word	Vector18C
 368 0190 00000000 		.word	Vector190
 369 0194 00000000 		.word	Vector194
 370 0198 00000000 		.word	Vector198
 371 019c 00000000 		.word	Vector19C
 372 01a0 00000000 		.word	Vector1A0
 373 01a4 00000000 		.word	Vector1A4
 374 01a8 00000000 		.word	Vector1A8
 375 01ac 00000000 		.word	Vector1AC
 376 01b0 00000000 		.word	Vector1B0
 377 01b4 00000000 		.word	Vector1B4
 378 01b8 00000000 		.word	Vector1B8
 379 01bc 00000000 		.word	Vector1BC
 380              		.text
 381              	.Letext0:
 382              		.file 2 "c:\\program files\\gnu tools arm embedded\\4.9 2014q4\\arm-none-eabi\\include\\machine\\_
 383              		.file 3 "c:\\program files\\gnu tools arm embedded\\4.9 2014q4\\arm-none-eabi\\include\\stdint.h"
 384              		.file 4 "../../../os/ext/CMSIS/include/core_cm4.h"
 385              		.section	.debug_info,"",%progbits
 386              	.Ldebug_info0:
 387 0000 E3010000 		.4byte	0x1e3
 388 0004 0400     		.2byte	0x4
 389 0006 00000000 		.4byte	.Ldebug_abbrev0
 390 000a 04       		.byte	0x4
 391 000b 01       		.uleb128 0x1
 392 000c 4E000000 		.4byte	.LASF36
 393 0010 01       		.byte	0x1
 394 0011 FF020000 		.4byte	.LASF37
 395 0015 00000000 		.4byte	.LASF38
 396 0019 00000000 		.4byte	.Ldebug_ranges0+0
ARM GAS  C:\Users\jo\AppData\Local\Temp\cc3HBMXC.s 			page 8


 397 001d 00000000 		.4byte	0
 398 0021 00000000 		.4byte	.Ldebug_line0
 399 0025 02       		.uleb128 0x2
 400 0026 01       		.byte	0x1
 401 0027 06       		.byte	0x6
 402 0028 E9020000 		.4byte	.LASF0
 403 002c 02       		.uleb128 0x2
 404 002d 01       		.byte	0x1
 405 002e 08       		.byte	0x8
 406 002f A2010000 		.4byte	.LASF1
 407 0033 02       		.uleb128 0x2
 408 0034 02       		.byte	0x2
 409 0035 05       		.byte	0x5
 410 0036 BB020000 		.4byte	.LASF2
 411 003a 02       		.uleb128 0x2
 412 003b 02       		.byte	0x2
 413 003c 07       		.byte	0x7
 414 003d 67010000 		.4byte	.LASF3
 415 0041 03       		.uleb128 0x3
 416 0042 4D010000 		.4byte	.LASF5
 417 0046 02       		.byte	0x2
 418 0047 3F       		.byte	0x3f
 419 0048 4C000000 		.4byte	0x4c
 420 004c 02       		.uleb128 0x2
 421 004d 04       		.byte	0x4
 422 004e 05       		.byte	0x5
 423 004f CE020000 		.4byte	.LASF4
 424 0053 03       		.uleb128 0x3
 425 0054 F6010000 		.4byte	.LASF6
 426 0058 02       		.byte	0x2
 427 0059 41       		.byte	0x41
 428 005a 5E000000 		.4byte	0x5e
 429 005e 02       		.uleb128 0x2
 430 005f 04       		.byte	0x4
 431 0060 07       		.byte	0x7
 432 0061 B0010000 		.4byte	.LASF7
 433 0065 02       		.uleb128 0x2
 434 0066 08       		.byte	0x8
 435 0067 05       		.byte	0x5
 436 0068 7F020000 		.4byte	.LASF8
 437 006c 02       		.uleb128 0x2
 438 006d 08       		.byte	0x8
 439 006e 07       		.byte	0x7
 440 006f 23020000 		.4byte	.LASF9
 441 0073 04       		.uleb128 0x4
 442 0074 04       		.byte	0x4
 443 0075 05       		.byte	0x5
 444 0076 696E7400 		.ascii	"int\000"
 445 007a 02       		.uleb128 0x2
 446 007b 04       		.byte	0x4
 447 007c 07       		.byte	0x7
 448 007d 0D020000 		.4byte	.LASF10
 449 0081 03       		.uleb128 0x3
 450 0082 85010000 		.4byte	.LASF11
 451 0086 03       		.byte	0x3
 452 0087 2C       		.byte	0x2c
 453 0088 41000000 		.4byte	0x41
ARM GAS  C:\Users\jo\AppData\Local\Temp\cc3HBMXC.s 			page 9


 454 008c 03       		.uleb128 0x3
 455 008d C5020000 		.4byte	.LASF12
 456 0091 03       		.byte	0x3
 457 0092 2D       		.byte	0x2d
 458 0093 53000000 		.4byte	0x53
 459 0097 02       		.uleb128 0x2
 460 0098 04       		.byte	0x4
 461 0099 07       		.byte	0x7
 462 009a 63020000 		.4byte	.LASF13
 463 009e 03       		.uleb128 0x3
 464 009f 28010000 		.4byte	.LASF14
 465 00a3 01       		.byte	0x1
 466 00a4 2C       		.byte	0x2c
 467 00a5 A9000000 		.4byte	0xa9
 468 00a9 05       		.uleb128 0x5
 469 00aa 04       		.byte	0x4
 470 00ab AF000000 		.4byte	0xaf
 471 00af 06       		.uleb128 0x6
 472 00b0 07       		.uleb128 0x7
 473 00b1 C001     		.2byte	0x1c0
 474 00b3 01       		.byte	0x1
 475 00b4 31       		.byte	0x31
 476 00b5 86010000 		.4byte	0x186
 477 00b9 08       		.uleb128 0x8
 478 00ba 7A010000 		.4byte	.LASF15
 479 00be 01       		.byte	0x1
 480 00bf 32       		.byte	0x32
 481 00c0 86010000 		.4byte	0x186
 482 00c4 00       		.byte	0
 483 00c5 08       		.uleb128 0x8
 484 00c6 55020000 		.4byte	.LASF16
 485 00ca 01       		.byte	0x1
 486 00cb 33       		.byte	0x33
 487 00cc 9E000000 		.4byte	0x9e
 488 00d0 04       		.byte	0x4
 489 00d1 08       		.uleb128 0x8
 490 00d2 01020000 		.4byte	.LASF17
 491 00d6 01       		.byte	0x1
 492 00d7 34       		.byte	0x34
 493 00d8 9E000000 		.4byte	0x9e
 494 00dc 08       		.byte	0x8
 495 00dd 08       		.uleb128 0x8
 496 00de E4010000 		.4byte	.LASF18
 497 00e2 01       		.byte	0x1
 498 00e3 35       		.byte	0x35
 499 00e4 9E000000 		.4byte	0x9e
 500 00e8 0C       		.byte	0xc
 501 00e9 08       		.uleb128 0x8
 502 00ea D7020000 		.4byte	.LASF19
 503 00ee 01       		.byte	0x1
 504 00ef 36       		.byte	0x36
 505 00f0 9E000000 		.4byte	0x9e
 506 00f4 10       		.byte	0x10
 507 00f5 08       		.uleb128 0x8
 508 00f6 8D020000 		.4byte	.LASF20
 509 00fa 01       		.byte	0x1
 510 00fb 37       		.byte	0x37
ARM GAS  C:\Users\jo\AppData\Local\Temp\cc3HBMXC.s 			page 10


 511 00fc 9E000000 		.4byte	0x9e
 512 0100 14       		.byte	0x14
 513 0101 08       		.uleb128 0x8
 514 0102 6C020000 		.4byte	.LASF21
 515 0106 01       		.byte	0x1
 516 0107 38       		.byte	0x38
 517 0108 9E000000 		.4byte	0x9e
 518 010c 18       		.byte	0x18
 519 010d 08       		.uleb128 0x8
 520 010e DB010000 		.4byte	.LASF22
 521 0112 01       		.byte	0x1
 522 0113 39       		.byte	0x39
 523 0114 9E000000 		.4byte	0x9e
 524 0118 1C       		.byte	0x1c
 525 0119 08       		.uleb128 0x8
 526 011a 1A020000 		.4byte	.LASF23
 527 011e 01       		.byte	0x1
 528 011f 3A       		.byte	0x3a
 529 0120 9E000000 		.4byte	0x9e
 530 0124 20       		.byte	0x20
 531 0125 08       		.uleb128 0x8
 532 0126 3A020000 		.4byte	.LASF24
 533 012a 01       		.byte	0x1
 534 012b 3B       		.byte	0x3b
 535 012c 9E000000 		.4byte	0x9e
 536 0130 24       		.byte	0x24
 537 0131 08       		.uleb128 0x8
 538 0132 43020000 		.4byte	.LASF25
 539 0136 01       		.byte	0x1
 540 0137 3C       		.byte	0x3c
 541 0138 9E000000 		.4byte	0x9e
 542 013c 28       		.byte	0x28
 543 013d 08       		.uleb128 0x8
 544 013e C2010000 		.4byte	.LASF26
 545 0142 01       		.byte	0x1
 546 0143 3D       		.byte	0x3d
 547 0144 9E000000 		.4byte	0x9e
 548 0148 2C       		.byte	0x2c
 549 0149 08       		.uleb128 0x8
 550 014a 8D010000 		.4byte	.LASF27
 551 014e 01       		.byte	0x1
 552 014f 3E       		.byte	0x3e
 553 0150 9E000000 		.4byte	0x9e
 554 0154 30       		.byte	0x30
 555 0155 08       		.uleb128 0x8
 556 0156 35010000 		.4byte	.LASF28
 557 015a 01       		.byte	0x1
 558 015b 3F       		.byte	0x3f
 559 015c 9E000000 		.4byte	0x9e
 560 0160 34       		.byte	0x34
 561 0161 08       		.uleb128 0x8
 562 0162 3E010000 		.4byte	.LASF29
 563 0166 01       		.byte	0x1
 564 0167 40       		.byte	0x40
 565 0168 9E000000 		.4byte	0x9e
 566 016c 38       		.byte	0x38
 567 016d 08       		.uleb128 0x8
ARM GAS  C:\Users\jo\AppData\Local\Temp\cc3HBMXC.s 			page 11


 568 016e 57010000 		.4byte	.LASF30
 569 0172 01       		.byte	0x1
 570 0173 41       		.byte	0x41
 571 0174 9E000000 		.4byte	0x9e
 572 0178 3C       		.byte	0x3c
 573 0179 08       		.uleb128 0x8
 574 017a B3020000 		.4byte	.LASF31
 575 017e 01       		.byte	0x1
 576 017f 42       		.byte	0x42
 577 0180 8C010000 		.4byte	0x18c
 578 0184 40       		.byte	0x40
 579 0185 00       		.byte	0
 580 0186 05       		.uleb128 0x5
 581 0187 04       		.byte	0x4
 582 0188 8C000000 		.4byte	0x8c
 583 018c 09       		.uleb128 0x9
 584 018d 9E000000 		.4byte	0x9e
 585 0191 9C010000 		.4byte	0x19c
 586 0195 0A       		.uleb128 0xa
 587 0196 97000000 		.4byte	0x97
 588 019a 5F       		.byte	0x5f
 589 019b 00       		.byte	0
 590 019c 03       		.uleb128 0x3
 591 019d F5020000 		.4byte	.LASF32
 592 01a1 01       		.byte	0x1
 593 01a2 43       		.byte	0x43
 594 01a3 B0000000 		.4byte	0xb0
 595 01a7 0B       		.uleb128 0xb
 596 01a8 9E020000 		.4byte	.LASF39
 597 01ac 01       		.byte	0x1
 598 01ad 4D       		.byte	0x4d
 599 01ae 00000000 		.4byte	.LFB112
 600 01b2 02000000 		.4byte	.LFE112-.LFB112
 601 01b6 01       		.uleb128 0x1
 602 01b7 9C       		.byte	0x9c
 603 01b8 0C       		.uleb128 0xc
 604 01b9 CE010000 		.4byte	.LASF33
 605 01bd 04       		.byte	0x4
 606 01be A706     		.2byte	0x6a7
 607 01c0 C4010000 		.4byte	0x1c4
 608 01c4 0D       		.uleb128 0xd
 609 01c5 81000000 		.4byte	0x81
 610 01c9 0E       		.uleb128 0xe
 611 01ca 37030000 		.4byte	.LASF34
 612 01ce 01       		.byte	0x1
 613 01cf 55       		.byte	0x55
 614 01d0 8C000000 		.4byte	0x8c
 615 01d4 0F       		.uleb128 0xf
 616 01d5 4C020000 		.4byte	.LASF35
 617 01d9 01       		.byte	0x1
 618 01da D401     		.2byte	0x1d4
 619 01dc 9C010000 		.4byte	0x19c
 620 01e0 05       		.uleb128 0x5
 621 01e1 03       		.byte	0x3
 622 01e2 00000000 		.4byte	_vectors
 623 01e6 00       		.byte	0
 624              		.section	.debug_abbrev,"",%progbits
ARM GAS  C:\Users\jo\AppData\Local\Temp\cc3HBMXC.s 			page 12


 625              	.Ldebug_abbrev0:
 626 0000 01       		.uleb128 0x1
 627 0001 11       		.uleb128 0x11
 628 0002 01       		.byte	0x1
 629 0003 25       		.uleb128 0x25
 630 0004 0E       		.uleb128 0xe
 631 0005 13       		.uleb128 0x13
 632 0006 0B       		.uleb128 0xb
 633 0007 03       		.uleb128 0x3
 634 0008 0E       		.uleb128 0xe
 635 0009 1B       		.uleb128 0x1b
 636 000a 0E       		.uleb128 0xe
 637 000b 55       		.uleb128 0x55
 638 000c 17       		.uleb128 0x17
 639 000d 11       		.uleb128 0x11
 640 000e 01       		.uleb128 0x1
 641 000f 10       		.uleb128 0x10
 642 0010 17       		.uleb128 0x17
 643 0011 00       		.byte	0
 644 0012 00       		.byte	0
 645 0013 02       		.uleb128 0x2
 646 0014 24       		.uleb128 0x24
 647 0015 00       		.byte	0
 648 0016 0B       		.uleb128 0xb
 649 0017 0B       		.uleb128 0xb
 650 0018 3E       		.uleb128 0x3e
 651 0019 0B       		.uleb128 0xb
 652 001a 03       		.uleb128 0x3
 653 001b 0E       		.uleb128 0xe
 654 001c 00       		.byte	0
 655 001d 00       		.byte	0
 656 001e 03       		.uleb128 0x3
 657 001f 16       		.uleb128 0x16
 658 0020 00       		.byte	0
 659 0021 03       		.uleb128 0x3
 660 0022 0E       		.uleb128 0xe
 661 0023 3A       		.uleb128 0x3a
 662 0024 0B       		.uleb128 0xb
 663 0025 3B       		.uleb128 0x3b
 664 0026 0B       		.uleb128 0xb
 665 0027 49       		.uleb128 0x49
 666 0028 13       		.uleb128 0x13
 667 0029 00       		.byte	0
 668 002a 00       		.byte	0
 669 002b 04       		.uleb128 0x4
 670 002c 24       		.uleb128 0x24
 671 002d 00       		.byte	0
 672 002e 0B       		.uleb128 0xb
 673 002f 0B       		.uleb128 0xb
 674 0030 3E       		.uleb128 0x3e
 675 0031 0B       		.uleb128 0xb
 676 0032 03       		.uleb128 0x3
 677 0033 08       		.uleb128 0x8
 678 0034 00       		.byte	0
 679 0035 00       		.byte	0
 680 0036 05       		.uleb128 0x5
 681 0037 0F       		.uleb128 0xf
ARM GAS  C:\Users\jo\AppData\Local\Temp\cc3HBMXC.s 			page 13


 682 0038 00       		.byte	0
 683 0039 0B       		.uleb128 0xb
 684 003a 0B       		.uleb128 0xb
 685 003b 49       		.uleb128 0x49
 686 003c 13       		.uleb128 0x13
 687 003d 00       		.byte	0
 688 003e 00       		.byte	0
 689 003f 06       		.uleb128 0x6
 690 0040 15       		.uleb128 0x15
 691 0041 00       		.byte	0
 692 0042 27       		.uleb128 0x27
 693 0043 19       		.uleb128 0x19
 694 0044 00       		.byte	0
 695 0045 00       		.byte	0
 696 0046 07       		.uleb128 0x7
 697 0047 13       		.uleb128 0x13
 698 0048 01       		.byte	0x1
 699 0049 0B       		.uleb128 0xb
 700 004a 05       		.uleb128 0x5
 701 004b 3A       		.uleb128 0x3a
 702 004c 0B       		.uleb128 0xb
 703 004d 3B       		.uleb128 0x3b
 704 004e 0B       		.uleb128 0xb
 705 004f 01       		.uleb128 0x1
 706 0050 13       		.uleb128 0x13
 707 0051 00       		.byte	0
 708 0052 00       		.byte	0
 709 0053 08       		.uleb128 0x8
 710 0054 0D       		.uleb128 0xd
 711 0055 00       		.byte	0
 712 0056 03       		.uleb128 0x3
 713 0057 0E       		.uleb128 0xe
 714 0058 3A       		.uleb128 0x3a
 715 0059 0B       		.uleb128 0xb
 716 005a 3B       		.uleb128 0x3b
 717 005b 0B       		.uleb128 0xb
 718 005c 49       		.uleb128 0x49
 719 005d 13       		.uleb128 0x13
 720 005e 38       		.uleb128 0x38
 721 005f 0B       		.uleb128 0xb
 722 0060 00       		.byte	0
 723 0061 00       		.byte	0
 724 0062 09       		.uleb128 0x9
 725 0063 01       		.uleb128 0x1
 726 0064 01       		.byte	0x1
 727 0065 49       		.uleb128 0x49
 728 0066 13       		.uleb128 0x13
 729 0067 01       		.uleb128 0x1
 730 0068 13       		.uleb128 0x13
 731 0069 00       		.byte	0
 732 006a 00       		.byte	0
 733 006b 0A       		.uleb128 0xa
 734 006c 21       		.uleb128 0x21
 735 006d 00       		.byte	0
 736 006e 49       		.uleb128 0x49
 737 006f 13       		.uleb128 0x13
 738 0070 2F       		.uleb128 0x2f
ARM GAS  C:\Users\jo\AppData\Local\Temp\cc3HBMXC.s 			page 14


 739 0071 0B       		.uleb128 0xb
 740 0072 00       		.byte	0
 741 0073 00       		.byte	0
 742 0074 0B       		.uleb128 0xb
 743 0075 2E       		.uleb128 0x2e
 744 0076 00       		.byte	0
 745 0077 3F       		.uleb128 0x3f
 746 0078 19       		.uleb128 0x19
 747 0079 03       		.uleb128 0x3
 748 007a 0E       		.uleb128 0xe
 749 007b 3A       		.uleb128 0x3a
 750 007c 0B       		.uleb128 0xb
 751 007d 3B       		.uleb128 0x3b
 752 007e 0B       		.uleb128 0xb
 753 007f 27       		.uleb128 0x27
 754 0080 19       		.uleb128 0x19
 755 0081 11       		.uleb128 0x11
 756 0082 01       		.uleb128 0x1
 757 0083 12       		.uleb128 0x12
 758 0084 06       		.uleb128 0x6
 759 0085 40       		.uleb128 0x40
 760 0086 18       		.uleb128 0x18
 761 0087 9742     		.uleb128 0x2117
 762 0089 19       		.uleb128 0x19
 763 008a 00       		.byte	0
 764 008b 00       		.byte	0
 765 008c 0C       		.uleb128 0xc
 766 008d 34       		.uleb128 0x34
 767 008e 00       		.byte	0
 768 008f 03       		.uleb128 0x3
 769 0090 0E       		.uleb128 0xe
 770 0091 3A       		.uleb128 0x3a
 771 0092 0B       		.uleb128 0xb
 772 0093 3B       		.uleb128 0x3b
 773 0094 05       		.uleb128 0x5
 774 0095 49       		.uleb128 0x49
 775 0096 13       		.uleb128 0x13
 776 0097 3F       		.uleb128 0x3f
 777 0098 19       		.uleb128 0x19
 778 0099 3C       		.uleb128 0x3c
 779 009a 19       		.uleb128 0x19
 780 009b 00       		.byte	0
 781 009c 00       		.byte	0
 782 009d 0D       		.uleb128 0xd
 783 009e 35       		.uleb128 0x35
 784 009f 00       		.byte	0
 785 00a0 49       		.uleb128 0x49
 786 00a1 13       		.uleb128 0x13
 787 00a2 00       		.byte	0
 788 00a3 00       		.byte	0
 789 00a4 0E       		.uleb128 0xe
 790 00a5 34       		.uleb128 0x34
 791 00a6 00       		.byte	0
 792 00a7 03       		.uleb128 0x3
 793 00a8 0E       		.uleb128 0xe
 794 00a9 3A       		.uleb128 0x3a
 795 00aa 0B       		.uleb128 0xb
ARM GAS  C:\Users\jo\AppData\Local\Temp\cc3HBMXC.s 			page 15


 796 00ab 3B       		.uleb128 0x3b
 797 00ac 0B       		.uleb128 0xb
 798 00ad 49       		.uleb128 0x49
 799 00ae 13       		.uleb128 0x13
 800 00af 3F       		.uleb128 0x3f
 801 00b0 19       		.uleb128 0x19
 802 00b1 3C       		.uleb128 0x3c
 803 00b2 19       		.uleb128 0x19
 804 00b3 00       		.byte	0
 805 00b4 00       		.byte	0
 806 00b5 0F       		.uleb128 0xf
 807 00b6 34       		.uleb128 0x34
 808 00b7 00       		.byte	0
 809 00b8 03       		.uleb128 0x3
 810 00b9 0E       		.uleb128 0xe
 811 00ba 3A       		.uleb128 0x3a
 812 00bb 0B       		.uleb128 0xb
 813 00bc 3B       		.uleb128 0x3b
 814 00bd 05       		.uleb128 0x5
 815 00be 49       		.uleb128 0x49
 816 00bf 13       		.uleb128 0x13
 817 00c0 3F       		.uleb128 0x3f
 818 00c1 19       		.uleb128 0x19
 819 00c2 02       		.uleb128 0x2
 820 00c3 18       		.uleb128 0x18
 821 00c4 00       		.byte	0
 822 00c5 00       		.byte	0
 823 00c6 00       		.byte	0
 824              		.section	.debug_aranges,"",%progbits
 825 0000 1C000000 		.4byte	0x1c
 826 0004 0200     		.2byte	0x2
 827 0006 00000000 		.4byte	.Ldebug_info0
 828 000a 04       		.byte	0x4
 829 000b 00       		.byte	0
 830 000c 0000     		.2byte	0
 831 000e 0000     		.2byte	0
 832 0010 00000000 		.4byte	.LFB112
 833 0014 02000000 		.4byte	.LFE112-.LFB112
 834 0018 00000000 		.4byte	0
 835 001c 00000000 		.4byte	0
 836              		.section	.debug_ranges,"",%progbits
 837              	.Ldebug_ranges0:
 838 0000 00000000 		.4byte	.LFB112
 839 0004 02000000 		.4byte	.LFE112
 840 0008 00000000 		.4byte	0
 841 000c 00000000 		.4byte	0
 842              		.section	.debug_line,"",%progbits
 843              	.Ldebug_line0:
 844 0000 4F010000 		.section	.debug_str,"MS",%progbits,1
 844      02003401 
 844      00000201 
 844      FB0E0D00 
 844      01010101 
 845              	.LASF38:
 846 0000 433A5C55 		.ascii	"C:\\Users\\jo\\Documents\\GitHub\\ChibiOS\\demos\\S"
 846      73657273 
 846      5C6A6F5C 
ARM GAS  C:\Users\jo\AppData\Local\Temp\cc3HBMXC.s 			page 16


 846      446F6375 
 846      6D656E74 
 847 002c 544D3332 		.ascii	"TM32\\RT-STM32F407-DISCOVERY-uHttp\000"
 847      5C52542D 
 847      53544D33 
 847      32463430 
 847      372D4449 
 848              	.LASF36:
 849 004e 474E5520 		.ascii	"GNU C 4.9.3 20141119 (release) [ARM/embedded-4_9-br"
 849      4320342E 
 849      392E3320 
 849      32303134 
 849      31313139 
 850 0081 616E6368 		.ascii	"anch revision 218278] -mcpu=cortex-m4 -mno-thumb-in"
 850      20726576 
 850      6973696F 
 850      6E203231 
 850      38323738 
 851 00b4 74657277 		.ascii	"terwork -mthumb -ggdb -O2 -fomit-frame-pointer -fal"
 851      6F726B20 
 851      2D6D7468 
 851      756D6220 
 851      2D676764 
 852 00e7 69676E2D 		.ascii	"ign-functions=16 -ffunction-sections -fdata-section"
 852      66756E63 
 852      74696F6E 
 852      733D3136 
 852      202D6666 
 853 011a 73202D66 		.ascii	"s -fno-common\000"
 853      6E6F2D63 
 853      6F6D6D6F 
 853      6E00
 854              	.LASF14:
 855 0128 6972715F 		.ascii	"irq_vector_t\000"
 855      76656374 
 855      6F725F74 
 855      00
 856              	.LASF28:
 857 0135 76656374 		.ascii	"vector34\000"
 857      6F723334 
 857      00
 858              	.LASF29:
 859 013e 70656E64 		.ascii	"pendsv_handler\000"
 859      73765F68 
 859      616E646C 
 859      657200
 860              	.LASF5:
 861 014d 5F5F696E 		.ascii	"__int32_t\000"
 861      7433325F 
 861      7400
 862              	.LASF30:
 863 0157 73797374 		.ascii	"systick_handler\000"
 863      69636B5F 
 863      68616E64 
 863      6C657200 
 864              	.LASF3:
 865 0167 73686F72 		.ascii	"short unsigned int\000"
ARM GAS  C:\Users\jo\AppData\Local\Temp\cc3HBMXC.s 			page 17


 865      7420756E 
 865      7369676E 
 865      65642069 
 865      6E7400
 866              	.LASF15:
 867 017a 696E6974 		.ascii	"init_stack\000"
 867      5F737461 
 867      636B00
 868              	.LASF11:
 869 0185 696E7433 		.ascii	"int32_t\000"
 869      325F7400 
 870              	.LASF27:
 871 018d 64656275 		.ascii	"debugmonitor_handler\000"
 871      676D6F6E 
 871      69746F72 
 871      5F68616E 
 871      646C6572 
 872              	.LASF1:
 873 01a2 756E7369 		.ascii	"unsigned char\000"
 873      676E6564 
 873      20636861 
 873      7200
 874              	.LASF7:
 875 01b0 6C6F6E67 		.ascii	"long unsigned int\000"
 875      20756E73 
 875      69676E65 
 875      6420696E 
 875      7400
 876              	.LASF26:
 877 01c2 7376635F 		.ascii	"svc_handler\000"
 877      68616E64 
 877      6C657200 
 878              	.LASF33:
 879 01ce 49544D5F 		.ascii	"ITM_RxBuffer\000"
 879      52784275 
 879      66666572 
 879      00
 880              	.LASF22:
 881 01db 76656374 		.ascii	"vector1c\000"
 881      6F723163 
 881      00
 882              	.LASF18:
 883 01e4 68617264 		.ascii	"hardfault_handler\000"
 883      6661756C 
 883      745F6861 
 883      6E646C65 
 883      7200
 884              	.LASF6:
 885 01f6 5F5F7569 		.ascii	"__uint32_t\000"
 885      6E743332 
 885      5F7400
 886              	.LASF17:
 887 0201 6E6D695F 		.ascii	"nmi_handler\000"
 887      68616E64 
 887      6C657200 
 888              	.LASF10:
 889 020d 756E7369 		.ascii	"unsigned int\000"
ARM GAS  C:\Users\jo\AppData\Local\Temp\cc3HBMXC.s 			page 18


 889      676E6564 
 889      20696E74 
 889      00
 890              	.LASF23:
 891 021a 76656374 		.ascii	"vector20\000"
 891      6F723230 
 891      00
 892              	.LASF9:
 893 0223 6C6F6E67 		.ascii	"long long unsigned int\000"
 893      206C6F6E 
 893      6720756E 
 893      7369676E 
 893      65642069 
 894              	.LASF24:
 895 023a 76656374 		.ascii	"vector24\000"
 895      6F723234 
 895      00
 896              	.LASF25:
 897 0243 76656374 		.ascii	"vector28\000"
 897      6F723238 
 897      00
 898              	.LASF35:
 899 024c 5F766563 		.ascii	"_vectors\000"
 899      746F7273 
 899      00
 900              	.LASF16:
 901 0255 72657365 		.ascii	"reset_handler\000"
 901      745F6861 
 901      6E646C65 
 901      7200
 902              	.LASF13:
 903 0263 73697A65 		.ascii	"sizetype\000"
 903      74797065 
 903      00
 904              	.LASF21:
 905 026c 75736167 		.ascii	"usagefault_handler\000"
 905      65666175 
 905      6C745F68 
 905      616E646C 
 905      657200
 906              	.LASF8:
 907 027f 6C6F6E67 		.ascii	"long long int\000"
 907      206C6F6E 
 907      6720696E 
 907      7400
 908              	.LASF20:
 909 028d 62757366 		.ascii	"busfault_handler\000"
 909      61756C74 
 909      5F68616E 
 909      646C6572 
 909      00
 910              	.LASF39:
 911 029e 5F756E68 		.ascii	"_unhandled_exception\000"
 911      616E646C 
 911      65645F65 
 911      78636570 
 911      74696F6E 
ARM GAS  C:\Users\jo\AppData\Local\Temp\cc3HBMXC.s 			page 19


 912              	.LASF31:
 913 02b3 76656374 		.ascii	"vectors\000"
 913      6F727300 
 914              	.LASF2:
 915 02bb 73686F72 		.ascii	"short int\000"
 915      7420696E 
 915      7400
 916              	.LASF12:
 917 02c5 75696E74 		.ascii	"uint32_t\000"
 917      33325F74 
 917      00
 918              	.LASF4:
 919 02ce 6C6F6E67 		.ascii	"long int\000"
 919      20696E74 
 919      00
 920              	.LASF19:
 921 02d7 6D656D6D 		.ascii	"memmanage_handler\000"
 921      616E6167 
 921      655F6861 
 921      6E646C65 
 921      7200
 922              	.LASF0:
 923 02e9 7369676E 		.ascii	"signed char\000"
 923      65642063 
 923      68617200 
 924              	.LASF32:
 925 02f5 76656374 		.ascii	"vectors_t\000"
 925      6F72735F 
 925      7400
 926              	.LASF37:
 927 02ff 2E2E2F2E 		.ascii	"../../../os/common/ports/ARMCMx/compilers/GCC/vecto"
 927      2E2F2E2E 
 927      2F6F732F 
 927      636F6D6D 
 927      6F6E2F70 
 928 0332 72732E63 		.ascii	"rs.c\000"
 928      00
 929              	.LASF34:
 930 0337 5F5F6D61 		.ascii	"__main_stack_end__\000"
 930      696E5F73 
 930      7461636B 
 930      5F656E64 
 930      5F5F00
 931              		.ident	"GCC: (GNU Tools for ARM Embedded Processors) 4.9.3 20141119 (release) [ARM/embedded-4_9-br
ARM GAS  C:\Users\jo\AppData\Local\Temp\cc3HBMXC.s 			page 20


DEFINED SYMBOLS
                            *ABS*:00000000 vectors.c
C:\Users\jo\AppData\Local\Temp\cc3HBMXC.s:19     .text._unhandled_exception:00000000 $t
C:\Users\jo\AppData\Local\Temp\cc3HBMXC.s:25     .text._unhandled_exception:00000000 _unhandled_exception
C:\Users\jo\AppData\Local\Temp\cc3HBMXC.s:25     .text._unhandled_exception:00000000 Reset_Handler
C:\Users\jo\AppData\Local\Temp\cc3HBMXC.s:25     .text._unhandled_exception:00000000 NMI_Handler
C:\Users\jo\AppData\Local\Temp\cc3HBMXC.s:25     .text._unhandled_exception:00000000 HardFault_Handler
C:\Users\jo\AppData\Local\Temp\cc3HBMXC.s:25     .text._unhandled_exception:00000000 MemManage_Handler
C:\Users\jo\AppData\Local\Temp\cc3HBMXC.s:25     .text._unhandled_exception:00000000 BusFault_Handler
C:\Users\jo\AppData\Local\Temp\cc3HBMXC.s:25     .text._unhandled_exception:00000000 UsageFault_Handler
C:\Users\jo\AppData\Local\Temp\cc3HBMXC.s:25     .text._unhandled_exception:00000000 Vector1C
C:\Users\jo\AppData\Local\Temp\cc3HBMXC.s:25     .text._unhandled_exception:00000000 Vector20
C:\Users\jo\AppData\Local\Temp\cc3HBMXC.s:25     .text._unhandled_exception:00000000 Vector24
C:\Users\jo\AppData\Local\Temp\cc3HBMXC.s:25     .text._unhandled_exception:00000000 Vector28
C:\Users\jo\AppData\Local\Temp\cc3HBMXC.s:25     .text._unhandled_exception:00000000 SVC_Handler
C:\Users\jo\AppData\Local\Temp\cc3HBMXC.s:25     .text._unhandled_exception:00000000 DebugMon_Handler
C:\Users\jo\AppData\Local\Temp\cc3HBMXC.s:25     .text._unhandled_exception:00000000 Vector34
C:\Users\jo\AppData\Local\Temp\cc3HBMXC.s:25     .text._unhandled_exception:00000000 PendSV_Handler
C:\Users\jo\AppData\Local\Temp\cc3HBMXC.s:25     .text._unhandled_exception:00000000 SysTick_Handler
C:\Users\jo\AppData\Local\Temp\cc3HBMXC.s:25     .text._unhandled_exception:00000000 Vector40
C:\Users\jo\AppData\Local\Temp\cc3HBMXC.s:25     .text._unhandled_exception:00000000 Vector44
C:\Users\jo\AppData\Local\Temp\cc3HBMXC.s:25     .text._unhandled_exception:00000000 Vector48
C:\Users\jo\AppData\Local\Temp\cc3HBMXC.s:25     .text._unhandled_exception:00000000 Vector4C
C:\Users\jo\AppData\Local\Temp\cc3HBMXC.s:25     .text._unhandled_exception:00000000 Vector50
C:\Users\jo\AppData\Local\Temp\cc3HBMXC.s:25     .text._unhandled_exception:00000000 Vector54
C:\Users\jo\AppData\Local\Temp\cc3HBMXC.s:25     .text._unhandled_exception:00000000 Vector58
C:\Users\jo\AppData\Local\Temp\cc3HBMXC.s:25     .text._unhandled_exception:00000000 Vector5C
C:\Users\jo\AppData\Local\Temp\cc3HBMXC.s:25     .text._unhandled_exception:00000000 Vector60
C:\Users\jo\AppData\Local\Temp\cc3HBMXC.s:25     .text._unhandled_exception:00000000 Vector64
C:\Users\jo\AppData\Local\Temp\cc3HBMXC.s:25     .text._unhandled_exception:00000000 Vector68
C:\Users\jo\AppData\Local\Temp\cc3HBMXC.s:25     .text._unhandled_exception:00000000 Vector6C
C:\Users\jo\AppData\Local\Temp\cc3HBMXC.s:25     .text._unhandled_exception:00000000 Vector70
C:\Users\jo\AppData\Local\Temp\cc3HBMXC.s:25     .text._unhandled_exception:00000000 Vector74
C:\Users\jo\AppData\Local\Temp\cc3HBMXC.s:25     .text._unhandled_exception:00000000 Vector78
C:\Users\jo\AppData\Local\Temp\cc3HBMXC.s:25     .text._unhandled_exception:00000000 Vector7C
C:\Users\jo\AppData\Local\Temp\cc3HBMXC.s:25     .text._unhandled_exception:00000000 Vector80
C:\Users\jo\AppData\Local\Temp\cc3HBMXC.s:25     .text._unhandled_exception:00000000 Vector84
C:\Users\jo\AppData\Local\Temp\cc3HBMXC.s:25     .text._unhandled_exception:00000000 Vector88
C:\Users\jo\AppData\Local\Temp\cc3HBMXC.s:25     .text._unhandled_exception:00000000 Vector8C
C:\Users\jo\AppData\Local\Temp\cc3HBMXC.s:25     .text._unhandled_exception:00000000 Vector90
C:\Users\jo\AppData\Local\Temp\cc3HBMXC.s:25     .text._unhandled_exception:00000000 Vector94
C:\Users\jo\AppData\Local\Temp\cc3HBMXC.s:25     .text._unhandled_exception:00000000 Vector98
C:\Users\jo\AppData\Local\Temp\cc3HBMXC.s:25     .text._unhandled_exception:00000000 Vector9C
C:\Users\jo\AppData\Local\Temp\cc3HBMXC.s:25     .text._unhandled_exception:00000000 VectorA0
C:\Users\jo\AppData\Local\Temp\cc3HBMXC.s:25     .text._unhandled_exception:00000000 VectorA4
C:\Users\jo\AppData\Local\Temp\cc3HBMXC.s:25     .text._unhandled_exception:00000000 VectorA8
C:\Users\jo\AppData\Local\Temp\cc3HBMXC.s:25     .text._unhandled_exception:00000000 VectorAC
C:\Users\jo\AppData\Local\Temp\cc3HBMXC.s:25     .text._unhandled_exception:00000000 VectorB0
C:\Users\jo\AppData\Local\Temp\cc3HBMXC.s:25     .text._unhandled_exception:00000000 VectorB4
C:\Users\jo\AppData\Local\Temp\cc3HBMXC.s:25     .text._unhandled_exception:00000000 VectorB8
C:\Users\jo\AppData\Local\Temp\cc3HBMXC.s:25     .text._unhandled_exception:00000000 VectorBC
C:\Users\jo\AppData\Local\Temp\cc3HBMXC.s:25     .text._unhandled_exception:00000000 VectorC0
C:\Users\jo\AppData\Local\Temp\cc3HBMXC.s:25     .text._unhandled_exception:00000000 VectorC4
C:\Users\jo\AppData\Local\Temp\cc3HBMXC.s:25     .text._unhandled_exception:00000000 VectorC8
C:\Users\jo\AppData\Local\Temp\cc3HBMXC.s:25     .text._unhandled_exception:00000000 VectorCC
C:\Users\jo\AppData\Local\Temp\cc3HBMXC.s:25     .text._unhandled_exception:00000000 VectorD0
C:\Users\jo\AppData\Local\Temp\cc3HBMXC.s:25     .text._unhandled_exception:00000000 VectorD4
ARM GAS  C:\Users\jo\AppData\Local\Temp\cc3HBMXC.s 			page 21


C:\Users\jo\AppData\Local\Temp\cc3HBMXC.s:25     .text._unhandled_exception:00000000 VectorD8
C:\Users\jo\AppData\Local\Temp\cc3HBMXC.s:25     .text._unhandled_exception:00000000 VectorDC
C:\Users\jo\AppData\Local\Temp\cc3HBMXC.s:25     .text._unhandled_exception:00000000 VectorE0
C:\Users\jo\AppData\Local\Temp\cc3HBMXC.s:25     .text._unhandled_exception:00000000 VectorE4
C:\Users\jo\AppData\Local\Temp\cc3HBMXC.s:25     .text._unhandled_exception:00000000 VectorE8
C:\Users\jo\AppData\Local\Temp\cc3HBMXC.s:25     .text._unhandled_exception:00000000 VectorEC
C:\Users\jo\AppData\Local\Temp\cc3HBMXC.s:25     .text._unhandled_exception:00000000 VectorF0
C:\Users\jo\AppData\Local\Temp\cc3HBMXC.s:25     .text._unhandled_exception:00000000 VectorF4
C:\Users\jo\AppData\Local\Temp\cc3HBMXC.s:25     .text._unhandled_exception:00000000 VectorF8
C:\Users\jo\AppData\Local\Temp\cc3HBMXC.s:25     .text._unhandled_exception:00000000 VectorFC
C:\Users\jo\AppData\Local\Temp\cc3HBMXC.s:25     .text._unhandled_exception:00000000 Vector100
C:\Users\jo\AppData\Local\Temp\cc3HBMXC.s:25     .text._unhandled_exception:00000000 Vector104
C:\Users\jo\AppData\Local\Temp\cc3HBMXC.s:25     .text._unhandled_exception:00000000 Vector108
C:\Users\jo\AppData\Local\Temp\cc3HBMXC.s:25     .text._unhandled_exception:00000000 Vector10C
C:\Users\jo\AppData\Local\Temp\cc3HBMXC.s:25     .text._unhandled_exception:00000000 Vector110
C:\Users\jo\AppData\Local\Temp\cc3HBMXC.s:25     .text._unhandled_exception:00000000 Vector114
C:\Users\jo\AppData\Local\Temp\cc3HBMXC.s:25     .text._unhandled_exception:00000000 Vector118
C:\Users\jo\AppData\Local\Temp\cc3HBMXC.s:25     .text._unhandled_exception:00000000 Vector11C
C:\Users\jo\AppData\Local\Temp\cc3HBMXC.s:25     .text._unhandled_exception:00000000 Vector120
C:\Users\jo\AppData\Local\Temp\cc3HBMXC.s:25     .text._unhandled_exception:00000000 Vector124
C:\Users\jo\AppData\Local\Temp\cc3HBMXC.s:25     .text._unhandled_exception:00000000 Vector128
C:\Users\jo\AppData\Local\Temp\cc3HBMXC.s:25     .text._unhandled_exception:00000000 Vector12C
C:\Users\jo\AppData\Local\Temp\cc3HBMXC.s:25     .text._unhandled_exception:00000000 Vector130
C:\Users\jo\AppData\Local\Temp\cc3HBMXC.s:25     .text._unhandled_exception:00000000 Vector134
C:\Users\jo\AppData\Local\Temp\cc3HBMXC.s:25     .text._unhandled_exception:00000000 Vector138
C:\Users\jo\AppData\Local\Temp\cc3HBMXC.s:25     .text._unhandled_exception:00000000 Vector13C
C:\Users\jo\AppData\Local\Temp\cc3HBMXC.s:25     .text._unhandled_exception:00000000 Vector140
C:\Users\jo\AppData\Local\Temp\cc3HBMXC.s:25     .text._unhandled_exception:00000000 Vector144
C:\Users\jo\AppData\Local\Temp\cc3HBMXC.s:25     .text._unhandled_exception:00000000 Vector148
C:\Users\jo\AppData\Local\Temp\cc3HBMXC.s:25     .text._unhandled_exception:00000000 Vector14C
C:\Users\jo\AppData\Local\Temp\cc3HBMXC.s:25     .text._unhandled_exception:00000000 Vector150
C:\Users\jo\AppData\Local\Temp\cc3HBMXC.s:25     .text._unhandled_exception:00000000 Vector154
C:\Users\jo\AppData\Local\Temp\cc3HBMXC.s:25     .text._unhandled_exception:00000000 Vector158
C:\Users\jo\AppData\Local\Temp\cc3HBMXC.s:25     .text._unhandled_exception:00000000 Vector15C
C:\Users\jo\AppData\Local\Temp\cc3HBMXC.s:25     .text._unhandled_exception:00000000 Vector160
C:\Users\jo\AppData\Local\Temp\cc3HBMXC.s:25     .text._unhandled_exception:00000000 Vector164
C:\Users\jo\AppData\Local\Temp\cc3HBMXC.s:25     .text._unhandled_exception:00000000 Vector168
C:\Users\jo\AppData\Local\Temp\cc3HBMXC.s:25     .text._unhandled_exception:00000000 Vector16C
C:\Users\jo\AppData\Local\Temp\cc3HBMXC.s:25     .text._unhandled_exception:00000000 Vector170
C:\Users\jo\AppData\Local\Temp\cc3HBMXC.s:25     .text._unhandled_exception:00000000 Vector174
C:\Users\jo\AppData\Local\Temp\cc3HBMXC.s:25     .text._unhandled_exception:00000000 Vector178
C:\Users\jo\AppData\Local\Temp\cc3HBMXC.s:25     .text._unhandled_exception:00000000 Vector17C
C:\Users\jo\AppData\Local\Temp\cc3HBMXC.s:25     .text._unhandled_exception:00000000 Vector180
C:\Users\jo\AppData\Local\Temp\cc3HBMXC.s:25     .text._unhandled_exception:00000000 Vector184
C:\Users\jo\AppData\Local\Temp\cc3HBMXC.s:25     .text._unhandled_exception:00000000 Vector188
C:\Users\jo\AppData\Local\Temp\cc3HBMXC.s:25     .text._unhandled_exception:00000000 Vector18C
C:\Users\jo\AppData\Local\Temp\cc3HBMXC.s:25     .text._unhandled_exception:00000000 Vector190
C:\Users\jo\AppData\Local\Temp\cc3HBMXC.s:25     .text._unhandled_exception:00000000 Vector194
C:\Users\jo\AppData\Local\Temp\cc3HBMXC.s:25     .text._unhandled_exception:00000000 Vector198
C:\Users\jo\AppData\Local\Temp\cc3HBMXC.s:25     .text._unhandled_exception:00000000 Vector19C
C:\Users\jo\AppData\Local\Temp\cc3HBMXC.s:25     .text._unhandled_exception:00000000 Vector1A0
C:\Users\jo\AppData\Local\Temp\cc3HBMXC.s:25     .text._unhandled_exception:00000000 Vector1A4
C:\Users\jo\AppData\Local\Temp\cc3HBMXC.s:25     .text._unhandled_exception:00000000 Vector1A8
C:\Users\jo\AppData\Local\Temp\cc3HBMXC.s:25     .text._unhandled_exception:00000000 Vector1AC
C:\Users\jo\AppData\Local\Temp\cc3HBMXC.s:25     .text._unhandled_exception:00000000 Vector1B0
C:\Users\jo\AppData\Local\Temp\cc3HBMXC.s:25     .text._unhandled_exception:00000000 Vector1B4
C:\Users\jo\AppData\Local\Temp\cc3HBMXC.s:25     .text._unhandled_exception:00000000 Vector1B8
ARM GAS  C:\Users\jo\AppData\Local\Temp\cc3HBMXC.s 			page 22


C:\Users\jo\AppData\Local\Temp\cc3HBMXC.s:25     .text._unhandled_exception:00000000 Vector1BC
C:\Users\jo\AppData\Local\Temp\cc3HBMXC.s:267    .vectors:00000000 _vectors
C:\Users\jo\AppData\Local\Temp\cc3HBMXC.s:264    .vectors:00000000 $d
                     .debug_frame:00000010 $d

UNDEFINED SYMBOLS
__main_stack_end__
