ARM GAS  C:\Users\jo\AppData\Local\Temp\ccsMx4qh.s 			page 1


   1              		.syntax unified
   2              		.cpu cortex-m4
   3              		.fpu softvfp
   4              		.eabi_attribute 20, 1
   5              		.eabi_attribute 21, 1
   6              		.eabi_attribute 23, 3
   7              		.eabi_attribute 24, 1
   8              		.eabi_attribute 25, 1
   9              		.eabi_attribute 26, 1
  10              		.eabi_attribute 30, 2
  11              		.eabi_attribute 34, 1
  12              		.eabi_attribute 18, 4
  13              		.thumb
  14              		.file	"board.c"
  15              		.text
  16              	.Ltext0:
  17              		.cfi_sections	.debug_frame
  18              		.section	.text.__early_init,"ax",%progbits
  19              		.align	2
  20              		.p2align 4,,15
  21              		.global	__early_init
  22              		.thumb
  23              		.thumb_func
  24              		.type	__early_init, %function
  25              	__early_init:
  26              	.LFB255:
  27              		.file 1 "../../../os/hal/boards/ST_STM32F4_DISCOVERY/board.c"
  28              		.loc 1 70 0
  29              		.cfi_startproc
  30              		@ args = 0, pretend = 0, frame = 0
  31              		@ frame_needed = 0, uses_anonymous_args = 0
  32              		@ link register save eliminated.
  33              		.loc 1 72 0
  34 0000 FFF7FEBF 		b	stm32_clock_init
  35              	.LVL0:
  36              		.cfi_endproc
  37              	.LFE255:
  38              		.size	__early_init, .-__early_init
  39 0004 AFF30080 		.section	.text.boardInit,"ax",%progbits
  39      AFF30080 
  39      AFF30080 
  40              		.align	2
  41              		.p2align 4,,15
  42              		.global	boardInit
  43              		.thumb
  44              		.thumb_func
  45              		.type	boardInit, %function
  46              	boardInit:
  47              	.LFB256:
  48              		.loc 1 123 0
  49              		.cfi_startproc
  50              		@ args = 0, pretend = 0, frame = 0
  51              		@ frame_needed = 0, uses_anonymous_args = 0
  52              		@ link register save eliminated.
  53 0000 7047     		bx	lr
  54              		.cfi_endproc
  55              	.LFE256:
ARM GAS  C:\Users\jo\AppData\Local\Temp\ccsMx4qh.s 			page 2


  56              		.size	boardInit, .-boardInit
  57              		.global	pal_default_config
  58 0002 00BFAFF3 		.section	.rodata.pal_default_config,"a",%progbits
  58      0080AFF3 
  58      0080AFF3 
  58      0080
  59              		.align	2
  60              		.type	pal_default_config, %object
  61              		.size	pal_default_config, 252
  62              	pal_default_config:
  63 0000 28AA822A 		.word	713206312
  64 0004 28002800 		.word	2621480
  65 0008 FFFFFFFF 		.word	-1
  66 000c 54000040 		.word	1073741908
  67 0010 FFFF0000 		.word	65535
  68 0014 B00B56B5 		.word	-1252652112
  69 0018 00000000 		.word	0
  70 001c 80200800 		.word	532608
  71 0020 40020000 		.word	576
  72 0024 FFFFFFFF 		.word	-1
  73 0028 15455155 		.word	1431389461
  74 002c FFFF0000 		.word	65535
  75 0030 00000004 		.word	67108864
  76 0034 40000000 		.word	64
  77 0038 09AAA500 		.word	10856969
  78 003c 00000000 		.word	0
  79 0040 FFFFFFFF 		.word	-1
  80 0044 50000054 		.word	1409286224
  81 0048 FFFC0000 		.word	64767
  82 004c B000BB88 		.word	-2001010512
  83 0050 00770600 		.word	423680
  84 0054 00010055 		.word	1426063616
  85 0058 00000000 		.word	0
  86 005c FFFFFFFF 		.word	-1
  87 0060 55501500 		.word	1396821
  88 0064 FF0F0000 		.word	4095
  89 0068 00000000 		.word	0
  90 006c 00000000 		.word	0
  91 0070 40000000 		.word	64
  92 0074 00000000 		.word	0
  93 0078 FFFFFFFF 		.word	-1
  94 007c 00000000 		.word	0
  95 0080 FFFF0000 		.word	65535
  96 0084 00000000 		.word	0
  97 0088 00000000 		.word	0
  98 008c 00000000 		.word	0
  99 0090 00000000 		.word	0
 100 0094 FFFFFFFF 		.word	-1
 101 0098 00000000 		.word	0
 102 009c FFFF0000 		.word	65535
 103 00a0 00000000 		.word	0
 104 00a4 00000000 		.word	0
 105 00a8 00108128 		.word	679546880
 106 00ac 00000000 		.word	0
 107 00b0 FFFFFFFF 		.word	-1
 108 00b4 00004014 		.word	339738624
 109 00b8 BFFE0000 		.word	65215
ARM GAS  C:\Users\jo\AppData\Local\Temp\ccsMx4qh.s 			page 3


 110 00bc 00000000 		.word	0
 111 00c0 00B0B00B 		.word	196128768
 112 00c4 00000000 		.word	0
 113 00c8 00000000 		.word	0
 114 00cc FFFFFFFF 		.word	-1
 115 00d0 00000000 		.word	0
 116 00d4 FFFF0000 		.word	65535
 117 00d8 00000000 		.word	0
 118 00dc 00000000 		.word	0
 119 00e0 00000400 		.word	262144
 120 00e4 00000000 		.word	0
 121 00e8 FFFFFFFF 		.word	-1
 122 00ec 00000000 		.word	0
 123 00f0 FFFD0000 		.word	65023
 124 00f4 00000000 		.word	0
 125 00f8 00000000 		.word	0
 126              		.text
 127              	.Letext0:
 128              		.file 2 "c:\\program files\\gnu tools arm embedded\\4.9 2014q4\\lib\\gcc\\arm-none-eabi\\4.9.3\\in
 129              		.file 3 "c:\\program files\\gnu tools arm embedded\\4.9 2014q4\\arm-none-eabi\\include\\machine\\_
 130              		.file 4 "c:\\program files\\gnu tools arm embedded\\4.9 2014q4\\arm-none-eabi\\include\\stdint.h"
 131              		.file 5 "../../../os/rt/ports/ARMCMx/compilers/GCC/chtypes.h"
 132              		.file 6 "../../../os/rt/include/chsystypes.h"
 133              		.file 7 "../../../os/rt/include/chschd.h"
 134              		.file 8 "../../../os/rt/ports/ARMCMx/chcore.h"
 135              		.file 9 "../../../os/rt/ports/ARMCMx/chcore_v7m.h"
 136              		.file 10 "../../../os/rt/include/chdebug.h"
 137              		.file 11 "../../../os/rt/include/chtm.h"
 138              		.file 12 "../../../os/rt/include/chstats.h"
 139              		.file 13 "../../../os/rt/include/chmtx.h"
 140              		.file 14 "../../../os/hal/ports/STM32/LLD/GPIOv2/pal_lld.h"
 141              		.file 15 "../../../os/ext/CMSIS/include/core_cm4.h"
 142              		.file 16 "../../../os/hal/ports/STM32/STM32F4xx/hal_lld.h"
 143              		.section	.debug_info,"",%progbits
 144              	.Ldebug_info0:
 145 0000 A9080000 		.4byte	0x8a9
 146 0004 0400     		.2byte	0x4
 147 0006 00000000 		.4byte	.Ldebug_abbrev0
 148 000a 04       		.byte	0x4
 149 000b 01       		.uleb128 0x1
 150 000c 59030000 		.4byte	.LASF142
 151 0010 01       		.byte	0x1
 152 0011 36000000 		.4byte	.LASF143
 153 0015 55010000 		.4byte	.LASF144
 154 0019 00000000 		.4byte	.Ldebug_ranges0+0
 155 001d 00000000 		.4byte	0
 156 0021 00000000 		.4byte	.Ldebug_line0
 157 0025 02       		.uleb128 0x2
 158 0026 04       		.byte	0x4
 159 0027 05       		.byte	0x5
 160 0028 696E7400 		.ascii	"int\000"
 161 002c 03       		.uleb128 0x3
 162 002d 2F000000 		.4byte	.LASF2
 163 0031 02       		.byte	0x2
 164 0032 D4       		.byte	0xd4
 165 0033 37000000 		.4byte	0x37
 166 0037 04       		.uleb128 0x4
ARM GAS  C:\Users\jo\AppData\Local\Temp\ccsMx4qh.s 			page 4


 167 0038 04       		.byte	0x4
 168 0039 07       		.byte	0x7
 169 003a 85020000 		.4byte	.LASF0
 170 003e 04       		.uleb128 0x4
 171 003f 01       		.byte	0x1
 172 0040 06       		.byte	0x6
 173 0041 B1010000 		.4byte	.LASF1
 174 0045 03       		.uleb128 0x3
 175 0046 80000000 		.4byte	.LASF3
 176 004a 03       		.byte	0x3
 177 004b 1D       		.byte	0x1d
 178 004c 50000000 		.4byte	0x50
 179 0050 04       		.uleb128 0x4
 180 0051 01       		.byte	0x1
 181 0052 08       		.byte	0x8
 182 0053 24050000 		.4byte	.LASF4
 183 0057 04       		.uleb128 0x4
 184 0058 02       		.byte	0x2
 185 0059 05       		.byte	0x5
 186 005a 41050000 		.4byte	.LASF5
 187 005e 04       		.uleb128 0x4
 188 005f 02       		.byte	0x2
 189 0060 07       		.byte	0x7
 190 0061 D1020000 		.4byte	.LASF6
 191 0065 03       		.uleb128 0x3
 192 0066 48030000 		.4byte	.LASF7
 193 006a 03       		.byte	0x3
 194 006b 3F       		.byte	0x3f
 195 006c 70000000 		.4byte	0x70
 196 0070 04       		.uleb128 0x4
 197 0071 04       		.byte	0x4
 198 0072 05       		.byte	0x5
 199 0073 DD010000 		.4byte	.LASF8
 200 0077 03       		.uleb128 0x3
 201 0078 20060000 		.4byte	.LASF9
 202 007c 03       		.byte	0x3
 203 007d 41       		.byte	0x41
 204 007e 82000000 		.4byte	0x82
 205 0082 04       		.uleb128 0x4
 206 0083 04       		.byte	0x4
 207 0084 07       		.byte	0x7
 208 0085 D6050000 		.4byte	.LASF10
 209 0089 04       		.uleb128 0x4
 210 008a 08       		.byte	0x8
 211 008b 05       		.byte	0x5
 212 008c A3010000 		.4byte	.LASF11
 213 0090 03       		.uleb128 0x3
 214 0091 C0040000 		.4byte	.LASF12
 215 0095 03       		.byte	0x3
 216 0096 5B       		.byte	0x5b
 217 0097 9B000000 		.4byte	0x9b
 218 009b 04       		.uleb128 0x4
 219 009c 08       		.byte	0x8
 220 009d 07       		.byte	0x7
 221 009e D6000000 		.4byte	.LASF13
 222 00a2 03       		.uleb128 0x3
 223 00a3 89060000 		.4byte	.LASF14
ARM GAS  C:\Users\jo\AppData\Local\Temp\ccsMx4qh.s 			page 5


 224 00a7 04       		.byte	0x4
 225 00a8 15       		.byte	0x15
 226 00a9 45000000 		.4byte	0x45
 227 00ad 03       		.uleb128 0x3
 228 00ae 1C050000 		.4byte	.LASF15
 229 00b2 04       		.byte	0x4
 230 00b3 2C       		.byte	0x2c
 231 00b4 65000000 		.4byte	0x65
 232 00b8 03       		.uleb128 0x3
 233 00b9 AC050000 		.4byte	.LASF16
 234 00bd 04       		.byte	0x4
 235 00be 2D       		.byte	0x2d
 236 00bf 77000000 		.4byte	0x77
 237 00c3 03       		.uleb128 0x3
 238 00c4 6A000000 		.4byte	.LASF17
 239 00c8 04       		.byte	0x4
 240 00c9 39       		.byte	0x39
 241 00ca 90000000 		.4byte	0x90
 242 00ce 05       		.uleb128 0x5
 243 00cf AD000000 		.4byte	0xad
 244 00d3 03       		.uleb128 0x3
 245 00d4 44060000 		.4byte	.LASF18
 246 00d8 05       		.byte	0x5
 247 00d9 45       		.byte	0x45
 248 00da B8000000 		.4byte	0xb8
 249 00de 03       		.uleb128 0x3
 250 00df 45010000 		.4byte	.LASF19
 251 00e3 05       		.byte	0x5
 252 00e4 46       		.byte	0x46
 253 00e5 C3000000 		.4byte	0xc3
 254 00e9 03       		.uleb128 0x3
 255 00ea 1B030000 		.4byte	.LASF20
 256 00ee 05       		.byte	0x5
 257 00ef 48       		.byte	0x48
 258 00f0 A2000000 		.4byte	0xa2
 259 00f4 03       		.uleb128 0x3
 260 00f5 ED010000 		.4byte	.LASF21
 261 00f9 05       		.byte	0x5
 262 00fa 49       		.byte	0x49
 263 00fb A2000000 		.4byte	0xa2
 264 00ff 03       		.uleb128 0x3
 265 0100 D6040000 		.4byte	.LASF22
 266 0104 05       		.byte	0x5
 267 0105 4A       		.byte	0x4a
 268 0106 A2000000 		.4byte	0xa2
 269 010a 03       		.uleb128 0x3
 270 010b FF040000 		.4byte	.LASF23
 271 010f 05       		.byte	0x5
 272 0110 4C       		.byte	0x4c
 273 0111 B8000000 		.4byte	0xb8
 274 0115 03       		.uleb128 0x3
 275 0116 FD020000 		.4byte	.LASF24
 276 011a 05       		.byte	0x5
 277 011b 4D       		.byte	0x4d
 278 011c AD000000 		.4byte	0xad
 279 0120 03       		.uleb128 0x3
 280 0121 3C030000 		.4byte	.LASF25
ARM GAS  C:\Users\jo\AppData\Local\Temp\ccsMx4qh.s 			page 6


 281 0125 05       		.byte	0x5
 282 0126 4F       		.byte	0x4f
 283 0127 B8000000 		.4byte	0xb8
 284 012b 03       		.uleb128 0x3
 285 012c 74020000 		.4byte	.LASF26
 286 0130 05       		.byte	0x5
 287 0131 51       		.byte	0x51
 288 0132 AD000000 		.4byte	0xad
 289 0136 03       		.uleb128 0x3
 290 0137 08030000 		.4byte	.LASF27
 291 013b 05       		.byte	0x5
 292 013c 52       		.byte	0x52
 293 013d B8000000 		.4byte	0xb8
 294 0141 03       		.uleb128 0x3
 295 0142 02060000 		.4byte	.LASF28
 296 0146 06       		.byte	0x6
 297 0147 33       		.byte	0x33
 298 0148 B8000000 		.4byte	0xb8
 299 014c 03       		.uleb128 0x3
 300 014d ED050000 		.4byte	.LASF29
 301 0151 06       		.byte	0x6
 302 0152 3F       		.byte	0x3f
 303 0153 57010000 		.4byte	0x157
 304 0157 06       		.uleb128 0x6
 305 0158 F3020000 		.4byte	.LASF50
 306 015c 60       		.byte	0x60
 307 015d 07       		.byte	0x7
 308 015e BE       		.byte	0xbe
 309 015f 5D020000 		.4byte	0x25d
 310 0163 07       		.uleb128 0x7
 311 0164 72050000 		.4byte	.LASF30
 312 0168 07       		.byte	0x7
 313 0169 BF       		.byte	0xbf
 314 016a A5050000 		.4byte	0x5a5
 315 016e 00       		.byte	0
 316 016f 07       		.uleb128 0x7
 317 0170 F8040000 		.4byte	.LASF31
 318 0174 07       		.byte	0x7
 319 0175 C1       		.byte	0xc1
 320 0176 A5050000 		.4byte	0x5a5
 321 017a 04       		.byte	0x4
 322 017b 07       		.uleb128 0x7
 323 017c 4E010000 		.4byte	.LASF32
 324 0180 07       		.byte	0x7
 325 0181 C3       		.byte	0xc3
 326 0182 0A010000 		.4byte	0x10a
 327 0186 08       		.byte	0x8
 328 0187 07       		.uleb128 0x7
 329 0188 F5060000 		.4byte	.LASF33
 330 018c 07       		.byte	0x7
 331 018d C4       		.byte	0xc4
 332 018e C0040000 		.4byte	0x4c0
 333 0192 0C       		.byte	0xc
 334 0193 07       		.uleb128 0x7
 335 0194 FC010000 		.4byte	.LASF34
 336 0198 07       		.byte	0x7
 337 0199 C6       		.byte	0xc6
ARM GAS  C:\Users\jo\AppData\Local\Temp\ccsMx4qh.s 			page 7


 338 019a A5050000 		.4byte	0x5a5
 339 019e 10       		.byte	0x10
 340 019f 07       		.uleb128 0x7
 341 01a0 83040000 		.4byte	.LASF35
 342 01a4 07       		.byte	0x7
 343 01a5 C7       		.byte	0xc7
 344 01a6 A5050000 		.4byte	0x5a5
 345 01aa 14       		.byte	0x14
 346 01ab 07       		.uleb128 0x7
 347 01ac 98060000 		.4byte	.LASF36
 348 01b0 07       		.byte	0x7
 349 01b1 CE       		.byte	0xce
 350 01b2 61050000 		.4byte	0x561
 351 01b6 18       		.byte	0x18
 352 01b7 07       		.uleb128 0x7
 353 01b8 7A020000 		.4byte	.LASF37
 354 01bc 07       		.byte	0x7
 355 01bd D4       		.byte	0xd4
 356 01be EF060000 		.4byte	0x6ef
 357 01c2 1C       		.byte	0x1c
 358 01c3 07       		.uleb128 0x7
 359 01c4 4B050000 		.4byte	.LASF38
 360 01c8 07       		.byte	0x7
 361 01c9 D9       		.byte	0xd9
 362 01ca F4000000 		.4byte	0xf4
 363 01ce 20       		.byte	0x20
 364 01cf 07       		.uleb128 0x7
 365 01d0 79050000 		.4byte	.LASF39
 366 01d4 07       		.byte	0x7
 367 01d5 DD       		.byte	0xdd
 368 01d6 E9000000 		.4byte	0xe9
 369 01da 21       		.byte	0x21
 370 01db 07       		.uleb128 0x7
 371 01dc 74060000 		.4byte	.LASF40
 372 01e0 07       		.byte	0x7
 373 01e1 E2       		.byte	0xe2
 374 01e2 FF000000 		.4byte	0xff
 375 01e6 22       		.byte	0x22
 376 01e7 08       		.uleb128 0x8
 377 01e8 705F7500 		.ascii	"p_u\000"
 378 01ec 07       		.byte	0x7
 379 01ed 1401     		.2byte	0x114
 380 01ef B7060000 		.4byte	0x6b7
 381 01f3 24       		.byte	0x24
 382 01f4 09       		.uleb128 0x9
 383 01f5 3E040000 		.4byte	.LASF41
 384 01f9 07       		.byte	0x7
 385 01fa 1901     		.2byte	0x119
 386 01fc 5D020000 		.4byte	0x25d
 387 0200 28       		.byte	0x28
 388 0201 09       		.uleb128 0x9
 389 0202 9A020000 		.4byte	.LASF42
 390 0206 07       		.byte	0x7
 391 0207 1F01     		.2byte	0x11f
 392 0209 81020000 		.4byte	0x281
 393 020d 2C       		.byte	0x2c
 394 020e 09       		.uleb128 0x9
ARM GAS  C:\Users\jo\AppData\Local\Temp\ccsMx4qh.s 			page 8


 395 020f C2060000 		.4byte	.LASF43
 396 0213 07       		.byte	0x7
 397 0214 2301     		.2byte	0x123
 398 0216 15010000 		.4byte	0x115
 399 021a 34       		.byte	0x34
 400 021b 09       		.uleb128 0x9
 401 021c A1050000 		.4byte	.LASF44
 402 0220 07       		.byte	0x7
 403 0221 2901     		.2byte	0x129
 404 0223 20010000 		.4byte	0x120
 405 0227 38       		.byte	0x38
 406 0228 09       		.uleb128 0x9
 407 0229 37050000 		.4byte	.LASF45
 408 022d 07       		.byte	0x7
 409 022e 3001     		.2byte	0x130
 410 0230 26070000 		.4byte	0x726
 411 0234 3C       		.byte	0x3c
 412 0235 09       		.uleb128 0x9
 413 0236 0C060000 		.4byte	.LASF46
 414 023a 07       		.byte	0x7
 415 023b 3401     		.2byte	0x134
 416 023d 0A010000 		.4byte	0x10a
 417 0241 40       		.byte	0x40
 418 0242 09       		.uleb128 0x9
 419 0243 BD010000 		.4byte	.LASF47
 420 0247 07       		.byte	0x7
 421 0248 3A01     		.2byte	0x13a
 422 024a 34030000 		.4byte	0x334
 423 024e 44       		.byte	0x44
 424 024f 09       		.uleb128 0x9
 425 0250 81050000 		.4byte	.LASF48
 426 0254 07       		.byte	0x7
 427 0255 4001     		.2byte	0x140
 428 0257 68060000 		.4byte	0x668
 429 025b 48       		.byte	0x48
 430 025c 00       		.byte	0
 431 025d 03       		.uleb128 0x3
 432 025e A6060000 		.4byte	.LASF49
 433 0262 06       		.byte	0x6
 434 0263 44       		.byte	0x44
 435 0264 68020000 		.4byte	0x268
 436 0268 06       		.uleb128 0x6
 437 0269 C6050000 		.4byte	.LASF51
 438 026d 04       		.byte	0x4
 439 026e 07       		.byte	0x7
 440 026f AC       		.byte	0xac
 441 0270 81020000 		.4byte	0x281
 442 0274 07       		.uleb128 0x7
 443 0275 72050000 		.4byte	.LASF30
 444 0279 07       		.byte	0x7
 445 027a AD       		.byte	0xad
 446 027b A5050000 		.4byte	0x5a5
 447 027f 00       		.byte	0
 448 0280 00       		.byte	0
 449 0281 03       		.uleb128 0x3
 450 0282 5D060000 		.4byte	.LASF52
 451 0286 06       		.byte	0x6
ARM GAS  C:\Users\jo\AppData\Local\Temp\ccsMx4qh.s 			page 9


 452 0287 4B       		.byte	0x4b
 453 0288 8C020000 		.4byte	0x28c
 454 028c 06       		.uleb128 0x6
 455 028d 96000000 		.4byte	.LASF53
 456 0291 08       		.byte	0x8
 457 0292 07       		.byte	0x7
 458 0293 B3       		.byte	0xb3
 459 0294 B1020000 		.4byte	0x2b1
 460 0298 07       		.uleb128 0x7
 461 0299 72050000 		.4byte	.LASF30
 462 029d 07       		.byte	0x7
 463 029e B4       		.byte	0xb4
 464 029f A5050000 		.4byte	0x5a5
 465 02a3 00       		.byte	0
 466 02a4 07       		.uleb128 0x7
 467 02a5 F8040000 		.4byte	.LASF31
 468 02a9 07       		.byte	0x7
 469 02aa B5       		.byte	0xb5
 470 02ab A5050000 		.4byte	0x5a5
 471 02af 04       		.byte	0x4
 472 02b0 00       		.byte	0
 473 02b1 03       		.uleb128 0x3
 474 02b2 1A000000 		.4byte	.LASF54
 475 02b6 06       		.byte	0x6
 476 02b7 52       		.byte	0x52
 477 02b8 BC020000 		.4byte	0x2bc
 478 02bc 0A       		.uleb128 0xa
 479 02bd 2E030000 		.4byte	.LASF55
 480 02c1 1C       		.byte	0x1c
 481 02c2 07       		.byte	0x7
 482 02c3 7201     		.2byte	0x172
 483 02c5 18030000 		.4byte	0x318
 484 02c9 09       		.uleb128 0x9
 485 02ca B5050000 		.4byte	.LASF56
 486 02ce 07       		.byte	0x7
 487 02cf 7301     		.2byte	0x173
 488 02d1 81020000 		.4byte	0x281
 489 02d5 00       		.byte	0
 490 02d6 09       		.uleb128 0x9
 491 02d7 5D050000 		.4byte	.LASF57
 492 02db 07       		.byte	0x7
 493 02dc 7401     		.2byte	0x174
 494 02de 0A010000 		.4byte	0x10a
 495 02e2 08       		.byte	0x8
 496 02e3 09       		.uleb128 0x9
 497 02e4 8B040000 		.4byte	.LASF58
 498 02e8 07       		.byte	0x7
 499 02e9 7601     		.2byte	0x176
 500 02eb C0040000 		.4byte	0x4c0
 501 02ef 0C       		.byte	0xc
 502 02f0 09       		.uleb128 0x9
 503 02f1 0C020000 		.4byte	.LASF59
 504 02f5 07       		.byte	0x7
 505 02f6 7901     		.2byte	0x179
 506 02f8 A5050000 		.4byte	0x5a5
 507 02fc 10       		.byte	0x10
 508 02fd 09       		.uleb128 0x9
ARM GAS  C:\Users\jo\AppData\Local\Temp\ccsMx4qh.s 			page 10


 509 02fe B8040000 		.4byte	.LASF60
 510 0302 07       		.byte	0x7
 511 0303 7A01     		.2byte	0x17a
 512 0305 A5050000 		.4byte	0x5a5
 513 0309 14       		.byte	0x14
 514 030a 09       		.uleb128 0x9
 515 030b AE040000 		.4byte	.LASF61
 516 030f 07       		.byte	0x7
 517 0310 7D01     		.2byte	0x17d
 518 0312 A5050000 		.4byte	0x5a5
 519 0316 18       		.byte	0x18
 520 0317 00       		.byte	0
 521 0318 03       		.uleb128 0x3
 522 0319 17060000 		.4byte	.LASF62
 523 031d 06       		.byte	0x6
 524 031e 57       		.byte	0x57
 525 031f 23030000 		.4byte	0x323
 526 0323 0B       		.uleb128 0xb
 527 0324 04       		.byte	0x4
 528 0325 29030000 		.4byte	0x329
 529 0329 0C       		.uleb128 0xc
 530 032a 34030000 		.4byte	0x334
 531 032e 0D       		.uleb128 0xd
 532 032f 34030000 		.4byte	0x334
 533 0333 00       		.byte	0
 534 0334 0E       		.uleb128 0xe
 535 0335 04       		.byte	0x4
 536 0336 03       		.uleb128 0x3
 537 0337 E8040000 		.4byte	.LASF63
 538 033b 06       		.byte	0x6
 539 033c 5C       		.byte	0x5c
 540 033d 41030000 		.4byte	0x341
 541 0341 0A       		.uleb128 0xa
 542 0342 90050000 		.4byte	.LASF64
 543 0346 14       		.byte	0x14
 544 0347 07       		.byte	0x7
 545 0348 4D01     		.2byte	0x14d
 546 034a 90030000 		.4byte	0x390
 547 034e 09       		.uleb128 0x9
 548 034f 92020000 		.4byte	.LASF65
 549 0353 07       		.byte	0x7
 550 0354 4E01     		.2byte	0x14e
 551 0356 2C070000 		.4byte	0x72c
 552 035a 00       		.byte	0
 553 035b 09       		.uleb128 0x9
 554 035c 1D020000 		.4byte	.LASF66
 555 0360 07       		.byte	0x7
 556 0361 4F01     		.2byte	0x14f
 557 0363 2C070000 		.4byte	0x72c
 558 0367 04       		.byte	0x4
 559 0368 09       		.uleb128 0x9
 560 0369 BD050000 		.4byte	.LASF67
 561 036d 07       		.byte	0x7
 562 036e 5001     		.2byte	0x150
 563 0370 41010000 		.4byte	0x141
 564 0374 08       		.byte	0x8
 565 0375 09       		.uleb128 0x9
ARM GAS  C:\Users\jo\AppData\Local\Temp\ccsMx4qh.s 			page 11


 566 0376 FB060000 		.4byte	.LASF68
 567 037a 07       		.byte	0x7
 568 037b 5101     		.2byte	0x151
 569 037d 18030000 		.4byte	0x318
 570 0381 0C       		.byte	0xc
 571 0382 09       		.uleb128 0x9
 572 0383 4C060000 		.4byte	.LASF69
 573 0387 07       		.byte	0x7
 574 0388 5301     		.2byte	0x153
 575 038a 34030000 		.4byte	0x334
 576 038e 10       		.byte	0x10
 577 038f 00       		.byte	0
 578 0390 03       		.uleb128 0x3
 579 0391 22010000 		.4byte	.LASF70
 580 0395 06       		.byte	0x6
 581 0396 61       		.byte	0x61
 582 0397 9B030000 		.4byte	0x39b
 583 039b 0A       		.uleb128 0xa
 584 039c 51040000 		.4byte	.LASF71
 585 03a0 10       		.byte	0x10
 586 03a1 07       		.byte	0x7
 587 03a2 5D01     		.2byte	0x15d
 588 03a4 DD030000 		.4byte	0x3dd
 589 03a8 09       		.uleb128 0x9
 590 03a9 92020000 		.4byte	.LASF65
 591 03ad 07       		.byte	0x7
 592 03ae 5E01     		.2byte	0x15e
 593 03b0 2C070000 		.4byte	0x72c
 594 03b4 00       		.byte	0
 595 03b5 09       		.uleb128 0x9
 596 03b6 1D020000 		.4byte	.LASF66
 597 03ba 07       		.byte	0x7
 598 03bb 6001     		.2byte	0x160
 599 03bd 2C070000 		.4byte	0x72c
 600 03c1 04       		.byte	0x4
 601 03c2 09       		.uleb128 0x9
 602 03c3 BD050000 		.4byte	.LASF67
 603 03c7 07       		.byte	0x7
 604 03c8 6201     		.2byte	0x162
 605 03ca 41010000 		.4byte	0x141
 606 03ce 08       		.byte	0x8
 607 03cf 09       		.uleb128 0x9
 608 03d0 77040000 		.4byte	.LASF72
 609 03d4 07       		.byte	0x7
 610 03d5 6A01     		.2byte	0x16a
 611 03d7 41010000 		.4byte	0x141
 612 03db 0C       		.byte	0xc
 613 03dc 00       		.byte	0
 614 03dd 03       		.uleb128 0x3
 615 03de A7000000 		.4byte	.LASF73
 616 03e2 06       		.byte	0x6
 617 03e3 66       		.byte	0x66
 618 03e4 E8030000 		.4byte	0x3e8
 619 03e8 0F       		.uleb128 0xf
 620 03e9 2C020000 		.4byte	.LASF74
 621 03ed 1404     		.2byte	0x414
 622 03ef 07       		.byte	0x7
ARM GAS  C:\Users\jo\AppData\Local\Temp\ccsMx4qh.s 			page 12


 623 03f0 8401     		.2byte	0x184
 624 03f2 2B040000 		.4byte	0x42b
 625 03f6 09       		.uleb128 0x9
 626 03f7 2B060000 		.4byte	.LASF75
 627 03fb 07       		.byte	0x7
 628 03fc 8C01     		.2byte	0x18c
 629 03fe 32070000 		.4byte	0x732
 630 0402 00       		.byte	0
 631 0403 09       		.uleb128 0x9
 632 0404 7B060000 		.4byte	.LASF76
 633 0408 07       		.byte	0x7
 634 0409 9101     		.2byte	0x191
 635 040b 2B010000 		.4byte	0x12b
 636 040f 04       		.byte	0x4
 637 0410 09       		.uleb128 0x9
 638 0411 5C020000 		.4byte	.LASF77
 639 0415 07       		.byte	0x7
 640 0416 9501     		.2byte	0x195
 641 0418 2B010000 		.4byte	0x12b
 642 041c 08       		.byte	0x8
 643 041d 09       		.uleb128 0x9
 644 041e B5060000 		.4byte	.LASF78
 645 0422 07       		.byte	0x7
 646 0423 9B01     		.2byte	0x19b
 647 0425 FA050000 		.4byte	0x5fa
 648 0429 0C       		.byte	0xc
 649 042a 00       		.byte	0
 650 042b 03       		.uleb128 0x3
 651 042c 0F030000 		.4byte	.LASF79
 652 0430 06       		.byte	0x6
 653 0431 6B       		.byte	0x6b
 654 0432 36040000 		.4byte	0x436
 655 0436 0F       		.uleb128 0xf
 656 0437 D3010000 		.4byte	.LASF80
 657 043b D805     		.2byte	0x5d8
 658 043d 07       		.byte	0x7
 659 043e A401     		.2byte	0x1a4
 660 0440 A3040000 		.4byte	0x4a3
 661 0444 09       		.uleb128 0x9
 662 0445 83060000 		.4byte	.LASF81
 663 0449 07       		.byte	0x7
 664 044a A801     		.2byte	0x1a8
 665 044c B1020000 		.4byte	0x2b1
 666 0450 00       		.byte	0
 667 0451 09       		.uleb128 0x9
 668 0452 25020000 		.4byte	.LASF82
 669 0456 07       		.byte	0x7
 670 0457 AC01     		.2byte	0x1ac
 671 0459 90030000 		.4byte	0x390
 672 045d 1C       		.byte	0x1c
 673 045e 08       		.uleb128 0x8
 674 045f 64626700 		.ascii	"dbg\000"
 675 0463 07       		.byte	0x7
 676 0464 B001     		.2byte	0x1b0
 677 0466 DD030000 		.4byte	0x3dd
 678 046a 2C       		.byte	0x2c
 679 046b 10       		.uleb128 0x10
ARM GAS  C:\Users\jo\AppData\Local\Temp\ccsMx4qh.s 			page 13


 680 046c 17010000 		.4byte	.LASF83
 681 0470 07       		.byte	0x7
 682 0471 B401     		.2byte	0x1b4
 683 0473 4C010000 		.4byte	0x14c
 684 0477 4004     		.2byte	0x440
 685 0479 11       		.uleb128 0x11
 686 047a 746D00   		.ascii	"tm\000"
 687 047d 07       		.byte	0x7
 688 047e B901     		.2byte	0x1b9
 689 0480 1A060000 		.4byte	0x61a
 690 0484 A004     		.2byte	0x4a0
 691 0486 10       		.uleb128 0x10
 692 0487 73000000 		.4byte	.LASF84
 693 048b 07       		.byte	0x7
 694 048c BF01     		.2byte	0x1bf
 695 048e AC060000 		.4byte	0x6ac
 696 0492 A804     		.2byte	0x4a8
 697 0494 10       		.uleb128 0x10
 698 0495 65020000 		.4byte	.LASF85
 699 0499 07       		.byte	0x7
 700 049a C501     		.2byte	0x1c5
 701 049c 37070000 		.4byte	0x737
 702 04a0 E004     		.2byte	0x4e0
 703 04a2 00       		.byte	0
 704 04a3 04       		.uleb128 0x4
 705 04a4 04       		.byte	0x4
 706 04a5 07       		.byte	0x7
 707 04a6 48040000 		.4byte	.LASF86
 708 04aa 03       		.uleb128 0x3
 709 04ab 14020000 		.4byte	.LASF87
 710 04af 08       		.byte	0x8
 711 04b0 85       		.byte	0x85
 712 04b1 34030000 		.4byte	0x334
 713 04b5 03       		.uleb128 0x3
 714 04b6 33040000 		.4byte	.LASF88
 715 04ba 08       		.byte	0x8
 716 04bb 8D       		.byte	0x8d
 717 04bc C3000000 		.4byte	0xc3
 718 04c0 06       		.uleb128 0x6
 719 04c1 3C060000 		.4byte	.LASF89
 720 04c5 04       		.byte	0x4
 721 04c6 08       		.byte	0x8
 722 04c7 A9       		.byte	0xa9
 723 04c8 D9040000 		.4byte	0x4d9
 724 04cc 12       		.uleb128 0x12
 725 04cd 72313300 		.ascii	"r13\000"
 726 04d1 08       		.byte	0x8
 727 04d2 AA       		.byte	0xaa
 728 04d3 54050000 		.4byte	0x554
 729 04d7 00       		.byte	0
 730 04d8 00       		.byte	0
 731 04d9 06       		.uleb128 0x6
 732 04da 8A000000 		.4byte	.LASF90
 733 04de 24       		.byte	0x24
 734 04df 09       		.byte	0x9
 735 04e0 F4       		.byte	0xf4
 736 04e1 54050000 		.4byte	0x554
ARM GAS  C:\Users\jo\AppData\Local\Temp\ccsMx4qh.s 			page 14


 737 04e5 08       		.uleb128 0x8
 738 04e6 723400   		.ascii	"r4\000"
 739 04e9 09       		.byte	0x9
 740 04ea 0701     		.2byte	0x107
 741 04ec AA040000 		.4byte	0x4aa
 742 04f0 00       		.byte	0
 743 04f1 08       		.uleb128 0x8
 744 04f2 723500   		.ascii	"r5\000"
 745 04f5 09       		.byte	0x9
 746 04f6 0801     		.2byte	0x108
 747 04f8 AA040000 		.4byte	0x4aa
 748 04fc 04       		.byte	0x4
 749 04fd 08       		.uleb128 0x8
 750 04fe 723600   		.ascii	"r6\000"
 751 0501 09       		.byte	0x9
 752 0502 0901     		.2byte	0x109
 753 0504 AA040000 		.4byte	0x4aa
 754 0508 08       		.byte	0x8
 755 0509 08       		.uleb128 0x8
 756 050a 723700   		.ascii	"r7\000"
 757 050d 09       		.byte	0x9
 758 050e 0A01     		.2byte	0x10a
 759 0510 AA040000 		.4byte	0x4aa
 760 0514 0C       		.byte	0xc
 761 0515 08       		.uleb128 0x8
 762 0516 723800   		.ascii	"r8\000"
 763 0519 09       		.byte	0x9
 764 051a 0B01     		.2byte	0x10b
 765 051c AA040000 		.4byte	0x4aa
 766 0520 10       		.byte	0x10
 767 0521 08       		.uleb128 0x8
 768 0522 723900   		.ascii	"r9\000"
 769 0525 09       		.byte	0x9
 770 0526 0C01     		.2byte	0x10c
 771 0528 AA040000 		.4byte	0x4aa
 772 052c 14       		.byte	0x14
 773 052d 08       		.uleb128 0x8
 774 052e 72313000 		.ascii	"r10\000"
 775 0532 09       		.byte	0x9
 776 0533 0D01     		.2byte	0x10d
 777 0535 AA040000 		.4byte	0x4aa
 778 0539 18       		.byte	0x18
 779 053a 08       		.uleb128 0x8
 780 053b 72313100 		.ascii	"r11\000"
 781 053f 09       		.byte	0x9
 782 0540 0E01     		.2byte	0x10e
 783 0542 AA040000 		.4byte	0x4aa
 784 0546 1C       		.byte	0x1c
 785 0547 08       		.uleb128 0x8
 786 0548 6C7200   		.ascii	"lr\000"
 787 054b 09       		.byte	0x9
 788 054c 0F01     		.2byte	0x10f
 789 054e AA040000 		.4byte	0x4aa
 790 0552 20       		.byte	0x20
 791 0553 00       		.byte	0
 792 0554 0B       		.uleb128 0xb
 793 0555 04       		.byte	0x4
ARM GAS  C:\Users\jo\AppData\Local\Temp\ccsMx4qh.s 			page 15


 794 0556 D9040000 		.4byte	0x4d9
 795 055a 04       		.uleb128 0x4
 796 055b 01       		.byte	0x1
 797 055c 08       		.byte	0x8
 798 055d E8050000 		.4byte	.LASF91
 799 0561 0B       		.uleb128 0xb
 800 0562 04       		.byte	0x4
 801 0563 67050000 		.4byte	0x567
 802 0567 13       		.uleb128 0x13
 803 0568 5A050000 		.4byte	0x55a
 804 056c 14       		.uleb128 0x14
 805 056d 10       		.byte	0x10
 806 056e 0A       		.byte	0xa
 807 056f 57       		.byte	0x57
 808 0570 A5050000 		.4byte	0x5a5
 809 0574 07       		.uleb128 0x7
 810 0575 27000000 		.4byte	.LASF92
 811 0579 0A       		.byte	0xa
 812 057a 5B       		.byte	0x5b
 813 057b 41010000 		.4byte	0x141
 814 057f 00       		.byte	0
 815 0580 07       		.uleb128 0x7
 816 0581 F6010000 		.4byte	.LASF93
 817 0585 0A       		.byte	0xa
 818 0586 5F       		.byte	0x5f
 819 0587 A5050000 		.4byte	0x5a5
 820 058b 04       		.byte	0x4
 821 058c 07       		.uleb128 0x7
 822 058d B3020000 		.4byte	.LASF94
 823 0591 0A       		.byte	0xa
 824 0592 63       		.byte	0x63
 825 0593 34030000 		.4byte	0x334
 826 0597 08       		.byte	0x8
 827 0598 07       		.uleb128 0x7
 828 0599 FF000000 		.4byte	.LASF95
 829 059d 0A       		.byte	0xa
 830 059e 67       		.byte	0x67
 831 059f A2000000 		.4byte	0xa2
 832 05a3 0C       		.byte	0xc
 833 05a4 00       		.byte	0
 834 05a5 0B       		.uleb128 0xb
 835 05a6 04       		.byte	0x4
 836 05a7 4C010000 		.4byte	0x14c
 837 05ab 03       		.uleb128 0x3
 838 05ac 68040000 		.4byte	.LASF96
 839 05b0 0A       		.byte	0xa
 840 05b1 68       		.byte	0x68
 841 05b2 6C050000 		.4byte	0x56c
 842 05b6 15       		.uleb128 0x15
 843 05b7 0804     		.2byte	0x408
 844 05b9 0A       		.byte	0xa
 845 05ba 6D       		.byte	0x6d
 846 05bb E4050000 		.4byte	0x5e4
 847 05bf 07       		.uleb128 0x7
 848 05c0 04020000 		.4byte	.LASF97
 849 05c4 0A       		.byte	0xa
 850 05c5 71       		.byte	0x71
ARM GAS  C:\Users\jo\AppData\Local\Temp\ccsMx4qh.s 			page 16


 851 05c6 37000000 		.4byte	0x37
 852 05ca 00       		.byte	0
 853 05cb 07       		.uleb128 0x7
 854 05cc 13000000 		.4byte	.LASF98
 855 05d0 0A       		.byte	0xa
 856 05d1 75       		.byte	0x75
 857 05d2 E4050000 		.4byte	0x5e4
 858 05d6 04       		.byte	0x4
 859 05d7 07       		.uleb128 0x7
 860 05d8 DE040000 		.4byte	.LASF99
 861 05dc 0A       		.byte	0xa
 862 05dd 79       		.byte	0x79
 863 05de EA050000 		.4byte	0x5ea
 864 05e2 08       		.byte	0x8
 865 05e3 00       		.byte	0
 866 05e4 0B       		.uleb128 0xb
 867 05e5 04       		.byte	0x4
 868 05e6 AB050000 		.4byte	0x5ab
 869 05ea 16       		.uleb128 0x16
 870 05eb AB050000 		.4byte	0x5ab
 871 05ef FA050000 		.4byte	0x5fa
 872 05f3 17       		.uleb128 0x17
 873 05f4 A3040000 		.4byte	0x4a3
 874 05f8 3F       		.byte	0x3f
 875 05f9 00       		.byte	0
 876 05fa 03       		.uleb128 0x3
 877 05fb ED000000 		.4byte	.LASF100
 878 05ff 0A       		.byte	0xa
 879 0600 7A       		.byte	0x7a
 880 0601 B6050000 		.4byte	0x5b6
 881 0605 14       		.uleb128 0x14
 882 0606 04       		.byte	0x4
 883 0607 0B       		.byte	0xb
 884 0608 38       		.byte	0x38
 885 0609 1A060000 		.4byte	0x61a
 886 060d 07       		.uleb128 0x7
 887 060e 35060000 		.4byte	.LASF101
 888 0612 0B       		.byte	0xb
 889 0613 3C       		.byte	0x3c
 890 0614 D3000000 		.4byte	0xd3
 891 0618 00       		.byte	0
 892 0619 00       		.byte	0
 893 061a 03       		.uleb128 0x3
 894 061b 91040000 		.4byte	.LASF102
 895 061f 0B       		.byte	0xb
 896 0620 3D       		.byte	0x3d
 897 0621 05060000 		.4byte	0x605
 898 0625 14       		.uleb128 0x14
 899 0626 18       		.byte	0x18
 900 0627 0B       		.byte	0xb
 901 0628 48       		.byte	0x48
 902 0629 68060000 		.4byte	0x668
 903 062d 07       		.uleb128 0x7
 904 062e F6050000 		.4byte	.LASF103
 905 0632 0B       		.byte	0xb
 906 0633 49       		.byte	0x49
 907 0634 D3000000 		.4byte	0xd3
ARM GAS  C:\Users\jo\AppData\Local\Temp\ccsMx4qh.s 			page 17


 908 0638 00       		.byte	0
 909 0639 07       		.uleb128 0x7
 910 063a B6000000 		.4byte	.LASF104
 911 063e 0B       		.byte	0xb
 912 063f 4A       		.byte	0x4a
 913 0640 D3000000 		.4byte	0xd3
 914 0644 04       		.byte	0x4
 915 0645 07       		.uleb128 0x7
 916 0646 03030000 		.4byte	.LASF105
 917 064a 0B       		.byte	0xb
 918 064b 4B       		.byte	0x4b
 919 064c D3000000 		.4byte	0xd3
 920 0650 08       		.byte	0x8
 921 0651 12       		.uleb128 0x12
 922 0652 6E00     		.ascii	"n\000"
 923 0654 0B       		.byte	0xb
 924 0655 4C       		.byte	0x4c
 925 0656 36010000 		.4byte	0x136
 926 065a 0C       		.byte	0xc
 927 065b 07       		.uleb128 0x7
 928 065c CB040000 		.4byte	.LASF106
 929 0660 0B       		.byte	0xb
 930 0661 4D       		.byte	0x4d
 931 0662 DE000000 		.4byte	0xde
 932 0666 10       		.byte	0x10
 933 0667 00       		.byte	0
 934 0668 03       		.uleb128 0x3
 935 0669 C3000000 		.4byte	.LASF107
 936 066d 0B       		.byte	0xb
 937 066e 4E       		.byte	0x4e
 938 066f 25060000 		.4byte	0x625
 939 0673 14       		.uleb128 0x14
 940 0674 38       		.byte	0x38
 941 0675 0C       		.byte	0xc
 942 0676 38       		.byte	0x38
 943 0677 AC060000 		.4byte	0x6ac
 944 067b 07       		.uleb128 0x7
 945 067c AD020000 		.4byte	.LASF108
 946 0680 0C       		.byte	0xc
 947 0681 39       		.byte	0x39
 948 0682 36010000 		.4byte	0x136
 949 0686 00       		.byte	0
 950 0687 07       		.uleb128 0x7
 951 0688 0D050000 		.4byte	.LASF109
 952 068c 0C       		.byte	0xc
 953 068d 3A       		.byte	0x3a
 954 068e 36010000 		.4byte	0x136
 955 0692 04       		.byte	0x4
 956 0693 07       		.uleb128 0x7
 957 0694 CF060000 		.4byte	.LASF110
 958 0698 0C       		.byte	0xc
 959 0699 3B       		.byte	0x3b
 960 069a 68060000 		.4byte	0x668
 961 069e 08       		.byte	0x8
 962 069f 07       		.uleb128 0x7
 963 06a0 23030000 		.4byte	.LASF111
 964 06a4 0C       		.byte	0xc
ARM GAS  C:\Users\jo\AppData\Local\Temp\ccsMx4qh.s 			page 18


 965 06a5 3D       		.byte	0x3d
 966 06a6 68060000 		.4byte	0x668
 967 06aa 20       		.byte	0x20
 968 06ab 00       		.byte	0
 969 06ac 03       		.uleb128 0x3
 970 06ad E4020000 		.4byte	.LASF112
 971 06b1 0C       		.byte	0xc
 972 06b2 3F       		.byte	0x3f
 973 06b3 73060000 		.4byte	0x673
 974 06b7 18       		.uleb128 0x18
 975 06b8 04       		.byte	0x4
 976 06b9 07       		.byte	0x7
 977 06ba F6       		.byte	0xf6
 978 06bb EF060000 		.4byte	0x6ef
 979 06bf 19       		.uleb128 0x19
 980 06c0 6D060000 		.4byte	.LASF113
 981 06c4 07       		.byte	0x7
 982 06c5 FD       		.byte	0xfd
 983 06c6 15010000 		.4byte	0x115
 984 06ca 1A       		.uleb128 0x1a
 985 06cb 0E010000 		.4byte	.LASF114
 986 06cf 07       		.byte	0x7
 987 06d0 0401     		.2byte	0x104
 988 06d2 15010000 		.4byte	0x115
 989 06d6 1A       		.uleb128 0x1a
 990 06d7 91060000 		.4byte	.LASF115
 991 06db 07       		.byte	0x7
 992 06dc 0B01     		.2byte	0x10b
 993 06de 34030000 		.4byte	0x334
 994 06e2 1A       		.uleb128 0x1a
 995 06e3 6B050000 		.4byte	.LASF116
 996 06e7 07       		.byte	0x7
 997 06e8 1201     		.2byte	0x112
 998 06ea 20010000 		.4byte	0x120
 999 06ee 00       		.byte	0
 1000 06ef 0B       		.uleb128 0xb
 1001 06f0 04       		.byte	0x4
 1002 06f1 B5040000 		.4byte	0x4b5
 1003 06f5 06       		.uleb128 0x6
 1004 06f6 07050000 		.4byte	.LASF117
 1005 06fa 10       		.byte	0x10
 1006 06fb 0D       		.byte	0xd
 1007 06fc 39       		.byte	0x39
 1008 06fd 26070000 		.4byte	0x726
 1009 0701 07       		.uleb128 0x7
 1010 0702 C5010000 		.4byte	.LASF118
 1011 0706 0D       		.byte	0xd
 1012 0707 3A       		.byte	0x3a
 1013 0708 81020000 		.4byte	0x281
 1014 070c 00       		.byte	0
 1015 070d 07       		.uleb128 0x7
 1016 070e DA060000 		.4byte	.LASF119
 1017 0712 0D       		.byte	0xd
 1018 0713 3C       		.byte	0x3c
 1019 0714 A5050000 		.4byte	0x5a5
 1020 0718 08       		.byte	0x8
 1021 0719 07       		.uleb128 0x7
ARM GAS  C:\Users\jo\AppData\Local\Temp\ccsMx4qh.s 			page 19


 1022 071a FB050000 		.4byte	.LASF120
 1023 071e 0D       		.byte	0xd
 1024 071f 3E       		.byte	0x3e
 1025 0720 52070000 		.4byte	0x752
 1026 0724 0C       		.byte	0xc
 1027 0725 00       		.byte	0
 1028 0726 0B       		.uleb128 0xb
 1029 0727 04       		.byte	0x4
 1030 0728 F5060000 		.4byte	0x6f5
 1031 072c 0B       		.uleb128 0xb
 1032 072d 04       		.byte	0x4
 1033 072e 36030000 		.4byte	0x336
 1034 0732 05       		.uleb128 0x5
 1035 0733 61050000 		.4byte	0x561
 1036 0737 16       		.uleb128 0x16
 1037 0738 B5040000 		.4byte	0x4b5
 1038 073c 47070000 		.4byte	0x747
 1039 0740 17       		.uleb128 0x17
 1040 0741 A3040000 		.4byte	0x4a3
 1041 0745 1E       		.byte	0x1e
 1042 0746 00       		.byte	0
 1043 0747 03       		.uleb128 0x3
 1044 0748 4D020000 		.4byte	.LASF121
 1045 074c 0D       		.byte	0xd
 1046 074d 34       		.byte	0x34
 1047 074e F5060000 		.4byte	0x6f5
 1048 0752 0B       		.uleb128 0xb
 1049 0753 04       		.byte	0x4
 1050 0754 47070000 		.4byte	0x747
 1051 0758 04       		.uleb128 0x4
 1052 0759 01       		.byte	0x1
 1053 075a 02       		.byte	0x2
 1054 075b 16050000 		.4byte	.LASF122
 1055 075f 14       		.uleb128 0x14
 1056 0760 1C       		.byte	0x1c
 1057 0761 0E       		.byte	0xe
 1058 0762 C1       		.byte	0xc1
 1059 0763 BC070000 		.4byte	0x7bc
 1060 0767 07       		.uleb128 0x7
 1061 0768 CD010000 		.4byte	.LASF123
 1062 076c 0E       		.byte	0xe
 1063 076d C3       		.byte	0xc3
 1064 076e B8000000 		.4byte	0xb8
 1065 0772 00       		.byte	0
 1066 0773 07       		.uleb128 0x7
 1067 0774 BD020000 		.4byte	.LASF124
 1068 0778 0E       		.byte	0xe
 1069 0779 C5       		.byte	0xc5
 1070 077a B8000000 		.4byte	0xb8
 1071 077e 04       		.byte	0x4
 1072 077f 07       		.uleb128 0x7
 1073 0780 A5020000 		.4byte	.LASF125
 1074 0784 0E       		.byte	0xe
 1075 0785 C7       		.byte	0xc7
 1076 0786 B8000000 		.4byte	0xb8
 1077 078a 08       		.byte	0x8
 1078 078b 07       		.uleb128 0x7
ARM GAS  C:\Users\jo\AppData\Local\Temp\ccsMx4qh.s 			page 20


 1079 078c 08010000 		.4byte	.LASF126
 1080 0790 0E       		.byte	0xe
 1081 0791 C9       		.byte	0xc9
 1082 0792 B8000000 		.4byte	0xb8
 1083 0796 0C       		.byte	0xc
 1084 0797 12       		.uleb128 0x12
 1085 0798 6F647200 		.ascii	"odr\000"
 1086 079c 0E       		.byte	0xe
 1087 079d CB       		.byte	0xcb
 1088 079e B8000000 		.4byte	0xb8
 1089 07a2 10       		.byte	0x10
 1090 07a3 07       		.uleb128 0x7
 1091 07a4 32050000 		.4byte	.LASF127
 1092 07a8 0E       		.byte	0xe
 1093 07a9 CD       		.byte	0xcd
 1094 07aa B8000000 		.4byte	0xb8
 1095 07ae 14       		.byte	0x14
 1096 07af 07       		.uleb128 0x7
 1097 07b0 A2040000 		.4byte	.LASF128
 1098 07b4 0E       		.byte	0xe
 1099 07b5 CF       		.byte	0xcf
 1100 07b6 B8000000 		.4byte	0xb8
 1101 07ba 18       		.byte	0x18
 1102 07bb 00       		.byte	0
 1103 07bc 03       		.uleb128 0x3
 1104 07bd 00000000 		.4byte	.LASF129
 1105 07c1 0E       		.byte	0xe
 1106 07c2 D0       		.byte	0xd0
 1107 07c3 5F070000 		.4byte	0x75f
 1108 07c7 14       		.uleb128 0x14
 1109 07c8 FC       		.byte	0xfc
 1110 07c9 0E       		.byte	0xe
 1111 07ca D9       		.byte	0xd9
 1112 07cb 3C080000 		.4byte	0x83c
 1113 07cf 07       		.uleb128 0x7
 1114 07d0 64050000 		.4byte	.LASF130
 1115 07d4 0E       		.byte	0xe
 1116 07d5 DC       		.byte	0xdc
 1117 07d6 BC070000 		.4byte	0x7bc
 1118 07da 00       		.byte	0
 1119 07db 07       		.uleb128 0x7
 1120 07dc 55020000 		.4byte	.LASF131
 1121 07e0 0E       		.byte	0xe
 1122 07e1 E0       		.byte	0xe0
 1123 07e2 BC070000 		.4byte	0x7bc
 1124 07e6 1C       		.byte	0x1c
 1125 07e7 07       		.uleb128 0x7
 1126 07e8 9F060000 		.4byte	.LASF132
 1127 07ec 0E       		.byte	0xe
 1128 07ed E4       		.byte	0xe4
 1129 07ee BC070000 		.4byte	0x7bc
 1130 07f2 38       		.byte	0x38
 1131 07f3 07       		.uleb128 0x7
 1132 07f4 A7040000 		.4byte	.LASF133
 1133 07f8 0E       		.byte	0xe
 1134 07f9 E8       		.byte	0xe8
 1135 07fa BC070000 		.4byte	0x7bc
ARM GAS  C:\Users\jo\AppData\Local\Temp\ccsMx4qh.s 			page 21


 1136 07fe 54       		.byte	0x54
 1137 07ff 07       		.uleb128 0x7
 1138 0800 E6010000 		.4byte	.LASF134
 1139 0804 0E       		.byte	0xe
 1140 0805 EC       		.byte	0xec
 1141 0806 BC070000 		.4byte	0x7bc
 1142 080a 70       		.byte	0x70
 1143 080b 07       		.uleb128 0x7
 1144 080c C8060000 		.4byte	.LASF135
 1145 0810 0E       		.byte	0xe
 1146 0811 F0       		.byte	0xf0
 1147 0812 BC070000 		.4byte	0x7bc
 1148 0816 8C       		.byte	0x8c
 1149 0817 07       		.uleb128 0x7
 1150 0818 52030000 		.4byte	.LASF136
 1151 081c 0E       		.byte	0xe
 1152 081d F4       		.byte	0xf4
 1153 081e BC070000 		.4byte	0x7bc
 1154 0822 A8       		.byte	0xa8
 1155 0823 07       		.uleb128 0x7
 1156 0824 BC000000 		.4byte	.LASF137
 1157 0828 0E       		.byte	0xe
 1158 0829 F8       		.byte	0xf8
 1159 082a BC070000 		.4byte	0x7bc
 1160 082e C4       		.byte	0xc4
 1161 082f 07       		.uleb128 0x7
 1162 0830 89050000 		.4byte	.LASF138
 1163 0834 0E       		.byte	0xe
 1164 0835 FC       		.byte	0xfc
 1165 0836 BC070000 		.4byte	0x7bc
 1166 083a E0       		.byte	0xe0
 1167 083b 00       		.byte	0
 1168 083c 03       		.uleb128 0x3
 1169 083d 53060000 		.4byte	.LASF139
 1170 0841 0E       		.byte	0xe
 1171 0842 FE       		.byte	0xfe
 1172 0843 C7070000 		.4byte	0x7c7
 1173 0847 1B       		.uleb128 0x1b
 1174 0848 C4020000 		.4byte	.LASF145
 1175 084c 01       		.byte	0x1
 1176 084d 46       		.byte	0x46
 1177 084e 00000000 		.4byte	.LFB255
 1178 0852 04000000 		.4byte	.LFE255-.LFB255
 1179 0856 01       		.uleb128 0x1
 1180 0857 9C       		.byte	0x9c
 1181 0858 66080000 		.4byte	0x866
 1182 085c 1C       		.uleb128 0x1c
 1183 085d 04000000 		.4byte	.LVL0
 1184 0861 A4080000 		.4byte	0x8a4
 1185 0865 00       		.byte	0
 1186 0866 1D       		.uleb128 0x1d
 1187 0867 53050000 		.4byte	.LASF146
 1188 086b 01       		.byte	0x1
 1189 086c 7B       		.byte	0x7b
 1190 086d 00000000 		.4byte	.LFB256
 1191 0871 02000000 		.4byte	.LFE256-.LFB256
 1192 0875 01       		.uleb128 0x1
ARM GAS  C:\Users\jo\AppData\Local\Temp\ccsMx4qh.s 			page 22


 1193 0876 9C       		.byte	0x9c
 1194 0877 1E       		.uleb128 0x1e
 1195 0878 38010000 		.4byte	.LASF140
 1196 087c 0F       		.byte	0xf
 1197 087d A706     		.2byte	0x6a7
 1198 087f CE000000 		.4byte	0xce
 1199 0883 1F       		.uleb128 0x1f
 1200 0884 636800   		.ascii	"ch\000"
 1201 0887 07       		.byte	0x7
 1202 0888 EB01     		.2byte	0x1eb
 1203 088a 2B040000 		.4byte	0x42b
 1204 088e 20       		.uleb128 0x20
 1205 088f E2060000 		.4byte	.LASF141
 1206 0893 01       		.byte	0x1
 1207 0894 19       		.byte	0x19
 1208 0895 9F080000 		.4byte	0x89f
 1209 0899 05       		.uleb128 0x5
 1210 089a 03       		.byte	0x3
 1211 089b 00000000 		.4byte	pal_default_config
 1212 089f 13       		.uleb128 0x13
 1213 08a0 3C080000 		.4byte	0x83c
 1214 08a4 21       		.uleb128 0x21
 1215 08a5 3C020000 		.4byte	.LASF147
 1216 08a9 10       		.byte	0x10
 1217 08aa C905     		.2byte	0x5c9
 1218 08ac 00       		.byte	0
 1219              		.section	.debug_abbrev,"",%progbits
 1220              	.Ldebug_abbrev0:
 1221 0000 01       		.uleb128 0x1
 1222 0001 11       		.uleb128 0x11
 1223 0002 01       		.byte	0x1
 1224 0003 25       		.uleb128 0x25
 1225 0004 0E       		.uleb128 0xe
 1226 0005 13       		.uleb128 0x13
 1227 0006 0B       		.uleb128 0xb
 1228 0007 03       		.uleb128 0x3
 1229 0008 0E       		.uleb128 0xe
 1230 0009 1B       		.uleb128 0x1b
 1231 000a 0E       		.uleb128 0xe
 1232 000b 55       		.uleb128 0x55
 1233 000c 17       		.uleb128 0x17
 1234 000d 11       		.uleb128 0x11
 1235 000e 01       		.uleb128 0x1
 1236 000f 10       		.uleb128 0x10
 1237 0010 17       		.uleb128 0x17
 1238 0011 00       		.byte	0
 1239 0012 00       		.byte	0
 1240 0013 02       		.uleb128 0x2
 1241 0014 24       		.uleb128 0x24
 1242 0015 00       		.byte	0
 1243 0016 0B       		.uleb128 0xb
 1244 0017 0B       		.uleb128 0xb
 1245 0018 3E       		.uleb128 0x3e
 1246 0019 0B       		.uleb128 0xb
 1247 001a 03       		.uleb128 0x3
 1248 001b 08       		.uleb128 0x8
 1249 001c 00       		.byte	0
ARM GAS  C:\Users\jo\AppData\Local\Temp\ccsMx4qh.s 			page 23


 1250 001d 00       		.byte	0
 1251 001e 03       		.uleb128 0x3
 1252 001f 16       		.uleb128 0x16
 1253 0020 00       		.byte	0
 1254 0021 03       		.uleb128 0x3
 1255 0022 0E       		.uleb128 0xe
 1256 0023 3A       		.uleb128 0x3a
 1257 0024 0B       		.uleb128 0xb
 1258 0025 3B       		.uleb128 0x3b
 1259 0026 0B       		.uleb128 0xb
 1260 0027 49       		.uleb128 0x49
 1261 0028 13       		.uleb128 0x13
 1262 0029 00       		.byte	0
 1263 002a 00       		.byte	0
 1264 002b 04       		.uleb128 0x4
 1265 002c 24       		.uleb128 0x24
 1266 002d 00       		.byte	0
 1267 002e 0B       		.uleb128 0xb
 1268 002f 0B       		.uleb128 0xb
 1269 0030 3E       		.uleb128 0x3e
 1270 0031 0B       		.uleb128 0xb
 1271 0032 03       		.uleb128 0x3
 1272 0033 0E       		.uleb128 0xe
 1273 0034 00       		.byte	0
 1274 0035 00       		.byte	0
 1275 0036 05       		.uleb128 0x5
 1276 0037 35       		.uleb128 0x35
 1277 0038 00       		.byte	0
 1278 0039 49       		.uleb128 0x49
 1279 003a 13       		.uleb128 0x13
 1280 003b 00       		.byte	0
 1281 003c 00       		.byte	0
 1282 003d 06       		.uleb128 0x6
 1283 003e 13       		.uleb128 0x13
 1284 003f 01       		.byte	0x1
 1285 0040 03       		.uleb128 0x3
 1286 0041 0E       		.uleb128 0xe
 1287 0042 0B       		.uleb128 0xb
 1288 0043 0B       		.uleb128 0xb
 1289 0044 3A       		.uleb128 0x3a
 1290 0045 0B       		.uleb128 0xb
 1291 0046 3B       		.uleb128 0x3b
 1292 0047 0B       		.uleb128 0xb
 1293 0048 01       		.uleb128 0x1
 1294 0049 13       		.uleb128 0x13
 1295 004a 00       		.byte	0
 1296 004b 00       		.byte	0
 1297 004c 07       		.uleb128 0x7
 1298 004d 0D       		.uleb128 0xd
 1299 004e 00       		.byte	0
 1300 004f 03       		.uleb128 0x3
 1301 0050 0E       		.uleb128 0xe
 1302 0051 3A       		.uleb128 0x3a
 1303 0052 0B       		.uleb128 0xb
 1304 0053 3B       		.uleb128 0x3b
 1305 0054 0B       		.uleb128 0xb
 1306 0055 49       		.uleb128 0x49
ARM GAS  C:\Users\jo\AppData\Local\Temp\ccsMx4qh.s 			page 24


 1307 0056 13       		.uleb128 0x13
 1308 0057 38       		.uleb128 0x38
 1309 0058 0B       		.uleb128 0xb
 1310 0059 00       		.byte	0
 1311 005a 00       		.byte	0
 1312 005b 08       		.uleb128 0x8
 1313 005c 0D       		.uleb128 0xd
 1314 005d 00       		.byte	0
 1315 005e 03       		.uleb128 0x3
 1316 005f 08       		.uleb128 0x8
 1317 0060 3A       		.uleb128 0x3a
 1318 0061 0B       		.uleb128 0xb
 1319 0062 3B       		.uleb128 0x3b
 1320 0063 05       		.uleb128 0x5
 1321 0064 49       		.uleb128 0x49
 1322 0065 13       		.uleb128 0x13
 1323 0066 38       		.uleb128 0x38
 1324 0067 0B       		.uleb128 0xb
 1325 0068 00       		.byte	0
 1326 0069 00       		.byte	0
 1327 006a 09       		.uleb128 0x9
 1328 006b 0D       		.uleb128 0xd
 1329 006c 00       		.byte	0
 1330 006d 03       		.uleb128 0x3
 1331 006e 0E       		.uleb128 0xe
 1332 006f 3A       		.uleb128 0x3a
 1333 0070 0B       		.uleb128 0xb
 1334 0071 3B       		.uleb128 0x3b
 1335 0072 05       		.uleb128 0x5
 1336 0073 49       		.uleb128 0x49
 1337 0074 13       		.uleb128 0x13
 1338 0075 38       		.uleb128 0x38
 1339 0076 0B       		.uleb128 0xb
 1340 0077 00       		.byte	0
 1341 0078 00       		.byte	0
 1342 0079 0A       		.uleb128 0xa
 1343 007a 13       		.uleb128 0x13
 1344 007b 01       		.byte	0x1
 1345 007c 03       		.uleb128 0x3
 1346 007d 0E       		.uleb128 0xe
 1347 007e 0B       		.uleb128 0xb
 1348 007f 0B       		.uleb128 0xb
 1349 0080 3A       		.uleb128 0x3a
 1350 0081 0B       		.uleb128 0xb
 1351 0082 3B       		.uleb128 0x3b
 1352 0083 05       		.uleb128 0x5
 1353 0084 01       		.uleb128 0x1
 1354 0085 13       		.uleb128 0x13
 1355 0086 00       		.byte	0
 1356 0087 00       		.byte	0
 1357 0088 0B       		.uleb128 0xb
 1358 0089 0F       		.uleb128 0xf
 1359 008a 00       		.byte	0
 1360 008b 0B       		.uleb128 0xb
 1361 008c 0B       		.uleb128 0xb
 1362 008d 49       		.uleb128 0x49
 1363 008e 13       		.uleb128 0x13
ARM GAS  C:\Users\jo\AppData\Local\Temp\ccsMx4qh.s 			page 25


 1364 008f 00       		.byte	0
 1365 0090 00       		.byte	0
 1366 0091 0C       		.uleb128 0xc
 1367 0092 15       		.uleb128 0x15
 1368 0093 01       		.byte	0x1
 1369 0094 27       		.uleb128 0x27
 1370 0095 19       		.uleb128 0x19
 1371 0096 01       		.uleb128 0x1
 1372 0097 13       		.uleb128 0x13
 1373 0098 00       		.byte	0
 1374 0099 00       		.byte	0
 1375 009a 0D       		.uleb128 0xd
 1376 009b 05       		.uleb128 0x5
 1377 009c 00       		.byte	0
 1378 009d 49       		.uleb128 0x49
 1379 009e 13       		.uleb128 0x13
 1380 009f 00       		.byte	0
 1381 00a0 00       		.byte	0
 1382 00a1 0E       		.uleb128 0xe
 1383 00a2 0F       		.uleb128 0xf
 1384 00a3 00       		.byte	0
 1385 00a4 0B       		.uleb128 0xb
 1386 00a5 0B       		.uleb128 0xb
 1387 00a6 00       		.byte	0
 1388 00a7 00       		.byte	0
 1389 00a8 0F       		.uleb128 0xf
 1390 00a9 13       		.uleb128 0x13
 1391 00aa 01       		.byte	0x1
 1392 00ab 03       		.uleb128 0x3
 1393 00ac 0E       		.uleb128 0xe
 1394 00ad 0B       		.uleb128 0xb
 1395 00ae 05       		.uleb128 0x5
 1396 00af 3A       		.uleb128 0x3a
 1397 00b0 0B       		.uleb128 0xb
 1398 00b1 3B       		.uleb128 0x3b
 1399 00b2 05       		.uleb128 0x5
 1400 00b3 01       		.uleb128 0x1
 1401 00b4 13       		.uleb128 0x13
 1402 00b5 00       		.byte	0
 1403 00b6 00       		.byte	0
 1404 00b7 10       		.uleb128 0x10
 1405 00b8 0D       		.uleb128 0xd
 1406 00b9 00       		.byte	0
 1407 00ba 03       		.uleb128 0x3
 1408 00bb 0E       		.uleb128 0xe
 1409 00bc 3A       		.uleb128 0x3a
 1410 00bd 0B       		.uleb128 0xb
 1411 00be 3B       		.uleb128 0x3b
 1412 00bf 05       		.uleb128 0x5
 1413 00c0 49       		.uleb128 0x49
 1414 00c1 13       		.uleb128 0x13
 1415 00c2 38       		.uleb128 0x38
 1416 00c3 05       		.uleb128 0x5
 1417 00c4 00       		.byte	0
 1418 00c5 00       		.byte	0
 1419 00c6 11       		.uleb128 0x11
 1420 00c7 0D       		.uleb128 0xd
ARM GAS  C:\Users\jo\AppData\Local\Temp\ccsMx4qh.s 			page 26


 1421 00c8 00       		.byte	0
 1422 00c9 03       		.uleb128 0x3
 1423 00ca 08       		.uleb128 0x8
 1424 00cb 3A       		.uleb128 0x3a
 1425 00cc 0B       		.uleb128 0xb
 1426 00cd 3B       		.uleb128 0x3b
 1427 00ce 05       		.uleb128 0x5
 1428 00cf 49       		.uleb128 0x49
 1429 00d0 13       		.uleb128 0x13
 1430 00d1 38       		.uleb128 0x38
 1431 00d2 05       		.uleb128 0x5
 1432 00d3 00       		.byte	0
 1433 00d4 00       		.byte	0
 1434 00d5 12       		.uleb128 0x12
 1435 00d6 0D       		.uleb128 0xd
 1436 00d7 00       		.byte	0
 1437 00d8 03       		.uleb128 0x3
 1438 00d9 08       		.uleb128 0x8
 1439 00da 3A       		.uleb128 0x3a
 1440 00db 0B       		.uleb128 0xb
 1441 00dc 3B       		.uleb128 0x3b
 1442 00dd 0B       		.uleb128 0xb
 1443 00de 49       		.uleb128 0x49
 1444 00df 13       		.uleb128 0x13
 1445 00e0 38       		.uleb128 0x38
 1446 00e1 0B       		.uleb128 0xb
 1447 00e2 00       		.byte	0
 1448 00e3 00       		.byte	0
 1449 00e4 13       		.uleb128 0x13
 1450 00e5 26       		.uleb128 0x26
 1451 00e6 00       		.byte	0
 1452 00e7 49       		.uleb128 0x49
 1453 00e8 13       		.uleb128 0x13
 1454 00e9 00       		.byte	0
 1455 00ea 00       		.byte	0
 1456 00eb 14       		.uleb128 0x14
 1457 00ec 13       		.uleb128 0x13
 1458 00ed 01       		.byte	0x1
 1459 00ee 0B       		.uleb128 0xb
 1460 00ef 0B       		.uleb128 0xb
 1461 00f0 3A       		.uleb128 0x3a
 1462 00f1 0B       		.uleb128 0xb
 1463 00f2 3B       		.uleb128 0x3b
 1464 00f3 0B       		.uleb128 0xb
 1465 00f4 01       		.uleb128 0x1
 1466 00f5 13       		.uleb128 0x13
 1467 00f6 00       		.byte	0
 1468 00f7 00       		.byte	0
 1469 00f8 15       		.uleb128 0x15
 1470 00f9 13       		.uleb128 0x13
 1471 00fa 01       		.byte	0x1
 1472 00fb 0B       		.uleb128 0xb
 1473 00fc 05       		.uleb128 0x5
 1474 00fd 3A       		.uleb128 0x3a
 1475 00fe 0B       		.uleb128 0xb
 1476 00ff 3B       		.uleb128 0x3b
 1477 0100 0B       		.uleb128 0xb
ARM GAS  C:\Users\jo\AppData\Local\Temp\ccsMx4qh.s 			page 27


 1478 0101 01       		.uleb128 0x1
 1479 0102 13       		.uleb128 0x13
 1480 0103 00       		.byte	0
 1481 0104 00       		.byte	0
 1482 0105 16       		.uleb128 0x16
 1483 0106 01       		.uleb128 0x1
 1484 0107 01       		.byte	0x1
 1485 0108 49       		.uleb128 0x49
 1486 0109 13       		.uleb128 0x13
 1487 010a 01       		.uleb128 0x1
 1488 010b 13       		.uleb128 0x13
 1489 010c 00       		.byte	0
 1490 010d 00       		.byte	0
 1491 010e 17       		.uleb128 0x17
 1492 010f 21       		.uleb128 0x21
 1493 0110 00       		.byte	0
 1494 0111 49       		.uleb128 0x49
 1495 0112 13       		.uleb128 0x13
 1496 0113 2F       		.uleb128 0x2f
 1497 0114 0B       		.uleb128 0xb
 1498 0115 00       		.byte	0
 1499 0116 00       		.byte	0
 1500 0117 18       		.uleb128 0x18
 1501 0118 17       		.uleb128 0x17
 1502 0119 01       		.byte	0x1
 1503 011a 0B       		.uleb128 0xb
 1504 011b 0B       		.uleb128 0xb
 1505 011c 3A       		.uleb128 0x3a
 1506 011d 0B       		.uleb128 0xb
 1507 011e 3B       		.uleb128 0x3b
 1508 011f 0B       		.uleb128 0xb
 1509 0120 01       		.uleb128 0x1
 1510 0121 13       		.uleb128 0x13
 1511 0122 00       		.byte	0
 1512 0123 00       		.byte	0
 1513 0124 19       		.uleb128 0x19
 1514 0125 0D       		.uleb128 0xd
 1515 0126 00       		.byte	0
 1516 0127 03       		.uleb128 0x3
 1517 0128 0E       		.uleb128 0xe
 1518 0129 3A       		.uleb128 0x3a
 1519 012a 0B       		.uleb128 0xb
 1520 012b 3B       		.uleb128 0x3b
 1521 012c 0B       		.uleb128 0xb
 1522 012d 49       		.uleb128 0x49
 1523 012e 13       		.uleb128 0x13
 1524 012f 00       		.byte	0
 1525 0130 00       		.byte	0
 1526 0131 1A       		.uleb128 0x1a
 1527 0132 0D       		.uleb128 0xd
 1528 0133 00       		.byte	0
 1529 0134 03       		.uleb128 0x3
 1530 0135 0E       		.uleb128 0xe
 1531 0136 3A       		.uleb128 0x3a
 1532 0137 0B       		.uleb128 0xb
 1533 0138 3B       		.uleb128 0x3b
 1534 0139 05       		.uleb128 0x5
ARM GAS  C:\Users\jo\AppData\Local\Temp\ccsMx4qh.s 			page 28


 1535 013a 49       		.uleb128 0x49
 1536 013b 13       		.uleb128 0x13
 1537 013c 00       		.byte	0
 1538 013d 00       		.byte	0
 1539 013e 1B       		.uleb128 0x1b
 1540 013f 2E       		.uleb128 0x2e
 1541 0140 01       		.byte	0x1
 1542 0141 3F       		.uleb128 0x3f
 1543 0142 19       		.uleb128 0x19
 1544 0143 03       		.uleb128 0x3
 1545 0144 0E       		.uleb128 0xe
 1546 0145 3A       		.uleb128 0x3a
 1547 0146 0B       		.uleb128 0xb
 1548 0147 3B       		.uleb128 0x3b
 1549 0148 0B       		.uleb128 0xb
 1550 0149 27       		.uleb128 0x27
 1551 014a 19       		.uleb128 0x19
 1552 014b 11       		.uleb128 0x11
 1553 014c 01       		.uleb128 0x1
 1554 014d 12       		.uleb128 0x12
 1555 014e 06       		.uleb128 0x6
 1556 014f 40       		.uleb128 0x40
 1557 0150 18       		.uleb128 0x18
 1558 0151 9742     		.uleb128 0x2117
 1559 0153 19       		.uleb128 0x19
 1560 0154 01       		.uleb128 0x1
 1561 0155 13       		.uleb128 0x13
 1562 0156 00       		.byte	0
 1563 0157 00       		.byte	0
 1564 0158 1C       		.uleb128 0x1c
 1565 0159 898201   		.uleb128 0x4109
 1566 015c 00       		.byte	0
 1567 015d 11       		.uleb128 0x11
 1568 015e 01       		.uleb128 0x1
 1569 015f 9542     		.uleb128 0x2115
 1570 0161 19       		.uleb128 0x19
 1571 0162 31       		.uleb128 0x31
 1572 0163 13       		.uleb128 0x13
 1573 0164 00       		.byte	0
 1574 0165 00       		.byte	0
 1575 0166 1D       		.uleb128 0x1d
 1576 0167 2E       		.uleb128 0x2e
 1577 0168 00       		.byte	0
 1578 0169 3F       		.uleb128 0x3f
 1579 016a 19       		.uleb128 0x19
 1580 016b 03       		.uleb128 0x3
 1581 016c 0E       		.uleb128 0xe
 1582 016d 3A       		.uleb128 0x3a
 1583 016e 0B       		.uleb128 0xb
 1584 016f 3B       		.uleb128 0x3b
 1585 0170 0B       		.uleb128 0xb
 1586 0171 27       		.uleb128 0x27
 1587 0172 19       		.uleb128 0x19
 1588 0173 11       		.uleb128 0x11
 1589 0174 01       		.uleb128 0x1
 1590 0175 12       		.uleb128 0x12
 1591 0176 06       		.uleb128 0x6
ARM GAS  C:\Users\jo\AppData\Local\Temp\ccsMx4qh.s 			page 29


 1592 0177 40       		.uleb128 0x40
 1593 0178 18       		.uleb128 0x18
 1594 0179 9742     		.uleb128 0x2117
 1595 017b 19       		.uleb128 0x19
 1596 017c 00       		.byte	0
 1597 017d 00       		.byte	0
 1598 017e 1E       		.uleb128 0x1e
 1599 017f 34       		.uleb128 0x34
 1600 0180 00       		.byte	0
 1601 0181 03       		.uleb128 0x3
 1602 0182 0E       		.uleb128 0xe
 1603 0183 3A       		.uleb128 0x3a
 1604 0184 0B       		.uleb128 0xb
 1605 0185 3B       		.uleb128 0x3b
 1606 0186 05       		.uleb128 0x5
 1607 0187 49       		.uleb128 0x49
 1608 0188 13       		.uleb128 0x13
 1609 0189 3F       		.uleb128 0x3f
 1610 018a 19       		.uleb128 0x19
 1611 018b 3C       		.uleb128 0x3c
 1612 018c 19       		.uleb128 0x19
 1613 018d 00       		.byte	0
 1614 018e 00       		.byte	0
 1615 018f 1F       		.uleb128 0x1f
 1616 0190 34       		.uleb128 0x34
 1617 0191 00       		.byte	0
 1618 0192 03       		.uleb128 0x3
 1619 0193 08       		.uleb128 0x8
 1620 0194 3A       		.uleb128 0x3a
 1621 0195 0B       		.uleb128 0xb
 1622 0196 3B       		.uleb128 0x3b
 1623 0197 05       		.uleb128 0x5
 1624 0198 49       		.uleb128 0x49
 1625 0199 13       		.uleb128 0x13
 1626 019a 3F       		.uleb128 0x3f
 1627 019b 19       		.uleb128 0x19
 1628 019c 3C       		.uleb128 0x3c
 1629 019d 19       		.uleb128 0x19
 1630 019e 00       		.byte	0
 1631 019f 00       		.byte	0
 1632 01a0 20       		.uleb128 0x20
 1633 01a1 34       		.uleb128 0x34
 1634 01a2 00       		.byte	0
 1635 01a3 03       		.uleb128 0x3
 1636 01a4 0E       		.uleb128 0xe
 1637 01a5 3A       		.uleb128 0x3a
 1638 01a6 0B       		.uleb128 0xb
 1639 01a7 3B       		.uleb128 0x3b
 1640 01a8 0B       		.uleb128 0xb
 1641 01a9 49       		.uleb128 0x49
 1642 01aa 13       		.uleb128 0x13
 1643 01ab 3F       		.uleb128 0x3f
 1644 01ac 19       		.uleb128 0x19
 1645 01ad 02       		.uleb128 0x2
 1646 01ae 18       		.uleb128 0x18
 1647 01af 00       		.byte	0
 1648 01b0 00       		.byte	0
ARM GAS  C:\Users\jo\AppData\Local\Temp\ccsMx4qh.s 			page 30


 1649 01b1 21       		.uleb128 0x21
 1650 01b2 2E       		.uleb128 0x2e
 1651 01b3 00       		.byte	0
 1652 01b4 3F       		.uleb128 0x3f
 1653 01b5 19       		.uleb128 0x19
 1654 01b6 03       		.uleb128 0x3
 1655 01b7 0E       		.uleb128 0xe
 1656 01b8 3A       		.uleb128 0x3a
 1657 01b9 0B       		.uleb128 0xb
 1658 01ba 3B       		.uleb128 0x3b
 1659 01bb 05       		.uleb128 0x5
 1660 01bc 27       		.uleb128 0x27
 1661 01bd 19       		.uleb128 0x19
 1662 01be 3C       		.uleb128 0x3c
 1663 01bf 19       		.uleb128 0x19
 1664 01c0 00       		.byte	0
 1665 01c1 00       		.byte	0
 1666 01c2 00       		.byte	0
 1667              		.section	.debug_aranges,"",%progbits
 1668 0000 24000000 		.4byte	0x24
 1669 0004 0200     		.2byte	0x2
 1670 0006 00000000 		.4byte	.Ldebug_info0
 1671 000a 04       		.byte	0x4
 1672 000b 00       		.byte	0
 1673 000c 0000     		.2byte	0
 1674 000e 0000     		.2byte	0
 1675 0010 00000000 		.4byte	.LFB255
 1676 0014 04000000 		.4byte	.LFE255-.LFB255
 1677 0018 00000000 		.4byte	.LFB256
 1678 001c 02000000 		.4byte	.LFE256-.LFB256
 1679 0020 00000000 		.4byte	0
 1680 0024 00000000 		.4byte	0
 1681              		.section	.debug_ranges,"",%progbits
 1682              	.Ldebug_ranges0:
 1683 0000 00000000 		.4byte	.LFB255
 1684 0004 04000000 		.4byte	.LFE255
 1685 0008 00000000 		.4byte	.LFB256
 1686 000c 02000000 		.4byte	.LFE256
 1687 0010 00000000 		.4byte	0
 1688 0014 00000000 		.4byte	0
 1689              		.section	.debug_line,"",%progbits
 1690              	.Ldebug_line0:
 1691 0000 F2020000 		.section	.debug_str,"MS",%progbits,1
 1691      0200CB02 
 1691      00000201 
 1691      FB0E0D00 
 1691      01010101 
 1692              	.LASF129:
 1693 0000 73746D33 		.ascii	"stm32_gpio_setup_t\000"
 1693      325F6770 
 1693      696F5F73 
 1693      65747570 
 1693      5F7400
 1694              	.LASF98:
 1695 0013 74625F70 		.ascii	"tb_ptr\000"
 1695      747200
 1696              	.LASF54:
ARM GAS  C:\Users\jo\AppData\Local\Temp\ccsMx4qh.s 			page 31


 1697 001a 72656164 		.ascii	"ready_list_t\000"
 1697      795F6C69 
 1697      73745F74 
 1697      00
 1698              	.LASF92:
 1699 0027 73655F74 		.ascii	"se_time\000"
 1699      696D6500 
 1700              	.LASF2:
 1701 002f 73697A65 		.ascii	"size_t\000"
 1701      5F7400
 1702              	.LASF143:
 1703 0036 2E2E2F2E 		.ascii	"../../../os/hal/boards/ST_STM32F4_DISCOVERY/board.c"
 1703      2E2F2E2E 
 1703      2F6F732F 
 1703      68616C2F 
 1703      626F6172 
 1704 0069 00       		.ascii	"\000"
 1705              	.LASF17:
 1706 006a 75696E74 		.ascii	"uint64_t\000"
 1706      36345F74 
 1706      00
 1707              	.LASF84:
 1708 0073 6B65726E 		.ascii	"kernel_stats\000"
 1708      656C5F73 
 1708      74617473 
 1708      00
 1709              	.LASF3:
 1710 0080 5F5F7569 		.ascii	"__uint8_t\000"
 1710      6E74385F 
 1710      7400
 1711              	.LASF90:
 1712 008a 706F7274 		.ascii	"port_intctx\000"
 1712      5F696E74 
 1712      63747800 
 1713              	.LASF53:
 1714 0096 63685F74 		.ascii	"ch_threads_queue\000"
 1714      68726561 
 1714      64735F71 
 1714      75657565 
 1714      00
 1715              	.LASF73:
 1716 00a7 73797374 		.ascii	"system_debug_t\000"
 1716      656D5F64 
 1716      65627567 
 1716      5F7400
 1717              	.LASF104:
 1718 00b6 776F7273 		.ascii	"worst\000"
 1718      7400
 1719              	.LASF137:
 1720 00bc 50484461 		.ascii	"PHData\000"
 1720      746100
 1721              	.LASF107:
 1722 00c3 74696D65 		.ascii	"time_measurement_t\000"
 1722      5F6D6561 
 1722      73757265 
 1722      6D656E74 
 1722      5F7400
ARM GAS  C:\Users\jo\AppData\Local\Temp\ccsMx4qh.s 			page 32


 1723              	.LASF13:
 1724 00d6 6C6F6E67 		.ascii	"long long unsigned int\000"
 1724      206C6F6E 
 1724      6720756E 
 1724      7369676E 
 1724      65642069 
 1725              	.LASF100:
 1726 00ed 63685F74 		.ascii	"ch_trace_buffer_t\000"
 1726      72616365 
 1726      5F627566 
 1726      6665725F 
 1726      7400
 1727              	.LASF95:
 1728 00ff 73655F73 		.ascii	"se_state\000"
 1728      74617465 
 1728      00
 1729              	.LASF126:
 1730 0108 70757064 		.ascii	"pupdr\000"
 1730      7200
 1731              	.LASF114:
 1732 010e 65786974 		.ascii	"exitcode\000"
 1732      636F6465 
 1732      00
 1733              	.LASF83:
 1734 0117 6D61696E 		.ascii	"mainthread\000"
 1734      74687265 
 1734      616400
 1735              	.LASF70:
 1736 0122 76697274 		.ascii	"virtual_timers_list_t\000"
 1736      75616C5F 
 1736      74696D65 
 1736      72735F6C 
 1736      6973745F 
 1737              	.LASF140:
 1738 0138 49544D5F 		.ascii	"ITM_RxBuffer\000"
 1738      52784275 
 1738      66666572 
 1738      00
 1739              	.LASF19:
 1740 0145 72747469 		.ascii	"rttime_t\000"
 1740      6D655F74 
 1740      00
 1741              	.LASF32:
 1742 014e 705F7072 		.ascii	"p_prio\000"
 1742      696F00
 1743              	.LASF144:
 1744 0155 433A5C55 		.ascii	"C:\\Users\\jo\\Documents\\GitHub\\ChibiOS\\demos\\S"
 1744      73657273 
 1744      5C6A6F5C 
 1744      446F6375 
 1744      6D656E74 
 1745 0181 544D3332 		.ascii	"TM32\\RT-STM32F407-DISCOVERY-uHttp\000"
 1745      5C52542D 
 1745      53544D33 
 1745      32463430 
 1745      372D4449 
 1746              	.LASF11:
ARM GAS  C:\Users\jo\AppData\Local\Temp\ccsMx4qh.s 			page 33


 1747 01a3 6C6F6E67 		.ascii	"long long int\000"
 1747      206C6F6E 
 1747      6720696E 
 1747      7400
 1748              	.LASF1:
 1749 01b1 7369676E 		.ascii	"signed char\000"
 1749      65642063 
 1749      68617200 
 1750              	.LASF47:
 1751 01bd 705F6D70 		.ascii	"p_mpool\000"
 1751      6F6F6C00 
 1752              	.LASF118:
 1753 01c5 6D5F7175 		.ascii	"m_queue\000"
 1753      65756500 
 1754              	.LASF123:
 1755 01cd 6D6F6465 		.ascii	"moder\000"
 1755      7200
 1756              	.LASF80:
 1757 01d3 63685F73 		.ascii	"ch_system\000"
 1757      79737465 
 1757      6D00
 1758              	.LASF8:
 1759 01dd 6C6F6E67 		.ascii	"long int\000"
 1759      20696E74 
 1759      00
 1760              	.LASF134:
 1761 01e6 50454461 		.ascii	"PEData\000"
 1761      746100
 1762              	.LASF21:
 1763 01ed 74737461 		.ascii	"tstate_t\000"
 1763      74655F74 
 1763      00
 1764              	.LASF93:
 1765 01f6 73655F74 		.ascii	"se_tp\000"
 1765      7000
 1766              	.LASF34:
 1767 01fc 705F6E65 		.ascii	"p_newer\000"
 1767      77657200 
 1768              	.LASF97:
 1769 0204 74625F73 		.ascii	"tb_size\000"
 1769      697A6500 
 1770              	.LASF59:
 1771 020c 725F6E65 		.ascii	"r_newer\000"
 1771      77657200 
 1772              	.LASF87:
 1773 0214 72656761 		.ascii	"regarm_t\000"
 1773      726D5F74 
 1773      00
 1774              	.LASF66:
 1775 021d 76745F70 		.ascii	"vt_prev\000"
 1775      72657600 
 1776              	.LASF82:
 1777 0225 76746C69 		.ascii	"vtlist\000"
 1777      737400
 1778              	.LASF74:
 1779 022c 63685F73 		.ascii	"ch_system_debug\000"
 1779      79737465 
ARM GAS  C:\Users\jo\AppData\Local\Temp\ccsMx4qh.s 			page 34


 1779      6D5F6465 
 1779      62756700 
 1780              	.LASF147:
 1781 023c 73746D33 		.ascii	"stm32_clock_init\000"
 1781      325F636C 
 1781      6F636B5F 
 1781      696E6974 
 1781      00
 1782              	.LASF121:
 1783 024d 6D757465 		.ascii	"mutex_t\000"
 1783      785F7400 
 1784              	.LASF131:
 1785 0255 50424461 		.ascii	"PBData\000"
 1785      746100
 1786              	.LASF77:
 1787 025c 6C6F636B 		.ascii	"lock_cnt\000"
 1787      5F636E74 
 1787      00
 1788              	.LASF85:
 1789 0265 69646C65 		.ascii	"idle_thread_wa\000"
 1789      5F746872 
 1789      6561645F 
 1789      776100
 1790              	.LASF26:
 1791 0274 636E745F 		.ascii	"cnt_t\000"
 1791      7400
 1792              	.LASF37:
 1793 027a 705F7374 		.ascii	"p_stklimit\000"
 1793      6B6C696D 
 1793      697400
 1794              	.LASF0:
 1795 0285 756E7369 		.ascii	"unsigned int\000"
 1795      676E6564 
 1795      20696E74 
 1795      00
 1796              	.LASF65:
 1797 0292 76745F6E 		.ascii	"vt_next\000"
 1797      65787400 
 1798              	.LASF42:
 1799 029a 705F6D73 		.ascii	"p_msgqueue\000"
 1799      67717565 
 1799      756500
 1800              	.LASF125:
 1801 02a5 6F737065 		.ascii	"ospeedr\000"
 1801      65647200 
 1802              	.LASF108:
 1803 02ad 6E5F6972 		.ascii	"n_irq\000"
 1803      7100
 1804              	.LASF94:
 1805 02b3 73655F77 		.ascii	"se_wtobjp\000"
 1805      746F626A 
 1805      7000
 1806              	.LASF124:
 1807 02bd 6F747970 		.ascii	"otyper\000"
 1807      657200
 1808              	.LASF145:
 1809 02c4 5F5F6561 		.ascii	"__early_init\000"
ARM GAS  C:\Users\jo\AppData\Local\Temp\ccsMx4qh.s 			page 35


 1809      726C795F 
 1809      696E6974 
 1809      00
 1810              	.LASF6:
 1811 02d1 73686F72 		.ascii	"short unsigned int\000"
 1811      7420756E 
 1811      7369676E 
 1811      65642069 
 1811      6E7400
 1812              	.LASF112:
 1813 02e4 6B65726E 		.ascii	"kernel_stats_t\000"
 1813      656C5F73 
 1813      74617473 
 1813      5F7400
 1814              	.LASF50:
 1815 02f3 63685F74 		.ascii	"ch_thread\000"
 1815      68726561 
 1815      6400
 1816              	.LASF24:
 1817 02fd 6D73675F 		.ascii	"msg_t\000"
 1817      7400
 1818              	.LASF105:
 1819 0303 6C617374 		.ascii	"last\000"
 1819      00
 1820              	.LASF27:
 1821 0308 75636E74 		.ascii	"ucnt_t\000"
 1821      5F7400
 1822              	.LASF79:
 1823 030f 63685F73 		.ascii	"ch_system_t\000"
 1823      79737465 
 1823      6D5F7400 
 1824              	.LASF20:
 1825 031b 746D6F64 		.ascii	"tmode_t\000"
 1825      655F7400 
 1826              	.LASF111:
 1827 0323 6D5F6372 		.ascii	"m_crit_isr\000"
 1827      69745F69 
 1827      737200
 1828              	.LASF55:
 1829 032e 63685F72 		.ascii	"ch_ready_list\000"
 1829      65616479 
 1829      5F6C6973 
 1829      7400
 1830              	.LASF25:
 1831 033c 6576656E 		.ascii	"eventmask_t\000"
 1831      746D6173 
 1831      6B5F7400 
 1832              	.LASF7:
 1833 0348 5F5F696E 		.ascii	"__int32_t\000"
 1833      7433325F 
 1833      7400
 1834              	.LASF136:
 1835 0352 50474461 		.ascii	"PGData\000"
 1835      746100
 1836              	.LASF142:
 1837 0359 474E5520 		.ascii	"GNU C 4.9.3 20141119 (release) [ARM/embedded-4_9-br"
 1837      4320342E 
ARM GAS  C:\Users\jo\AppData\Local\Temp\ccsMx4qh.s 			page 36


 1837      392E3320 
 1837      32303134 
 1837      31313139 
 1838 038c 616E6368 		.ascii	"anch revision 218278] -mcpu=cortex-m4 -mno-thumb-in"
 1838      20726576 
 1838      6973696F 
 1838      6E203231 
 1838      38323738 
 1839 03bf 74657277 		.ascii	"terwork -mthumb -ggdb -O2 -fomit-frame-pointer -fal"
 1839      6F726B20 
 1839      2D6D7468 
 1839      756D6220 
 1839      2D676764 
 1840 03f2 69676E2D 		.ascii	"ign-functions=16 -ffunction-sections -fdata-section"
 1840      66756E63 
 1840      74696F6E 
 1840      733D3136 
 1840      202D6666 
 1841 0425 73202D66 		.ascii	"s -fno-common\000"
 1841      6E6F2D63 
 1841      6F6D6D6F 
 1841      6E00
 1842              	.LASF88:
 1843 0433 73746B61 		.ascii	"stkalign_t\000"
 1843      6C69676E 
 1843      5F7400
 1844              	.LASF41:
 1845 043e 705F7761 		.ascii	"p_waiting\000"
 1845      6974696E 
 1845      6700
 1846              	.LASF86:
 1847 0448 73697A65 		.ascii	"sizetype\000"
 1847      74797065 
 1847      00
 1848              	.LASF71:
 1849 0451 63685F76 		.ascii	"ch_virtual_timers_list\000"
 1849      69727475 
 1849      616C5F74 
 1849      696D6572 
 1849      735F6C69 
 1850              	.LASF96:
 1851 0468 63685F73 		.ascii	"ch_swc_event_t\000"
 1851      77635F65 
 1851      76656E74 
 1851      5F7400
 1852              	.LASF72:
 1853 0477 76745F6C 		.ascii	"vt_lasttime\000"
 1853      61737474 
 1853      696D6500 
 1854              	.LASF35:
 1855 0483 705F6F6C 		.ascii	"p_older\000"
 1855      64657200 
 1856              	.LASF58:
 1857 048b 725F6374 		.ascii	"r_ctx\000"
 1857      7800
 1858              	.LASF102:
 1859 0491 746D5F63 		.ascii	"tm_calibration_t\000"
ARM GAS  C:\Users\jo\AppData\Local\Temp\ccsMx4qh.s 			page 37


 1859      616C6962 
 1859      72617469 
 1859      6F6E5F74 
 1859      00
 1860              	.LASF128:
 1861 04a2 61667268 		.ascii	"afrh\000"
 1861      00
 1862              	.LASF133:
 1863 04a7 50444461 		.ascii	"PDData\000"
 1863      746100
 1864              	.LASF61:
 1865 04ae 725F6375 		.ascii	"r_current\000"
 1865      7272656E 
 1865      7400
 1866              	.LASF60:
 1867 04b8 725F6F6C 		.ascii	"r_older\000"
 1867      64657200 
 1868              	.LASF12:
 1869 04c0 5F5F7569 		.ascii	"__uint64_t\000"
 1869      6E743634 
 1869      5F7400
 1870              	.LASF106:
 1871 04cb 63756D75 		.ascii	"cumulative\000"
 1871      6C617469 
 1871      766500
 1872              	.LASF22:
 1873 04d6 74726566 		.ascii	"trefs_t\000"
 1873      735F7400 
 1874              	.LASF99:
 1875 04de 74625F62 		.ascii	"tb_buffer\000"
 1875      75666665 
 1875      7200
 1876              	.LASF63:
 1877 04e8 76697274 		.ascii	"virtual_timer_t\000"
 1877      75616C5F 
 1877      74696D65 
 1877      725F7400 
 1878              	.LASF31:
 1879 04f8 705F7072 		.ascii	"p_prev\000"
 1879      657600
 1880              	.LASF23:
 1881 04ff 74707269 		.ascii	"tprio_t\000"
 1881      6F5F7400 
 1882              	.LASF117:
 1883 0507 6D757465 		.ascii	"mutex\000"
 1883      7800
 1884              	.LASF109:
 1885 050d 6E5F6374 		.ascii	"n_ctxswc\000"
 1885      78737763 
 1885      00
 1886              	.LASF122:
 1887 0516 5F426F6F 		.ascii	"_Bool\000"
 1887      6C00
 1888              	.LASF15:
 1889 051c 696E7433 		.ascii	"int32_t\000"
 1889      325F7400 
 1890              	.LASF4:
ARM GAS  C:\Users\jo\AppData\Local\Temp\ccsMx4qh.s 			page 38


 1891 0524 756E7369 		.ascii	"unsigned char\000"
 1891      676E6564 
 1891      20636861 
 1891      7200
 1892              	.LASF127:
 1893 0532 6166726C 		.ascii	"afrl\000"
 1893      00
 1894              	.LASF45:
 1895 0537 705F6D74 		.ascii	"p_mtxlist\000"
 1895      786C6973 
 1895      7400
 1896              	.LASF5:
 1897 0541 73686F72 		.ascii	"short int\000"
 1897      7420696E 
 1897      7400
 1898              	.LASF38:
 1899 054b 705F7374 		.ascii	"p_state\000"
 1899      61746500 
 1900              	.LASF146:
 1901 0553 626F6172 		.ascii	"boardInit\000"
 1901      64496E69 
 1901      7400
 1902              	.LASF57:
 1903 055d 725F7072 		.ascii	"r_prio\000"
 1903      696F00
 1904              	.LASF130:
 1905 0564 50414461 		.ascii	"PAData\000"
 1905      746100
 1906              	.LASF116:
 1907 056b 65776D61 		.ascii	"ewmask\000"
 1907      736B00
 1908              	.LASF30:
 1909 0572 705F6E65 		.ascii	"p_next\000"
 1909      787400
 1910              	.LASF39:
 1911 0579 705F666C 		.ascii	"p_flags\000"
 1911      61677300 
 1912              	.LASF48:
 1913 0581 705F7374 		.ascii	"p_stats\000"
 1913      61747300 
 1914              	.LASF138:
 1915 0589 50494461 		.ascii	"PIData\000"
 1915      746100
 1916              	.LASF64:
 1917 0590 63685F76 		.ascii	"ch_virtual_timer\000"
 1917      69727475 
 1917      616C5F74 
 1917      696D6572 
 1917      00
 1918              	.LASF44:
 1919 05a1 705F6570 		.ascii	"p_epending\000"
 1919      656E6469 
 1919      6E6700
 1920              	.LASF16:
 1921 05ac 75696E74 		.ascii	"uint32_t\000"
 1921      33325F74 
 1921      00
ARM GAS  C:\Users\jo\AppData\Local\Temp\ccsMx4qh.s 			page 39


 1922              	.LASF56:
 1923 05b5 725F7175 		.ascii	"r_queue\000"
 1923      65756500 
 1924              	.LASF67:
 1925 05bd 76745F64 		.ascii	"vt_delta\000"
 1925      656C7461 
 1925      00
 1926              	.LASF51:
 1927 05c6 63685F74 		.ascii	"ch_threads_list\000"
 1927      68726561 
 1927      64735F6C 
 1927      69737400 
 1928              	.LASF10:
 1929 05d6 6C6F6E67 		.ascii	"long unsigned int\000"
 1929      20756E73 
 1929      69676E65 
 1929      6420696E 
 1929      7400
 1930              	.LASF91:
 1931 05e8 63686172 		.ascii	"char\000"
 1931      00
 1932              	.LASF29:
 1933 05ed 74687265 		.ascii	"thread_t\000"
 1933      61645F74 
 1933      00
 1934              	.LASF103:
 1935 05f6 62657374 		.ascii	"best\000"
 1935      00
 1936              	.LASF120:
 1937 05fb 6D5F6E65 		.ascii	"m_next\000"
 1937      787400
 1938              	.LASF28:
 1939 0602 73797374 		.ascii	"systime_t\000"
 1939      696D655F 
 1939      7400
 1940              	.LASF46:
 1941 060c 705F7265 		.ascii	"p_realprio\000"
 1941      616C7072 
 1941      696F00
 1942              	.LASF62:
 1943 0617 76746675 		.ascii	"vtfunc_t\000"
 1943      6E635F74 
 1943      00
 1944              	.LASF9:
 1945 0620 5F5F7569 		.ascii	"__uint32_t\000"
 1945      6E743332 
 1945      5F7400
 1946              	.LASF75:
 1947 062b 70616E69 		.ascii	"panic_msg\000"
 1947      635F6D73 
 1947      6700
 1948              	.LASF101:
 1949 0635 6F666673 		.ascii	"offset\000"
 1949      657400
 1950              	.LASF89:
 1951 063c 636F6E74 		.ascii	"context\000"
 1951      65787400 
ARM GAS  C:\Users\jo\AppData\Local\Temp\ccsMx4qh.s 			page 40


 1952              	.LASF18:
 1953 0644 7274636E 		.ascii	"rtcnt_t\000"
 1953      745F7400 
 1954              	.LASF69:
 1955 064c 76745F70 		.ascii	"vt_par\000"
 1955      617200
 1956              	.LASF139:
 1957 0653 50414C43 		.ascii	"PALConfig\000"
 1957      6F6E6669 
 1957      6700
 1958              	.LASF52:
 1959 065d 74687265 		.ascii	"threads_queue_t\000"
 1959      6164735F 
 1959      71756575 
 1959      655F7400 
 1960              	.LASF113:
 1961 066d 7264796D 		.ascii	"rdymsg\000"
 1961      736700
 1962              	.LASF40:
 1963 0674 705F7265 		.ascii	"p_refs\000"
 1963      667300
 1964              	.LASF76:
 1965 067b 6973725F 		.ascii	"isr_cnt\000"
 1965      636E7400 
 1966              	.LASF81:
 1967 0683 726C6973 		.ascii	"rlist\000"
 1967      7400
 1968              	.LASF14:
 1969 0689 75696E74 		.ascii	"uint8_t\000"
 1969      385F7400 
 1970              	.LASF115:
 1971 0691 77746F62 		.ascii	"wtobjp\000"
 1971      6A7000
 1972              	.LASF36:
 1973 0698 705F6E61 		.ascii	"p_name\000"
 1973      6D6500
 1974              	.LASF132:
 1975 069f 50434461 		.ascii	"PCData\000"
 1975      746100
 1976              	.LASF49:
 1977 06a6 74687265 		.ascii	"threads_list_t\000"
 1977      6164735F 
 1977      6C697374 
 1977      5F7400
 1978              	.LASF78:
 1979 06b5 74726163 		.ascii	"trace_buffer\000"
 1979      655F6275 
 1979      66666572 
 1979      00
 1980              	.LASF43:
 1981 06c2 705F6D73 		.ascii	"p_msg\000"
 1981      6700
 1982              	.LASF135:
 1983 06c8 50464461 		.ascii	"PFData\000"
 1983      746100
 1984              	.LASF110:
 1985 06cf 6D5F6372 		.ascii	"m_crit_thd\000"
ARM GAS  C:\Users\jo\AppData\Local\Temp\ccsMx4qh.s 			page 41


 1985      69745F74 
 1985      686400
 1986              	.LASF119:
 1987 06da 6D5F6F77 		.ascii	"m_owner\000"
 1987      6E657200 
 1988              	.LASF141:
 1989 06e2 70616C5F 		.ascii	"pal_default_config\000"
 1989      64656661 
 1989      756C745F 
 1989      636F6E66 
 1989      696700
 1990              	.LASF33:
 1991 06f5 705F6374 		.ascii	"p_ctx\000"
 1991      7800
 1992              	.LASF68:
 1993 06fb 76745F66 		.ascii	"vt_func\000"
 1993      756E6300 
 1994              		.ident	"GCC: (GNU Tools for ARM Embedded Processors) 4.9.3 20141119 (release) [ARM/embedded-4_9-br
ARM GAS  C:\Users\jo\AppData\Local\Temp\ccsMx4qh.s 			page 42


DEFINED SYMBOLS
                            *ABS*:00000000 board.c
C:\Users\jo\AppData\Local\Temp\ccsMx4qh.s:19     .text.__early_init:00000000 $t
C:\Users\jo\AppData\Local\Temp\ccsMx4qh.s:25     .text.__early_init:00000000 __early_init
C:\Users\jo\AppData\Local\Temp\ccsMx4qh.s:40     .text.boardInit:00000000 $t
C:\Users\jo\AppData\Local\Temp\ccsMx4qh.s:46     .text.boardInit:00000000 boardInit
C:\Users\jo\AppData\Local\Temp\ccsMx4qh.s:62     .rodata.pal_default_config:00000000 pal_default_config
C:\Users\jo\AppData\Local\Temp\ccsMx4qh.s:59     .rodata.pal_default_config:00000000 $d
                     .debug_frame:00000010 $d

UNDEFINED SYMBOLS
stm32_clock_init
