ARM GAS  C:\Users\jo\AppData\Local\Temp\ccGjgqvV.s 			page 1


   1              		.syntax unified
   2              		.cpu cortex-m4
   3              		.fpu softvfp
   4              		.eabi_attribute 20, 1
   5              		.eabi_attribute 21, 1
   6              		.eabi_attribute 23, 3
   7              		.eabi_attribute 24, 1
   8              		.eabi_attribute 25, 1
   9              		.eabi_attribute 26, 1
  10              		.eabi_attribute 30, 2
  11              		.eabi_attribute 34, 1
  12              		.eabi_attribute 18, 4
  13              		.thumb
  14              		.file	"crt0.c"
  15              		.text
  16              	.Ltext0:
  17              		.cfi_sections	.debug_frame
  18              		.section	.text.__early_init,"ax",%progbits
  19              		.align	2
  20              		.p2align 4,,15
  21              		.weak	__early_init
  22              		.thumb
  23              		.thumb_func
  24              		.type	__early_init, %function
  25              	__early_init:
  26              	.LFB0:
  27              		.file 1 "../../../os/common/ports/ARMCMx/compilers/GCC/crt0.c"
  28              		.loc 1 226 0
  29              		.cfi_startproc
  30              		@ args = 0, pretend = 0, frame = 0
  31              		@ frame_needed = 0, uses_anonymous_args = 0
  32              		@ link register save eliminated.
  33 0000 7047     		bx	lr
  34              		.cfi_endproc
  35              	.LFE0:
  36              		.size	__early_init, .-__early_init
  37 0002 00BFAFF3 		.section	.text.__late_init,"ax",%progbits
  37      0080AFF3 
  37      0080AFF3 
  37      0080
  38              		.align	2
  39              		.p2align 4,,15
  40              		.weak	__late_init
  41              		.thumb
  42              		.thumb_func
  43              		.type	__late_init, %function
  44              	__late_init:
  45              	.LFB1:
  46              		.loc 1 238 0
  47              		.cfi_startproc
  48              		@ args = 0, pretend = 0, frame = 0
  49              		@ frame_needed = 0, uses_anonymous_args = 0
  50              		@ link register save eliminated.
  51 0000 7047     		bx	lr
  52              		.cfi_endproc
  53              	.LFE1:
  54              		.size	__late_init, .-__late_init
ARM GAS  C:\Users\jo\AppData\Local\Temp\ccGjgqvV.s 			page 2


  55 0002 00BFAFF3 		.section	.text._default_exit,"ax",%progbits
  55      0080AFF3 
  55      0080AFF3 
  55      0080
  56              		.align	2
  57              		.p2align 4,,15
  58              		.weak	_default_exit
  59              		.thumb
  60              		.thumb_func
  61              		.type	_default_exit, %function
  62              	_default_exit:
  63              	.LFB2:
  64              		.loc 1 249 0
  65              		.cfi_startproc
  66              		@ Volatile: function does not return.
  67              		@ args = 0, pretend = 0, frame = 0
  68              		@ frame_needed = 0, uses_anonymous_args = 0
  69              		@ link register save eliminated.
  70              	.L4:
  71              		.loc 1 251 0 discriminator 1
  72 0000 FEE7     		b	.L4
  73              		.cfi_endproc
  74              	.LFE2:
  75              		.size	_default_exit, .-_default_exit
  76 0002 00BFAFF3 		.section	.text.Reset_Handler,"ax",%progbits
  76      0080AFF3 
  76      0080AFF3 
  76      0080
  77              		.align	2
  78              		.p2align 4,,15
  79              		.global	Reset_Handler
  80              		.thumb
  81              		.thumb_func
  82              		.type	Reset_Handler, %function
  83              	Reset_Handler:
  84              	.LFB3:
  85              		.loc 1 260 0
  86              		.cfi_startproc
  87              		@ Naked Function: prologue and epilogue provided by programmer.
  88              		@ args = 0, pretend = 0, frame = 0
  89              		@ frame_needed = 0, uses_anonymous_args = 0
  90              		.loc 1 266 0
  91              	@ 266 "../../../os/common/ports/ARMCMx/compilers/GCC/crt0.c" 1
  92 0000 72B6     		cpsid   i
  93              	@ 0 "" 2
  94              		.loc 1 267 0
  95              		.thumb
  96 0002 314C     		ldr	r4, .L31
  97              	.LVL0:
  98              		.loc 1 268 0
  99              	@ 268 "../../../os/common/ports/ARMCMx/compilers/GCC/crt0.c" 1
 100 0004 84F30988 		msr     PSP, r4
 101              	@ 0 "" 2
 102              	.LVL1:
 103              		.loc 1 288 0
 104              		.thumb
 105 0008 0223     		movs	r3, #2
ARM GAS  C:\Users\jo\AppData\Local\Temp\ccGjgqvV.s 			page 3


 106              	@ 288 "../../../os/common/ports/ARMCMx/compilers/GCC/crt0.c" 1
 107 000a 83F31488 		msr     CONTROL, r3
 108              	@ 0 "" 2
 109              		.loc 1 289 0
 110              	@ 289 "../../../os/common/ports/ARMCMx/compilers/GCC/crt0.c" 1
 111 000e BFF36F8F 		isb
 112              	@ 0 "" 2
 113              		.loc 1 292 0
 114              		.thumb
 115 0012 FFF7FEFF 		bl	__early_init
 116              	.LVL2:
 117              	.LBB2:
 118              		.loc 1 296 0
 119 0016 2D4B     		ldr	r3, .L31+4
 120 0018 2D4A     		ldr	r2, .L31+8
 121 001a 9342     		cmp	r3, r2
 122 001c 0BD2     		bcs	.L10
 123 001e D943     		mvns	r1, r3
 124 0020 0A44     		add	r2, r2, r1
 125 0022 22F00302 		bic	r2, r2, #3
 126 0026 0432     		adds	r2, r2, #4
 127 0028 1A44     		add	r2, r2, r3
 128 002a 4FF05531 		mov	r1, #1431655765
 129              	.LVL3:
 130              	.L9:
 131              		.loc 1 296 0 is_stmt 0 discriminator 3
 132 002e 43F8041B 		str	r1, [r3], #4
 133              	.LVL4:
 134 0032 9342     		cmp	r3, r2
 135 0034 FBD1     		bne	.L9
 136              	.LVL5:
 137              	.L10:
 138              	.LBE2:
 139              	.LBB3:
 140              		.loc 1 299 0 is_stmt 1
 141 0036 274B     		ldr	r3, .L31+12
 142 0038 A342     		cmp	r3, r4
 143 003a 0CD2     		bcs	.L8
 144 003c 264A     		ldr	r2, .L31+16
 145 003e 191D     		adds	r1, r3, #4
 146 0040 521A     		subs	r2, r2, r1
 147 0042 22F00302 		bic	r2, r2, #3
 148 0046 0432     		adds	r2, r2, #4
 149 0048 1A44     		add	r2, r2, r3
 150 004a 4FF05531 		mov	r1, #1431655765
 151              	.LVL6:
 152              	.L13:
 153              		.loc 1 299 0 is_stmt 0 discriminator 3
 154 004e 43F8041B 		str	r1, [r3], #4
 155              	.LVL7:
 156 0052 9342     		cmp	r3, r2
 157 0054 FBD1     		bne	.L13
 158              	.LVL8:
 159              	.L8:
 160              	.LBE3:
 161              	.LBB4:
 162              		.loc 1 311 0 is_stmt 1
ARM GAS  C:\Users\jo\AppData\Local\Temp\ccGjgqvV.s 			page 4


 163 0056 214A     		ldr	r2, .L31+20
 164 0058 214B     		ldr	r3, .L31+24
 165 005a 9A42     		cmp	r2, r3
 166 005c 0CD2     		bcs	.L12
 167 005e D043     		mvns	r0, r2
 168 0060 1844     		add	r0, r0, r3
 169 0062 20F00300 		bic	r0, r0, #3
 170 0066 1F4B     		ldr	r3, .L31+28
 171 0068 0430     		adds	r0, r0, #4
 172 006a 1844     		add	r0, r0, r3
 173              	.LVL9:
 174              	.L16:
 175              		.loc 1 312 0
 176 006c 53F8041B 		ldr	r1, [r3], #4
 177              	.LVL10:
 178 0070 42F8041B 		str	r1, [r2], #4
 179              	.LVL11:
 180              		.loc 1 311 0
 181 0074 8342     		cmp	r3, r0
 182 0076 F9D1     		bne	.L16
 183              	.LVL12:
 184              	.L12:
 185              	.LBE4:
 186              	.LBB5:
 187              		.loc 1 318 0
 188 0078 1B4B     		ldr	r3, .L31+32
 189 007a 1C4A     		ldr	r2, .L31+36
 190 007c 9342     		cmp	r3, r2
 191 007e 0AD2     		bcs	.L15
 192 0080 D943     		mvns	r1, r3
 193 0082 0A44     		add	r2, r2, r1
 194 0084 22F00302 		bic	r2, r2, #3
 195 0088 0432     		adds	r2, r2, #4
 196 008a 1A44     		add	r2, r2, r3
 197 008c 0021     		movs	r1, #0
 198              	.LVL13:
 199              	.L19:
 200              		.loc 1 318 0 is_stmt 0 discriminator 3
 201 008e 43F8041B 		str	r1, [r3], #4
 202              	.LVL14:
 203 0092 9342     		cmp	r3, r2
 204 0094 FBD1     		bne	.L19
 205              	.LVL15:
 206              	.L15:
 207              	.LBE5:
 208              	.LBB6:
 209              		.loc 1 328 0 is_stmt 1
 210 0096 164D     		ldr	r5, .L31+40
 211 0098 164C     		ldr	r4, .L31+44
 212              	.LBE6:
 213              		.loc 1 322 0
 214 009a FFF7FEFF 		bl	__late_init
 215              	.LVL16:
 216              	.LBB7:
 217              		.loc 1 328 0
 218 009e AC42     		cmp	r4, r5
 219 00a0 04D2     		bcs	.L18
ARM GAS  C:\Users\jo\AppData\Local\Temp\ccGjgqvV.s 			page 5


 220              	.LVL17:
 221              	.L17:
 222              		.loc 1 329 0
 223 00a2 54F8043B 		ldr	r3, [r4], #4
 224              	.LVL18:
 225 00a6 9847     		blx	r3
 226              	.LVL19:
 227              		.loc 1 328 0
 228 00a8 AC42     		cmp	r4, r5
 229 00aa FAD3     		bcc	.L17
 230              	.LVL20:
 231              	.L18:
 232              	.LBE7:
 233              	.LBB8:
 234              		.loc 1 342 0
 235 00ac 124D     		ldr	r5, .L31+48
 236 00ae 134C     		ldr	r4, .L31+52
 237              	.LBE8:
 238              		.loc 1 336 0
 239 00b0 FFF7FEFF 		bl	main
 240              	.LVL21:
 241              	.LBB9:
 242              		.loc 1 342 0
 243 00b4 AC42     		cmp	r4, r5
 244 00b6 04D2     		bcs	.L21
 245              	.LVL22:
 246              	.L20:
 247              		.loc 1 343 0
 248 00b8 54F8043B 		ldr	r3, [r4], #4
 249              	.LVL23:
 250 00bc 9847     		blx	r3
 251              	.LVL24:
 252              		.loc 1 342 0
 253 00be AC42     		cmp	r4, r5
 254 00c0 FAD3     		bcc	.L20
 255              	.LVL25:
 256              	.L21:
 257              	.LBE9:
 258              		.loc 1 350 0
 259 00c2 FFF7FEFF 		bl	_default_exit
 260              	.LVL26:
 261              	.L32:
 262 00c6 00BF     		.align	2
 263              	.L31:
 264 00c8 00000000 		.word	__process_stack_end__
 265 00cc 00000000 		.word	__main_stack_base__
 266 00d0 00000000 		.word	__main_stack_end__
 267 00d4 00000000 		.word	__process_stack_base__
 268 00d8 03000000 		.word	__process_stack_end__+3
 269 00dc 00000000 		.word	_data
 270 00e0 00000000 		.word	_edata
 271 00e4 00000000 		.word	_textdata
 272 00e8 00000000 		.word	_bss_start
 273 00ec 00000000 		.word	_bss_end
 274 00f0 00000000 		.word	__init_array_end
 275 00f4 00000000 		.word	__init_array_start
 276 00f8 00000000 		.word	__fini_array_end
ARM GAS  C:\Users\jo\AppData\Local\Temp\ccGjgqvV.s 			page 6


 277 00fc 00000000 		.word	__fini_array_start
 278              		.cfi_endproc
 279              	.LFE3:
 280              		.size	Reset_Handler, .-Reset_Handler
 281              		.text
 282              	.Letext0:
 283              		.file 2 "c:\\program files\\gnu tools arm embedded\\4.9 2014q4\\arm-none-eabi\\include\\machine\\_
 284              		.file 3 "c:\\program files\\gnu tools arm embedded\\4.9 2014q4\\arm-none-eabi\\include\\stdint.h"
 285              		.section	.debug_info,"",%progbits
 286              	.Ldebug_info0:
 287 0000 AE020000 		.4byte	0x2ae
 288 0004 0400     		.2byte	0x4
 289 0006 00000000 		.4byte	.Ldebug_abbrev0
 290 000a 04       		.byte	0x4
 291 000b 01       		.uleb128 0x1
 292 000c 63000000 		.4byte	.LASF31
 293 0010 01       		.byte	0x1
 294 0011 32020000 		.4byte	.LASF32
 295 0015 0B000000 		.4byte	.LASF33
 296 0019 30000000 		.4byte	.Ldebug_ranges0+0x30
 297 001d 00000000 		.4byte	0
 298 0021 00000000 		.4byte	.Ldebug_line0
 299 0025 02       		.uleb128 0x2
 300 0026 01       		.byte	0x1
 301 0027 06       		.byte	0x6
 302 0028 D1020000 		.4byte	.LASF0
 303 002c 03       		.uleb128 0x3
 304 002d 59000000 		.4byte	.LASF5
 305 0031 02       		.byte	0x2
 306 0032 1D       		.byte	0x1d
 307 0033 37000000 		.4byte	0x37
 308 0037 02       		.uleb128 0x2
 309 0038 01       		.byte	0x1
 310 0039 08       		.byte	0x8
 311 003a 8A010000 		.4byte	.LASF1
 312 003e 02       		.uleb128 0x2
 313 003f 02       		.byte	0x2
 314 0040 05       		.byte	0x5
 315 0041 A7020000 		.4byte	.LASF2
 316 0045 02       		.uleb128 0x2
 317 0046 02       		.byte	0x2
 318 0047 07       		.byte	0x7
 319 0048 B6010000 		.4byte	.LASF3
 320 004c 02       		.uleb128 0x2
 321 004d 04       		.byte	0x4
 322 004e 05       		.byte	0x5
 323 004f C2020000 		.4byte	.LASF4
 324 0053 03       		.uleb128 0x3
 325 0054 F6010000 		.4byte	.LASF6
 326 0058 02       		.byte	0x2
 327 0059 41       		.byte	0x41
 328 005a 5E000000 		.4byte	0x5e
 329 005e 02       		.uleb128 0x2
 330 005f 04       		.byte	0x4
 331 0060 07       		.byte	0x7
 332 0061 A4010000 		.4byte	.LASF7
 333 0065 02       		.uleb128 0x2
ARM GAS  C:\Users\jo\AppData\Local\Temp\ccGjgqvV.s 			page 7


 334 0066 08       		.byte	0x8
 335 0067 05       		.byte	0x5
 336 0068 7E020000 		.4byte	.LASF8
 337 006c 02       		.uleb128 0x2
 338 006d 08       		.byte	0x8
 339 006e 07       		.byte	0x7
 340 006f 13020000 		.4byte	.LASF9
 341 0073 04       		.uleb128 0x4
 342 0074 04       		.byte	0x4
 343 0075 05       		.byte	0x5
 344 0076 696E7400 		.ascii	"int\000"
 345 007a 02       		.uleb128 0x2
 346 007b 04       		.byte	0x4
 347 007c 07       		.byte	0x7
 348 007d 06020000 		.4byte	.LASF10
 349 0081 03       		.uleb128 0x3
 350 0082 2A020000 		.4byte	.LASF11
 351 0086 03       		.byte	0x3
 352 0087 15       		.byte	0x15
 353 0088 2C000000 		.4byte	0x2c
 354 008c 03       		.uleb128 0x3
 355 008d B9020000 		.4byte	.LASF12
 356 0091 03       		.byte	0x3
 357 0092 2D       		.byte	0x2d
 358 0093 53000000 		.4byte	0x53
 359 0097 03       		.uleb128 0x3
 360 0098 B1020000 		.4byte	.LASF13
 361 009c 01       		.byte	0x1
 362 009d 2C       		.byte	0x2c
 363 009e A2000000 		.4byte	0xa2
 364 00a2 05       		.uleb128 0x5
 365 00a3 04       		.byte	0x4
 366 00a4 A8000000 		.4byte	0xa8
 367 00a8 06       		.uleb128 0x6
 368 00a9 03       		.uleb128 0x3
 369 00aa 73010000 		.4byte	.LASF14
 370 00ae 01       		.byte	0x1
 371 00af 2D       		.byte	0x2d
 372 00b0 B4000000 		.4byte	0xb4
 373 00b4 05       		.uleb128 0x5
 374 00b5 04       		.byte	0x4
 375 00b6 97000000 		.4byte	0x97
 376 00ba 07       		.uleb128 0x7
 377 00bb 71020000 		.4byte	.LASF15
 378 00bf 01       		.byte	0x1
 379 00c0 E2       		.byte	0xe2
 380 00c1 00000000 		.4byte	.LFB0
 381 00c5 02000000 		.4byte	.LFE0-.LFB0
 382 00c9 01       		.uleb128 0x1
 383 00ca 9C       		.byte	0x9c
 384 00cb 07       		.uleb128 0x7
 385 00cc 98010000 		.4byte	.LASF16
 386 00d0 01       		.byte	0x1
 387 00d1 EE       		.byte	0xee
 388 00d2 00000000 		.4byte	.LFB1
 389 00d6 02000000 		.4byte	.LFE1-.LFB1
 390 00da 01       		.uleb128 0x1
ARM GAS  C:\Users\jo\AppData\Local\Temp\ccGjgqvV.s 			page 8


 391 00db 9C       		.byte	0x9c
 392 00dc 07       		.uleb128 0x7
 393 00dd 7C010000 		.4byte	.LASF17
 394 00e1 01       		.byte	0x1
 395 00e2 F9       		.byte	0xf9
 396 00e3 00000000 		.4byte	.LFB2
 397 00e7 02000000 		.4byte	.LFE2-.LFB2
 398 00eb 01       		.uleb128 0x1
 399 00ec 9C       		.byte	0x9c
 400 00ed 08       		.uleb128 0x8
 401 00ee 4E010000 		.4byte	.LASF34
 402 00f2 01       		.byte	0x1
 403 00f3 0401     		.2byte	0x104
 404 00f5 00000000 		.4byte	.LFB3
 405 00f9 00010000 		.4byte	.LFE3-.LFB3
 406 00fd 01       		.uleb128 0x1
 407 00fe 9C       		.byte	0x9c
 408 00ff 15020000 		.4byte	0x215
 409 0103 09       		.uleb128 0x9
 410 0104 70737000 		.ascii	"psp\000"
 411 0108 01       		.byte	0x1
 412 0109 0501     		.2byte	0x105
 413 010b 8C000000 		.4byte	0x8c
 414 010f 0A       		.uleb128 0xa
 415 0110 72656700 		.ascii	"reg\000"
 416 0114 01       		.byte	0x1
 417 0115 0501     		.2byte	0x105
 418 0117 8C000000 		.4byte	0x8c
 419 011b 02       		.byte	0x2
 420 011c 0B       		.uleb128 0xb
 421 011d 16000000 		.4byte	.LBB2
 422 0121 20000000 		.4byte	.LBE2-.LBB2
 423 0125 44010000 		.4byte	0x144
 424 0129 0C       		.uleb128 0xc
 425 012a 703100   		.ascii	"p1\000"
 426 012d 01       		.byte	0x1
 427 012e 2801     		.2byte	0x128
 428 0130 15020000 		.4byte	0x215
 429 0134 00000000 		.4byte	.LLST0
 430 0138 09       		.uleb128 0x9
 431 0139 703200   		.ascii	"p2\000"
 432 013c 01       		.byte	0x1
 433 013d 2801     		.2byte	0x128
 434 013f 15020000 		.4byte	0x215
 435 0143 00       		.byte	0
 436 0144 0B       		.uleb128 0xb
 437 0145 36000000 		.4byte	.LBB3
 438 0149 20000000 		.4byte	.LBE3-.LBB3
 439 014d 6C010000 		.4byte	0x16c
 440 0151 0C       		.uleb128 0xc
 441 0152 703100   		.ascii	"p1\000"
 442 0155 01       		.byte	0x1
 443 0156 2B01     		.2byte	0x12b
 444 0158 15020000 		.4byte	0x215
 445 015c 13000000 		.4byte	.LLST1
 446 0160 09       		.uleb128 0x9
 447 0161 703200   		.ascii	"p2\000"
ARM GAS  C:\Users\jo\AppData\Local\Temp\ccGjgqvV.s 			page 9


 448 0164 01       		.byte	0x1
 449 0165 2B01     		.2byte	0x12b
 450 0167 15020000 		.4byte	0x215
 451 016b 00       		.byte	0
 452 016c 0B       		.uleb128 0xb
 453 016d 56000000 		.4byte	.LBB4
 454 0171 22000000 		.4byte	.LBE4-.LBB4
 455 0175 94010000 		.4byte	0x194
 456 0179 0C       		.uleb128 0xc
 457 017a 747000   		.ascii	"tp\000"
 458 017d 01       		.byte	0x1
 459 017e 3301     		.2byte	0x133
 460 0180 15020000 		.4byte	0x215
 461 0184 26000000 		.4byte	.LLST2
 462 0188 09       		.uleb128 0x9
 463 0189 647000   		.ascii	"dp\000"
 464 018c 01       		.byte	0x1
 465 018d 3301     		.2byte	0x133
 466 018f 15020000 		.4byte	0x215
 467 0193 00       		.byte	0
 468 0194 0B       		.uleb128 0xb
 469 0195 78000000 		.4byte	.LBB5
 470 0199 1E000000 		.4byte	.LBE5-.LBB5
 471 019d BC010000 		.4byte	0x1bc
 472 01a1 0C       		.uleb128 0xc
 473 01a2 703100   		.ascii	"p1\000"
 474 01a5 01       		.byte	0x1
 475 01a6 3E01     		.2byte	0x13e
 476 01a8 15020000 		.4byte	0x215
 477 01ac 51000000 		.4byte	.LLST3
 478 01b0 09       		.uleb128 0x9
 479 01b1 703200   		.ascii	"p2\000"
 480 01b4 01       		.byte	0x1
 481 01b5 3E01     		.2byte	0x13e
 482 01b7 15020000 		.4byte	0x215
 483 01bb 00       		.byte	0
 484 01bc 0D       		.uleb128 0xd
 485 01bd 00000000 		.4byte	.Ldebug_ranges0+0
 486 01c1 D6010000 		.4byte	0x1d6
 487 01c5 0C       		.uleb128 0xc
 488 01c6 66707000 		.ascii	"fpp\000"
 489 01ca 01       		.byte	0x1
 490 01cb 4701     		.2byte	0x147
 491 01cd A9000000 		.4byte	0xa9
 492 01d1 64000000 		.4byte	.LLST4
 493 01d5 00       		.byte	0
 494 01d6 0D       		.uleb128 0xd
 495 01d7 18000000 		.4byte	.Ldebug_ranges0+0x18
 496 01db F0010000 		.4byte	0x1f0
 497 01df 0C       		.uleb128 0xc
 498 01e0 66707000 		.ascii	"fpp\000"
 499 01e4 01       		.byte	0x1
 500 01e5 5501     		.2byte	0x155
 501 01e7 A9000000 		.4byte	0xa9
 502 01eb 8F000000 		.4byte	.LLST5
 503 01ef 00       		.byte	0
 504 01f0 0E       		.uleb128 0xe
ARM GAS  C:\Users\jo\AppData\Local\Temp\ccGjgqvV.s 			page 10


 505 01f1 16000000 		.4byte	.LVL2
 506 01f5 BA000000 		.4byte	0xba
 507 01f9 0E       		.uleb128 0xe
 508 01fa 9E000000 		.4byte	.LVL16
 509 01fe CB000000 		.4byte	0xcb
 510 0202 0E       		.uleb128 0xe
 511 0203 B4000000 		.4byte	.LVL21
 512 0207 AA020000 		.4byte	0x2aa
 513 020b 0E       		.uleb128 0xe
 514 020c C6000000 		.4byte	.LVL26
 515 0210 DC000000 		.4byte	0xdc
 516 0214 00       		.byte	0
 517 0215 05       		.uleb128 0x5
 518 0216 04       		.byte	0x4
 519 0217 8C000000 		.4byte	0x8c
 520 021b 0F       		.uleb128 0xf
 521 021c 93020000 		.4byte	.LASF18
 522 0220 01       		.byte	0x1
 523 0221 83       		.byte	0x83
 524 0222 8C000000 		.4byte	0x8c
 525 0226 0F       		.uleb128 0xf
 526 0227 06030000 		.4byte	.LASF19
 527 022b 01       		.byte	0x1
 528 022c 8B       		.byte	0x8b
 529 022d 8C000000 		.4byte	0x8c
 530 0231 0F       		.uleb128 0xf
 531 0232 5C010000 		.4byte	.LASF20
 532 0236 01       		.byte	0x1
 533 0237 92       		.byte	0x92
 534 0238 8C000000 		.4byte	0x8c
 535 023c 0F       		.uleb128 0xf
 536 023d DD020000 		.4byte	.LASF21
 537 0241 01       		.byte	0x1
 538 0242 99       		.byte	0x99
 539 0243 8C000000 		.4byte	0x8c
 540 0247 0F       		.uleb128 0xf
 541 0248 67020000 		.4byte	.LASF22
 542 024c 01       		.byte	0x1
 543 024d 9F       		.byte	0x9f
 544 024e 8C000000 		.4byte	0x8c
 545 0252 0F       		.uleb128 0xf
 546 0253 CB020000 		.4byte	.LASF23
 547 0257 01       		.byte	0x1
 548 0258 A5       		.byte	0xa5
 549 0259 8C000000 		.4byte	0x8c
 550 025d 0F       		.uleb128 0xf
 551 025e 8C020000 		.4byte	.LASF24
 552 0262 01       		.byte	0x1
 553 0263 AB       		.byte	0xab
 554 0264 8C000000 		.4byte	0x8c
 555 0268 0F       		.uleb128 0xf
 556 0269 00000000 		.4byte	.LASF25
 557 026d 01       		.byte	0x1
 558 026e B1       		.byte	0xb1
 559 026f 8C000000 		.4byte	0x8c
 560 0273 0F       		.uleb128 0xf
 561 0274 DC010000 		.4byte	.LASF26
ARM GAS  C:\Users\jo\AppData\Local\Temp\ccGjgqvV.s 			page 11


 562 0278 01       		.byte	0x1
 563 0279 B7       		.byte	0xb7
 564 027a 8C000000 		.4byte	0x8c
 565 027e 0F       		.uleb128 0xf
 566 027f F3020000 		.4byte	.LASF27
 567 0283 01       		.byte	0x1
 568 0284 BD       		.byte	0xbd
 569 0285 97000000 		.4byte	0x97
 570 0289 0F       		.uleb128 0xf
 571 028a E5010000 		.4byte	.LASF28
 572 028e 01       		.byte	0x1
 573 028f C3       		.byte	0xc3
 574 0290 97000000 		.4byte	0x97
 575 0294 0F       		.uleb128 0xf
 576 0295 C9010000 		.4byte	.LASF29
 577 0299 01       		.byte	0x1
 578 029a C9       		.byte	0xc9
 579 029b 97000000 		.4byte	0x97
 580 029f 0F       		.uleb128 0xf
 581 02a0 3D010000 		.4byte	.LASF30
 582 02a4 01       		.byte	0x1
 583 02a5 CF       		.byte	0xcf
 584 02a6 97000000 		.4byte	0x97
 585 02aa 10       		.uleb128 0x10
 586 02ab 01020000 		.4byte	.LASF35
 587 02af 01       		.byte	0x1
 588 02b0 D6       		.byte	0xd6
 589 02b1 00       		.byte	0
 590              		.section	.debug_abbrev,"",%progbits
 591              	.Ldebug_abbrev0:
 592 0000 01       		.uleb128 0x1
 593 0001 11       		.uleb128 0x11
 594 0002 01       		.byte	0x1
 595 0003 25       		.uleb128 0x25
 596 0004 0E       		.uleb128 0xe
 597 0005 13       		.uleb128 0x13
 598 0006 0B       		.uleb128 0xb
 599 0007 03       		.uleb128 0x3
 600 0008 0E       		.uleb128 0xe
 601 0009 1B       		.uleb128 0x1b
 602 000a 0E       		.uleb128 0xe
 603 000b 55       		.uleb128 0x55
 604 000c 17       		.uleb128 0x17
 605 000d 11       		.uleb128 0x11
 606 000e 01       		.uleb128 0x1
 607 000f 10       		.uleb128 0x10
 608 0010 17       		.uleb128 0x17
 609 0011 00       		.byte	0
 610 0012 00       		.byte	0
 611 0013 02       		.uleb128 0x2
 612 0014 24       		.uleb128 0x24
 613 0015 00       		.byte	0
 614 0016 0B       		.uleb128 0xb
 615 0017 0B       		.uleb128 0xb
 616 0018 3E       		.uleb128 0x3e
 617 0019 0B       		.uleb128 0xb
 618 001a 03       		.uleb128 0x3
ARM GAS  C:\Users\jo\AppData\Local\Temp\ccGjgqvV.s 			page 12


 619 001b 0E       		.uleb128 0xe
 620 001c 00       		.byte	0
 621 001d 00       		.byte	0
 622 001e 03       		.uleb128 0x3
 623 001f 16       		.uleb128 0x16
 624 0020 00       		.byte	0
 625 0021 03       		.uleb128 0x3
 626 0022 0E       		.uleb128 0xe
 627 0023 3A       		.uleb128 0x3a
 628 0024 0B       		.uleb128 0xb
 629 0025 3B       		.uleb128 0x3b
 630 0026 0B       		.uleb128 0xb
 631 0027 49       		.uleb128 0x49
 632 0028 13       		.uleb128 0x13
 633 0029 00       		.byte	0
 634 002a 00       		.byte	0
 635 002b 04       		.uleb128 0x4
 636 002c 24       		.uleb128 0x24
 637 002d 00       		.byte	0
 638 002e 0B       		.uleb128 0xb
 639 002f 0B       		.uleb128 0xb
 640 0030 3E       		.uleb128 0x3e
 641 0031 0B       		.uleb128 0xb
 642 0032 03       		.uleb128 0x3
 643 0033 08       		.uleb128 0x8
 644 0034 00       		.byte	0
 645 0035 00       		.byte	0
 646 0036 05       		.uleb128 0x5
 647 0037 0F       		.uleb128 0xf
 648 0038 00       		.byte	0
 649 0039 0B       		.uleb128 0xb
 650 003a 0B       		.uleb128 0xb
 651 003b 49       		.uleb128 0x49
 652 003c 13       		.uleb128 0x13
 653 003d 00       		.byte	0
 654 003e 00       		.byte	0
 655 003f 06       		.uleb128 0x6
 656 0040 15       		.uleb128 0x15
 657 0041 00       		.byte	0
 658 0042 27       		.uleb128 0x27
 659 0043 19       		.uleb128 0x19
 660 0044 00       		.byte	0
 661 0045 00       		.byte	0
 662 0046 07       		.uleb128 0x7
 663 0047 2E       		.uleb128 0x2e
 664 0048 00       		.byte	0
 665 0049 3F       		.uleb128 0x3f
 666 004a 19       		.uleb128 0x19
 667 004b 03       		.uleb128 0x3
 668 004c 0E       		.uleb128 0xe
 669 004d 3A       		.uleb128 0x3a
 670 004e 0B       		.uleb128 0xb
 671 004f 3B       		.uleb128 0x3b
 672 0050 0B       		.uleb128 0xb
 673 0051 27       		.uleb128 0x27
 674 0052 19       		.uleb128 0x19
 675 0053 11       		.uleb128 0x11
ARM GAS  C:\Users\jo\AppData\Local\Temp\ccGjgqvV.s 			page 13


 676 0054 01       		.uleb128 0x1
 677 0055 12       		.uleb128 0x12
 678 0056 06       		.uleb128 0x6
 679 0057 40       		.uleb128 0x40
 680 0058 18       		.uleb128 0x18
 681 0059 9742     		.uleb128 0x2117
 682 005b 19       		.uleb128 0x19
 683 005c 00       		.byte	0
 684 005d 00       		.byte	0
 685 005e 08       		.uleb128 0x8
 686 005f 2E       		.uleb128 0x2e
 687 0060 01       		.byte	0x1
 688 0061 3F       		.uleb128 0x3f
 689 0062 19       		.uleb128 0x19
 690 0063 03       		.uleb128 0x3
 691 0064 0E       		.uleb128 0xe
 692 0065 3A       		.uleb128 0x3a
 693 0066 0B       		.uleb128 0xb
 694 0067 3B       		.uleb128 0x3b
 695 0068 05       		.uleb128 0x5
 696 0069 27       		.uleb128 0x27
 697 006a 19       		.uleb128 0x19
 698 006b 11       		.uleb128 0x11
 699 006c 01       		.uleb128 0x1
 700 006d 12       		.uleb128 0x12
 701 006e 06       		.uleb128 0x6
 702 006f 40       		.uleb128 0x40
 703 0070 18       		.uleb128 0x18
 704 0071 9642     		.uleb128 0x2116
 705 0073 19       		.uleb128 0x19
 706 0074 01       		.uleb128 0x1
 707 0075 13       		.uleb128 0x13
 708 0076 00       		.byte	0
 709 0077 00       		.byte	0
 710 0078 09       		.uleb128 0x9
 711 0079 34       		.uleb128 0x34
 712 007a 00       		.byte	0
 713 007b 03       		.uleb128 0x3
 714 007c 08       		.uleb128 0x8
 715 007d 3A       		.uleb128 0x3a
 716 007e 0B       		.uleb128 0xb
 717 007f 3B       		.uleb128 0x3b
 718 0080 05       		.uleb128 0x5
 719 0081 49       		.uleb128 0x49
 720 0082 13       		.uleb128 0x13
 721 0083 00       		.byte	0
 722 0084 00       		.byte	0
 723 0085 0A       		.uleb128 0xa
 724 0086 34       		.uleb128 0x34
 725 0087 00       		.byte	0
 726 0088 03       		.uleb128 0x3
 727 0089 08       		.uleb128 0x8
 728 008a 3A       		.uleb128 0x3a
 729 008b 0B       		.uleb128 0xb
 730 008c 3B       		.uleb128 0x3b
 731 008d 05       		.uleb128 0x5
 732 008e 49       		.uleb128 0x49
ARM GAS  C:\Users\jo\AppData\Local\Temp\ccGjgqvV.s 			page 14


 733 008f 13       		.uleb128 0x13
 734 0090 1C       		.uleb128 0x1c
 735 0091 0B       		.uleb128 0xb
 736 0092 00       		.byte	0
 737 0093 00       		.byte	0
 738 0094 0B       		.uleb128 0xb
 739 0095 0B       		.uleb128 0xb
 740 0096 01       		.byte	0x1
 741 0097 11       		.uleb128 0x11
 742 0098 01       		.uleb128 0x1
 743 0099 12       		.uleb128 0x12
 744 009a 06       		.uleb128 0x6
 745 009b 01       		.uleb128 0x1
 746 009c 13       		.uleb128 0x13
 747 009d 00       		.byte	0
 748 009e 00       		.byte	0
 749 009f 0C       		.uleb128 0xc
 750 00a0 34       		.uleb128 0x34
 751 00a1 00       		.byte	0
 752 00a2 03       		.uleb128 0x3
 753 00a3 08       		.uleb128 0x8
 754 00a4 3A       		.uleb128 0x3a
 755 00a5 0B       		.uleb128 0xb
 756 00a6 3B       		.uleb128 0x3b
 757 00a7 05       		.uleb128 0x5
 758 00a8 49       		.uleb128 0x49
 759 00a9 13       		.uleb128 0x13
 760 00aa 02       		.uleb128 0x2
 761 00ab 17       		.uleb128 0x17
 762 00ac 00       		.byte	0
 763 00ad 00       		.byte	0
 764 00ae 0D       		.uleb128 0xd
 765 00af 0B       		.uleb128 0xb
 766 00b0 01       		.byte	0x1
 767 00b1 55       		.uleb128 0x55
 768 00b2 17       		.uleb128 0x17
 769 00b3 01       		.uleb128 0x1
 770 00b4 13       		.uleb128 0x13
 771 00b5 00       		.byte	0
 772 00b6 00       		.byte	0
 773 00b7 0E       		.uleb128 0xe
 774 00b8 898201   		.uleb128 0x4109
 775 00bb 00       		.byte	0
 776 00bc 11       		.uleb128 0x11
 777 00bd 01       		.uleb128 0x1
 778 00be 31       		.uleb128 0x31
 779 00bf 13       		.uleb128 0x13
 780 00c0 00       		.byte	0
 781 00c1 00       		.byte	0
 782 00c2 0F       		.uleb128 0xf
 783 00c3 34       		.uleb128 0x34
 784 00c4 00       		.byte	0
 785 00c5 03       		.uleb128 0x3
 786 00c6 0E       		.uleb128 0xe
 787 00c7 3A       		.uleb128 0x3a
 788 00c8 0B       		.uleb128 0xb
 789 00c9 3B       		.uleb128 0x3b
ARM GAS  C:\Users\jo\AppData\Local\Temp\ccGjgqvV.s 			page 15


 790 00ca 0B       		.uleb128 0xb
 791 00cb 49       		.uleb128 0x49
 792 00cc 13       		.uleb128 0x13
 793 00cd 3F       		.uleb128 0x3f
 794 00ce 19       		.uleb128 0x19
 795 00cf 3C       		.uleb128 0x3c
 796 00d0 19       		.uleb128 0x19
 797 00d1 00       		.byte	0
 798 00d2 00       		.byte	0
 799 00d3 10       		.uleb128 0x10
 800 00d4 2E       		.uleb128 0x2e
 801 00d5 00       		.byte	0
 802 00d6 3F       		.uleb128 0x3f
 803 00d7 19       		.uleb128 0x19
 804 00d8 03       		.uleb128 0x3
 805 00d9 0E       		.uleb128 0xe
 806 00da 3A       		.uleb128 0x3a
 807 00db 0B       		.uleb128 0xb
 808 00dc 3B       		.uleb128 0x3b
 809 00dd 0B       		.uleb128 0xb
 810 00de 27       		.uleb128 0x27
 811 00df 19       		.uleb128 0x19
 812 00e0 3C       		.uleb128 0x3c
 813 00e1 19       		.uleb128 0x19
 814 00e2 00       		.byte	0
 815 00e3 00       		.byte	0
 816 00e4 00       		.byte	0
 817              		.section	.debug_loc,"",%progbits
 818              	.Ldebug_loc0:
 819              	.LLST0:
 820 0000 2E000000 		.4byte	.LVL3
 821 0004 36000000 		.4byte	.LVL5
 822 0008 0100     		.2byte	0x1
 823 000a 53       		.byte	0x53
 824 000b 00000000 		.4byte	0
 825 000f 00000000 		.4byte	0
 826              	.LLST1:
 827 0013 4E000000 		.4byte	.LVL6
 828 0017 56000000 		.4byte	.LVL8
 829 001b 0100     		.2byte	0x1
 830 001d 53       		.byte	0x53
 831 001e 00000000 		.4byte	0
 832 0022 00000000 		.4byte	0
 833              	.LLST2:
 834 0026 6C000000 		.4byte	.LVL9
 835 002a 70000000 		.4byte	.LVL10
 836 002e 0100     		.2byte	0x1
 837 0030 53       		.byte	0x53
 838 0031 70000000 		.4byte	.LVL10
 839 0035 74000000 		.4byte	.LVL11
 840 0039 0300     		.2byte	0x3
 841 003b 73       		.byte	0x73
 842 003c 7C       		.sleb128 -4
 843 003d 9F       		.byte	0x9f
 844 003e 74000000 		.4byte	.LVL11
 845 0042 78000000 		.4byte	.LVL12
 846 0046 0100     		.2byte	0x1
ARM GAS  C:\Users\jo\AppData\Local\Temp\ccGjgqvV.s 			page 16


 847 0048 53       		.byte	0x53
 848 0049 00000000 		.4byte	0
 849 004d 00000000 		.4byte	0
 850              	.LLST3:
 851 0051 8E000000 		.4byte	.LVL13
 852 0055 96000000 		.4byte	.LVL15
 853 0059 0100     		.2byte	0x1
 854 005b 53       		.byte	0x53
 855 005c 00000000 		.4byte	0
 856 0060 00000000 		.4byte	0
 857              	.LLST4:
 858 0064 A2000000 		.4byte	.LVL17
 859 0068 A6000000 		.4byte	.LVL18
 860 006c 0100     		.2byte	0x1
 861 006e 54       		.byte	0x54
 862 006f A6000000 		.4byte	.LVL18
 863 0073 A8000000 		.4byte	.LVL19
 864 0077 0300     		.2byte	0x3
 865 0079 74       		.byte	0x74
 866 007a 7C       		.sleb128 -4
 867 007b 9F       		.byte	0x9f
 868 007c A8000000 		.4byte	.LVL19
 869 0080 AC000000 		.4byte	.LVL20
 870 0084 0100     		.2byte	0x1
 871 0086 54       		.byte	0x54
 872 0087 00000000 		.4byte	0
 873 008b 00000000 		.4byte	0
 874              	.LLST5:
 875 008f B8000000 		.4byte	.LVL22
 876 0093 BC000000 		.4byte	.LVL23
 877 0097 0100     		.2byte	0x1
 878 0099 54       		.byte	0x54
 879 009a BC000000 		.4byte	.LVL23
 880 009e BE000000 		.4byte	.LVL24
 881 00a2 0300     		.2byte	0x3
 882 00a4 74       		.byte	0x74
 883 00a5 7C       		.sleb128 -4
 884 00a6 9F       		.byte	0x9f
 885 00a7 BE000000 		.4byte	.LVL24
 886 00ab C2000000 		.4byte	.LVL25
 887 00af 0100     		.2byte	0x1
 888 00b1 54       		.byte	0x54
 889 00b2 00000000 		.4byte	0
 890 00b6 00000000 		.4byte	0
 891              		.section	.debug_aranges,"",%progbits
 892 0000 34000000 		.4byte	0x34
 893 0004 0200     		.2byte	0x2
 894 0006 00000000 		.4byte	.Ldebug_info0
 895 000a 04       		.byte	0x4
 896 000b 00       		.byte	0
 897 000c 0000     		.2byte	0
 898 000e 0000     		.2byte	0
 899 0010 00000000 		.4byte	.LFB0
 900 0014 02000000 		.4byte	.LFE0-.LFB0
 901 0018 00000000 		.4byte	.LFB1
 902 001c 02000000 		.4byte	.LFE1-.LFB1
 903 0020 00000000 		.4byte	.LFB2
ARM GAS  C:\Users\jo\AppData\Local\Temp\ccGjgqvV.s 			page 17


 904 0024 02000000 		.4byte	.LFE2-.LFB2
 905 0028 00000000 		.4byte	.LFB3
 906 002c 00010000 		.4byte	.LFE3-.LFB3
 907 0030 00000000 		.4byte	0
 908 0034 00000000 		.4byte	0
 909              		.section	.debug_ranges,"",%progbits
 910              	.Ldebug_ranges0:
 911 0000 96000000 		.4byte	.LBB6
 912 0004 9A000000 		.4byte	.LBE6
 913 0008 9E000000 		.4byte	.LBB7
 914 000c AC000000 		.4byte	.LBE7
 915 0010 00000000 		.4byte	0
 916 0014 00000000 		.4byte	0
 917 0018 AC000000 		.4byte	.LBB8
 918 001c B0000000 		.4byte	.LBE8
 919 0020 B4000000 		.4byte	.LBB9
 920 0024 C2000000 		.4byte	.LBE9
 921 0028 00000000 		.4byte	0
 922 002c 00000000 		.4byte	0
 923 0030 00000000 		.4byte	.LFB0
 924 0034 02000000 		.4byte	.LFE0
 925 0038 00000000 		.4byte	.LFB1
 926 003c 02000000 		.4byte	.LFE1
 927 0040 00000000 		.4byte	.LFB2
 928 0044 02000000 		.4byte	.LFE2
 929 0048 00000000 		.4byte	.LFB3
 930 004c 00010000 		.4byte	.LFE3
 931 0050 00000000 		.4byte	0
 932 0054 00000000 		.4byte	0
 933              		.section	.debug_line,"",%progbits
 934              	.Ldebug_line0:
 935 0000 88010000 		.section	.debug_str,"MS",%progbits,1
 935      02000501 
 935      00000201 
 935      FB0E0D00 
 935      01010101 
 936              	.LASF25:
 937 0000 5F627373 		.ascii	"_bss_start\000"
 937      5F737461 
 937      727400
 938              	.LASF33:
 939 000b 433A5C55 		.ascii	"C:\\Users\\jo\\Documents\\GitHub\\ChibiOS\\demos\\S"
 939      73657273 
 939      5C6A6F5C 
 939      446F6375 
 939      6D656E74 
 940 0037 544D3332 		.ascii	"TM32\\RT-STM32F407-DISCOVERY-uHttp\000"
 940      5C52542D 
 940      53544D33 
 940      32463430 
 940      372D4449 
 941              	.LASF5:
 942 0059 5F5F7569 		.ascii	"__uint8_t\000"
 942      6E74385F 
 942      7400
 943              	.LASF31:
 944 0063 474E5520 		.ascii	"GNU C 4.9.3 20141119 (release) [ARM/embedded-4_9-br"
ARM GAS  C:\Users\jo\AppData\Local\Temp\ccGjgqvV.s 			page 18


 944      4320342E 
 944      392E3320 
 944      32303134 
 944      31313139 
 945 0096 616E6368 		.ascii	"anch revision 218278] -mcpu=cortex-m4 -mno-thumb-in"
 945      20726576 
 945      6973696F 
 945      6E203231 
 945      38323738 
 946 00c9 74657277 		.ascii	"terwork -mthumb -ggdb -O2 -fomit-frame-pointer -fal"
 946      6F726B20 
 946      2D6D7468 
 946      756D6220 
 946      2D676764 
 947 00fc 69676E2D 		.ascii	"ign-functions=16 -ffunction-sections -fdata-section"
 947      66756E63 
 947      74696F6E 
 947      733D3136 
 947      202D6666 
 948 012f 73202D66 		.ascii	"s -fno-common\000"
 948      6E6F2D63 
 948      6F6D6D6F 
 948      6E00
 949              	.LASF30:
 950 013d 5F5F6669 		.ascii	"__fini_array_end\000"
 950      6E695F61 
 950      72726179 
 950      5F656E64 
 950      00
 951              	.LASF34:
 952 014e 52657365 		.ascii	"Reset_Handler\000"
 952      745F4861 
 952      6E646C65 
 952      7200
 953              	.LASF20:
 954 015c 5F5F7072 		.ascii	"__process_stack_base__\000"
 954      6F636573 
 954      735F7374 
 954      61636B5F 
 954      62617365 
 955              	.LASF14:
 956 0173 66756E63 		.ascii	"funcpp_t\000"
 956      70705F74 
 956      00
 957              	.LASF17:
 958 017c 5F646566 		.ascii	"_default_exit\000"
 958      61756C74 
 958      5F657869 
 958      7400
 959              	.LASF1:
 960 018a 756E7369 		.ascii	"unsigned char\000"
 960      676E6564 
 960      20636861 
 960      7200
 961              	.LASF16:
 962 0198 5F5F6C61 		.ascii	"__late_init\000"
 962      74655F69 
ARM GAS  C:\Users\jo\AppData\Local\Temp\ccGjgqvV.s 			page 19


 962      6E697400 
 963              	.LASF7:
 964 01a4 6C6F6E67 		.ascii	"long unsigned int\000"
 964      20756E73 
 964      69676E65 
 964      6420696E 
 964      7400
 965              	.LASF3:
 966 01b6 73686F72 		.ascii	"short unsigned int\000"
 966      7420756E 
 966      7369676E 
 966      65642069 
 966      6E7400
 967              	.LASF29:
 968 01c9 5F5F6669 		.ascii	"__fini_array_start\000"
 968      6E695F61 
 968      72726179 
 968      5F737461 
 968      727400
 969              	.LASF26:
 970 01dc 5F627373 		.ascii	"_bss_end\000"
 970      5F656E64 
 970      00
 971              	.LASF28:
 972 01e5 5F5F696E 		.ascii	"__init_array_end\000"
 972      69745F61 
 972      72726179 
 972      5F656E64 
 972      00
 973              	.LASF6:
 974 01f6 5F5F7569 		.ascii	"__uint32_t\000"
 974      6E743332 
 974      5F7400
 975              	.LASF35:
 976 0201 6D61696E 		.ascii	"main\000"
 976      00
 977              	.LASF10:
 978 0206 756E7369 		.ascii	"unsigned int\000"
 978      676E6564 
 978      20696E74 
 978      00
 979              	.LASF9:
 980 0213 6C6F6E67 		.ascii	"long long unsigned int\000"
 980      206C6F6E 
 980      6720756E 
 980      7369676E 
 980      65642069 
 981              	.LASF11:
 982 022a 75696E74 		.ascii	"uint8_t\000"
 982      385F7400 
 983              	.LASF32:
 984 0232 2E2E2F2E 		.ascii	"../../../os/common/ports/ARMCMx/compilers/GCC/crt0."
 984      2E2F2E2E 
 984      2F6F732F 
 984      636F6D6D 
 984      6F6E2F70 
 985 0265 6300     		.ascii	"c\000"
ARM GAS  C:\Users\jo\AppData\Local\Temp\ccGjgqvV.s 			page 20


 986              	.LASF22:
 987 0267 5F746578 		.ascii	"_textdata\000"
 987      74646174 
 987      6100
 988              	.LASF15:
 989 0271 5F5F6561 		.ascii	"__early_init\000"
 989      726C795F 
 989      696E6974 
 989      00
 990              	.LASF8:
 991 027e 6C6F6E67 		.ascii	"long long int\000"
 991      206C6F6E 
 991      6720696E 
 991      7400
 992              	.LASF24:
 993 028c 5F656461 		.ascii	"_edata\000"
 993      746100
 994              	.LASF18:
 995 0293 5F5F6D61 		.ascii	"__main_stack_base__\000"
 995      696E5F73 
 995      7461636B 
 995      5F626173 
 995      655F5F00 
 996              	.LASF2:
 997 02a7 73686F72 		.ascii	"short int\000"
 997      7420696E 
 997      7400
 998              	.LASF13:
 999 02b1 66756E63 		.ascii	"funcp_t\000"
 999      705F7400 
 1000              	.LASF12:
 1001 02b9 75696E74 		.ascii	"uint32_t\000"
 1001      33325F74 
 1001      00
 1002              	.LASF4:
 1003 02c2 6C6F6E67 		.ascii	"long int\000"
 1003      20696E74 
 1003      00
 1004              	.LASF23:
 1005 02cb 5F646174 		.ascii	"_data\000"
 1005      6100
 1006              	.LASF0:
 1007 02d1 7369676E 		.ascii	"signed char\000"
 1007      65642063 
 1007      68617200 
 1008              	.LASF21:
 1009 02dd 5F5F7072 		.ascii	"__process_stack_end__\000"
 1009      6F636573 
 1009      735F7374 
 1009      61636B5F 
 1009      656E645F 
 1010              	.LASF27:
 1011 02f3 5F5F696E 		.ascii	"__init_array_start\000"
 1011      69745F61 
 1011      72726179 
 1011      5F737461 
 1011      727400
ARM GAS  C:\Users\jo\AppData\Local\Temp\ccGjgqvV.s 			page 21


 1012              	.LASF19:
 1013 0306 5F5F6D61 		.ascii	"__main_stack_end__\000"
 1013      696E5F73 
 1013      7461636B 
 1013      5F656E64 
 1013      5F5F00
 1014              		.ident	"GCC: (GNU Tools for ARM Embedded Processors) 4.9.3 20141119 (release) [ARM/embedded-4_9-br
ARM GAS  C:\Users\jo\AppData\Local\Temp\ccGjgqvV.s 			page 22


DEFINED SYMBOLS
                            *ABS*:00000000 crt0.c
C:\Users\jo\AppData\Local\Temp\ccGjgqvV.s:19     .text.__early_init:00000000 $t
C:\Users\jo\AppData\Local\Temp\ccGjgqvV.s:25     .text.__early_init:00000000 __early_init
C:\Users\jo\AppData\Local\Temp\ccGjgqvV.s:38     .text.__late_init:00000000 $t
C:\Users\jo\AppData\Local\Temp\ccGjgqvV.s:44     .text.__late_init:00000000 __late_init
C:\Users\jo\AppData\Local\Temp\ccGjgqvV.s:56     .text._default_exit:00000000 $t
C:\Users\jo\AppData\Local\Temp\ccGjgqvV.s:62     .text._default_exit:00000000 _default_exit
C:\Users\jo\AppData\Local\Temp\ccGjgqvV.s:77     .text.Reset_Handler:00000000 $t
C:\Users\jo\AppData\Local\Temp\ccGjgqvV.s:83     .text.Reset_Handler:00000000 Reset_Handler
C:\Users\jo\AppData\Local\Temp\ccGjgqvV.s:264    .text.Reset_Handler:000000c8 $d
                     .debug_frame:00000010 $d

UNDEFINED SYMBOLS
main
__process_stack_end__
__main_stack_base__
__main_stack_end__
__process_stack_base__
_data
_edata
_textdata
_bss_start
_bss_end
__init_array_end
__init_array_start
__fini_array_end
__fini_array_start
