ARM GAS  C:\Users\jo\AppData\Local\Temp\ccwCiFQo.s 			page 1


   1              		.syntax unified
   2              		.cpu cortex-m4
   3              		.fpu softvfp
   4              		.eabi_attribute 20, 1
   5              		.eabi_attribute 21, 1
   6              		.eabi_attribute 23, 3
   7              		.eabi_attribute 24, 1
   8              		.eabi_attribute 25, 1
   9              		.eabi_attribute 26, 1
  10              		.eabi_attribute 30, 2
  11              		.eabi_attribute 34, 1
  12              		.eabi_attribute 18, 4
  13              		.thumb
  14              		.file	"dac_lld.c"
  15              		.text
  16              	.Ltext0:
  17              		.cfi_sections	.debug_frame
  18              	.Letext0:
  19              		.file 1 "c:\\program files\\gnu tools arm embedded\\4.9 2014q4\\arm-none-eabi\\include\\machine\\_
  20              		.file 2 "c:\\program files\\gnu tools arm embedded\\4.9 2014q4\\arm-none-eabi\\include\\stdint.h"
  21              		.file 3 "../../../os/rt/ports/ARMCMx/compilers/GCC/chtypes.h"
  22              		.file 4 "../../../os/rt/include/chsystypes.h"
  23              		.file 5 "../../../os/rt/include/chschd.h"
  24              		.file 6 "../../../os/rt/ports/ARMCMx/chcore.h"
  25              		.file 7 "../../../os/rt/ports/ARMCMx/chcore_v7m.h"
  26              		.file 8 "../../../os/rt/include/chdebug.h"
  27              		.file 9 "../../../os/rt/include/chtm.h"
  28              		.file 10 "../../../os/rt/include/chstats.h"
  29              		.file 11 "../../../os/rt/include/chmtx.h"
  30              		.file 12 "../../../os/ext/CMSIS/include/core_cm4.h"
  31              		.section	.debug_info,"",%progbits
  32              	.Ldebug_info0:
  33 0000 60070000 		.4byte	0x760
  34 0004 0400     		.2byte	0x4
  35 0006 00000000 		.4byte	.Ldebug_abbrev0
  36 000a 04       		.byte	0x4
  37 000b 01       		.uleb128 0x1
  38 000c E3020000 		.4byte	.LASF123
  39 0010 01       		.byte	0x1
  40 0011 21020000 		.4byte	.LASF124
  41 0015 01010000 		.4byte	.LASF125
  42 0019 00000000 		.4byte	.Ldebug_line0
  43 001d 02       		.uleb128 0x2
  44 001e 04       		.byte	0x4
  45 001f 05       		.byte	0x5
  46 0020 696E7400 		.ascii	"int\000"
  47 0024 03       		.uleb128 0x3
  48 0025 04       		.byte	0x4
  49 0026 07       		.byte	0x7
  50 0027 0C020000 		.4byte	.LASF0
  51 002b 03       		.uleb128 0x3
  52 002c 01       		.byte	0x1
  53 002d 06       		.byte	0x6
  54 002e 5D010000 		.4byte	.LASF1
  55 0032 04       		.uleb128 0x4
  56 0033 39000000 		.4byte	.LASF5
  57 0037 01       		.byte	0x1
ARM GAS  C:\Users\jo\AppData\Local\Temp\ccwCiFQo.s 			page 2


  58 0038 1D       		.byte	0x1d
  59 0039 3D000000 		.4byte	0x3d
  60 003d 03       		.uleb128 0x3
  61 003e 01       		.byte	0x1
  62 003f 08       		.byte	0x8
  63 0040 A2040000 		.4byte	.LASF2
  64 0044 03       		.uleb128 0x3
  65 0045 02       		.byte	0x2
  66 0046 05       		.byte	0x5
  67 0047 BA040000 		.4byte	.LASF3
  68 004b 03       		.uleb128 0x3
  69 004c 02       		.byte	0x2
  70 004d 07       		.byte	0x7
  71 004e 62020000 		.4byte	.LASF4
  72 0052 04       		.uleb128 0x4
  73 0053 D9020000 		.4byte	.LASF6
  74 0057 01       		.byte	0x1
  75 0058 3F       		.byte	0x3f
  76 0059 5D000000 		.4byte	0x5d
  77 005d 03       		.uleb128 0x3
  78 005e 04       		.byte	0x4
  79 005f 05       		.byte	0x5
  80 0060 8A010000 		.4byte	.LASF7
  81 0064 04       		.uleb128 0x4
  82 0065 81050000 		.4byte	.LASF8
  83 0069 01       		.byte	0x1
  84 006a 41       		.byte	0x41
  85 006b 6F000000 		.4byte	0x6f
  86 006f 03       		.uleb128 0x3
  87 0070 04       		.byte	0x4
  88 0071 07       		.byte	0x7
  89 0072 37050000 		.4byte	.LASF9
  90 0076 03       		.uleb128 0x3
  91 0077 08       		.byte	0x8
  92 0078 05       		.byte	0x5
  93 0079 4F010000 		.4byte	.LASF10
  94 007d 04       		.uleb128 0x4
  95 007e 3E040000 		.4byte	.LASF11
  96 0082 01       		.byte	0x1
  97 0083 5B       		.byte	0x5b
  98 0084 88000000 		.4byte	0x88
  99 0088 03       		.uleb128 0x3
 100 0089 08       		.byte	0x8
 101 008a 07       		.byte	0x7
 102 008b 88000000 		.4byte	.LASF12
 103 008f 04       		.uleb128 0x4
 104 0090 D9050000 		.4byte	.LASF13
 105 0094 02       		.byte	0x2
 106 0095 15       		.byte	0x15
 107 0096 32000000 		.4byte	0x32
 108 009a 04       		.uleb128 0x4
 109 009b 9A040000 		.4byte	.LASF14
 110 009f 02       		.byte	0x2
 111 00a0 2C       		.byte	0x2c
 112 00a1 52000000 		.4byte	0x52
 113 00a5 04       		.uleb128 0x4
 114 00a6 0D050000 		.4byte	.LASF15
ARM GAS  C:\Users\jo\AppData\Local\Temp\ccwCiFQo.s 			page 3


 115 00aa 02       		.byte	0x2
 116 00ab 2D       		.byte	0x2d
 117 00ac 64000000 		.4byte	0x64
 118 00b0 04       		.uleb128 0x4
 119 00b1 23000000 		.4byte	.LASF16
 120 00b5 02       		.byte	0x2
 121 00b6 39       		.byte	0x39
 122 00b7 7D000000 		.4byte	0x7d
 123 00bb 05       		.uleb128 0x5
 124 00bc 9A000000 		.4byte	0x9a
 125 00c0 04       		.uleb128 0x4
 126 00c1 A5050000 		.4byte	.LASF17
 127 00c5 03       		.byte	0x3
 128 00c6 45       		.byte	0x45
 129 00c7 A5000000 		.4byte	0xa5
 130 00cb 04       		.uleb128 0x4
 131 00cc F1000000 		.4byte	.LASF18
 132 00d0 03       		.byte	0x3
 133 00d1 46       		.byte	0x46
 134 00d2 B0000000 		.4byte	0xb0
 135 00d6 04       		.uleb128 0x4
 136 00d7 AC020000 		.4byte	.LASF19
 137 00db 03       		.byte	0x3
 138 00dc 48       		.byte	0x48
 139 00dd 8F000000 		.4byte	0x8f
 140 00e1 04       		.uleb128 0x4
 141 00e2 93010000 		.4byte	.LASF20
 142 00e6 03       		.byte	0x3
 143 00e7 49       		.byte	0x49
 144 00e8 8F000000 		.4byte	0x8f
 145 00ec 04       		.uleb128 0x4
 146 00ed 54040000 		.4byte	.LASF21
 147 00f1 03       		.byte	0x3
 148 00f2 4A       		.byte	0x4a
 149 00f3 8F000000 		.4byte	0x8f
 150 00f7 04       		.uleb128 0x4
 151 00f8 7D040000 		.4byte	.LASF22
 152 00fc 03       		.byte	0x3
 153 00fd 4C       		.byte	0x4c
 154 00fe A5000000 		.4byte	0xa5
 155 0102 04       		.uleb128 0x4
 156 0103 8E020000 		.4byte	.LASF23
 157 0107 03       		.byte	0x3
 158 0108 4D       		.byte	0x4d
 159 0109 9A000000 		.4byte	0x9a
 160 010d 04       		.uleb128 0x4
 161 010e CD020000 		.4byte	.LASF24
 162 0112 03       		.byte	0x3
 163 0113 4F       		.byte	0x4f
 164 0114 A5000000 		.4byte	0xa5
 165 0118 04       		.uleb128 0x4
 166 0119 FB010000 		.4byte	.LASF25
 167 011d 03       		.byte	0x3
 168 011e 51       		.byte	0x51
 169 011f 9A000000 		.4byte	0x9a
 170 0123 04       		.uleb128 0x4
 171 0124 99020000 		.4byte	.LASF26
ARM GAS  C:\Users\jo\AppData\Local\Temp\ccwCiFQo.s 			page 4


 172 0128 03       		.byte	0x3
 173 0129 52       		.byte	0x52
 174 012a A5000000 		.4byte	0xa5
 175 012e 04       		.uleb128 0x4
 176 012f 63050000 		.4byte	.LASF27
 177 0133 04       		.byte	0x4
 178 0134 33       		.byte	0x33
 179 0135 A5000000 		.4byte	0xa5
 180 0139 04       		.uleb128 0x4
 181 013a 4E050000 		.4byte	.LASF28
 182 013e 04       		.byte	0x4
 183 013f 3F       		.byte	0x3f
 184 0140 44010000 		.4byte	0x144
 185 0144 06       		.uleb128 0x6
 186 0145 84020000 		.4byte	.LASF49
 187 0149 60       		.byte	0x60
 188 014a 05       		.byte	0x5
 189 014b BE       		.byte	0xbe
 190 014c 4A020000 		.4byte	0x24a
 191 0150 07       		.uleb128 0x7
 192 0151 DA040000 		.4byte	.LASF29
 193 0155 05       		.byte	0x5
 194 0156 BF       		.byte	0xbf
 195 0157 92050000 		.4byte	0x592
 196 015b 00       		.byte	0
 197 015c 07       		.uleb128 0x7
 198 015d 76040000 		.4byte	.LASF30
 199 0161 05       		.byte	0x5
 200 0162 C1       		.byte	0xc1
 201 0163 92050000 		.4byte	0x592
 202 0167 04       		.byte	0x4
 203 0168 07       		.uleb128 0x7
 204 0169 FA000000 		.4byte	.LASF31
 205 016d 05       		.byte	0x5
 206 016e C3       		.byte	0xc3
 207 016f F7000000 		.4byte	0xf7
 208 0173 08       		.byte	0x8
 209 0174 07       		.uleb128 0x7
 210 0175 2E060000 		.4byte	.LASF32
 211 0179 05       		.byte	0x5
 212 017a C4       		.byte	0xc4
 213 017b AD040000 		.4byte	0x4ad
 214 017f 0C       		.byte	0xc
 215 0180 07       		.uleb128 0x7
 216 0181 A2010000 		.4byte	.LASF33
 217 0185 05       		.byte	0x5
 218 0186 C6       		.byte	0xc6
 219 0187 92050000 		.4byte	0x592
 220 018b 10       		.byte	0x10
 221 018c 07       		.uleb128 0x7
 222 018d 0D040000 		.4byte	.LASF34
 223 0191 05       		.byte	0x5
 224 0192 C7       		.byte	0xc7
 225 0193 92050000 		.4byte	0x592
 226 0197 14       		.byte	0x14
 227 0198 07       		.uleb128 0x7
 228 0199 E8050000 		.4byte	.LASF35
ARM GAS  C:\Users\jo\AppData\Local\Temp\ccwCiFQo.s 			page 5


 229 019d 05       		.byte	0x5
 230 019e CE       		.byte	0xce
 231 019f 4E050000 		.4byte	0x54e
 232 01a3 18       		.byte	0x18
 233 01a4 07       		.uleb128 0x7
 234 01a5 01020000 		.4byte	.LASF36
 235 01a9 05       		.byte	0x5
 236 01aa D4       		.byte	0xd4
 237 01ab DC060000 		.4byte	0x6dc
 238 01af 1C       		.byte	0x1c
 239 01b0 07       		.uleb128 0x7
 240 01b1 C4040000 		.4byte	.LASF37
 241 01b5 05       		.byte	0x5
 242 01b6 D9       		.byte	0xd9
 243 01b7 E1000000 		.4byte	0xe1
 244 01bb 20       		.byte	0x20
 245 01bc 07       		.uleb128 0x7
 246 01bd E1040000 		.4byte	.LASF38
 247 01c1 05       		.byte	0x5
 248 01c2 DD       		.byte	0xdd
 249 01c3 D6000000 		.4byte	0xd6
 250 01c7 21       		.byte	0x21
 251 01c8 07       		.uleb128 0x7
 252 01c9 C4050000 		.4byte	.LASF39
 253 01cd 05       		.byte	0x5
 254 01ce E2       		.byte	0xe2
 255 01cf EC000000 		.4byte	0xec
 256 01d3 22       		.byte	0x22
 257 01d4 08       		.uleb128 0x8
 258 01d5 705F7500 		.ascii	"p_u\000"
 259 01d9 05       		.byte	0x5
 260 01da 1401     		.2byte	0x114
 261 01dc A4060000 		.4byte	0x6a4
 262 01e0 24       		.byte	0x24
 263 01e1 09       		.uleb128 0x9
 264 01e2 C8030000 		.4byte	.LASF40
 265 01e6 05       		.byte	0x5
 266 01e7 1901     		.2byte	0x119
 267 01e9 4A020000 		.4byte	0x24a
 268 01ed 28       		.byte	0x28
 269 01ee 09       		.uleb128 0x9
 270 01ef 51020000 		.4byte	.LASF41
 271 01f3 05       		.byte	0x5
 272 01f4 1F01     		.2byte	0x11f
 273 01f6 6E020000 		.4byte	0x26e
 274 01fa 2C       		.byte	0x2c
 275 01fb 09       		.uleb128 0x9
 276 01fc 0B060000 		.4byte	.LASF42
 277 0200 05       		.byte	0x5
 278 0201 2301     		.2byte	0x123
 279 0203 02010000 		.4byte	0x102
 280 0207 34       		.byte	0x34
 281 0208 09       		.uleb128 0x9
 282 0209 02050000 		.4byte	.LASF43
 283 020d 05       		.byte	0x5
 284 020e 2901     		.2byte	0x129
 285 0210 0D010000 		.4byte	0x10d
ARM GAS  C:\Users\jo\AppData\Local\Temp\ccwCiFQo.s 			page 6


 286 0214 38       		.byte	0x38
 287 0215 09       		.uleb128 0x9
 288 0216 B0040000 		.4byte	.LASF44
 289 021a 05       		.byte	0x5
 290 021b 3001     		.2byte	0x130
 291 021d 13070000 		.4byte	0x713
 292 0221 3C       		.byte	0x3c
 293 0222 09       		.uleb128 0x9
 294 0223 6D050000 		.4byte	.LASF45
 295 0227 05       		.byte	0x5
 296 0228 3401     		.2byte	0x134
 297 022a F7000000 		.4byte	0xf7
 298 022e 40       		.byte	0x40
 299 022f 09       		.uleb128 0x9
 300 0230 69010000 		.4byte	.LASF46
 301 0234 05       		.byte	0x5
 302 0235 3A01     		.2byte	0x13a
 303 0237 21030000 		.4byte	0x321
 304 023b 44       		.byte	0x44
 305 023c 09       		.uleb128 0x9
 306 023d E9040000 		.4byte	.LASF47
 307 0241 05       		.byte	0x5
 308 0242 4001     		.2byte	0x140
 309 0244 55060000 		.4byte	0x655
 310 0248 48       		.byte	0x48
 311 0249 00       		.byte	0
 312 024a 04       		.uleb128 0x4
 313 024b EF050000 		.4byte	.LASF48
 314 024f 04       		.byte	0x4
 315 0250 44       		.byte	0x44
 316 0251 55020000 		.4byte	0x255
 317 0255 06       		.uleb128 0x6
 318 0256 27050000 		.4byte	.LASF50
 319 025a 04       		.byte	0x4
 320 025b 05       		.byte	0x5
 321 025c AC       		.byte	0xac
 322 025d 6E020000 		.4byte	0x26e
 323 0261 07       		.uleb128 0x7
 324 0262 DA040000 		.4byte	.LASF29
 325 0266 05       		.byte	0x5
 326 0267 AD       		.byte	0xad
 327 0268 92050000 		.4byte	0x592
 328 026c 00       		.byte	0
 329 026d 00       		.byte	0
 330 026e 04       		.uleb128 0x4
 331 026f B4050000 		.4byte	.LASF51
 332 0273 04       		.byte	0x4
 333 0274 4B       		.byte	0x4b
 334 0275 79020000 		.4byte	0x279
 335 0279 06       		.uleb128 0x6
 336 027a 4F000000 		.4byte	.LASF52
 337 027e 08       		.byte	0x8
 338 027f 05       		.byte	0x5
 339 0280 B3       		.byte	0xb3
 340 0281 9E020000 		.4byte	0x29e
 341 0285 07       		.uleb128 0x7
 342 0286 DA040000 		.4byte	.LASF29
ARM GAS  C:\Users\jo\AppData\Local\Temp\ccwCiFQo.s 			page 7


 343 028a 05       		.byte	0x5
 344 028b B4       		.byte	0xb4
 345 028c 92050000 		.4byte	0x592
 346 0290 00       		.byte	0
 347 0291 07       		.uleb128 0x7
 348 0292 76040000 		.4byte	.LASF30
 349 0296 05       		.byte	0x5
 350 0297 B5       		.byte	0xb5
 351 0298 92050000 		.4byte	0x592
 352 029c 04       		.byte	0x4
 353 029d 00       		.byte	0
 354 029e 04       		.uleb128 0x4
 355 029f 07000000 		.4byte	.LASF53
 356 02a3 04       		.byte	0x4
 357 02a4 52       		.byte	0x52
 358 02a5 A9020000 		.4byte	0x2a9
 359 02a9 0A       		.uleb128 0xa
 360 02aa BF020000 		.4byte	.LASF54
 361 02ae 1C       		.byte	0x1c
 362 02af 05       		.byte	0x5
 363 02b0 7201     		.2byte	0x172
 364 02b2 05030000 		.4byte	0x305
 365 02b6 09       		.uleb128 0x9
 366 02b7 16050000 		.4byte	.LASF55
 367 02bb 05       		.byte	0x5
 368 02bc 7301     		.2byte	0x173
 369 02be 6E020000 		.4byte	0x26e
 370 02c2 00       		.byte	0
 371 02c3 09       		.uleb128 0x9
 372 02c4 CC040000 		.4byte	.LASF56
 373 02c8 05       		.byte	0x5
 374 02c9 7401     		.2byte	0x174
 375 02cb F7000000 		.4byte	0xf7
 376 02cf 08       		.byte	0x8
 377 02d0 09       		.uleb128 0x9
 378 02d1 15040000 		.4byte	.LASF57
 379 02d5 05       		.byte	0x5
 380 02d6 7601     		.2byte	0x176
 381 02d8 AD040000 		.4byte	0x4ad
 382 02dc 0C       		.byte	0xc
 383 02dd 09       		.uleb128 0x9
 384 02de B2010000 		.4byte	.LASF58
 385 02e2 05       		.byte	0x5
 386 02e3 7901     		.2byte	0x179
 387 02e5 92050000 		.4byte	0x592
 388 02e9 10       		.byte	0x10
 389 02ea 09       		.uleb128 0x9
 390 02eb 36040000 		.4byte	.LASF59
 391 02ef 05       		.byte	0x5
 392 02f0 7A01     		.2byte	0x17a
 393 02f2 92050000 		.4byte	0x592
 394 02f6 14       		.byte	0x14
 395 02f7 09       		.uleb128 0x9
 396 02f8 2C040000 		.4byte	.LASF60
 397 02fc 05       		.byte	0x5
 398 02fd 7D01     		.2byte	0x17d
 399 02ff 92050000 		.4byte	0x592
ARM GAS  C:\Users\jo\AppData\Local\Temp\ccwCiFQo.s 			page 8


 400 0303 18       		.byte	0x18
 401 0304 00       		.byte	0
 402 0305 04       		.uleb128 0x4
 403 0306 78050000 		.4byte	.LASF61
 404 030a 04       		.byte	0x4
 405 030b 57       		.byte	0x57
 406 030c 10030000 		.4byte	0x310
 407 0310 0B       		.uleb128 0xb
 408 0311 04       		.byte	0x4
 409 0312 16030000 		.4byte	0x316
 410 0316 0C       		.uleb128 0xc
 411 0317 21030000 		.4byte	0x321
 412 031b 0D       		.uleb128 0xd
 413 031c 21030000 		.4byte	0x321
 414 0320 00       		.byte	0
 415 0321 0E       		.uleb128 0xe
 416 0322 04       		.byte	0x4
 417 0323 04       		.uleb128 0x4
 418 0324 66040000 		.4byte	.LASF62
 419 0328 04       		.byte	0x4
 420 0329 5C       		.byte	0x5c
 421 032a 2E030000 		.4byte	0x32e
 422 032e 0A       		.uleb128 0xa
 423 032f F1040000 		.4byte	.LASF63
 424 0333 14       		.byte	0x14
 425 0334 05       		.byte	0x5
 426 0335 4D01     		.2byte	0x14d
 427 0337 7D030000 		.4byte	0x37d
 428 033b 09       		.uleb128 0x9
 429 033c 19020000 		.4byte	.LASF64
 430 0340 05       		.byte	0x5
 431 0341 4E01     		.2byte	0x14e
 432 0343 19070000 		.4byte	0x719
 433 0347 00       		.byte	0
 434 0348 09       		.uleb128 0x9
 435 0349 C3010000 		.4byte	.LASF65
 436 034d 05       		.byte	0x5
 437 034e 4F01     		.2byte	0x14f
 438 0350 19070000 		.4byte	0x719
 439 0354 04       		.byte	0x4
 440 0355 09       		.uleb128 0x9
 441 0356 1E050000 		.4byte	.LASF66
 442 035a 05       		.byte	0x5
 443 035b 5001     		.2byte	0x150
 444 035d 2E010000 		.4byte	0x12e
 445 0361 08       		.byte	0x8
 446 0362 09       		.uleb128 0x9
 447 0363 34060000 		.4byte	.LASF67
 448 0367 05       		.byte	0x5
 449 0368 5101     		.2byte	0x151
 450 036a 05030000 		.4byte	0x305
 451 036e 0C       		.byte	0xc
 452 036f 09       		.uleb128 0x9
 453 0370 AD050000 		.4byte	.LASF68
 454 0374 05       		.byte	0x5
 455 0375 5301     		.2byte	0x153
 456 0377 21030000 		.4byte	0x321
ARM GAS  C:\Users\jo\AppData\Local\Temp\ccwCiFQo.s 			page 9


 457 037b 10       		.byte	0x10
 458 037c 00       		.byte	0
 459 037d 04       		.uleb128 0x4
 460 037e CE000000 		.4byte	.LASF69
 461 0382 04       		.byte	0x4
 462 0383 61       		.byte	0x61
 463 0384 88030000 		.4byte	0x388
 464 0388 0A       		.uleb128 0xa
 465 0389 DB030000 		.4byte	.LASF70
 466 038d 10       		.byte	0x10
 467 038e 05       		.byte	0x5
 468 038f 5D01     		.2byte	0x15d
 469 0391 CA030000 		.4byte	0x3ca
 470 0395 09       		.uleb128 0x9
 471 0396 19020000 		.4byte	.LASF64
 472 039a 05       		.byte	0x5
 473 039b 5E01     		.2byte	0x15e
 474 039d 19070000 		.4byte	0x719
 475 03a1 00       		.byte	0
 476 03a2 09       		.uleb128 0x9
 477 03a3 C3010000 		.4byte	.LASF65
 478 03a7 05       		.byte	0x5
 479 03a8 6001     		.2byte	0x160
 480 03aa 19070000 		.4byte	0x719
 481 03ae 04       		.byte	0x4
 482 03af 09       		.uleb128 0x9
 483 03b0 1E050000 		.4byte	.LASF66
 484 03b4 05       		.byte	0x5
 485 03b5 6201     		.2byte	0x162
 486 03b7 2E010000 		.4byte	0x12e
 487 03bb 08       		.byte	0x8
 488 03bc 09       		.uleb128 0x9
 489 03bd 01040000 		.4byte	.LASF71
 490 03c1 05       		.byte	0x5
 491 03c2 6A01     		.2byte	0x16a
 492 03c4 2E010000 		.4byte	0x12e
 493 03c8 0C       		.byte	0xc
 494 03c9 00       		.byte	0
 495 03ca 04       		.uleb128 0x4
 496 03cb 60000000 		.4byte	.LASF72
 497 03cf 04       		.byte	0x4
 498 03d0 66       		.byte	0x66
 499 03d1 D5030000 		.4byte	0x3d5
 500 03d5 0F       		.uleb128 0xf
 501 03d6 CB010000 		.4byte	.LASF73
 502 03da 1404     		.2byte	0x414
 503 03dc 05       		.byte	0x5
 504 03dd 8401     		.2byte	0x184
 505 03df 18040000 		.4byte	0x418
 506 03e3 09       		.uleb128 0x9
 507 03e4 8C050000 		.4byte	.LASF74
 508 03e8 05       		.byte	0x5
 509 03e9 8C01     		.2byte	0x18c
 510 03eb 1F070000 		.4byte	0x71f
 511 03ef 00       		.byte	0
 512 03f0 09       		.uleb128 0x9
 513 03f1 CB050000 		.4byte	.LASF75
ARM GAS  C:\Users\jo\AppData\Local\Temp\ccwCiFQo.s 			page 10


 514 03f5 05       		.byte	0x5
 515 03f6 9101     		.2byte	0x191
 516 03f8 18010000 		.4byte	0x118
 517 03fc 04       		.byte	0x4
 518 03fd 09       		.uleb128 0x9
 519 03fe E3010000 		.4byte	.LASF76
 520 0402 05       		.byte	0x5
 521 0403 9501     		.2byte	0x195
 522 0405 18010000 		.4byte	0x118
 523 0409 08       		.byte	0x8
 524 040a 09       		.uleb128 0x9
 525 040b FE050000 		.4byte	.LASF77
 526 040f 05       		.byte	0x5
 527 0410 9B01     		.2byte	0x19b
 528 0412 E7050000 		.4byte	0x5e7
 529 0416 0C       		.byte	0xc
 530 0417 00       		.byte	0
 531 0418 04       		.uleb128 0x4
 532 0419 A0020000 		.4byte	.LASF78
 533 041d 04       		.byte	0x4
 534 041e 6B       		.byte	0x6b
 535 041f 23040000 		.4byte	0x423
 536 0423 0F       		.uleb128 0xf
 537 0424 80010000 		.4byte	.LASF79
 538 0428 D805     		.2byte	0x5d8
 539 042a 05       		.byte	0x5
 540 042b A401     		.2byte	0x1a4
 541 042d 90040000 		.4byte	0x490
 542 0431 09       		.uleb128 0x9
 543 0432 D3050000 		.4byte	.LASF80
 544 0436 05       		.byte	0x5
 545 0437 A801     		.2byte	0x1a8
 546 0439 9E020000 		.4byte	0x29e
 547 043d 00       		.byte	0
 548 043e 09       		.uleb128 0x9
 549 043f 79010000 		.4byte	.LASF81
 550 0443 05       		.byte	0x5
 551 0444 AC01     		.2byte	0x1ac
 552 0446 7D030000 		.4byte	0x37d
 553 044a 1C       		.byte	0x1c
 554 044b 08       		.uleb128 0x8
 555 044c 64626700 		.ascii	"dbg\000"
 556 0450 05       		.byte	0x5
 557 0451 B001     		.2byte	0x1b0
 558 0453 CA030000 		.4byte	0x3ca
 559 0457 2C       		.byte	0x2c
 560 0458 10       		.uleb128 0x10
 561 0459 C3000000 		.4byte	.LASF82
 562 045d 05       		.byte	0x5
 563 045e B401     		.2byte	0x1b4
 564 0460 39010000 		.4byte	0x139
 565 0464 4004     		.2byte	0x440
 566 0466 11       		.uleb128 0x11
 567 0467 746D00   		.ascii	"tm\000"
 568 046a 05       		.byte	0x5
 569 046b B901     		.2byte	0x1b9
 570 046d 07060000 		.4byte	0x607
ARM GAS  C:\Users\jo\AppData\Local\Temp\ccwCiFQo.s 			page 11


 571 0471 A004     		.2byte	0x4a0
 572 0473 10       		.uleb128 0x10
 573 0474 2C000000 		.4byte	.LASF83
 574 0478 05       		.byte	0x5
 575 0479 BF01     		.2byte	0x1bf
 576 047b 99060000 		.4byte	0x699
 577 047f A804     		.2byte	0x4a8
 578 0481 10       		.uleb128 0x10
 579 0482 EC010000 		.4byte	.LASF84
 580 0486 05       		.byte	0x5
 581 0487 C501     		.2byte	0x1c5
 582 0489 24070000 		.4byte	0x724
 583 048d E004     		.2byte	0x4e0
 584 048f 00       		.byte	0
 585 0490 03       		.uleb128 0x3
 586 0491 04       		.byte	0x4
 587 0492 07       		.byte	0x7
 588 0493 D2030000 		.4byte	.LASF85
 589 0497 04       		.uleb128 0x4
 590 0498 BA010000 		.4byte	.LASF86
 591 049c 06       		.byte	0x6
 592 049d 85       		.byte	0x85
 593 049e 21030000 		.4byte	0x321
 594 04a2 04       		.uleb128 0x4
 595 04a3 BD030000 		.4byte	.LASF87
 596 04a7 06       		.byte	0x6
 597 04a8 8D       		.byte	0x8d
 598 04a9 B0000000 		.4byte	0xb0
 599 04ad 06       		.uleb128 0x6
 600 04ae 9D050000 		.4byte	.LASF88
 601 04b2 04       		.byte	0x4
 602 04b3 06       		.byte	0x6
 603 04b4 A9       		.byte	0xa9
 604 04b5 C6040000 		.4byte	0x4c6
 605 04b9 12       		.uleb128 0x12
 606 04ba 72313300 		.ascii	"r13\000"
 607 04be 06       		.byte	0x6
 608 04bf AA       		.byte	0xaa
 609 04c0 41050000 		.4byte	0x541
 610 04c4 00       		.byte	0
 611 04c5 00       		.byte	0
 612 04c6 06       		.uleb128 0x6
 613 04c7 43000000 		.4byte	.LASF89
 614 04cb 24       		.byte	0x24
 615 04cc 07       		.byte	0x7
 616 04cd F4       		.byte	0xf4
 617 04ce 41050000 		.4byte	0x541
 618 04d2 08       		.uleb128 0x8
 619 04d3 723400   		.ascii	"r4\000"
 620 04d6 07       		.byte	0x7
 621 04d7 0701     		.2byte	0x107
 622 04d9 97040000 		.4byte	0x497
 623 04dd 00       		.byte	0
 624 04de 08       		.uleb128 0x8
 625 04df 723500   		.ascii	"r5\000"
 626 04e2 07       		.byte	0x7
 627 04e3 0801     		.2byte	0x108
ARM GAS  C:\Users\jo\AppData\Local\Temp\ccwCiFQo.s 			page 12


 628 04e5 97040000 		.4byte	0x497
 629 04e9 04       		.byte	0x4
 630 04ea 08       		.uleb128 0x8
 631 04eb 723600   		.ascii	"r6\000"
 632 04ee 07       		.byte	0x7
 633 04ef 0901     		.2byte	0x109
 634 04f1 97040000 		.4byte	0x497
 635 04f5 08       		.byte	0x8
 636 04f6 08       		.uleb128 0x8
 637 04f7 723700   		.ascii	"r7\000"
 638 04fa 07       		.byte	0x7
 639 04fb 0A01     		.2byte	0x10a
 640 04fd 97040000 		.4byte	0x497
 641 0501 0C       		.byte	0xc
 642 0502 08       		.uleb128 0x8
 643 0503 723800   		.ascii	"r8\000"
 644 0506 07       		.byte	0x7
 645 0507 0B01     		.2byte	0x10b
 646 0509 97040000 		.4byte	0x497
 647 050d 10       		.byte	0x10
 648 050e 08       		.uleb128 0x8
 649 050f 723900   		.ascii	"r9\000"
 650 0512 07       		.byte	0x7
 651 0513 0C01     		.2byte	0x10c
 652 0515 97040000 		.4byte	0x497
 653 0519 14       		.byte	0x14
 654 051a 08       		.uleb128 0x8
 655 051b 72313000 		.ascii	"r10\000"
 656 051f 07       		.byte	0x7
 657 0520 0D01     		.2byte	0x10d
 658 0522 97040000 		.4byte	0x497
 659 0526 18       		.byte	0x18
 660 0527 08       		.uleb128 0x8
 661 0528 72313100 		.ascii	"r11\000"
 662 052c 07       		.byte	0x7
 663 052d 0E01     		.2byte	0x10e
 664 052f 97040000 		.4byte	0x497
 665 0533 1C       		.byte	0x1c
 666 0534 08       		.uleb128 0x8
 667 0535 6C7200   		.ascii	"lr\000"
 668 0538 07       		.byte	0x7
 669 0539 0F01     		.2byte	0x10f
 670 053b 97040000 		.4byte	0x497
 671 053f 20       		.byte	0x20
 672 0540 00       		.byte	0
 673 0541 0B       		.uleb128 0xb
 674 0542 04       		.byte	0x4
 675 0543 C6040000 		.4byte	0x4c6
 676 0547 03       		.uleb128 0x3
 677 0548 01       		.byte	0x1
 678 0549 08       		.byte	0x8
 679 054a 49050000 		.4byte	.LASF90
 680 054e 0B       		.uleb128 0xb
 681 054f 04       		.byte	0x4
 682 0550 54050000 		.4byte	0x554
 683 0554 13       		.uleb128 0x13
 684 0555 47050000 		.4byte	0x547
ARM GAS  C:\Users\jo\AppData\Local\Temp\ccwCiFQo.s 			page 13


 685 0559 14       		.uleb128 0x14
 686 055a 10       		.byte	0x10
 687 055b 08       		.byte	0x8
 688 055c 57       		.byte	0x57
 689 055d 92050000 		.4byte	0x592
 690 0561 07       		.uleb128 0x7
 691 0562 14000000 		.4byte	.LASF91
 692 0566 08       		.byte	0x8
 693 0567 5B       		.byte	0x5b
 694 0568 2E010000 		.4byte	0x12e
 695 056c 00       		.byte	0
 696 056d 07       		.uleb128 0x7
 697 056e 9C010000 		.4byte	.LASF92
 698 0572 08       		.byte	0x8
 699 0573 5F       		.byte	0x5f
 700 0574 92050000 		.4byte	0x592
 701 0578 04       		.byte	0x4
 702 0579 07       		.uleb128 0x7
 703 057a 24060000 		.4byte	.LASF93
 704 057e 08       		.byte	0x8
 705 057f 63       		.byte	0x63
 706 0580 21030000 		.4byte	0x321
 707 0584 08       		.byte	0x8
 708 0585 07       		.uleb128 0x7
 709 0586 B1000000 		.4byte	.LASF94
 710 058a 08       		.byte	0x8
 711 058b 67       		.byte	0x67
 712 058c 8F000000 		.4byte	0x8f
 713 0590 0C       		.byte	0xc
 714 0591 00       		.byte	0
 715 0592 0B       		.uleb128 0xb
 716 0593 04       		.byte	0x4
 717 0594 39010000 		.4byte	0x139
 718 0598 04       		.uleb128 0x4
 719 0599 F2030000 		.4byte	.LASF95
 720 059d 08       		.byte	0x8
 721 059e 68       		.byte	0x68
 722 059f 59050000 		.4byte	0x559
 723 05a3 15       		.uleb128 0x15
 724 05a4 0804     		.2byte	0x408
 725 05a6 08       		.byte	0x8
 726 05a7 6D       		.byte	0x6d
 727 05a8 D1050000 		.4byte	0x5d1
 728 05ac 07       		.uleb128 0x7
 729 05ad AA010000 		.4byte	.LASF96
 730 05b1 08       		.byte	0x8
 731 05b2 71       		.byte	0x71
 732 05b3 24000000 		.4byte	0x24
 733 05b7 00       		.byte	0
 734 05b8 07       		.uleb128 0x7
 735 05b9 00000000 		.4byte	.LASF97
 736 05bd 08       		.byte	0x8
 737 05be 75       		.byte	0x75
 738 05bf D1050000 		.4byte	0x5d1
 739 05c3 04       		.byte	0x4
 740 05c4 07       		.uleb128 0x7
 741 05c5 5C040000 		.4byte	.LASF98
ARM GAS  C:\Users\jo\AppData\Local\Temp\ccwCiFQo.s 			page 14


 742 05c9 08       		.byte	0x8
 743 05ca 79       		.byte	0x79
 744 05cb D7050000 		.4byte	0x5d7
 745 05cf 08       		.byte	0x8
 746 05d0 00       		.byte	0
 747 05d1 0B       		.uleb128 0xb
 748 05d2 04       		.byte	0x4
 749 05d3 98050000 		.4byte	0x598
 750 05d7 16       		.uleb128 0x16
 751 05d8 98050000 		.4byte	0x598
 752 05dc E7050000 		.4byte	0x5e7
 753 05e0 17       		.uleb128 0x17
 754 05e1 90040000 		.4byte	0x490
 755 05e5 3F       		.byte	0x3f
 756 05e6 00       		.byte	0
 757 05e7 04       		.uleb128 0x4
 758 05e8 9F000000 		.4byte	.LASF99
 759 05ec 08       		.byte	0x8
 760 05ed 7A       		.byte	0x7a
 761 05ee A3050000 		.4byte	0x5a3
 762 05f2 14       		.uleb128 0x14
 763 05f3 04       		.byte	0x4
 764 05f4 09       		.byte	0x9
 765 05f5 38       		.byte	0x38
 766 05f6 07060000 		.4byte	0x607
 767 05fa 07       		.uleb128 0x7
 768 05fb 96050000 		.4byte	.LASF100
 769 05ff 09       		.byte	0x9
 770 0600 3C       		.byte	0x3c
 771 0601 C0000000 		.4byte	0xc0
 772 0605 00       		.byte	0
 773 0606 00       		.byte	0
 774 0607 04       		.uleb128 0x4
 775 0608 1B040000 		.4byte	.LASF101
 776 060c 09       		.byte	0x9
 777 060d 3D       		.byte	0x3d
 778 060e F2050000 		.4byte	0x5f2
 779 0612 14       		.uleb128 0x14
 780 0613 18       		.byte	0x18
 781 0614 09       		.byte	0x9
 782 0615 48       		.byte	0x48
 783 0616 55060000 		.4byte	0x655
 784 061a 07       		.uleb128 0x7
 785 061b 57050000 		.4byte	.LASF102
 786 061f 09       		.byte	0x9
 787 0620 49       		.byte	0x49
 788 0621 C0000000 		.4byte	0xc0
 789 0625 00       		.byte	0
 790 0626 07       		.uleb128 0x7
 791 0627 6F000000 		.4byte	.LASF103
 792 062b 09       		.byte	0x9
 793 062c 4A       		.byte	0x4a
 794 062d C0000000 		.4byte	0xc0
 795 0631 04       		.byte	0x4
 796 0632 07       		.uleb128 0x7
 797 0633 94020000 		.4byte	.LASF104
 798 0637 09       		.byte	0x9
ARM GAS  C:\Users\jo\AppData\Local\Temp\ccwCiFQo.s 			page 15


 799 0638 4B       		.byte	0x4b
 800 0639 C0000000 		.4byte	0xc0
 801 063d 08       		.byte	0x8
 802 063e 12       		.uleb128 0x12
 803 063f 6E00     		.ascii	"n\000"
 804 0641 09       		.byte	0x9
 805 0642 4C       		.byte	0x4c
 806 0643 23010000 		.4byte	0x123
 807 0647 0C       		.byte	0xc
 808 0648 07       		.uleb128 0x7
 809 0649 49040000 		.4byte	.LASF105
 810 064d 09       		.byte	0x9
 811 064e 4D       		.byte	0x4d
 812 064f CB000000 		.4byte	0xcb
 813 0653 10       		.byte	0x10
 814 0654 00       		.byte	0
 815 0655 04       		.uleb128 0x4
 816 0656 75000000 		.4byte	.LASF106
 817 065a 09       		.byte	0x9
 818 065b 4E       		.byte	0x4e
 819 065c 12060000 		.4byte	0x612
 820 0660 14       		.uleb128 0x14
 821 0661 38       		.byte	0x38
 822 0662 0A       		.byte	0xa
 823 0663 38       		.byte	0x38
 824 0664 99060000 		.4byte	0x699
 825 0668 07       		.uleb128 0x7
 826 0669 5C020000 		.4byte	.LASF107
 827 066d 0A       		.byte	0xa
 828 066e 39       		.byte	0x39
 829 066f 23010000 		.4byte	0x123
 830 0673 00       		.byte	0
 831 0674 07       		.uleb128 0x7
 832 0675 8B040000 		.4byte	.LASF108
 833 0679 0A       		.byte	0xa
 834 067a 3A       		.byte	0x3a
 835 067b 23010000 		.4byte	0x123
 836 067f 04       		.byte	0x4
 837 0680 07       		.uleb128 0x7
 838 0681 11060000 		.4byte	.LASF109
 839 0685 0A       		.byte	0xa
 840 0686 3B       		.byte	0x3b
 841 0687 55060000 		.4byte	0x655
 842 068b 08       		.byte	0x8
 843 068c 07       		.uleb128 0x7
 844 068d B4020000 		.4byte	.LASF110
 845 0691 0A       		.byte	0xa
 846 0692 3D       		.byte	0x3d
 847 0693 55060000 		.4byte	0x655
 848 0697 20       		.byte	0x20
 849 0698 00       		.byte	0
 850 0699 04       		.uleb128 0x4
 851 069a 75020000 		.4byte	.LASF111
 852 069e 0A       		.byte	0xa
 853 069f 3F       		.byte	0x3f
 854 06a0 60060000 		.4byte	0x660
 855 06a4 18       		.uleb128 0x18
ARM GAS  C:\Users\jo\AppData\Local\Temp\ccwCiFQo.s 			page 16


 856 06a5 04       		.byte	0x4
 857 06a6 05       		.byte	0x5
 858 06a7 F6       		.byte	0xf6
 859 06a8 DC060000 		.4byte	0x6dc
 860 06ac 19       		.uleb128 0x19
 861 06ad 1C000000 		.4byte	.LASF112
 862 06b1 05       		.byte	0x5
 863 06b2 FD       		.byte	0xfd
 864 06b3 02010000 		.4byte	0x102
 865 06b7 1A       		.uleb128 0x1a
 866 06b8 BA000000 		.4byte	.LASF113
 867 06bc 05       		.byte	0x5
 868 06bd 0401     		.2byte	0x104
 869 06bf 02010000 		.4byte	0x102
 870 06c3 1A       		.uleb128 0x1a
 871 06c4 E1050000 		.4byte	.LASF114
 872 06c8 05       		.byte	0x5
 873 06c9 0B01     		.2byte	0x10b
 874 06cb 21030000 		.4byte	0x321
 875 06cf 1A       		.uleb128 0x1a
 876 06d0 D3040000 		.4byte	.LASF115
 877 06d4 05       		.byte	0x5
 878 06d5 1201     		.2byte	0x112
 879 06d7 0D010000 		.4byte	0x10d
 880 06db 00       		.byte	0
 881 06dc 0B       		.uleb128 0xb
 882 06dd 04       		.byte	0x4
 883 06de A2040000 		.4byte	0x4a2
 884 06e2 06       		.uleb128 0x6
 885 06e3 85040000 		.4byte	.LASF116
 886 06e7 10       		.byte	0x10
 887 06e8 0B       		.byte	0xb
 888 06e9 39       		.byte	0x39
 889 06ea 13070000 		.4byte	0x713
 890 06ee 07       		.uleb128 0x7
 891 06ef 71010000 		.4byte	.LASF117
 892 06f3 0B       		.byte	0xb
 893 06f4 3A       		.byte	0x3a
 894 06f5 6E020000 		.4byte	0x26e
 895 06f9 00       		.byte	0
 896 06fa 07       		.uleb128 0x7
 897 06fb 1C060000 		.4byte	.LASF118
 898 06ff 0B       		.byte	0xb
 899 0700 3C       		.byte	0x3c
 900 0701 92050000 		.4byte	0x592
 901 0705 08       		.byte	0x8
 902 0706 07       		.uleb128 0x7
 903 0707 5C050000 		.4byte	.LASF119
 904 070b 0B       		.byte	0xb
 905 070c 3E       		.byte	0x3e
 906 070d 3F070000 		.4byte	0x73f
 907 0711 0C       		.byte	0xc
 908 0712 00       		.byte	0
 909 0713 0B       		.uleb128 0xb
 910 0714 04       		.byte	0x4
 911 0715 E2060000 		.4byte	0x6e2
 912 0719 0B       		.uleb128 0xb
ARM GAS  C:\Users\jo\AppData\Local\Temp\ccwCiFQo.s 			page 17


 913 071a 04       		.byte	0x4
 914 071b 23030000 		.4byte	0x323
 915 071f 05       		.uleb128 0x5
 916 0720 4E050000 		.4byte	0x54e
 917 0724 16       		.uleb128 0x16
 918 0725 A2040000 		.4byte	0x4a2
 919 0729 34070000 		.4byte	0x734
 920 072d 17       		.uleb128 0x17
 921 072e 90040000 		.4byte	0x490
 922 0732 1E       		.byte	0x1e
 923 0733 00       		.byte	0
 924 0734 04       		.uleb128 0x4
 925 0735 DB010000 		.4byte	.LASF120
 926 0739 0B       		.byte	0xb
 927 073a 34       		.byte	0x34
 928 073b E2060000 		.4byte	0x6e2
 929 073f 0B       		.uleb128 0xb
 930 0740 04       		.byte	0x4
 931 0741 34070000 		.4byte	0x734
 932 0745 03       		.uleb128 0x3
 933 0746 01       		.byte	0x1
 934 0747 02       		.byte	0x2
 935 0748 94040000 		.4byte	.LASF121
 936 074c 1B       		.uleb128 0x1b
 937 074d E4000000 		.4byte	.LASF122
 938 0751 0C       		.byte	0xc
 939 0752 A706     		.2byte	0x6a7
 940 0754 BB000000 		.4byte	0xbb
 941 0758 1C       		.uleb128 0x1c
 942 0759 636800   		.ascii	"ch\000"
 943 075c 05       		.byte	0x5
 944 075d EB01     		.2byte	0x1eb
 945 075f 18040000 		.4byte	0x418
 946 0763 00       		.byte	0
 947              		.section	.debug_abbrev,"",%progbits
 948              	.Ldebug_abbrev0:
 949 0000 01       		.uleb128 0x1
 950 0001 11       		.uleb128 0x11
 951 0002 01       		.byte	0x1
 952 0003 25       		.uleb128 0x25
 953 0004 0E       		.uleb128 0xe
 954 0005 13       		.uleb128 0x13
 955 0006 0B       		.uleb128 0xb
 956 0007 03       		.uleb128 0x3
 957 0008 0E       		.uleb128 0xe
 958 0009 1B       		.uleb128 0x1b
 959 000a 0E       		.uleb128 0xe
 960 000b 10       		.uleb128 0x10
 961 000c 17       		.uleb128 0x17
 962 000d 00       		.byte	0
 963 000e 00       		.byte	0
 964 000f 02       		.uleb128 0x2
 965 0010 24       		.uleb128 0x24
 966 0011 00       		.byte	0
 967 0012 0B       		.uleb128 0xb
 968 0013 0B       		.uleb128 0xb
 969 0014 3E       		.uleb128 0x3e
ARM GAS  C:\Users\jo\AppData\Local\Temp\ccwCiFQo.s 			page 18


 970 0015 0B       		.uleb128 0xb
 971 0016 03       		.uleb128 0x3
 972 0017 08       		.uleb128 0x8
 973 0018 00       		.byte	0
 974 0019 00       		.byte	0
 975 001a 03       		.uleb128 0x3
 976 001b 24       		.uleb128 0x24
 977 001c 00       		.byte	0
 978 001d 0B       		.uleb128 0xb
 979 001e 0B       		.uleb128 0xb
 980 001f 3E       		.uleb128 0x3e
 981 0020 0B       		.uleb128 0xb
 982 0021 03       		.uleb128 0x3
 983 0022 0E       		.uleb128 0xe
 984 0023 00       		.byte	0
 985 0024 00       		.byte	0
 986 0025 04       		.uleb128 0x4
 987 0026 16       		.uleb128 0x16
 988 0027 00       		.byte	0
 989 0028 03       		.uleb128 0x3
 990 0029 0E       		.uleb128 0xe
 991 002a 3A       		.uleb128 0x3a
 992 002b 0B       		.uleb128 0xb
 993 002c 3B       		.uleb128 0x3b
 994 002d 0B       		.uleb128 0xb
 995 002e 49       		.uleb128 0x49
 996 002f 13       		.uleb128 0x13
 997 0030 00       		.byte	0
 998 0031 00       		.byte	0
 999 0032 05       		.uleb128 0x5
 1000 0033 35       		.uleb128 0x35
 1001 0034 00       		.byte	0
 1002 0035 49       		.uleb128 0x49
 1003 0036 13       		.uleb128 0x13
 1004 0037 00       		.byte	0
 1005 0038 00       		.byte	0
 1006 0039 06       		.uleb128 0x6
 1007 003a 13       		.uleb128 0x13
 1008 003b 01       		.byte	0x1
 1009 003c 03       		.uleb128 0x3
 1010 003d 0E       		.uleb128 0xe
 1011 003e 0B       		.uleb128 0xb
 1012 003f 0B       		.uleb128 0xb
 1013 0040 3A       		.uleb128 0x3a
 1014 0041 0B       		.uleb128 0xb
 1015 0042 3B       		.uleb128 0x3b
 1016 0043 0B       		.uleb128 0xb
 1017 0044 01       		.uleb128 0x1
 1018 0045 13       		.uleb128 0x13
 1019 0046 00       		.byte	0
 1020 0047 00       		.byte	0
 1021 0048 07       		.uleb128 0x7
 1022 0049 0D       		.uleb128 0xd
 1023 004a 00       		.byte	0
 1024 004b 03       		.uleb128 0x3
 1025 004c 0E       		.uleb128 0xe
 1026 004d 3A       		.uleb128 0x3a
ARM GAS  C:\Users\jo\AppData\Local\Temp\ccwCiFQo.s 			page 19


 1027 004e 0B       		.uleb128 0xb
 1028 004f 3B       		.uleb128 0x3b
 1029 0050 0B       		.uleb128 0xb
 1030 0051 49       		.uleb128 0x49
 1031 0052 13       		.uleb128 0x13
 1032 0053 38       		.uleb128 0x38
 1033 0054 0B       		.uleb128 0xb
 1034 0055 00       		.byte	0
 1035 0056 00       		.byte	0
 1036 0057 08       		.uleb128 0x8
 1037 0058 0D       		.uleb128 0xd
 1038 0059 00       		.byte	0
 1039 005a 03       		.uleb128 0x3
 1040 005b 08       		.uleb128 0x8
 1041 005c 3A       		.uleb128 0x3a
 1042 005d 0B       		.uleb128 0xb
 1043 005e 3B       		.uleb128 0x3b
 1044 005f 05       		.uleb128 0x5
 1045 0060 49       		.uleb128 0x49
 1046 0061 13       		.uleb128 0x13
 1047 0062 38       		.uleb128 0x38
 1048 0063 0B       		.uleb128 0xb
 1049 0064 00       		.byte	0
 1050 0065 00       		.byte	0
 1051 0066 09       		.uleb128 0x9
 1052 0067 0D       		.uleb128 0xd
 1053 0068 00       		.byte	0
 1054 0069 03       		.uleb128 0x3
 1055 006a 0E       		.uleb128 0xe
 1056 006b 3A       		.uleb128 0x3a
 1057 006c 0B       		.uleb128 0xb
 1058 006d 3B       		.uleb128 0x3b
 1059 006e 05       		.uleb128 0x5
 1060 006f 49       		.uleb128 0x49
 1061 0070 13       		.uleb128 0x13
 1062 0071 38       		.uleb128 0x38
 1063 0072 0B       		.uleb128 0xb
 1064 0073 00       		.byte	0
 1065 0074 00       		.byte	0
 1066 0075 0A       		.uleb128 0xa
 1067 0076 13       		.uleb128 0x13
 1068 0077 01       		.byte	0x1
 1069 0078 03       		.uleb128 0x3
 1070 0079 0E       		.uleb128 0xe
 1071 007a 0B       		.uleb128 0xb
 1072 007b 0B       		.uleb128 0xb
 1073 007c 3A       		.uleb128 0x3a
 1074 007d 0B       		.uleb128 0xb
 1075 007e 3B       		.uleb128 0x3b
 1076 007f 05       		.uleb128 0x5
 1077 0080 01       		.uleb128 0x1
 1078 0081 13       		.uleb128 0x13
 1079 0082 00       		.byte	0
 1080 0083 00       		.byte	0
 1081 0084 0B       		.uleb128 0xb
 1082 0085 0F       		.uleb128 0xf
 1083 0086 00       		.byte	0
ARM GAS  C:\Users\jo\AppData\Local\Temp\ccwCiFQo.s 			page 20


 1084 0087 0B       		.uleb128 0xb
 1085 0088 0B       		.uleb128 0xb
 1086 0089 49       		.uleb128 0x49
 1087 008a 13       		.uleb128 0x13
 1088 008b 00       		.byte	0
 1089 008c 00       		.byte	0
 1090 008d 0C       		.uleb128 0xc
 1091 008e 15       		.uleb128 0x15
 1092 008f 01       		.byte	0x1
 1093 0090 27       		.uleb128 0x27
 1094 0091 19       		.uleb128 0x19
 1095 0092 01       		.uleb128 0x1
 1096 0093 13       		.uleb128 0x13
 1097 0094 00       		.byte	0
 1098 0095 00       		.byte	0
 1099 0096 0D       		.uleb128 0xd
 1100 0097 05       		.uleb128 0x5
 1101 0098 00       		.byte	0
 1102 0099 49       		.uleb128 0x49
 1103 009a 13       		.uleb128 0x13
 1104 009b 00       		.byte	0
 1105 009c 00       		.byte	0
 1106 009d 0E       		.uleb128 0xe
 1107 009e 0F       		.uleb128 0xf
 1108 009f 00       		.byte	0
 1109 00a0 0B       		.uleb128 0xb
 1110 00a1 0B       		.uleb128 0xb
 1111 00a2 00       		.byte	0
 1112 00a3 00       		.byte	0
 1113 00a4 0F       		.uleb128 0xf
 1114 00a5 13       		.uleb128 0x13
 1115 00a6 01       		.byte	0x1
 1116 00a7 03       		.uleb128 0x3
 1117 00a8 0E       		.uleb128 0xe
 1118 00a9 0B       		.uleb128 0xb
 1119 00aa 05       		.uleb128 0x5
 1120 00ab 3A       		.uleb128 0x3a
 1121 00ac 0B       		.uleb128 0xb
 1122 00ad 3B       		.uleb128 0x3b
 1123 00ae 05       		.uleb128 0x5
 1124 00af 01       		.uleb128 0x1
 1125 00b0 13       		.uleb128 0x13
 1126 00b1 00       		.byte	0
 1127 00b2 00       		.byte	0
 1128 00b3 10       		.uleb128 0x10
 1129 00b4 0D       		.uleb128 0xd
 1130 00b5 00       		.byte	0
 1131 00b6 03       		.uleb128 0x3
 1132 00b7 0E       		.uleb128 0xe
 1133 00b8 3A       		.uleb128 0x3a
 1134 00b9 0B       		.uleb128 0xb
 1135 00ba 3B       		.uleb128 0x3b
 1136 00bb 05       		.uleb128 0x5
 1137 00bc 49       		.uleb128 0x49
 1138 00bd 13       		.uleb128 0x13
 1139 00be 38       		.uleb128 0x38
 1140 00bf 05       		.uleb128 0x5
ARM GAS  C:\Users\jo\AppData\Local\Temp\ccwCiFQo.s 			page 21


 1141 00c0 00       		.byte	0
 1142 00c1 00       		.byte	0
 1143 00c2 11       		.uleb128 0x11
 1144 00c3 0D       		.uleb128 0xd
 1145 00c4 00       		.byte	0
 1146 00c5 03       		.uleb128 0x3
 1147 00c6 08       		.uleb128 0x8
 1148 00c7 3A       		.uleb128 0x3a
 1149 00c8 0B       		.uleb128 0xb
 1150 00c9 3B       		.uleb128 0x3b
 1151 00ca 05       		.uleb128 0x5
 1152 00cb 49       		.uleb128 0x49
 1153 00cc 13       		.uleb128 0x13
 1154 00cd 38       		.uleb128 0x38
 1155 00ce 05       		.uleb128 0x5
 1156 00cf 00       		.byte	0
 1157 00d0 00       		.byte	0
 1158 00d1 12       		.uleb128 0x12
 1159 00d2 0D       		.uleb128 0xd
 1160 00d3 00       		.byte	0
 1161 00d4 03       		.uleb128 0x3
 1162 00d5 08       		.uleb128 0x8
 1163 00d6 3A       		.uleb128 0x3a
 1164 00d7 0B       		.uleb128 0xb
 1165 00d8 3B       		.uleb128 0x3b
 1166 00d9 0B       		.uleb128 0xb
 1167 00da 49       		.uleb128 0x49
 1168 00db 13       		.uleb128 0x13
 1169 00dc 38       		.uleb128 0x38
 1170 00dd 0B       		.uleb128 0xb
 1171 00de 00       		.byte	0
 1172 00df 00       		.byte	0
 1173 00e0 13       		.uleb128 0x13
 1174 00e1 26       		.uleb128 0x26
 1175 00e2 00       		.byte	0
 1176 00e3 49       		.uleb128 0x49
 1177 00e4 13       		.uleb128 0x13
 1178 00e5 00       		.byte	0
 1179 00e6 00       		.byte	0
 1180 00e7 14       		.uleb128 0x14
 1181 00e8 13       		.uleb128 0x13
 1182 00e9 01       		.byte	0x1
 1183 00ea 0B       		.uleb128 0xb
 1184 00eb 0B       		.uleb128 0xb
 1185 00ec 3A       		.uleb128 0x3a
 1186 00ed 0B       		.uleb128 0xb
 1187 00ee 3B       		.uleb128 0x3b
 1188 00ef 0B       		.uleb128 0xb
 1189 00f0 01       		.uleb128 0x1
 1190 00f1 13       		.uleb128 0x13
 1191 00f2 00       		.byte	0
 1192 00f3 00       		.byte	0
 1193 00f4 15       		.uleb128 0x15
 1194 00f5 13       		.uleb128 0x13
 1195 00f6 01       		.byte	0x1
 1196 00f7 0B       		.uleb128 0xb
 1197 00f8 05       		.uleb128 0x5
ARM GAS  C:\Users\jo\AppData\Local\Temp\ccwCiFQo.s 			page 22


 1198 00f9 3A       		.uleb128 0x3a
 1199 00fa 0B       		.uleb128 0xb
 1200 00fb 3B       		.uleb128 0x3b
 1201 00fc 0B       		.uleb128 0xb
 1202 00fd 01       		.uleb128 0x1
 1203 00fe 13       		.uleb128 0x13
 1204 00ff 00       		.byte	0
 1205 0100 00       		.byte	0
 1206 0101 16       		.uleb128 0x16
 1207 0102 01       		.uleb128 0x1
 1208 0103 01       		.byte	0x1
 1209 0104 49       		.uleb128 0x49
 1210 0105 13       		.uleb128 0x13
 1211 0106 01       		.uleb128 0x1
 1212 0107 13       		.uleb128 0x13
 1213 0108 00       		.byte	0
 1214 0109 00       		.byte	0
 1215 010a 17       		.uleb128 0x17
 1216 010b 21       		.uleb128 0x21
 1217 010c 00       		.byte	0
 1218 010d 49       		.uleb128 0x49
 1219 010e 13       		.uleb128 0x13
 1220 010f 2F       		.uleb128 0x2f
 1221 0110 0B       		.uleb128 0xb
 1222 0111 00       		.byte	0
 1223 0112 00       		.byte	0
 1224 0113 18       		.uleb128 0x18
 1225 0114 17       		.uleb128 0x17
 1226 0115 01       		.byte	0x1
 1227 0116 0B       		.uleb128 0xb
 1228 0117 0B       		.uleb128 0xb
 1229 0118 3A       		.uleb128 0x3a
 1230 0119 0B       		.uleb128 0xb
 1231 011a 3B       		.uleb128 0x3b
 1232 011b 0B       		.uleb128 0xb
 1233 011c 01       		.uleb128 0x1
 1234 011d 13       		.uleb128 0x13
 1235 011e 00       		.byte	0
 1236 011f 00       		.byte	0
 1237 0120 19       		.uleb128 0x19
 1238 0121 0D       		.uleb128 0xd
 1239 0122 00       		.byte	0
 1240 0123 03       		.uleb128 0x3
 1241 0124 0E       		.uleb128 0xe
 1242 0125 3A       		.uleb128 0x3a
 1243 0126 0B       		.uleb128 0xb
 1244 0127 3B       		.uleb128 0x3b
 1245 0128 0B       		.uleb128 0xb
 1246 0129 49       		.uleb128 0x49
 1247 012a 13       		.uleb128 0x13
 1248 012b 00       		.byte	0
 1249 012c 00       		.byte	0
 1250 012d 1A       		.uleb128 0x1a
 1251 012e 0D       		.uleb128 0xd
 1252 012f 00       		.byte	0
 1253 0130 03       		.uleb128 0x3
 1254 0131 0E       		.uleb128 0xe
ARM GAS  C:\Users\jo\AppData\Local\Temp\ccwCiFQo.s 			page 23


 1255 0132 3A       		.uleb128 0x3a
 1256 0133 0B       		.uleb128 0xb
 1257 0134 3B       		.uleb128 0x3b
 1258 0135 05       		.uleb128 0x5
 1259 0136 49       		.uleb128 0x49
 1260 0137 13       		.uleb128 0x13
 1261 0138 00       		.byte	0
 1262 0139 00       		.byte	0
 1263 013a 1B       		.uleb128 0x1b
 1264 013b 34       		.uleb128 0x34
 1265 013c 00       		.byte	0
 1266 013d 03       		.uleb128 0x3
 1267 013e 0E       		.uleb128 0xe
 1268 013f 3A       		.uleb128 0x3a
 1269 0140 0B       		.uleb128 0xb
 1270 0141 3B       		.uleb128 0x3b
 1271 0142 05       		.uleb128 0x5
 1272 0143 49       		.uleb128 0x49
 1273 0144 13       		.uleb128 0x13
 1274 0145 3F       		.uleb128 0x3f
 1275 0146 19       		.uleb128 0x19
 1276 0147 3C       		.uleb128 0x3c
 1277 0148 19       		.uleb128 0x19
 1278 0149 00       		.byte	0
 1279 014a 00       		.byte	0
 1280 014b 1C       		.uleb128 0x1c
 1281 014c 34       		.uleb128 0x34
 1282 014d 00       		.byte	0
 1283 014e 03       		.uleb128 0x3
 1284 014f 08       		.uleb128 0x8
 1285 0150 3A       		.uleb128 0x3a
 1286 0151 0B       		.uleb128 0xb
 1287 0152 3B       		.uleb128 0x3b
 1288 0153 05       		.uleb128 0x5
 1289 0154 49       		.uleb128 0x49
 1290 0155 13       		.uleb128 0x13
 1291 0156 3F       		.uleb128 0x3f
 1292 0157 19       		.uleb128 0x19
 1293 0158 3C       		.uleb128 0x3c
 1294 0159 19       		.uleb128 0x19
 1295 015a 00       		.byte	0
 1296 015b 00       		.byte	0
 1297 015c 00       		.byte	0
 1298              		.section	.debug_aranges,"",%progbits
 1299 0000 14000000 		.4byte	0x14
 1300 0004 0200     		.2byte	0x2
 1301 0006 00000000 		.4byte	.Ldebug_info0
 1302 000a 04       		.byte	0x4
 1303 000b 00       		.byte	0
 1304 000c 0000     		.2byte	0
 1305 000e 0000     		.2byte	0
 1306 0010 00000000 		.4byte	0
 1307 0014 00000000 		.4byte	0
 1308              		.section	.debug_line,"",%progbits
 1309              	.Ldebug_line0:
 1310 0000 D0010000 		.section	.debug_str,"MS",%progbits,1
 1310      0200CA01 
ARM GAS  C:\Users\jo\AppData\Local\Temp\ccwCiFQo.s 			page 24


 1310      00000201 
 1310      FB0E0D00 
 1310      01010101 
 1311              	.LASF97:
 1312 0000 74625F70 		.ascii	"tb_ptr\000"
 1312      747200
 1313              	.LASF53:
 1314 0007 72656164 		.ascii	"ready_list_t\000"
 1314      795F6C69 
 1314      73745F74 
 1314      00
 1315              	.LASF91:
 1316 0014 73655F74 		.ascii	"se_time\000"
 1316      696D6500 
 1317              	.LASF112:
 1318 001c 7264796D 		.ascii	"rdymsg\000"
 1318      736700
 1319              	.LASF16:
 1320 0023 75696E74 		.ascii	"uint64_t\000"
 1320      36345F74 
 1320      00
 1321              	.LASF83:
 1322 002c 6B65726E 		.ascii	"kernel_stats\000"
 1322      656C5F73 
 1322      74617473 
 1322      00
 1323              	.LASF5:
 1324 0039 5F5F7569 		.ascii	"__uint8_t\000"
 1324      6E74385F 
 1324      7400
 1325              	.LASF89:
 1326 0043 706F7274 		.ascii	"port_intctx\000"
 1326      5F696E74 
 1326      63747800 
 1327              	.LASF52:
 1328 004f 63685F74 		.ascii	"ch_threads_queue\000"
 1328      68726561 
 1328      64735F71 
 1328      75657565 
 1328      00
 1329              	.LASF72:
 1330 0060 73797374 		.ascii	"system_debug_t\000"
 1330      656D5F64 
 1330      65627567 
 1330      5F7400
 1331              	.LASF103:
 1332 006f 776F7273 		.ascii	"worst\000"
 1332      7400
 1333              	.LASF106:
 1334 0075 74696D65 		.ascii	"time_measurement_t\000"
 1334      5F6D6561 
 1334      73757265 
 1334      6D656E74 
 1334      5F7400
 1335              	.LASF12:
 1336 0088 6C6F6E67 		.ascii	"long long unsigned int\000"
 1336      206C6F6E 
ARM GAS  C:\Users\jo\AppData\Local\Temp\ccwCiFQo.s 			page 25


 1336      6720756E 
 1336      7369676E 
 1336      65642069 
 1337              	.LASF99:
 1338 009f 63685F74 		.ascii	"ch_trace_buffer_t\000"
 1338      72616365 
 1338      5F627566 
 1338      6665725F 
 1338      7400
 1339              	.LASF94:
 1340 00b1 73655F73 		.ascii	"se_state\000"
 1340      74617465 
 1340      00
 1341              	.LASF113:
 1342 00ba 65786974 		.ascii	"exitcode\000"
 1342      636F6465 
 1342      00
 1343              	.LASF82:
 1344 00c3 6D61696E 		.ascii	"mainthread\000"
 1344      74687265 
 1344      616400
 1345              	.LASF69:
 1346 00ce 76697274 		.ascii	"virtual_timers_list_t\000"
 1346      75616C5F 
 1346      74696D65 
 1346      72735F6C 
 1346      6973745F 
 1347              	.LASF122:
 1348 00e4 49544D5F 		.ascii	"ITM_RxBuffer\000"
 1348      52784275 
 1348      66666572 
 1348      00
 1349              	.LASF18:
 1350 00f1 72747469 		.ascii	"rttime_t\000"
 1350      6D655F74 
 1350      00
 1351              	.LASF31:
 1352 00fa 705F7072 		.ascii	"p_prio\000"
 1352      696F00
 1353              	.LASF125:
 1354 0101 433A5C55 		.ascii	"C:\\Users\\jo\\Documents\\GitHub\\ChibiOS\\demos\\S"
 1354      73657273 
 1354      5C6A6F5C 
 1354      446F6375 
 1354      6D656E74 
 1355 012d 544D3332 		.ascii	"TM32\\RT-STM32F407-DISCOVERY-uHttp\000"
 1355      5C52542D 
 1355      53544D33 
 1355      32463430 
 1355      372D4449 
 1356              	.LASF10:
 1357 014f 6C6F6E67 		.ascii	"long long int\000"
 1357      206C6F6E 
 1357      6720696E 
 1357      7400
 1358              	.LASF1:
 1359 015d 7369676E 		.ascii	"signed char\000"
ARM GAS  C:\Users\jo\AppData\Local\Temp\ccwCiFQo.s 			page 26


 1359      65642063 
 1359      68617200 
 1360              	.LASF46:
 1361 0169 705F6D70 		.ascii	"p_mpool\000"
 1361      6F6F6C00 
 1362              	.LASF117:
 1363 0171 6D5F7175 		.ascii	"m_queue\000"
 1363      65756500 
 1364              	.LASF81:
 1365 0179 76746C69 		.ascii	"vtlist\000"
 1365      737400
 1366              	.LASF79:
 1367 0180 63685F73 		.ascii	"ch_system\000"
 1367      79737465 
 1367      6D00
 1368              	.LASF7:
 1369 018a 6C6F6E67 		.ascii	"long int\000"
 1369      20696E74 
 1369      00
 1370              	.LASF20:
 1371 0193 74737461 		.ascii	"tstate_t\000"
 1371      74655F74 
 1371      00
 1372              	.LASF92:
 1373 019c 73655F74 		.ascii	"se_tp\000"
 1373      7000
 1374              	.LASF33:
 1375 01a2 705F6E65 		.ascii	"p_newer\000"
 1375      77657200 
 1376              	.LASF96:
 1377 01aa 74625F73 		.ascii	"tb_size\000"
 1377      697A6500 
 1378              	.LASF58:
 1379 01b2 725F6E65 		.ascii	"r_newer\000"
 1379      77657200 
 1380              	.LASF86:
 1381 01ba 72656761 		.ascii	"regarm_t\000"
 1381      726D5F74 
 1381      00
 1382              	.LASF65:
 1383 01c3 76745F70 		.ascii	"vt_prev\000"
 1383      72657600 
 1384              	.LASF73:
 1385 01cb 63685F73 		.ascii	"ch_system_debug\000"
 1385      79737465 
 1385      6D5F6465 
 1385      62756700 
 1386              	.LASF120:
 1387 01db 6D757465 		.ascii	"mutex_t\000"
 1387      785F7400 
 1388              	.LASF76:
 1389 01e3 6C6F636B 		.ascii	"lock_cnt\000"
 1389      5F636E74 
 1389      00
 1390              	.LASF84:
 1391 01ec 69646C65 		.ascii	"idle_thread_wa\000"
 1391      5F746872 
ARM GAS  C:\Users\jo\AppData\Local\Temp\ccwCiFQo.s 			page 27


 1391      6561645F 
 1391      776100
 1392              	.LASF25:
 1393 01fb 636E745F 		.ascii	"cnt_t\000"
 1393      7400
 1394              	.LASF36:
 1395 0201 705F7374 		.ascii	"p_stklimit\000"
 1395      6B6C696D 
 1395      697400
 1396              	.LASF0:
 1397 020c 756E7369 		.ascii	"unsigned int\000"
 1397      676E6564 
 1397      20696E74 
 1397      00
 1398              	.LASF64:
 1399 0219 76745F6E 		.ascii	"vt_next\000"
 1399      65787400 
 1400              	.LASF124:
 1401 0221 2E2E2F2E 		.ascii	"../../../os/hal/ports/STM32/LLD/DACv1/dac_lld.c\000"
 1401      2E2F2E2E 
 1401      2F6F732F 
 1401      68616C2F 
 1401      706F7274 
 1402              	.LASF41:
 1403 0251 705F6D73 		.ascii	"p_msgqueue\000"
 1403      67717565 
 1403      756500
 1404              	.LASF107:
 1405 025c 6E5F6972 		.ascii	"n_irq\000"
 1405      7100
 1406              	.LASF4:
 1407 0262 73686F72 		.ascii	"short unsigned int\000"
 1407      7420756E 
 1407      7369676E 
 1407      65642069 
 1407      6E7400
 1408              	.LASF111:
 1409 0275 6B65726E 		.ascii	"kernel_stats_t\000"
 1409      656C5F73 
 1409      74617473 
 1409      5F7400
 1410              	.LASF49:
 1411 0284 63685F74 		.ascii	"ch_thread\000"
 1411      68726561 
 1411      6400
 1412              	.LASF23:
 1413 028e 6D73675F 		.ascii	"msg_t\000"
 1413      7400
 1414              	.LASF104:
 1415 0294 6C617374 		.ascii	"last\000"
 1415      00
 1416              	.LASF26:
 1417 0299 75636E74 		.ascii	"ucnt_t\000"
 1417      5F7400
 1418              	.LASF78:
 1419 02a0 63685F73 		.ascii	"ch_system_t\000"
 1419      79737465 
ARM GAS  C:\Users\jo\AppData\Local\Temp\ccwCiFQo.s 			page 28


 1419      6D5F7400 
 1420              	.LASF19:
 1421 02ac 746D6F64 		.ascii	"tmode_t\000"
 1421      655F7400 
 1422              	.LASF110:
 1423 02b4 6D5F6372 		.ascii	"m_crit_isr\000"
 1423      69745F69 
 1423      737200
 1424              	.LASF54:
 1425 02bf 63685F72 		.ascii	"ch_ready_list\000"
 1425      65616479 
 1425      5F6C6973 
 1425      7400
 1426              	.LASF24:
 1427 02cd 6576656E 		.ascii	"eventmask_t\000"
 1427      746D6173 
 1427      6B5F7400 
 1428              	.LASF6:
 1429 02d9 5F5F696E 		.ascii	"__int32_t\000"
 1429      7433325F 
 1429      7400
 1430              	.LASF123:
 1431 02e3 474E5520 		.ascii	"GNU C 4.9.3 20141119 (release) [ARM/embedded-4_9-br"
 1431      4320342E 
 1431      392E3320 
 1431      32303134 
 1431      31313139 
 1432 0316 616E6368 		.ascii	"anch revision 218278] -mcpu=cortex-m4 -mno-thumb-in"
 1432      20726576 
 1432      6973696F 
 1432      6E203231 
 1432      38323738 
 1433 0349 74657277 		.ascii	"terwork -mthumb -ggdb -O2 -fomit-frame-pointer -fal"
 1433      6F726B20 
 1433      2D6D7468 
 1433      756D6220 
 1433      2D676764 
 1434 037c 69676E2D 		.ascii	"ign-functions=16 -ffunction-sections -fdata-section"
 1434      66756E63 
 1434      74696F6E 
 1434      733D3136 
 1434      202D6666 
 1435 03af 73202D66 		.ascii	"s -fno-common\000"
 1435      6E6F2D63 
 1435      6F6D6D6F 
 1435      6E00
 1436              	.LASF87:
 1437 03bd 73746B61 		.ascii	"stkalign_t\000"
 1437      6C69676E 
 1437      5F7400
 1438              	.LASF40:
 1439 03c8 705F7761 		.ascii	"p_waiting\000"
 1439      6974696E 
 1439      6700
 1440              	.LASF85:
 1441 03d2 73697A65 		.ascii	"sizetype\000"
 1441      74797065 
ARM GAS  C:\Users\jo\AppData\Local\Temp\ccwCiFQo.s 			page 29


 1441      00
 1442              	.LASF70:
 1443 03db 63685F76 		.ascii	"ch_virtual_timers_list\000"
 1443      69727475 
 1443      616C5F74 
 1443      696D6572 
 1443      735F6C69 
 1444              	.LASF95:
 1445 03f2 63685F73 		.ascii	"ch_swc_event_t\000"
 1445      77635F65 
 1445      76656E74 
 1445      5F7400
 1446              	.LASF71:
 1447 0401 76745F6C 		.ascii	"vt_lasttime\000"
 1447      61737474 
 1447      696D6500 
 1448              	.LASF34:
 1449 040d 705F6F6C 		.ascii	"p_older\000"
 1449      64657200 
 1450              	.LASF57:
 1451 0415 725F6374 		.ascii	"r_ctx\000"
 1451      7800
 1452              	.LASF101:
 1453 041b 746D5F63 		.ascii	"tm_calibration_t\000"
 1453      616C6962 
 1453      72617469 
 1453      6F6E5F74 
 1453      00
 1454              	.LASF60:
 1455 042c 725F6375 		.ascii	"r_current\000"
 1455      7272656E 
 1455      7400
 1456              	.LASF59:
 1457 0436 725F6F6C 		.ascii	"r_older\000"
 1457      64657200 
 1458              	.LASF11:
 1459 043e 5F5F7569 		.ascii	"__uint64_t\000"
 1459      6E743634 
 1459      5F7400
 1460              	.LASF105:
 1461 0449 63756D75 		.ascii	"cumulative\000"
 1461      6C617469 
 1461      766500
 1462              	.LASF21:
 1463 0454 74726566 		.ascii	"trefs_t\000"
 1463      735F7400 
 1464              	.LASF98:
 1465 045c 74625F62 		.ascii	"tb_buffer\000"
 1465      75666665 
 1465      7200
 1466              	.LASF62:
 1467 0466 76697274 		.ascii	"virtual_timer_t\000"
 1467      75616C5F 
 1467      74696D65 
 1467      725F7400 
 1468              	.LASF30:
 1469 0476 705F7072 		.ascii	"p_prev\000"
ARM GAS  C:\Users\jo\AppData\Local\Temp\ccwCiFQo.s 			page 30


 1469      657600
 1470              	.LASF22:
 1471 047d 74707269 		.ascii	"tprio_t\000"
 1471      6F5F7400 
 1472              	.LASF116:
 1473 0485 6D757465 		.ascii	"mutex\000"
 1473      7800
 1474              	.LASF108:
 1475 048b 6E5F6374 		.ascii	"n_ctxswc\000"
 1475      78737763 
 1475      00
 1476              	.LASF121:
 1477 0494 5F426F6F 		.ascii	"_Bool\000"
 1477      6C00
 1478              	.LASF14:
 1479 049a 696E7433 		.ascii	"int32_t\000"
 1479      325F7400 
 1480              	.LASF2:
 1481 04a2 756E7369 		.ascii	"unsigned char\000"
 1481      676E6564 
 1481      20636861 
 1481      7200
 1482              	.LASF44:
 1483 04b0 705F6D74 		.ascii	"p_mtxlist\000"
 1483      786C6973 
 1483      7400
 1484              	.LASF3:
 1485 04ba 73686F72 		.ascii	"short int\000"
 1485      7420696E 
 1485      7400
 1486              	.LASF37:
 1487 04c4 705F7374 		.ascii	"p_state\000"
 1487      61746500 
 1488              	.LASF56:
 1489 04cc 725F7072 		.ascii	"r_prio\000"
 1489      696F00
 1490              	.LASF115:
 1491 04d3 65776D61 		.ascii	"ewmask\000"
 1491      736B00
 1492              	.LASF29:
 1493 04da 705F6E65 		.ascii	"p_next\000"
 1493      787400
 1494              	.LASF38:
 1495 04e1 705F666C 		.ascii	"p_flags\000"
 1495      61677300 
 1496              	.LASF47:
 1497 04e9 705F7374 		.ascii	"p_stats\000"
 1497      61747300 
 1498              	.LASF63:
 1499 04f1 63685F76 		.ascii	"ch_virtual_timer\000"
 1499      69727475 
 1499      616C5F74 
 1499      696D6572 
 1499      00
 1500              	.LASF43:
 1501 0502 705F6570 		.ascii	"p_epending\000"
 1501      656E6469 
ARM GAS  C:\Users\jo\AppData\Local\Temp\ccwCiFQo.s 			page 31


 1501      6E6700
 1502              	.LASF15:
 1503 050d 75696E74 		.ascii	"uint32_t\000"
 1503      33325F74 
 1503      00
 1504              	.LASF55:
 1505 0516 725F7175 		.ascii	"r_queue\000"
 1505      65756500 
 1506              	.LASF66:
 1507 051e 76745F64 		.ascii	"vt_delta\000"
 1507      656C7461 
 1507      00
 1508              	.LASF50:
 1509 0527 63685F74 		.ascii	"ch_threads_list\000"
 1509      68726561 
 1509      64735F6C 
 1509      69737400 
 1510              	.LASF9:
 1511 0537 6C6F6E67 		.ascii	"long unsigned int\000"
 1511      20756E73 
 1511      69676E65 
 1511      6420696E 
 1511      7400
 1512              	.LASF90:
 1513 0549 63686172 		.ascii	"char\000"
 1513      00
 1514              	.LASF28:
 1515 054e 74687265 		.ascii	"thread_t\000"
 1515      61645F74 
 1515      00
 1516              	.LASF102:
 1517 0557 62657374 		.ascii	"best\000"
 1517      00
 1518              	.LASF119:
 1519 055c 6D5F6E65 		.ascii	"m_next\000"
 1519      787400
 1520              	.LASF27:
 1521 0563 73797374 		.ascii	"systime_t\000"
 1521      696D655F 
 1521      7400
 1522              	.LASF45:
 1523 056d 705F7265 		.ascii	"p_realprio\000"
 1523      616C7072 
 1523      696F00
 1524              	.LASF61:
 1525 0578 76746675 		.ascii	"vtfunc_t\000"
 1525      6E635F74 
 1525      00
 1526              	.LASF8:
 1527 0581 5F5F7569 		.ascii	"__uint32_t\000"
 1527      6E743332 
 1527      5F7400
 1528              	.LASF74:
 1529 058c 70616E69 		.ascii	"panic_msg\000"
 1529      635F6D73 
 1529      6700
 1530              	.LASF100:
ARM GAS  C:\Users\jo\AppData\Local\Temp\ccwCiFQo.s 			page 32


 1531 0596 6F666673 		.ascii	"offset\000"
 1531      657400
 1532              	.LASF88:
 1533 059d 636F6E74 		.ascii	"context\000"
 1533      65787400 
 1534              	.LASF17:
 1535 05a5 7274636E 		.ascii	"rtcnt_t\000"
 1535      745F7400 
 1536              	.LASF68:
 1537 05ad 76745F70 		.ascii	"vt_par\000"
 1537      617200
 1538              	.LASF51:
 1539 05b4 74687265 		.ascii	"threads_queue_t\000"
 1539      6164735F 
 1539      71756575 
 1539      655F7400 
 1540              	.LASF39:
 1541 05c4 705F7265 		.ascii	"p_refs\000"
 1541      667300
 1542              	.LASF75:
 1543 05cb 6973725F 		.ascii	"isr_cnt\000"
 1543      636E7400 
 1544              	.LASF80:
 1545 05d3 726C6973 		.ascii	"rlist\000"
 1545      7400
 1546              	.LASF13:
 1547 05d9 75696E74 		.ascii	"uint8_t\000"
 1547      385F7400 
 1548              	.LASF114:
 1549 05e1 77746F62 		.ascii	"wtobjp\000"
 1549      6A7000
 1550              	.LASF35:
 1551 05e8 705F6E61 		.ascii	"p_name\000"
 1551      6D6500
 1552              	.LASF48:
 1553 05ef 74687265 		.ascii	"threads_list_t\000"
 1553      6164735F 
 1553      6C697374 
 1553      5F7400
 1554              	.LASF77:
 1555 05fe 74726163 		.ascii	"trace_buffer\000"
 1555      655F6275 
 1555      66666572 
 1555      00
 1556              	.LASF42:
 1557 060b 705F6D73 		.ascii	"p_msg\000"
 1557      6700
 1558              	.LASF109:
 1559 0611 6D5F6372 		.ascii	"m_crit_thd\000"
 1559      69745F74 
 1559      686400
 1560              	.LASF118:
 1561 061c 6D5F6F77 		.ascii	"m_owner\000"
 1561      6E657200 
 1562              	.LASF93:
 1563 0624 73655F77 		.ascii	"se_wtobjp\000"
 1563      746F626A 
ARM GAS  C:\Users\jo\AppData\Local\Temp\ccwCiFQo.s 			page 33


 1563      7000
 1564              	.LASF32:
 1565 062e 705F6374 		.ascii	"p_ctx\000"
 1565      7800
 1566              	.LASF67:
 1567 0634 76745F66 		.ascii	"vt_func\000"
 1567      756E6300 
 1568              		.ident	"GCC: (GNU Tools for ARM Embedded Processors) 4.9.3 20141119 (release) [ARM/embedded-4_9-br
ARM GAS  C:\Users\jo\AppData\Local\Temp\ccwCiFQo.s 			page 34


DEFINED SYMBOLS
                            *ABS*:00000000 dac_lld.c

NO UNDEFINED SYMBOLS
