ARM GAS  C:\Users\jo\AppData\Local\Temp\ccOGvp4a.s 			page 1


   1              		.syntax unified
   2              		.cpu cortex-m4
   3              		.fpu softvfp
   4              		.eabi_attribute 20, 1
   5              		.eabi_attribute 21, 1
   6              		.eabi_attribute 23, 3
   7              		.eabi_attribute 24, 1
   8              		.eabi_attribute 25, 1
   9              		.eabi_attribute 26, 1
  10              		.eabi_attribute 30, 2
  11              		.eabi_attribute 34, 1
  12              		.eabi_attribute 18, 4
  13              		.thumb
  14              		.file	"def.c"
  15              		.text
  16              	.Ltext0:
  17              		.cfi_sections	.debug_frame
  18              		.section	.text.lwip_htons,"ax",%progbits
  19              		.align	2
  20              		.p2align 4,,15
  21              		.global	lwip_htons
  22              		.thumb
  23              		.thumb_func
  24              		.type	lwip_htons, %function
  25              	lwip_htons:
  26              	.LFB256:
  27              		.file 1 "../../../os/ext/lwip-1.4.1/src/core/def.c"
  28              		.loc 1 65 0
  29              		.cfi_startproc
  30              		@ args = 0, pretend = 0, frame = 0
  31              		@ frame_needed = 0, uses_anonymous_args = 0
  32              		@ link register save eliminated.
  33              	.LVL0:
  34 0000 40BA     		rev16	r0, r0
  35              	.LVL1:
  36              		.loc 1 67 0
  37 0002 80B2     		uxth	r0, r0
  38 0004 7047     		bx	lr
  39              		.cfi_endproc
  40              	.LFE256:
  41              		.size	lwip_htons, .-lwip_htons
  42 0006 00BFAFF3 		.section	.text.lwip_ntohs,"ax",%progbits
  42      0080AFF3 
  42      0080
  43              		.align	2
  44              		.p2align 4,,15
  45              		.global	lwip_ntohs
  46              		.thumb
  47              		.thumb_func
  48              		.type	lwip_ntohs, %function
  49              	lwip_ntohs:
  50              	.LFB257:
  51              		.loc 1 77 0
  52              		.cfi_startproc
  53              		@ args = 0, pretend = 0, frame = 0
  54              		@ frame_needed = 0, uses_anonymous_args = 0
  55              		@ link register save eliminated.
ARM GAS  C:\Users\jo\AppData\Local\Temp\ccOGvp4a.s 			page 2


  56              	.LVL2:
  57 0000 40BA     		rev16	r0, r0
  58              	.LVL3:
  59              		.loc 1 79 0
  60 0002 80B2     		uxth	r0, r0
  61 0004 7047     		bx	lr
  62              		.cfi_endproc
  63              	.LFE257:
  64              		.size	lwip_ntohs, .-lwip_ntohs
  65 0006 00BFAFF3 		.section	.text.lwip_htonl,"ax",%progbits
  65      0080AFF3 
  65      0080
  66              		.align	2
  67              		.p2align 4,,15
  68              		.global	lwip_htonl
  69              		.thumb
  70              		.thumb_func
  71              		.type	lwip_htonl, %function
  72              	lwip_htonl:
  73              	.LFB258:
  74              		.loc 1 89 0
  75              		.cfi_startproc
  76              		@ args = 0, pretend = 0, frame = 0
  77              		@ frame_needed = 0, uses_anonymous_args = 0
  78              		@ link register save eliminated.
  79              	.LVL4:
  80              		.loc 1 94 0
  81 0000 00BA     		rev	r0, r0
  82              	.LVL5:
  83 0002 7047     		bx	lr
  84              		.cfi_endproc
  85              	.LFE258:
  86              		.size	lwip_htonl, .-lwip_htonl
  87 0004 AFF30080 		.section	.text.lwip_ntohl,"ax",%progbits
  87      AFF30080 
  87      AFF30080 
  88              		.align	2
  89              		.p2align 4,,15
  90              		.global	lwip_ntohl
  91              		.thumb
  92              		.thumb_func
  93              		.type	lwip_ntohl, %function
  94              	lwip_ntohl:
  95              	.LFB259:
  96              		.loc 1 104 0
  97              		.cfi_startproc
  98              		@ args = 0, pretend = 0, frame = 0
  99              		@ frame_needed = 0, uses_anonymous_args = 0
 100              		@ link register save eliminated.
 101              	.LVL6:
 102              		.loc 1 106 0
 103 0000 00BA     		rev	r0, r0
 104              	.LVL7:
 105 0002 7047     		bx	lr
 106              		.cfi_endproc
 107              	.LFE259:
 108              		.size	lwip_ntohl, .-lwip_ntohl
ARM GAS  C:\Users\jo\AppData\Local\Temp\ccOGvp4a.s 			page 3


 109 0004 AFF30080 		.text
 109      AFF30080 
 109      AFF30080 
 110              	.Letext0:
 111              		.file 2 "c:\\program files\\gnu tools arm embedded\\4.9 2014q4\\arm-none-eabi\\include\\machine\\_
 112              		.file 3 "c:\\program files\\gnu tools arm embedded\\4.9 2014q4\\arm-none-eabi\\include\\stdint.h"
 113              		.file 4 "../../../os/rt/ports/ARMCMx/compilers/GCC/chtypes.h"
 114              		.file 5 "../../../os/rt/include/chsystypes.h"
 115              		.file 6 "../../../os/rt/include/chschd.h"
 116              		.file 7 "../../../os/rt/ports/ARMCMx/chcore.h"
 117              		.file 8 "../../../os/rt/ports/ARMCMx/chcore_v7m.h"
 118              		.file 9 "../../../os/rt/include/chdebug.h"
 119              		.file 10 "../../../os/rt/include/chtm.h"
 120              		.file 11 "../../../os/rt/include/chstats.h"
 121              		.file 12 "../../../os/rt/include/chmtx.h"
 122              		.file 13 "../../../os/various/lwip_bindings/arch/cc.h"
 123              		.file 14 "../../../os/ext/CMSIS/include/core_cm4.h"
 124              		.section	.debug_info,"",%progbits
 125              	.Ldebug_info0:
 126 0000 50080000 		.4byte	0x850
 127 0004 0400     		.2byte	0x4
 128 0006 00000000 		.4byte	.Ldebug_abbrev0
 129 000a 04       		.byte	0x4
 130 000b 01       		.uleb128 0x1
 131 000c EE020000 		.4byte	.LASF131
 132 0010 01       		.byte	0x1
 133 0011 BB050000 		.4byte	.LASF132
 134 0015 01010000 		.4byte	.LASF133
 135 0019 00000000 		.4byte	.Ldebug_ranges0+0
 136 001d 00000000 		.4byte	0
 137 0021 00000000 		.4byte	.Ldebug_line0
 138 0025 02       		.uleb128 0x2
 139 0026 04       		.byte	0x4
 140 0027 05       		.byte	0x5
 141 0028 696E7400 		.ascii	"int\000"
 142 002c 03       		.uleb128 0x3
 143 002d 04       		.byte	0x4
 144 002e 07       		.byte	0x7
 145 002f 15020000 		.4byte	.LASF0
 146 0033 03       		.uleb128 0x3
 147 0034 01       		.byte	0x1
 148 0035 06       		.byte	0x6
 149 0036 5D010000 		.4byte	.LASF1
 150 003a 04       		.uleb128 0x4
 151 003b 39000000 		.4byte	.LASF4
 152 003f 02       		.byte	0x2
 153 0040 1D       		.byte	0x1d
 154 0041 45000000 		.4byte	0x45
 155 0045 03       		.uleb128 0x3
 156 0046 01       		.byte	0x1
 157 0047 08       		.byte	0x8
 158 0048 AD040000 		.4byte	.LASF2
 159 004c 03       		.uleb128 0x3
 160 004d 02       		.byte	0x2
 161 004e 05       		.byte	0x5
 162 004f C5040000 		.4byte	.LASF3
 163 0053 04       		.uleb128 0x4
ARM GAS  C:\Users\jo\AppData\Local\Temp\ccOGvp4a.s 			page 4


 164 0054 59050000 		.4byte	.LASF5
 165 0058 02       		.byte	0x2
 166 0059 2B       		.byte	0x2b
 167 005a 5E000000 		.4byte	0x5e
 168 005e 03       		.uleb128 0x3
 169 005f 02       		.byte	0x2
 170 0060 07       		.byte	0x7
 171 0061 41020000 		.4byte	.LASF6
 172 0065 04       		.uleb128 0x4
 173 0066 D9020000 		.4byte	.LASF7
 174 006a 02       		.byte	0x2
 175 006b 3F       		.byte	0x3f
 176 006c 70000000 		.4byte	0x70
 177 0070 03       		.uleb128 0x3
 178 0071 04       		.byte	0x4
 179 0072 05       		.byte	0x5
 180 0073 8A010000 		.4byte	.LASF8
 181 0077 04       		.uleb128 0x4
 182 0078 97050000 		.4byte	.LASF9
 183 007c 02       		.byte	0x2
 184 007d 41       		.byte	0x41
 185 007e 82000000 		.4byte	0x82
 186 0082 03       		.uleb128 0x3
 187 0083 04       		.byte	0x4
 188 0084 07       		.byte	0x7
 189 0085 42050000 		.4byte	.LASF10
 190 0089 03       		.uleb128 0x3
 191 008a 08       		.byte	0x8
 192 008b 05       		.byte	0x5
 193 008c 4F010000 		.4byte	.LASF11
 194 0090 04       		.uleb128 0x4
 195 0091 49040000 		.4byte	.LASF12
 196 0095 02       		.byte	0x2
 197 0096 5B       		.byte	0x5b
 198 0097 9B000000 		.4byte	0x9b
 199 009b 03       		.uleb128 0x3
 200 009c 08       		.byte	0x8
 201 009d 07       		.byte	0x7
 202 009e 88000000 		.4byte	.LASF13
 203 00a2 04       		.uleb128 0x4
 204 00a3 1F060000 		.4byte	.LASF14
 205 00a7 03       		.byte	0x3
 206 00a8 15       		.byte	0x15
 207 00a9 3A000000 		.4byte	0x3a
 208 00ad 04       		.uleb128 0x4
 209 00ae A2010000 		.4byte	.LASF15
 210 00b2 03       		.byte	0x3
 211 00b3 21       		.byte	0x21
 212 00b4 53000000 		.4byte	0x53
 213 00b8 04       		.uleb128 0x4
 214 00b9 A5040000 		.4byte	.LASF16
 215 00bd 03       		.byte	0x3
 216 00be 2C       		.byte	0x2c
 217 00bf 65000000 		.4byte	0x65
 218 00c3 04       		.uleb128 0x4
 219 00c4 18050000 		.4byte	.LASF17
 220 00c8 03       		.byte	0x3
ARM GAS  C:\Users\jo\AppData\Local\Temp\ccOGvp4a.s 			page 5


 221 00c9 2D       		.byte	0x2d
 222 00ca 77000000 		.4byte	0x77
 223 00ce 04       		.uleb128 0x4
 224 00cf 23000000 		.4byte	.LASF18
 225 00d3 03       		.byte	0x3
 226 00d4 39       		.byte	0x39
 227 00d5 90000000 		.4byte	0x90
 228 00d9 05       		.uleb128 0x5
 229 00da B8000000 		.4byte	0xb8
 230 00de 04       		.uleb128 0x4
 231 00df E5050000 		.4byte	.LASF19
 232 00e3 04       		.byte	0x4
 233 00e4 45       		.byte	0x45
 234 00e5 C3000000 		.4byte	0xc3
 235 00e9 04       		.uleb128 0x4
 236 00ea F1000000 		.4byte	.LASF20
 237 00ee 04       		.byte	0x4
 238 00ef 46       		.byte	0x46
 239 00f0 CE000000 		.4byte	0xce
 240 00f4 04       		.uleb128 0x4
 241 00f5 96020000 		.4byte	.LASF21
 242 00f9 04       		.byte	0x4
 243 00fa 48       		.byte	0x48
 244 00fb A2000000 		.4byte	0xa2
 245 00ff 04       		.uleb128 0x4
 246 0100 93010000 		.4byte	.LASF22
 247 0104 04       		.byte	0x4
 248 0105 49       		.byte	0x49
 249 0106 A2000000 		.4byte	0xa2
 250 010a 04       		.uleb128 0x4
 251 010b 5F040000 		.4byte	.LASF23
 252 010f 04       		.byte	0x4
 253 0110 4A       		.byte	0x4a
 254 0111 A2000000 		.4byte	0xa2
 255 0115 04       		.uleb128 0x4
 256 0116 88040000 		.4byte	.LASF24
 257 011a 04       		.byte	0x4
 258 011b 4C       		.byte	0x4c
 259 011c C3000000 		.4byte	0xc3
 260 0120 04       		.uleb128 0x4
 261 0121 6D020000 		.4byte	.LASF25
 262 0125 04       		.byte	0x4
 263 0126 4D       		.byte	0x4d
 264 0127 B8000000 		.4byte	0xb8
 265 012b 04       		.uleb128 0x4
 266 012c C2020000 		.4byte	.LASF26
 267 0130 04       		.byte	0x4
 268 0131 4F       		.byte	0x4f
 269 0132 C3000000 		.4byte	0xc3
 270 0136 04       		.uleb128 0x4
 271 0137 04020000 		.4byte	.LASF27
 272 013b 04       		.byte	0x4
 273 013c 51       		.byte	0x51
 274 013d B8000000 		.4byte	0xb8
 275 0141 04       		.uleb128 0x4
 276 0142 78020000 		.4byte	.LASF28
 277 0146 04       		.byte	0x4
ARM GAS  C:\Users\jo\AppData\Local\Temp\ccOGvp4a.s 			page 6


 278 0147 52       		.byte	0x52
 279 0148 C3000000 		.4byte	0xc3
 280 014c 04       		.uleb128 0x4
 281 014d 79050000 		.4byte	.LASF29
 282 0151 05       		.byte	0x5
 283 0152 33       		.byte	0x33
 284 0153 C3000000 		.4byte	0xc3
 285 0157 04       		.uleb128 0x4
 286 0158 64050000 		.4byte	.LASF30
 287 015c 05       		.byte	0x5
 288 015d 3F       		.byte	0x3f
 289 015e 62010000 		.4byte	0x162
 290 0162 06       		.uleb128 0x6
 291 0163 63020000 		.4byte	.LASF51
 292 0167 60       		.byte	0x60
 293 0168 06       		.byte	0x6
 294 0169 BE       		.byte	0xbe
 295 016a 68020000 		.4byte	0x268
 296 016e 07       		.uleb128 0x7
 297 016f E5040000 		.4byte	.LASF31
 298 0173 06       		.byte	0x6
 299 0174 BF       		.byte	0xbf
 300 0175 B0050000 		.4byte	0x5b0
 301 0179 00       		.byte	0
 302 017a 07       		.uleb128 0x7
 303 017b 81040000 		.4byte	.LASF32
 304 017f 06       		.byte	0x6
 305 0180 C1       		.byte	0xc1
 306 0181 B0050000 		.4byte	0x5b0
 307 0185 04       		.byte	0x4
 308 0186 07       		.uleb128 0x7
 309 0187 FA000000 		.4byte	.LASF33
 310 018b 06       		.byte	0x6
 311 018c C3       		.byte	0xc3
 312 018d 15010000 		.4byte	0x115
 313 0191 08       		.byte	0x8
 314 0192 07       		.uleb128 0x7
 315 0193 74060000 		.4byte	.LASF34
 316 0197 06       		.byte	0x6
 317 0198 C4       		.byte	0xc4
 318 0199 CB040000 		.4byte	0x4cb
 319 019d 0C       		.byte	0xc
 320 019e 07       		.uleb128 0x7
 321 019f AB010000 		.4byte	.LASF35
 322 01a3 06       		.byte	0x6
 323 01a4 C6       		.byte	0xc6
 324 01a5 B0050000 		.4byte	0x5b0
 325 01a9 10       		.byte	0x10
 326 01aa 07       		.uleb128 0x7
 327 01ab 18040000 		.4byte	.LASF36
 328 01af 06       		.byte	0x6
 329 01b0 C7       		.byte	0xc7
 330 01b1 B0050000 		.4byte	0x5b0
 331 01b5 14       		.byte	0x14
 332 01b6 07       		.uleb128 0x7
 333 01b7 2E060000 		.4byte	.LASF37
 334 01bb 06       		.byte	0x6
ARM GAS  C:\Users\jo\AppData\Local\Temp\ccOGvp4a.s 			page 7


 335 01bc CE       		.byte	0xce
 336 01bd 6C050000 		.4byte	0x56c
 337 01c1 18       		.byte	0x18
 338 01c2 07       		.uleb128 0x7
 339 01c3 0A020000 		.4byte	.LASF38
 340 01c7 06       		.byte	0x6
 341 01c8 D4       		.byte	0xd4
 342 01c9 FA060000 		.4byte	0x6fa
 343 01cd 1C       		.byte	0x1c
 344 01ce 07       		.uleb128 0x7
 345 01cf CF040000 		.4byte	.LASF39
 346 01d3 06       		.byte	0x6
 347 01d4 D9       		.byte	0xd9
 348 01d5 FF000000 		.4byte	0xff
 349 01d9 20       		.byte	0x20
 350 01da 07       		.uleb128 0x7
 351 01db EC040000 		.4byte	.LASF40
 352 01df 06       		.byte	0x6
 353 01e0 DD       		.byte	0xdd
 354 01e1 F4000000 		.4byte	0xf4
 355 01e5 21       		.byte	0x21
 356 01e6 07       		.uleb128 0x7
 357 01e7 0A060000 		.4byte	.LASF41
 358 01eb 06       		.byte	0x6
 359 01ec E2       		.byte	0xe2
 360 01ed 0A010000 		.4byte	0x10a
 361 01f1 22       		.byte	0x22
 362 01f2 08       		.uleb128 0x8
 363 01f3 705F7500 		.ascii	"p_u\000"
 364 01f7 06       		.byte	0x6
 365 01f8 1401     		.2byte	0x114
 366 01fa C2060000 		.4byte	0x6c2
 367 01fe 24       		.byte	0x24
 368 01ff 09       		.uleb128 0x9
 369 0200 D3030000 		.4byte	.LASF42
 370 0204 06       		.byte	0x6
 371 0205 1901     		.2byte	0x119
 372 0207 68020000 		.4byte	0x268
 373 020b 28       		.byte	0x28
 374 020c 09       		.uleb128 0x9
 375 020d 2A020000 		.4byte	.LASF43
 376 0211 06       		.byte	0x6
 377 0212 1F01     		.2byte	0x11f
 378 0214 8C020000 		.4byte	0x28c
 379 0218 2C       		.byte	0x2c
 380 0219 09       		.uleb128 0x9
 381 021a 51060000 		.4byte	.LASF44
 382 021e 06       		.byte	0x6
 383 021f 2301     		.2byte	0x123
 384 0221 20010000 		.4byte	0x120
 385 0225 34       		.byte	0x34
 386 0226 09       		.uleb128 0x9
 387 0227 0D050000 		.4byte	.LASF45
 388 022b 06       		.byte	0x6
 389 022c 2901     		.2byte	0x129
 390 022e 2B010000 		.4byte	0x12b
 391 0232 38       		.byte	0x38
ARM GAS  C:\Users\jo\AppData\Local\Temp\ccOGvp4a.s 			page 8


 392 0233 09       		.uleb128 0x9
 393 0234 BB040000 		.4byte	.LASF46
 394 0238 06       		.byte	0x6
 395 0239 3001     		.2byte	0x130
 396 023b 31070000 		.4byte	0x731
 397 023f 3C       		.byte	0x3c
 398 0240 09       		.uleb128 0x9
 399 0241 83050000 		.4byte	.LASF47
 400 0245 06       		.byte	0x6
 401 0246 3401     		.2byte	0x134
 402 0248 15010000 		.4byte	0x115
 403 024c 40       		.byte	0x40
 404 024d 09       		.uleb128 0x9
 405 024e 69010000 		.4byte	.LASF48
 406 0252 06       		.byte	0x6
 407 0253 3A01     		.2byte	0x13a
 408 0255 3F030000 		.4byte	0x33f
 409 0259 44       		.byte	0x44
 410 025a 09       		.uleb128 0x9
 411 025b F4040000 		.4byte	.LASF49
 412 025f 06       		.byte	0x6
 413 0260 4001     		.2byte	0x140
 414 0262 73060000 		.4byte	0x673
 415 0266 48       		.byte	0x48
 416 0267 00       		.byte	0
 417 0268 04       		.uleb128 0x4
 418 0269 35060000 		.4byte	.LASF50
 419 026d 05       		.byte	0x5
 420 026e 44       		.byte	0x44
 421 026f 73020000 		.4byte	0x273
 422 0273 06       		.uleb128 0x6
 423 0274 32050000 		.4byte	.LASF52
 424 0278 04       		.byte	0x4
 425 0279 06       		.byte	0x6
 426 027a AC       		.byte	0xac
 427 027b 8C020000 		.4byte	0x28c
 428 027f 07       		.uleb128 0x7
 429 0280 E5040000 		.4byte	.LASF31
 430 0284 06       		.byte	0x6
 431 0285 AD       		.byte	0xad
 432 0286 B0050000 		.4byte	0x5b0
 433 028a 00       		.byte	0
 434 028b 00       		.byte	0
 435 028c 04       		.uleb128 0x4
 436 028d FA050000 		.4byte	.LASF53
 437 0291 05       		.byte	0x5
 438 0292 4B       		.byte	0x4b
 439 0293 97020000 		.4byte	0x297
 440 0297 06       		.uleb128 0x6
 441 0298 4F000000 		.4byte	.LASF54
 442 029c 08       		.byte	0x8
 443 029d 06       		.byte	0x6
 444 029e B3       		.byte	0xb3
 445 029f BC020000 		.4byte	0x2bc
 446 02a3 07       		.uleb128 0x7
 447 02a4 E5040000 		.4byte	.LASF31
 448 02a8 06       		.byte	0x6
ARM GAS  C:\Users\jo\AppData\Local\Temp\ccOGvp4a.s 			page 9


 449 02a9 B4       		.byte	0xb4
 450 02aa B0050000 		.4byte	0x5b0
 451 02ae 00       		.byte	0
 452 02af 07       		.uleb128 0x7
 453 02b0 81040000 		.4byte	.LASF32
 454 02b4 06       		.byte	0x6
 455 02b5 B5       		.byte	0xb5
 456 02b6 B0050000 		.4byte	0x5b0
 457 02ba 04       		.byte	0x4
 458 02bb 00       		.byte	0
 459 02bc 04       		.uleb128 0x4
 460 02bd 07000000 		.4byte	.LASF55
 461 02c1 05       		.byte	0x5
 462 02c2 52       		.byte	0x52
 463 02c3 C7020000 		.4byte	0x2c7
 464 02c7 0A       		.uleb128 0xa
 465 02c8 B4020000 		.4byte	.LASF56
 466 02cc 1C       		.byte	0x1c
 467 02cd 06       		.byte	0x6
 468 02ce 7201     		.2byte	0x172
 469 02d0 23030000 		.4byte	0x323
 470 02d4 09       		.uleb128 0x9
 471 02d5 21050000 		.4byte	.LASF57
 472 02d9 06       		.byte	0x6
 473 02da 7301     		.2byte	0x173
 474 02dc 8C020000 		.4byte	0x28c
 475 02e0 00       		.byte	0
 476 02e1 09       		.uleb128 0x9
 477 02e2 D7040000 		.4byte	.LASF58
 478 02e6 06       		.byte	0x6
 479 02e7 7401     		.2byte	0x174
 480 02e9 15010000 		.4byte	0x115
 481 02ed 08       		.byte	0x8
 482 02ee 09       		.uleb128 0x9
 483 02ef 20040000 		.4byte	.LASF59
 484 02f3 06       		.byte	0x6
 485 02f4 7601     		.2byte	0x176
 486 02f6 CB040000 		.4byte	0x4cb
 487 02fa 0C       		.byte	0xc
 488 02fb 09       		.uleb128 0x9
 489 02fc BB010000 		.4byte	.LASF60
 490 0300 06       		.byte	0x6
 491 0301 7901     		.2byte	0x179
 492 0303 B0050000 		.4byte	0x5b0
 493 0307 10       		.byte	0x10
 494 0308 09       		.uleb128 0x9
 495 0309 41040000 		.4byte	.LASF61
 496 030d 06       		.byte	0x6
 497 030e 7A01     		.2byte	0x17a
 498 0310 B0050000 		.4byte	0x5b0
 499 0314 14       		.byte	0x14
 500 0315 09       		.uleb128 0x9
 501 0316 37040000 		.4byte	.LASF62
 502 031a 06       		.byte	0x6
 503 031b 7D01     		.2byte	0x17d
 504 031d B0050000 		.4byte	0x5b0
 505 0321 18       		.byte	0x18
ARM GAS  C:\Users\jo\AppData\Local\Temp\ccOGvp4a.s 			page 10


 506 0322 00       		.byte	0
 507 0323 04       		.uleb128 0x4
 508 0324 8E050000 		.4byte	.LASF63
 509 0328 05       		.byte	0x5
 510 0329 57       		.byte	0x57
 511 032a 2E030000 		.4byte	0x32e
 512 032e 0B       		.uleb128 0xb
 513 032f 04       		.byte	0x4
 514 0330 34030000 		.4byte	0x334
 515 0334 0C       		.uleb128 0xc
 516 0335 3F030000 		.4byte	0x33f
 517 0339 0D       		.uleb128 0xd
 518 033a 3F030000 		.4byte	0x33f
 519 033e 00       		.byte	0
 520 033f 0E       		.uleb128 0xe
 521 0340 04       		.byte	0x4
 522 0341 04       		.uleb128 0x4
 523 0342 71040000 		.4byte	.LASF64
 524 0346 05       		.byte	0x5
 525 0347 5C       		.byte	0x5c
 526 0348 4C030000 		.4byte	0x34c
 527 034c 0A       		.uleb128 0xa
 528 034d FC040000 		.4byte	.LASF65
 529 0351 14       		.byte	0x14
 530 0352 06       		.byte	0x6
 531 0353 4D01     		.2byte	0x14d
 532 0355 9B030000 		.4byte	0x39b
 533 0359 09       		.uleb128 0x9
 534 035a 22020000 		.4byte	.LASF66
 535 035e 06       		.byte	0x6
 536 035f 4E01     		.2byte	0x14e
 537 0361 37070000 		.4byte	0x737
 538 0365 00       		.byte	0
 539 0366 09       		.uleb128 0x9
 540 0367 CC010000 		.4byte	.LASF67
 541 036b 06       		.byte	0x6
 542 036c 4F01     		.2byte	0x14f
 543 036e 37070000 		.4byte	0x737
 544 0372 04       		.byte	0x4
 545 0373 09       		.uleb128 0x9
 546 0374 29050000 		.4byte	.LASF68
 547 0378 06       		.byte	0x6
 548 0379 5001     		.2byte	0x150
 549 037b 4C010000 		.4byte	0x14c
 550 037f 08       		.byte	0x8
 551 0380 09       		.uleb128 0x9
 552 0381 7A060000 		.4byte	.LASF69
 553 0385 06       		.byte	0x6
 554 0386 5101     		.2byte	0x151
 555 0388 23030000 		.4byte	0x323
 556 038c 0C       		.byte	0xc
 557 038d 09       		.uleb128 0x9
 558 038e ED050000 		.4byte	.LASF70
 559 0392 06       		.byte	0x6
 560 0393 5301     		.2byte	0x153
 561 0395 3F030000 		.4byte	0x33f
 562 0399 10       		.byte	0x10
ARM GAS  C:\Users\jo\AppData\Local\Temp\ccOGvp4a.s 			page 11


 563 039a 00       		.byte	0
 564 039b 04       		.uleb128 0x4
 565 039c CE000000 		.4byte	.LASF71
 566 03a0 05       		.byte	0x5
 567 03a1 61       		.byte	0x61
 568 03a2 A6030000 		.4byte	0x3a6
 569 03a6 0A       		.uleb128 0xa
 570 03a7 E6030000 		.4byte	.LASF72
 571 03ab 10       		.byte	0x10
 572 03ac 06       		.byte	0x6
 573 03ad 5D01     		.2byte	0x15d
 574 03af E8030000 		.4byte	0x3e8
 575 03b3 09       		.uleb128 0x9
 576 03b4 22020000 		.4byte	.LASF66
 577 03b8 06       		.byte	0x6
 578 03b9 5E01     		.2byte	0x15e
 579 03bb 37070000 		.4byte	0x737
 580 03bf 00       		.byte	0
 581 03c0 09       		.uleb128 0x9
 582 03c1 CC010000 		.4byte	.LASF67
 583 03c5 06       		.byte	0x6
 584 03c6 6001     		.2byte	0x160
 585 03c8 37070000 		.4byte	0x737
 586 03cc 04       		.byte	0x4
 587 03cd 09       		.uleb128 0x9
 588 03ce 29050000 		.4byte	.LASF68
 589 03d2 06       		.byte	0x6
 590 03d3 6201     		.2byte	0x162
 591 03d5 4C010000 		.4byte	0x14c
 592 03d9 08       		.byte	0x8
 593 03da 09       		.uleb128 0x9
 594 03db 0C040000 		.4byte	.LASF73
 595 03df 06       		.byte	0x6
 596 03e0 6A01     		.2byte	0x16a
 597 03e2 4C010000 		.4byte	0x14c
 598 03e6 0C       		.byte	0xc
 599 03e7 00       		.byte	0
 600 03e8 04       		.uleb128 0x4
 601 03e9 60000000 		.4byte	.LASF74
 602 03ed 05       		.byte	0x5
 603 03ee 66       		.byte	0x66
 604 03ef F3030000 		.4byte	0x3f3
 605 03f3 0F       		.uleb128 0xf
 606 03f4 D4010000 		.4byte	.LASF75
 607 03f8 1404     		.2byte	0x414
 608 03fa 06       		.byte	0x6
 609 03fb 8401     		.2byte	0x184
 610 03fd 36040000 		.4byte	0x436
 611 0401 09       		.uleb128 0x9
 612 0402 A2050000 		.4byte	.LASF76
 613 0406 06       		.byte	0x6
 614 0407 8C01     		.2byte	0x18c
 615 0409 3D070000 		.4byte	0x73d
 616 040d 00       		.byte	0
 617 040e 09       		.uleb128 0x9
 618 040f 11060000 		.4byte	.LASF77
 619 0413 06       		.byte	0x6
ARM GAS  C:\Users\jo\AppData\Local\Temp\ccOGvp4a.s 			page 12


 620 0414 9101     		.2byte	0x191
 621 0416 36010000 		.4byte	0x136
 622 041a 04       		.byte	0x4
 623 041b 09       		.uleb128 0x9
 624 041c EC010000 		.4byte	.LASF78
 625 0420 06       		.byte	0x6
 626 0421 9501     		.2byte	0x195
 627 0423 36010000 		.4byte	0x136
 628 0427 08       		.byte	0x8
 629 0428 09       		.uleb128 0x9
 630 0429 44060000 		.4byte	.LASF79
 631 042d 06       		.byte	0x6
 632 042e 9B01     		.2byte	0x19b
 633 0430 05060000 		.4byte	0x605
 634 0434 0C       		.byte	0xc
 635 0435 00       		.byte	0
 636 0436 04       		.uleb128 0x4
 637 0437 7F020000 		.4byte	.LASF80
 638 043b 05       		.byte	0x5
 639 043c 6B       		.byte	0x6b
 640 043d 41040000 		.4byte	0x441
 641 0441 0F       		.uleb128 0xf
 642 0442 80010000 		.4byte	.LASF81
 643 0446 D805     		.2byte	0x5d8
 644 0448 06       		.byte	0x6
 645 0449 A401     		.2byte	0x1a4
 646 044b AE040000 		.4byte	0x4ae
 647 044f 09       		.uleb128 0x9
 648 0450 19060000 		.4byte	.LASF82
 649 0454 06       		.byte	0x6
 650 0455 A801     		.2byte	0x1a8
 651 0457 BC020000 		.4byte	0x2bc
 652 045b 00       		.byte	0
 653 045c 09       		.uleb128 0x9
 654 045d 79010000 		.4byte	.LASF83
 655 0461 06       		.byte	0x6
 656 0462 AC01     		.2byte	0x1ac
 657 0464 9B030000 		.4byte	0x39b
 658 0468 1C       		.byte	0x1c
 659 0469 08       		.uleb128 0x8
 660 046a 64626700 		.ascii	"dbg\000"
 661 046e 06       		.byte	0x6
 662 046f B001     		.2byte	0x1b0
 663 0471 E8030000 		.4byte	0x3e8
 664 0475 2C       		.byte	0x2c
 665 0476 10       		.uleb128 0x10
 666 0477 C3000000 		.4byte	.LASF84
 667 047b 06       		.byte	0x6
 668 047c B401     		.2byte	0x1b4
 669 047e 57010000 		.4byte	0x157
 670 0482 4004     		.2byte	0x440
 671 0484 11       		.uleb128 0x11
 672 0485 746D00   		.ascii	"tm\000"
 673 0488 06       		.byte	0x6
 674 0489 B901     		.2byte	0x1b9
 675 048b 25060000 		.4byte	0x625
 676 048f A004     		.2byte	0x4a0
ARM GAS  C:\Users\jo\AppData\Local\Temp\ccOGvp4a.s 			page 13


 677 0491 10       		.uleb128 0x10
 678 0492 2C000000 		.4byte	.LASF85
 679 0496 06       		.byte	0x6
 680 0497 BF01     		.2byte	0x1bf
 681 0499 B7060000 		.4byte	0x6b7
 682 049d A804     		.2byte	0x4a8
 683 049f 10       		.uleb128 0x10
 684 04a0 F5010000 		.4byte	.LASF86
 685 04a4 06       		.byte	0x6
 686 04a5 C501     		.2byte	0x1c5
 687 04a7 42070000 		.4byte	0x742
 688 04ab E004     		.2byte	0x4e0
 689 04ad 00       		.byte	0
 690 04ae 03       		.uleb128 0x3
 691 04af 04       		.byte	0x4
 692 04b0 07       		.byte	0x7
 693 04b1 DD030000 		.4byte	.LASF87
 694 04b5 04       		.uleb128 0x4
 695 04b6 C3010000 		.4byte	.LASF88
 696 04ba 07       		.byte	0x7
 697 04bb 85       		.byte	0x85
 698 04bc 3F030000 		.4byte	0x33f
 699 04c0 04       		.uleb128 0x4
 700 04c1 C8030000 		.4byte	.LASF89
 701 04c5 07       		.byte	0x7
 702 04c6 8D       		.byte	0x8d
 703 04c7 CE000000 		.4byte	0xce
 704 04cb 06       		.uleb128 0x6
 705 04cc B3050000 		.4byte	.LASF90
 706 04d0 04       		.byte	0x4
 707 04d1 07       		.byte	0x7
 708 04d2 A9       		.byte	0xa9
 709 04d3 E4040000 		.4byte	0x4e4
 710 04d7 12       		.uleb128 0x12
 711 04d8 72313300 		.ascii	"r13\000"
 712 04dc 07       		.byte	0x7
 713 04dd AA       		.byte	0xaa
 714 04de 5F050000 		.4byte	0x55f
 715 04e2 00       		.byte	0
 716 04e3 00       		.byte	0
 717 04e4 06       		.uleb128 0x6
 718 04e5 43000000 		.4byte	.LASF91
 719 04e9 24       		.byte	0x24
 720 04ea 08       		.byte	0x8
 721 04eb F4       		.byte	0xf4
 722 04ec 5F050000 		.4byte	0x55f
 723 04f0 08       		.uleb128 0x8
 724 04f1 723400   		.ascii	"r4\000"
 725 04f4 08       		.byte	0x8
 726 04f5 0701     		.2byte	0x107
 727 04f7 B5040000 		.4byte	0x4b5
 728 04fb 00       		.byte	0
 729 04fc 08       		.uleb128 0x8
 730 04fd 723500   		.ascii	"r5\000"
 731 0500 08       		.byte	0x8
 732 0501 0801     		.2byte	0x108
 733 0503 B5040000 		.4byte	0x4b5
ARM GAS  C:\Users\jo\AppData\Local\Temp\ccOGvp4a.s 			page 14


 734 0507 04       		.byte	0x4
 735 0508 08       		.uleb128 0x8
 736 0509 723600   		.ascii	"r6\000"
 737 050c 08       		.byte	0x8
 738 050d 0901     		.2byte	0x109
 739 050f B5040000 		.4byte	0x4b5
 740 0513 08       		.byte	0x8
 741 0514 08       		.uleb128 0x8
 742 0515 723700   		.ascii	"r7\000"
 743 0518 08       		.byte	0x8
 744 0519 0A01     		.2byte	0x10a
 745 051b B5040000 		.4byte	0x4b5
 746 051f 0C       		.byte	0xc
 747 0520 08       		.uleb128 0x8
 748 0521 723800   		.ascii	"r8\000"
 749 0524 08       		.byte	0x8
 750 0525 0B01     		.2byte	0x10b
 751 0527 B5040000 		.4byte	0x4b5
 752 052b 10       		.byte	0x10
 753 052c 08       		.uleb128 0x8
 754 052d 723900   		.ascii	"r9\000"
 755 0530 08       		.byte	0x8
 756 0531 0C01     		.2byte	0x10c
 757 0533 B5040000 		.4byte	0x4b5
 758 0537 14       		.byte	0x14
 759 0538 08       		.uleb128 0x8
 760 0539 72313000 		.ascii	"r10\000"
 761 053d 08       		.byte	0x8
 762 053e 0D01     		.2byte	0x10d
 763 0540 B5040000 		.4byte	0x4b5
 764 0544 18       		.byte	0x18
 765 0545 08       		.uleb128 0x8
 766 0546 72313100 		.ascii	"r11\000"
 767 054a 08       		.byte	0x8
 768 054b 0E01     		.2byte	0x10e
 769 054d B5040000 		.4byte	0x4b5
 770 0551 1C       		.byte	0x1c
 771 0552 08       		.uleb128 0x8
 772 0553 6C7200   		.ascii	"lr\000"
 773 0556 08       		.byte	0x8
 774 0557 0F01     		.2byte	0x10f
 775 0559 B5040000 		.4byte	0x4b5
 776 055d 20       		.byte	0x20
 777 055e 00       		.byte	0
 778 055f 0B       		.uleb128 0xb
 779 0560 04       		.byte	0x4
 780 0561 E4040000 		.4byte	0x4e4
 781 0565 03       		.uleb128 0x3
 782 0566 01       		.byte	0x1
 783 0567 08       		.byte	0x8
 784 0568 54050000 		.4byte	.LASF92
 785 056c 0B       		.uleb128 0xb
 786 056d 04       		.byte	0x4
 787 056e 72050000 		.4byte	0x572
 788 0572 13       		.uleb128 0x13
 789 0573 65050000 		.4byte	0x565
 790 0577 14       		.uleb128 0x14
ARM GAS  C:\Users\jo\AppData\Local\Temp\ccOGvp4a.s 			page 15


 791 0578 10       		.byte	0x10
 792 0579 09       		.byte	0x9
 793 057a 57       		.byte	0x57
 794 057b B0050000 		.4byte	0x5b0
 795 057f 07       		.uleb128 0x7
 796 0580 14000000 		.4byte	.LASF93
 797 0584 09       		.byte	0x9
 798 0585 5B       		.byte	0x5b
 799 0586 4C010000 		.4byte	0x14c
 800 058a 00       		.byte	0
 801 058b 07       		.uleb128 0x7
 802 058c 9C010000 		.4byte	.LASF94
 803 0590 09       		.byte	0x9
 804 0591 5F       		.byte	0x5f
 805 0592 B0050000 		.4byte	0x5b0
 806 0596 04       		.byte	0x4
 807 0597 07       		.uleb128 0x7
 808 0598 6A060000 		.4byte	.LASF95
 809 059c 09       		.byte	0x9
 810 059d 63       		.byte	0x63
 811 059e 3F030000 		.4byte	0x33f
 812 05a2 08       		.byte	0x8
 813 05a3 07       		.uleb128 0x7
 814 05a4 B1000000 		.4byte	.LASF96
 815 05a8 09       		.byte	0x9
 816 05a9 67       		.byte	0x67
 817 05aa A2000000 		.4byte	0xa2
 818 05ae 0C       		.byte	0xc
 819 05af 00       		.byte	0
 820 05b0 0B       		.uleb128 0xb
 821 05b1 04       		.byte	0x4
 822 05b2 57010000 		.4byte	0x157
 823 05b6 04       		.uleb128 0x4
 824 05b7 FD030000 		.4byte	.LASF97
 825 05bb 09       		.byte	0x9
 826 05bc 68       		.byte	0x68
 827 05bd 77050000 		.4byte	0x577
 828 05c1 15       		.uleb128 0x15
 829 05c2 0804     		.2byte	0x408
 830 05c4 09       		.byte	0x9
 831 05c5 6D       		.byte	0x6d
 832 05c6 EF050000 		.4byte	0x5ef
 833 05ca 07       		.uleb128 0x7
 834 05cb B3010000 		.4byte	.LASF98
 835 05cf 09       		.byte	0x9
 836 05d0 71       		.byte	0x71
 837 05d1 2C000000 		.4byte	0x2c
 838 05d5 00       		.byte	0
 839 05d6 07       		.uleb128 0x7
 840 05d7 00000000 		.4byte	.LASF99
 841 05db 09       		.byte	0x9
 842 05dc 75       		.byte	0x75
 843 05dd EF050000 		.4byte	0x5ef
 844 05e1 04       		.byte	0x4
 845 05e2 07       		.uleb128 0x7
 846 05e3 67040000 		.4byte	.LASF100
 847 05e7 09       		.byte	0x9
ARM GAS  C:\Users\jo\AppData\Local\Temp\ccOGvp4a.s 			page 16


 848 05e8 79       		.byte	0x79
 849 05e9 F5050000 		.4byte	0x5f5
 850 05ed 08       		.byte	0x8
 851 05ee 00       		.byte	0
 852 05ef 0B       		.uleb128 0xb
 853 05f0 04       		.byte	0x4
 854 05f1 B6050000 		.4byte	0x5b6
 855 05f5 16       		.uleb128 0x16
 856 05f6 B6050000 		.4byte	0x5b6
 857 05fa 05060000 		.4byte	0x605
 858 05fe 17       		.uleb128 0x17
 859 05ff AE040000 		.4byte	0x4ae
 860 0603 3F       		.byte	0x3f
 861 0604 00       		.byte	0
 862 0605 04       		.uleb128 0x4
 863 0606 9F000000 		.4byte	.LASF101
 864 060a 09       		.byte	0x9
 865 060b 7A       		.byte	0x7a
 866 060c C1050000 		.4byte	0x5c1
 867 0610 14       		.uleb128 0x14
 868 0611 04       		.byte	0x4
 869 0612 0A       		.byte	0xa
 870 0613 38       		.byte	0x38
 871 0614 25060000 		.4byte	0x625
 872 0618 07       		.uleb128 0x7
 873 0619 AC050000 		.4byte	.LASF102
 874 061d 0A       		.byte	0xa
 875 061e 3C       		.byte	0x3c
 876 061f DE000000 		.4byte	0xde
 877 0623 00       		.byte	0
 878 0624 00       		.byte	0
 879 0625 04       		.uleb128 0x4
 880 0626 26040000 		.4byte	.LASF103
 881 062a 0A       		.byte	0xa
 882 062b 3D       		.byte	0x3d
 883 062c 10060000 		.4byte	0x610
 884 0630 14       		.uleb128 0x14
 885 0631 18       		.byte	0x18
 886 0632 0A       		.byte	0xa
 887 0633 48       		.byte	0x48
 888 0634 73060000 		.4byte	0x673
 889 0638 07       		.uleb128 0x7
 890 0639 6D050000 		.4byte	.LASF104
 891 063d 0A       		.byte	0xa
 892 063e 49       		.byte	0x49
 893 063f DE000000 		.4byte	0xde
 894 0643 00       		.byte	0
 895 0644 07       		.uleb128 0x7
 896 0645 6F000000 		.4byte	.LASF105
 897 0649 0A       		.byte	0xa
 898 064a 4A       		.byte	0x4a
 899 064b DE000000 		.4byte	0xde
 900 064f 04       		.byte	0x4
 901 0650 07       		.uleb128 0x7
 902 0651 73020000 		.4byte	.LASF106
 903 0655 0A       		.byte	0xa
 904 0656 4B       		.byte	0x4b
ARM GAS  C:\Users\jo\AppData\Local\Temp\ccOGvp4a.s 			page 17


 905 0657 DE000000 		.4byte	0xde
 906 065b 08       		.byte	0x8
 907 065c 12       		.uleb128 0x12
 908 065d 6E00     		.ascii	"n\000"
 909 065f 0A       		.byte	0xa
 910 0660 4C       		.byte	0x4c
 911 0661 41010000 		.4byte	0x141
 912 0665 0C       		.byte	0xc
 913 0666 07       		.uleb128 0x7
 914 0667 54040000 		.4byte	.LASF107
 915 066b 0A       		.byte	0xa
 916 066c 4D       		.byte	0x4d
 917 066d E9000000 		.4byte	0xe9
 918 0671 10       		.byte	0x10
 919 0672 00       		.byte	0
 920 0673 04       		.uleb128 0x4
 921 0674 75000000 		.4byte	.LASF108
 922 0678 0A       		.byte	0xa
 923 0679 4E       		.byte	0x4e
 924 067a 30060000 		.4byte	0x630
 925 067e 14       		.uleb128 0x14
 926 067f 38       		.byte	0x38
 927 0680 0B       		.byte	0xb
 928 0681 38       		.byte	0x38
 929 0682 B7060000 		.4byte	0x6b7
 930 0686 07       		.uleb128 0x7
 931 0687 3B020000 		.4byte	.LASF109
 932 068b 0B       		.byte	0xb
 933 068c 39       		.byte	0x39
 934 068d 41010000 		.4byte	0x141
 935 0691 00       		.byte	0
 936 0692 07       		.uleb128 0x7
 937 0693 96040000 		.4byte	.LASF110
 938 0697 0B       		.byte	0xb
 939 0698 3A       		.byte	0x3a
 940 0699 41010000 		.4byte	0x141
 941 069d 04       		.byte	0x4
 942 069e 07       		.uleb128 0x7
 943 069f 57060000 		.4byte	.LASF111
 944 06a3 0B       		.byte	0xb
 945 06a4 3B       		.byte	0x3b
 946 06a5 73060000 		.4byte	0x673
 947 06a9 08       		.byte	0x8
 948 06aa 07       		.uleb128 0x7
 949 06ab CE020000 		.4byte	.LASF112
 950 06af 0B       		.byte	0xb
 951 06b0 3D       		.byte	0x3d
 952 06b1 73060000 		.4byte	0x673
 953 06b5 20       		.byte	0x20
 954 06b6 00       		.byte	0
 955 06b7 04       		.uleb128 0x4
 956 06b8 54020000 		.4byte	.LASF113
 957 06bc 0B       		.byte	0xb
 958 06bd 3F       		.byte	0x3f
 959 06be 7E060000 		.4byte	0x67e
 960 06c2 18       		.uleb128 0x18
 961 06c3 04       		.byte	0x4
ARM GAS  C:\Users\jo\AppData\Local\Temp\ccOGvp4a.s 			page 18


 962 06c4 06       		.byte	0x6
 963 06c5 F6       		.byte	0xf6
 964 06c6 FA060000 		.4byte	0x6fa
 965 06ca 19       		.uleb128 0x19
 966 06cb 1C000000 		.4byte	.LASF114
 967 06cf 06       		.byte	0x6
 968 06d0 FD       		.byte	0xfd
 969 06d1 20010000 		.4byte	0x120
 970 06d5 1A       		.uleb128 0x1a
 971 06d6 BA000000 		.4byte	.LASF115
 972 06da 06       		.byte	0x6
 973 06db 0401     		.2byte	0x104
 974 06dd 20010000 		.4byte	0x120
 975 06e1 1A       		.uleb128 0x1a
 976 06e2 27060000 		.4byte	.LASF116
 977 06e6 06       		.byte	0x6
 978 06e7 0B01     		.2byte	0x10b
 979 06e9 3F030000 		.4byte	0x33f
 980 06ed 1A       		.uleb128 0x1a
 981 06ee DE040000 		.4byte	.LASF117
 982 06f2 06       		.byte	0x6
 983 06f3 1201     		.2byte	0x112
 984 06f5 2B010000 		.4byte	0x12b
 985 06f9 00       		.byte	0
 986 06fa 0B       		.uleb128 0xb
 987 06fb 04       		.byte	0x4
 988 06fc C0040000 		.4byte	0x4c0
 989 0700 06       		.uleb128 0x6
 990 0701 90040000 		.4byte	.LASF118
 991 0705 10       		.byte	0x10
 992 0706 0C       		.byte	0xc
 993 0707 39       		.byte	0x39
 994 0708 31070000 		.4byte	0x731
 995 070c 07       		.uleb128 0x7
 996 070d 71010000 		.4byte	.LASF119
 997 0711 0C       		.byte	0xc
 998 0712 3A       		.byte	0x3a
 999 0713 8C020000 		.4byte	0x28c
 1000 0717 00       		.byte	0
 1001 0718 07       		.uleb128 0x7
 1002 0719 62060000 		.4byte	.LASF120
 1003 071d 0C       		.byte	0xc
 1004 071e 3C       		.byte	0x3c
 1005 071f B0050000 		.4byte	0x5b0
 1006 0723 08       		.byte	0x8
 1007 0724 07       		.uleb128 0x7
 1008 0725 72050000 		.4byte	.LASF121
 1009 0729 0C       		.byte	0xc
 1010 072a 3E       		.byte	0x3e
 1011 072b 5D070000 		.4byte	0x75d
 1012 072f 0C       		.byte	0xc
 1013 0730 00       		.byte	0
 1014 0731 0B       		.uleb128 0xb
 1015 0732 04       		.byte	0x4
 1016 0733 00070000 		.4byte	0x700
 1017 0737 0B       		.uleb128 0xb
 1018 0738 04       		.byte	0x4
ARM GAS  C:\Users\jo\AppData\Local\Temp\ccOGvp4a.s 			page 19


 1019 0739 41030000 		.4byte	0x341
 1020 073d 05       		.uleb128 0x5
 1021 073e 6C050000 		.4byte	0x56c
 1022 0742 16       		.uleb128 0x16
 1023 0743 C0040000 		.4byte	0x4c0
 1024 0747 52070000 		.4byte	0x752
 1025 074b 17       		.uleb128 0x17
 1026 074c AE040000 		.4byte	0x4ae
 1027 0750 1E       		.byte	0x1e
 1028 0751 00       		.byte	0
 1029 0752 04       		.uleb128 0x4
 1030 0753 E4010000 		.4byte	.LASF122
 1031 0757 0C       		.byte	0xc
 1032 0758 34       		.byte	0x34
 1033 0759 00070000 		.4byte	0x700
 1034 075d 0B       		.uleb128 0xb
 1035 075e 04       		.byte	0x4
 1036 075f 52070000 		.4byte	0x752
 1037 0763 03       		.uleb128 0x3
 1038 0764 01       		.byte	0x1
 1039 0765 02       		.byte	0x2
 1040 0766 9F040000 		.4byte	.LASF123
 1041 076a 04       		.uleb128 0x4
 1042 076b F4050000 		.4byte	.LASF124
 1043 076f 0D       		.byte	0xd
 1044 0770 3F       		.byte	0x3f
 1045 0771 AD000000 		.4byte	0xad
 1046 0775 04       		.uleb128 0x4
 1047 0776 35020000 		.4byte	.LASF125
 1048 077a 0D       		.byte	0xd
 1049 077b 41       		.byte	0x41
 1050 077c C3000000 		.4byte	0xc3
 1051 0780 1B       		.uleb128 0x1b
 1052 0781 E3020000 		.4byte	.LASF126
 1053 0785 01       		.byte	0x1
 1054 0786 40       		.byte	0x40
 1055 0787 6A070000 		.4byte	0x76a
 1056 078b 01       		.byte	0x1
 1057 078c 9A070000 		.4byte	0x79a
 1058 0790 1C       		.uleb128 0x1c
 1059 0791 6E00     		.ascii	"n\000"
 1060 0793 01       		.byte	0x1
 1061 0794 40       		.byte	0x40
 1062 0795 6A070000 		.4byte	0x76a
 1063 0799 00       		.byte	0
 1064 079a 1B       		.uleb128 0x1b
 1065 079b A9020000 		.4byte	.LASF127
 1066 079f 01       		.byte	0x1
 1067 07a0 58       		.byte	0x58
 1068 07a1 75070000 		.4byte	0x775
 1069 07a5 01       		.byte	0x1
 1070 07a6 B4070000 		.4byte	0x7b4
 1071 07aa 1C       		.uleb128 0x1c
 1072 07ab 6E00     		.ascii	"n\000"
 1073 07ad 01       		.byte	0x1
 1074 07ae 58       		.byte	0x58
 1075 07af 75070000 		.4byte	0x775
ARM GAS  C:\Users\jo\AppData\Local\Temp\ccOGvp4a.s 			page 20


 1076 07b3 00       		.byte	0
 1077 07b4 1D       		.uleb128 0x1d
 1078 07b5 80070000 		.4byte	0x780
 1079 07b9 00000000 		.4byte	.LFB256
 1080 07bd 06000000 		.4byte	.LFE256-.LFB256
 1081 07c1 01       		.uleb128 0x1
 1082 07c2 9C       		.byte	0x9c
 1083 07c3 D1070000 		.4byte	0x7d1
 1084 07c7 1E       		.uleb128 0x1e
 1085 07c8 90070000 		.4byte	0x790
 1086 07cc 00000000 		.4byte	.LLST0
 1087 07d0 00       		.byte	0
 1088 07d1 1F       		.uleb128 0x1f
 1089 07d2 9E020000 		.4byte	.LASF128
 1090 07d6 01       		.byte	0x1
 1091 07d7 4C       		.byte	0x4c
 1092 07d8 6A070000 		.4byte	0x76a
 1093 07dc 00000000 		.4byte	.LFB257
 1094 07e0 06000000 		.4byte	.LFE257-.LFB257
 1095 07e4 01       		.uleb128 0x1
 1096 07e5 9C       		.byte	0x9c
 1097 07e6 F8070000 		.4byte	0x7f8
 1098 07ea 20       		.uleb128 0x20
 1099 07eb 6E00     		.ascii	"n\000"
 1100 07ed 01       		.byte	0x1
 1101 07ee 4C       		.byte	0x4c
 1102 07ef 6A070000 		.4byte	0x76a
 1103 07f3 21000000 		.4byte	.LLST1
 1104 07f7 00       		.byte	0
 1105 07f8 1D       		.uleb128 0x1d
 1106 07f9 9A070000 		.4byte	0x79a
 1107 07fd 00000000 		.4byte	.LFB258
 1108 0801 04000000 		.4byte	.LFE258-.LFB258
 1109 0805 01       		.uleb128 0x1
 1110 0806 9C       		.byte	0x9c
 1111 0807 15080000 		.4byte	0x815
 1112 080b 1E       		.uleb128 0x1e
 1113 080c AA070000 		.4byte	0x7aa
 1114 0810 42000000 		.4byte	.LLST2
 1115 0814 00       		.byte	0
 1116 0815 1F       		.uleb128 0x1f
 1117 0816 8B020000 		.4byte	.LASF129
 1118 081a 01       		.byte	0x1
 1119 081b 67       		.byte	0x67
 1120 081c 75070000 		.4byte	0x775
 1121 0820 00000000 		.4byte	.LFB259
 1122 0824 04000000 		.4byte	.LFE259-.LFB259
 1123 0828 01       		.uleb128 0x1
 1124 0829 9C       		.byte	0x9c
 1125 082a 3C080000 		.4byte	0x83c
 1126 082e 20       		.uleb128 0x20
 1127 082f 6E00     		.ascii	"n\000"
 1128 0831 01       		.byte	0x1
 1129 0832 67       		.byte	0x67
 1130 0833 75070000 		.4byte	0x775
 1131 0837 63000000 		.4byte	.LLST3
 1132 083b 00       		.byte	0
ARM GAS  C:\Users\jo\AppData\Local\Temp\ccOGvp4a.s 			page 21


 1133 083c 21       		.uleb128 0x21
 1134 083d E4000000 		.4byte	.LASF130
 1135 0841 0E       		.byte	0xe
 1136 0842 A706     		.2byte	0x6a7
 1137 0844 D9000000 		.4byte	0xd9
 1138 0848 22       		.uleb128 0x22
 1139 0849 636800   		.ascii	"ch\000"
 1140 084c 06       		.byte	0x6
 1141 084d EB01     		.2byte	0x1eb
 1142 084f 36040000 		.4byte	0x436
 1143 0853 00       		.byte	0
 1144              		.section	.debug_abbrev,"",%progbits
 1145              	.Ldebug_abbrev0:
 1146 0000 01       		.uleb128 0x1
 1147 0001 11       		.uleb128 0x11
 1148 0002 01       		.byte	0x1
 1149 0003 25       		.uleb128 0x25
 1150 0004 0E       		.uleb128 0xe
 1151 0005 13       		.uleb128 0x13
 1152 0006 0B       		.uleb128 0xb
 1153 0007 03       		.uleb128 0x3
 1154 0008 0E       		.uleb128 0xe
 1155 0009 1B       		.uleb128 0x1b
 1156 000a 0E       		.uleb128 0xe
 1157 000b 55       		.uleb128 0x55
 1158 000c 17       		.uleb128 0x17
 1159 000d 11       		.uleb128 0x11
 1160 000e 01       		.uleb128 0x1
 1161 000f 10       		.uleb128 0x10
 1162 0010 17       		.uleb128 0x17
 1163 0011 00       		.byte	0
 1164 0012 00       		.byte	0
 1165 0013 02       		.uleb128 0x2
 1166 0014 24       		.uleb128 0x24
 1167 0015 00       		.byte	0
 1168 0016 0B       		.uleb128 0xb
 1169 0017 0B       		.uleb128 0xb
 1170 0018 3E       		.uleb128 0x3e
 1171 0019 0B       		.uleb128 0xb
 1172 001a 03       		.uleb128 0x3
 1173 001b 08       		.uleb128 0x8
 1174 001c 00       		.byte	0
 1175 001d 00       		.byte	0
 1176 001e 03       		.uleb128 0x3
 1177 001f 24       		.uleb128 0x24
 1178 0020 00       		.byte	0
 1179 0021 0B       		.uleb128 0xb
 1180 0022 0B       		.uleb128 0xb
 1181 0023 3E       		.uleb128 0x3e
 1182 0024 0B       		.uleb128 0xb
 1183 0025 03       		.uleb128 0x3
 1184 0026 0E       		.uleb128 0xe
 1185 0027 00       		.byte	0
 1186 0028 00       		.byte	0
 1187 0029 04       		.uleb128 0x4
 1188 002a 16       		.uleb128 0x16
 1189 002b 00       		.byte	0
ARM GAS  C:\Users\jo\AppData\Local\Temp\ccOGvp4a.s 			page 22


 1190 002c 03       		.uleb128 0x3
 1191 002d 0E       		.uleb128 0xe
 1192 002e 3A       		.uleb128 0x3a
 1193 002f 0B       		.uleb128 0xb
 1194 0030 3B       		.uleb128 0x3b
 1195 0031 0B       		.uleb128 0xb
 1196 0032 49       		.uleb128 0x49
 1197 0033 13       		.uleb128 0x13
 1198 0034 00       		.byte	0
 1199 0035 00       		.byte	0
 1200 0036 05       		.uleb128 0x5
 1201 0037 35       		.uleb128 0x35
 1202 0038 00       		.byte	0
 1203 0039 49       		.uleb128 0x49
 1204 003a 13       		.uleb128 0x13
 1205 003b 00       		.byte	0
 1206 003c 00       		.byte	0
 1207 003d 06       		.uleb128 0x6
 1208 003e 13       		.uleb128 0x13
 1209 003f 01       		.byte	0x1
 1210 0040 03       		.uleb128 0x3
 1211 0041 0E       		.uleb128 0xe
 1212 0042 0B       		.uleb128 0xb
 1213 0043 0B       		.uleb128 0xb
 1214 0044 3A       		.uleb128 0x3a
 1215 0045 0B       		.uleb128 0xb
 1216 0046 3B       		.uleb128 0x3b
 1217 0047 0B       		.uleb128 0xb
 1218 0048 01       		.uleb128 0x1
 1219 0049 13       		.uleb128 0x13
 1220 004a 00       		.byte	0
 1221 004b 00       		.byte	0
 1222 004c 07       		.uleb128 0x7
 1223 004d 0D       		.uleb128 0xd
 1224 004e 00       		.byte	0
 1225 004f 03       		.uleb128 0x3
 1226 0050 0E       		.uleb128 0xe
 1227 0051 3A       		.uleb128 0x3a
 1228 0052 0B       		.uleb128 0xb
 1229 0053 3B       		.uleb128 0x3b
 1230 0054 0B       		.uleb128 0xb
 1231 0055 49       		.uleb128 0x49
 1232 0056 13       		.uleb128 0x13
 1233 0057 38       		.uleb128 0x38
 1234 0058 0B       		.uleb128 0xb
 1235 0059 00       		.byte	0
 1236 005a 00       		.byte	0
 1237 005b 08       		.uleb128 0x8
 1238 005c 0D       		.uleb128 0xd
 1239 005d 00       		.byte	0
 1240 005e 03       		.uleb128 0x3
 1241 005f 08       		.uleb128 0x8
 1242 0060 3A       		.uleb128 0x3a
 1243 0061 0B       		.uleb128 0xb
 1244 0062 3B       		.uleb128 0x3b
 1245 0063 05       		.uleb128 0x5
 1246 0064 49       		.uleb128 0x49
ARM GAS  C:\Users\jo\AppData\Local\Temp\ccOGvp4a.s 			page 23


 1247 0065 13       		.uleb128 0x13
 1248 0066 38       		.uleb128 0x38
 1249 0067 0B       		.uleb128 0xb
 1250 0068 00       		.byte	0
 1251 0069 00       		.byte	0
 1252 006a 09       		.uleb128 0x9
 1253 006b 0D       		.uleb128 0xd
 1254 006c 00       		.byte	0
 1255 006d 03       		.uleb128 0x3
 1256 006e 0E       		.uleb128 0xe
 1257 006f 3A       		.uleb128 0x3a
 1258 0070 0B       		.uleb128 0xb
 1259 0071 3B       		.uleb128 0x3b
 1260 0072 05       		.uleb128 0x5
 1261 0073 49       		.uleb128 0x49
 1262 0074 13       		.uleb128 0x13
 1263 0075 38       		.uleb128 0x38
 1264 0076 0B       		.uleb128 0xb
 1265 0077 00       		.byte	0
 1266 0078 00       		.byte	0
 1267 0079 0A       		.uleb128 0xa
 1268 007a 13       		.uleb128 0x13
 1269 007b 01       		.byte	0x1
 1270 007c 03       		.uleb128 0x3
 1271 007d 0E       		.uleb128 0xe
 1272 007e 0B       		.uleb128 0xb
 1273 007f 0B       		.uleb128 0xb
 1274 0080 3A       		.uleb128 0x3a
 1275 0081 0B       		.uleb128 0xb
 1276 0082 3B       		.uleb128 0x3b
 1277 0083 05       		.uleb128 0x5
 1278 0084 01       		.uleb128 0x1
 1279 0085 13       		.uleb128 0x13
 1280 0086 00       		.byte	0
 1281 0087 00       		.byte	0
 1282 0088 0B       		.uleb128 0xb
 1283 0089 0F       		.uleb128 0xf
 1284 008a 00       		.byte	0
 1285 008b 0B       		.uleb128 0xb
 1286 008c 0B       		.uleb128 0xb
 1287 008d 49       		.uleb128 0x49
 1288 008e 13       		.uleb128 0x13
 1289 008f 00       		.byte	0
 1290 0090 00       		.byte	0
 1291 0091 0C       		.uleb128 0xc
 1292 0092 15       		.uleb128 0x15
 1293 0093 01       		.byte	0x1
 1294 0094 27       		.uleb128 0x27
 1295 0095 19       		.uleb128 0x19
 1296 0096 01       		.uleb128 0x1
 1297 0097 13       		.uleb128 0x13
 1298 0098 00       		.byte	0
 1299 0099 00       		.byte	0
 1300 009a 0D       		.uleb128 0xd
 1301 009b 05       		.uleb128 0x5
 1302 009c 00       		.byte	0
 1303 009d 49       		.uleb128 0x49
ARM GAS  C:\Users\jo\AppData\Local\Temp\ccOGvp4a.s 			page 24


 1304 009e 13       		.uleb128 0x13
 1305 009f 00       		.byte	0
 1306 00a0 00       		.byte	0
 1307 00a1 0E       		.uleb128 0xe
 1308 00a2 0F       		.uleb128 0xf
 1309 00a3 00       		.byte	0
 1310 00a4 0B       		.uleb128 0xb
 1311 00a5 0B       		.uleb128 0xb
 1312 00a6 00       		.byte	0
 1313 00a7 00       		.byte	0
 1314 00a8 0F       		.uleb128 0xf
 1315 00a9 13       		.uleb128 0x13
 1316 00aa 01       		.byte	0x1
 1317 00ab 03       		.uleb128 0x3
 1318 00ac 0E       		.uleb128 0xe
 1319 00ad 0B       		.uleb128 0xb
 1320 00ae 05       		.uleb128 0x5
 1321 00af 3A       		.uleb128 0x3a
 1322 00b0 0B       		.uleb128 0xb
 1323 00b1 3B       		.uleb128 0x3b
 1324 00b2 05       		.uleb128 0x5
 1325 00b3 01       		.uleb128 0x1
 1326 00b4 13       		.uleb128 0x13
 1327 00b5 00       		.byte	0
 1328 00b6 00       		.byte	0
 1329 00b7 10       		.uleb128 0x10
 1330 00b8 0D       		.uleb128 0xd
 1331 00b9 00       		.byte	0
 1332 00ba 03       		.uleb128 0x3
 1333 00bb 0E       		.uleb128 0xe
 1334 00bc 3A       		.uleb128 0x3a
 1335 00bd 0B       		.uleb128 0xb
 1336 00be 3B       		.uleb128 0x3b
 1337 00bf 05       		.uleb128 0x5
 1338 00c0 49       		.uleb128 0x49
 1339 00c1 13       		.uleb128 0x13
 1340 00c2 38       		.uleb128 0x38
 1341 00c3 05       		.uleb128 0x5
 1342 00c4 00       		.byte	0
 1343 00c5 00       		.byte	0
 1344 00c6 11       		.uleb128 0x11
 1345 00c7 0D       		.uleb128 0xd
 1346 00c8 00       		.byte	0
 1347 00c9 03       		.uleb128 0x3
 1348 00ca 08       		.uleb128 0x8
 1349 00cb 3A       		.uleb128 0x3a
 1350 00cc 0B       		.uleb128 0xb
 1351 00cd 3B       		.uleb128 0x3b
 1352 00ce 05       		.uleb128 0x5
 1353 00cf 49       		.uleb128 0x49
 1354 00d0 13       		.uleb128 0x13
 1355 00d1 38       		.uleb128 0x38
 1356 00d2 05       		.uleb128 0x5
 1357 00d3 00       		.byte	0
 1358 00d4 00       		.byte	0
 1359 00d5 12       		.uleb128 0x12
 1360 00d6 0D       		.uleb128 0xd
ARM GAS  C:\Users\jo\AppData\Local\Temp\ccOGvp4a.s 			page 25


 1361 00d7 00       		.byte	0
 1362 00d8 03       		.uleb128 0x3
 1363 00d9 08       		.uleb128 0x8
 1364 00da 3A       		.uleb128 0x3a
 1365 00db 0B       		.uleb128 0xb
 1366 00dc 3B       		.uleb128 0x3b
 1367 00dd 0B       		.uleb128 0xb
 1368 00de 49       		.uleb128 0x49
 1369 00df 13       		.uleb128 0x13
 1370 00e0 38       		.uleb128 0x38
 1371 00e1 0B       		.uleb128 0xb
 1372 00e2 00       		.byte	0
 1373 00e3 00       		.byte	0
 1374 00e4 13       		.uleb128 0x13
 1375 00e5 26       		.uleb128 0x26
 1376 00e6 00       		.byte	0
 1377 00e7 49       		.uleb128 0x49
 1378 00e8 13       		.uleb128 0x13
 1379 00e9 00       		.byte	0
 1380 00ea 00       		.byte	0
 1381 00eb 14       		.uleb128 0x14
 1382 00ec 13       		.uleb128 0x13
 1383 00ed 01       		.byte	0x1
 1384 00ee 0B       		.uleb128 0xb
 1385 00ef 0B       		.uleb128 0xb
 1386 00f0 3A       		.uleb128 0x3a
 1387 00f1 0B       		.uleb128 0xb
 1388 00f2 3B       		.uleb128 0x3b
 1389 00f3 0B       		.uleb128 0xb
 1390 00f4 01       		.uleb128 0x1
 1391 00f5 13       		.uleb128 0x13
 1392 00f6 00       		.byte	0
 1393 00f7 00       		.byte	0
 1394 00f8 15       		.uleb128 0x15
 1395 00f9 13       		.uleb128 0x13
 1396 00fa 01       		.byte	0x1
 1397 00fb 0B       		.uleb128 0xb
 1398 00fc 05       		.uleb128 0x5
 1399 00fd 3A       		.uleb128 0x3a
 1400 00fe 0B       		.uleb128 0xb
 1401 00ff 3B       		.uleb128 0x3b
 1402 0100 0B       		.uleb128 0xb
 1403 0101 01       		.uleb128 0x1
 1404 0102 13       		.uleb128 0x13
 1405 0103 00       		.byte	0
 1406 0104 00       		.byte	0
 1407 0105 16       		.uleb128 0x16
 1408 0106 01       		.uleb128 0x1
 1409 0107 01       		.byte	0x1
 1410 0108 49       		.uleb128 0x49
 1411 0109 13       		.uleb128 0x13
 1412 010a 01       		.uleb128 0x1
 1413 010b 13       		.uleb128 0x13
 1414 010c 00       		.byte	0
 1415 010d 00       		.byte	0
 1416 010e 17       		.uleb128 0x17
 1417 010f 21       		.uleb128 0x21
ARM GAS  C:\Users\jo\AppData\Local\Temp\ccOGvp4a.s 			page 26


 1418 0110 00       		.byte	0
 1419 0111 49       		.uleb128 0x49
 1420 0112 13       		.uleb128 0x13
 1421 0113 2F       		.uleb128 0x2f
 1422 0114 0B       		.uleb128 0xb
 1423 0115 00       		.byte	0
 1424 0116 00       		.byte	0
 1425 0117 18       		.uleb128 0x18
 1426 0118 17       		.uleb128 0x17
 1427 0119 01       		.byte	0x1
 1428 011a 0B       		.uleb128 0xb
 1429 011b 0B       		.uleb128 0xb
 1430 011c 3A       		.uleb128 0x3a
 1431 011d 0B       		.uleb128 0xb
 1432 011e 3B       		.uleb128 0x3b
 1433 011f 0B       		.uleb128 0xb
 1434 0120 01       		.uleb128 0x1
 1435 0121 13       		.uleb128 0x13
 1436 0122 00       		.byte	0
 1437 0123 00       		.byte	0
 1438 0124 19       		.uleb128 0x19
 1439 0125 0D       		.uleb128 0xd
 1440 0126 00       		.byte	0
 1441 0127 03       		.uleb128 0x3
 1442 0128 0E       		.uleb128 0xe
 1443 0129 3A       		.uleb128 0x3a
 1444 012a 0B       		.uleb128 0xb
 1445 012b 3B       		.uleb128 0x3b
 1446 012c 0B       		.uleb128 0xb
 1447 012d 49       		.uleb128 0x49
 1448 012e 13       		.uleb128 0x13
 1449 012f 00       		.byte	0
 1450 0130 00       		.byte	0
 1451 0131 1A       		.uleb128 0x1a
 1452 0132 0D       		.uleb128 0xd
 1453 0133 00       		.byte	0
 1454 0134 03       		.uleb128 0x3
 1455 0135 0E       		.uleb128 0xe
 1456 0136 3A       		.uleb128 0x3a
 1457 0137 0B       		.uleb128 0xb
 1458 0138 3B       		.uleb128 0x3b
 1459 0139 05       		.uleb128 0x5
 1460 013a 49       		.uleb128 0x49
 1461 013b 13       		.uleb128 0x13
 1462 013c 00       		.byte	0
 1463 013d 00       		.byte	0
 1464 013e 1B       		.uleb128 0x1b
 1465 013f 2E       		.uleb128 0x2e
 1466 0140 01       		.byte	0x1
 1467 0141 3F       		.uleb128 0x3f
 1468 0142 19       		.uleb128 0x19
 1469 0143 03       		.uleb128 0x3
 1470 0144 0E       		.uleb128 0xe
 1471 0145 3A       		.uleb128 0x3a
 1472 0146 0B       		.uleb128 0xb
 1473 0147 3B       		.uleb128 0x3b
 1474 0148 0B       		.uleb128 0xb
ARM GAS  C:\Users\jo\AppData\Local\Temp\ccOGvp4a.s 			page 27


 1475 0149 27       		.uleb128 0x27
 1476 014a 19       		.uleb128 0x19
 1477 014b 49       		.uleb128 0x49
 1478 014c 13       		.uleb128 0x13
 1479 014d 20       		.uleb128 0x20
 1480 014e 0B       		.uleb128 0xb
 1481 014f 01       		.uleb128 0x1
 1482 0150 13       		.uleb128 0x13
 1483 0151 00       		.byte	0
 1484 0152 00       		.byte	0
 1485 0153 1C       		.uleb128 0x1c
 1486 0154 05       		.uleb128 0x5
 1487 0155 00       		.byte	0
 1488 0156 03       		.uleb128 0x3
 1489 0157 08       		.uleb128 0x8
 1490 0158 3A       		.uleb128 0x3a
 1491 0159 0B       		.uleb128 0xb
 1492 015a 3B       		.uleb128 0x3b
 1493 015b 0B       		.uleb128 0xb
 1494 015c 49       		.uleb128 0x49
 1495 015d 13       		.uleb128 0x13
 1496 015e 00       		.byte	0
 1497 015f 00       		.byte	0
 1498 0160 1D       		.uleb128 0x1d
 1499 0161 2E       		.uleb128 0x2e
 1500 0162 01       		.byte	0x1
 1501 0163 31       		.uleb128 0x31
 1502 0164 13       		.uleb128 0x13
 1503 0165 11       		.uleb128 0x11
 1504 0166 01       		.uleb128 0x1
 1505 0167 12       		.uleb128 0x12
 1506 0168 06       		.uleb128 0x6
 1507 0169 40       		.uleb128 0x40
 1508 016a 18       		.uleb128 0x18
 1509 016b 9742     		.uleb128 0x2117
 1510 016d 19       		.uleb128 0x19
 1511 016e 01       		.uleb128 0x1
 1512 016f 13       		.uleb128 0x13
 1513 0170 00       		.byte	0
 1514 0171 00       		.byte	0
 1515 0172 1E       		.uleb128 0x1e
 1516 0173 05       		.uleb128 0x5
 1517 0174 00       		.byte	0
 1518 0175 31       		.uleb128 0x31
 1519 0176 13       		.uleb128 0x13
 1520 0177 02       		.uleb128 0x2
 1521 0178 17       		.uleb128 0x17
 1522 0179 00       		.byte	0
 1523 017a 00       		.byte	0
 1524 017b 1F       		.uleb128 0x1f
 1525 017c 2E       		.uleb128 0x2e
 1526 017d 01       		.byte	0x1
 1527 017e 3F       		.uleb128 0x3f
 1528 017f 19       		.uleb128 0x19
 1529 0180 03       		.uleb128 0x3
 1530 0181 0E       		.uleb128 0xe
 1531 0182 3A       		.uleb128 0x3a
ARM GAS  C:\Users\jo\AppData\Local\Temp\ccOGvp4a.s 			page 28


 1532 0183 0B       		.uleb128 0xb
 1533 0184 3B       		.uleb128 0x3b
 1534 0185 0B       		.uleb128 0xb
 1535 0186 27       		.uleb128 0x27
 1536 0187 19       		.uleb128 0x19
 1537 0188 49       		.uleb128 0x49
 1538 0189 13       		.uleb128 0x13
 1539 018a 11       		.uleb128 0x11
 1540 018b 01       		.uleb128 0x1
 1541 018c 12       		.uleb128 0x12
 1542 018d 06       		.uleb128 0x6
 1543 018e 40       		.uleb128 0x40
 1544 018f 18       		.uleb128 0x18
 1545 0190 9742     		.uleb128 0x2117
 1546 0192 19       		.uleb128 0x19
 1547 0193 01       		.uleb128 0x1
 1548 0194 13       		.uleb128 0x13
 1549 0195 00       		.byte	0
 1550 0196 00       		.byte	0
 1551 0197 20       		.uleb128 0x20
 1552 0198 05       		.uleb128 0x5
 1553 0199 00       		.byte	0
 1554 019a 03       		.uleb128 0x3
 1555 019b 08       		.uleb128 0x8
 1556 019c 3A       		.uleb128 0x3a
 1557 019d 0B       		.uleb128 0xb
 1558 019e 3B       		.uleb128 0x3b
 1559 019f 0B       		.uleb128 0xb
 1560 01a0 49       		.uleb128 0x49
 1561 01a1 13       		.uleb128 0x13
 1562 01a2 02       		.uleb128 0x2
 1563 01a3 17       		.uleb128 0x17
 1564 01a4 00       		.byte	0
 1565 01a5 00       		.byte	0
 1566 01a6 21       		.uleb128 0x21
 1567 01a7 34       		.uleb128 0x34
 1568 01a8 00       		.byte	0
 1569 01a9 03       		.uleb128 0x3
 1570 01aa 0E       		.uleb128 0xe
 1571 01ab 3A       		.uleb128 0x3a
 1572 01ac 0B       		.uleb128 0xb
 1573 01ad 3B       		.uleb128 0x3b
 1574 01ae 05       		.uleb128 0x5
 1575 01af 49       		.uleb128 0x49
 1576 01b0 13       		.uleb128 0x13
 1577 01b1 3F       		.uleb128 0x3f
 1578 01b2 19       		.uleb128 0x19
 1579 01b3 3C       		.uleb128 0x3c
 1580 01b4 19       		.uleb128 0x19
 1581 01b5 00       		.byte	0
 1582 01b6 00       		.byte	0
 1583 01b7 22       		.uleb128 0x22
 1584 01b8 34       		.uleb128 0x34
 1585 01b9 00       		.byte	0
 1586 01ba 03       		.uleb128 0x3
 1587 01bb 08       		.uleb128 0x8
 1588 01bc 3A       		.uleb128 0x3a
ARM GAS  C:\Users\jo\AppData\Local\Temp\ccOGvp4a.s 			page 29


 1589 01bd 0B       		.uleb128 0xb
 1590 01be 3B       		.uleb128 0x3b
 1591 01bf 05       		.uleb128 0x5
 1592 01c0 49       		.uleb128 0x49
 1593 01c1 13       		.uleb128 0x13
 1594 01c2 3F       		.uleb128 0x3f
 1595 01c3 19       		.uleb128 0x19
 1596 01c4 3C       		.uleb128 0x3c
 1597 01c5 19       		.uleb128 0x19
 1598 01c6 00       		.byte	0
 1599 01c7 00       		.byte	0
 1600 01c8 00       		.byte	0
 1601              		.section	.debug_loc,"",%progbits
 1602              	.Ldebug_loc0:
 1603              	.LLST0:
 1604 0000 00000000 		.4byte	.LVL0
 1605 0004 02000000 		.4byte	.LVL1
 1606 0008 0100     		.2byte	0x1
 1607 000a 50       		.byte	0x50
 1608 000b 02000000 		.4byte	.LVL1
 1609 000f 06000000 		.4byte	.LFE256
 1610 0013 0400     		.2byte	0x4
 1611 0015 F3       		.byte	0xf3
 1612 0016 01       		.uleb128 0x1
 1613 0017 50       		.byte	0x50
 1614 0018 9F       		.byte	0x9f
 1615 0019 00000000 		.4byte	0
 1616 001d 00000000 		.4byte	0
 1617              	.LLST1:
 1618 0021 00000000 		.4byte	.LVL2
 1619 0025 02000000 		.4byte	.LVL3
 1620 0029 0100     		.2byte	0x1
 1621 002b 50       		.byte	0x50
 1622 002c 02000000 		.4byte	.LVL3
 1623 0030 06000000 		.4byte	.LFE257
 1624 0034 0400     		.2byte	0x4
 1625 0036 F3       		.byte	0xf3
 1626 0037 01       		.uleb128 0x1
 1627 0038 50       		.byte	0x50
 1628 0039 9F       		.byte	0x9f
 1629 003a 00000000 		.4byte	0
 1630 003e 00000000 		.4byte	0
 1631              	.LLST2:
 1632 0042 00000000 		.4byte	.LVL4
 1633 0046 02000000 		.4byte	.LVL5
 1634 004a 0100     		.2byte	0x1
 1635 004c 50       		.byte	0x50
 1636 004d 02000000 		.4byte	.LVL5
 1637 0051 04000000 		.4byte	.LFE258
 1638 0055 0400     		.2byte	0x4
 1639 0057 F3       		.byte	0xf3
 1640 0058 01       		.uleb128 0x1
 1641 0059 50       		.byte	0x50
 1642 005a 9F       		.byte	0x9f
 1643 005b 00000000 		.4byte	0
 1644 005f 00000000 		.4byte	0
 1645              	.LLST3:
ARM GAS  C:\Users\jo\AppData\Local\Temp\ccOGvp4a.s 			page 30


 1646 0063 00000000 		.4byte	.LVL6
 1647 0067 02000000 		.4byte	.LVL7
 1648 006b 0100     		.2byte	0x1
 1649 006d 50       		.byte	0x50
 1650 006e 02000000 		.4byte	.LVL7
 1651 0072 04000000 		.4byte	.LFE259
 1652 0076 0400     		.2byte	0x4
 1653 0078 F3       		.byte	0xf3
 1654 0079 01       		.uleb128 0x1
 1655 007a 50       		.byte	0x50
 1656 007b 9F       		.byte	0x9f
 1657 007c 00000000 		.4byte	0
 1658 0080 00000000 		.4byte	0
 1659              		.section	.debug_aranges,"",%progbits
 1660 0000 34000000 		.4byte	0x34
 1661 0004 0200     		.2byte	0x2
 1662 0006 00000000 		.4byte	.Ldebug_info0
 1663 000a 04       		.byte	0x4
 1664 000b 00       		.byte	0
 1665 000c 0000     		.2byte	0
 1666 000e 0000     		.2byte	0
 1667 0010 00000000 		.4byte	.LFB256
 1668 0014 06000000 		.4byte	.LFE256-.LFB256
 1669 0018 00000000 		.4byte	.LFB257
 1670 001c 06000000 		.4byte	.LFE257-.LFB257
 1671 0020 00000000 		.4byte	.LFB258
 1672 0024 04000000 		.4byte	.LFE258-.LFB258
 1673 0028 00000000 		.4byte	.LFB259
 1674 002c 04000000 		.4byte	.LFE259-.LFB259
 1675 0030 00000000 		.4byte	0
 1676 0034 00000000 		.4byte	0
 1677              		.section	.debug_ranges,"",%progbits
 1678              	.Ldebug_ranges0:
 1679 0000 00000000 		.4byte	.LFB256
 1680 0004 06000000 		.4byte	.LFE256
 1681 0008 00000000 		.4byte	.LFB257
 1682 000c 06000000 		.4byte	.LFE257
 1683 0010 00000000 		.4byte	.LFB258
 1684 0014 04000000 		.4byte	.LFE258
 1685 0018 00000000 		.4byte	.LFB259
 1686 001c 04000000 		.4byte	.LFE259
 1687 0020 00000000 		.4byte	0
 1688 0024 00000000 		.4byte	0
 1689              		.section	.debug_line,"",%progbits
 1690              	.Ldebug_line0:
 1691 0000 70020000 		.section	.debug_str,"MS",%progbits,1
 1691      02002602 
 1691      00000201 
 1691      FB0E0D00 
 1691      01010101 
 1692              	.LASF99:
 1693 0000 74625F70 		.ascii	"tb_ptr\000"
 1693      747200
 1694              	.LASF55:
 1695 0007 72656164 		.ascii	"ready_list_t\000"
 1695      795F6C69 
 1695      73745F74 
ARM GAS  C:\Users\jo\AppData\Local\Temp\ccOGvp4a.s 			page 31


 1695      00
 1696              	.LASF93:
 1697 0014 73655F74 		.ascii	"se_time\000"
 1697      696D6500 
 1698              	.LASF114:
 1699 001c 7264796D 		.ascii	"rdymsg\000"
 1699      736700
 1700              	.LASF18:
 1701 0023 75696E74 		.ascii	"uint64_t\000"
 1701      36345F74 
 1701      00
 1702              	.LASF85:
 1703 002c 6B65726E 		.ascii	"kernel_stats\000"
 1703      656C5F73 
 1703      74617473 
 1703      00
 1704              	.LASF4:
 1705 0039 5F5F7569 		.ascii	"__uint8_t\000"
 1705      6E74385F 
 1705      7400
 1706              	.LASF91:
 1707 0043 706F7274 		.ascii	"port_intctx\000"
 1707      5F696E74 
 1707      63747800 
 1708              	.LASF54:
 1709 004f 63685F74 		.ascii	"ch_threads_queue\000"
 1709      68726561 
 1709      64735F71 
 1709      75657565 
 1709      00
 1710              	.LASF74:
 1711 0060 73797374 		.ascii	"system_debug_t\000"
 1711      656D5F64 
 1711      65627567 
 1711      5F7400
 1712              	.LASF105:
 1713 006f 776F7273 		.ascii	"worst\000"
 1713      7400
 1714              	.LASF108:
 1715 0075 74696D65 		.ascii	"time_measurement_t\000"
 1715      5F6D6561 
 1715      73757265 
 1715      6D656E74 
 1715      5F7400
 1716              	.LASF13:
 1717 0088 6C6F6E67 		.ascii	"long long unsigned int\000"
 1717      206C6F6E 
 1717      6720756E 
 1717      7369676E 
 1717      65642069 
 1718              	.LASF101:
 1719 009f 63685F74 		.ascii	"ch_trace_buffer_t\000"
 1719      72616365 
 1719      5F627566 
 1719      6665725F 
 1719      7400
 1720              	.LASF96:
ARM GAS  C:\Users\jo\AppData\Local\Temp\ccOGvp4a.s 			page 32


 1721 00b1 73655F73 		.ascii	"se_state\000"
 1721      74617465 
 1721      00
 1722              	.LASF115:
 1723 00ba 65786974 		.ascii	"exitcode\000"
 1723      636F6465 
 1723      00
 1724              	.LASF84:
 1725 00c3 6D61696E 		.ascii	"mainthread\000"
 1725      74687265 
 1725      616400
 1726              	.LASF71:
 1727 00ce 76697274 		.ascii	"virtual_timers_list_t\000"
 1727      75616C5F 
 1727      74696D65 
 1727      72735F6C 
 1727      6973745F 
 1728              	.LASF130:
 1729 00e4 49544D5F 		.ascii	"ITM_RxBuffer\000"
 1729      52784275 
 1729      66666572 
 1729      00
 1730              	.LASF20:
 1731 00f1 72747469 		.ascii	"rttime_t\000"
 1731      6D655F74 
 1731      00
 1732              	.LASF33:
 1733 00fa 705F7072 		.ascii	"p_prio\000"
 1733      696F00
 1734              	.LASF133:
 1735 0101 433A5C55 		.ascii	"C:\\Users\\jo\\Documents\\GitHub\\ChibiOS\\demos\\S"
 1735      73657273 
 1735      5C6A6F5C 
 1735      446F6375 
 1735      6D656E74 
 1736 012d 544D3332 		.ascii	"TM32\\RT-STM32F407-DISCOVERY-uHttp\000"
 1736      5C52542D 
 1736      53544D33 
 1736      32463430 
 1736      372D4449 
 1737              	.LASF11:
 1738 014f 6C6F6E67 		.ascii	"long long int\000"
 1738      206C6F6E 
 1738      6720696E 
 1738      7400
 1739              	.LASF1:
 1740 015d 7369676E 		.ascii	"signed char\000"
 1740      65642063 
 1740      68617200 
 1741              	.LASF48:
 1742 0169 705F6D70 		.ascii	"p_mpool\000"
 1742      6F6F6C00 
 1743              	.LASF119:
 1744 0171 6D5F7175 		.ascii	"m_queue\000"
 1744      65756500 
 1745              	.LASF83:
 1746 0179 76746C69 		.ascii	"vtlist\000"
ARM GAS  C:\Users\jo\AppData\Local\Temp\ccOGvp4a.s 			page 33


 1746      737400
 1747              	.LASF81:
 1748 0180 63685F73 		.ascii	"ch_system\000"
 1748      79737465 
 1748      6D00
 1749              	.LASF8:
 1750 018a 6C6F6E67 		.ascii	"long int\000"
 1750      20696E74 
 1750      00
 1751              	.LASF22:
 1752 0193 74737461 		.ascii	"tstate_t\000"
 1752      74655F74 
 1752      00
 1753              	.LASF94:
 1754 019c 73655F74 		.ascii	"se_tp\000"
 1754      7000
 1755              	.LASF15:
 1756 01a2 75696E74 		.ascii	"uint16_t\000"
 1756      31365F74 
 1756      00
 1757              	.LASF35:
 1758 01ab 705F6E65 		.ascii	"p_newer\000"
 1758      77657200 
 1759              	.LASF98:
 1760 01b3 74625F73 		.ascii	"tb_size\000"
 1760      697A6500 
 1761              	.LASF60:
 1762 01bb 725F6E65 		.ascii	"r_newer\000"
 1762      77657200 
 1763              	.LASF88:
 1764 01c3 72656761 		.ascii	"regarm_t\000"
 1764      726D5F74 
 1764      00
 1765              	.LASF67:
 1766 01cc 76745F70 		.ascii	"vt_prev\000"
 1766      72657600 
 1767              	.LASF75:
 1768 01d4 63685F73 		.ascii	"ch_system_debug\000"
 1768      79737465 
 1768      6D5F6465 
 1768      62756700 
 1769              	.LASF122:
 1770 01e4 6D757465 		.ascii	"mutex_t\000"
 1770      785F7400 
 1771              	.LASF78:
 1772 01ec 6C6F636B 		.ascii	"lock_cnt\000"
 1772      5F636E74 
 1772      00
 1773              	.LASF86:
 1774 01f5 69646C65 		.ascii	"idle_thread_wa\000"
 1774      5F746872 
 1774      6561645F 
 1774      776100
 1775              	.LASF27:
 1776 0204 636E745F 		.ascii	"cnt_t\000"
 1776      7400
 1777              	.LASF38:
ARM GAS  C:\Users\jo\AppData\Local\Temp\ccOGvp4a.s 			page 34


 1778 020a 705F7374 		.ascii	"p_stklimit\000"
 1778      6B6C696D 
 1778      697400
 1779              	.LASF0:
 1780 0215 756E7369 		.ascii	"unsigned int\000"
 1780      676E6564 
 1780      20696E74 
 1780      00
 1781              	.LASF66:
 1782 0222 76745F6E 		.ascii	"vt_next\000"
 1782      65787400 
 1783              	.LASF43:
 1784 022a 705F6D73 		.ascii	"p_msgqueue\000"
 1784      67717565 
 1784      756500
 1785              	.LASF125:
 1786 0235 7533325F 		.ascii	"u32_t\000"
 1786      7400
 1787              	.LASF109:
 1788 023b 6E5F6972 		.ascii	"n_irq\000"
 1788      7100
 1789              	.LASF6:
 1790 0241 73686F72 		.ascii	"short unsigned int\000"
 1790      7420756E 
 1790      7369676E 
 1790      65642069 
 1790      6E7400
 1791              	.LASF113:
 1792 0254 6B65726E 		.ascii	"kernel_stats_t\000"
 1792      656C5F73 
 1792      74617473 
 1792      5F7400
 1793              	.LASF51:
 1794 0263 63685F74 		.ascii	"ch_thread\000"
 1794      68726561 
 1794      6400
 1795              	.LASF25:
 1796 026d 6D73675F 		.ascii	"msg_t\000"
 1796      7400
 1797              	.LASF106:
 1798 0273 6C617374 		.ascii	"last\000"
 1798      00
 1799              	.LASF28:
 1800 0278 75636E74 		.ascii	"ucnt_t\000"
 1800      5F7400
 1801              	.LASF80:
 1802 027f 63685F73 		.ascii	"ch_system_t\000"
 1802      79737465 
 1802      6D5F7400 
 1803              	.LASF129:
 1804 028b 6C776970 		.ascii	"lwip_ntohl\000"
 1804      5F6E746F 
 1804      686C00
 1805              	.LASF21:
 1806 0296 746D6F64 		.ascii	"tmode_t\000"
 1806      655F7400 
 1807              	.LASF128:
ARM GAS  C:\Users\jo\AppData\Local\Temp\ccOGvp4a.s 			page 35


 1808 029e 6C776970 		.ascii	"lwip_ntohs\000"
 1808      5F6E746F 
 1808      687300
 1809              	.LASF127:
 1810 02a9 6C776970 		.ascii	"lwip_htonl\000"
 1810      5F68746F 
 1810      6E6C00
 1811              	.LASF56:
 1812 02b4 63685F72 		.ascii	"ch_ready_list\000"
 1812      65616479 
 1812      5F6C6973 
 1812      7400
 1813              	.LASF26:
 1814 02c2 6576656E 		.ascii	"eventmask_t\000"
 1814      746D6173 
 1814      6B5F7400 
 1815              	.LASF112:
 1816 02ce 6D5F6372 		.ascii	"m_crit_isr\000"
 1816      69745F69 
 1816      737200
 1817              	.LASF7:
 1818 02d9 5F5F696E 		.ascii	"__int32_t\000"
 1818      7433325F 
 1818      7400
 1819              	.LASF126:
 1820 02e3 6C776970 		.ascii	"lwip_htons\000"
 1820      5F68746F 
 1820      6E7300
 1821              	.LASF131:
 1822 02ee 474E5520 		.ascii	"GNU C 4.9.3 20141119 (release) [ARM/embedded-4_9-br"
 1822      4320342E 
 1822      392E3320 
 1822      32303134 
 1822      31313139 
 1823 0321 616E6368 		.ascii	"anch revision 218278] -mcpu=cortex-m4 -mno-thumb-in"
 1823      20726576 
 1823      6973696F 
 1823      6E203231 
 1823      38323738 
 1824 0354 74657277 		.ascii	"terwork -mthumb -ggdb -O2 -fomit-frame-pointer -fal"
 1824      6F726B20 
 1824      2D6D7468 
 1824      756D6220 
 1824      2D676764 
 1825 0387 69676E2D 		.ascii	"ign-functions=16 -ffunction-sections -fdata-section"
 1825      66756E63 
 1825      74696F6E 
 1825      733D3136 
 1825      202D6666 
 1826 03ba 73202D66 		.ascii	"s -fno-common\000"
 1826      6E6F2D63 
 1826      6F6D6D6F 
 1826      6E00
 1827              	.LASF89:
 1828 03c8 73746B61 		.ascii	"stkalign_t\000"
 1828      6C69676E 
 1828      5F7400
ARM GAS  C:\Users\jo\AppData\Local\Temp\ccOGvp4a.s 			page 36


 1829              	.LASF42:
 1830 03d3 705F7761 		.ascii	"p_waiting\000"
 1830      6974696E 
 1830      6700
 1831              	.LASF87:
 1832 03dd 73697A65 		.ascii	"sizetype\000"
 1832      74797065 
 1832      00
 1833              	.LASF72:
 1834 03e6 63685F76 		.ascii	"ch_virtual_timers_list\000"
 1834      69727475 
 1834      616C5F74 
 1834      696D6572 
 1834      735F6C69 
 1835              	.LASF97:
 1836 03fd 63685F73 		.ascii	"ch_swc_event_t\000"
 1836      77635F65 
 1836      76656E74 
 1836      5F7400
 1837              	.LASF73:
 1838 040c 76745F6C 		.ascii	"vt_lasttime\000"
 1838      61737474 
 1838      696D6500 
 1839              	.LASF36:
 1840 0418 705F6F6C 		.ascii	"p_older\000"
 1840      64657200 
 1841              	.LASF59:
 1842 0420 725F6374 		.ascii	"r_ctx\000"
 1842      7800
 1843              	.LASF103:
 1844 0426 746D5F63 		.ascii	"tm_calibration_t\000"
 1844      616C6962 
 1844      72617469 
 1844      6F6E5F74 
 1844      00
 1845              	.LASF62:
 1846 0437 725F6375 		.ascii	"r_current\000"
 1846      7272656E 
 1846      7400
 1847              	.LASF61:
 1848 0441 725F6F6C 		.ascii	"r_older\000"
 1848      64657200 
 1849              	.LASF12:
 1850 0449 5F5F7569 		.ascii	"__uint64_t\000"
 1850      6E743634 
 1850      5F7400
 1851              	.LASF107:
 1852 0454 63756D75 		.ascii	"cumulative\000"
 1852      6C617469 
 1852      766500
 1853              	.LASF23:
 1854 045f 74726566 		.ascii	"trefs_t\000"
 1854      735F7400 
 1855              	.LASF100:
 1856 0467 74625F62 		.ascii	"tb_buffer\000"
 1856      75666665 
 1856      7200
ARM GAS  C:\Users\jo\AppData\Local\Temp\ccOGvp4a.s 			page 37


 1857              	.LASF64:
 1858 0471 76697274 		.ascii	"virtual_timer_t\000"
 1858      75616C5F 
 1858      74696D65 
 1858      725F7400 
 1859              	.LASF32:
 1860 0481 705F7072 		.ascii	"p_prev\000"
 1860      657600
 1861              	.LASF24:
 1862 0488 74707269 		.ascii	"tprio_t\000"
 1862      6F5F7400 
 1863              	.LASF118:
 1864 0490 6D757465 		.ascii	"mutex\000"
 1864      7800
 1865              	.LASF110:
 1866 0496 6E5F6374 		.ascii	"n_ctxswc\000"
 1866      78737763 
 1866      00
 1867              	.LASF123:
 1868 049f 5F426F6F 		.ascii	"_Bool\000"
 1868      6C00
 1869              	.LASF16:
 1870 04a5 696E7433 		.ascii	"int32_t\000"
 1870      325F7400 
 1871              	.LASF2:
 1872 04ad 756E7369 		.ascii	"unsigned char\000"
 1872      676E6564 
 1872      20636861 
 1872      7200
 1873              	.LASF46:
 1874 04bb 705F6D74 		.ascii	"p_mtxlist\000"
 1874      786C6973 
 1874      7400
 1875              	.LASF3:
 1876 04c5 73686F72 		.ascii	"short int\000"
 1876      7420696E 
 1876      7400
 1877              	.LASF39:
 1878 04cf 705F7374 		.ascii	"p_state\000"
 1878      61746500 
 1879              	.LASF58:
 1880 04d7 725F7072 		.ascii	"r_prio\000"
 1880      696F00
 1881              	.LASF117:
 1882 04de 65776D61 		.ascii	"ewmask\000"
 1882      736B00
 1883              	.LASF31:
 1884 04e5 705F6E65 		.ascii	"p_next\000"
 1884      787400
 1885              	.LASF40:
 1886 04ec 705F666C 		.ascii	"p_flags\000"
 1886      61677300 
 1887              	.LASF49:
 1888 04f4 705F7374 		.ascii	"p_stats\000"
 1888      61747300 
 1889              	.LASF65:
 1890 04fc 63685F76 		.ascii	"ch_virtual_timer\000"
ARM GAS  C:\Users\jo\AppData\Local\Temp\ccOGvp4a.s 			page 38


 1890      69727475 
 1890      616C5F74 
 1890      696D6572 
 1890      00
 1891              	.LASF45:
 1892 050d 705F6570 		.ascii	"p_epending\000"
 1892      656E6469 
 1892      6E6700
 1893              	.LASF17:
 1894 0518 75696E74 		.ascii	"uint32_t\000"
 1894      33325F74 
 1894      00
 1895              	.LASF57:
 1896 0521 725F7175 		.ascii	"r_queue\000"
 1896      65756500 
 1897              	.LASF68:
 1898 0529 76745F64 		.ascii	"vt_delta\000"
 1898      656C7461 
 1898      00
 1899              	.LASF52:
 1900 0532 63685F74 		.ascii	"ch_threads_list\000"
 1900      68726561 
 1900      64735F6C 
 1900      69737400 
 1901              	.LASF10:
 1902 0542 6C6F6E67 		.ascii	"long unsigned int\000"
 1902      20756E73 
 1902      69676E65 
 1902      6420696E 
 1902      7400
 1903              	.LASF92:
 1904 0554 63686172 		.ascii	"char\000"
 1904      00
 1905              	.LASF5:
 1906 0559 5F5F7569 		.ascii	"__uint16_t\000"
 1906      6E743136 
 1906      5F7400
 1907              	.LASF30:
 1908 0564 74687265 		.ascii	"thread_t\000"
 1908      61645F74 
 1908      00
 1909              	.LASF104:
 1910 056d 62657374 		.ascii	"best\000"
 1910      00
 1911              	.LASF121:
 1912 0572 6D5F6E65 		.ascii	"m_next\000"
 1912      787400
 1913              	.LASF29:
 1914 0579 73797374 		.ascii	"systime_t\000"
 1914      696D655F 
 1914      7400
 1915              	.LASF47:
 1916 0583 705F7265 		.ascii	"p_realprio\000"
 1916      616C7072 
 1916      696F00
 1917              	.LASF63:
 1918 058e 76746675 		.ascii	"vtfunc_t\000"
ARM GAS  C:\Users\jo\AppData\Local\Temp\ccOGvp4a.s 			page 39


 1918      6E635F74 
 1918      00
 1919              	.LASF9:
 1920 0597 5F5F7569 		.ascii	"__uint32_t\000"
 1920      6E743332 
 1920      5F7400
 1921              	.LASF76:
 1922 05a2 70616E69 		.ascii	"panic_msg\000"
 1922      635F6D73 
 1922      6700
 1923              	.LASF102:
 1924 05ac 6F666673 		.ascii	"offset\000"
 1924      657400
 1925              	.LASF90:
 1926 05b3 636F6E74 		.ascii	"context\000"
 1926      65787400 
 1927              	.LASF132:
 1928 05bb 2E2E2F2E 		.ascii	"../../../os/ext/lwip-1.4.1/src/core/def.c\000"
 1928      2E2F2E2E 
 1928      2F6F732F 
 1928      6578742F 
 1928      6C776970 
 1929              	.LASF19:
 1930 05e5 7274636E 		.ascii	"rtcnt_t\000"
 1930      745F7400 
 1931              	.LASF70:
 1932 05ed 76745F70 		.ascii	"vt_par\000"
 1932      617200
 1933              	.LASF124:
 1934 05f4 7531365F 		.ascii	"u16_t\000"
 1934      7400
 1935              	.LASF53:
 1936 05fa 74687265 		.ascii	"threads_queue_t\000"
 1936      6164735F 
 1936      71756575 
 1936      655F7400 
 1937              	.LASF41:
 1938 060a 705F7265 		.ascii	"p_refs\000"
 1938      667300
 1939              	.LASF77:
 1940 0611 6973725F 		.ascii	"isr_cnt\000"
 1940      636E7400 
 1941              	.LASF82:
 1942 0619 726C6973 		.ascii	"rlist\000"
 1942      7400
 1943              	.LASF14:
 1944 061f 75696E74 		.ascii	"uint8_t\000"
 1944      385F7400 
 1945              	.LASF116:
 1946 0627 77746F62 		.ascii	"wtobjp\000"
 1946      6A7000
 1947              	.LASF37:
 1948 062e 705F6E61 		.ascii	"p_name\000"
 1948      6D6500
 1949              	.LASF50:
 1950 0635 74687265 		.ascii	"threads_list_t\000"
 1950      6164735F 
ARM GAS  C:\Users\jo\AppData\Local\Temp\ccOGvp4a.s 			page 40


 1950      6C697374 
 1950      5F7400
 1951              	.LASF79:
 1952 0644 74726163 		.ascii	"trace_buffer\000"
 1952      655F6275 
 1952      66666572 
 1952      00
 1953              	.LASF44:
 1954 0651 705F6D73 		.ascii	"p_msg\000"
 1954      6700
 1955              	.LASF111:
 1956 0657 6D5F6372 		.ascii	"m_crit_thd\000"
 1956      69745F74 
 1956      686400
 1957              	.LASF120:
 1958 0662 6D5F6F77 		.ascii	"m_owner\000"
 1958      6E657200 
 1959              	.LASF95:
 1960 066a 73655F77 		.ascii	"se_wtobjp\000"
 1960      746F626A 
 1960      7000
 1961              	.LASF34:
 1962 0674 705F6374 		.ascii	"p_ctx\000"
 1962      7800
 1963              	.LASF69:
 1964 067a 76745F66 		.ascii	"vt_func\000"
 1964      756E6300 
 1965              		.ident	"GCC: (GNU Tools for ARM Embedded Processors) 4.9.3 20141119 (release) [ARM/embedded-4_9-br
ARM GAS  C:\Users\jo\AppData\Local\Temp\ccOGvp4a.s 			page 41


DEFINED SYMBOLS
                            *ABS*:00000000 def.c
C:\Users\jo\AppData\Local\Temp\ccOGvp4a.s:19     .text.lwip_htons:00000000 $t
C:\Users\jo\AppData\Local\Temp\ccOGvp4a.s:25     .text.lwip_htons:00000000 lwip_htons
C:\Users\jo\AppData\Local\Temp\ccOGvp4a.s:43     .text.lwip_ntohs:00000000 $t
C:\Users\jo\AppData\Local\Temp\ccOGvp4a.s:49     .text.lwip_ntohs:00000000 lwip_ntohs
C:\Users\jo\AppData\Local\Temp\ccOGvp4a.s:66     .text.lwip_htonl:00000000 $t
C:\Users\jo\AppData\Local\Temp\ccOGvp4a.s:72     .text.lwip_htonl:00000000 lwip_htonl
C:\Users\jo\AppData\Local\Temp\ccOGvp4a.s:88     .text.lwip_ntohl:00000000 $t
C:\Users\jo\AppData\Local\Temp\ccOGvp4a.s:94     .text.lwip_ntohl:00000000 lwip_ntohl
                     .debug_frame:00000010 $d

NO UNDEFINED SYMBOLS
