ARM GAS  C:\Users\jo\AppData\Local\Temp\ccdVt13f.s 			page 1


   1              		.syntax unified
   2              		.cpu cortex-m4
   3              		.fpu softvfp
   4              		.eabi_attribute 20, 1
   5              		.eabi_attribute 21, 1
   6              		.eabi_attribute 23, 3
   7              		.eabi_attribute 24, 1
   8              		.eabi_attribute 25, 1
   9              		.eabi_attribute 26, 1
  10              		.eabi_attribute 30, 2
  11              		.eabi_attribute 34, 1
  12              		.eabi_attribute 18, 4
  13              		.thumb
  14              		.file	"entropy_poll.c"
  15              		.text
  16              	.Ltext0:
  17              		.cfi_sections	.debug_frame
  18              	.Letext0:
  19              		.section	.debug_info,"",%progbits
  20              	.Ldebug_info0:
  21 0000 6E000000 		.4byte	0x6e
  22 0004 0400     		.2byte	0x4
  23 0006 00000000 		.4byte	.Ldebug_abbrev0
  24 000a 04       		.byte	0x4
  25 000b 01       		.uleb128 0x1
  26 000c 8F000000 		.4byte	.LASF11
  27 0010 01       		.byte	0x1
  28 0011 00000000 		.4byte	.LASF12
  29 0015 89010000 		.4byte	.LASF13
  30 0019 00000000 		.4byte	.Ldebug_line0
  31 001d 02       		.uleb128 0x2
  32 001e 04       		.byte	0x4
  33 001f 05       		.byte	0x5
  34 0020 696E7400 		.ascii	"int\000"
  35 0024 03       		.uleb128 0x3
  36 0025 04       		.byte	0x4
  37 0026 07       		.byte	0x7
  38 0027 30000000 		.4byte	.LASF0
  39 002b 03       		.uleb128 0x3
  40 002c 01       		.byte	0x1
  41 002d 06       		.byte	0x6
  42 002e 4F000000 		.4byte	.LASF1
  43 0032 03       		.uleb128 0x3
  44 0033 01       		.byte	0x1
  45 0034 08       		.byte	0x8
  46 0035 69010000 		.4byte	.LASF2
  47 0039 03       		.uleb128 0x3
  48 003a 02       		.byte	0x2
  49 003b 05       		.byte	0x5
  50 003c 6E000000 		.4byte	.LASF3
  51 0040 03       		.uleb128 0x3
  52 0041 02       		.byte	0x2
  53 0042 07       		.byte	0x7
  54 0043 5B000000 		.4byte	.LASF4
  55 0047 03       		.uleb128 0x3
  56 0048 04       		.byte	0x4
  57 0049 05       		.byte	0x5
ARM GAS  C:\Users\jo\AppData\Local\Temp\ccdVt13f.s 			page 2


  58 004a 77010000 		.4byte	.LASF5
  59 004e 03       		.uleb128 0x3
  60 004f 04       		.byte	0x4
  61 0050 07       		.byte	0x7
  62 0051 3D000000 		.4byte	.LASF6
  63 0055 03       		.uleb128 0x3
  64 0056 08       		.byte	0x8
  65 0057 05       		.byte	0x5
  66 0058 DC010000 		.4byte	.LASF7
  67 005c 03       		.uleb128 0x3
  68 005d 08       		.byte	0x8
  69 005e 07       		.byte	0x7
  70 005f 78000000 		.4byte	.LASF8
  71 0063 03       		.uleb128 0x3
  72 0064 04       		.byte	0x4
  73 0065 07       		.byte	0x7
  74 0066 80010000 		.4byte	.LASF9
  75 006a 03       		.uleb128 0x3
  76 006b 01       		.byte	0x1
  77 006c 08       		.byte	0x8
  78 006d D7010000 		.4byte	.LASF10
  79 0071 00       		.byte	0
  80              		.section	.debug_abbrev,"",%progbits
  81              	.Ldebug_abbrev0:
  82 0000 01       		.uleb128 0x1
  83 0001 11       		.uleb128 0x11
  84 0002 01       		.byte	0x1
  85 0003 25       		.uleb128 0x25
  86 0004 0E       		.uleb128 0xe
  87 0005 13       		.uleb128 0x13
  88 0006 0B       		.uleb128 0xb
  89 0007 03       		.uleb128 0x3
  90 0008 0E       		.uleb128 0xe
  91 0009 1B       		.uleb128 0x1b
  92 000a 0E       		.uleb128 0xe
  93 000b 10       		.uleb128 0x10
  94 000c 17       		.uleb128 0x17
  95 000d 00       		.byte	0
  96 000e 00       		.byte	0
  97 000f 02       		.uleb128 0x2
  98 0010 24       		.uleb128 0x24
  99 0011 00       		.byte	0
 100 0012 0B       		.uleb128 0xb
 101 0013 0B       		.uleb128 0xb
 102 0014 3E       		.uleb128 0x3e
 103 0015 0B       		.uleb128 0xb
 104 0016 03       		.uleb128 0x3
 105 0017 08       		.uleb128 0x8
 106 0018 00       		.byte	0
 107 0019 00       		.byte	0
 108 001a 03       		.uleb128 0x3
 109 001b 24       		.uleb128 0x24
 110 001c 00       		.byte	0
 111 001d 0B       		.uleb128 0xb
 112 001e 0B       		.uleb128 0xb
 113 001f 3E       		.uleb128 0x3e
 114 0020 0B       		.uleb128 0xb
ARM GAS  C:\Users\jo\AppData\Local\Temp\ccdVt13f.s 			page 3


 115 0021 03       		.uleb128 0x3
 116 0022 0E       		.uleb128 0xe
 117 0023 00       		.byte	0
 118 0024 00       		.byte	0
 119 0025 00       		.byte	0
 120              		.section	.debug_aranges,"",%progbits
 121 0000 14000000 		.4byte	0x14
 122 0004 0200     		.2byte	0x2
 123 0006 00000000 		.4byte	.Ldebug_info0
 124 000a 04       		.byte	0x4
 125 000b 00       		.byte	0
 126 000c 0000     		.2byte	0
 127 000e 0000     		.2byte	0
 128 0010 00000000 		.4byte	0
 129 0014 00000000 		.4byte	0
 130              		.section	.debug_line,"",%progbits
 131              	.Ldebug_line0:
 132 0000 19000000 		.section	.debug_str,"MS",%progbits,1
 132      02001300 
 132      00000201 
 132      FB0E0D00 
 132      01010101 
 133              	.LASF12:
 134 0000 2E2E2F2E 		.ascii	"../../../os/ext/PolarSSL/library/entropy_poll.c\000"
 134      2E2F2E2E 
 134      2F6F732F 
 134      6578742F 
 134      506F6C61 
 135              	.LASF0:
 136 0030 756E7369 		.ascii	"unsigned int\000"
 136      676E6564 
 136      20696E74 
 136      00
 137              	.LASF6:
 138 003d 6C6F6E67 		.ascii	"long unsigned int\000"
 138      20756E73 
 138      69676E65 
 138      6420696E 
 138      7400
 139              	.LASF1:
 140 004f 7369676E 		.ascii	"signed char\000"
 140      65642063 
 140      68617200 
 141              	.LASF4:
 142 005b 73686F72 		.ascii	"short unsigned int\000"
 142      7420756E 
 142      7369676E 
 142      65642069 
 142      6E7400
 143              	.LASF3:
 144 006e 73686F72 		.ascii	"short int\000"
 144      7420696E 
 144      7400
 145              	.LASF8:
 146 0078 6C6F6E67 		.ascii	"long long unsigned int\000"
 146      206C6F6E 
 146      6720756E 
ARM GAS  C:\Users\jo\AppData\Local\Temp\ccdVt13f.s 			page 4


 146      7369676E 
 146      65642069 
 147              	.LASF11:
 148 008f 474E5520 		.ascii	"GNU C 4.9.3 20141119 (release) [ARM/embedded-4_9-br"
 148      4320342E 
 148      392E3320 
 148      32303134 
 148      31313139 
 149 00c2 616E6368 		.ascii	"anch revision 218278] -mcpu=cortex-m4 -mno-thumb-in"
 149      20726576 
 149      6973696F 
 149      6E203231 
 149      38323738 
 150 00f5 74657277 		.ascii	"terwork -mthumb -ggdb -O2 -fomit-frame-pointer -fal"
 150      6F726B20 
 150      2D6D7468 
 150      756D6220 
 150      2D676764 
 151 0128 69676E2D 		.ascii	"ign-functions=16 -ffunction-sections -fdata-section"
 151      66756E63 
 151      74696F6E 
 151      733D3136 
 151      202D6666 
 152 015b 73202D66 		.ascii	"s -fno-common\000"
 152      6E6F2D63 
 152      6F6D6D6F 
 152      6E00
 153              	.LASF2:
 154 0169 756E7369 		.ascii	"unsigned char\000"
 154      676E6564 
 154      20636861 
 154      7200
 155              	.LASF5:
 156 0177 6C6F6E67 		.ascii	"long int\000"
 156      20696E74 
 156      00
 157              	.LASF9:
 158 0180 73697A65 		.ascii	"sizetype\000"
 158      74797065 
 158      00
 159              	.LASF13:
 160 0189 433A5C55 		.ascii	"C:\\Users\\jo\\Documents\\GitHub\\ChibiOS\\demos\\S"
 160      73657273 
 160      5C6A6F5C 
 160      446F6375 
 160      6D656E74 
 161 01b5 544D3332 		.ascii	"TM32\\RT-STM32F407-DISCOVERY-uHttp\000"
 161      5C52542D 
 161      53544D33 
 161      32463430 
 161      372D4449 
 162              	.LASF10:
 163 01d7 63686172 		.ascii	"char\000"
 163      00
 164              	.LASF7:
 165 01dc 6C6F6E67 		.ascii	"long long int\000"
 165      206C6F6E 
ARM GAS  C:\Users\jo\AppData\Local\Temp\ccdVt13f.s 			page 5


 165      6720696E 
 165      7400
 166              		.ident	"GCC: (GNU Tools for ARM Embedded Processors) 4.9.3 20141119 (release) [ARM/embedded-4_9-br
ARM GAS  C:\Users\jo\AppData\Local\Temp\ccdVt13f.s 			page 6


DEFINED SYMBOLS
                            *ABS*:00000000 entropy_poll.c

NO UNDEFINED SYMBOLS
