ARM GAS  C:\Users\jo\AppData\Local\Temp\ccgMor1u.s 			page 1


   1              		.syntax unified
   2              		.cpu cortex-m4
   3              		.fpu softvfp
   4              		.eabi_attribute 20, 1
   5              		.eabi_attribute 21, 1
   6              		.eabi_attribute 23, 3
   7              		.eabi_attribute 24, 1
   8              		.eabi_attribute 25, 1
   9              		.eabi_attribute 26, 1
  10              		.eabi_attribute 30, 2
  11              		.eabi_attribute 34, 1
  12              		.eabi_attribute 18, 4
  13              		.thumb
  14              		.file	"err.c"
  15              		.text
  16              	.Ltext0:
  17              		.cfi_sections	.debug_frame
  18              		.section	.text.lwip_strerr,"ax",%progbits
  19              		.align	2
  20              		.p2align 4,,15
  21              		.global	lwip_strerr
  22              		.thumb
  23              		.thumb_func
  24              		.type	lwip_strerr, %function
  25              	lwip_strerr:
  26              	.LFB256:
  27              		.file 1 "../../../os/ext/lwip-1.4.1/src/api/err.c"
  28              		.loc 1 70 0
  29              		.cfi_startproc
  30              		@ args = 0, pretend = 0, frame = 0
  31              		@ frame_needed = 0, uses_anonymous_args = 0
  32              		@ link register save eliminated.
  33              	.LVL0:
  34              		.loc 1 71 0
  35 0000 024B     		ldr	r3, .L2
  36 0002 4042     		negs	r0, r0
  37              	.LVL1:
  38              		.loc 1 73 0
  39 0004 53F82000 		ldr	r0, [r3, r0, lsl #2]
  40 0008 7047     		bx	lr
  41              	.L3:
  42 000a 00BF     		.align	2
  43              	.L2:
  44 000c 00000000 		.word	.LANCHOR0
  45              		.cfi_endproc
  46              	.LFE256:
  47              		.size	lwip_strerr, .-lwip_strerr
  48              		.section	.rodata.str1.4,"aMS",%progbits,1
  49              		.align	2
  50              	.LC0:
  51 0000 4F6B2E00 		.ascii	"Ok.\000"
  52              	.LC1:
  53 0004 4F757420 		.ascii	"Out of memory error.\000"
  53      6F66206D 
  53      656D6F72 
  53      79206572 
  53      726F722E 
ARM GAS  C:\Users\jo\AppData\Local\Temp\ccgMor1u.s 			page 2


  54 0019 000000   		.space	3
  55              	.LC2:
  56 001c 42756666 		.ascii	"Buffer error.\000"
  56      65722065 
  56      72726F72 
  56      2E00
  57 002a 0000     		.space	2
  58              	.LC3:
  59 002c 54696D65 		.ascii	"Timeout.\000"
  59      6F75742E 
  59      00
  60 0035 000000   		.space	3
  61              	.LC4:
  62 0038 526F7574 		.ascii	"Routing problem.\000"
  62      696E6720 
  62      70726F62 
  62      6C656D2E 
  62      00
  63 0049 000000   		.space	3
  64              	.LC5:
  65 004c 4F706572 		.ascii	"Operation in progress.\000"
  65      6174696F 
  65      6E20696E 
  65      2070726F 
  65      67726573 
  66 0063 00       		.space	1
  67              	.LC6:
  68 0064 496C6C65 		.ascii	"Illegal value.\000"
  68      67616C20 
  68      76616C75 
  68      652E00
  69 0073 00       		.space	1
  70              	.LC7:
  71 0074 4F706572 		.ascii	"Operation would block.\000"
  71      6174696F 
  71      6E20776F 
  71      756C6420 
  71      626C6F63 
  72 008b 00       		.space	1
  73              	.LC8:
  74 008c 41646472 		.ascii	"Address in use.\000"
  74      65737320 
  74      696E2075 
  74      73652E00 
  75              	.LC9:
  76 009c 416C7265 		.ascii	"Already connected.\000"
  76      61647920 
  76      636F6E6E 
  76      65637465 
  76      642E00
  77 00af 00       		.space	1
  78              	.LC10:
  79 00b0 436F6E6E 		.ascii	"Connection aborted.\000"
  79      65637469 
  79      6F6E2061 
  79      626F7274 
  79      65642E00 
ARM GAS  C:\Users\jo\AppData\Local\Temp\ccgMor1u.s 			page 3


  80              	.LC11:
  81 00c4 436F6E6E 		.ascii	"Connection reset.\000"
  81      65637469 
  81      6F6E2072 
  81      65736574 
  81      2E00
  82 00d6 0000     		.space	2
  83              	.LC12:
  84 00d8 436F6E6E 		.ascii	"Connection closed.\000"
  84      65637469 
  84      6F6E2063 
  84      6C6F7365 
  84      642E00
  85 00eb 00       		.space	1
  86              	.LC13:
  87 00ec 4E6F7420 		.ascii	"Not connected.\000"
  87      636F6E6E 
  87      65637465 
  87      642E00
  88 00fb 00       		.space	1
  89              	.LC14:
  90 00fc 496C6C65 		.ascii	"Illegal argument.\000"
  90      67616C20 
  90      61726775 
  90      6D656E74 
  90      2E00
  91 010e 0000     		.space	2
  92              	.LC15:
  93 0110 4C6F772D 		.ascii	"Low-level netif error.\000"
  93      6C657665 
  93      6C206E65 
  93      74696620 
  93      6572726F 
  94 0127 00       		.section	.rodata.err_strerr,"a",%progbits
  95              		.align	2
  96              		.set	.LANCHOR0,. + 0
  97              		.type	err_strerr, %object
  98              		.size	err_strerr, 64
  99              	err_strerr:
 100 0000 00000000 		.word	.LC0
 101 0004 04000000 		.word	.LC1
 102 0008 1C000000 		.word	.LC2
 103 000c 2C000000 		.word	.LC3
 104 0010 38000000 		.word	.LC4
 105 0014 4C000000 		.word	.LC5
 106 0018 64000000 		.word	.LC6
 107 001c 74000000 		.word	.LC7
 108 0020 8C000000 		.word	.LC8
 109 0024 9C000000 		.word	.LC9
 110 0028 B0000000 		.word	.LC10
 111 002c C4000000 		.word	.LC11
 112 0030 D8000000 		.word	.LC12
 113 0034 EC000000 		.word	.LC13
 114 0038 FC000000 		.word	.LC14
 115 003c 10010000 		.word	.LC15
 116              		.text
 117              	.Letext0:
ARM GAS  C:\Users\jo\AppData\Local\Temp\ccgMor1u.s 			page 4


 118              		.file 2 "c:\\program files\\gnu tools arm embedded\\4.9 2014q4\\lib\\gcc\\arm-none-eabi\\4.9.3\\in
 119              		.file 3 "c:\\program files\\gnu tools arm embedded\\4.9 2014q4\\arm-none-eabi\\include\\machine\\_
 120              		.file 4 "c:\\program files\\gnu tools arm embedded\\4.9 2014q4\\arm-none-eabi\\include\\stdint.h"
 121              		.file 5 "../../../os/rt/ports/ARMCMx/compilers/GCC/chtypes.h"
 122              		.file 6 "../../../os/rt/include/chsystypes.h"
 123              		.file 7 "../../../os/rt/include/chschd.h"
 124              		.file 8 "../../../os/rt/ports/ARMCMx/chcore.h"
 125              		.file 9 "../../../os/rt/ports/ARMCMx/chcore_v7m.h"
 126              		.file 10 "../../../os/rt/include/chdebug.h"
 127              		.file 11 "../../../os/rt/include/chtm.h"
 128              		.file 12 "../../../os/rt/include/chstats.h"
 129              		.file 13 "../../../os/rt/include/chmtx.h"
 130              		.file 14 "../../../os/various/lwip_bindings/arch/cc.h"
 131              		.file 15 "../../../os/ext/lwip-1.4.1/src/include/lwip/err.h"
 132              		.file 16 "../../../os/ext/CMSIS/include/core_cm4.h"
 133              		.section	.debug_info,"",%progbits
 134              	.Ldebug_info0:
 135 0000 EE070000 		.4byte	0x7ee
 136 0004 0400     		.2byte	0x4
 137 0006 00000000 		.4byte	.Ldebug_abbrev0
 138 000a 04       		.byte	0x4
 139 000b 01       		.uleb128 0x1
 140 000c CF020000 		.4byte	.LASF128
 141 0010 01       		.byte	0x1
 142 0011 DC050000 		.4byte	.LASF129
 143 0015 12010000 		.4byte	.LASF130
 144 0019 00000000 		.4byte	.Ldebug_ranges0+0
 145 001d 00000000 		.4byte	0
 146 0021 00000000 		.4byte	.Ldebug_line0
 147 0025 02       		.uleb128 0x2
 148 0026 04       		.byte	0x4
 149 0027 05       		.byte	0x5
 150 0028 696E7400 		.ascii	"int\000"
 151 002c 03       		.uleb128 0x3
 152 002d 1C000000 		.4byte	.LASF1
 153 0031 02       		.byte	0x2
 154 0032 D4       		.byte	0xd4
 155 0033 37000000 		.4byte	0x37
 156 0037 04       		.uleb128 0x4
 157 0038 04       		.byte	0x4
 158 0039 07       		.byte	0x7
 159 003a 1D020000 		.4byte	.LASF0
 160 003e 03       		.uleb128 0x3
 161 003f EC000000 		.4byte	.LASF2
 162 0043 03       		.byte	0x3
 163 0044 1B       		.byte	0x1b
 164 0045 49000000 		.4byte	0x49
 165 0049 04       		.uleb128 0x4
 166 004a 01       		.byte	0x1
 167 004b 06       		.byte	0x6
 168 004c 6E010000 		.4byte	.LASF3
 169 0050 03       		.uleb128 0x3
 170 0051 40000000 		.4byte	.LASF4
 171 0055 03       		.byte	0x3
 172 0056 1D       		.byte	0x1d
 173 0057 5B000000 		.4byte	0x5b
 174 005b 04       		.uleb128 0x4
ARM GAS  C:\Users\jo\AppData\Local\Temp\ccgMor1u.s 			page 5


 175 005c 01       		.byte	0x1
 176 005d 08       		.byte	0x8
 177 005e 94040000 		.4byte	.LASF5
 178 0062 04       		.uleb128 0x4
 179 0063 02       		.byte	0x2
 180 0064 05       		.byte	0x5
 181 0065 AC040000 		.4byte	.LASF6
 182 0069 04       		.uleb128 0x4
 183 006a 02       		.byte	0x2
 184 006b 07       		.byte	0x7
 185 006c 43020000 		.4byte	.LASF7
 186 0070 03       		.uleb128 0x3
 187 0071 C5020000 		.4byte	.LASF8
 188 0075 03       		.byte	0x3
 189 0076 3F       		.byte	0x3f
 190 0077 7B000000 		.4byte	0x7b
 191 007b 04       		.uleb128 0x4
 192 007c 04       		.byte	0x4
 193 007d 05       		.byte	0x5
 194 007e 9B010000 		.4byte	.LASF9
 195 0082 03       		.uleb128 0x3
 196 0083 78050000 		.4byte	.LASF10
 197 0087 03       		.byte	0x3
 198 0088 41       		.byte	0x41
 199 0089 8D000000 		.4byte	0x8d
 200 008d 04       		.uleb128 0x4
 201 008e 04       		.byte	0x4
 202 008f 07       		.byte	0x7
 203 0090 2E050000 		.4byte	.LASF11
 204 0094 04       		.uleb128 0x4
 205 0095 08       		.byte	0x8
 206 0096 05       		.byte	0x5
 207 0097 60010000 		.4byte	.LASF12
 208 009b 03       		.uleb128 0x3
 209 009c 30040000 		.4byte	.LASF13
 210 00a0 03       		.byte	0x3
 211 00a1 5B       		.byte	0x5b
 212 00a2 A6000000 		.4byte	0xa6
 213 00a6 04       		.uleb128 0x4
 214 00a7 08       		.byte	0x8
 215 00a8 07       		.byte	0x7
 216 00a9 8F000000 		.4byte	.LASF14
 217 00ad 03       		.uleb128 0x3
 218 00ae A4050000 		.4byte	.LASF15
 219 00b2 04       		.byte	0x4
 220 00b3 14       		.byte	0x14
 221 00b4 3E000000 		.4byte	0x3e
 222 00b8 03       		.uleb128 0x3
 223 00b9 0B060000 		.4byte	.LASF16
 224 00bd 04       		.byte	0x4
 225 00be 15       		.byte	0x15
 226 00bf 50000000 		.4byte	0x50
 227 00c3 03       		.uleb128 0x3
 228 00c4 8C040000 		.4byte	.LASF17
 229 00c8 04       		.byte	0x4
 230 00c9 2C       		.byte	0x2c
 231 00ca 70000000 		.4byte	0x70
ARM GAS  C:\Users\jo\AppData\Local\Temp\ccgMor1u.s 			page 6


 232 00ce 03       		.uleb128 0x3
 233 00cf 04050000 		.4byte	.LASF18
 234 00d3 04       		.byte	0x4
 235 00d4 2D       		.byte	0x2d
 236 00d5 82000000 		.4byte	0x82
 237 00d9 03       		.uleb128 0x3
 238 00da 2A000000 		.4byte	.LASF19
 239 00de 04       		.byte	0x4
 240 00df 39       		.byte	0x39
 241 00e0 9B000000 		.4byte	0x9b
 242 00e4 05       		.uleb128 0x5
 243 00e5 C3000000 		.4byte	0xc3
 244 00e9 03       		.uleb128 0x3
 245 00ea 9C050000 		.4byte	.LASF20
 246 00ee 05       		.byte	0x5
 247 00ef 45       		.byte	0x45
 248 00f0 CE000000 		.4byte	0xce
 249 00f4 03       		.uleb128 0x3
 250 00f5 02010000 		.4byte	.LASF21
 251 00f9 05       		.byte	0x5
 252 00fa 46       		.byte	0x46
 253 00fb D9000000 		.4byte	0xd9
 254 00ff 03       		.uleb128 0x3
 255 0100 98020000 		.4byte	.LASF22
 256 0104 05       		.byte	0x5
 257 0105 48       		.byte	0x48
 258 0106 B8000000 		.4byte	0xb8
 259 010a 03       		.uleb128 0x3
 260 010b A4010000 		.4byte	.LASF23
 261 010f 05       		.byte	0x5
 262 0110 49       		.byte	0x49
 263 0111 B8000000 		.4byte	0xb8
 264 0115 03       		.uleb128 0x3
 265 0116 46040000 		.4byte	.LASF24
 266 011a 05       		.byte	0x5
 267 011b 4A       		.byte	0x4a
 268 011c B8000000 		.4byte	0xb8
 269 0120 03       		.uleb128 0x3
 270 0121 6F040000 		.4byte	.LASF25
 271 0125 05       		.byte	0x5
 272 0126 4C       		.byte	0x4c
 273 0127 CE000000 		.4byte	0xce
 274 012b 03       		.uleb128 0x3
 275 012c 7A020000 		.4byte	.LASF26
 276 0130 05       		.byte	0x5
 277 0131 4D       		.byte	0x4d
 278 0132 C3000000 		.4byte	0xc3
 279 0136 03       		.uleb128 0x3
 280 0137 B9020000 		.4byte	.LASF27
 281 013b 05       		.byte	0x5
 282 013c 4F       		.byte	0x4f
 283 013d CE000000 		.4byte	0xce
 284 0141 03       		.uleb128 0x3
 285 0142 0C020000 		.4byte	.LASF28
 286 0146 05       		.byte	0x5
 287 0147 51       		.byte	0x51
 288 0148 C3000000 		.4byte	0xc3
ARM GAS  C:\Users\jo\AppData\Local\Temp\ccgMor1u.s 			page 7


 289 014c 03       		.uleb128 0x3
 290 014d 85020000 		.4byte	.LASF29
 291 0151 05       		.byte	0x5
 292 0152 52       		.byte	0x52
 293 0153 CE000000 		.4byte	0xce
 294 0157 03       		.uleb128 0x3
 295 0158 5A050000 		.4byte	.LASF30
 296 015c 06       		.byte	0x6
 297 015d 33       		.byte	0x33
 298 015e CE000000 		.4byte	0xce
 299 0162 03       		.uleb128 0x3
 300 0163 45050000 		.4byte	.LASF31
 301 0167 06       		.byte	0x6
 302 0168 3F       		.byte	0x3f
 303 0169 6D010000 		.4byte	0x16d
 304 016d 06       		.uleb128 0x6
 305 016e 65020000 		.4byte	.LASF52
 306 0172 60       		.byte	0x60
 307 0173 07       		.byte	0x7
 308 0174 BE       		.byte	0xbe
 309 0175 73020000 		.4byte	0x273
 310 0179 07       		.uleb128 0x7
 311 017a CC040000 		.4byte	.LASF32
 312 017e 07       		.byte	0x7
 313 017f BF       		.byte	0xbf
 314 0180 BB050000 		.4byte	0x5bb
 315 0184 00       		.byte	0
 316 0185 07       		.uleb128 0x7
 317 0186 68040000 		.4byte	.LASF33
 318 018a 07       		.byte	0x7
 319 018b C1       		.byte	0xc1
 320 018c BB050000 		.4byte	0x5bb
 321 0190 04       		.byte	0x4
 322 0191 07       		.uleb128 0x7
 323 0192 0B010000 		.4byte	.LASF34
 324 0196 07       		.byte	0x7
 325 0197 C3       		.byte	0xc3
 326 0198 20010000 		.4byte	0x120
 327 019c 08       		.byte	0x8
 328 019d 07       		.uleb128 0x7
 329 019e 60060000 		.4byte	.LASF35
 330 01a2 07       		.byte	0x7
 331 01a3 C4       		.byte	0xc4
 332 01a4 D6040000 		.4byte	0x4d6
 333 01a8 0C       		.byte	0xc
 334 01a9 07       		.uleb128 0x7
 335 01aa B3010000 		.4byte	.LASF36
 336 01ae 07       		.byte	0x7
 337 01af C6       		.byte	0xc6
 338 01b0 BB050000 		.4byte	0x5bb
 339 01b4 10       		.byte	0x10
 340 01b5 07       		.uleb128 0x7
 341 01b6 FF030000 		.4byte	.LASF37
 342 01ba 07       		.byte	0x7
 343 01bb C7       		.byte	0xc7
 344 01bc BB050000 		.4byte	0x5bb
 345 01c0 14       		.byte	0x14
ARM GAS  C:\Users\jo\AppData\Local\Temp\ccgMor1u.s 			page 8


 346 01c1 07       		.uleb128 0x7
 347 01c2 1A060000 		.4byte	.LASF38
 348 01c6 07       		.byte	0x7
 349 01c7 CE       		.byte	0xce
 350 01c8 77050000 		.4byte	0x577
 351 01cc 18       		.byte	0x18
 352 01cd 07       		.uleb128 0x7
 353 01ce 12020000 		.4byte	.LASF39
 354 01d2 07       		.byte	0x7
 355 01d3 D4       		.byte	0xd4
 356 01d4 05070000 		.4byte	0x705
 357 01d8 1C       		.byte	0x1c
 358 01d9 07       		.uleb128 0x7
 359 01da B6040000 		.4byte	.LASF40
 360 01de 07       		.byte	0x7
 361 01df D9       		.byte	0xd9
 362 01e0 0A010000 		.4byte	0x10a
 363 01e4 20       		.byte	0x20
 364 01e5 07       		.uleb128 0x7
 365 01e6 D3040000 		.4byte	.LASF41
 366 01ea 07       		.byte	0x7
 367 01eb DD       		.byte	0xdd
 368 01ec FF000000 		.4byte	0xff
 369 01f0 21       		.byte	0x21
 370 01f1 07       		.uleb128 0x7
 371 01f2 CD050000 		.4byte	.LASF42
 372 01f6 07       		.byte	0x7
 373 01f7 E2       		.byte	0xe2
 374 01f8 15010000 		.4byte	0x115
 375 01fc 22       		.byte	0x22
 376 01fd 08       		.uleb128 0x8
 377 01fe 705F7500 		.ascii	"p_u\000"
 378 0202 07       		.byte	0x7
 379 0203 1401     		.2byte	0x114
 380 0205 CD060000 		.4byte	0x6cd
 381 0209 24       		.byte	0x24
 382 020a 09       		.uleb128 0x9
 383 020b B4030000 		.4byte	.LASF43
 384 020f 07       		.byte	0x7
 385 0210 1901     		.2byte	0x119
 386 0212 73020000 		.4byte	0x273
 387 0216 28       		.byte	0x28
 388 0217 09       		.uleb128 0x9
 389 0218 32020000 		.4byte	.LASF44
 390 021c 07       		.byte	0x7
 391 021d 1F01     		.2byte	0x11f
 392 021f 97020000 		.4byte	0x297
 393 0223 2C       		.byte	0x2c
 394 0224 09       		.uleb128 0x9
 395 0225 3D060000 		.4byte	.LASF45
 396 0229 07       		.byte	0x7
 397 022a 2301     		.2byte	0x123
 398 022c 2B010000 		.4byte	0x12b
 399 0230 34       		.byte	0x34
 400 0231 09       		.uleb128 0x9
 401 0232 F9040000 		.4byte	.LASF46
 402 0236 07       		.byte	0x7
ARM GAS  C:\Users\jo\AppData\Local\Temp\ccgMor1u.s 			page 9


 403 0237 2901     		.2byte	0x129
 404 0239 36010000 		.4byte	0x136
 405 023d 38       		.byte	0x38
 406 023e 09       		.uleb128 0x9
 407 023f A2040000 		.4byte	.LASF47
 408 0243 07       		.byte	0x7
 409 0244 3001     		.2byte	0x130
 410 0246 3C070000 		.4byte	0x73c
 411 024a 3C       		.byte	0x3c
 412 024b 09       		.uleb128 0x9
 413 024c 64050000 		.4byte	.LASF48
 414 0250 07       		.byte	0x7
 415 0251 3401     		.2byte	0x134
 416 0253 20010000 		.4byte	0x120
 417 0257 40       		.byte	0x40
 418 0258 09       		.uleb128 0x9
 419 0259 7A010000 		.4byte	.LASF49
 420 025d 07       		.byte	0x7
 421 025e 3A01     		.2byte	0x13a
 422 0260 4A030000 		.4byte	0x34a
 423 0264 44       		.byte	0x44
 424 0265 09       		.uleb128 0x9
 425 0266 DB040000 		.4byte	.LASF50
 426 026a 07       		.byte	0x7
 427 026b 4001     		.2byte	0x140
 428 026d 7E060000 		.4byte	0x67e
 429 0271 48       		.byte	0x48
 430 0272 00       		.byte	0
 431 0273 03       		.uleb128 0x3
 432 0274 21060000 		.4byte	.LASF51
 433 0278 06       		.byte	0x6
 434 0279 44       		.byte	0x44
 435 027a 7E020000 		.4byte	0x27e
 436 027e 06       		.uleb128 0x6
 437 027f 1E050000 		.4byte	.LASF53
 438 0283 04       		.byte	0x4
 439 0284 07       		.byte	0x7
 440 0285 AC       		.byte	0xac
 441 0286 97020000 		.4byte	0x297
 442 028a 07       		.uleb128 0x7
 443 028b CC040000 		.4byte	.LASF32
 444 028f 07       		.byte	0x7
 445 0290 AD       		.byte	0xad
 446 0291 BB050000 		.4byte	0x5bb
 447 0295 00       		.byte	0
 448 0296 00       		.byte	0
 449 0297 03       		.uleb128 0x3
 450 0298 BD050000 		.4byte	.LASF54
 451 029c 06       		.byte	0x6
 452 029d 4B       		.byte	0x4b
 453 029e A2020000 		.4byte	0x2a2
 454 02a2 06       		.uleb128 0x6
 455 02a3 56000000 		.4byte	.LASF55
 456 02a7 08       		.byte	0x8
 457 02a8 07       		.byte	0x7
 458 02a9 B3       		.byte	0xb3
 459 02aa C7020000 		.4byte	0x2c7
ARM GAS  C:\Users\jo\AppData\Local\Temp\ccgMor1u.s 			page 10


 460 02ae 07       		.uleb128 0x7
 461 02af CC040000 		.4byte	.LASF32
 462 02b3 07       		.byte	0x7
 463 02b4 B4       		.byte	0xb4
 464 02b5 BB050000 		.4byte	0x5bb
 465 02b9 00       		.byte	0
 466 02ba 07       		.uleb128 0x7
 467 02bb 68040000 		.4byte	.LASF33
 468 02bf 07       		.byte	0x7
 469 02c0 B5       		.byte	0xb5
 470 02c1 BB050000 		.4byte	0x5bb
 471 02c5 04       		.byte	0x4
 472 02c6 00       		.byte	0
 473 02c7 03       		.uleb128 0x3
 474 02c8 07000000 		.4byte	.LASF56
 475 02cc 06       		.byte	0x6
 476 02cd 52       		.byte	0x52
 477 02ce D2020000 		.4byte	0x2d2
 478 02d2 0A       		.uleb128 0xa
 479 02d3 AB020000 		.4byte	.LASF57
 480 02d7 1C       		.byte	0x1c
 481 02d8 07       		.byte	0x7
 482 02d9 7201     		.2byte	0x172
 483 02db 2E030000 		.4byte	0x32e
 484 02df 09       		.uleb128 0x9
 485 02e0 0D050000 		.4byte	.LASF58
 486 02e4 07       		.byte	0x7
 487 02e5 7301     		.2byte	0x173
 488 02e7 97020000 		.4byte	0x297
 489 02eb 00       		.byte	0
 490 02ec 09       		.uleb128 0x9
 491 02ed BE040000 		.4byte	.LASF59
 492 02f1 07       		.byte	0x7
 493 02f2 7401     		.2byte	0x174
 494 02f4 20010000 		.4byte	0x120
 495 02f8 08       		.byte	0x8
 496 02f9 09       		.uleb128 0x9
 497 02fa 07040000 		.4byte	.LASF60
 498 02fe 07       		.byte	0x7
 499 02ff 7601     		.2byte	0x176
 500 0301 D6040000 		.4byte	0x4d6
 501 0305 0C       		.byte	0xc
 502 0306 09       		.uleb128 0x9
 503 0307 C3010000 		.4byte	.LASF61
 504 030b 07       		.byte	0x7
 505 030c 7901     		.2byte	0x179
 506 030e BB050000 		.4byte	0x5bb
 507 0312 10       		.byte	0x10
 508 0313 09       		.uleb128 0x9
 509 0314 28040000 		.4byte	.LASF62
 510 0318 07       		.byte	0x7
 511 0319 7A01     		.2byte	0x17a
 512 031b BB050000 		.4byte	0x5bb
 513 031f 14       		.byte	0x14
 514 0320 09       		.uleb128 0x9
 515 0321 1E040000 		.4byte	.LASF63
 516 0325 07       		.byte	0x7
ARM GAS  C:\Users\jo\AppData\Local\Temp\ccgMor1u.s 			page 11


 517 0326 7D01     		.2byte	0x17d
 518 0328 BB050000 		.4byte	0x5bb
 519 032c 18       		.byte	0x18
 520 032d 00       		.byte	0
 521 032e 03       		.uleb128 0x3
 522 032f 6F050000 		.4byte	.LASF64
 523 0333 06       		.byte	0x6
 524 0334 57       		.byte	0x57
 525 0335 39030000 		.4byte	0x339
 526 0339 0B       		.uleb128 0xb
 527 033a 04       		.byte	0x4
 528 033b 3F030000 		.4byte	0x33f
 529 033f 0C       		.uleb128 0xc
 530 0340 4A030000 		.4byte	0x34a
 531 0344 0D       		.uleb128 0xd
 532 0345 4A030000 		.4byte	0x34a
 533 0349 00       		.byte	0
 534 034a 0E       		.uleb128 0xe
 535 034b 04       		.byte	0x4
 536 034c 03       		.uleb128 0x3
 537 034d 58040000 		.4byte	.LASF65
 538 0351 06       		.byte	0x6
 539 0352 5C       		.byte	0x5c
 540 0353 57030000 		.4byte	0x357
 541 0357 0A       		.uleb128 0xa
 542 0358 E3040000 		.4byte	.LASF66
 543 035c 14       		.byte	0x14
 544 035d 07       		.byte	0x7
 545 035e 4D01     		.2byte	0x14d
 546 0360 A6030000 		.4byte	0x3a6
 547 0364 09       		.uleb128 0x9
 548 0365 2A020000 		.4byte	.LASF67
 549 0369 07       		.byte	0x7
 550 036a 4E01     		.2byte	0x14e
 551 036c 42070000 		.4byte	0x742
 552 0370 00       		.byte	0
 553 0371 09       		.uleb128 0x9
 554 0372 D4010000 		.4byte	.LASF68
 555 0376 07       		.byte	0x7
 556 0377 4F01     		.2byte	0x14f
 557 0379 42070000 		.4byte	0x742
 558 037d 04       		.byte	0x4
 559 037e 09       		.uleb128 0x9
 560 037f 15050000 		.4byte	.LASF69
 561 0383 07       		.byte	0x7
 562 0384 5001     		.2byte	0x150
 563 0386 57010000 		.4byte	0x157
 564 038a 08       		.byte	0x8
 565 038b 09       		.uleb128 0x9
 566 038c 66060000 		.4byte	.LASF70
 567 0390 07       		.byte	0x7
 568 0391 5101     		.2byte	0x151
 569 0393 2E030000 		.4byte	0x32e
 570 0397 0C       		.byte	0xc
 571 0398 09       		.uleb128 0x9
 572 0399 AB050000 		.4byte	.LASF71
 573 039d 07       		.byte	0x7
ARM GAS  C:\Users\jo\AppData\Local\Temp\ccgMor1u.s 			page 12


 574 039e 5301     		.2byte	0x153
 575 03a0 4A030000 		.4byte	0x34a
 576 03a4 10       		.byte	0x10
 577 03a5 00       		.byte	0
 578 03a6 03       		.uleb128 0x3
 579 03a7 D6000000 		.4byte	.LASF72
 580 03ab 06       		.byte	0x6
 581 03ac 61       		.byte	0x61
 582 03ad B1030000 		.4byte	0x3b1
 583 03b1 0A       		.uleb128 0xa
 584 03b2 CD030000 		.4byte	.LASF73
 585 03b6 10       		.byte	0x10
 586 03b7 07       		.byte	0x7
 587 03b8 5D01     		.2byte	0x15d
 588 03ba F3030000 		.4byte	0x3f3
 589 03be 09       		.uleb128 0x9
 590 03bf 2A020000 		.4byte	.LASF67
 591 03c3 07       		.byte	0x7
 592 03c4 5E01     		.2byte	0x15e
 593 03c6 42070000 		.4byte	0x742
 594 03ca 00       		.byte	0
 595 03cb 09       		.uleb128 0x9
 596 03cc D4010000 		.4byte	.LASF68
 597 03d0 07       		.byte	0x7
 598 03d1 6001     		.2byte	0x160
 599 03d3 42070000 		.4byte	0x742
 600 03d7 04       		.byte	0x4
 601 03d8 09       		.uleb128 0x9
 602 03d9 15050000 		.4byte	.LASF69
 603 03dd 07       		.byte	0x7
 604 03de 6201     		.2byte	0x162
 605 03e0 57010000 		.4byte	0x157
 606 03e4 08       		.byte	0x8
 607 03e5 09       		.uleb128 0x9
 608 03e6 F3030000 		.4byte	.LASF74
 609 03ea 07       		.byte	0x7
 610 03eb 6A01     		.2byte	0x16a
 611 03ed 57010000 		.4byte	0x157
 612 03f1 0C       		.byte	0xc
 613 03f2 00       		.byte	0
 614 03f3 03       		.uleb128 0x3
 615 03f4 67000000 		.4byte	.LASF75
 616 03f8 06       		.byte	0x6
 617 03f9 66       		.byte	0x66
 618 03fa FE030000 		.4byte	0x3fe
 619 03fe 0F       		.uleb128 0xf
 620 03ff DC010000 		.4byte	.LASF76
 621 0403 1404     		.2byte	0x414
 622 0405 07       		.byte	0x7
 623 0406 8401     		.2byte	0x184
 624 0408 41040000 		.4byte	0x441
 625 040c 09       		.uleb128 0x9
 626 040d 83050000 		.4byte	.LASF77
 627 0411 07       		.byte	0x7
 628 0412 8C01     		.2byte	0x18c
 629 0414 48070000 		.4byte	0x748
 630 0418 00       		.byte	0
ARM GAS  C:\Users\jo\AppData\Local\Temp\ccgMor1u.s 			page 13


 631 0419 09       		.uleb128 0x9
 632 041a D4050000 		.4byte	.LASF78
 633 041e 07       		.byte	0x7
 634 041f 9101     		.2byte	0x191
 635 0421 41010000 		.4byte	0x141
 636 0425 04       		.byte	0x4
 637 0426 09       		.uleb128 0x9
 638 0427 F4010000 		.4byte	.LASF79
 639 042b 07       		.byte	0x7
 640 042c 9501     		.2byte	0x195
 641 042e 41010000 		.4byte	0x141
 642 0432 08       		.byte	0x8
 643 0433 09       		.uleb128 0x9
 644 0434 30060000 		.4byte	.LASF80
 645 0438 07       		.byte	0x7
 646 0439 9B01     		.2byte	0x19b
 647 043b 10060000 		.4byte	0x610
 648 043f 0C       		.byte	0xc
 649 0440 00       		.byte	0
 650 0441 03       		.uleb128 0x3
 651 0442 8C020000 		.4byte	.LASF81
 652 0446 06       		.byte	0x6
 653 0447 6B       		.byte	0x6b
 654 0448 4C040000 		.4byte	0x44c
 655 044c 0F       		.uleb128 0xf
 656 044d 91010000 		.4byte	.LASF82
 657 0451 D805     		.2byte	0x5d8
 658 0453 07       		.byte	0x7
 659 0454 A401     		.2byte	0x1a4
 660 0456 B9040000 		.4byte	0x4b9
 661 045a 09       		.uleb128 0x9
 662 045b 05060000 		.4byte	.LASF83
 663 045f 07       		.byte	0x7
 664 0460 A801     		.2byte	0x1a8
 665 0462 C7020000 		.4byte	0x2c7
 666 0466 00       		.byte	0
 667 0467 09       		.uleb128 0x9
 668 0468 8A010000 		.4byte	.LASF84
 669 046c 07       		.byte	0x7
 670 046d AC01     		.2byte	0x1ac
 671 046f A6030000 		.4byte	0x3a6
 672 0473 1C       		.byte	0x1c
 673 0474 08       		.uleb128 0x8
 674 0475 64626700 		.ascii	"dbg\000"
 675 0479 07       		.byte	0x7
 676 047a B001     		.2byte	0x1b0
 677 047c F3030000 		.4byte	0x3f3
 678 0480 2C       		.byte	0x2c
 679 0481 10       		.uleb128 0x10
 680 0482 6F020000 		.4byte	.LASF85
 681 0486 07       		.byte	0x7
 682 0487 B401     		.2byte	0x1b4
 683 0489 62010000 		.4byte	0x162
 684 048d 4004     		.2byte	0x440
 685 048f 11       		.uleb128 0x11
 686 0490 746D00   		.ascii	"tm\000"
 687 0493 07       		.byte	0x7
ARM GAS  C:\Users\jo\AppData\Local\Temp\ccgMor1u.s 			page 14


 688 0494 B901     		.2byte	0x1b9
 689 0496 30060000 		.4byte	0x630
 690 049a A004     		.2byte	0x4a0
 691 049c 10       		.uleb128 0x10
 692 049d 33000000 		.4byte	.LASF86
 693 04a1 07       		.byte	0x7
 694 04a2 BF01     		.2byte	0x1bf
 695 04a4 C2060000 		.4byte	0x6c2
 696 04a8 A804     		.2byte	0x4a8
 697 04aa 10       		.uleb128 0x10
 698 04ab FD010000 		.4byte	.LASF87
 699 04af 07       		.byte	0x7
 700 04b0 C501     		.2byte	0x1c5
 701 04b2 4D070000 		.4byte	0x74d
 702 04b6 E004     		.2byte	0x4e0
 703 04b8 00       		.byte	0
 704 04b9 04       		.uleb128 0x4
 705 04ba 04       		.byte	0x4
 706 04bb 07       		.byte	0x7
 707 04bc C4030000 		.4byte	.LASF88
 708 04c0 03       		.uleb128 0x3
 709 04c1 CB010000 		.4byte	.LASF89
 710 04c5 08       		.byte	0x8
 711 04c6 85       		.byte	0x85
 712 04c7 4A030000 		.4byte	0x34a
 713 04cb 03       		.uleb128 0x3
 714 04cc A9030000 		.4byte	.LASF90
 715 04d0 08       		.byte	0x8
 716 04d1 8D       		.byte	0x8d
 717 04d2 D9000000 		.4byte	0xd9
 718 04d6 06       		.uleb128 0x6
 719 04d7 94050000 		.4byte	.LASF91
 720 04db 04       		.byte	0x4
 721 04dc 08       		.byte	0x8
 722 04dd A9       		.byte	0xa9
 723 04de EF040000 		.4byte	0x4ef
 724 04e2 12       		.uleb128 0x12
 725 04e3 72313300 		.ascii	"r13\000"
 726 04e7 08       		.byte	0x8
 727 04e8 AA       		.byte	0xaa
 728 04e9 6A050000 		.4byte	0x56a
 729 04ed 00       		.byte	0
 730 04ee 00       		.byte	0
 731 04ef 06       		.uleb128 0x6
 732 04f0 4A000000 		.4byte	.LASF92
 733 04f4 24       		.byte	0x24
 734 04f5 09       		.byte	0x9
 735 04f6 F4       		.byte	0xf4
 736 04f7 6A050000 		.4byte	0x56a
 737 04fb 08       		.uleb128 0x8
 738 04fc 723400   		.ascii	"r4\000"
 739 04ff 09       		.byte	0x9
 740 0500 0701     		.2byte	0x107
 741 0502 C0040000 		.4byte	0x4c0
 742 0506 00       		.byte	0
 743 0507 08       		.uleb128 0x8
 744 0508 723500   		.ascii	"r5\000"
ARM GAS  C:\Users\jo\AppData\Local\Temp\ccgMor1u.s 			page 15


 745 050b 09       		.byte	0x9
 746 050c 0801     		.2byte	0x108
 747 050e C0040000 		.4byte	0x4c0
 748 0512 04       		.byte	0x4
 749 0513 08       		.uleb128 0x8
 750 0514 723600   		.ascii	"r6\000"
 751 0517 09       		.byte	0x9
 752 0518 0901     		.2byte	0x109
 753 051a C0040000 		.4byte	0x4c0
 754 051e 08       		.byte	0x8
 755 051f 08       		.uleb128 0x8
 756 0520 723700   		.ascii	"r7\000"
 757 0523 09       		.byte	0x9
 758 0524 0A01     		.2byte	0x10a
 759 0526 C0040000 		.4byte	0x4c0
 760 052a 0C       		.byte	0xc
 761 052b 08       		.uleb128 0x8
 762 052c 723800   		.ascii	"r8\000"
 763 052f 09       		.byte	0x9
 764 0530 0B01     		.2byte	0x10b
 765 0532 C0040000 		.4byte	0x4c0
 766 0536 10       		.byte	0x10
 767 0537 08       		.uleb128 0x8
 768 0538 723900   		.ascii	"r9\000"
 769 053b 09       		.byte	0x9
 770 053c 0C01     		.2byte	0x10c
 771 053e C0040000 		.4byte	0x4c0
 772 0542 14       		.byte	0x14
 773 0543 08       		.uleb128 0x8
 774 0544 72313000 		.ascii	"r10\000"
 775 0548 09       		.byte	0x9
 776 0549 0D01     		.2byte	0x10d
 777 054b C0040000 		.4byte	0x4c0
 778 054f 18       		.byte	0x18
 779 0550 08       		.uleb128 0x8
 780 0551 72313100 		.ascii	"r11\000"
 781 0555 09       		.byte	0x9
 782 0556 0E01     		.2byte	0x10e
 783 0558 C0040000 		.4byte	0x4c0
 784 055c 1C       		.byte	0x1c
 785 055d 08       		.uleb128 0x8
 786 055e 6C7200   		.ascii	"lr\000"
 787 0561 09       		.byte	0x9
 788 0562 0F01     		.2byte	0x10f
 789 0564 C0040000 		.4byte	0x4c0
 790 0568 20       		.byte	0x20
 791 0569 00       		.byte	0
 792 056a 0B       		.uleb128 0xb
 793 056b 04       		.byte	0x4
 794 056c EF040000 		.4byte	0x4ef
 795 0570 04       		.uleb128 0x4
 796 0571 01       		.byte	0x1
 797 0572 08       		.byte	0x8
 798 0573 40050000 		.4byte	.LASF93
 799 0577 0B       		.uleb128 0xb
 800 0578 04       		.byte	0x4
 801 0579 7D050000 		.4byte	0x57d
ARM GAS  C:\Users\jo\AppData\Local\Temp\ccgMor1u.s 			page 16


 802 057d 13       		.uleb128 0x13
 803 057e 70050000 		.4byte	0x570
 804 0582 14       		.uleb128 0x14
 805 0583 10       		.byte	0x10
 806 0584 0A       		.byte	0xa
 807 0585 57       		.byte	0x57
 808 0586 BB050000 		.4byte	0x5bb
 809 058a 07       		.uleb128 0x7
 810 058b 14000000 		.4byte	.LASF94
 811 058f 0A       		.byte	0xa
 812 0590 5B       		.byte	0x5b
 813 0591 57010000 		.4byte	0x157
 814 0595 00       		.byte	0
 815 0596 07       		.uleb128 0x7
 816 0597 AD010000 		.4byte	.LASF95
 817 059b 0A       		.byte	0xa
 818 059c 5F       		.byte	0x5f
 819 059d BB050000 		.4byte	0x5bb
 820 05a1 04       		.byte	0x4
 821 05a2 07       		.uleb128 0x7
 822 05a3 56060000 		.4byte	.LASF96
 823 05a7 0A       		.byte	0xa
 824 05a8 63       		.byte	0x63
 825 05a9 4A030000 		.4byte	0x34a
 826 05ad 08       		.byte	0x8
 827 05ae 07       		.uleb128 0x7
 828 05af B8000000 		.4byte	.LASF97
 829 05b3 0A       		.byte	0xa
 830 05b4 67       		.byte	0x67
 831 05b5 B8000000 		.4byte	0xb8
 832 05b9 0C       		.byte	0xc
 833 05ba 00       		.byte	0
 834 05bb 0B       		.uleb128 0xb
 835 05bc 04       		.byte	0x4
 836 05bd 62010000 		.4byte	0x162
 837 05c1 03       		.uleb128 0x3
 838 05c2 E4030000 		.4byte	.LASF98
 839 05c6 0A       		.byte	0xa
 840 05c7 68       		.byte	0x68
 841 05c8 82050000 		.4byte	0x582
 842 05cc 15       		.uleb128 0x15
 843 05cd 0804     		.2byte	0x408
 844 05cf 0A       		.byte	0xa
 845 05d0 6D       		.byte	0x6d
 846 05d1 FA050000 		.4byte	0x5fa
 847 05d5 07       		.uleb128 0x7
 848 05d6 BB010000 		.4byte	.LASF99
 849 05da 0A       		.byte	0xa
 850 05db 71       		.byte	0x71
 851 05dc 37000000 		.4byte	0x37
 852 05e0 00       		.byte	0
 853 05e1 07       		.uleb128 0x7
 854 05e2 00000000 		.4byte	.LASF100
 855 05e6 0A       		.byte	0xa
 856 05e7 75       		.byte	0x75
 857 05e8 FA050000 		.4byte	0x5fa
 858 05ec 04       		.byte	0x4
ARM GAS  C:\Users\jo\AppData\Local\Temp\ccgMor1u.s 			page 17


 859 05ed 07       		.uleb128 0x7
 860 05ee 4E040000 		.4byte	.LASF101
 861 05f2 0A       		.byte	0xa
 862 05f3 79       		.byte	0x79
 863 05f4 00060000 		.4byte	0x600
 864 05f8 08       		.byte	0x8
 865 05f9 00       		.byte	0
 866 05fa 0B       		.uleb128 0xb
 867 05fb 04       		.byte	0x4
 868 05fc C1050000 		.4byte	0x5c1
 869 0600 16       		.uleb128 0x16
 870 0601 C1050000 		.4byte	0x5c1
 871 0605 10060000 		.4byte	0x610
 872 0609 17       		.uleb128 0x17
 873 060a B9040000 		.4byte	0x4b9
 874 060e 3F       		.byte	0x3f
 875 060f 00       		.byte	0
 876 0610 03       		.uleb128 0x3
 877 0611 A6000000 		.4byte	.LASF102
 878 0615 0A       		.byte	0xa
 879 0616 7A       		.byte	0x7a
 880 0617 CC050000 		.4byte	0x5cc
 881 061b 14       		.uleb128 0x14
 882 061c 04       		.byte	0x4
 883 061d 0B       		.byte	0xb
 884 061e 38       		.byte	0x38
 885 061f 30060000 		.4byte	0x630
 886 0623 07       		.uleb128 0x7
 887 0624 8D050000 		.4byte	.LASF103
 888 0628 0B       		.byte	0xb
 889 0629 3C       		.byte	0x3c
 890 062a E9000000 		.4byte	0xe9
 891 062e 00       		.byte	0
 892 062f 00       		.byte	0
 893 0630 03       		.uleb128 0x3
 894 0631 0D040000 		.4byte	.LASF104
 895 0635 0B       		.byte	0xb
 896 0636 3D       		.byte	0x3d
 897 0637 1B060000 		.4byte	0x61b
 898 063b 14       		.uleb128 0x14
 899 063c 18       		.byte	0x18
 900 063d 0B       		.byte	0xb
 901 063e 48       		.byte	0x48
 902 063f 7E060000 		.4byte	0x67e
 903 0643 07       		.uleb128 0x7
 904 0644 4E050000 		.4byte	.LASF105
 905 0648 0B       		.byte	0xb
 906 0649 49       		.byte	0x49
 907 064a E9000000 		.4byte	0xe9
 908 064e 00       		.byte	0
 909 064f 07       		.uleb128 0x7
 910 0650 76000000 		.4byte	.LASF106
 911 0654 0B       		.byte	0xb
 912 0655 4A       		.byte	0x4a
 913 0656 E9000000 		.4byte	0xe9
 914 065a 04       		.byte	0x4
 915 065b 07       		.uleb128 0x7
ARM GAS  C:\Users\jo\AppData\Local\Temp\ccgMor1u.s 			page 18


 916 065c 80020000 		.4byte	.LASF107
 917 0660 0B       		.byte	0xb
 918 0661 4B       		.byte	0x4b
 919 0662 E9000000 		.4byte	0xe9
 920 0666 08       		.byte	0x8
 921 0667 12       		.uleb128 0x12
 922 0668 6E00     		.ascii	"n\000"
 923 066a 0B       		.byte	0xb
 924 066b 4C       		.byte	0x4c
 925 066c 4C010000 		.4byte	0x14c
 926 0670 0C       		.byte	0xc
 927 0671 07       		.uleb128 0x7
 928 0672 3B040000 		.4byte	.LASF108
 929 0676 0B       		.byte	0xb
 930 0677 4D       		.byte	0x4d
 931 0678 F4000000 		.4byte	0xf4
 932 067c 10       		.byte	0x10
 933 067d 00       		.byte	0
 934 067e 03       		.uleb128 0x3
 935 067f 7C000000 		.4byte	.LASF109
 936 0683 0B       		.byte	0xb
 937 0684 4E       		.byte	0x4e
 938 0685 3B060000 		.4byte	0x63b
 939 0689 14       		.uleb128 0x14
 940 068a 38       		.byte	0x38
 941 068b 0C       		.byte	0xc
 942 068c 38       		.byte	0x38
 943 068d C2060000 		.4byte	0x6c2
 944 0691 07       		.uleb128 0x7
 945 0692 3D020000 		.4byte	.LASF110
 946 0696 0C       		.byte	0xc
 947 0697 39       		.byte	0x39
 948 0698 4C010000 		.4byte	0x14c
 949 069c 00       		.byte	0
 950 069d 07       		.uleb128 0x7
 951 069e 7D040000 		.4byte	.LASF111
 952 06a2 0C       		.byte	0xc
 953 06a3 3A       		.byte	0x3a
 954 06a4 4C010000 		.4byte	0x14c
 955 06a8 04       		.byte	0x4
 956 06a9 07       		.uleb128 0x7
 957 06aa 43060000 		.4byte	.LASF112
 958 06ae 0C       		.byte	0xc
 959 06af 3B       		.byte	0x3b
 960 06b0 7E060000 		.4byte	0x67e
 961 06b4 08       		.byte	0x8
 962 06b5 07       		.uleb128 0x7
 963 06b6 A0020000 		.4byte	.LASF113
 964 06ba 0C       		.byte	0xc
 965 06bb 3D       		.byte	0x3d
 966 06bc 7E060000 		.4byte	0x67e
 967 06c0 20       		.byte	0x20
 968 06c1 00       		.byte	0
 969 06c2 03       		.uleb128 0x3
 970 06c3 56020000 		.4byte	.LASF114
 971 06c7 0C       		.byte	0xc
 972 06c8 3F       		.byte	0x3f
ARM GAS  C:\Users\jo\AppData\Local\Temp\ccgMor1u.s 			page 19


 973 06c9 89060000 		.4byte	0x689
 974 06cd 18       		.uleb128 0x18
 975 06ce 04       		.byte	0x4
 976 06cf 07       		.byte	0x7
 977 06d0 F6       		.byte	0xf6
 978 06d1 05070000 		.4byte	0x705
 979 06d5 19       		.uleb128 0x19
 980 06d6 23000000 		.4byte	.LASF115
 981 06da 07       		.byte	0x7
 982 06db FD       		.byte	0xfd
 983 06dc 2B010000 		.4byte	0x12b
 984 06e0 1A       		.uleb128 0x1a
 985 06e1 C1000000 		.4byte	.LASF116
 986 06e5 07       		.byte	0x7
 987 06e6 0401     		.2byte	0x104
 988 06e8 2B010000 		.4byte	0x12b
 989 06ec 1A       		.uleb128 0x1a
 990 06ed 13060000 		.4byte	.LASF117
 991 06f1 07       		.byte	0x7
 992 06f2 0B01     		.2byte	0x10b
 993 06f4 4A030000 		.4byte	0x34a
 994 06f8 1A       		.uleb128 0x1a
 995 06f9 C5040000 		.4byte	.LASF118
 996 06fd 07       		.byte	0x7
 997 06fe 1201     		.2byte	0x112
 998 0700 36010000 		.4byte	0x136
 999 0704 00       		.byte	0
 1000 0705 0B       		.uleb128 0xb
 1001 0706 04       		.byte	0x4
 1002 0707 CB040000 		.4byte	0x4cb
 1003 070b 06       		.uleb128 0x6
 1004 070c 77040000 		.4byte	.LASF119
 1005 0710 10       		.byte	0x10
 1006 0711 0D       		.byte	0xd
 1007 0712 39       		.byte	0x39
 1008 0713 3C070000 		.4byte	0x73c
 1009 0717 07       		.uleb128 0x7
 1010 0718 82010000 		.4byte	.LASF120
 1011 071c 0D       		.byte	0xd
 1012 071d 3A       		.byte	0x3a
 1013 071e 97020000 		.4byte	0x297
 1014 0722 00       		.byte	0
 1015 0723 07       		.uleb128 0x7
 1016 0724 4E060000 		.4byte	.LASF121
 1017 0728 0D       		.byte	0xd
 1018 0729 3C       		.byte	0x3c
 1019 072a BB050000 		.4byte	0x5bb
 1020 072e 08       		.byte	0x8
 1021 072f 07       		.uleb128 0x7
 1022 0730 53050000 		.4byte	.LASF122
 1023 0734 0D       		.byte	0xd
 1024 0735 3E       		.byte	0x3e
 1025 0736 68070000 		.4byte	0x768
 1026 073a 0C       		.byte	0xc
 1027 073b 00       		.byte	0
 1028 073c 0B       		.uleb128 0xb
 1029 073d 04       		.byte	0x4
ARM GAS  C:\Users\jo\AppData\Local\Temp\ccgMor1u.s 			page 20


 1030 073e 0B070000 		.4byte	0x70b
 1031 0742 0B       		.uleb128 0xb
 1032 0743 04       		.byte	0x4
 1033 0744 4C030000 		.4byte	0x34c
 1034 0748 05       		.uleb128 0x5
 1035 0749 77050000 		.4byte	0x577
 1036 074d 16       		.uleb128 0x16
 1037 074e CB040000 		.4byte	0x4cb
 1038 0752 5D070000 		.4byte	0x75d
 1039 0756 17       		.uleb128 0x17
 1040 0757 B9040000 		.4byte	0x4b9
 1041 075b 1E       		.byte	0x1e
 1042 075c 00       		.byte	0
 1043 075d 03       		.uleb128 0x3
 1044 075e EC010000 		.4byte	.LASF123
 1045 0762 0D       		.byte	0xd
 1046 0763 34       		.byte	0x34
 1047 0764 0B070000 		.4byte	0x70b
 1048 0768 0B       		.uleb128 0xb
 1049 0769 04       		.byte	0x4
 1050 076a 5D070000 		.4byte	0x75d
 1051 076e 04       		.uleb128 0x4
 1052 076f 01       		.byte	0x1
 1053 0770 02       		.byte	0x2
 1054 0771 86040000 		.4byte	.LASF124
 1055 0775 03       		.uleb128 0x3
 1056 0776 F4040000 		.4byte	.LASF125
 1057 077a 0E       		.byte	0xe
 1058 077b 3E       		.byte	0x3e
 1059 077c AD000000 		.4byte	0xad
 1060 0780 03       		.uleb128 0x3
 1061 0781 BE030000 		.4byte	.LASF126
 1062 0785 0F       		.byte	0xf
 1063 0786 2F       		.byte	0x2f
 1064 0787 75070000 		.4byte	0x775
 1065 078b 1B       		.uleb128 0x1b
 1066 078c CA000000 		.4byte	.LASF131
 1067 0790 01       		.byte	0x1
 1068 0791 45       		.byte	0x45
 1069 0792 77050000 		.4byte	0x577
 1070 0796 00000000 		.4byte	.LFB256
 1071 079a 10000000 		.4byte	.LFE256-.LFB256
 1072 079e 01       		.uleb128 0x1
 1073 079f 9C       		.byte	0x9c
 1074 07a0 B4070000 		.4byte	0x7b4
 1075 07a4 1C       		.uleb128 0x1c
 1076 07a5 65727200 		.ascii	"err\000"
 1077 07a9 01       		.byte	0x1
 1078 07aa 45       		.byte	0x45
 1079 07ab 80070000 		.4byte	0x780
 1080 07af 00000000 		.4byte	.LLST0
 1081 07b3 00       		.byte	0
 1082 07b4 16       		.uleb128 0x16
 1083 07b5 77050000 		.4byte	0x577
 1084 07b9 C4070000 		.4byte	0x7c4
 1085 07bd 17       		.uleb128 0x17
 1086 07be B9040000 		.4byte	0x4b9
ARM GAS  C:\Users\jo\AppData\Local\Temp\ccgMor1u.s 			page 21


 1087 07c2 0F       		.byte	0xf
 1088 07c3 00       		.byte	0
 1089 07c4 1D       		.uleb128 0x1d
 1090 07c5 B2050000 		.4byte	.LASF132
 1091 07c9 01       		.byte	0x1
 1092 07ca 2B       		.byte	0x2b
 1093 07cb D5070000 		.4byte	0x7d5
 1094 07cf 05       		.uleb128 0x5
 1095 07d0 03       		.byte	0x3
 1096 07d1 00000000 		.4byte	err_strerr
 1097 07d5 13       		.uleb128 0x13
 1098 07d6 B4070000 		.4byte	0x7b4
 1099 07da 1E       		.uleb128 0x1e
 1100 07db F5000000 		.4byte	.LASF127
 1101 07df 10       		.byte	0x10
 1102 07e0 A706     		.2byte	0x6a7
 1103 07e2 E4000000 		.4byte	0xe4
 1104 07e6 1F       		.uleb128 0x1f
 1105 07e7 636800   		.ascii	"ch\000"
 1106 07ea 07       		.byte	0x7
 1107 07eb EB01     		.2byte	0x1eb
 1108 07ed 41040000 		.4byte	0x441
 1109 07f1 00       		.byte	0
 1110              		.section	.debug_abbrev,"",%progbits
 1111              	.Ldebug_abbrev0:
 1112 0000 01       		.uleb128 0x1
 1113 0001 11       		.uleb128 0x11
 1114 0002 01       		.byte	0x1
 1115 0003 25       		.uleb128 0x25
 1116 0004 0E       		.uleb128 0xe
 1117 0005 13       		.uleb128 0x13
 1118 0006 0B       		.uleb128 0xb
 1119 0007 03       		.uleb128 0x3
 1120 0008 0E       		.uleb128 0xe
 1121 0009 1B       		.uleb128 0x1b
 1122 000a 0E       		.uleb128 0xe
 1123 000b 55       		.uleb128 0x55
 1124 000c 17       		.uleb128 0x17
 1125 000d 11       		.uleb128 0x11
 1126 000e 01       		.uleb128 0x1
 1127 000f 10       		.uleb128 0x10
 1128 0010 17       		.uleb128 0x17
 1129 0011 00       		.byte	0
 1130 0012 00       		.byte	0
 1131 0013 02       		.uleb128 0x2
 1132 0014 24       		.uleb128 0x24
 1133 0015 00       		.byte	0
 1134 0016 0B       		.uleb128 0xb
 1135 0017 0B       		.uleb128 0xb
 1136 0018 3E       		.uleb128 0x3e
 1137 0019 0B       		.uleb128 0xb
 1138 001a 03       		.uleb128 0x3
 1139 001b 08       		.uleb128 0x8
 1140 001c 00       		.byte	0
 1141 001d 00       		.byte	0
 1142 001e 03       		.uleb128 0x3
 1143 001f 16       		.uleb128 0x16
ARM GAS  C:\Users\jo\AppData\Local\Temp\ccgMor1u.s 			page 22


 1144 0020 00       		.byte	0
 1145 0021 03       		.uleb128 0x3
 1146 0022 0E       		.uleb128 0xe
 1147 0023 3A       		.uleb128 0x3a
 1148 0024 0B       		.uleb128 0xb
 1149 0025 3B       		.uleb128 0x3b
 1150 0026 0B       		.uleb128 0xb
 1151 0027 49       		.uleb128 0x49
 1152 0028 13       		.uleb128 0x13
 1153 0029 00       		.byte	0
 1154 002a 00       		.byte	0
 1155 002b 04       		.uleb128 0x4
 1156 002c 24       		.uleb128 0x24
 1157 002d 00       		.byte	0
 1158 002e 0B       		.uleb128 0xb
 1159 002f 0B       		.uleb128 0xb
 1160 0030 3E       		.uleb128 0x3e
 1161 0031 0B       		.uleb128 0xb
 1162 0032 03       		.uleb128 0x3
 1163 0033 0E       		.uleb128 0xe
 1164 0034 00       		.byte	0
 1165 0035 00       		.byte	0
 1166 0036 05       		.uleb128 0x5
 1167 0037 35       		.uleb128 0x35
 1168 0038 00       		.byte	0
 1169 0039 49       		.uleb128 0x49
 1170 003a 13       		.uleb128 0x13
 1171 003b 00       		.byte	0
 1172 003c 00       		.byte	0
 1173 003d 06       		.uleb128 0x6
 1174 003e 13       		.uleb128 0x13
 1175 003f 01       		.byte	0x1
 1176 0040 03       		.uleb128 0x3
 1177 0041 0E       		.uleb128 0xe
 1178 0042 0B       		.uleb128 0xb
 1179 0043 0B       		.uleb128 0xb
 1180 0044 3A       		.uleb128 0x3a
 1181 0045 0B       		.uleb128 0xb
 1182 0046 3B       		.uleb128 0x3b
 1183 0047 0B       		.uleb128 0xb
 1184 0048 01       		.uleb128 0x1
 1185 0049 13       		.uleb128 0x13
 1186 004a 00       		.byte	0
 1187 004b 00       		.byte	0
 1188 004c 07       		.uleb128 0x7
 1189 004d 0D       		.uleb128 0xd
 1190 004e 00       		.byte	0
 1191 004f 03       		.uleb128 0x3
 1192 0050 0E       		.uleb128 0xe
 1193 0051 3A       		.uleb128 0x3a
 1194 0052 0B       		.uleb128 0xb
 1195 0053 3B       		.uleb128 0x3b
 1196 0054 0B       		.uleb128 0xb
 1197 0055 49       		.uleb128 0x49
 1198 0056 13       		.uleb128 0x13
 1199 0057 38       		.uleb128 0x38
 1200 0058 0B       		.uleb128 0xb
ARM GAS  C:\Users\jo\AppData\Local\Temp\ccgMor1u.s 			page 23


 1201 0059 00       		.byte	0
 1202 005a 00       		.byte	0
 1203 005b 08       		.uleb128 0x8
 1204 005c 0D       		.uleb128 0xd
 1205 005d 00       		.byte	0
 1206 005e 03       		.uleb128 0x3
 1207 005f 08       		.uleb128 0x8
 1208 0060 3A       		.uleb128 0x3a
 1209 0061 0B       		.uleb128 0xb
 1210 0062 3B       		.uleb128 0x3b
 1211 0063 05       		.uleb128 0x5
 1212 0064 49       		.uleb128 0x49
 1213 0065 13       		.uleb128 0x13
 1214 0066 38       		.uleb128 0x38
 1215 0067 0B       		.uleb128 0xb
 1216 0068 00       		.byte	0
 1217 0069 00       		.byte	0
 1218 006a 09       		.uleb128 0x9
 1219 006b 0D       		.uleb128 0xd
 1220 006c 00       		.byte	0
 1221 006d 03       		.uleb128 0x3
 1222 006e 0E       		.uleb128 0xe
 1223 006f 3A       		.uleb128 0x3a
 1224 0070 0B       		.uleb128 0xb
 1225 0071 3B       		.uleb128 0x3b
 1226 0072 05       		.uleb128 0x5
 1227 0073 49       		.uleb128 0x49
 1228 0074 13       		.uleb128 0x13
 1229 0075 38       		.uleb128 0x38
 1230 0076 0B       		.uleb128 0xb
 1231 0077 00       		.byte	0
 1232 0078 00       		.byte	0
 1233 0079 0A       		.uleb128 0xa
 1234 007a 13       		.uleb128 0x13
 1235 007b 01       		.byte	0x1
 1236 007c 03       		.uleb128 0x3
 1237 007d 0E       		.uleb128 0xe
 1238 007e 0B       		.uleb128 0xb
 1239 007f 0B       		.uleb128 0xb
 1240 0080 3A       		.uleb128 0x3a
 1241 0081 0B       		.uleb128 0xb
 1242 0082 3B       		.uleb128 0x3b
 1243 0083 05       		.uleb128 0x5
 1244 0084 01       		.uleb128 0x1
 1245 0085 13       		.uleb128 0x13
 1246 0086 00       		.byte	0
 1247 0087 00       		.byte	0
 1248 0088 0B       		.uleb128 0xb
 1249 0089 0F       		.uleb128 0xf
 1250 008a 00       		.byte	0
 1251 008b 0B       		.uleb128 0xb
 1252 008c 0B       		.uleb128 0xb
 1253 008d 49       		.uleb128 0x49
 1254 008e 13       		.uleb128 0x13
 1255 008f 00       		.byte	0
 1256 0090 00       		.byte	0
 1257 0091 0C       		.uleb128 0xc
ARM GAS  C:\Users\jo\AppData\Local\Temp\ccgMor1u.s 			page 24


 1258 0092 15       		.uleb128 0x15
 1259 0093 01       		.byte	0x1
 1260 0094 27       		.uleb128 0x27
 1261 0095 19       		.uleb128 0x19
 1262 0096 01       		.uleb128 0x1
 1263 0097 13       		.uleb128 0x13
 1264 0098 00       		.byte	0
 1265 0099 00       		.byte	0
 1266 009a 0D       		.uleb128 0xd
 1267 009b 05       		.uleb128 0x5
 1268 009c 00       		.byte	0
 1269 009d 49       		.uleb128 0x49
 1270 009e 13       		.uleb128 0x13
 1271 009f 00       		.byte	0
 1272 00a0 00       		.byte	0
 1273 00a1 0E       		.uleb128 0xe
 1274 00a2 0F       		.uleb128 0xf
 1275 00a3 00       		.byte	0
 1276 00a4 0B       		.uleb128 0xb
 1277 00a5 0B       		.uleb128 0xb
 1278 00a6 00       		.byte	0
 1279 00a7 00       		.byte	0
 1280 00a8 0F       		.uleb128 0xf
 1281 00a9 13       		.uleb128 0x13
 1282 00aa 01       		.byte	0x1
 1283 00ab 03       		.uleb128 0x3
 1284 00ac 0E       		.uleb128 0xe
 1285 00ad 0B       		.uleb128 0xb
 1286 00ae 05       		.uleb128 0x5
 1287 00af 3A       		.uleb128 0x3a
 1288 00b0 0B       		.uleb128 0xb
 1289 00b1 3B       		.uleb128 0x3b
 1290 00b2 05       		.uleb128 0x5
 1291 00b3 01       		.uleb128 0x1
 1292 00b4 13       		.uleb128 0x13
 1293 00b5 00       		.byte	0
 1294 00b6 00       		.byte	0
 1295 00b7 10       		.uleb128 0x10
 1296 00b8 0D       		.uleb128 0xd
 1297 00b9 00       		.byte	0
 1298 00ba 03       		.uleb128 0x3
 1299 00bb 0E       		.uleb128 0xe
 1300 00bc 3A       		.uleb128 0x3a
 1301 00bd 0B       		.uleb128 0xb
 1302 00be 3B       		.uleb128 0x3b
 1303 00bf 05       		.uleb128 0x5
 1304 00c0 49       		.uleb128 0x49
 1305 00c1 13       		.uleb128 0x13
 1306 00c2 38       		.uleb128 0x38
 1307 00c3 05       		.uleb128 0x5
 1308 00c4 00       		.byte	0
 1309 00c5 00       		.byte	0
 1310 00c6 11       		.uleb128 0x11
 1311 00c7 0D       		.uleb128 0xd
 1312 00c8 00       		.byte	0
 1313 00c9 03       		.uleb128 0x3
 1314 00ca 08       		.uleb128 0x8
ARM GAS  C:\Users\jo\AppData\Local\Temp\ccgMor1u.s 			page 25


 1315 00cb 3A       		.uleb128 0x3a
 1316 00cc 0B       		.uleb128 0xb
 1317 00cd 3B       		.uleb128 0x3b
 1318 00ce 05       		.uleb128 0x5
 1319 00cf 49       		.uleb128 0x49
 1320 00d0 13       		.uleb128 0x13
 1321 00d1 38       		.uleb128 0x38
 1322 00d2 05       		.uleb128 0x5
 1323 00d3 00       		.byte	0
 1324 00d4 00       		.byte	0
 1325 00d5 12       		.uleb128 0x12
 1326 00d6 0D       		.uleb128 0xd
 1327 00d7 00       		.byte	0
 1328 00d8 03       		.uleb128 0x3
 1329 00d9 08       		.uleb128 0x8
 1330 00da 3A       		.uleb128 0x3a
 1331 00db 0B       		.uleb128 0xb
 1332 00dc 3B       		.uleb128 0x3b
 1333 00dd 0B       		.uleb128 0xb
 1334 00de 49       		.uleb128 0x49
 1335 00df 13       		.uleb128 0x13
 1336 00e0 38       		.uleb128 0x38
 1337 00e1 0B       		.uleb128 0xb
 1338 00e2 00       		.byte	0
 1339 00e3 00       		.byte	0
 1340 00e4 13       		.uleb128 0x13
 1341 00e5 26       		.uleb128 0x26
 1342 00e6 00       		.byte	0
 1343 00e7 49       		.uleb128 0x49
 1344 00e8 13       		.uleb128 0x13
 1345 00e9 00       		.byte	0
 1346 00ea 00       		.byte	0
 1347 00eb 14       		.uleb128 0x14
 1348 00ec 13       		.uleb128 0x13
 1349 00ed 01       		.byte	0x1
 1350 00ee 0B       		.uleb128 0xb
 1351 00ef 0B       		.uleb128 0xb
 1352 00f0 3A       		.uleb128 0x3a
 1353 00f1 0B       		.uleb128 0xb
 1354 00f2 3B       		.uleb128 0x3b
 1355 00f3 0B       		.uleb128 0xb
 1356 00f4 01       		.uleb128 0x1
 1357 00f5 13       		.uleb128 0x13
 1358 00f6 00       		.byte	0
 1359 00f7 00       		.byte	0
 1360 00f8 15       		.uleb128 0x15
 1361 00f9 13       		.uleb128 0x13
 1362 00fa 01       		.byte	0x1
 1363 00fb 0B       		.uleb128 0xb
 1364 00fc 05       		.uleb128 0x5
 1365 00fd 3A       		.uleb128 0x3a
 1366 00fe 0B       		.uleb128 0xb
 1367 00ff 3B       		.uleb128 0x3b
 1368 0100 0B       		.uleb128 0xb
 1369 0101 01       		.uleb128 0x1
 1370 0102 13       		.uleb128 0x13
 1371 0103 00       		.byte	0
ARM GAS  C:\Users\jo\AppData\Local\Temp\ccgMor1u.s 			page 26


 1372 0104 00       		.byte	0
 1373 0105 16       		.uleb128 0x16
 1374 0106 01       		.uleb128 0x1
 1375 0107 01       		.byte	0x1
 1376 0108 49       		.uleb128 0x49
 1377 0109 13       		.uleb128 0x13
 1378 010a 01       		.uleb128 0x1
 1379 010b 13       		.uleb128 0x13
 1380 010c 00       		.byte	0
 1381 010d 00       		.byte	0
 1382 010e 17       		.uleb128 0x17
 1383 010f 21       		.uleb128 0x21
 1384 0110 00       		.byte	0
 1385 0111 49       		.uleb128 0x49
 1386 0112 13       		.uleb128 0x13
 1387 0113 2F       		.uleb128 0x2f
 1388 0114 0B       		.uleb128 0xb
 1389 0115 00       		.byte	0
 1390 0116 00       		.byte	0
 1391 0117 18       		.uleb128 0x18
 1392 0118 17       		.uleb128 0x17
 1393 0119 01       		.byte	0x1
 1394 011a 0B       		.uleb128 0xb
 1395 011b 0B       		.uleb128 0xb
 1396 011c 3A       		.uleb128 0x3a
 1397 011d 0B       		.uleb128 0xb
 1398 011e 3B       		.uleb128 0x3b
 1399 011f 0B       		.uleb128 0xb
 1400 0120 01       		.uleb128 0x1
 1401 0121 13       		.uleb128 0x13
 1402 0122 00       		.byte	0
 1403 0123 00       		.byte	0
 1404 0124 19       		.uleb128 0x19
 1405 0125 0D       		.uleb128 0xd
 1406 0126 00       		.byte	0
 1407 0127 03       		.uleb128 0x3
 1408 0128 0E       		.uleb128 0xe
 1409 0129 3A       		.uleb128 0x3a
 1410 012a 0B       		.uleb128 0xb
 1411 012b 3B       		.uleb128 0x3b
 1412 012c 0B       		.uleb128 0xb
 1413 012d 49       		.uleb128 0x49
 1414 012e 13       		.uleb128 0x13
 1415 012f 00       		.byte	0
 1416 0130 00       		.byte	0
 1417 0131 1A       		.uleb128 0x1a
 1418 0132 0D       		.uleb128 0xd
 1419 0133 00       		.byte	0
 1420 0134 03       		.uleb128 0x3
 1421 0135 0E       		.uleb128 0xe
 1422 0136 3A       		.uleb128 0x3a
 1423 0137 0B       		.uleb128 0xb
 1424 0138 3B       		.uleb128 0x3b
 1425 0139 05       		.uleb128 0x5
 1426 013a 49       		.uleb128 0x49
 1427 013b 13       		.uleb128 0x13
 1428 013c 00       		.byte	0
ARM GAS  C:\Users\jo\AppData\Local\Temp\ccgMor1u.s 			page 27


 1429 013d 00       		.byte	0
 1430 013e 1B       		.uleb128 0x1b
 1431 013f 2E       		.uleb128 0x2e
 1432 0140 01       		.byte	0x1
 1433 0141 3F       		.uleb128 0x3f
 1434 0142 19       		.uleb128 0x19
 1435 0143 03       		.uleb128 0x3
 1436 0144 0E       		.uleb128 0xe
 1437 0145 3A       		.uleb128 0x3a
 1438 0146 0B       		.uleb128 0xb
 1439 0147 3B       		.uleb128 0x3b
 1440 0148 0B       		.uleb128 0xb
 1441 0149 27       		.uleb128 0x27
 1442 014a 19       		.uleb128 0x19
 1443 014b 49       		.uleb128 0x49
 1444 014c 13       		.uleb128 0x13
 1445 014d 11       		.uleb128 0x11
 1446 014e 01       		.uleb128 0x1
 1447 014f 12       		.uleb128 0x12
 1448 0150 06       		.uleb128 0x6
 1449 0151 40       		.uleb128 0x40
 1450 0152 18       		.uleb128 0x18
 1451 0153 9742     		.uleb128 0x2117
 1452 0155 19       		.uleb128 0x19
 1453 0156 01       		.uleb128 0x1
 1454 0157 13       		.uleb128 0x13
 1455 0158 00       		.byte	0
 1456 0159 00       		.byte	0
 1457 015a 1C       		.uleb128 0x1c
 1458 015b 05       		.uleb128 0x5
 1459 015c 00       		.byte	0
 1460 015d 03       		.uleb128 0x3
 1461 015e 08       		.uleb128 0x8
 1462 015f 3A       		.uleb128 0x3a
 1463 0160 0B       		.uleb128 0xb
 1464 0161 3B       		.uleb128 0x3b
 1465 0162 0B       		.uleb128 0xb
 1466 0163 49       		.uleb128 0x49
 1467 0164 13       		.uleb128 0x13
 1468 0165 02       		.uleb128 0x2
 1469 0166 17       		.uleb128 0x17
 1470 0167 00       		.byte	0
 1471 0168 00       		.byte	0
 1472 0169 1D       		.uleb128 0x1d
 1473 016a 34       		.uleb128 0x34
 1474 016b 00       		.byte	0
 1475 016c 03       		.uleb128 0x3
 1476 016d 0E       		.uleb128 0xe
 1477 016e 3A       		.uleb128 0x3a
 1478 016f 0B       		.uleb128 0xb
 1479 0170 3B       		.uleb128 0x3b
 1480 0171 0B       		.uleb128 0xb
 1481 0172 49       		.uleb128 0x49
 1482 0173 13       		.uleb128 0x13
 1483 0174 02       		.uleb128 0x2
 1484 0175 18       		.uleb128 0x18
 1485 0176 00       		.byte	0
ARM GAS  C:\Users\jo\AppData\Local\Temp\ccgMor1u.s 			page 28


 1486 0177 00       		.byte	0
 1487 0178 1E       		.uleb128 0x1e
 1488 0179 34       		.uleb128 0x34
 1489 017a 00       		.byte	0
 1490 017b 03       		.uleb128 0x3
 1491 017c 0E       		.uleb128 0xe
 1492 017d 3A       		.uleb128 0x3a
 1493 017e 0B       		.uleb128 0xb
 1494 017f 3B       		.uleb128 0x3b
 1495 0180 05       		.uleb128 0x5
 1496 0181 49       		.uleb128 0x49
 1497 0182 13       		.uleb128 0x13
 1498 0183 3F       		.uleb128 0x3f
 1499 0184 19       		.uleb128 0x19
 1500 0185 3C       		.uleb128 0x3c
 1501 0186 19       		.uleb128 0x19
 1502 0187 00       		.byte	0
 1503 0188 00       		.byte	0
 1504 0189 1F       		.uleb128 0x1f
 1505 018a 34       		.uleb128 0x34
 1506 018b 00       		.byte	0
 1507 018c 03       		.uleb128 0x3
 1508 018d 08       		.uleb128 0x8
 1509 018e 3A       		.uleb128 0x3a
 1510 018f 0B       		.uleb128 0xb
 1511 0190 3B       		.uleb128 0x3b
 1512 0191 05       		.uleb128 0x5
 1513 0192 49       		.uleb128 0x49
 1514 0193 13       		.uleb128 0x13
 1515 0194 3F       		.uleb128 0x3f
 1516 0195 19       		.uleb128 0x19
 1517 0196 3C       		.uleb128 0x3c
 1518 0197 19       		.uleb128 0x19
 1519 0198 00       		.byte	0
 1520 0199 00       		.byte	0
 1521 019a 00       		.byte	0
 1522              		.section	.debug_loc,"",%progbits
 1523              	.Ldebug_loc0:
 1524              	.LLST0:
 1525 0000 00000000 		.4byte	.LVL0
 1526 0004 04000000 		.4byte	.LVL1
 1527 0008 0100     		.2byte	0x1
 1528 000a 50       		.byte	0x50
 1529 000b 04000000 		.4byte	.LVL1
 1530 000f 10000000 		.4byte	.LFE256
 1531 0013 0400     		.2byte	0x4
 1532 0015 F3       		.byte	0xf3
 1533 0016 01       		.uleb128 0x1
 1534 0017 50       		.byte	0x50
 1535 0018 9F       		.byte	0x9f
 1536 0019 00000000 		.4byte	0
 1537 001d 00000000 		.4byte	0
 1538              		.section	.debug_aranges,"",%progbits
 1539 0000 1C000000 		.4byte	0x1c
 1540 0004 0200     		.2byte	0x2
 1541 0006 00000000 		.4byte	.Ldebug_info0
 1542 000a 04       		.byte	0x4
ARM GAS  C:\Users\jo\AppData\Local\Temp\ccgMor1u.s 			page 29


 1543 000b 00       		.byte	0
 1544 000c 0000     		.2byte	0
 1545 000e 0000     		.2byte	0
 1546 0010 00000000 		.4byte	.LFB256
 1547 0014 10000000 		.4byte	.LFE256-.LFB256
 1548 0018 00000000 		.4byte	0
 1549 001c 00000000 		.4byte	0
 1550              		.section	.debug_ranges,"",%progbits
 1551              	.Ldebug_ranges0:
 1552 0000 00000000 		.4byte	.LFB256
 1553 0004 10000000 		.4byte	.LFE256
 1554 0008 00000000 		.4byte	0
 1555 000c 00000000 		.4byte	0
 1556              		.section	.debug_line,"",%progbits
 1557              	.Ldebug_line0:
 1558 0000 D5020000 		.section	.debug_str,"MS",%progbits,1
 1558      0200BD02 
 1558      00000201 
 1558      FB0E0D00 
 1558      01010101 
 1559              	.LASF100:
 1560 0000 74625F70 		.ascii	"tb_ptr\000"
 1560      747200
 1561              	.LASF56:
 1562 0007 72656164 		.ascii	"ready_list_t\000"
 1562      795F6C69 
 1562      73745F74 
 1562      00
 1563              	.LASF94:
 1564 0014 73655F74 		.ascii	"se_time\000"
 1564      696D6500 
 1565              	.LASF1:
 1566 001c 73697A65 		.ascii	"size_t\000"
 1566      5F7400
 1567              	.LASF115:
 1568 0023 7264796D 		.ascii	"rdymsg\000"
 1568      736700
 1569              	.LASF19:
 1570 002a 75696E74 		.ascii	"uint64_t\000"
 1570      36345F74 
 1570      00
 1571              	.LASF86:
 1572 0033 6B65726E 		.ascii	"kernel_stats\000"
 1572      656C5F73 
 1572      74617473 
 1572      00
 1573              	.LASF4:
 1574 0040 5F5F7569 		.ascii	"__uint8_t\000"
 1574      6E74385F 
 1574      7400
 1575              	.LASF92:
 1576 004a 706F7274 		.ascii	"port_intctx\000"
 1576      5F696E74 
 1576      63747800 
 1577              	.LASF55:
 1578 0056 63685F74 		.ascii	"ch_threads_queue\000"
 1578      68726561 
ARM GAS  C:\Users\jo\AppData\Local\Temp\ccgMor1u.s 			page 30


 1578      64735F71 
 1578      75657565 
 1578      00
 1579              	.LASF75:
 1580 0067 73797374 		.ascii	"system_debug_t\000"
 1580      656D5F64 
 1580      65627567 
 1580      5F7400
 1581              	.LASF106:
 1582 0076 776F7273 		.ascii	"worst\000"
 1582      7400
 1583              	.LASF109:
 1584 007c 74696D65 		.ascii	"time_measurement_t\000"
 1584      5F6D6561 
 1584      73757265 
 1584      6D656E74 
 1584      5F7400
 1585              	.LASF14:
 1586 008f 6C6F6E67 		.ascii	"long long unsigned int\000"
 1586      206C6F6E 
 1586      6720756E 
 1586      7369676E 
 1586      65642069 
 1587              	.LASF102:
 1588 00a6 63685F74 		.ascii	"ch_trace_buffer_t\000"
 1588      72616365 
 1588      5F627566 
 1588      6665725F 
 1588      7400
 1589              	.LASF97:
 1590 00b8 73655F73 		.ascii	"se_state\000"
 1590      74617465 
 1590      00
 1591              	.LASF116:
 1592 00c1 65786974 		.ascii	"exitcode\000"
 1592      636F6465 
 1592      00
 1593              	.LASF131:
 1594 00ca 6C776970 		.ascii	"lwip_strerr\000"
 1594      5F737472 
 1594      65727200 
 1595              	.LASF72:
 1596 00d6 76697274 		.ascii	"virtual_timers_list_t\000"
 1596      75616C5F 
 1596      74696D65 
 1596      72735F6C 
 1596      6973745F 
 1597              	.LASF2:
 1598 00ec 5F5F696E 		.ascii	"__int8_t\000"
 1598      74385F74 
 1598      00
 1599              	.LASF127:
 1600 00f5 49544D5F 		.ascii	"ITM_RxBuffer\000"
 1600      52784275 
 1600      66666572 
 1600      00
 1601              	.LASF21:
ARM GAS  C:\Users\jo\AppData\Local\Temp\ccgMor1u.s 			page 31


 1602 0102 72747469 		.ascii	"rttime_t\000"
 1602      6D655F74 
 1602      00
 1603              	.LASF34:
 1604 010b 705F7072 		.ascii	"p_prio\000"
 1604      696F00
 1605              	.LASF130:
 1606 0112 433A5C55 		.ascii	"C:\\Users\\jo\\Documents\\GitHub\\ChibiOS\\demos\\S"
 1606      73657273 
 1606      5C6A6F5C 
 1606      446F6375 
 1606      6D656E74 
 1607 013e 544D3332 		.ascii	"TM32\\RT-STM32F407-DISCOVERY-uHttp\000"
 1607      5C52542D 
 1607      53544D33 
 1607      32463430 
 1607      372D4449 
 1608              	.LASF12:
 1609 0160 6C6F6E67 		.ascii	"long long int\000"
 1609      206C6F6E 
 1609      6720696E 
 1609      7400
 1610              	.LASF3:
 1611 016e 7369676E 		.ascii	"signed char\000"
 1611      65642063 
 1611      68617200 
 1612              	.LASF49:
 1613 017a 705F6D70 		.ascii	"p_mpool\000"
 1613      6F6F6C00 
 1614              	.LASF120:
 1615 0182 6D5F7175 		.ascii	"m_queue\000"
 1615      65756500 
 1616              	.LASF84:
 1617 018a 76746C69 		.ascii	"vtlist\000"
 1617      737400
 1618              	.LASF82:
 1619 0191 63685F73 		.ascii	"ch_system\000"
 1619      79737465 
 1619      6D00
 1620              	.LASF9:
 1621 019b 6C6F6E67 		.ascii	"long int\000"
 1621      20696E74 
 1621      00
 1622              	.LASF23:
 1623 01a4 74737461 		.ascii	"tstate_t\000"
 1623      74655F74 
 1623      00
 1624              	.LASF95:
 1625 01ad 73655F74 		.ascii	"se_tp\000"
 1625      7000
 1626              	.LASF36:
 1627 01b3 705F6E65 		.ascii	"p_newer\000"
 1627      77657200 
 1628              	.LASF99:
 1629 01bb 74625F73 		.ascii	"tb_size\000"
 1629      697A6500 
 1630              	.LASF61:
ARM GAS  C:\Users\jo\AppData\Local\Temp\ccgMor1u.s 			page 32


 1631 01c3 725F6E65 		.ascii	"r_newer\000"
 1631      77657200 
 1632              	.LASF89:
 1633 01cb 72656761 		.ascii	"regarm_t\000"
 1633      726D5F74 
 1633      00
 1634              	.LASF68:
 1635 01d4 76745F70 		.ascii	"vt_prev\000"
 1635      72657600 
 1636              	.LASF76:
 1637 01dc 63685F73 		.ascii	"ch_system_debug\000"
 1637      79737465 
 1637      6D5F6465 
 1637      62756700 
 1638              	.LASF123:
 1639 01ec 6D757465 		.ascii	"mutex_t\000"
 1639      785F7400 
 1640              	.LASF79:
 1641 01f4 6C6F636B 		.ascii	"lock_cnt\000"
 1641      5F636E74 
 1641      00
 1642              	.LASF87:
 1643 01fd 69646C65 		.ascii	"idle_thread_wa\000"
 1643      5F746872 
 1643      6561645F 
 1643      776100
 1644              	.LASF28:
 1645 020c 636E745F 		.ascii	"cnt_t\000"
 1645      7400
 1646              	.LASF39:
 1647 0212 705F7374 		.ascii	"p_stklimit\000"
 1647      6B6C696D 
 1647      697400
 1648              	.LASF0:
 1649 021d 756E7369 		.ascii	"unsigned int\000"
 1649      676E6564 
 1649      20696E74 
 1649      00
 1650              	.LASF67:
 1651 022a 76745F6E 		.ascii	"vt_next\000"
 1651      65787400 
 1652              	.LASF44:
 1653 0232 705F6D73 		.ascii	"p_msgqueue\000"
 1653      67717565 
 1653      756500
 1654              	.LASF110:
 1655 023d 6E5F6972 		.ascii	"n_irq\000"
 1655      7100
 1656              	.LASF7:
 1657 0243 73686F72 		.ascii	"short unsigned int\000"
 1657      7420756E 
 1657      7369676E 
 1657      65642069 
 1657      6E7400
 1658              	.LASF114:
 1659 0256 6B65726E 		.ascii	"kernel_stats_t\000"
 1659      656C5F73 
ARM GAS  C:\Users\jo\AppData\Local\Temp\ccgMor1u.s 			page 33


 1659      74617473 
 1659      5F7400
 1660              	.LASF52:
 1661 0265 63685F74 		.ascii	"ch_thread\000"
 1661      68726561 
 1661      6400
 1662              	.LASF85:
 1663 026f 6D61696E 		.ascii	"mainthread\000"
 1663      74687265 
 1663      616400
 1664              	.LASF26:
 1665 027a 6D73675F 		.ascii	"msg_t\000"
 1665      7400
 1666              	.LASF107:
 1667 0280 6C617374 		.ascii	"last\000"
 1667      00
 1668              	.LASF29:
 1669 0285 75636E74 		.ascii	"ucnt_t\000"
 1669      5F7400
 1670              	.LASF81:
 1671 028c 63685F73 		.ascii	"ch_system_t\000"
 1671      79737465 
 1671      6D5F7400 
 1672              	.LASF22:
 1673 0298 746D6F64 		.ascii	"tmode_t\000"
 1673      655F7400 
 1674              	.LASF113:
 1675 02a0 6D5F6372 		.ascii	"m_crit_isr\000"
 1675      69745F69 
 1675      737200
 1676              	.LASF57:
 1677 02ab 63685F72 		.ascii	"ch_ready_list\000"
 1677      65616479 
 1677      5F6C6973 
 1677      7400
 1678              	.LASF27:
 1679 02b9 6576656E 		.ascii	"eventmask_t\000"
 1679      746D6173 
 1679      6B5F7400 
 1680              	.LASF8:
 1681 02c5 5F5F696E 		.ascii	"__int32_t\000"
 1681      7433325F 
 1681      7400
 1682              	.LASF128:
 1683 02cf 474E5520 		.ascii	"GNU C 4.9.3 20141119 (release) [ARM/embedded-4_9-br"
 1683      4320342E 
 1683      392E3320 
 1683      32303134 
 1683      31313139 
 1684 0302 616E6368 		.ascii	"anch revision 218278] -mcpu=cortex-m4 -mno-thumb-in"
 1684      20726576 
 1684      6973696F 
 1684      6E203231 
 1684      38323738 
 1685 0335 74657277 		.ascii	"terwork -mthumb -ggdb -O2 -fomit-frame-pointer -fal"
 1685      6F726B20 
 1685      2D6D7468 
ARM GAS  C:\Users\jo\AppData\Local\Temp\ccgMor1u.s 			page 34


 1685      756D6220 
 1685      2D676764 
 1686 0368 69676E2D 		.ascii	"ign-functions=16 -ffunction-sections -fdata-section"
 1686      66756E63 
 1686      74696F6E 
 1686      733D3136 
 1686      202D6666 
 1687 039b 73202D66 		.ascii	"s -fno-common\000"
 1687      6E6F2D63 
 1687      6F6D6D6F 
 1687      6E00
 1688              	.LASF90:
 1689 03a9 73746B61 		.ascii	"stkalign_t\000"
 1689      6C69676E 
 1689      5F7400
 1690              	.LASF43:
 1691 03b4 705F7761 		.ascii	"p_waiting\000"
 1691      6974696E 
 1691      6700
 1692              	.LASF126:
 1693 03be 6572725F 		.ascii	"err_t\000"
 1693      7400
 1694              	.LASF88:
 1695 03c4 73697A65 		.ascii	"sizetype\000"
 1695      74797065 
 1695      00
 1696              	.LASF73:
 1697 03cd 63685F76 		.ascii	"ch_virtual_timers_list\000"
 1697      69727475 
 1697      616C5F74 
 1697      696D6572 
 1697      735F6C69 
 1698              	.LASF98:
 1699 03e4 63685F73 		.ascii	"ch_swc_event_t\000"
 1699      77635F65 
 1699      76656E74 
 1699      5F7400
 1700              	.LASF74:
 1701 03f3 76745F6C 		.ascii	"vt_lasttime\000"
 1701      61737474 
 1701      696D6500 
 1702              	.LASF37:
 1703 03ff 705F6F6C 		.ascii	"p_older\000"
 1703      64657200 
 1704              	.LASF60:
 1705 0407 725F6374 		.ascii	"r_ctx\000"
 1705      7800
 1706              	.LASF104:
 1707 040d 746D5F63 		.ascii	"tm_calibration_t\000"
 1707      616C6962 
 1707      72617469 
 1707      6F6E5F74 
 1707      00
 1708              	.LASF63:
 1709 041e 725F6375 		.ascii	"r_current\000"
 1709      7272656E 
 1709      7400
ARM GAS  C:\Users\jo\AppData\Local\Temp\ccgMor1u.s 			page 35


 1710              	.LASF62:
 1711 0428 725F6F6C 		.ascii	"r_older\000"
 1711      64657200 
 1712              	.LASF13:
 1713 0430 5F5F7569 		.ascii	"__uint64_t\000"
 1713      6E743634 
 1713      5F7400
 1714              	.LASF108:
 1715 043b 63756D75 		.ascii	"cumulative\000"
 1715      6C617469 
 1715      766500
 1716              	.LASF24:
 1717 0446 74726566 		.ascii	"trefs_t\000"
 1717      735F7400 
 1718              	.LASF101:
 1719 044e 74625F62 		.ascii	"tb_buffer\000"
 1719      75666665 
 1719      7200
 1720              	.LASF65:
 1721 0458 76697274 		.ascii	"virtual_timer_t\000"
 1721      75616C5F 
 1721      74696D65 
 1721      725F7400 
 1722              	.LASF33:
 1723 0468 705F7072 		.ascii	"p_prev\000"
 1723      657600
 1724              	.LASF25:
 1725 046f 74707269 		.ascii	"tprio_t\000"
 1725      6F5F7400 
 1726              	.LASF119:
 1727 0477 6D757465 		.ascii	"mutex\000"
 1727      7800
 1728              	.LASF111:
 1729 047d 6E5F6374 		.ascii	"n_ctxswc\000"
 1729      78737763 
 1729      00
 1730              	.LASF124:
 1731 0486 5F426F6F 		.ascii	"_Bool\000"
 1731      6C00
 1732              	.LASF17:
 1733 048c 696E7433 		.ascii	"int32_t\000"
 1733      325F7400 
 1734              	.LASF5:
 1735 0494 756E7369 		.ascii	"unsigned char\000"
 1735      676E6564 
 1735      20636861 
 1735      7200
 1736              	.LASF47:
 1737 04a2 705F6D74 		.ascii	"p_mtxlist\000"
 1737      786C6973 
 1737      7400
 1738              	.LASF6:
 1739 04ac 73686F72 		.ascii	"short int\000"
 1739      7420696E 
 1739      7400
 1740              	.LASF40:
 1741 04b6 705F7374 		.ascii	"p_state\000"
ARM GAS  C:\Users\jo\AppData\Local\Temp\ccgMor1u.s 			page 36


 1741      61746500 
 1742              	.LASF59:
 1743 04be 725F7072 		.ascii	"r_prio\000"
 1743      696F00
 1744              	.LASF118:
 1745 04c5 65776D61 		.ascii	"ewmask\000"
 1745      736B00
 1746              	.LASF32:
 1747 04cc 705F6E65 		.ascii	"p_next\000"
 1747      787400
 1748              	.LASF41:
 1749 04d3 705F666C 		.ascii	"p_flags\000"
 1749      61677300 
 1750              	.LASF50:
 1751 04db 705F7374 		.ascii	"p_stats\000"
 1751      61747300 
 1752              	.LASF66:
 1753 04e3 63685F76 		.ascii	"ch_virtual_timer\000"
 1753      69727475 
 1753      616C5F74 
 1753      696D6572 
 1753      00
 1754              	.LASF125:
 1755 04f4 73385F74 		.ascii	"s8_t\000"
 1755      00
 1756              	.LASF46:
 1757 04f9 705F6570 		.ascii	"p_epending\000"
 1757      656E6469 
 1757      6E6700
 1758              	.LASF18:
 1759 0504 75696E74 		.ascii	"uint32_t\000"
 1759      33325F74 
 1759      00
 1760              	.LASF58:
 1761 050d 725F7175 		.ascii	"r_queue\000"
 1761      65756500 
 1762              	.LASF69:
 1763 0515 76745F64 		.ascii	"vt_delta\000"
 1763      656C7461 
 1763      00
 1764              	.LASF53:
 1765 051e 63685F74 		.ascii	"ch_threads_list\000"
 1765      68726561 
 1765      64735F6C 
 1765      69737400 
 1766              	.LASF11:
 1767 052e 6C6F6E67 		.ascii	"long unsigned int\000"
 1767      20756E73 
 1767      69676E65 
 1767      6420696E 
 1767      7400
 1768              	.LASF93:
 1769 0540 63686172 		.ascii	"char\000"
 1769      00
 1770              	.LASF31:
 1771 0545 74687265 		.ascii	"thread_t\000"
 1771      61645F74 
ARM GAS  C:\Users\jo\AppData\Local\Temp\ccgMor1u.s 			page 37


 1771      00
 1772              	.LASF105:
 1773 054e 62657374 		.ascii	"best\000"
 1773      00
 1774              	.LASF122:
 1775 0553 6D5F6E65 		.ascii	"m_next\000"
 1775      787400
 1776              	.LASF30:
 1777 055a 73797374 		.ascii	"systime_t\000"
 1777      696D655F 
 1777      7400
 1778              	.LASF48:
 1779 0564 705F7265 		.ascii	"p_realprio\000"
 1779      616C7072 
 1779      696F00
 1780              	.LASF64:
 1781 056f 76746675 		.ascii	"vtfunc_t\000"
 1781      6E635F74 
 1781      00
 1782              	.LASF10:
 1783 0578 5F5F7569 		.ascii	"__uint32_t\000"
 1783      6E743332 
 1783      5F7400
 1784              	.LASF77:
 1785 0583 70616E69 		.ascii	"panic_msg\000"
 1785      635F6D73 
 1785      6700
 1786              	.LASF103:
 1787 058d 6F666673 		.ascii	"offset\000"
 1787      657400
 1788              	.LASF91:
 1789 0594 636F6E74 		.ascii	"context\000"
 1789      65787400 
 1790              	.LASF20:
 1791 059c 7274636E 		.ascii	"rtcnt_t\000"
 1791      745F7400 
 1792              	.LASF15:
 1793 05a4 696E7438 		.ascii	"int8_t\000"
 1793      5F7400
 1794              	.LASF71:
 1795 05ab 76745F70 		.ascii	"vt_par\000"
 1795      617200
 1796              	.LASF132:
 1797 05b2 6572725F 		.ascii	"err_strerr\000"
 1797      73747265 
 1797      727200
 1798              	.LASF54:
 1799 05bd 74687265 		.ascii	"threads_queue_t\000"
 1799      6164735F 
 1799      71756575 
 1799      655F7400 
 1800              	.LASF42:
 1801 05cd 705F7265 		.ascii	"p_refs\000"
 1801      667300
 1802              	.LASF78:
 1803 05d4 6973725F 		.ascii	"isr_cnt\000"
 1803      636E7400 
ARM GAS  C:\Users\jo\AppData\Local\Temp\ccgMor1u.s 			page 38


 1804              	.LASF129:
 1805 05dc 2E2E2F2E 		.ascii	"../../../os/ext/lwip-1.4.1/src/api/err.c\000"
 1805      2E2F2E2E 
 1805      2F6F732F 
 1805      6578742F 
 1805      6C776970 
 1806              	.LASF83:
 1807 0605 726C6973 		.ascii	"rlist\000"
 1807      7400
 1808              	.LASF16:
 1809 060b 75696E74 		.ascii	"uint8_t\000"
 1809      385F7400 
 1810              	.LASF117:
 1811 0613 77746F62 		.ascii	"wtobjp\000"
 1811      6A7000
 1812              	.LASF38:
 1813 061a 705F6E61 		.ascii	"p_name\000"
 1813      6D6500
 1814              	.LASF51:
 1815 0621 74687265 		.ascii	"threads_list_t\000"
 1815      6164735F 
 1815      6C697374 
 1815      5F7400
 1816              	.LASF80:
 1817 0630 74726163 		.ascii	"trace_buffer\000"
 1817      655F6275 
 1817      66666572 
 1817      00
 1818              	.LASF45:
 1819 063d 705F6D73 		.ascii	"p_msg\000"
 1819      6700
 1820              	.LASF112:
 1821 0643 6D5F6372 		.ascii	"m_crit_thd\000"
 1821      69745F74 
 1821      686400
 1822              	.LASF121:
 1823 064e 6D5F6F77 		.ascii	"m_owner\000"
 1823      6E657200 
 1824              	.LASF96:
 1825 0656 73655F77 		.ascii	"se_wtobjp\000"
 1825      746F626A 
 1825      7000
 1826              	.LASF35:
 1827 0660 705F6374 		.ascii	"p_ctx\000"
 1827      7800
 1828              	.LASF70:
 1829 0666 76745F66 		.ascii	"vt_func\000"
 1829      756E6300 
 1830              		.ident	"GCC: (GNU Tools for ARM Embedded Processors) 4.9.3 20141119 (release) [ARM/embedded-4_9-br
ARM GAS  C:\Users\jo\AppData\Local\Temp\ccgMor1u.s 			page 39


DEFINED SYMBOLS
                            *ABS*:00000000 err.c
C:\Users\jo\AppData\Local\Temp\ccgMor1u.s:19     .text.lwip_strerr:00000000 $t
C:\Users\jo\AppData\Local\Temp\ccgMor1u.s:25     .text.lwip_strerr:00000000 lwip_strerr
C:\Users\jo\AppData\Local\Temp\ccgMor1u.s:44     .text.lwip_strerr:0000000c $d
C:\Users\jo\AppData\Local\Temp\ccgMor1u.s:49     .rodata.str1.4:00000000 $d
C:\Users\jo\AppData\Local\Temp\ccgMor1u.s:95     .rodata.err_strerr:00000000 $d
C:\Users\jo\AppData\Local\Temp\ccgMor1u.s:99     .rodata.err_strerr:00000000 err_strerr
                     .debug_frame:00000010 $d

NO UNDEFINED SYMBOLS
