ARM GAS  C:\Users\jo\AppData\Local\Temp\ccjasn7b.s 			page 1


   1              		.syntax unified
   2              		.cpu cortex-m4
   3              		.fpu softvfp
   4              		.eabi_attribute 20, 1
   5              		.eabi_attribute 21, 1
   6              		.eabi_attribute 23, 3
   7              		.eabi_attribute 24, 1
   8              		.eabi_attribute 25, 1
   9              		.eabi_attribute 26, 1
  10              		.eabi_attribute 30, 2
  11              		.eabi_attribute 34, 1
  12              		.eabi_attribute 18, 4
  13              		.thumb
  14              		.file	"init.c"
  15              		.text
  16              	.Ltext0:
  17              		.cfi_sections	.debug_frame
  18              		.section	.text.lwip_init,"ax",%progbits
  19              		.align	2
  20              		.p2align 4,,15
  21              		.global	lwip_init
  22              		.thumb
  23              		.thumb_func
  24              		.type	lwip_init, %function
  25              	lwip_init:
  26              	.LFB256:
  27              		.file 1 "../../../os/ext/lwip-1.4.1/src/core/init.c"
  28              		.loc 1 290 0
  29              		.cfi_startproc
  30              		@ args = 0, pretend = 0, frame = 0
  31              		@ frame_needed = 0, uses_anonymous_args = 0
  32 0000 08B5     		push	{r3, lr}
  33              		.cfi_def_cfa_offset 8
  34              		.cfi_offset 3, -8
  35              		.cfi_offset 14, -4
  36              		.loc 1 292 0
  37 0002 FFF7FEFF 		bl	stats_init
  38              	.LVL0:
  39              		.loc 1 294 0
  40 0006 FFF7FEFF 		bl	sys_init
  41              	.LVL1:
  42              		.loc 1 299 0
  43 000a FFF7FEFF 		bl	netif_init
  44              	.LVL2:
  45              		.loc 1 301 0
  46 000e FFF7FEFF 		bl	lwip_socket_init
  47              	.LVL3:
  48              		.loc 1 311 0
  49 0012 FFF7FEFF 		bl	udp_init
  50              	.LVL4:
  51              		.loc 1 314 0
  52 0016 FFF7FEFF 		bl	tcp_init
  53              	.LVL5:
  54              		.loc 1 332 0
  55 001a BDE80840 		pop	{r3, lr}
  56              		.cfi_restore 14
  57              		.cfi_restore 3
ARM GAS  C:\Users\jo\AppData\Local\Temp\ccjasn7b.s 			page 2


  58              		.cfi_def_cfa_offset 0
  59              		.loc 1 330 0
  60 001e FFF7FEBF 		b	sys_timeouts_init
  61              	.LVL6:
  62              		.cfi_endproc
  63              	.LFE256:
  64              		.size	lwip_init, .-lwip_init
  65              		.text
  66              	.Letext0:
  67              		.file 2 "c:\\program files\\gnu tools arm embedded\\4.9 2014q4\\arm-none-eabi\\include\\machine\\_
  68              		.file 3 "c:\\program files\\gnu tools arm embedded\\4.9 2014q4\\arm-none-eabi\\include\\stdint.h"
  69              		.file 4 "../../../os/rt/ports/ARMCMx/compilers/GCC/chtypes.h"
  70              		.file 5 "../../../os/rt/include/chsystypes.h"
  71              		.file 6 "../../../os/rt/include/chschd.h"
  72              		.file 7 "../../../os/rt/ports/ARMCMx/chcore.h"
  73              		.file 8 "../../../os/rt/ports/ARMCMx/chcore_v7m.h"
  74              		.file 9 "../../../os/rt/include/chdebug.h"
  75              		.file 10 "../../../os/rt/include/chtm.h"
  76              		.file 11 "../../../os/rt/include/chstats.h"
  77              		.file 12 "../../../os/rt/include/chmtx.h"
  78              		.file 13 "../../../os/ext/lwip-1.4.1/src/include/lwip/stats.h"
  79              		.file 14 "../../../os/ext/lwip-1.4.1/src/include/lwip/sys.h"
  80              		.file 15 "../../../os/ext/lwip-1.4.1/src/include/lwip/netif.h"
  81              		.file 16 "../../../os/ext/lwip-1.4.1/src/include/lwip/sockets.h"
  82              		.file 17 "../../../os/ext/lwip-1.4.1/src/include/lwip/udp.h"
  83              		.file 18 "../../../os/ext/lwip-1.4.1/src/include/lwip/tcp_impl.h"
  84              		.file 19 "../../../os/ext/lwip-1.4.1/src/include/lwip/timers.h"
  85              		.file 20 "../../../os/ext/CMSIS/include/core_cm4.h"
  86              		.section	.debug_info,"",%progbits
  87              	.Ldebug_info0:
  88 0000 F1070000 		.4byte	0x7f1
  89 0004 0400     		.2byte	0x4
  90 0006 00000000 		.4byte	.Ldebug_abbrev0
  91 000a 04       		.byte	0x4
  92 000b 01       		.uleb128 0x1
  93 000c DF020000 		.4byte	.LASF130
  94 0010 01       		.byte	0x1
  95 0011 7F010000 		.4byte	.LASF131
  96 0015 DD000000 		.4byte	.LASF132
  97 0019 00000000 		.4byte	.Ldebug_ranges0+0
  98 001d 00000000 		.4byte	0
  99 0021 00000000 		.4byte	.Ldebug_line0
 100 0025 02       		.uleb128 0x2
 101 0026 04       		.byte	0x4
 102 0027 05       		.byte	0x5
 103 0028 696E7400 		.ascii	"int\000"
 104 002c 03       		.uleb128 0x3
 105 002d 04       		.byte	0x4
 106 002e 07       		.byte	0x7
 107 002f 0D020000 		.4byte	.LASF0
 108 0033 03       		.uleb128 0x3
 109 0034 01       		.byte	0x1
 110 0035 06       		.byte	0x6
 111 0036 39010000 		.4byte	.LASF1
 112 003a 04       		.uleb128 0x4
 113 003b 33000000 		.4byte	.LASF5
 114 003f 02       		.byte	0x2
ARM GAS  C:\Users\jo\AppData\Local\Temp\ccjasn7b.s 			page 3


 115 0040 1D       		.byte	0x1d
 116 0041 45000000 		.4byte	0x45
 117 0045 03       		.uleb128 0x3
 118 0046 01       		.byte	0x1
 119 0047 08       		.byte	0x8
 120 0048 D0050000 		.4byte	.LASF2
 121 004c 03       		.uleb128 0x3
 122 004d 02       		.byte	0x2
 123 004e 05       		.byte	0x5
 124 004f D2040000 		.4byte	.LASF3
 125 0053 03       		.uleb128 0x3
 126 0054 02       		.byte	0x2
 127 0055 07       		.byte	0x7
 128 0056 37020000 		.4byte	.LASF4
 129 005a 04       		.uleb128 0x4
 130 005b BF020000 		.4byte	.LASF6
 131 005f 02       		.byte	0x2
 132 0060 3F       		.byte	0x3f
 133 0061 65000000 		.4byte	0x65
 134 0065 03       		.uleb128 0x3
 135 0066 04       		.byte	0x4
 136 0067 05       		.byte	0x5
 137 0068 5F010000 		.4byte	.LASF7
 138 006c 04       		.uleb128 0x4
 139 006d AC050000 		.4byte	.LASF8
 140 0071 02       		.byte	0x2
 141 0072 41       		.byte	0x41
 142 0073 77000000 		.4byte	0x77
 143 0077 03       		.uleb128 0x3
 144 0078 04       		.byte	0x4
 145 0079 07       		.byte	0x7
 146 007a 62050000 		.4byte	.LASF9
 147 007e 03       		.uleb128 0x3
 148 007f 08       		.byte	0x8
 149 0080 05       		.byte	0x5
 150 0081 2B010000 		.4byte	.LASF10
 151 0085 04       		.uleb128 0x4
 152 0086 52040000 		.4byte	.LASF11
 153 008a 02       		.byte	0x2
 154 008b 5B       		.byte	0x5b
 155 008c 90000000 		.4byte	0x90
 156 0090 03       		.uleb128 0x3
 157 0091 08       		.byte	0x8
 158 0092 07       		.byte	0x7
 159 0093 69000000 		.4byte	.LASF12
 160 0097 04       		.uleb128 0x4
 161 0098 1B060000 		.4byte	.LASF13
 162 009c 03       		.byte	0x3
 163 009d 15       		.byte	0x15
 164 009e 3A000000 		.4byte	0x3a
 165 00a2 04       		.uleb128 0x4
 166 00a3 AE040000 		.4byte	.LASF14
 167 00a7 03       		.byte	0x3
 168 00a8 2C       		.byte	0x2c
 169 00a9 5A000000 		.4byte	0x5a
 170 00ad 04       		.uleb128 0x4
 171 00ae 38050000 		.4byte	.LASF15
ARM GAS  C:\Users\jo\AppData\Local\Temp\ccjasn7b.s 			page 4


 172 00b2 03       		.byte	0x3
 173 00b3 2D       		.byte	0x2d
 174 00b4 6C000000 		.4byte	0x6c
 175 00b8 04       		.uleb128 0x4
 176 00b9 1D000000 		.4byte	.LASF16
 177 00bd 03       		.byte	0x3
 178 00be 39       		.byte	0x39
 179 00bf 85000000 		.4byte	0x85
 180 00c3 05       		.uleb128 0x5
 181 00c4 A2000000 		.4byte	0xa2
 182 00c8 04       		.uleb128 0x4
 183 00c9 CB030000 		.4byte	.LASF17
 184 00cd 04       		.byte	0x4
 185 00ce 45       		.byte	0x45
 186 00cf AD000000 		.4byte	0xad
 187 00d3 04       		.uleb128 0x4
 188 00d4 00000000 		.4byte	.LASF18
 189 00d8 04       		.byte	0x4
 190 00d9 46       		.byte	0x46
 191 00da B8000000 		.4byte	0xb8
 192 00de 04       		.uleb128 0x4
 193 00df 92020000 		.4byte	.LASF19
 194 00e3 04       		.byte	0x4
 195 00e4 48       		.byte	0x48
 196 00e5 97000000 		.4byte	0x97
 197 00e9 04       		.uleb128 0x4
 198 00ea 68010000 		.4byte	.LASF20
 199 00ee 04       		.byte	0x4
 200 00ef 49       		.byte	0x49
 201 00f0 97000000 		.4byte	0x97
 202 00f4 04       		.uleb128 0x4
 203 00f5 68040000 		.4byte	.LASF21
 204 00f9 04       		.byte	0x4
 205 00fa 4A       		.byte	0x4a
 206 00fb 97000000 		.4byte	0x97
 207 00ff 04       		.uleb128 0x4
 208 0100 91040000 		.4byte	.LASF22
 209 0104 04       		.byte	0x4
 210 0105 4C       		.byte	0x4c
 211 0106 AD000000 		.4byte	0xad
 212 010a 04       		.uleb128 0x4
 213 010b 74020000 		.4byte	.LASF23
 214 010f 04       		.byte	0x4
 215 0110 4D       		.byte	0x4d
 216 0111 A2000000 		.4byte	0xa2
 217 0115 04       		.uleb128 0x4
 218 0116 B3020000 		.4byte	.LASF24
 219 011a 04       		.byte	0x4
 220 011b 4F       		.byte	0x4f
 221 011c AD000000 		.4byte	0xad
 222 0120 04       		.uleb128 0x4
 223 0121 FC010000 		.4byte	.LASF25
 224 0125 04       		.byte	0x4
 225 0126 51       		.byte	0x51
 226 0127 A2000000 		.4byte	0xa2
 227 012b 04       		.uleb128 0x4
 228 012c 7F020000 		.4byte	.LASF26
ARM GAS  C:\Users\jo\AppData\Local\Temp\ccjasn7b.s 			page 5


 229 0130 04       		.byte	0x4
 230 0131 52       		.byte	0x52
 231 0132 AD000000 		.4byte	0xad
 232 0136 04       		.uleb128 0x4
 233 0137 8E050000 		.4byte	.LASF27
 234 013b 05       		.byte	0x5
 235 013c 33       		.byte	0x33
 236 013d AD000000 		.4byte	0xad
 237 0141 04       		.uleb128 0x4
 238 0142 79050000 		.4byte	.LASF28
 239 0146 05       		.byte	0x5
 240 0147 3F       		.byte	0x3f
 241 0148 4C010000 		.4byte	0x14c
 242 014c 06       		.uleb128 0x6
 243 014d 59020000 		.4byte	.LASF49
 244 0151 60       		.byte	0x60
 245 0152 06       		.byte	0x6
 246 0153 BE       		.byte	0xbe
 247 0154 52020000 		.4byte	0x252
 248 0158 07       		.uleb128 0x7
 249 0159 FD040000 		.4byte	.LASF29
 250 015d 06       		.byte	0x6
 251 015e BF       		.byte	0xbf
 252 015f 9A050000 		.4byte	0x59a
 253 0163 00       		.byte	0
 254 0164 07       		.uleb128 0x7
 255 0165 8A040000 		.4byte	.LASF30
 256 0169 06       		.byte	0x6
 257 016a C1       		.byte	0xc1
 258 016b 9A050000 		.4byte	0x59a
 259 016f 04       		.byte	0x4
 260 0170 07       		.uleb128 0x7
 261 0171 D6000000 		.4byte	.LASF31
 262 0175 06       		.byte	0x6
 263 0176 C3       		.byte	0xc3
 264 0177 FF000000 		.4byte	0xff
 265 017b 08       		.byte	0x8
 266 017c 07       		.uleb128 0x7
 267 017d 85060000 		.4byte	.LASF32
 268 0181 06       		.byte	0x6
 269 0182 C4       		.byte	0xc4
 270 0183 B5040000 		.4byte	0x4b5
 271 0187 0C       		.byte	0xc
 272 0188 07       		.uleb128 0x7
 273 0189 AA010000 		.4byte	.LASF33
 274 018d 06       		.byte	0x6
 275 018e C6       		.byte	0xc6
 276 018f 9A050000 		.4byte	0x59a
 277 0193 10       		.byte	0x10
 278 0194 07       		.uleb128 0x7
 279 0195 21040000 		.4byte	.LASF34
 280 0199 06       		.byte	0x6
 281 019a C7       		.byte	0xc7
 282 019b 9A050000 		.4byte	0x59a
 283 019f 14       		.byte	0x14
 284 01a0 07       		.uleb128 0x7
 285 01a1 33060000 		.4byte	.LASF35
ARM GAS  C:\Users\jo\AppData\Local\Temp\ccjasn7b.s 			page 6


 286 01a5 06       		.byte	0x6
 287 01a6 CE       		.byte	0xce
 288 01a7 56050000 		.4byte	0x556
 289 01ab 18       		.byte	0x18
 290 01ac 07       		.uleb128 0x7
 291 01ad 02020000 		.4byte	.LASF36
 292 01b1 06       		.byte	0x6
 293 01b2 D4       		.byte	0xd4
 294 01b3 E4060000 		.4byte	0x6e4
 295 01b7 1C       		.byte	0x1c
 296 01b8 07       		.uleb128 0x7
 297 01b9 DC040000 		.4byte	.LASF37
 298 01bd 06       		.byte	0x6
 299 01be D9       		.byte	0xd9
 300 01bf E9000000 		.4byte	0xe9
 301 01c3 20       		.byte	0x20
 302 01c4 07       		.uleb128 0x7
 303 01c5 56060000 		.4byte	.LASF38
 304 01c9 06       		.byte	0x6
 305 01ca DD       		.byte	0xdd
 306 01cb DE000000 		.4byte	0xde
 307 01cf 21       		.byte	0x21
 308 01d0 07       		.uleb128 0x7
 309 01d1 06060000 		.4byte	.LASF39
 310 01d5 06       		.byte	0x6
 311 01d6 E2       		.byte	0xe2
 312 01d7 F4000000 		.4byte	0xf4
 313 01db 22       		.byte	0x22
 314 01dc 08       		.uleb128 0x8
 315 01dd 705F7500 		.ascii	"p_u\000"
 316 01e1 06       		.byte	0x6
 317 01e2 1401     		.2byte	0x114
 318 01e4 AC060000 		.4byte	0x6ac
 319 01e8 24       		.byte	0x24
 320 01e9 09       		.uleb128 0x9
 321 01ea 8B060000 		.4byte	.LASF40
 322 01ee 06       		.byte	0x6
 323 01ef 1901     		.2byte	0x119
 324 01f1 52020000 		.4byte	0x252
 325 01f5 28       		.byte	0x28
 326 01f6 09       		.uleb128 0x9
 327 01f7 E4050000 		.4byte	.LASF41
 328 01fb 06       		.byte	0x6
 329 01fc 1F01     		.2byte	0x11f
 330 01fe 76020000 		.4byte	0x276
 331 0202 2C       		.byte	0x2c
 332 0203 09       		.uleb128 0x9
 333 0204 DE050000 		.4byte	.LASF42
 334 0208 06       		.byte	0x6
 335 0209 2301     		.2byte	0x123
 336 020b 0A010000 		.4byte	0x10a
 337 020f 34       		.byte	0x34
 338 0210 09       		.uleb128 0x9
 339 0211 24050000 		.4byte	.LASF43
 340 0215 06       		.byte	0x6
 341 0216 2901     		.2byte	0x129
 342 0218 15010000 		.4byte	0x115
ARM GAS  C:\Users\jo\AppData\Local\Temp\ccjasn7b.s 			page 7


 343 021c 38       		.byte	0x38
 344 021d 09       		.uleb128 0x9
 345 021e C8040000 		.4byte	.LASF44
 346 0222 06       		.byte	0x6
 347 0223 3001     		.2byte	0x130
 348 0225 1B070000 		.4byte	0x71b
 349 0229 3C       		.byte	0x3c
 350 022a 09       		.uleb128 0x9
 351 022b 98050000 		.4byte	.LASF45
 352 022f 06       		.byte	0x6
 353 0230 3401     		.2byte	0x134
 354 0232 FF000000 		.4byte	0xff
 355 0236 40       		.byte	0x40
 356 0237 09       		.uleb128 0x9
 357 0238 45010000 		.4byte	.LASF46
 358 023c 06       		.byte	0x6
 359 023d 3A01     		.2byte	0x13a
 360 023f 29030000 		.4byte	0x329
 361 0243 44       		.byte	0x44
 362 0244 09       		.uleb128 0x9
 363 0245 71010000 		.4byte	.LASF47
 364 0249 06       		.byte	0x6
 365 024a 4001     		.2byte	0x140
 366 024c 5D060000 		.4byte	0x65d
 367 0250 48       		.byte	0x48
 368 0251 00       		.byte	0
 369 0252 04       		.uleb128 0x4
 370 0253 3A060000 		.4byte	.LASF48
 371 0257 05       		.byte	0x5
 372 0258 44       		.byte	0x44
 373 0259 5D020000 		.4byte	0x25d
 374 025d 06       		.uleb128 0x6
 375 025e 52050000 		.4byte	.LASF50
 376 0262 04       		.byte	0x4
 377 0263 06       		.byte	0x6
 378 0264 AC       		.byte	0xac
 379 0265 76020000 		.4byte	0x276
 380 0269 07       		.uleb128 0x7
 381 026a FD040000 		.4byte	.LASF29
 382 026e 06       		.byte	0x6
 383 026f AD       		.byte	0xad
 384 0270 9A050000 		.4byte	0x59a
 385 0274 00       		.byte	0
 386 0275 00       		.byte	0
 387 0276 04       		.uleb128 0x4
 388 0277 F6050000 		.4byte	.LASF51
 389 027b 05       		.byte	0x5
 390 027c 4B       		.byte	0x4b
 391 027d 81020000 		.4byte	0x281
 392 0281 06       		.uleb128 0x6
 393 0282 C5000000 		.4byte	.LASF52
 394 0286 08       		.byte	0x8
 395 0287 06       		.byte	0x6
 396 0288 B3       		.byte	0xb3
 397 0289 A6020000 		.4byte	0x2a6
 398 028d 07       		.uleb128 0x7
 399 028e FD040000 		.4byte	.LASF29
ARM GAS  C:\Users\jo\AppData\Local\Temp\ccjasn7b.s 			page 8


 400 0292 06       		.byte	0x6
 401 0293 B4       		.byte	0xb4
 402 0294 9A050000 		.4byte	0x59a
 403 0298 00       		.byte	0
 404 0299 07       		.uleb128 0x7
 405 029a 8A040000 		.4byte	.LASF30
 406 029e 06       		.byte	0x6
 407 029f B5       		.byte	0xb5
 408 02a0 9A050000 		.4byte	0x59a
 409 02a4 04       		.byte	0x4
 410 02a5 00       		.byte	0
 411 02a6 04       		.uleb128 0x4
 412 02a7 09000000 		.4byte	.LASF53
 413 02ab 05       		.byte	0x5
 414 02ac 52       		.byte	0x52
 415 02ad B1020000 		.4byte	0x2b1
 416 02b1 0A       		.uleb128 0xa
 417 02b2 A5020000 		.4byte	.LASF54
 418 02b6 1C       		.byte	0x1c
 419 02b7 06       		.byte	0x6
 420 02b8 7201     		.2byte	0x172
 421 02ba 0D030000 		.4byte	0x30d
 422 02be 09       		.uleb128 0x9
 423 02bf 41050000 		.4byte	.LASF55
 424 02c3 06       		.byte	0x6
 425 02c4 7301     		.2byte	0x173
 426 02c6 76020000 		.4byte	0x276
 427 02ca 00       		.byte	0
 428 02cb 09       		.uleb128 0x9
 429 02cc E4040000 		.4byte	.LASF56
 430 02d0 06       		.byte	0x6
 431 02d1 7401     		.2byte	0x174
 432 02d3 FF000000 		.4byte	0xff
 433 02d7 08       		.byte	0x8
 434 02d8 09       		.uleb128 0x9
 435 02d9 29040000 		.4byte	.LASF57
 436 02dd 06       		.byte	0x6
 437 02de 7601     		.2byte	0x176
 438 02e0 B5040000 		.4byte	0x4b5
 439 02e4 0C       		.byte	0xc
 440 02e5 09       		.uleb128 0x9
 441 02e6 BA010000 		.4byte	.LASF58
 442 02ea 06       		.byte	0x6
 443 02eb 7901     		.2byte	0x179
 444 02ed 9A050000 		.4byte	0x59a
 445 02f1 10       		.byte	0x10
 446 02f2 09       		.uleb128 0x9
 447 02f3 4A040000 		.4byte	.LASF59
 448 02f7 06       		.byte	0x6
 449 02f8 7A01     		.2byte	0x17a
 450 02fa 9A050000 		.4byte	0x59a
 451 02fe 14       		.byte	0x14
 452 02ff 09       		.uleb128 0x9
 453 0300 40040000 		.4byte	.LASF60
 454 0304 06       		.byte	0x6
 455 0305 7D01     		.2byte	0x17d
 456 0307 9A050000 		.4byte	0x59a
ARM GAS  C:\Users\jo\AppData\Local\Temp\ccjasn7b.s 			page 9


 457 030b 18       		.byte	0x18
 458 030c 00       		.byte	0
 459 030d 04       		.uleb128 0x4
 460 030e A3050000 		.4byte	.LASF61
 461 0312 05       		.byte	0x5
 462 0313 57       		.byte	0x57
 463 0314 18030000 		.4byte	0x318
 464 0318 0B       		.uleb128 0xb
 465 0319 04       		.byte	0x4
 466 031a 1E030000 		.4byte	0x31e
 467 031e 0C       		.uleb128 0xc
 468 031f 29030000 		.4byte	0x329
 469 0323 0D       		.uleb128 0xd
 470 0324 29030000 		.4byte	0x329
 471 0328 00       		.byte	0
 472 0329 0E       		.uleb128 0xe
 473 032a 04       		.byte	0x4
 474 032b 04       		.uleb128 0x4
 475 032c 7A040000 		.4byte	.LASF62
 476 0330 05       		.byte	0x5
 477 0331 5C       		.byte	0x5c
 478 0332 36030000 		.4byte	0x336
 479 0336 0A       		.uleb128 0xa
 480 0337 13050000 		.4byte	.LASF63
 481 033b 14       		.byte	0x14
 482 033c 06       		.byte	0x6
 483 033d 4D01     		.2byte	0x14d
 484 033f 85030000 		.4byte	0x385
 485 0343 09       		.uleb128 0x9
 486 0344 29020000 		.4byte	.LASF64
 487 0348 06       		.byte	0x6
 488 0349 4E01     		.2byte	0x14e
 489 034b 21070000 		.4byte	0x721
 490 034f 00       		.byte	0
 491 0350 09       		.uleb128 0x9
 492 0351 CB010000 		.4byte	.LASF65
 493 0355 06       		.byte	0x6
 494 0356 4F01     		.2byte	0x14f
 495 0358 21070000 		.4byte	0x721
 496 035c 04       		.byte	0x4
 497 035d 09       		.uleb128 0x9
 498 035e 49050000 		.4byte	.LASF66
 499 0362 06       		.byte	0x6
 500 0363 5001     		.2byte	0x150
 501 0365 36010000 		.4byte	0x136
 502 0369 08       		.byte	0x8
 503 036a 09       		.uleb128 0x9
 504 036b EA030000 		.4byte	.LASF67
 505 036f 06       		.byte	0x6
 506 0370 5101     		.2byte	0x151
 507 0372 0D030000 		.4byte	0x30d
 508 0376 0C       		.byte	0xc
 509 0377 09       		.uleb128 0x9
 510 0378 EF050000 		.4byte	.LASF68
 511 037c 06       		.byte	0x6
 512 037d 5301     		.2byte	0x153
 513 037f 29030000 		.4byte	0x329
ARM GAS  C:\Users\jo\AppData\Local\Temp\ccjasn7b.s 			page 10


 514 0383 10       		.byte	0x10
 515 0384 00       		.byte	0
 516 0385 04       		.uleb128 0x4
 517 0386 C9020000 		.4byte	.LASF69
 518 038a 05       		.byte	0x5
 519 038b 61       		.byte	0x61
 520 038c 90030000 		.4byte	0x390
 521 0390 0A       		.uleb128 0xa
 522 0391 D3030000 		.4byte	.LASF70
 523 0395 10       		.byte	0x10
 524 0396 06       		.byte	0x6
 525 0397 5D01     		.2byte	0x15d
 526 0399 D2030000 		.4byte	0x3d2
 527 039d 09       		.uleb128 0x9
 528 039e 29020000 		.4byte	.LASF64
 529 03a2 06       		.byte	0x6
 530 03a3 5E01     		.2byte	0x15e
 531 03a5 21070000 		.4byte	0x721
 532 03a9 00       		.byte	0
 533 03aa 09       		.uleb128 0x9
 534 03ab CB010000 		.4byte	.LASF65
 535 03af 06       		.byte	0x6
 536 03b0 6001     		.2byte	0x160
 537 03b2 21070000 		.4byte	0x721
 538 03b6 04       		.byte	0x4
 539 03b7 09       		.uleb128 0x9
 540 03b8 49050000 		.4byte	.LASF66
 541 03bc 06       		.byte	0x6
 542 03bd 6201     		.2byte	0x162
 543 03bf 36010000 		.4byte	0x136
 544 03c3 08       		.byte	0x8
 545 03c4 09       		.uleb128 0x9
 546 03c5 0A040000 		.4byte	.LASF71
 547 03c9 06       		.byte	0x6
 548 03ca 6A01     		.2byte	0x16a
 549 03cc 36010000 		.4byte	0x136
 550 03d0 0C       		.byte	0xc
 551 03d1 00       		.byte	0
 552 03d2 04       		.uleb128 0x4
 553 03d3 1A020000 		.4byte	.LASF72
 554 03d7 05       		.byte	0x5
 555 03d8 66       		.byte	0x66
 556 03d9 DD030000 		.4byte	0x3dd
 557 03dd 0F       		.uleb128 0xf
 558 03de D3010000 		.4byte	.LASF73
 559 03e2 1404     		.2byte	0x414
 560 03e4 06       		.byte	0x6
 561 03e5 8401     		.2byte	0x184
 562 03e7 20040000 		.4byte	0x420
 563 03eb 09       		.uleb128 0x9
 564 03ec B7050000 		.4byte	.LASF74
 565 03f0 06       		.byte	0x6
 566 03f1 8C01     		.2byte	0x18c
 567 03f3 27070000 		.4byte	0x727
 568 03f7 00       		.byte	0
 569 03f8 09       		.uleb128 0x9
 570 03f9 0D060000 		.4byte	.LASF75
ARM GAS  C:\Users\jo\AppData\Local\Temp\ccjasn7b.s 			page 11


 571 03fd 06       		.byte	0x6
 572 03fe 9101     		.2byte	0x191
 573 0400 20010000 		.4byte	0x120
 574 0404 04       		.byte	0x4
 575 0405 09       		.uleb128 0x9
 576 0406 EB010000 		.4byte	.LASF76
 577 040a 06       		.byte	0x6
 578 040b 9501     		.2byte	0x195
 579 040d 20010000 		.4byte	0x120
 580 0411 08       		.byte	0x8
 581 0412 09       		.uleb128 0x9
 582 0413 49060000 		.4byte	.LASF77
 583 0417 06       		.byte	0x6
 584 0418 9B01     		.2byte	0x19b
 585 041a EF050000 		.4byte	0x5ef
 586 041e 0C       		.byte	0xc
 587 041f 00       		.byte	0
 588 0420 04       		.uleb128 0x4
 589 0421 86020000 		.4byte	.LASF78
 590 0425 05       		.byte	0x5
 591 0426 6B       		.byte	0x6b
 592 0427 2B040000 		.4byte	0x42b
 593 042b 0F       		.uleb128 0xf
 594 042c 55010000 		.4byte	.LASF79
 595 0430 D805     		.2byte	0x5d8
 596 0432 06       		.byte	0x6
 597 0433 A401     		.2byte	0x1a4
 598 0435 98040000 		.4byte	0x498
 599 0439 09       		.uleb128 0x9
 600 043a 15060000 		.4byte	.LASF80
 601 043e 06       		.byte	0x6
 602 043f A801     		.2byte	0x1a8
 603 0441 A6020000 		.4byte	0x2a6
 604 0445 00       		.byte	0
 605 0446 09       		.uleb128 0x9
 606 0447 49000000 		.4byte	.LASF81
 607 044b 06       		.byte	0x6
 608 044c AC01     		.2byte	0x1ac
 609 044e 85030000 		.4byte	0x385
 610 0452 1C       		.byte	0x1c
 611 0453 08       		.uleb128 0x8
 612 0454 64626700 		.ascii	"dbg\000"
 613 0458 06       		.byte	0x6
 614 0459 B001     		.2byte	0x1b0
 615 045b D2030000 		.4byte	0x3d2
 616 045f 2C       		.byte	0x2c
 617 0460 10       		.uleb128 0x10
 618 0461 92000000 		.4byte	.LASF82
 619 0465 06       		.byte	0x6
 620 0466 B401     		.2byte	0x1b4
 621 0468 41010000 		.4byte	0x141
 622 046c 4004     		.2byte	0x440
 623 046e 11       		.uleb128 0x11
 624 046f 746D00   		.ascii	"tm\000"
 625 0472 06       		.byte	0x6
 626 0473 B901     		.2byte	0x1b9
 627 0475 0F060000 		.4byte	0x60f
ARM GAS  C:\Users\jo\AppData\Local\Temp\ccjasn7b.s 			page 12


 628 0479 A004     		.2byte	0x4a0
 629 047b 10       		.uleb128 0x10
 630 047c 26000000 		.4byte	.LASF83
 631 0480 06       		.byte	0x6
 632 0481 BF01     		.2byte	0x1bf
 633 0483 A1060000 		.4byte	0x6a1
 634 0487 A804     		.2byte	0x4a8
 635 0489 10       		.uleb128 0x10
 636 048a 04050000 		.4byte	.LASF84
 637 048e 06       		.byte	0x6
 638 048f C501     		.2byte	0x1c5
 639 0491 2C070000 		.4byte	0x72c
 640 0495 E004     		.2byte	0x4e0
 641 0497 00       		.byte	0
 642 0498 03       		.uleb128 0x3
 643 0499 04       		.byte	0x4
 644 049a 07       		.byte	0x7
 645 049b 23060000 		.4byte	.LASF85
 646 049f 04       		.uleb128 0x4
 647 04a0 C2010000 		.4byte	.LASF86
 648 04a4 07       		.byte	0x7
 649 04a5 85       		.byte	0x85
 650 04a6 29030000 		.4byte	0x329
 651 04aa 04       		.uleb128 0x4
 652 04ab B9030000 		.4byte	.LASF87
 653 04af 07       		.byte	0x7
 654 04b0 8D       		.byte	0x8d
 655 04b1 B8000000 		.4byte	0xb8
 656 04b5 06       		.uleb128 0x6
 657 04b6 C8050000 		.4byte	.LASF88
 658 04ba 04       		.byte	0x4
 659 04bb 07       		.byte	0x7
 660 04bc A9       		.byte	0xa9
 661 04bd CE040000 		.4byte	0x4ce
 662 04c1 12       		.uleb128 0x12
 663 04c2 72313300 		.ascii	"r13\000"
 664 04c6 07       		.byte	0x7
 665 04c7 AA       		.byte	0xaa
 666 04c8 49050000 		.4byte	0x549
 667 04cc 00       		.byte	0
 668 04cd 00       		.byte	0
 669 04ce 06       		.uleb128 0x6
 670 04cf 3D000000 		.4byte	.LASF89
 671 04d3 24       		.byte	0x24
 672 04d4 08       		.byte	0x8
 673 04d5 F4       		.byte	0xf4
 674 04d6 49050000 		.4byte	0x549
 675 04da 08       		.uleb128 0x8
 676 04db 723400   		.ascii	"r4\000"
 677 04de 08       		.byte	0x8
 678 04df 0701     		.2byte	0x107
 679 04e1 9F040000 		.4byte	0x49f
 680 04e5 00       		.byte	0
 681 04e6 08       		.uleb128 0x8
 682 04e7 723500   		.ascii	"r5\000"
 683 04ea 08       		.byte	0x8
 684 04eb 0801     		.2byte	0x108
ARM GAS  C:\Users\jo\AppData\Local\Temp\ccjasn7b.s 			page 13


 685 04ed 9F040000 		.4byte	0x49f
 686 04f1 04       		.byte	0x4
 687 04f2 08       		.uleb128 0x8
 688 04f3 723600   		.ascii	"r6\000"
 689 04f6 08       		.byte	0x8
 690 04f7 0901     		.2byte	0x109
 691 04f9 9F040000 		.4byte	0x49f
 692 04fd 08       		.byte	0x8
 693 04fe 08       		.uleb128 0x8
 694 04ff 723700   		.ascii	"r7\000"
 695 0502 08       		.byte	0x8
 696 0503 0A01     		.2byte	0x10a
 697 0505 9F040000 		.4byte	0x49f
 698 0509 0C       		.byte	0xc
 699 050a 08       		.uleb128 0x8
 700 050b 723800   		.ascii	"r8\000"
 701 050e 08       		.byte	0x8
 702 050f 0B01     		.2byte	0x10b
 703 0511 9F040000 		.4byte	0x49f
 704 0515 10       		.byte	0x10
 705 0516 08       		.uleb128 0x8
 706 0517 723900   		.ascii	"r9\000"
 707 051a 08       		.byte	0x8
 708 051b 0C01     		.2byte	0x10c
 709 051d 9F040000 		.4byte	0x49f
 710 0521 14       		.byte	0x14
 711 0522 08       		.uleb128 0x8
 712 0523 72313000 		.ascii	"r10\000"
 713 0527 08       		.byte	0x8
 714 0528 0D01     		.2byte	0x10d
 715 052a 9F040000 		.4byte	0x49f
 716 052e 18       		.byte	0x18
 717 052f 08       		.uleb128 0x8
 718 0530 72313100 		.ascii	"r11\000"
 719 0534 08       		.byte	0x8
 720 0535 0E01     		.2byte	0x10e
 721 0537 9F040000 		.4byte	0x49f
 722 053b 1C       		.byte	0x1c
 723 053c 08       		.uleb128 0x8
 724 053d 6C7200   		.ascii	"lr\000"
 725 0540 08       		.byte	0x8
 726 0541 0F01     		.2byte	0x10f
 727 0543 9F040000 		.4byte	0x49f
 728 0547 20       		.byte	0x20
 729 0548 00       		.byte	0
 730 0549 0B       		.uleb128 0xb
 731 054a 04       		.byte	0x4
 732 054b CE040000 		.4byte	0x4ce
 733 054f 03       		.uleb128 0x3
 734 0550 01       		.byte	0x1
 735 0551 08       		.byte	0x8
 736 0552 74050000 		.4byte	.LASF90
 737 0556 0B       		.uleb128 0xb
 738 0557 04       		.byte	0x4
 739 0558 5C050000 		.4byte	0x55c
 740 055c 13       		.uleb128 0x13
 741 055d 4F050000 		.4byte	0x54f
ARM GAS  C:\Users\jo\AppData\Local\Temp\ccjasn7b.s 			page 14


 742 0561 14       		.uleb128 0x14
 743 0562 10       		.byte	0x10
 744 0563 09       		.byte	0x9
 745 0564 57       		.byte	0x57
 746 0565 9A050000 		.4byte	0x59a
 747 0569 07       		.uleb128 0x7
 748 056a F4010000 		.4byte	.LASF91
 749 056e 09       		.byte	0x9
 750 056f 5B       		.byte	0x5b
 751 0570 36010000 		.4byte	0x136
 752 0574 00       		.byte	0
 753 0575 07       		.uleb128 0x7
 754 0576 79010000 		.4byte	.LASF92
 755 057a 09       		.byte	0x9
 756 057b 5F       		.byte	0x5f
 757 057c 9A050000 		.4byte	0x59a
 758 0580 04       		.byte	0x4
 759 0581 07       		.uleb128 0x7
 760 0582 7B060000 		.4byte	.LASF93
 761 0586 09       		.byte	0x9
 762 0587 63       		.byte	0x63
 763 0588 29030000 		.4byte	0x329
 764 058c 08       		.byte	0x8
 765 058d 07       		.uleb128 0x7
 766 058e 80000000 		.4byte	.LASF94
 767 0592 09       		.byte	0x9
 768 0593 67       		.byte	0x67
 769 0594 97000000 		.4byte	0x97
 770 0598 0C       		.byte	0xc
 771 0599 00       		.byte	0
 772 059a 0B       		.uleb128 0xb
 773 059b 04       		.byte	0x4
 774 059c 41010000 		.4byte	0x141
 775 05a0 04       		.uleb128 0x4
 776 05a1 FB030000 		.4byte	.LASF95
 777 05a5 09       		.byte	0x9
 778 05a6 68       		.byte	0x68
 779 05a7 61050000 		.4byte	0x561
 780 05ab 15       		.uleb128 0x15
 781 05ac 0804     		.2byte	0x408
 782 05ae 09       		.byte	0x9
 783 05af 6D       		.byte	0x6d
 784 05b0 D9050000 		.4byte	0x5d9
 785 05b4 07       		.uleb128 0x7
 786 05b5 B2010000 		.4byte	.LASF96
 787 05b9 09       		.byte	0x9
 788 05ba 71       		.byte	0x71
 789 05bb 2C000000 		.4byte	0x2c
 790 05bf 00       		.byte	0
 791 05c0 07       		.uleb128 0x7
 792 05c1 C4030000 		.4byte	.LASF97
 793 05c5 09       		.byte	0x9
 794 05c6 75       		.byte	0x75
 795 05c7 D9050000 		.4byte	0x5d9
 796 05cb 04       		.byte	0x4
 797 05cc 07       		.uleb128 0x7
 798 05cd 70040000 		.4byte	.LASF98
ARM GAS  C:\Users\jo\AppData\Local\Temp\ccjasn7b.s 			page 15


 799 05d1 09       		.byte	0x9
 800 05d2 79       		.byte	0x79
 801 05d3 DF050000 		.4byte	0x5df
 802 05d7 08       		.byte	0x8
 803 05d8 00       		.byte	0
 804 05d9 0B       		.uleb128 0xb
 805 05da 04       		.byte	0x4
 806 05db A0050000 		.4byte	0x5a0
 807 05df 16       		.uleb128 0x16
 808 05e0 A0050000 		.4byte	0x5a0
 809 05e4 EF050000 		.4byte	0x5ef
 810 05e8 17       		.uleb128 0x17
 811 05e9 98040000 		.4byte	0x498
 812 05ed 3F       		.byte	0x3f
 813 05ee 00       		.byte	0
 814 05ef 04       		.uleb128 0x4
 815 05f0 B6040000 		.4byte	.LASF99
 816 05f4 09       		.byte	0x9
 817 05f5 7A       		.byte	0x7a
 818 05f6 AB050000 		.4byte	0x5ab
 819 05fa 14       		.uleb128 0x14
 820 05fb 04       		.byte	0x4
 821 05fc 0A       		.byte	0xa
 822 05fd 38       		.byte	0x38
 823 05fe 0F060000 		.4byte	0x60f
 824 0602 07       		.uleb128 0x7
 825 0603 C1050000 		.4byte	.LASF100
 826 0607 0A       		.byte	0xa
 827 0608 3C       		.byte	0x3c
 828 0609 C8000000 		.4byte	0xc8
 829 060d 00       		.byte	0
 830 060e 00       		.byte	0
 831 060f 04       		.uleb128 0x4
 832 0610 2F040000 		.4byte	.LASF101
 833 0614 0A       		.byte	0xa
 834 0615 3D       		.byte	0x3d
 835 0616 FA050000 		.4byte	0x5fa
 836 061a 14       		.uleb128 0x14
 837 061b 18       		.byte	0x18
 838 061c 0A       		.byte	0xa
 839 061d 48       		.byte	0x48
 840 061e 5D060000 		.4byte	0x65d
 841 0622 07       		.uleb128 0x7
 842 0623 82050000 		.4byte	.LASF102
 843 0627 0A       		.byte	0xa
 844 0628 49       		.byte	0x49
 845 0629 C8000000 		.4byte	0xc8
 846 062d 00       		.byte	0
 847 062e 07       		.uleb128 0x7
 848 062f 50000000 		.4byte	.LASF103
 849 0633 0A       		.byte	0xa
 850 0634 4A       		.byte	0x4a
 851 0635 C8000000 		.4byte	0xc8
 852 0639 04       		.byte	0x4
 853 063a 07       		.uleb128 0x7
 854 063b 7A020000 		.4byte	.LASF104
 855 063f 0A       		.byte	0xa
ARM GAS  C:\Users\jo\AppData\Local\Temp\ccjasn7b.s 			page 16


 856 0640 4B       		.byte	0x4b
 857 0641 C8000000 		.4byte	0xc8
 858 0645 08       		.byte	0x8
 859 0646 12       		.uleb128 0x12
 860 0647 6E00     		.ascii	"n\000"
 861 0649 0A       		.byte	0xa
 862 064a 4C       		.byte	0x4c
 863 064b 2B010000 		.4byte	0x12b
 864 064f 0C       		.byte	0xc
 865 0650 07       		.uleb128 0x7
 866 0651 5D040000 		.4byte	.LASF105
 867 0655 0A       		.byte	0xa
 868 0656 4D       		.byte	0x4d
 869 0657 D3000000 		.4byte	0xd3
 870 065b 10       		.byte	0x10
 871 065c 00       		.byte	0
 872 065d 04       		.uleb128 0x4
 873 065e 56000000 		.4byte	.LASF106
 874 0662 0A       		.byte	0xa
 875 0663 4E       		.byte	0x4e
 876 0664 1A060000 		.4byte	0x61a
 877 0668 14       		.uleb128 0x14
 878 0669 38       		.byte	0x38
 879 066a 0B       		.byte	0xb
 880 066b 38       		.byte	0x38
 881 066c A1060000 		.4byte	0x6a1
 882 0670 07       		.uleb128 0x7
 883 0671 31020000 		.4byte	.LASF107
 884 0675 0B       		.byte	0xb
 885 0676 39       		.byte	0x39
 886 0677 2B010000 		.4byte	0x12b
 887 067b 00       		.byte	0
 888 067c 07       		.uleb128 0x7
 889 067d 9F040000 		.4byte	.LASF108
 890 0681 0B       		.byte	0xb
 891 0682 3A       		.byte	0x3a
 892 0683 2B010000 		.4byte	0x12b
 893 0687 04       		.byte	0x4
 894 0688 07       		.uleb128 0x7
 895 0689 68060000 		.4byte	.LASF109
 896 068d 0B       		.byte	0xb
 897 068e 3B       		.byte	0x3b
 898 068f 5D060000 		.4byte	0x65d
 899 0693 08       		.byte	0x8
 900 0694 07       		.uleb128 0x7
 901 0695 9A020000 		.4byte	.LASF110
 902 0699 0B       		.byte	0xb
 903 069a 3D       		.byte	0x3d
 904 069b 5D060000 		.4byte	0x65d
 905 069f 20       		.byte	0x20
 906 06a0 00       		.byte	0
 907 06a1 04       		.uleb128 0x4
 908 06a2 4A020000 		.4byte	.LASF111
 909 06a6 0B       		.byte	0xb
 910 06a7 3F       		.byte	0x3f
 911 06a8 68060000 		.4byte	0x668
 912 06ac 18       		.uleb128 0x18
ARM GAS  C:\Users\jo\AppData\Local\Temp\ccjasn7b.s 			page 17


 913 06ad 04       		.byte	0x4
 914 06ae 06       		.byte	0x6
 915 06af F6       		.byte	0xf6
 916 06b0 E4060000 		.4byte	0x6e4
 917 06b4 19       		.uleb128 0x19
 918 06b5 16000000 		.4byte	.LASF112
 919 06b9 06       		.byte	0x6
 920 06ba FD       		.byte	0xfd
 921 06bb 0A010000 		.4byte	0x10a
 922 06bf 1A       		.uleb128 0x1a
 923 06c0 89000000 		.4byte	.LASF113
 924 06c4 06       		.byte	0x6
 925 06c5 0401     		.2byte	0x104
 926 06c7 0A010000 		.4byte	0x10a
 927 06cb 1A       		.uleb128 0x1a
 928 06cc 2C060000 		.4byte	.LASF114
 929 06d0 06       		.byte	0x6
 930 06d1 0B01     		.2byte	0x10b
 931 06d3 29030000 		.4byte	0x329
 932 06d7 1A       		.uleb128 0x1a
 933 06d8 F6040000 		.4byte	.LASF115
 934 06dc 06       		.byte	0x6
 935 06dd 1201     		.2byte	0x112
 936 06df 15010000 		.4byte	0x115
 937 06e3 00       		.byte	0
 938 06e4 0B       		.uleb128 0xb
 939 06e5 04       		.byte	0x4
 940 06e6 AA040000 		.4byte	0x4aa
 941 06ea 06       		.uleb128 0x6
 942 06eb 99040000 		.4byte	.LASF116
 943 06ef 10       		.byte	0x10
 944 06f0 0C       		.byte	0xc
 945 06f1 39       		.byte	0x39
 946 06f2 1B070000 		.4byte	0x71b
 947 06f6 07       		.uleb128 0x7
 948 06f7 4D010000 		.4byte	.LASF117
 949 06fb 0C       		.byte	0xc
 950 06fc 3A       		.byte	0x3a
 951 06fd 76020000 		.4byte	0x276
 952 0701 00       		.byte	0
 953 0702 07       		.uleb128 0x7
 954 0703 73060000 		.4byte	.LASF118
 955 0707 0C       		.byte	0xc
 956 0708 3C       		.byte	0x3c
 957 0709 9A050000 		.4byte	0x59a
 958 070d 08       		.byte	0x8
 959 070e 07       		.uleb128 0x7
 960 070f 87050000 		.4byte	.LASF119
 961 0713 0C       		.byte	0xc
 962 0714 3E       		.byte	0x3e
 963 0715 47070000 		.4byte	0x747
 964 0719 0C       		.byte	0xc
 965 071a 00       		.byte	0
 966 071b 0B       		.uleb128 0xb
 967 071c 04       		.byte	0x4
 968 071d EA060000 		.4byte	0x6ea
 969 0721 0B       		.uleb128 0xb
ARM GAS  C:\Users\jo\AppData\Local\Temp\ccjasn7b.s 			page 18


 970 0722 04       		.byte	0x4
 971 0723 2B030000 		.4byte	0x32b
 972 0727 05       		.uleb128 0x5
 973 0728 56050000 		.4byte	0x556
 974 072c 16       		.uleb128 0x16
 975 072d AA040000 		.4byte	0x4aa
 976 0731 3C070000 		.4byte	0x73c
 977 0735 17       		.uleb128 0x17
 978 0736 98040000 		.4byte	0x498
 979 073a 1E       		.byte	0x1e
 980 073b 00       		.byte	0
 981 073c 04       		.uleb128 0x4
 982 073d E3010000 		.4byte	.LASF120
 983 0741 0C       		.byte	0xc
 984 0742 34       		.byte	0x34
 985 0743 EA060000 		.4byte	0x6ea
 986 0747 0B       		.uleb128 0xb
 987 0748 04       		.byte	0x4
 988 0749 3C070000 		.4byte	0x73c
 989 074d 03       		.uleb128 0x3
 990 074e 01       		.byte	0x1
 991 074f 02       		.byte	0x2
 992 0750 A8040000 		.4byte	.LASF121
 993 0754 1B       		.uleb128 0x1b
 994 0755 5E060000 		.4byte	.LASF133
 995 0759 01       		.byte	0x1
 996 075a 2101     		.2byte	0x121
 997 075c 00000000 		.4byte	.LFB256
 998 0760 22000000 		.4byte	.LFE256-.LFB256
 999 0764 01       		.uleb128 0x1
 1000 0765 9C       		.byte	0x9c
 1001 0766 AA070000 		.4byte	0x7aa
 1002 076a 1C       		.uleb128 0x1c
 1003 076b 06000000 		.4byte	.LVL0
 1004 076f C1070000 		.4byte	0x7c1
 1005 0773 1C       		.uleb128 0x1c
 1006 0774 0A000000 		.4byte	.LVL1
 1007 0778 C8070000 		.4byte	0x7c8
 1008 077c 1C       		.uleb128 0x1c
 1009 077d 0E000000 		.4byte	.LVL2
 1010 0781 CF070000 		.4byte	0x7cf
 1011 0785 1C       		.uleb128 0x1c
 1012 0786 12000000 		.4byte	.LVL3
 1013 078a D7070000 		.4byte	0x7d7
 1014 078e 1C       		.uleb128 0x1c
 1015 078f 16000000 		.4byte	.LVL4
 1016 0793 DF070000 		.4byte	0x7df
 1017 0797 1C       		.uleb128 0x1c
 1018 0798 1A000000 		.4byte	.LVL5
 1019 079c E6070000 		.4byte	0x7e6
 1020 07a0 1D       		.uleb128 0x1d
 1021 07a1 22000000 		.4byte	.LVL6
 1022 07a5 ED070000 		.4byte	0x7ed
 1023 07a9 00       		.byte	0
 1024 07aa 1E       		.uleb128 0x1e
 1025 07ab AF000000 		.4byte	.LASF122
 1026 07af 14       		.byte	0x14
ARM GAS  C:\Users\jo\AppData\Local\Temp\ccjasn7b.s 			page 19


 1027 07b0 A706     		.2byte	0x6a7
 1028 07b2 C3000000 		.4byte	0xc3
 1029 07b6 1F       		.uleb128 0x1f
 1030 07b7 636800   		.ascii	"ch\000"
 1031 07ba 06       		.byte	0x6
 1032 07bb EB01     		.2byte	0x1eb
 1033 07bd 20040000 		.4byte	0x420
 1034 07c1 20       		.uleb128 0x20
 1035 07c2 16040000 		.4byte	.LASF123
 1036 07c6 0D       		.byte	0xd
 1037 07c7 97       		.byte	0x97
 1038 07c8 20       		.uleb128 0x20
 1039 07c9 BC000000 		.4byte	.LASF124
 1040 07cd 0E       		.byte	0xe
 1041 07ce E5       		.byte	0xe5
 1042 07cf 21       		.uleb128 0x21
 1043 07d0 EB040000 		.4byte	.LASF125
 1044 07d4 0F       		.byte	0xf
 1045 07d5 0101     		.2byte	0x101
 1046 07d7 21       		.uleb128 0x21
 1047 07d8 63020000 		.4byte	.LASF126
 1048 07dc 10       		.byte	0x10
 1049 07dd 3F01     		.2byte	0x13f
 1050 07df 20       		.uleb128 0x20
 1051 07e0 2F050000 		.4byte	.LASF127
 1052 07e4 11       		.byte	0x11
 1053 07e5 9D       		.byte	0x9d
 1054 07e6 20       		.uleb128 0x20
 1055 07e7 F2030000 		.4byte	.LASF128
 1056 07eb 12       		.byte	0x12
 1057 07ec 35       		.byte	0x35
 1058 07ed 20       		.uleb128 0x20
 1059 07ee 9D000000 		.4byte	.LASF129
 1060 07f2 13       		.byte	0x13
 1061 07f3 4D       		.byte	0x4d
 1062 07f4 00       		.byte	0
 1063              		.section	.debug_abbrev,"",%progbits
 1064              	.Ldebug_abbrev0:
 1065 0000 01       		.uleb128 0x1
 1066 0001 11       		.uleb128 0x11
 1067 0002 01       		.byte	0x1
 1068 0003 25       		.uleb128 0x25
 1069 0004 0E       		.uleb128 0xe
 1070 0005 13       		.uleb128 0x13
 1071 0006 0B       		.uleb128 0xb
 1072 0007 03       		.uleb128 0x3
 1073 0008 0E       		.uleb128 0xe
 1074 0009 1B       		.uleb128 0x1b
 1075 000a 0E       		.uleb128 0xe
 1076 000b 55       		.uleb128 0x55
 1077 000c 17       		.uleb128 0x17
 1078 000d 11       		.uleb128 0x11
 1079 000e 01       		.uleb128 0x1
 1080 000f 10       		.uleb128 0x10
 1081 0010 17       		.uleb128 0x17
 1082 0011 00       		.byte	0
 1083 0012 00       		.byte	0
ARM GAS  C:\Users\jo\AppData\Local\Temp\ccjasn7b.s 			page 20


 1084 0013 02       		.uleb128 0x2
 1085 0014 24       		.uleb128 0x24
 1086 0015 00       		.byte	0
 1087 0016 0B       		.uleb128 0xb
 1088 0017 0B       		.uleb128 0xb
 1089 0018 3E       		.uleb128 0x3e
 1090 0019 0B       		.uleb128 0xb
 1091 001a 03       		.uleb128 0x3
 1092 001b 08       		.uleb128 0x8
 1093 001c 00       		.byte	0
 1094 001d 00       		.byte	0
 1095 001e 03       		.uleb128 0x3
 1096 001f 24       		.uleb128 0x24
 1097 0020 00       		.byte	0
 1098 0021 0B       		.uleb128 0xb
 1099 0022 0B       		.uleb128 0xb
 1100 0023 3E       		.uleb128 0x3e
 1101 0024 0B       		.uleb128 0xb
 1102 0025 03       		.uleb128 0x3
 1103 0026 0E       		.uleb128 0xe
 1104 0027 00       		.byte	0
 1105 0028 00       		.byte	0
 1106 0029 04       		.uleb128 0x4
 1107 002a 16       		.uleb128 0x16
 1108 002b 00       		.byte	0
 1109 002c 03       		.uleb128 0x3
 1110 002d 0E       		.uleb128 0xe
 1111 002e 3A       		.uleb128 0x3a
 1112 002f 0B       		.uleb128 0xb
 1113 0030 3B       		.uleb128 0x3b
 1114 0031 0B       		.uleb128 0xb
 1115 0032 49       		.uleb128 0x49
 1116 0033 13       		.uleb128 0x13
 1117 0034 00       		.byte	0
 1118 0035 00       		.byte	0
 1119 0036 05       		.uleb128 0x5
 1120 0037 35       		.uleb128 0x35
 1121 0038 00       		.byte	0
 1122 0039 49       		.uleb128 0x49
 1123 003a 13       		.uleb128 0x13
 1124 003b 00       		.byte	0
 1125 003c 00       		.byte	0
 1126 003d 06       		.uleb128 0x6
 1127 003e 13       		.uleb128 0x13
 1128 003f 01       		.byte	0x1
 1129 0040 03       		.uleb128 0x3
 1130 0041 0E       		.uleb128 0xe
 1131 0042 0B       		.uleb128 0xb
 1132 0043 0B       		.uleb128 0xb
 1133 0044 3A       		.uleb128 0x3a
 1134 0045 0B       		.uleb128 0xb
 1135 0046 3B       		.uleb128 0x3b
 1136 0047 0B       		.uleb128 0xb
 1137 0048 01       		.uleb128 0x1
 1138 0049 13       		.uleb128 0x13
 1139 004a 00       		.byte	0
 1140 004b 00       		.byte	0
ARM GAS  C:\Users\jo\AppData\Local\Temp\ccjasn7b.s 			page 21


 1141 004c 07       		.uleb128 0x7
 1142 004d 0D       		.uleb128 0xd
 1143 004e 00       		.byte	0
 1144 004f 03       		.uleb128 0x3
 1145 0050 0E       		.uleb128 0xe
 1146 0051 3A       		.uleb128 0x3a
 1147 0052 0B       		.uleb128 0xb
 1148 0053 3B       		.uleb128 0x3b
 1149 0054 0B       		.uleb128 0xb
 1150 0055 49       		.uleb128 0x49
 1151 0056 13       		.uleb128 0x13
 1152 0057 38       		.uleb128 0x38
 1153 0058 0B       		.uleb128 0xb
 1154 0059 00       		.byte	0
 1155 005a 00       		.byte	0
 1156 005b 08       		.uleb128 0x8
 1157 005c 0D       		.uleb128 0xd
 1158 005d 00       		.byte	0
 1159 005e 03       		.uleb128 0x3
 1160 005f 08       		.uleb128 0x8
 1161 0060 3A       		.uleb128 0x3a
 1162 0061 0B       		.uleb128 0xb
 1163 0062 3B       		.uleb128 0x3b
 1164 0063 05       		.uleb128 0x5
 1165 0064 49       		.uleb128 0x49
 1166 0065 13       		.uleb128 0x13
 1167 0066 38       		.uleb128 0x38
 1168 0067 0B       		.uleb128 0xb
 1169 0068 00       		.byte	0
 1170 0069 00       		.byte	0
 1171 006a 09       		.uleb128 0x9
 1172 006b 0D       		.uleb128 0xd
 1173 006c 00       		.byte	0
 1174 006d 03       		.uleb128 0x3
 1175 006e 0E       		.uleb128 0xe
 1176 006f 3A       		.uleb128 0x3a
 1177 0070 0B       		.uleb128 0xb
 1178 0071 3B       		.uleb128 0x3b
 1179 0072 05       		.uleb128 0x5
 1180 0073 49       		.uleb128 0x49
 1181 0074 13       		.uleb128 0x13
 1182 0075 38       		.uleb128 0x38
 1183 0076 0B       		.uleb128 0xb
 1184 0077 00       		.byte	0
 1185 0078 00       		.byte	0
 1186 0079 0A       		.uleb128 0xa
 1187 007a 13       		.uleb128 0x13
 1188 007b 01       		.byte	0x1
 1189 007c 03       		.uleb128 0x3
 1190 007d 0E       		.uleb128 0xe
 1191 007e 0B       		.uleb128 0xb
 1192 007f 0B       		.uleb128 0xb
 1193 0080 3A       		.uleb128 0x3a
 1194 0081 0B       		.uleb128 0xb
 1195 0082 3B       		.uleb128 0x3b
 1196 0083 05       		.uleb128 0x5
 1197 0084 01       		.uleb128 0x1
ARM GAS  C:\Users\jo\AppData\Local\Temp\ccjasn7b.s 			page 22


 1198 0085 13       		.uleb128 0x13
 1199 0086 00       		.byte	0
 1200 0087 00       		.byte	0
 1201 0088 0B       		.uleb128 0xb
 1202 0089 0F       		.uleb128 0xf
 1203 008a 00       		.byte	0
 1204 008b 0B       		.uleb128 0xb
 1205 008c 0B       		.uleb128 0xb
 1206 008d 49       		.uleb128 0x49
 1207 008e 13       		.uleb128 0x13
 1208 008f 00       		.byte	0
 1209 0090 00       		.byte	0
 1210 0091 0C       		.uleb128 0xc
 1211 0092 15       		.uleb128 0x15
 1212 0093 01       		.byte	0x1
 1213 0094 27       		.uleb128 0x27
 1214 0095 19       		.uleb128 0x19
 1215 0096 01       		.uleb128 0x1
 1216 0097 13       		.uleb128 0x13
 1217 0098 00       		.byte	0
 1218 0099 00       		.byte	0
 1219 009a 0D       		.uleb128 0xd
 1220 009b 05       		.uleb128 0x5
 1221 009c 00       		.byte	0
 1222 009d 49       		.uleb128 0x49
 1223 009e 13       		.uleb128 0x13
 1224 009f 00       		.byte	0
 1225 00a0 00       		.byte	0
 1226 00a1 0E       		.uleb128 0xe
 1227 00a2 0F       		.uleb128 0xf
 1228 00a3 00       		.byte	0
 1229 00a4 0B       		.uleb128 0xb
 1230 00a5 0B       		.uleb128 0xb
 1231 00a6 00       		.byte	0
 1232 00a7 00       		.byte	0
 1233 00a8 0F       		.uleb128 0xf
 1234 00a9 13       		.uleb128 0x13
 1235 00aa 01       		.byte	0x1
 1236 00ab 03       		.uleb128 0x3
 1237 00ac 0E       		.uleb128 0xe
 1238 00ad 0B       		.uleb128 0xb
 1239 00ae 05       		.uleb128 0x5
 1240 00af 3A       		.uleb128 0x3a
 1241 00b0 0B       		.uleb128 0xb
 1242 00b1 3B       		.uleb128 0x3b
 1243 00b2 05       		.uleb128 0x5
 1244 00b3 01       		.uleb128 0x1
 1245 00b4 13       		.uleb128 0x13
 1246 00b5 00       		.byte	0
 1247 00b6 00       		.byte	0
 1248 00b7 10       		.uleb128 0x10
 1249 00b8 0D       		.uleb128 0xd
 1250 00b9 00       		.byte	0
 1251 00ba 03       		.uleb128 0x3
 1252 00bb 0E       		.uleb128 0xe
 1253 00bc 3A       		.uleb128 0x3a
 1254 00bd 0B       		.uleb128 0xb
ARM GAS  C:\Users\jo\AppData\Local\Temp\ccjasn7b.s 			page 23


 1255 00be 3B       		.uleb128 0x3b
 1256 00bf 05       		.uleb128 0x5
 1257 00c0 49       		.uleb128 0x49
 1258 00c1 13       		.uleb128 0x13
 1259 00c2 38       		.uleb128 0x38
 1260 00c3 05       		.uleb128 0x5
 1261 00c4 00       		.byte	0
 1262 00c5 00       		.byte	0
 1263 00c6 11       		.uleb128 0x11
 1264 00c7 0D       		.uleb128 0xd
 1265 00c8 00       		.byte	0
 1266 00c9 03       		.uleb128 0x3
 1267 00ca 08       		.uleb128 0x8
 1268 00cb 3A       		.uleb128 0x3a
 1269 00cc 0B       		.uleb128 0xb
 1270 00cd 3B       		.uleb128 0x3b
 1271 00ce 05       		.uleb128 0x5
 1272 00cf 49       		.uleb128 0x49
 1273 00d0 13       		.uleb128 0x13
 1274 00d1 38       		.uleb128 0x38
 1275 00d2 05       		.uleb128 0x5
 1276 00d3 00       		.byte	0
 1277 00d4 00       		.byte	0
 1278 00d5 12       		.uleb128 0x12
 1279 00d6 0D       		.uleb128 0xd
 1280 00d7 00       		.byte	0
 1281 00d8 03       		.uleb128 0x3
 1282 00d9 08       		.uleb128 0x8
 1283 00da 3A       		.uleb128 0x3a
 1284 00db 0B       		.uleb128 0xb
 1285 00dc 3B       		.uleb128 0x3b
 1286 00dd 0B       		.uleb128 0xb
 1287 00de 49       		.uleb128 0x49
 1288 00df 13       		.uleb128 0x13
 1289 00e0 38       		.uleb128 0x38
 1290 00e1 0B       		.uleb128 0xb
 1291 00e2 00       		.byte	0
 1292 00e3 00       		.byte	0
 1293 00e4 13       		.uleb128 0x13
 1294 00e5 26       		.uleb128 0x26
 1295 00e6 00       		.byte	0
 1296 00e7 49       		.uleb128 0x49
 1297 00e8 13       		.uleb128 0x13
 1298 00e9 00       		.byte	0
 1299 00ea 00       		.byte	0
 1300 00eb 14       		.uleb128 0x14
 1301 00ec 13       		.uleb128 0x13
 1302 00ed 01       		.byte	0x1
 1303 00ee 0B       		.uleb128 0xb
 1304 00ef 0B       		.uleb128 0xb
 1305 00f0 3A       		.uleb128 0x3a
 1306 00f1 0B       		.uleb128 0xb
 1307 00f2 3B       		.uleb128 0x3b
 1308 00f3 0B       		.uleb128 0xb
 1309 00f4 01       		.uleb128 0x1
 1310 00f5 13       		.uleb128 0x13
 1311 00f6 00       		.byte	0
ARM GAS  C:\Users\jo\AppData\Local\Temp\ccjasn7b.s 			page 24


 1312 00f7 00       		.byte	0
 1313 00f8 15       		.uleb128 0x15
 1314 00f9 13       		.uleb128 0x13
 1315 00fa 01       		.byte	0x1
 1316 00fb 0B       		.uleb128 0xb
 1317 00fc 05       		.uleb128 0x5
 1318 00fd 3A       		.uleb128 0x3a
 1319 00fe 0B       		.uleb128 0xb
 1320 00ff 3B       		.uleb128 0x3b
 1321 0100 0B       		.uleb128 0xb
 1322 0101 01       		.uleb128 0x1
 1323 0102 13       		.uleb128 0x13
 1324 0103 00       		.byte	0
 1325 0104 00       		.byte	0
 1326 0105 16       		.uleb128 0x16
 1327 0106 01       		.uleb128 0x1
 1328 0107 01       		.byte	0x1
 1329 0108 49       		.uleb128 0x49
 1330 0109 13       		.uleb128 0x13
 1331 010a 01       		.uleb128 0x1
 1332 010b 13       		.uleb128 0x13
 1333 010c 00       		.byte	0
 1334 010d 00       		.byte	0
 1335 010e 17       		.uleb128 0x17
 1336 010f 21       		.uleb128 0x21
 1337 0110 00       		.byte	0
 1338 0111 49       		.uleb128 0x49
 1339 0112 13       		.uleb128 0x13
 1340 0113 2F       		.uleb128 0x2f
 1341 0114 0B       		.uleb128 0xb
 1342 0115 00       		.byte	0
 1343 0116 00       		.byte	0
 1344 0117 18       		.uleb128 0x18
 1345 0118 17       		.uleb128 0x17
 1346 0119 01       		.byte	0x1
 1347 011a 0B       		.uleb128 0xb
 1348 011b 0B       		.uleb128 0xb
 1349 011c 3A       		.uleb128 0x3a
 1350 011d 0B       		.uleb128 0xb
 1351 011e 3B       		.uleb128 0x3b
 1352 011f 0B       		.uleb128 0xb
 1353 0120 01       		.uleb128 0x1
 1354 0121 13       		.uleb128 0x13
 1355 0122 00       		.byte	0
 1356 0123 00       		.byte	0
 1357 0124 19       		.uleb128 0x19
 1358 0125 0D       		.uleb128 0xd
 1359 0126 00       		.byte	0
 1360 0127 03       		.uleb128 0x3
 1361 0128 0E       		.uleb128 0xe
 1362 0129 3A       		.uleb128 0x3a
 1363 012a 0B       		.uleb128 0xb
 1364 012b 3B       		.uleb128 0x3b
 1365 012c 0B       		.uleb128 0xb
 1366 012d 49       		.uleb128 0x49
 1367 012e 13       		.uleb128 0x13
 1368 012f 00       		.byte	0
ARM GAS  C:\Users\jo\AppData\Local\Temp\ccjasn7b.s 			page 25


 1369 0130 00       		.byte	0
 1370 0131 1A       		.uleb128 0x1a
 1371 0132 0D       		.uleb128 0xd
 1372 0133 00       		.byte	0
 1373 0134 03       		.uleb128 0x3
 1374 0135 0E       		.uleb128 0xe
 1375 0136 3A       		.uleb128 0x3a
 1376 0137 0B       		.uleb128 0xb
 1377 0138 3B       		.uleb128 0x3b
 1378 0139 05       		.uleb128 0x5
 1379 013a 49       		.uleb128 0x49
 1380 013b 13       		.uleb128 0x13
 1381 013c 00       		.byte	0
 1382 013d 00       		.byte	0
 1383 013e 1B       		.uleb128 0x1b
 1384 013f 2E       		.uleb128 0x2e
 1385 0140 01       		.byte	0x1
 1386 0141 3F       		.uleb128 0x3f
 1387 0142 19       		.uleb128 0x19
 1388 0143 03       		.uleb128 0x3
 1389 0144 0E       		.uleb128 0xe
 1390 0145 3A       		.uleb128 0x3a
 1391 0146 0B       		.uleb128 0xb
 1392 0147 3B       		.uleb128 0x3b
 1393 0148 05       		.uleb128 0x5
 1394 0149 27       		.uleb128 0x27
 1395 014a 19       		.uleb128 0x19
 1396 014b 11       		.uleb128 0x11
 1397 014c 01       		.uleb128 0x1
 1398 014d 12       		.uleb128 0x12
 1399 014e 06       		.uleb128 0x6
 1400 014f 40       		.uleb128 0x40
 1401 0150 18       		.uleb128 0x18
 1402 0151 9742     		.uleb128 0x2117
 1403 0153 19       		.uleb128 0x19
 1404 0154 01       		.uleb128 0x1
 1405 0155 13       		.uleb128 0x13
 1406 0156 00       		.byte	0
 1407 0157 00       		.byte	0
 1408 0158 1C       		.uleb128 0x1c
 1409 0159 898201   		.uleb128 0x4109
 1410 015c 00       		.byte	0
 1411 015d 11       		.uleb128 0x11
 1412 015e 01       		.uleb128 0x1
 1413 015f 31       		.uleb128 0x31
 1414 0160 13       		.uleb128 0x13
 1415 0161 00       		.byte	0
 1416 0162 00       		.byte	0
 1417 0163 1D       		.uleb128 0x1d
 1418 0164 898201   		.uleb128 0x4109
 1419 0167 00       		.byte	0
 1420 0168 11       		.uleb128 0x11
 1421 0169 01       		.uleb128 0x1
 1422 016a 9542     		.uleb128 0x2115
 1423 016c 19       		.uleb128 0x19
 1424 016d 31       		.uleb128 0x31
 1425 016e 13       		.uleb128 0x13
ARM GAS  C:\Users\jo\AppData\Local\Temp\ccjasn7b.s 			page 26


 1426 016f 00       		.byte	0
 1427 0170 00       		.byte	0
 1428 0171 1E       		.uleb128 0x1e
 1429 0172 34       		.uleb128 0x34
 1430 0173 00       		.byte	0
 1431 0174 03       		.uleb128 0x3
 1432 0175 0E       		.uleb128 0xe
 1433 0176 3A       		.uleb128 0x3a
 1434 0177 0B       		.uleb128 0xb
 1435 0178 3B       		.uleb128 0x3b
 1436 0179 05       		.uleb128 0x5
 1437 017a 49       		.uleb128 0x49
 1438 017b 13       		.uleb128 0x13
 1439 017c 3F       		.uleb128 0x3f
 1440 017d 19       		.uleb128 0x19
 1441 017e 3C       		.uleb128 0x3c
 1442 017f 19       		.uleb128 0x19
 1443 0180 00       		.byte	0
 1444 0181 00       		.byte	0
 1445 0182 1F       		.uleb128 0x1f
 1446 0183 34       		.uleb128 0x34
 1447 0184 00       		.byte	0
 1448 0185 03       		.uleb128 0x3
 1449 0186 08       		.uleb128 0x8
 1450 0187 3A       		.uleb128 0x3a
 1451 0188 0B       		.uleb128 0xb
 1452 0189 3B       		.uleb128 0x3b
 1453 018a 05       		.uleb128 0x5
 1454 018b 49       		.uleb128 0x49
 1455 018c 13       		.uleb128 0x13
 1456 018d 3F       		.uleb128 0x3f
 1457 018e 19       		.uleb128 0x19
 1458 018f 3C       		.uleb128 0x3c
 1459 0190 19       		.uleb128 0x19
 1460 0191 00       		.byte	0
 1461 0192 00       		.byte	0
 1462 0193 20       		.uleb128 0x20
 1463 0194 2E       		.uleb128 0x2e
 1464 0195 00       		.byte	0
 1465 0196 3F       		.uleb128 0x3f
 1466 0197 19       		.uleb128 0x19
 1467 0198 03       		.uleb128 0x3
 1468 0199 0E       		.uleb128 0xe
 1469 019a 3A       		.uleb128 0x3a
 1470 019b 0B       		.uleb128 0xb
 1471 019c 3B       		.uleb128 0x3b
 1472 019d 0B       		.uleb128 0xb
 1473 019e 27       		.uleb128 0x27
 1474 019f 19       		.uleb128 0x19
 1475 01a0 3C       		.uleb128 0x3c
 1476 01a1 19       		.uleb128 0x19
 1477 01a2 00       		.byte	0
 1478 01a3 00       		.byte	0
 1479 01a4 21       		.uleb128 0x21
 1480 01a5 2E       		.uleb128 0x2e
 1481 01a6 00       		.byte	0
 1482 01a7 3F       		.uleb128 0x3f
ARM GAS  C:\Users\jo\AppData\Local\Temp\ccjasn7b.s 			page 27


 1483 01a8 19       		.uleb128 0x19
 1484 01a9 03       		.uleb128 0x3
 1485 01aa 0E       		.uleb128 0xe
 1486 01ab 3A       		.uleb128 0x3a
 1487 01ac 0B       		.uleb128 0xb
 1488 01ad 3B       		.uleb128 0x3b
 1489 01ae 05       		.uleb128 0x5
 1490 01af 27       		.uleb128 0x27
 1491 01b0 19       		.uleb128 0x19
 1492 01b1 3C       		.uleb128 0x3c
 1493 01b2 19       		.uleb128 0x19
 1494 01b3 00       		.byte	0
 1495 01b4 00       		.byte	0
 1496 01b5 00       		.byte	0
 1497              		.section	.debug_aranges,"",%progbits
 1498 0000 1C000000 		.4byte	0x1c
 1499 0004 0200     		.2byte	0x2
 1500 0006 00000000 		.4byte	.Ldebug_info0
 1501 000a 04       		.byte	0x4
 1502 000b 00       		.byte	0
 1503 000c 0000     		.2byte	0
 1504 000e 0000     		.2byte	0
 1505 0010 00000000 		.4byte	.LFB256
 1506 0014 22000000 		.4byte	.LFE256-.LFB256
 1507 0018 00000000 		.4byte	0
 1508 001c 00000000 		.4byte	0
 1509              		.section	.debug_ranges,"",%progbits
 1510              	.Ldebug_ranges0:
 1511 0000 00000000 		.4byte	.LFB256
 1512 0004 22000000 		.4byte	.LFE256
 1513 0008 00000000 		.4byte	0
 1514 000c 00000000 		.4byte	0
 1515              		.section	.debug_line,"",%progbits
 1516              	.Ldebug_line0:
 1517 0000 95020000 		.section	.debug_str,"MS",%progbits,1
 1517      02007302 
 1517      00000201 
 1517      FB0E0D00 
 1517      01010101 
 1518              	.LASF18:
 1519 0000 72747469 		.ascii	"rttime_t\000"
 1519      6D655F74 
 1519      00
 1520              	.LASF53:
 1521 0009 72656164 		.ascii	"ready_list_t\000"
 1521      795F6C69 
 1521      73745F74 
 1521      00
 1522              	.LASF112:
 1523 0016 7264796D 		.ascii	"rdymsg\000"
 1523      736700
 1524              	.LASF16:
 1525 001d 75696E74 		.ascii	"uint64_t\000"
 1525      36345F74 
 1525      00
 1526              	.LASF83:
 1527 0026 6B65726E 		.ascii	"kernel_stats\000"
ARM GAS  C:\Users\jo\AppData\Local\Temp\ccjasn7b.s 			page 28


 1527      656C5F73 
 1527      74617473 
 1527      00
 1528              	.LASF5:
 1529 0033 5F5F7569 		.ascii	"__uint8_t\000"
 1529      6E74385F 
 1529      7400
 1530              	.LASF89:
 1531 003d 706F7274 		.ascii	"port_intctx\000"
 1531      5F696E74 
 1531      63747800 
 1532              	.LASF81:
 1533 0049 76746C69 		.ascii	"vtlist\000"
 1533      737400
 1534              	.LASF103:
 1535 0050 776F7273 		.ascii	"worst\000"
 1535      7400
 1536              	.LASF106:
 1537 0056 74696D65 		.ascii	"time_measurement_t\000"
 1537      5F6D6561 
 1537      73757265 
 1537      6D656E74 
 1537      5F7400
 1538              	.LASF12:
 1539 0069 6C6F6E67 		.ascii	"long long unsigned int\000"
 1539      206C6F6E 
 1539      6720756E 
 1539      7369676E 
 1539      65642069 
 1540              	.LASF94:
 1541 0080 73655F73 		.ascii	"se_state\000"
 1541      74617465 
 1541      00
 1542              	.LASF113:
 1543 0089 65786974 		.ascii	"exitcode\000"
 1543      636F6465 
 1543      00
 1544              	.LASF82:
 1545 0092 6D61696E 		.ascii	"mainthread\000"
 1545      74687265 
 1545      616400
 1546              	.LASF129:
 1547 009d 7379735F 		.ascii	"sys_timeouts_init\000"
 1547      74696D65 
 1547      6F757473 
 1547      5F696E69 
 1547      7400
 1548              	.LASF122:
 1549 00af 49544D5F 		.ascii	"ITM_RxBuffer\000"
 1549      52784275 
 1549      66666572 
 1549      00
 1550              	.LASF124:
 1551 00bc 7379735F 		.ascii	"sys_init\000"
 1551      696E6974 
 1551      00
 1552              	.LASF52:
ARM GAS  C:\Users\jo\AppData\Local\Temp\ccjasn7b.s 			page 29


 1553 00c5 63685F74 		.ascii	"ch_threads_queue\000"
 1553      68726561 
 1553      64735F71 
 1553      75657565 
 1553      00
 1554              	.LASF31:
 1555 00d6 705F7072 		.ascii	"p_prio\000"
 1555      696F00
 1556              	.LASF132:
 1557 00dd 433A5C55 		.ascii	"C:\\Users\\jo\\Documents\\GitHub\\ChibiOS\\demos\\S"
 1557      73657273 
 1557      5C6A6F5C 
 1557      446F6375 
 1557      6D656E74 
 1558 0109 544D3332 		.ascii	"TM32\\RT-STM32F407-DISCOVERY-uHttp\000"
 1558      5C52542D 
 1558      53544D33 
 1558      32463430 
 1558      372D4449 
 1559              	.LASF10:
 1560 012b 6C6F6E67 		.ascii	"long long int\000"
 1560      206C6F6E 
 1560      6720696E 
 1560      7400
 1561              	.LASF1:
 1562 0139 7369676E 		.ascii	"signed char\000"
 1562      65642063 
 1562      68617200 
 1563              	.LASF46:
 1564 0145 705F6D70 		.ascii	"p_mpool\000"
 1564      6F6F6C00 
 1565              	.LASF117:
 1566 014d 6D5F7175 		.ascii	"m_queue\000"
 1566      65756500 
 1567              	.LASF79:
 1568 0155 63685F73 		.ascii	"ch_system\000"
 1568      79737465 
 1568      6D00
 1569              	.LASF7:
 1570 015f 6C6F6E67 		.ascii	"long int\000"
 1570      20696E74 
 1570      00
 1571              	.LASF20:
 1572 0168 74737461 		.ascii	"tstate_t\000"
 1572      74655F74 
 1572      00
 1573              	.LASF47:
 1574 0171 705F7374 		.ascii	"p_stats\000"
 1574      61747300 
 1575              	.LASF92:
 1576 0179 73655F74 		.ascii	"se_tp\000"
 1576      7000
 1577              	.LASF131:
 1578 017f 2E2E2F2E 		.ascii	"../../../os/ext/lwip-1.4.1/src/core/init.c\000"
 1578      2E2F2E2E 
 1578      2F6F732F 
 1578      6578742F 
ARM GAS  C:\Users\jo\AppData\Local\Temp\ccjasn7b.s 			page 30


 1578      6C776970 
 1579              	.LASF33:
 1580 01aa 705F6E65 		.ascii	"p_newer\000"
 1580      77657200 
 1581              	.LASF96:
 1582 01b2 74625F73 		.ascii	"tb_size\000"
 1582      697A6500 
 1583              	.LASF58:
 1584 01ba 725F6E65 		.ascii	"r_newer\000"
 1584      77657200 
 1585              	.LASF86:
 1586 01c2 72656761 		.ascii	"regarm_t\000"
 1586      726D5F74 
 1586      00
 1587              	.LASF65:
 1588 01cb 76745F70 		.ascii	"vt_prev\000"
 1588      72657600 
 1589              	.LASF73:
 1590 01d3 63685F73 		.ascii	"ch_system_debug\000"
 1590      79737465 
 1590      6D5F6465 
 1590      62756700 
 1591              	.LASF120:
 1592 01e3 6D757465 		.ascii	"mutex_t\000"
 1592      785F7400 
 1593              	.LASF76:
 1594 01eb 6C6F636B 		.ascii	"lock_cnt\000"
 1594      5F636E74 
 1594      00
 1595              	.LASF91:
 1596 01f4 73655F74 		.ascii	"se_time\000"
 1596      696D6500 
 1597              	.LASF25:
 1598 01fc 636E745F 		.ascii	"cnt_t\000"
 1598      7400
 1599              	.LASF36:
 1600 0202 705F7374 		.ascii	"p_stklimit\000"
 1600      6B6C696D 
 1600      697400
 1601              	.LASF0:
 1602 020d 756E7369 		.ascii	"unsigned int\000"
 1602      676E6564 
 1602      20696E74 
 1602      00
 1603              	.LASF72:
 1604 021a 73797374 		.ascii	"system_debug_t\000"
 1604      656D5F64 
 1604      65627567 
 1604      5F7400
 1605              	.LASF64:
 1606 0229 76745F6E 		.ascii	"vt_next\000"
 1606      65787400 
 1607              	.LASF107:
 1608 0231 6E5F6972 		.ascii	"n_irq\000"
 1608      7100
 1609              	.LASF4:
 1610 0237 73686F72 		.ascii	"short unsigned int\000"
ARM GAS  C:\Users\jo\AppData\Local\Temp\ccjasn7b.s 			page 31


 1610      7420756E 
 1610      7369676E 
 1610      65642069 
 1610      6E7400
 1611              	.LASF111:
 1612 024a 6B65726E 		.ascii	"kernel_stats_t\000"
 1612      656C5F73 
 1612      74617473 
 1612      5F7400
 1613              	.LASF49:
 1614 0259 63685F74 		.ascii	"ch_thread\000"
 1614      68726561 
 1614      6400
 1615              	.LASF126:
 1616 0263 6C776970 		.ascii	"lwip_socket_init\000"
 1616      5F736F63 
 1616      6B65745F 
 1616      696E6974 
 1616      00
 1617              	.LASF23:
 1618 0274 6D73675F 		.ascii	"msg_t\000"
 1618      7400
 1619              	.LASF104:
 1620 027a 6C617374 		.ascii	"last\000"
 1620      00
 1621              	.LASF26:
 1622 027f 75636E74 		.ascii	"ucnt_t\000"
 1622      5F7400
 1623              	.LASF78:
 1624 0286 63685F73 		.ascii	"ch_system_t\000"
 1624      79737465 
 1624      6D5F7400 
 1625              	.LASF19:
 1626 0292 746D6F64 		.ascii	"tmode_t\000"
 1626      655F7400 
 1627              	.LASF110:
 1628 029a 6D5F6372 		.ascii	"m_crit_isr\000"
 1628      69745F69 
 1628      737200
 1629              	.LASF54:
 1630 02a5 63685F72 		.ascii	"ch_ready_list\000"
 1630      65616479 
 1630      5F6C6973 
 1630      7400
 1631              	.LASF24:
 1632 02b3 6576656E 		.ascii	"eventmask_t\000"
 1632      746D6173 
 1632      6B5F7400 
 1633              	.LASF6:
 1634 02bf 5F5F696E 		.ascii	"__int32_t\000"
 1634      7433325F 
 1634      7400
 1635              	.LASF69:
 1636 02c9 76697274 		.ascii	"virtual_timers_list_t\000"
 1636      75616C5F 
 1636      74696D65 
 1636      72735F6C 
ARM GAS  C:\Users\jo\AppData\Local\Temp\ccjasn7b.s 			page 32


 1636      6973745F 
 1637              	.LASF130:
 1638 02df 474E5520 		.ascii	"GNU C 4.9.3 20141119 (release) [ARM/embedded-4_9-br"
 1638      4320342E 
 1638      392E3320 
 1638      32303134 
 1638      31313139 
 1639 0312 616E6368 		.ascii	"anch revision 218278] -mcpu=cortex-m4 -mno-thumb-in"
 1639      20726576 
 1639      6973696F 
 1639      6E203231 
 1639      38323738 
 1640 0345 74657277 		.ascii	"terwork -mthumb -ggdb -O2 -fomit-frame-pointer -fal"
 1640      6F726B20 
 1640      2D6D7468 
 1640      756D6220 
 1640      2D676764 
 1641 0378 69676E2D 		.ascii	"ign-functions=16 -ffunction-sections -fdata-section"
 1641      66756E63 
 1641      74696F6E 
 1641      733D3136 
 1641      202D6666 
 1642 03ab 73202D66 		.ascii	"s -fno-common\000"
 1642      6E6F2D63 
 1642      6F6D6D6F 
 1642      6E00
 1643              	.LASF87:
 1644 03b9 73746B61 		.ascii	"stkalign_t\000"
 1644      6C69676E 
 1644      5F7400
 1645              	.LASF97:
 1646 03c4 74625F70 		.ascii	"tb_ptr\000"
 1646      747200
 1647              	.LASF17:
 1648 03cb 7274636E 		.ascii	"rtcnt_t\000"
 1648      745F7400 
 1649              	.LASF70:
 1650 03d3 63685F76 		.ascii	"ch_virtual_timers_list\000"
 1650      69727475 
 1650      616C5F74 
 1650      696D6572 
 1650      735F6C69 
 1651              	.LASF67:
 1652 03ea 76745F66 		.ascii	"vt_func\000"
 1652      756E6300 
 1653              	.LASF128:
 1654 03f2 7463705F 		.ascii	"tcp_init\000"
 1654      696E6974 
 1654      00
 1655              	.LASF95:
 1656 03fb 63685F73 		.ascii	"ch_swc_event_t\000"
 1656      77635F65 
 1656      76656E74 
 1656      5F7400
 1657              	.LASF71:
 1658 040a 76745F6C 		.ascii	"vt_lasttime\000"
 1658      61737474 
ARM GAS  C:\Users\jo\AppData\Local\Temp\ccjasn7b.s 			page 33


 1658      696D6500 
 1659              	.LASF123:
 1660 0416 73746174 		.ascii	"stats_init\000"
 1660      735F696E 
 1660      697400
 1661              	.LASF34:
 1662 0421 705F6F6C 		.ascii	"p_older\000"
 1662      64657200 
 1663              	.LASF57:
 1664 0429 725F6374 		.ascii	"r_ctx\000"
 1664      7800
 1665              	.LASF101:
 1666 042f 746D5F63 		.ascii	"tm_calibration_t\000"
 1666      616C6962 
 1666      72617469 
 1666      6F6E5F74 
 1666      00
 1667              	.LASF60:
 1668 0440 725F6375 		.ascii	"r_current\000"
 1668      7272656E 
 1668      7400
 1669              	.LASF59:
 1670 044a 725F6F6C 		.ascii	"r_older\000"
 1670      64657200 
 1671              	.LASF11:
 1672 0452 5F5F7569 		.ascii	"__uint64_t\000"
 1672      6E743634 
 1672      5F7400
 1673              	.LASF105:
 1674 045d 63756D75 		.ascii	"cumulative\000"
 1674      6C617469 
 1674      766500
 1675              	.LASF21:
 1676 0468 74726566 		.ascii	"trefs_t\000"
 1676      735F7400 
 1677              	.LASF98:
 1678 0470 74625F62 		.ascii	"tb_buffer\000"
 1678      75666665 
 1678      7200
 1679              	.LASF62:
 1680 047a 76697274 		.ascii	"virtual_timer_t\000"
 1680      75616C5F 
 1680      74696D65 
 1680      725F7400 
 1681              	.LASF30:
 1682 048a 705F7072 		.ascii	"p_prev\000"
 1682      657600
 1683              	.LASF22:
 1684 0491 74707269 		.ascii	"tprio_t\000"
 1684      6F5F7400 
 1685              	.LASF116:
 1686 0499 6D757465 		.ascii	"mutex\000"
 1686      7800
 1687              	.LASF108:
 1688 049f 6E5F6374 		.ascii	"n_ctxswc\000"
 1688      78737763 
 1688      00
ARM GAS  C:\Users\jo\AppData\Local\Temp\ccjasn7b.s 			page 34


 1689              	.LASF121:
 1690 04a8 5F426F6F 		.ascii	"_Bool\000"
 1690      6C00
 1691              	.LASF14:
 1692 04ae 696E7433 		.ascii	"int32_t\000"
 1692      325F7400 
 1693              	.LASF99:
 1694 04b6 63685F74 		.ascii	"ch_trace_buffer_t\000"
 1694      72616365 
 1694      5F627566 
 1694      6665725F 
 1694      7400
 1695              	.LASF44:
 1696 04c8 705F6D74 		.ascii	"p_mtxlist\000"
 1696      786C6973 
 1696      7400
 1697              	.LASF3:
 1698 04d2 73686F72 		.ascii	"short int\000"
 1698      7420696E 
 1698      7400
 1699              	.LASF37:
 1700 04dc 705F7374 		.ascii	"p_state\000"
 1700      61746500 
 1701              	.LASF56:
 1702 04e4 725F7072 		.ascii	"r_prio\000"
 1702      696F00
 1703              	.LASF125:
 1704 04eb 6E657469 		.ascii	"netif_init\000"
 1704      665F696E 
 1704      697400
 1705              	.LASF115:
 1706 04f6 65776D61 		.ascii	"ewmask\000"
 1706      736B00
 1707              	.LASF29:
 1708 04fd 705F6E65 		.ascii	"p_next\000"
 1708      787400
 1709              	.LASF84:
 1710 0504 69646C65 		.ascii	"idle_thread_wa\000"
 1710      5F746872 
 1710      6561645F 
 1710      776100
 1711              	.LASF63:
 1712 0513 63685F76 		.ascii	"ch_virtual_timer\000"
 1712      69727475 
 1712      616C5F74 
 1712      696D6572 
 1712      00
 1713              	.LASF43:
 1714 0524 705F6570 		.ascii	"p_epending\000"
 1714      656E6469 
 1714      6E6700
 1715              	.LASF127:
 1716 052f 7564705F 		.ascii	"udp_init\000"
 1716      696E6974 
 1716      00
 1717              	.LASF15:
 1718 0538 75696E74 		.ascii	"uint32_t\000"
ARM GAS  C:\Users\jo\AppData\Local\Temp\ccjasn7b.s 			page 35


 1718      33325F74 
 1718      00
 1719              	.LASF55:
 1720 0541 725F7175 		.ascii	"r_queue\000"
 1720      65756500 
 1721              	.LASF66:
 1722 0549 76745F64 		.ascii	"vt_delta\000"
 1722      656C7461 
 1722      00
 1723              	.LASF50:
 1724 0552 63685F74 		.ascii	"ch_threads_list\000"
 1724      68726561 
 1724      64735F6C 
 1724      69737400 
 1725              	.LASF9:
 1726 0562 6C6F6E67 		.ascii	"long unsigned int\000"
 1726      20756E73 
 1726      69676E65 
 1726      6420696E 
 1726      7400
 1727              	.LASF90:
 1728 0574 63686172 		.ascii	"char\000"
 1728      00
 1729              	.LASF28:
 1730 0579 74687265 		.ascii	"thread_t\000"
 1730      61645F74 
 1730      00
 1731              	.LASF102:
 1732 0582 62657374 		.ascii	"best\000"
 1732      00
 1733              	.LASF119:
 1734 0587 6D5F6E65 		.ascii	"m_next\000"
 1734      787400
 1735              	.LASF27:
 1736 058e 73797374 		.ascii	"systime_t\000"
 1736      696D655F 
 1736      7400
 1737              	.LASF45:
 1738 0598 705F7265 		.ascii	"p_realprio\000"
 1738      616C7072 
 1738      696F00
 1739              	.LASF61:
 1740 05a3 76746675 		.ascii	"vtfunc_t\000"
 1740      6E635F74 
 1740      00
 1741              	.LASF8:
 1742 05ac 5F5F7569 		.ascii	"__uint32_t\000"
 1742      6E743332 
 1742      5F7400
 1743              	.LASF74:
 1744 05b7 70616E69 		.ascii	"panic_msg\000"
 1744      635F6D73 
 1744      6700
 1745              	.LASF100:
 1746 05c1 6F666673 		.ascii	"offset\000"
 1746      657400
 1747              	.LASF88:
ARM GAS  C:\Users\jo\AppData\Local\Temp\ccjasn7b.s 			page 36


 1748 05c8 636F6E74 		.ascii	"context\000"
 1748      65787400 
 1749              	.LASF2:
 1750 05d0 756E7369 		.ascii	"unsigned char\000"
 1750      676E6564 
 1750      20636861 
 1750      7200
 1751              	.LASF42:
 1752 05de 705F6D73 		.ascii	"p_msg\000"
 1752      6700
 1753              	.LASF41:
 1754 05e4 705F6D73 		.ascii	"p_msgqueue\000"
 1754      67717565 
 1754      756500
 1755              	.LASF68:
 1756 05ef 76745F70 		.ascii	"vt_par\000"
 1756      617200
 1757              	.LASF51:
 1758 05f6 74687265 		.ascii	"threads_queue_t\000"
 1758      6164735F 
 1758      71756575 
 1758      655F7400 
 1759              	.LASF39:
 1760 0606 705F7265 		.ascii	"p_refs\000"
 1760      667300
 1761              	.LASF75:
 1762 060d 6973725F 		.ascii	"isr_cnt\000"
 1762      636E7400 
 1763              	.LASF80:
 1764 0615 726C6973 		.ascii	"rlist\000"
 1764      7400
 1765              	.LASF13:
 1766 061b 75696E74 		.ascii	"uint8_t\000"
 1766      385F7400 
 1767              	.LASF85:
 1768 0623 73697A65 		.ascii	"sizetype\000"
 1768      74797065 
 1768      00
 1769              	.LASF114:
 1770 062c 77746F62 		.ascii	"wtobjp\000"
 1770      6A7000
 1771              	.LASF35:
 1772 0633 705F6E61 		.ascii	"p_name\000"
 1772      6D6500
 1773              	.LASF48:
 1774 063a 74687265 		.ascii	"threads_list_t\000"
 1774      6164735F 
 1774      6C697374 
 1774      5F7400
 1775              	.LASF77:
 1776 0649 74726163 		.ascii	"trace_buffer\000"
 1776      655F6275 
 1776      66666572 
 1776      00
 1777              	.LASF38:
 1778 0656 705F666C 		.ascii	"p_flags\000"
 1778      61677300 
ARM GAS  C:\Users\jo\AppData\Local\Temp\ccjasn7b.s 			page 37


 1779              	.LASF133:
 1780 065e 6C776970 		.ascii	"lwip_init\000"
 1780      5F696E69 
 1780      7400
 1781              	.LASF109:
 1782 0668 6D5F6372 		.ascii	"m_crit_thd\000"
 1782      69745F74 
 1782      686400
 1783              	.LASF118:
 1784 0673 6D5F6F77 		.ascii	"m_owner\000"
 1784      6E657200 
 1785              	.LASF93:
 1786 067b 73655F77 		.ascii	"se_wtobjp\000"
 1786      746F626A 
 1786      7000
 1787              	.LASF32:
 1788 0685 705F6374 		.ascii	"p_ctx\000"
 1788      7800
 1789              	.LASF40:
 1790 068b 705F7761 		.ascii	"p_waiting\000"
 1790      6974696E 
 1790      6700
 1791              		.ident	"GCC: (GNU Tools for ARM Embedded Processors) 4.9.3 20141119 (release) [ARM/embedded-4_9-br
ARM GAS  C:\Users\jo\AppData\Local\Temp\ccjasn7b.s 			page 38


DEFINED SYMBOLS
                            *ABS*:00000000 init.c
C:\Users\jo\AppData\Local\Temp\ccjasn7b.s:19     .text.lwip_init:00000000 $t
C:\Users\jo\AppData\Local\Temp\ccjasn7b.s:25     .text.lwip_init:00000000 lwip_init
                     .debug_frame:00000010 $d

UNDEFINED SYMBOLS
stats_init
sys_init
netif_init
lwip_socket_init
udp_init
tcp_init
sys_timeouts_init
