ARM GAS  C:\Users\jo\AppData\Local\Temp\cclbdXOM.s 			page 1


   1              		.syntax unified
   2              		.cpu cortex-m4
   3              		.fpu softvfp
   4              		.eabi_attribute 20, 1
   5              		.eabi_attribute 21, 1
   6              		.eabi_attribute 23, 3
   7              		.eabi_attribute 24, 1
   8              		.eabi_attribute 25, 1
   9              		.eabi_attribute 26, 1
  10              		.eabi_attribute 30, 2
  11              		.eabi_attribute 34, 1
  12              		.eabi_attribute 18, 4
  13              		.thumb
  14              		.file	"memory_buffer_alloc.c"
  15              		.text
  16              	.Ltext0:
  17              		.cfi_sections	.debug_frame
  18              	.Letext0:
  19              		.section	.debug_line,"",%progbits
  20              	.Ldebug_line0:
  21              		.section	.debug_str,"MS",%progbits,1
  22              	.LASF0:
  23 0000 2E2E2F2E 		.ascii	"../../../os/ext/PolarSSL/library/memory_buffer_allo"
  23      2E2F2E2E 
  23      2F6F732F 
  23      6578742F 
  23      506F6C61 
  24 0033 632E6300 		.ascii	"c.c\000"
  25              	.LASF1:
  26 0037 474E5520 		.ascii	"GNU C 4.9.3 20141119 (release) [ARM/embedded-4_9-br"
  26      4320342E 
  26      392E3320 
  26      32303134 
  26      31313139 
  27 006a 616E6368 		.ascii	"anch revision 218278] -mcpu=cortex-m4 -mno-thumb-in"
  27      20726576 
  27      6973696F 
  27      6E203231 
  27      38323738 
  28 009d 74657277 		.ascii	"terwork -mthumb -ggdb -O2 -fomit-frame-pointer -fal"
  28      6F726B20 
  28      2D6D7468 
  28      756D6220 
  28      2D676764 
  29 00d0 69676E2D 		.ascii	"ign-functions=16 -ffunction-sections -fdata-section"
  29      66756E63 
  29      74696F6E 
  29      733D3136 
  29      202D6666 
  30 0103 73202D66 		.ascii	"s -fno-common\000"
  30      6E6F2D63 
  30      6F6D6D6F 
  30      6E00
  31              	.LASF2:
  32 0111 433A5C55 		.ascii	"C:\\Users\\jo\\Documents\\GitHub\\ChibiOS\\demos\\S"
  32      73657273 
  32      5C6A6F5C 
ARM GAS  C:\Users\jo\AppData\Local\Temp\cclbdXOM.s 			page 2


  32      446F6375 
  32      6D656E74 
  33 013d 544D3332 		.ascii	"TM32\\RT-STM32F407-DISCOVERY-uHttp\000"
  33      5C52542D 
  33      53544D33 
  33      32463430 
  33      372D4449 
  34              		.ident	"GCC: (GNU Tools for ARM Embedded Processors) 4.9.3 20141119 (release) [ARM/embedded-4_9-br
ARM GAS  C:\Users\jo\AppData\Local\Temp\cclbdXOM.s 			page 3


DEFINED SYMBOLS
                            *ABS*:00000000 memory_buffer_alloc.c

NO UNDEFINED SYMBOLS
