ARM GAS  C:\Users\jo\AppData\Local\Temp\ccrKeGcT.s 			page 1


   1              		.syntax unified
   2              		.cpu cortex-m4
   3              		.fpu softvfp
   4              		.eabi_attribute 20, 1
   5              		.eabi_attribute 21, 1
   6              		.eabi_attribute 23, 3
   7              		.eabi_attribute 24, 1
   8              		.eabi_attribute 25, 1
   9              		.eabi_attribute 26, 1
  10              		.eabi_attribute 30, 2
  11              		.eabi_attribute 34, 1
  12              		.eabi_attribute 18, 4
  13              		.thumb
  14              		.file	"memp.c"
  15              		.text
  16              	.Ltext0:
  17              		.cfi_sections	.debug_frame
  18              		.global	memp_sizes
  19              		.section	.rodata.memp_sizes,"a",%progbits
  20              		.align	2
  21              		.type	memp_sizes, %object
  22              		.size	memp_sizes, 26
  23              	memp_sizes:
  24 0000 2000     		.short	32
  25 0002 9800     		.short	152
  26 0004 1C00     		.short	28
  27 0006 1400     		.short	20
  28 0008 2000     		.short	32
  29 000a 1800     		.short	24
  30 000c 1000     		.short	16
  31 000e 2C00     		.short	44
  32 0010 1400     		.short	20
  33 0012 1400     		.short	20
  34 0014 1000     		.short	16
  35 0016 1000     		.short	16
  36 0018 FC05     		.short	1532
  37 001a 0000     		.text
  38              	.Letext0:
  39              		.file 1 "c:\\program files\\gnu tools arm embedded\\4.9 2014q4\\lib\\gcc\\arm-none-eabi\\4.9.3\\in
  40              		.file 2 "c:\\program files\\gnu tools arm embedded\\4.9 2014q4\\arm-none-eabi\\include\\machine\\_
  41              		.file 3 "c:\\program files\\gnu tools arm embedded\\4.9 2014q4\\arm-none-eabi\\include\\stdint.h"
  42              		.file 4 "../../../os/rt/ports/ARMCMx/compilers/GCC/chtypes.h"
  43              		.file 5 "../../../os/rt/include/chsystypes.h"
  44              		.file 6 "../../../os/rt/include/chschd.h"
  45              		.file 7 "../../../os/rt/ports/ARMCMx/chcore.h"
  46              		.file 8 "../../../os/rt/ports/ARMCMx/chcore_v7m.h"
  47              		.file 9 "../../../os/rt/include/chdebug.h"
  48              		.file 10 "../../../os/rt/include/chtm.h"
  49              		.file 11 "../../../os/rt/include/chstats.h"
  50              		.file 12 "../../../os/rt/include/chmtx.h"
  51              		.file 13 "../../../os/various/lwip_bindings/arch/cc.h"
  52              		.file 14 "../../../os/ext/CMSIS/include/core_cm4.h"
  53              		.file 15 "../../../os/ext/lwip-1.4.1/src/core/memp.c"
  54              		.file 16 "../../../os/ext/lwip-1.4.1/src/include/lwip/memp.h"
  55              		.section	.debug_info,"",%progbits
  56              	.Ldebug_info0:
  57 0000 0F080000 		.4byte	0x80f
ARM GAS  C:\Users\jo\AppData\Local\Temp\ccrKeGcT.s 			page 2


  58 0004 0400     		.2byte	0x4
  59 0006 00000000 		.4byte	.Ldebug_abbrev0
  60 000a 04       		.byte	0x4
  61 000b 01       		.uleb128 0x1
  62 000c 04030000 		.4byte	.LASF142
  63 0010 01       		.byte	0x1
  64 0011 E2040000 		.4byte	.LASF143
  65 0015 FB000000 		.4byte	.LASF144
  66 0019 00000000 		.4byte	.Ldebug_line0
  67 001d 02       		.uleb128 0x2
  68 001e 04       		.byte	0x4
  69 001f 05       		.byte	0x5
  70 0020 696E7400 		.ascii	"int\000"
  71 0024 03       		.uleb128 0x3
  72 0025 16000000 		.4byte	.LASF2
  73 0029 01       		.byte	0x1
  74 002a D4       		.byte	0xd4
  75 002b 2F000000 		.4byte	0x2f
  76 002f 04       		.uleb128 0x4
  77 0030 04       		.byte	0x4
  78 0031 07       		.byte	0x7
  79 0032 37020000 		.4byte	.LASF0
  80 0036 04       		.uleb128 0x4
  81 0037 01       		.byte	0x1
  82 0038 06       		.byte	0x6
  83 0039 57010000 		.4byte	.LASF1
  84 003d 03       		.uleb128 0x3
  85 003e 3A000000 		.4byte	.LASF3
  86 0042 02       		.byte	0x2
  87 0043 1D       		.byte	0x1d
  88 0044 48000000 		.4byte	0x48
  89 0048 04       		.uleb128 0x4
  90 0049 01       		.byte	0x1
  91 004a 08       		.byte	0x8
  92 004b 65060000 		.4byte	.LASF4
  93 004f 04       		.uleb128 0x4
  94 0050 02       		.byte	0x2
  95 0051 05       		.byte	0x5
  96 0052 17050000 		.4byte	.LASF5
  97 0056 03       		.uleb128 0x3
  98 0057 D7050000 		.4byte	.LASF6
  99 005b 02       		.byte	0x2
 100 005c 2B       		.byte	0x2b
 101 005d 61000000 		.4byte	0x61
 102 0061 04       		.uleb128 0x4
 103 0062 02       		.byte	0x2
 104 0063 07       		.byte	0x7
 105 0064 6E020000 		.4byte	.LASF7
 106 0068 03       		.uleb128 0x3
 107 0069 FA020000 		.4byte	.LASF8
 108 006d 02       		.byte	0x2
 109 006e 3F       		.byte	0x3f
 110 006f 73000000 		.4byte	0x73
 111 0073 04       		.uleb128 0x4
 112 0074 04       		.byte	0x4
 113 0075 05       		.byte	0x5
 114 0076 8F010000 		.4byte	.LASF9
ARM GAS  C:\Users\jo\AppData\Local\Temp\ccrKeGcT.s 			page 3


 115 007a 03       		.uleb128 0x3
 116 007b 36060000 		.4byte	.LASF10
 117 007f 02       		.byte	0x2
 118 0080 41       		.byte	0x41
 119 0081 85000000 		.4byte	0x85
 120 0085 04       		.uleb128 0x4
 121 0086 04       		.byte	0x4
 122 0087 07       		.byte	0x7
 123 0088 63010000 		.4byte	.LASF11
 124 008c 04       		.uleb128 0x4
 125 008d 08       		.byte	0x8
 126 008e 05       		.byte	0x5
 127 008f 49010000 		.4byte	.LASF12
 128 0093 03       		.uleb128 0x3
 129 0094 6C040000 		.4byte	.LASF13
 130 0098 02       		.byte	0x2
 131 0099 5B       		.byte	0x5b
 132 009a 9E000000 		.4byte	0x9e
 133 009e 04       		.uleb128 0x4
 134 009f 08       		.byte	0x8
 135 00a0 07       		.byte	0x7
 136 00a1 70000000 		.4byte	.LASF14
 137 00a5 03       		.uleb128 0x3
 138 00a6 B8060000 		.4byte	.LASF15
 139 00aa 03       		.byte	0x3
 140 00ab 15       		.byte	0x15
 141 00ac 3D000000 		.4byte	0x3d
 142 00b0 03       		.uleb128 0x3
 143 00b1 AF010000 		.4byte	.LASF16
 144 00b5 03       		.byte	0x3
 145 00b6 21       		.byte	0x21
 146 00b7 56000000 		.4byte	0x56
 147 00bb 03       		.uleb128 0x3
 148 00bc C8040000 		.4byte	.LASF17
 149 00c0 03       		.byte	0x3
 150 00c1 2C       		.byte	0x2c
 151 00c2 68000000 		.4byte	0x68
 152 00c6 03       		.uleb128 0x3
 153 00c7 89050000 		.4byte	.LASF18
 154 00cb 03       		.byte	0x3
 155 00cc 2D       		.byte	0x2d
 156 00cd 7A000000 		.4byte	0x7a
 157 00d1 03       		.uleb128 0x3
 158 00d2 24000000 		.4byte	.LASF19
 159 00d6 03       		.byte	0x3
 160 00d7 39       		.byte	0x39
 161 00d8 93000000 		.4byte	0x93
 162 00dc 05       		.uleb128 0x5
 163 00dd BB000000 		.4byte	0xbb
 164 00e1 03       		.uleb128 0x3
 165 00e2 F9030000 		.4byte	.LASF20
 166 00e6 04       		.byte	0x4
 167 00e7 45       		.byte	0x45
 168 00e8 C6000000 		.4byte	0xc6
 169 00ec 03       		.uleb128 0x3
 170 00ed 00000000 		.4byte	.LASF21
 171 00f1 04       		.byte	0x4
ARM GAS  C:\Users\jo\AppData\Local\Temp\ccrKeGcT.s 			page 4


 172 00f2 46       		.byte	0x46
 173 00f3 D1000000 		.4byte	0xd1
 174 00f7 03       		.uleb128 0x3
 175 00f8 CD020000 		.4byte	.LASF22
 176 00fc 04       		.byte	0x4
 177 00fd 48       		.byte	0x48
 178 00fe A5000000 		.4byte	0xa5
 179 0102 03       		.uleb128 0x3
 180 0103 98010000 		.4byte	.LASF23
 181 0107 04       		.byte	0x4
 182 0108 49       		.byte	0x49
 183 0109 A5000000 		.4byte	0xa5
 184 010d 03       		.uleb128 0x3
 185 010e 82040000 		.4byte	.LASF24
 186 0112 04       		.byte	0x4
 187 0113 4A       		.byte	0x4a
 188 0114 A5000000 		.4byte	0xa5
 189 0118 03       		.uleb128 0x3
 190 0119 AB040000 		.4byte	.LASF25
 191 011d 04       		.byte	0x4
 192 011e 4C       		.byte	0x4c
 193 011f C6000000 		.4byte	0xc6
 194 0123 03       		.uleb128 0x3
 195 0124 AF020000 		.4byte	.LASF26
 196 0128 04       		.byte	0x4
 197 0129 4D       		.byte	0x4d
 198 012a BB000000 		.4byte	0xbb
 199 012e 03       		.uleb128 0x3
 200 012f EE020000 		.4byte	.LASF27
 201 0133 04       		.byte	0x4
 202 0134 4F       		.byte	0x4f
 203 0135 C6000000 		.4byte	0xc6
 204 0139 03       		.uleb128 0x3
 205 013a 17020000 		.4byte	.LASF28
 206 013e 04       		.byte	0x4
 207 013f 51       		.byte	0x51
 208 0140 BB000000 		.4byte	0xbb
 209 0144 03       		.uleb128 0x3
 210 0145 BA020000 		.4byte	.LASF29
 211 0149 04       		.byte	0x4
 212 014a 52       		.byte	0x52
 213 014b C6000000 		.4byte	0xc6
 214 014f 03       		.uleb128 0x3
 215 0150 18060000 		.4byte	.LASF30
 216 0154 05       		.byte	0x5
 217 0155 33       		.byte	0x33
 218 0156 C6000000 		.4byte	0xc6
 219 015a 03       		.uleb128 0x3
 220 015b 03060000 		.4byte	.LASF31
 221 015f 05       		.byte	0x5
 222 0160 3F       		.byte	0x3f
 223 0161 65010000 		.4byte	0x165
 224 0165 06       		.uleb128 0x6
 225 0166 90020000 		.4byte	.LASF52
 226 016a 60       		.byte	0x60
 227 016b 06       		.byte	0x6
 228 016c BE       		.byte	0xbe
ARM GAS  C:\Users\jo\AppData\Local\Temp\ccrKeGcT.s 			page 5


 229 016d 6B020000 		.4byte	0x26b
 230 0171 07       		.uleb128 0x7
 231 0172 37050000 		.4byte	.LASF32
 232 0176 06       		.byte	0x6
 233 0177 BF       		.byte	0xbf
 234 0178 B3050000 		.4byte	0x5b3
 235 017c 00       		.byte	0
 236 017d 07       		.uleb128 0x7
 237 017e A4040000 		.4byte	.LASF33
 238 0182 06       		.byte	0x6
 239 0183 C1       		.byte	0xc1
 240 0184 B3050000 		.4byte	0x5b3
 241 0188 04       		.byte	0x4
 242 0189 07       		.uleb128 0x7
 243 018a F4000000 		.4byte	.LASF34
 244 018e 06       		.byte	0x6
 245 018f C3       		.byte	0xc3
 246 0190 18010000 		.4byte	0x118
 247 0194 08       		.byte	0x8
 248 0195 07       		.uleb128 0x7
 249 0196 20070000 		.4byte	.LASF35
 250 019a 06       		.byte	0x6
 251 019b C4       		.byte	0xc4
 252 019c CE040000 		.4byte	0x4ce
 253 01a0 0C       		.byte	0xc
 254 01a1 07       		.uleb128 0x7
 255 01a2 C5010000 		.4byte	.LASF36
 256 01a6 06       		.byte	0x6
 257 01a7 C6       		.byte	0xc6
 258 01a8 B3050000 		.4byte	0x5b3
 259 01ac 10       		.byte	0x10
 260 01ad 07       		.uleb128 0x7
 261 01ae 3B040000 		.4byte	.LASF37
 262 01b2 06       		.byte	0x6
 263 01b3 C7       		.byte	0xc7
 264 01b4 B3050000 		.4byte	0x5b3
 265 01b8 14       		.byte	0x14
 266 01b9 07       		.uleb128 0x7
 267 01ba D0060000 		.4byte	.LASF38
 268 01be 06       		.byte	0x6
 269 01bf CE       		.byte	0xce
 270 01c0 6F050000 		.4byte	0x56f
 271 01c4 18       		.byte	0x18
 272 01c5 07       		.uleb128 0x7
 273 01c6 2C020000 		.4byte	.LASF39
 274 01ca 06       		.byte	0x6
 275 01cb D4       		.byte	0xd4
 276 01cc FD060000 		.4byte	0x6fd
 277 01d0 1C       		.byte	0x1c
 278 01d1 07       		.uleb128 0x7
 279 01d2 21050000 		.4byte	.LASF40
 280 01d6 06       		.byte	0x6
 281 01d7 D9       		.byte	0xd9
 282 01d8 02010000 		.4byte	0x102
 283 01dc 20       		.byte	0x20
 284 01dd 07       		.uleb128 0x7
 285 01de F3060000 		.4byte	.LASF41
ARM GAS  C:\Users\jo\AppData\Local\Temp\ccrKeGcT.s 			page 6


 286 01e2 06       		.byte	0x6
 287 01e3 DD       		.byte	0xdd
 288 01e4 F7000000 		.4byte	0xf7
 289 01e8 21       		.byte	0x21
 290 01e9 07       		.uleb128 0x7
 291 01ea 9B060000 		.4byte	.LASF42
 292 01ee 06       		.byte	0x6
 293 01ef E2       		.byte	0xe2
 294 01f0 0D010000 		.4byte	0x10d
 295 01f4 22       		.byte	0x22
 296 01f5 08       		.uleb128 0x8
 297 01f6 705F7500 		.ascii	"p_u\000"
 298 01fa 06       		.byte	0x6
 299 01fb 1401     		.2byte	0x114
 300 01fd C5060000 		.4byte	0x6c5
 301 0201 24       		.byte	0x24
 302 0202 09       		.uleb128 0x9
 303 0203 26070000 		.4byte	.LASF43
 304 0207 06       		.byte	0x6
 305 0208 1901     		.2byte	0x119
 306 020a 6B020000 		.4byte	0x26b
 307 020e 28       		.byte	0x28
 308 020f 09       		.uleb128 0x9
 309 0210 73060000 		.4byte	.LASF44
 310 0214 06       		.byte	0x6
 311 0215 1F01     		.2byte	0x11f
 312 0217 8F020000 		.4byte	0x28f
 313 021b 2C       		.byte	0x2c
 314 021c 09       		.uleb128 0x9
 315 021d FB060000 		.4byte	.LASF45
 316 0221 06       		.byte	0x6
 317 0222 2301     		.2byte	0x123
 318 0224 23010000 		.4byte	0x123
 319 0228 34       		.byte	0x34
 320 0229 09       		.uleb128 0x9
 321 022a 6D050000 		.4byte	.LASF46
 322 022e 06       		.byte	0x6
 323 022f 2901     		.2byte	0x129
 324 0231 2E010000 		.4byte	0x12e
 325 0235 38       		.byte	0x38
 326 0236 09       		.uleb128 0x9
 327 0237 0D050000 		.4byte	.LASF47
 328 023b 06       		.byte	0x6
 329 023c 3001     		.2byte	0x130
 330 023e 34070000 		.4byte	0x734
 331 0242 3C       		.byte	0x3c
 332 0243 09       		.uleb128 0x9
 333 0244 22060000 		.4byte	.LASF48
 334 0248 06       		.byte	0x6
 335 0249 3401     		.2byte	0x134
 336 024b 18010000 		.4byte	0x118
 337 024f 40       		.byte	0x40
 338 0250 09       		.uleb128 0x9
 339 0251 75010000 		.4byte	.LASF49
 340 0255 06       		.byte	0x6
 341 0256 3A01     		.2byte	0x13a
 342 0258 42030000 		.4byte	0x342
ARM GAS  C:\Users\jo\AppData\Local\Temp\ccrKeGcT.s 			page 7


 343 025c 44       		.byte	0x44
 344 025d 09       		.uleb128 0x9
 345 025e A1010000 		.4byte	.LASF50
 346 0262 06       		.byte	0x6
 347 0263 4001     		.2byte	0x140
 348 0265 76060000 		.4byte	0x676
 349 0269 48       		.byte	0x48
 350 026a 00       		.byte	0
 351 026b 03       		.uleb128 0x3
 352 026c D7060000 		.4byte	.LASF51
 353 0270 05       		.byte	0x5
 354 0271 44       		.byte	0x44
 355 0272 76020000 		.4byte	0x276
 356 0276 06       		.uleb128 0x6
 357 0277 A3050000 		.4byte	.LASF53
 358 027b 04       		.byte	0x4
 359 027c 06       		.byte	0x6
 360 027d AC       		.byte	0xac
 361 027e 8F020000 		.4byte	0x28f
 362 0282 07       		.uleb128 0x7
 363 0283 37050000 		.4byte	.LASF32
 364 0287 06       		.byte	0x6
 365 0288 AD       		.byte	0xad
 366 0289 B3050000 		.4byte	0x5b3
 367 028d 00       		.byte	0
 368 028e 00       		.byte	0
 369 028f 03       		.uleb128 0x3
 370 0290 8B060000 		.4byte	.LASF54
 371 0294 05       		.byte	0x5
 372 0295 4B       		.byte	0x4b
 373 0296 9A020000 		.4byte	0x29a
 374 029a 06       		.uleb128 0x6
 375 029b E3000000 		.4byte	.LASF55
 376 029f 08       		.byte	0x8
 377 02a0 06       		.byte	0x6
 378 02a1 B3       		.byte	0xb3
 379 02a2 BF020000 		.4byte	0x2bf
 380 02a6 07       		.uleb128 0x7
 381 02a7 37050000 		.4byte	.LASF32
 382 02ab 06       		.byte	0x6
 383 02ac B4       		.byte	0xb4
 384 02ad B3050000 		.4byte	0x5b3
 385 02b1 00       		.byte	0
 386 02b2 07       		.uleb128 0x7
 387 02b3 A4040000 		.4byte	.LASF33
 388 02b7 06       		.byte	0x6
 389 02b8 B5       		.byte	0xb5
 390 02b9 B3050000 		.4byte	0x5b3
 391 02bd 04       		.byte	0x4
 392 02be 00       		.byte	0
 393 02bf 03       		.uleb128 0x3
 394 02c0 09000000 		.4byte	.LASF56
 395 02c4 05       		.byte	0x5
 396 02c5 52       		.byte	0x52
 397 02c6 CA020000 		.4byte	0x2ca
 398 02ca 0A       		.uleb128 0xa
 399 02cb E0020000 		.4byte	.LASF57
ARM GAS  C:\Users\jo\AppData\Local\Temp\ccrKeGcT.s 			page 8


 400 02cf 1C       		.byte	0x1c
 401 02d0 06       		.byte	0x6
 402 02d1 7201     		.2byte	0x172
 403 02d3 26030000 		.4byte	0x326
 404 02d7 09       		.uleb128 0x9
 405 02d8 92050000 		.4byte	.LASF58
 406 02dc 06       		.byte	0x6
 407 02dd 7301     		.2byte	0x173
 408 02df 8F020000 		.4byte	0x28f
 409 02e3 00       		.byte	0
 410 02e4 09       		.uleb128 0x9
 411 02e5 29050000 		.4byte	.LASF59
 412 02e9 06       		.byte	0x6
 413 02ea 7401     		.2byte	0x174
 414 02ec 18010000 		.4byte	0x118
 415 02f0 08       		.byte	0x8
 416 02f1 09       		.uleb128 0x9
 417 02f2 43040000 		.4byte	.LASF60
 418 02f6 06       		.byte	0x6
 419 02f7 7601     		.2byte	0x176
 420 02f9 CE040000 		.4byte	0x4ce
 421 02fd 0C       		.byte	0xc
 422 02fe 09       		.uleb128 0x9
 423 02ff D5010000 		.4byte	.LASF61
 424 0303 06       		.byte	0x6
 425 0304 7901     		.2byte	0x179
 426 0306 B3050000 		.4byte	0x5b3
 427 030a 10       		.byte	0x10
 428 030b 09       		.uleb128 0x9
 429 030c 64040000 		.4byte	.LASF62
 430 0310 06       		.byte	0x6
 431 0311 7A01     		.2byte	0x17a
 432 0313 B3050000 		.4byte	0x5b3
 433 0317 14       		.byte	0x14
 434 0318 09       		.uleb128 0x9
 435 0319 5A040000 		.4byte	.LASF63
 436 031d 06       		.byte	0x6
 437 031e 7D01     		.2byte	0x17d
 438 0320 B3050000 		.4byte	0x5b3
 439 0324 18       		.byte	0x18
 440 0325 00       		.byte	0
 441 0326 03       		.uleb128 0x3
 442 0327 2D060000 		.4byte	.LASF64
 443 032b 05       		.byte	0x5
 444 032c 57       		.byte	0x57
 445 032d 31030000 		.4byte	0x331
 446 0331 0B       		.uleb128 0xb
 447 0332 04       		.byte	0x4
 448 0333 37030000 		.4byte	0x337
 449 0337 0C       		.uleb128 0xc
 450 0338 42030000 		.4byte	0x342
 451 033c 0D       		.uleb128 0xd
 452 033d 42030000 		.4byte	0x342
 453 0341 00       		.byte	0
 454 0342 0E       		.uleb128 0xe
 455 0343 04       		.byte	0x4
 456 0344 03       		.uleb128 0x3
ARM GAS  C:\Users\jo\AppData\Local\Temp\ccrKeGcT.s 			page 9


 457 0345 94040000 		.4byte	.LASF65
 458 0349 05       		.byte	0x5
 459 034a 5C       		.byte	0x5c
 460 034b 4F030000 		.4byte	0x34f
 461 034f 0A       		.uleb128 0xa
 462 0350 4D050000 		.4byte	.LASF66
 463 0354 14       		.byte	0x14
 464 0355 06       		.byte	0x6
 465 0356 4D01     		.2byte	0x14d
 466 0358 9E030000 		.4byte	0x39e
 467 035c 09       		.uleb128 0x9
 468 035d 53020000 		.4byte	.LASF67
 469 0361 06       		.byte	0x6
 470 0362 4E01     		.2byte	0x14e
 471 0364 3A070000 		.4byte	0x73a
 472 0368 00       		.byte	0
 473 0369 09       		.uleb128 0x9
 474 036a E6010000 		.4byte	.LASF68
 475 036e 06       		.byte	0x6
 476 036f 4F01     		.2byte	0x14f
 477 0371 3A070000 		.4byte	0x73a
 478 0375 04       		.byte	0x4
 479 0376 09       		.uleb128 0x9
 480 0377 9A050000 		.4byte	.LASF69
 481 037b 06       		.byte	0x6
 482 037c 5001     		.2byte	0x150
 483 037e 4F010000 		.4byte	0x14f
 484 0382 08       		.byte	0x8
 485 0383 09       		.uleb128 0x9
 486 0384 18040000 		.4byte	.LASF70
 487 0388 06       		.byte	0x6
 488 0389 5101     		.2byte	0x151
 489 038b 26030000 		.4byte	0x326
 490 038f 0C       		.byte	0xc
 491 0390 09       		.uleb128 0x9
 492 0391 7E060000 		.4byte	.LASF71
 493 0395 06       		.byte	0x6
 494 0396 5301     		.2byte	0x153
 495 0398 42030000 		.4byte	0x342
 496 039c 10       		.byte	0x10
 497 039d 00       		.byte	0
 498 039e 03       		.uleb128 0x3
 499 039f C0000000 		.4byte	.LASF72
 500 03a3 05       		.byte	0x5
 501 03a4 61       		.byte	0x61
 502 03a5 A9030000 		.4byte	0x3a9
 503 03a9 0A       		.uleb128 0xa
 504 03aa 01040000 		.4byte	.LASF73
 505 03ae 10       		.byte	0x10
 506 03af 06       		.byte	0x6
 507 03b0 5D01     		.2byte	0x15d
 508 03b2 EB030000 		.4byte	0x3eb
 509 03b6 09       		.uleb128 0x9
 510 03b7 53020000 		.4byte	.LASF67
 511 03bb 06       		.byte	0x6
 512 03bc 5E01     		.2byte	0x15e
 513 03be 3A070000 		.4byte	0x73a
ARM GAS  C:\Users\jo\AppData\Local\Temp\ccrKeGcT.s 			page 10


 514 03c2 00       		.byte	0
 515 03c3 09       		.uleb128 0x9
 516 03c4 E6010000 		.4byte	.LASF68
 517 03c8 06       		.byte	0x6
 518 03c9 6001     		.2byte	0x160
 519 03cb 3A070000 		.4byte	0x73a
 520 03cf 04       		.byte	0x4
 521 03d0 09       		.uleb128 0x9
 522 03d1 9A050000 		.4byte	.LASF69
 523 03d5 06       		.byte	0x6
 524 03d6 6201     		.2byte	0x162
 525 03d8 4F010000 		.4byte	0x14f
 526 03dc 08       		.byte	0x8
 527 03dd 09       		.uleb128 0x9
 528 03de 2F040000 		.4byte	.LASF74
 529 03e2 06       		.byte	0x6
 530 03e3 6A01     		.2byte	0x16a
 531 03e5 4F010000 		.4byte	0x14f
 532 03e9 0C       		.byte	0xc
 533 03ea 00       		.byte	0
 534 03eb 03       		.uleb128 0x3
 535 03ec 44020000 		.4byte	.LASF75
 536 03f0 05       		.byte	0x5
 537 03f1 66       		.byte	0x66
 538 03f2 F6030000 		.4byte	0x3f6
 539 03f6 0F       		.uleb128 0xf
 540 03f7 EE010000 		.4byte	.LASF76
 541 03fb 1404     		.2byte	0x414
 542 03fd 06       		.byte	0x6
 543 03fe 8401     		.2byte	0x184
 544 0400 39040000 		.4byte	0x439
 545 0404 09       		.uleb128 0x9
 546 0405 41060000 		.4byte	.LASF77
 547 0409 06       		.byte	0x6
 548 040a 8C01     		.2byte	0x18c
 549 040c 40070000 		.4byte	0x740
 550 0410 00       		.byte	0
 551 0411 09       		.uleb128 0x9
 552 0412 A2060000 		.4byte	.LASF78
 553 0416 06       		.byte	0x6
 554 0417 9101     		.2byte	0x191
 555 0419 39010000 		.4byte	0x139
 556 041d 04       		.byte	0x4
 557 041e 09       		.uleb128 0x9
 558 041f 06020000 		.4byte	.LASF79
 559 0423 06       		.byte	0x6
 560 0424 9501     		.2byte	0x195
 561 0426 39010000 		.4byte	0x139
 562 042a 08       		.byte	0x8
 563 042b 09       		.uleb128 0x9
 564 042c E6060000 		.4byte	.LASF80
 565 0430 06       		.byte	0x6
 566 0431 9B01     		.2byte	0x19b
 567 0433 08060000 		.4byte	0x608
 568 0437 0C       		.byte	0xc
 569 0438 00       		.byte	0
 570 0439 03       		.uleb128 0x3
ARM GAS  C:\Users\jo\AppData\Local\Temp\ccrKeGcT.s 			page 11


 571 043a C1020000 		.4byte	.LASF81
 572 043e 05       		.byte	0x5
 573 043f 6B       		.byte	0x6b
 574 0440 44040000 		.4byte	0x444
 575 0444 0F       		.uleb128 0xf
 576 0445 85010000 		.4byte	.LASF82
 577 0449 D805     		.2byte	0x5d8
 578 044b 06       		.byte	0x6
 579 044c A401     		.2byte	0x1a4
 580 044e B1040000 		.4byte	0x4b1
 581 0452 09       		.uleb128 0x9
 582 0453 AA060000 		.4byte	.LASF83
 583 0457 06       		.byte	0x6
 584 0458 A801     		.2byte	0x1a8
 585 045a BF020000 		.4byte	0x2bf
 586 045e 00       		.byte	0
 587 045f 09       		.uleb128 0x9
 588 0460 50000000 		.4byte	.LASF84
 589 0464 06       		.byte	0x6
 590 0465 AC01     		.2byte	0x1ac
 591 0467 9E030000 		.4byte	0x39e
 592 046b 1C       		.byte	0x1c
 593 046c 08       		.uleb128 0x8
 594 046d 64626700 		.ascii	"dbg\000"
 595 0471 06       		.byte	0x6
 596 0472 B001     		.2byte	0x1b0
 597 0474 EB030000 		.4byte	0x3eb
 598 0478 2C       		.byte	0x2c
 599 0479 10       		.uleb128 0x10
 600 047a A8000000 		.4byte	.LASF85
 601 047e 06       		.byte	0x6
 602 047f B401     		.2byte	0x1b4
 603 0481 5A010000 		.4byte	0x15a
 604 0485 4004     		.2byte	0x440
 605 0487 11       		.uleb128 0x11
 606 0488 746D00   		.ascii	"tm\000"
 607 048b 06       		.byte	0x6
 608 048c B901     		.2byte	0x1b9
 609 048e 28060000 		.4byte	0x628
 610 0492 A004     		.2byte	0x4a0
 611 0494 10       		.uleb128 0x10
 612 0495 2D000000 		.4byte	.LASF86
 613 0499 06       		.byte	0x6
 614 049a BF01     		.2byte	0x1bf
 615 049c BA060000 		.4byte	0x6ba
 616 04a0 A804     		.2byte	0x4a8
 617 04a2 10       		.uleb128 0x10
 618 04a3 3E050000 		.4byte	.LASF87
 619 04a7 06       		.byte	0x6
 620 04a8 C501     		.2byte	0x1c5
 621 04aa 45070000 		.4byte	0x745
 622 04ae E004     		.2byte	0x4e0
 623 04b0 00       		.byte	0
 624 04b1 04       		.uleb128 0x4
 625 04b2 04       		.byte	0x4
 626 04b3 07       		.byte	0x7
 627 04b4 C0060000 		.4byte	.LASF88
ARM GAS  C:\Users\jo\AppData\Local\Temp\ccrKeGcT.s 			page 12


 628 04b8 03       		.uleb128 0x3
 629 04b9 DD010000 		.4byte	.LASF89
 630 04bd 07       		.byte	0x7
 631 04be 85       		.byte	0x85
 632 04bf 42030000 		.4byte	0x342
 633 04c3 03       		.uleb128 0x3
 634 04c4 DE030000 		.4byte	.LASF90
 635 04c8 07       		.byte	0x7
 636 04c9 8D       		.byte	0x8d
 637 04ca D1000000 		.4byte	0xd1
 638 04ce 06       		.uleb128 0x6
 639 04cf 5D060000 		.4byte	.LASF91
 640 04d3 04       		.byte	0x4
 641 04d4 07       		.byte	0x7
 642 04d5 A9       		.byte	0xa9
 643 04d6 E7040000 		.4byte	0x4e7
 644 04da 12       		.uleb128 0x12
 645 04db 72313300 		.ascii	"r13\000"
 646 04df 07       		.byte	0x7
 647 04e0 AA       		.byte	0xaa
 648 04e1 62050000 		.4byte	0x562
 649 04e5 00       		.byte	0
 650 04e6 00       		.byte	0
 651 04e7 06       		.uleb128 0x6
 652 04e8 44000000 		.4byte	.LASF92
 653 04ec 24       		.byte	0x24
 654 04ed 08       		.byte	0x8
 655 04ee F4       		.byte	0xf4
 656 04ef 62050000 		.4byte	0x562
 657 04f3 08       		.uleb128 0x8
 658 04f4 723400   		.ascii	"r4\000"
 659 04f7 08       		.byte	0x8
 660 04f8 0701     		.2byte	0x107
 661 04fa B8040000 		.4byte	0x4b8
 662 04fe 00       		.byte	0
 663 04ff 08       		.uleb128 0x8
 664 0500 723500   		.ascii	"r5\000"
 665 0503 08       		.byte	0x8
 666 0504 0801     		.2byte	0x108
 667 0506 B8040000 		.4byte	0x4b8
 668 050a 04       		.byte	0x4
 669 050b 08       		.uleb128 0x8
 670 050c 723600   		.ascii	"r6\000"
 671 050f 08       		.byte	0x8
 672 0510 0901     		.2byte	0x109
 673 0512 B8040000 		.4byte	0x4b8
 674 0516 08       		.byte	0x8
 675 0517 08       		.uleb128 0x8
 676 0518 723700   		.ascii	"r7\000"
 677 051b 08       		.byte	0x8
 678 051c 0A01     		.2byte	0x10a
 679 051e B8040000 		.4byte	0x4b8
 680 0522 0C       		.byte	0xc
 681 0523 08       		.uleb128 0x8
 682 0524 723800   		.ascii	"r8\000"
 683 0527 08       		.byte	0x8
 684 0528 0B01     		.2byte	0x10b
ARM GAS  C:\Users\jo\AppData\Local\Temp\ccrKeGcT.s 			page 13


 685 052a B8040000 		.4byte	0x4b8
 686 052e 10       		.byte	0x10
 687 052f 08       		.uleb128 0x8
 688 0530 723900   		.ascii	"r9\000"
 689 0533 08       		.byte	0x8
 690 0534 0C01     		.2byte	0x10c
 691 0536 B8040000 		.4byte	0x4b8
 692 053a 14       		.byte	0x14
 693 053b 08       		.uleb128 0x8
 694 053c 72313000 		.ascii	"r10\000"
 695 0540 08       		.byte	0x8
 696 0541 0D01     		.2byte	0x10d
 697 0543 B8040000 		.4byte	0x4b8
 698 0547 18       		.byte	0x18
 699 0548 08       		.uleb128 0x8
 700 0549 72313100 		.ascii	"r11\000"
 701 054d 08       		.byte	0x8
 702 054e 0E01     		.2byte	0x10e
 703 0550 B8040000 		.4byte	0x4b8
 704 0554 1C       		.byte	0x1c
 705 0555 08       		.uleb128 0x8
 706 0556 6C7200   		.ascii	"lr\000"
 707 0559 08       		.byte	0x8
 708 055a 0F01     		.2byte	0x10f
 709 055c B8040000 		.4byte	0x4b8
 710 0560 20       		.byte	0x20
 711 0561 00       		.byte	0
 712 0562 0B       		.uleb128 0xb
 713 0563 04       		.byte	0x4
 714 0564 E7040000 		.4byte	0x4e7
 715 0568 04       		.uleb128 0x4
 716 0569 01       		.byte	0x1
 717 056a 08       		.byte	0x8
 718 056b C6050000 		.4byte	.LASF93
 719 056f 0B       		.uleb128 0xb
 720 0570 04       		.byte	0x4
 721 0571 75050000 		.4byte	0x575
 722 0575 13       		.uleb128 0x13
 723 0576 68050000 		.4byte	0x568
 724 057a 14       		.uleb128 0x14
 725 057b 10       		.byte	0x10
 726 057c 09       		.byte	0x9
 727 057d 57       		.byte	0x57
 728 057e B3050000 		.4byte	0x5b3
 729 0582 07       		.uleb128 0x7
 730 0583 0F020000 		.4byte	.LASF94
 731 0587 09       		.byte	0x9
 732 0588 5B       		.byte	0x5b
 733 0589 4F010000 		.4byte	0x14f
 734 058d 00       		.byte	0
 735 058e 07       		.uleb128 0x7
 736 058f A9010000 		.4byte	.LASF95
 737 0593 09       		.byte	0x9
 738 0594 5F       		.byte	0x5f
 739 0595 B3050000 		.4byte	0x5b3
 740 0599 04       		.byte	0x4
 741 059a 07       		.uleb128 0x7
ARM GAS  C:\Users\jo\AppData\Local\Temp\ccrKeGcT.s 			page 14


 742 059b 16070000 		.4byte	.LASF96
 743 059f 09       		.byte	0x9
 744 05a0 63       		.byte	0x63
 745 05a1 42030000 		.4byte	0x342
 746 05a5 08       		.byte	0x8
 747 05a6 07       		.uleb128 0x7
 748 05a7 87000000 		.4byte	.LASF97
 749 05ab 09       		.byte	0x9
 750 05ac 67       		.byte	0x67
 751 05ad A5000000 		.4byte	0xa5
 752 05b1 0C       		.byte	0xc
 753 05b2 00       		.byte	0
 754 05b3 0B       		.uleb128 0xb
 755 05b4 04       		.byte	0x4
 756 05b5 5A010000 		.4byte	0x15a
 757 05b9 03       		.uleb128 0x3
 758 05ba 20040000 		.4byte	.LASF98
 759 05be 09       		.byte	0x9
 760 05bf 68       		.byte	0x68
 761 05c0 7A050000 		.4byte	0x57a
 762 05c4 15       		.uleb128 0x15
 763 05c5 0804     		.2byte	0x408
 764 05c7 09       		.byte	0x9
 765 05c8 6D       		.byte	0x6d
 766 05c9 F2050000 		.4byte	0x5f2
 767 05cd 07       		.uleb128 0x7
 768 05ce CD010000 		.4byte	.LASF99
 769 05d2 09       		.byte	0x9
 770 05d3 71       		.byte	0x71
 771 05d4 2F000000 		.4byte	0x2f
 772 05d8 00       		.byte	0
 773 05d9 07       		.uleb128 0x7
 774 05da F2030000 		.4byte	.LASF100
 775 05de 09       		.byte	0x9
 776 05df 75       		.byte	0x75
 777 05e0 F2050000 		.4byte	0x5f2
 778 05e4 04       		.byte	0x4
 779 05e5 07       		.uleb128 0x7
 780 05e6 8A040000 		.4byte	.LASF101
 781 05ea 09       		.byte	0x9
 782 05eb 79       		.byte	0x79
 783 05ec F8050000 		.4byte	0x5f8
 784 05f0 08       		.byte	0x8
 785 05f1 00       		.byte	0
 786 05f2 0B       		.uleb128 0xb
 787 05f3 04       		.byte	0x4
 788 05f4 B9050000 		.4byte	0x5b9
 789 05f8 16       		.uleb128 0x16
 790 05f9 B9050000 		.4byte	0x5b9
 791 05fd 08060000 		.4byte	0x608
 792 0601 17       		.uleb128 0x17
 793 0602 B1040000 		.4byte	0x4b1
 794 0606 3F       		.byte	0x3f
 795 0607 00       		.byte	0
 796 0608 03       		.uleb128 0x3
 797 0609 D0040000 		.4byte	.LASF102
 798 060d 09       		.byte	0x9
ARM GAS  C:\Users\jo\AppData\Local\Temp\ccrKeGcT.s 			page 15


 799 060e 7A       		.byte	0x7a
 800 060f C4050000 		.4byte	0x5c4
 801 0613 14       		.uleb128 0x14
 802 0614 04       		.byte	0x4
 803 0615 0A       		.byte	0xa
 804 0616 38       		.byte	0x38
 805 0617 28060000 		.4byte	0x628
 806 061b 07       		.uleb128 0x7
 807 061c 4B060000 		.4byte	.LASF103
 808 0620 0A       		.byte	0xa
 809 0621 3C       		.byte	0x3c
 810 0622 E1000000 		.4byte	0xe1
 811 0626 00       		.byte	0
 812 0627 00       		.byte	0
 813 0628 03       		.uleb128 0x3
 814 0629 49040000 		.4byte	.LASF104
 815 062d 0A       		.byte	0xa
 816 062e 3D       		.byte	0x3d
 817 062f 13060000 		.4byte	0x613
 818 0633 14       		.uleb128 0x14
 819 0634 18       		.byte	0x18
 820 0635 0A       		.byte	0xa
 821 0636 48       		.byte	0x48
 822 0637 76060000 		.4byte	0x676
 823 063b 07       		.uleb128 0x7
 824 063c 0C060000 		.4byte	.LASF105
 825 0640 0A       		.byte	0xa
 826 0641 49       		.byte	0x49
 827 0642 E1000000 		.4byte	0xe1
 828 0646 00       		.byte	0
 829 0647 07       		.uleb128 0x7
 830 0648 57000000 		.4byte	.LASF106
 831 064c 0A       		.byte	0xa
 832 064d 4A       		.byte	0x4a
 833 064e E1000000 		.4byte	0xe1
 834 0652 04       		.byte	0x4
 835 0653 07       		.uleb128 0x7
 836 0654 B5020000 		.4byte	.LASF107
 837 0658 0A       		.byte	0xa
 838 0659 4B       		.byte	0x4b
 839 065a E1000000 		.4byte	0xe1
 840 065e 08       		.byte	0x8
 841 065f 12       		.uleb128 0x12
 842 0660 6E00     		.ascii	"n\000"
 843 0662 0A       		.byte	0xa
 844 0663 4C       		.byte	0x4c
 845 0664 44010000 		.4byte	0x144
 846 0668 0C       		.byte	0xc
 847 0669 07       		.uleb128 0x7
 848 066a 77040000 		.4byte	.LASF108
 849 066e 0A       		.byte	0xa
 850 066f 4D       		.byte	0x4d
 851 0670 EC000000 		.4byte	0xec
 852 0674 10       		.byte	0x10
 853 0675 00       		.byte	0
 854 0676 03       		.uleb128 0x3
 855 0677 5D000000 		.4byte	.LASF109
ARM GAS  C:\Users\jo\AppData\Local\Temp\ccrKeGcT.s 			page 16


 856 067b 0A       		.byte	0xa
 857 067c 4E       		.byte	0x4e
 858 067d 33060000 		.4byte	0x633
 859 0681 14       		.uleb128 0x14
 860 0682 38       		.byte	0x38
 861 0683 0B       		.byte	0xb
 862 0684 38       		.byte	0x38
 863 0685 BA060000 		.4byte	0x6ba
 864 0689 07       		.uleb128 0x7
 865 068a 5B020000 		.4byte	.LASF110
 866 068e 0B       		.byte	0xb
 867 068f 39       		.byte	0x39
 868 0690 44010000 		.4byte	0x144
 869 0694 00       		.byte	0
 870 0695 07       		.uleb128 0x7
 871 0696 B9040000 		.4byte	.LASF111
 872 069a 0B       		.byte	0xb
 873 069b 3A       		.byte	0x3a
 874 069c 44010000 		.4byte	0x144
 875 06a0 04       		.byte	0x4
 876 06a1 07       		.uleb128 0x7
 877 06a2 01070000 		.4byte	.LASF112
 878 06a6 0B       		.byte	0xb
 879 06a7 3B       		.byte	0x3b
 880 06a8 76060000 		.4byte	0x676
 881 06ac 08       		.byte	0x8
 882 06ad 07       		.uleb128 0x7
 883 06ae D5020000 		.4byte	.LASF113
 884 06b2 0B       		.byte	0xb
 885 06b3 3D       		.byte	0x3d
 886 06b4 76060000 		.4byte	0x676
 887 06b8 20       		.byte	0x20
 888 06b9 00       		.byte	0
 889 06ba 03       		.uleb128 0x3
 890 06bb 81020000 		.4byte	.LASF114
 891 06bf 0B       		.byte	0xb
 892 06c0 3F       		.byte	0x3f
 893 06c1 81060000 		.4byte	0x681
 894 06c5 18       		.uleb128 0x18
 895 06c6 04       		.byte	0x4
 896 06c7 06       		.byte	0x6
 897 06c8 F6       		.byte	0xf6
 898 06c9 FD060000 		.4byte	0x6fd
 899 06cd 19       		.uleb128 0x19
 900 06ce 1D000000 		.4byte	.LASF115
 901 06d2 06       		.byte	0x6
 902 06d3 FD       		.byte	0xfd
 903 06d4 23010000 		.4byte	0x123
 904 06d8 1A       		.uleb128 0x1a
 905 06d9 90000000 		.4byte	.LASF116
 906 06dd 06       		.byte	0x6
 907 06de 0401     		.2byte	0x104
 908 06e0 23010000 		.4byte	0x123
 909 06e4 1A       		.uleb128 0x1a
 910 06e5 C9060000 		.4byte	.LASF117
 911 06e9 06       		.byte	0x6
 912 06ea 0B01     		.2byte	0x10b
ARM GAS  C:\Users\jo\AppData\Local\Temp\ccrKeGcT.s 			page 17


 913 06ec 42030000 		.4byte	0x342
 914 06f0 1A       		.uleb128 0x1a
 915 06f1 30050000 		.4byte	.LASF118
 916 06f5 06       		.byte	0x6
 917 06f6 1201     		.2byte	0x112
 918 06f8 2E010000 		.4byte	0x12e
 919 06fc 00       		.byte	0
 920 06fd 0B       		.uleb128 0xb
 921 06fe 04       		.byte	0x4
 922 06ff C3040000 		.4byte	0x4c3
 923 0703 06       		.uleb128 0x6
 924 0704 B3040000 		.4byte	.LASF119
 925 0708 10       		.byte	0x10
 926 0709 0C       		.byte	0xc
 927 070a 39       		.byte	0x39
 928 070b 34070000 		.4byte	0x734
 929 070f 07       		.uleb128 0x7
 930 0710 7D010000 		.4byte	.LASF120
 931 0714 0C       		.byte	0xc
 932 0715 3A       		.byte	0x3a
 933 0716 8F020000 		.4byte	0x28f
 934 071a 00       		.byte	0
 935 071b 07       		.uleb128 0x7
 936 071c B0060000 		.4byte	.LASF121
 937 0720 0C       		.byte	0xc
 938 0721 3C       		.byte	0x3c
 939 0722 B3050000 		.4byte	0x5b3
 940 0726 08       		.byte	0x8
 941 0727 07       		.uleb128 0x7
 942 0728 11060000 		.4byte	.LASF122
 943 072c 0C       		.byte	0xc
 944 072d 3E       		.byte	0x3e
 945 072e 60070000 		.4byte	0x760
 946 0732 0C       		.byte	0xc
 947 0733 00       		.byte	0
 948 0734 0B       		.uleb128 0xb
 949 0735 04       		.byte	0x4
 950 0736 03070000 		.4byte	0x703
 951 073a 0B       		.uleb128 0xb
 952 073b 04       		.byte	0x4
 953 073c 44030000 		.4byte	0x344
 954 0740 05       		.uleb128 0x5
 955 0741 6F050000 		.4byte	0x56f
 956 0745 16       		.uleb128 0x16
 957 0746 C3040000 		.4byte	0x4c3
 958 074a 55070000 		.4byte	0x755
 959 074e 17       		.uleb128 0x17
 960 074f B1040000 		.4byte	0x4b1
 961 0753 1E       		.byte	0x1e
 962 0754 00       		.byte	0
 963 0755 03       		.uleb128 0x3
 964 0756 FE010000 		.4byte	.LASF123
 965 075a 0C       		.byte	0xc
 966 075b 34       		.byte	0x34
 967 075c 03070000 		.4byte	0x703
 968 0760 0B       		.uleb128 0xb
 969 0761 04       		.byte	0x4
ARM GAS  C:\Users\jo\AppData\Local\Temp\ccrKeGcT.s 			page 18


 970 0762 55070000 		.4byte	0x755
 971 0766 04       		.uleb128 0x4
 972 0767 01       		.byte	0x1
 973 0768 02       		.byte	0x2
 974 0769 C2040000 		.4byte	.LASF124
 975 076d 03       		.uleb128 0x3
 976 076e 85060000 		.4byte	.LASF125
 977 0772 0D       		.byte	0xd
 978 0773 3F       		.byte	0x3f
 979 0774 B0000000 		.4byte	0xb0
 980 0778 1B       		.uleb128 0x1b
 981 0779 01       		.byte	0x1
 982 077a 10       		.byte	0x10
 983 077b 2B       		.byte	0x2b
 984 077c D5070000 		.4byte	0x7d5
 985 0780 1C       		.uleb128 0x1c
 986 0781 B8010000 		.4byte	.LASF126
 987 0785 00       		.sleb128 0
 988 0786 1C       		.uleb128 0x1c
 989 0787 61020000 		.4byte	.LASF127
 990 078b 01       		.sleb128 1
 991 078c 1C       		.uleb128 0x1c
 992 078d E2050000 		.4byte	.LASF128
 993 0791 02       		.sleb128 2
 994 0792 1C       		.uleb128 0x1c
 995 0793 B3000000 		.4byte	.LASF129
 996 0797 03       		.sleb128 3
 997 0798 1C       		.uleb128 0x1c
 998 0799 1D020000 		.4byte	.LASF130
 999 079d 04       		.sleb128 4
 1000 079e 1C       		.uleb128 0x1c
 1001 079f 5E050000 		.4byte	.LASF131
 1002 07a3 05       		.sleb128 5
 1003 07a4 1C       		.uleb128 0x1c
 1004 07a5 CB050000 		.4byte	.LASF132
 1005 07a9 06       		.sleb128 6
 1006 07aa 1C       		.uleb128 0x1c
 1007 07ab F6050000 		.4byte	.LASF133
 1008 07af 07       		.sleb128 7
 1009 07b0 1C       		.uleb128 0x1c
 1010 07b1 B3050000 		.4byte	.LASF134
 1011 07b5 08       		.sleb128 8
 1012 07b6 1C       		.uleb128 0x1c
 1013 07b7 9A020000 		.4byte	.LASF135
 1014 07bb 09       		.sleb128 9
 1015 07bc 1C       		.uleb128 0x1c
 1016 07bd 78050000 		.4byte	.LASF136
 1017 07c1 0A       		.sleb128 10
 1018 07c2 1C       		.uleb128 0x1c
 1019 07c3 0C070000 		.4byte	.LASF137
 1020 07c7 0B       		.sleb128 11
 1021 07c8 1C       		.uleb128 0x1c
 1022 07c9 99000000 		.4byte	.LASF138
 1023 07cd 0C       		.sleb128 12
 1024 07ce 1C       		.uleb128 0x1c
 1025 07cf E9030000 		.4byte	.LASF139
 1026 07d3 0D       		.sleb128 13
ARM GAS  C:\Users\jo\AppData\Local\Temp\ccrKeGcT.s 			page 19


 1027 07d4 00       		.byte	0
 1028 07d5 1D       		.uleb128 0x1d
 1029 07d6 D6000000 		.4byte	.LASF140
 1030 07da 0E       		.byte	0xe
 1031 07db A706     		.2byte	0x6a7
 1032 07dd DC000000 		.4byte	0xdc
 1033 07e1 1E       		.uleb128 0x1e
 1034 07e2 636800   		.ascii	"ch\000"
 1035 07e5 06       		.byte	0x6
 1036 07e6 EB01     		.2byte	0x1eb
 1037 07e8 39040000 		.4byte	0x439
 1038 07ec 16       		.uleb128 0x16
 1039 07ed 6D070000 		.4byte	0x76d
 1040 07f1 FC070000 		.4byte	0x7fc
 1041 07f5 17       		.uleb128 0x17
 1042 07f6 B1040000 		.4byte	0x4b1
 1043 07fa 0C       		.byte	0xc
 1044 07fb 00       		.byte	0
 1045 07fc 1F       		.uleb128 0x1f
 1046 07fd 52060000 		.4byte	.LASF141
 1047 0801 0F       		.byte	0xf
 1048 0802 81       		.byte	0x81
 1049 0803 0D080000 		.4byte	0x80d
 1050 0807 05       		.uleb128 0x5
 1051 0808 03       		.byte	0x3
 1052 0809 00000000 		.4byte	memp_sizes
 1053 080d 13       		.uleb128 0x13
 1054 080e EC070000 		.4byte	0x7ec
 1055 0812 00       		.byte	0
 1056              		.section	.debug_abbrev,"",%progbits
 1057              	.Ldebug_abbrev0:
 1058 0000 01       		.uleb128 0x1
 1059 0001 11       		.uleb128 0x11
 1060 0002 01       		.byte	0x1
 1061 0003 25       		.uleb128 0x25
 1062 0004 0E       		.uleb128 0xe
 1063 0005 13       		.uleb128 0x13
 1064 0006 0B       		.uleb128 0xb
 1065 0007 03       		.uleb128 0x3
 1066 0008 0E       		.uleb128 0xe
 1067 0009 1B       		.uleb128 0x1b
 1068 000a 0E       		.uleb128 0xe
 1069 000b 10       		.uleb128 0x10
 1070 000c 17       		.uleb128 0x17
 1071 000d 00       		.byte	0
 1072 000e 00       		.byte	0
 1073 000f 02       		.uleb128 0x2
 1074 0010 24       		.uleb128 0x24
 1075 0011 00       		.byte	0
 1076 0012 0B       		.uleb128 0xb
 1077 0013 0B       		.uleb128 0xb
 1078 0014 3E       		.uleb128 0x3e
 1079 0015 0B       		.uleb128 0xb
 1080 0016 03       		.uleb128 0x3
 1081 0017 08       		.uleb128 0x8
 1082 0018 00       		.byte	0
 1083 0019 00       		.byte	0
ARM GAS  C:\Users\jo\AppData\Local\Temp\ccrKeGcT.s 			page 20


 1084 001a 03       		.uleb128 0x3
 1085 001b 16       		.uleb128 0x16
 1086 001c 00       		.byte	0
 1087 001d 03       		.uleb128 0x3
 1088 001e 0E       		.uleb128 0xe
 1089 001f 3A       		.uleb128 0x3a
 1090 0020 0B       		.uleb128 0xb
 1091 0021 3B       		.uleb128 0x3b
 1092 0022 0B       		.uleb128 0xb
 1093 0023 49       		.uleb128 0x49
 1094 0024 13       		.uleb128 0x13
 1095 0025 00       		.byte	0
 1096 0026 00       		.byte	0
 1097 0027 04       		.uleb128 0x4
 1098 0028 24       		.uleb128 0x24
 1099 0029 00       		.byte	0
 1100 002a 0B       		.uleb128 0xb
 1101 002b 0B       		.uleb128 0xb
 1102 002c 3E       		.uleb128 0x3e
 1103 002d 0B       		.uleb128 0xb
 1104 002e 03       		.uleb128 0x3
 1105 002f 0E       		.uleb128 0xe
 1106 0030 00       		.byte	0
 1107 0031 00       		.byte	0
 1108 0032 05       		.uleb128 0x5
 1109 0033 35       		.uleb128 0x35
 1110 0034 00       		.byte	0
 1111 0035 49       		.uleb128 0x49
 1112 0036 13       		.uleb128 0x13
 1113 0037 00       		.byte	0
 1114 0038 00       		.byte	0
 1115 0039 06       		.uleb128 0x6
 1116 003a 13       		.uleb128 0x13
 1117 003b 01       		.byte	0x1
 1118 003c 03       		.uleb128 0x3
 1119 003d 0E       		.uleb128 0xe
 1120 003e 0B       		.uleb128 0xb
 1121 003f 0B       		.uleb128 0xb
 1122 0040 3A       		.uleb128 0x3a
 1123 0041 0B       		.uleb128 0xb
 1124 0042 3B       		.uleb128 0x3b
 1125 0043 0B       		.uleb128 0xb
 1126 0044 01       		.uleb128 0x1
 1127 0045 13       		.uleb128 0x13
 1128 0046 00       		.byte	0
 1129 0047 00       		.byte	0
 1130 0048 07       		.uleb128 0x7
 1131 0049 0D       		.uleb128 0xd
 1132 004a 00       		.byte	0
 1133 004b 03       		.uleb128 0x3
 1134 004c 0E       		.uleb128 0xe
 1135 004d 3A       		.uleb128 0x3a
 1136 004e 0B       		.uleb128 0xb
 1137 004f 3B       		.uleb128 0x3b
 1138 0050 0B       		.uleb128 0xb
 1139 0051 49       		.uleb128 0x49
 1140 0052 13       		.uleb128 0x13
ARM GAS  C:\Users\jo\AppData\Local\Temp\ccrKeGcT.s 			page 21


 1141 0053 38       		.uleb128 0x38
 1142 0054 0B       		.uleb128 0xb
 1143 0055 00       		.byte	0
 1144 0056 00       		.byte	0
 1145 0057 08       		.uleb128 0x8
 1146 0058 0D       		.uleb128 0xd
 1147 0059 00       		.byte	0
 1148 005a 03       		.uleb128 0x3
 1149 005b 08       		.uleb128 0x8
 1150 005c 3A       		.uleb128 0x3a
 1151 005d 0B       		.uleb128 0xb
 1152 005e 3B       		.uleb128 0x3b
 1153 005f 05       		.uleb128 0x5
 1154 0060 49       		.uleb128 0x49
 1155 0061 13       		.uleb128 0x13
 1156 0062 38       		.uleb128 0x38
 1157 0063 0B       		.uleb128 0xb
 1158 0064 00       		.byte	0
 1159 0065 00       		.byte	0
 1160 0066 09       		.uleb128 0x9
 1161 0067 0D       		.uleb128 0xd
 1162 0068 00       		.byte	0
 1163 0069 03       		.uleb128 0x3
 1164 006a 0E       		.uleb128 0xe
 1165 006b 3A       		.uleb128 0x3a
 1166 006c 0B       		.uleb128 0xb
 1167 006d 3B       		.uleb128 0x3b
 1168 006e 05       		.uleb128 0x5
 1169 006f 49       		.uleb128 0x49
 1170 0070 13       		.uleb128 0x13
 1171 0071 38       		.uleb128 0x38
 1172 0072 0B       		.uleb128 0xb
 1173 0073 00       		.byte	0
 1174 0074 00       		.byte	0
 1175 0075 0A       		.uleb128 0xa
 1176 0076 13       		.uleb128 0x13
 1177 0077 01       		.byte	0x1
 1178 0078 03       		.uleb128 0x3
 1179 0079 0E       		.uleb128 0xe
 1180 007a 0B       		.uleb128 0xb
 1181 007b 0B       		.uleb128 0xb
 1182 007c 3A       		.uleb128 0x3a
 1183 007d 0B       		.uleb128 0xb
 1184 007e 3B       		.uleb128 0x3b
 1185 007f 05       		.uleb128 0x5
 1186 0080 01       		.uleb128 0x1
 1187 0081 13       		.uleb128 0x13
 1188 0082 00       		.byte	0
 1189 0083 00       		.byte	0
 1190 0084 0B       		.uleb128 0xb
 1191 0085 0F       		.uleb128 0xf
 1192 0086 00       		.byte	0
 1193 0087 0B       		.uleb128 0xb
 1194 0088 0B       		.uleb128 0xb
 1195 0089 49       		.uleb128 0x49
 1196 008a 13       		.uleb128 0x13
 1197 008b 00       		.byte	0
ARM GAS  C:\Users\jo\AppData\Local\Temp\ccrKeGcT.s 			page 22


 1198 008c 00       		.byte	0
 1199 008d 0C       		.uleb128 0xc
 1200 008e 15       		.uleb128 0x15
 1201 008f 01       		.byte	0x1
 1202 0090 27       		.uleb128 0x27
 1203 0091 19       		.uleb128 0x19
 1204 0092 01       		.uleb128 0x1
 1205 0093 13       		.uleb128 0x13
 1206 0094 00       		.byte	0
 1207 0095 00       		.byte	0
 1208 0096 0D       		.uleb128 0xd
 1209 0097 05       		.uleb128 0x5
 1210 0098 00       		.byte	0
 1211 0099 49       		.uleb128 0x49
 1212 009a 13       		.uleb128 0x13
 1213 009b 00       		.byte	0
 1214 009c 00       		.byte	0
 1215 009d 0E       		.uleb128 0xe
 1216 009e 0F       		.uleb128 0xf
 1217 009f 00       		.byte	0
 1218 00a0 0B       		.uleb128 0xb
 1219 00a1 0B       		.uleb128 0xb
 1220 00a2 00       		.byte	0
 1221 00a3 00       		.byte	0
 1222 00a4 0F       		.uleb128 0xf
 1223 00a5 13       		.uleb128 0x13
 1224 00a6 01       		.byte	0x1
 1225 00a7 03       		.uleb128 0x3
 1226 00a8 0E       		.uleb128 0xe
 1227 00a9 0B       		.uleb128 0xb
 1228 00aa 05       		.uleb128 0x5
 1229 00ab 3A       		.uleb128 0x3a
 1230 00ac 0B       		.uleb128 0xb
 1231 00ad 3B       		.uleb128 0x3b
 1232 00ae 05       		.uleb128 0x5
 1233 00af 01       		.uleb128 0x1
 1234 00b0 13       		.uleb128 0x13
 1235 00b1 00       		.byte	0
 1236 00b2 00       		.byte	0
 1237 00b3 10       		.uleb128 0x10
 1238 00b4 0D       		.uleb128 0xd
 1239 00b5 00       		.byte	0
 1240 00b6 03       		.uleb128 0x3
 1241 00b7 0E       		.uleb128 0xe
 1242 00b8 3A       		.uleb128 0x3a
 1243 00b9 0B       		.uleb128 0xb
 1244 00ba 3B       		.uleb128 0x3b
 1245 00bb 05       		.uleb128 0x5
 1246 00bc 49       		.uleb128 0x49
 1247 00bd 13       		.uleb128 0x13
 1248 00be 38       		.uleb128 0x38
 1249 00bf 05       		.uleb128 0x5
 1250 00c0 00       		.byte	0
 1251 00c1 00       		.byte	0
 1252 00c2 11       		.uleb128 0x11
 1253 00c3 0D       		.uleb128 0xd
 1254 00c4 00       		.byte	0
ARM GAS  C:\Users\jo\AppData\Local\Temp\ccrKeGcT.s 			page 23


 1255 00c5 03       		.uleb128 0x3
 1256 00c6 08       		.uleb128 0x8
 1257 00c7 3A       		.uleb128 0x3a
 1258 00c8 0B       		.uleb128 0xb
 1259 00c9 3B       		.uleb128 0x3b
 1260 00ca 05       		.uleb128 0x5
 1261 00cb 49       		.uleb128 0x49
 1262 00cc 13       		.uleb128 0x13
 1263 00cd 38       		.uleb128 0x38
 1264 00ce 05       		.uleb128 0x5
 1265 00cf 00       		.byte	0
 1266 00d0 00       		.byte	0
 1267 00d1 12       		.uleb128 0x12
 1268 00d2 0D       		.uleb128 0xd
 1269 00d3 00       		.byte	0
 1270 00d4 03       		.uleb128 0x3
 1271 00d5 08       		.uleb128 0x8
 1272 00d6 3A       		.uleb128 0x3a
 1273 00d7 0B       		.uleb128 0xb
 1274 00d8 3B       		.uleb128 0x3b
 1275 00d9 0B       		.uleb128 0xb
 1276 00da 49       		.uleb128 0x49
 1277 00db 13       		.uleb128 0x13
 1278 00dc 38       		.uleb128 0x38
 1279 00dd 0B       		.uleb128 0xb
 1280 00de 00       		.byte	0
 1281 00df 00       		.byte	0
 1282 00e0 13       		.uleb128 0x13
 1283 00e1 26       		.uleb128 0x26
 1284 00e2 00       		.byte	0
 1285 00e3 49       		.uleb128 0x49
 1286 00e4 13       		.uleb128 0x13
 1287 00e5 00       		.byte	0
 1288 00e6 00       		.byte	0
 1289 00e7 14       		.uleb128 0x14
 1290 00e8 13       		.uleb128 0x13
 1291 00e9 01       		.byte	0x1
 1292 00ea 0B       		.uleb128 0xb
 1293 00eb 0B       		.uleb128 0xb
 1294 00ec 3A       		.uleb128 0x3a
 1295 00ed 0B       		.uleb128 0xb
 1296 00ee 3B       		.uleb128 0x3b
 1297 00ef 0B       		.uleb128 0xb
 1298 00f0 01       		.uleb128 0x1
 1299 00f1 13       		.uleb128 0x13
 1300 00f2 00       		.byte	0
 1301 00f3 00       		.byte	0
 1302 00f4 15       		.uleb128 0x15
 1303 00f5 13       		.uleb128 0x13
 1304 00f6 01       		.byte	0x1
 1305 00f7 0B       		.uleb128 0xb
 1306 00f8 05       		.uleb128 0x5
 1307 00f9 3A       		.uleb128 0x3a
 1308 00fa 0B       		.uleb128 0xb
 1309 00fb 3B       		.uleb128 0x3b
 1310 00fc 0B       		.uleb128 0xb
 1311 00fd 01       		.uleb128 0x1
ARM GAS  C:\Users\jo\AppData\Local\Temp\ccrKeGcT.s 			page 24


 1312 00fe 13       		.uleb128 0x13
 1313 00ff 00       		.byte	0
 1314 0100 00       		.byte	0
 1315 0101 16       		.uleb128 0x16
 1316 0102 01       		.uleb128 0x1
 1317 0103 01       		.byte	0x1
 1318 0104 49       		.uleb128 0x49
 1319 0105 13       		.uleb128 0x13
 1320 0106 01       		.uleb128 0x1
 1321 0107 13       		.uleb128 0x13
 1322 0108 00       		.byte	0
 1323 0109 00       		.byte	0
 1324 010a 17       		.uleb128 0x17
 1325 010b 21       		.uleb128 0x21
 1326 010c 00       		.byte	0
 1327 010d 49       		.uleb128 0x49
 1328 010e 13       		.uleb128 0x13
 1329 010f 2F       		.uleb128 0x2f
 1330 0110 0B       		.uleb128 0xb
 1331 0111 00       		.byte	0
 1332 0112 00       		.byte	0
 1333 0113 18       		.uleb128 0x18
 1334 0114 17       		.uleb128 0x17
 1335 0115 01       		.byte	0x1
 1336 0116 0B       		.uleb128 0xb
 1337 0117 0B       		.uleb128 0xb
 1338 0118 3A       		.uleb128 0x3a
 1339 0119 0B       		.uleb128 0xb
 1340 011a 3B       		.uleb128 0x3b
 1341 011b 0B       		.uleb128 0xb
 1342 011c 01       		.uleb128 0x1
 1343 011d 13       		.uleb128 0x13
 1344 011e 00       		.byte	0
 1345 011f 00       		.byte	0
 1346 0120 19       		.uleb128 0x19
 1347 0121 0D       		.uleb128 0xd
 1348 0122 00       		.byte	0
 1349 0123 03       		.uleb128 0x3
 1350 0124 0E       		.uleb128 0xe
 1351 0125 3A       		.uleb128 0x3a
 1352 0126 0B       		.uleb128 0xb
 1353 0127 3B       		.uleb128 0x3b
 1354 0128 0B       		.uleb128 0xb
 1355 0129 49       		.uleb128 0x49
 1356 012a 13       		.uleb128 0x13
 1357 012b 00       		.byte	0
 1358 012c 00       		.byte	0
 1359 012d 1A       		.uleb128 0x1a
 1360 012e 0D       		.uleb128 0xd
 1361 012f 00       		.byte	0
 1362 0130 03       		.uleb128 0x3
 1363 0131 0E       		.uleb128 0xe
 1364 0132 3A       		.uleb128 0x3a
 1365 0133 0B       		.uleb128 0xb
 1366 0134 3B       		.uleb128 0x3b
 1367 0135 05       		.uleb128 0x5
 1368 0136 49       		.uleb128 0x49
ARM GAS  C:\Users\jo\AppData\Local\Temp\ccrKeGcT.s 			page 25


 1369 0137 13       		.uleb128 0x13
 1370 0138 00       		.byte	0
 1371 0139 00       		.byte	0
 1372 013a 1B       		.uleb128 0x1b
 1373 013b 04       		.uleb128 0x4
 1374 013c 01       		.byte	0x1
 1375 013d 0B       		.uleb128 0xb
 1376 013e 0B       		.uleb128 0xb
 1377 013f 3A       		.uleb128 0x3a
 1378 0140 0B       		.uleb128 0xb
 1379 0141 3B       		.uleb128 0x3b
 1380 0142 0B       		.uleb128 0xb
 1381 0143 01       		.uleb128 0x1
 1382 0144 13       		.uleb128 0x13
 1383 0145 00       		.byte	0
 1384 0146 00       		.byte	0
 1385 0147 1C       		.uleb128 0x1c
 1386 0148 28       		.uleb128 0x28
 1387 0149 00       		.byte	0
 1388 014a 03       		.uleb128 0x3
 1389 014b 0E       		.uleb128 0xe
 1390 014c 1C       		.uleb128 0x1c
 1391 014d 0D       		.uleb128 0xd
 1392 014e 00       		.byte	0
 1393 014f 00       		.byte	0
 1394 0150 1D       		.uleb128 0x1d
 1395 0151 34       		.uleb128 0x34
 1396 0152 00       		.byte	0
 1397 0153 03       		.uleb128 0x3
 1398 0154 0E       		.uleb128 0xe
 1399 0155 3A       		.uleb128 0x3a
 1400 0156 0B       		.uleb128 0xb
 1401 0157 3B       		.uleb128 0x3b
 1402 0158 05       		.uleb128 0x5
 1403 0159 49       		.uleb128 0x49
 1404 015a 13       		.uleb128 0x13
 1405 015b 3F       		.uleb128 0x3f
 1406 015c 19       		.uleb128 0x19
 1407 015d 3C       		.uleb128 0x3c
 1408 015e 19       		.uleb128 0x19
 1409 015f 00       		.byte	0
 1410 0160 00       		.byte	0
 1411 0161 1E       		.uleb128 0x1e
 1412 0162 34       		.uleb128 0x34
 1413 0163 00       		.byte	0
 1414 0164 03       		.uleb128 0x3
 1415 0165 08       		.uleb128 0x8
 1416 0166 3A       		.uleb128 0x3a
 1417 0167 0B       		.uleb128 0xb
 1418 0168 3B       		.uleb128 0x3b
 1419 0169 05       		.uleb128 0x5
 1420 016a 49       		.uleb128 0x49
 1421 016b 13       		.uleb128 0x13
 1422 016c 3F       		.uleb128 0x3f
 1423 016d 19       		.uleb128 0x19
 1424 016e 3C       		.uleb128 0x3c
 1425 016f 19       		.uleb128 0x19
ARM GAS  C:\Users\jo\AppData\Local\Temp\ccrKeGcT.s 			page 26


 1426 0170 00       		.byte	0
 1427 0171 00       		.byte	0
 1428 0172 1F       		.uleb128 0x1f
 1429 0173 34       		.uleb128 0x34
 1430 0174 00       		.byte	0
 1431 0175 03       		.uleb128 0x3
 1432 0176 0E       		.uleb128 0xe
 1433 0177 3A       		.uleb128 0x3a
 1434 0178 0B       		.uleb128 0xb
 1435 0179 3B       		.uleb128 0x3b
 1436 017a 0B       		.uleb128 0xb
 1437 017b 49       		.uleb128 0x49
 1438 017c 13       		.uleb128 0x13
 1439 017d 3F       		.uleb128 0x3f
 1440 017e 19       		.uleb128 0x19
 1441 017f 02       		.uleb128 0x2
 1442 0180 18       		.uleb128 0x18
 1443 0181 00       		.byte	0
 1444 0182 00       		.byte	0
 1445 0183 00       		.byte	0
 1446              		.section	.debug_aranges,"",%progbits
 1447 0000 14000000 		.4byte	0x14
 1448 0004 0200     		.2byte	0x2
 1449 0006 00000000 		.4byte	.Ldebug_info0
 1450 000a 04       		.byte	0x4
 1451 000b 00       		.byte	0
 1452 000c 0000     		.2byte	0
 1453 000e 0000     		.2byte	0
 1454 0010 00000000 		.4byte	0
 1455 0014 00000000 		.4byte	0
 1456              		.section	.debug_line,"",%progbits
 1457              	.Ldebug_line0:
 1458 0000 C6020000 		.section	.debug_str,"MS",%progbits,1
 1458      0200C002 
 1458      00000201 
 1458      FB0E0D00 
 1458      01010101 
 1459              	.LASF21:
 1460 0000 72747469 		.ascii	"rttime_t\000"
 1460      6D655F74 
 1460      00
 1461              	.LASF56:
 1462 0009 72656164 		.ascii	"ready_list_t\000"
 1462      795F6C69 
 1462      73745F74 
 1462      00
 1463              	.LASF2:
 1464 0016 73697A65 		.ascii	"size_t\000"
 1464      5F7400
 1465              	.LASF115:
 1466 001d 7264796D 		.ascii	"rdymsg\000"
 1466      736700
 1467              	.LASF19:
 1468 0024 75696E74 		.ascii	"uint64_t\000"
 1468      36345F74 
 1468      00
 1469              	.LASF86:
ARM GAS  C:\Users\jo\AppData\Local\Temp\ccrKeGcT.s 			page 27


 1470 002d 6B65726E 		.ascii	"kernel_stats\000"
 1470      656C5F73 
 1470      74617473 
 1470      00
 1471              	.LASF3:
 1472 003a 5F5F7569 		.ascii	"__uint8_t\000"
 1472      6E74385F 
 1472      7400
 1473              	.LASF92:
 1474 0044 706F7274 		.ascii	"port_intctx\000"
 1474      5F696E74 
 1474      63747800 
 1475              	.LASF84:
 1476 0050 76746C69 		.ascii	"vtlist\000"
 1476      737400
 1477              	.LASF106:
 1478 0057 776F7273 		.ascii	"worst\000"
 1478      7400
 1479              	.LASF109:
 1480 005d 74696D65 		.ascii	"time_measurement_t\000"
 1480      5F6D6561 
 1480      73757265 
 1480      6D656E74 
 1480      5F7400
 1481              	.LASF14:
 1482 0070 6C6F6E67 		.ascii	"long long unsigned int\000"
 1482      206C6F6E 
 1482      6720756E 
 1482      7369676E 
 1482      65642069 
 1483              	.LASF97:
 1484 0087 73655F73 		.ascii	"se_state\000"
 1484      74617465 
 1484      00
 1485              	.LASF116:
 1486 0090 65786974 		.ascii	"exitcode\000"
 1486      636F6465 
 1486      00
 1487              	.LASF138:
 1488 0099 4D454D50 		.ascii	"MEMP_PBUF_POOL\000"
 1488      5F504255 
 1488      465F504F 
 1488      4F4C00
 1489              	.LASF85:
 1490 00a8 6D61696E 		.ascii	"mainthread\000"
 1490      74687265 
 1490      616400
 1491              	.LASF129:
 1492 00b3 4D454D50 		.ascii	"MEMP_TCP_SEG\000"
 1492      5F544350 
 1492      5F534547 
 1492      00
 1493              	.LASF72:
 1494 00c0 76697274 		.ascii	"virtual_timers_list_t\000"
 1494      75616C5F 
 1494      74696D65 
 1494      72735F6C 
ARM GAS  C:\Users\jo\AppData\Local\Temp\ccrKeGcT.s 			page 28


 1494      6973745F 
 1495              	.LASF140:
 1496 00d6 49544D5F 		.ascii	"ITM_RxBuffer\000"
 1496      52784275 
 1496      66666572 
 1496      00
 1497              	.LASF55:
 1498 00e3 63685F74 		.ascii	"ch_threads_queue\000"
 1498      68726561 
 1498      64735F71 
 1498      75657565 
 1498      00
 1499              	.LASF34:
 1500 00f4 705F7072 		.ascii	"p_prio\000"
 1500      696F00
 1501              	.LASF144:
 1502 00fb 433A5C55 		.ascii	"C:\\Users\\jo\\Documents\\GitHub\\ChibiOS\\demos\\S"
 1502      73657273 
 1502      5C6A6F5C 
 1502      446F6375 
 1502      6D656E74 
 1503 0127 544D3332 		.ascii	"TM32\\RT-STM32F407-DISCOVERY-uHttp\000"
 1503      5C52542D 
 1503      53544D33 
 1503      32463430 
 1503      372D4449 
 1504              	.LASF12:
 1505 0149 6C6F6E67 		.ascii	"long long int\000"
 1505      206C6F6E 
 1505      6720696E 
 1505      7400
 1506              	.LASF1:
 1507 0157 7369676E 		.ascii	"signed char\000"
 1507      65642063 
 1507      68617200 
 1508              	.LASF11:
 1509 0163 6C6F6E67 		.ascii	"long unsigned int\000"
 1509      20756E73 
 1509      69676E65 
 1509      6420696E 
 1509      7400
 1510              	.LASF49:
 1511 0175 705F6D70 		.ascii	"p_mpool\000"
 1511      6F6F6C00 
 1512              	.LASF120:
 1513 017d 6D5F7175 		.ascii	"m_queue\000"
 1513      65756500 
 1514              	.LASF82:
 1515 0185 63685F73 		.ascii	"ch_system\000"
 1515      79737465 
 1515      6D00
 1516              	.LASF9:
 1517 018f 6C6F6E67 		.ascii	"long int\000"
 1517      20696E74 
 1517      00
 1518              	.LASF23:
 1519 0198 74737461 		.ascii	"tstate_t\000"
ARM GAS  C:\Users\jo\AppData\Local\Temp\ccrKeGcT.s 			page 29


 1519      74655F74 
 1519      00
 1520              	.LASF50:
 1521 01a1 705F7374 		.ascii	"p_stats\000"
 1521      61747300 
 1522              	.LASF95:
 1523 01a9 73655F74 		.ascii	"se_tp\000"
 1523      7000
 1524              	.LASF16:
 1525 01af 75696E74 		.ascii	"uint16_t\000"
 1525      31365F74 
 1525      00
 1526              	.LASF126:
 1527 01b8 4D454D50 		.ascii	"MEMP_UDP_PCB\000"
 1527      5F554450 
 1527      5F504342 
 1527      00
 1528              	.LASF36:
 1529 01c5 705F6E65 		.ascii	"p_newer\000"
 1529      77657200 
 1530              	.LASF99:
 1531 01cd 74625F73 		.ascii	"tb_size\000"
 1531      697A6500 
 1532              	.LASF61:
 1533 01d5 725F6E65 		.ascii	"r_newer\000"
 1533      77657200 
 1534              	.LASF89:
 1535 01dd 72656761 		.ascii	"regarm_t\000"
 1535      726D5F74 
 1535      00
 1536              	.LASF68:
 1537 01e6 76745F70 		.ascii	"vt_prev\000"
 1537      72657600 
 1538              	.LASF76:
 1539 01ee 63685F73 		.ascii	"ch_system_debug\000"
 1539      79737465 
 1539      6D5F6465 
 1539      62756700 
 1540              	.LASF123:
 1541 01fe 6D757465 		.ascii	"mutex_t\000"
 1541      785F7400 
 1542              	.LASF79:
 1543 0206 6C6F636B 		.ascii	"lock_cnt\000"
 1543      5F636E74 
 1543      00
 1544              	.LASF94:
 1545 020f 73655F74 		.ascii	"se_time\000"
 1545      696D6500 
 1546              	.LASF28:
 1547 0217 636E745F 		.ascii	"cnt_t\000"
 1547      7400
 1548              	.LASF130:
 1549 021d 4D454D50 		.ascii	"MEMP_REASSDATA\000"
 1549      5F524541 
 1549      53534441 
 1549      544100
 1550              	.LASF39:
ARM GAS  C:\Users\jo\AppData\Local\Temp\ccrKeGcT.s 			page 30


 1551 022c 705F7374 		.ascii	"p_stklimit\000"
 1551      6B6C696D 
 1551      697400
 1552              	.LASF0:
 1553 0237 756E7369 		.ascii	"unsigned int\000"
 1553      676E6564 
 1553      20696E74 
 1553      00
 1554              	.LASF75:
 1555 0244 73797374 		.ascii	"system_debug_t\000"
 1555      656D5F64 
 1555      65627567 
 1555      5F7400
 1556              	.LASF67:
 1557 0253 76745F6E 		.ascii	"vt_next\000"
 1557      65787400 
 1558              	.LASF110:
 1559 025b 6E5F6972 		.ascii	"n_irq\000"
 1559      7100
 1560              	.LASF127:
 1561 0261 4D454D50 		.ascii	"MEMP_TCP_PCB\000"
 1561      5F544350 
 1561      5F504342 
 1561      00
 1562              	.LASF7:
 1563 026e 73686F72 		.ascii	"short unsigned int\000"
 1563      7420756E 
 1563      7369676E 
 1563      65642069 
 1563      6E7400
 1564              	.LASF114:
 1565 0281 6B65726E 		.ascii	"kernel_stats_t\000"
 1565      656C5F73 
 1565      74617473 
 1565      5F7400
 1566              	.LASF52:
 1567 0290 63685F74 		.ascii	"ch_thread\000"
 1567      68726561 
 1567      6400
 1568              	.LASF135:
 1569 029a 4D454D50 		.ascii	"MEMP_TCPIP_MSG_INPKT\000"
 1569      5F544350 
 1569      49505F4D 
 1569      53475F49 
 1569      4E504B54 
 1570              	.LASF26:
 1571 02af 6D73675F 		.ascii	"msg_t\000"
 1571      7400
 1572              	.LASF107:
 1573 02b5 6C617374 		.ascii	"last\000"
 1573      00
 1574              	.LASF29:
 1575 02ba 75636E74 		.ascii	"ucnt_t\000"
 1575      5F7400
 1576              	.LASF81:
 1577 02c1 63685F73 		.ascii	"ch_system_t\000"
 1577      79737465 
ARM GAS  C:\Users\jo\AppData\Local\Temp\ccrKeGcT.s 			page 31


 1577      6D5F7400 
 1578              	.LASF22:
 1579 02cd 746D6F64 		.ascii	"tmode_t\000"
 1579      655F7400 
 1580              	.LASF113:
 1581 02d5 6D5F6372 		.ascii	"m_crit_isr\000"
 1581      69745F69 
 1581      737200
 1582              	.LASF57:
 1583 02e0 63685F72 		.ascii	"ch_ready_list\000"
 1583      65616479 
 1583      5F6C6973 
 1583      7400
 1584              	.LASF27:
 1585 02ee 6576656E 		.ascii	"eventmask_t\000"
 1585      746D6173 
 1585      6B5F7400 
 1586              	.LASF8:
 1587 02fa 5F5F696E 		.ascii	"__int32_t\000"
 1587      7433325F 
 1587      7400
 1588              	.LASF142:
 1589 0304 474E5520 		.ascii	"GNU C 4.9.3 20141119 (release) [ARM/embedded-4_9-br"
 1589      4320342E 
 1589      392E3320 
 1589      32303134 
 1589      31313139 
 1590 0337 616E6368 		.ascii	"anch revision 218278] -mcpu=cortex-m4 -mno-thumb-in"
 1590      20726576 
 1590      6973696F 
 1590      6E203231 
 1590      38323738 
 1591 036a 74657277 		.ascii	"terwork -mthumb -ggdb -O2 -fomit-frame-pointer -fal"
 1591      6F726B20 
 1591      2D6D7468 
 1591      756D6220 
 1591      2D676764 
 1592 039d 69676E2D 		.ascii	"ign-functions=16 -ffunction-sections -fdata-section"
 1592      66756E63 
 1592      74696F6E 
 1592      733D3136 
 1592      202D6666 
 1593 03d0 73202D66 		.ascii	"s -fno-common\000"
 1593      6E6F2D63 
 1593      6F6D6D6F 
 1593      6E00
 1594              	.LASF90:
 1595 03de 73746B61 		.ascii	"stkalign_t\000"
 1595      6C69676E 
 1595      5F7400
 1596              	.LASF139:
 1597 03e9 4D454D50 		.ascii	"MEMP_MAX\000"
 1597      5F4D4158 
 1597      00
 1598              	.LASF100:
 1599 03f2 74625F70 		.ascii	"tb_ptr\000"
 1599      747200
ARM GAS  C:\Users\jo\AppData\Local\Temp\ccrKeGcT.s 			page 32


 1600              	.LASF20:
 1601 03f9 7274636E 		.ascii	"rtcnt_t\000"
 1601      745F7400 
 1602              	.LASF73:
 1603 0401 63685F76 		.ascii	"ch_virtual_timers_list\000"
 1603      69727475 
 1603      616C5F74 
 1603      696D6572 
 1603      735F6C69 
 1604              	.LASF70:
 1605 0418 76745F66 		.ascii	"vt_func\000"
 1605      756E6300 
 1606              	.LASF98:
 1607 0420 63685F73 		.ascii	"ch_swc_event_t\000"
 1607      77635F65 
 1607      76656E74 
 1607      5F7400
 1608              	.LASF74:
 1609 042f 76745F6C 		.ascii	"vt_lasttime\000"
 1609      61737474 
 1609      696D6500 
 1610              	.LASF37:
 1611 043b 705F6F6C 		.ascii	"p_older\000"
 1611      64657200 
 1612              	.LASF60:
 1613 0443 725F6374 		.ascii	"r_ctx\000"
 1613      7800
 1614              	.LASF104:
 1615 0449 746D5F63 		.ascii	"tm_calibration_t\000"
 1615      616C6962 
 1615      72617469 
 1615      6F6E5F74 
 1615      00
 1616              	.LASF63:
 1617 045a 725F6375 		.ascii	"r_current\000"
 1617      7272656E 
 1617      7400
 1618              	.LASF62:
 1619 0464 725F6F6C 		.ascii	"r_older\000"
 1619      64657200 
 1620              	.LASF13:
 1621 046c 5F5F7569 		.ascii	"__uint64_t\000"
 1621      6E743634 
 1621      5F7400
 1622              	.LASF108:
 1623 0477 63756D75 		.ascii	"cumulative\000"
 1623      6C617469 
 1623      766500
 1624              	.LASF24:
 1625 0482 74726566 		.ascii	"trefs_t\000"
 1625      735F7400 
 1626              	.LASF101:
 1627 048a 74625F62 		.ascii	"tb_buffer\000"
 1627      75666665 
 1627      7200
 1628              	.LASF65:
 1629 0494 76697274 		.ascii	"virtual_timer_t\000"
ARM GAS  C:\Users\jo\AppData\Local\Temp\ccrKeGcT.s 			page 33


 1629      75616C5F 
 1629      74696D65 
 1629      725F7400 
 1630              	.LASF33:
 1631 04a4 705F7072 		.ascii	"p_prev\000"
 1631      657600
 1632              	.LASF25:
 1633 04ab 74707269 		.ascii	"tprio_t\000"
 1633      6F5F7400 
 1634              	.LASF119:
 1635 04b3 6D757465 		.ascii	"mutex\000"
 1635      7800
 1636              	.LASF111:
 1637 04b9 6E5F6374 		.ascii	"n_ctxswc\000"
 1637      78737763 
 1637      00
 1638              	.LASF124:
 1639 04c2 5F426F6F 		.ascii	"_Bool\000"
 1639      6C00
 1640              	.LASF17:
 1641 04c8 696E7433 		.ascii	"int32_t\000"
 1641      325F7400 
 1642              	.LASF102:
 1643 04d0 63685F74 		.ascii	"ch_trace_buffer_t\000"
 1643      72616365 
 1643      5F627566 
 1643      6665725F 
 1643      7400
 1644              	.LASF143:
 1645 04e2 2E2E2F2E 		.ascii	"../../../os/ext/lwip-1.4.1/src/core/memp.c\000"
 1645      2E2F2E2E 
 1645      2F6F732F 
 1645      6578742F 
 1645      6C776970 
 1646              	.LASF47:
 1647 050d 705F6D74 		.ascii	"p_mtxlist\000"
 1647      786C6973 
 1647      7400
 1648              	.LASF5:
 1649 0517 73686F72 		.ascii	"short int\000"
 1649      7420696E 
 1649      7400
 1650              	.LASF40:
 1651 0521 705F7374 		.ascii	"p_state\000"
 1651      61746500 
 1652              	.LASF59:
 1653 0529 725F7072 		.ascii	"r_prio\000"
 1653      696F00
 1654              	.LASF118:
 1655 0530 65776D61 		.ascii	"ewmask\000"
 1655      736B00
 1656              	.LASF32:
 1657 0537 705F6E65 		.ascii	"p_next\000"
 1657      787400
 1658              	.LASF87:
 1659 053e 69646C65 		.ascii	"idle_thread_wa\000"
 1659      5F746872 
ARM GAS  C:\Users\jo\AppData\Local\Temp\ccrKeGcT.s 			page 34


 1659      6561645F 
 1659      776100
 1660              	.LASF66:
 1661 054d 63685F76 		.ascii	"ch_virtual_timer\000"
 1661      69727475 
 1661      616C5F74 
 1661      696D6572 
 1661      00
 1662              	.LASF131:
 1663 055e 4D454D50 		.ascii	"MEMP_FRAG_PBUF\000"
 1663      5F465241 
 1663      475F5042 
 1663      554600
 1664              	.LASF46:
 1665 056d 705F6570 		.ascii	"p_epending\000"
 1665      656E6469 
 1665      6E6700
 1666              	.LASF136:
 1667 0578 4D454D50 		.ascii	"MEMP_SYS_TIMEOUT\000"
 1667      5F535953 
 1667      5F54494D 
 1667      454F5554 
 1667      00
 1668              	.LASF18:
 1669 0589 75696E74 		.ascii	"uint32_t\000"
 1669      33325F74 
 1669      00
 1670              	.LASF58:
 1671 0592 725F7175 		.ascii	"r_queue\000"
 1671      65756500 
 1672              	.LASF69:
 1673 059a 76745F64 		.ascii	"vt_delta\000"
 1673      656C7461 
 1673      00
 1674              	.LASF53:
 1675 05a3 63685F74 		.ascii	"ch_threads_list\000"
 1675      68726561 
 1675      64735F6C 
 1675      69737400 
 1676              	.LASF134:
 1677 05b3 4D454D50 		.ascii	"MEMP_TCPIP_MSG_API\000"
 1677      5F544350 
 1677      49505F4D 
 1677      53475F41 
 1677      504900
 1678              	.LASF93:
 1679 05c6 63686172 		.ascii	"char\000"
 1679      00
 1680              	.LASF132:
 1681 05cb 4D454D50 		.ascii	"MEMP_NETBUF\000"
 1681      5F4E4554 
 1681      42554600 
 1682              	.LASF6:
 1683 05d7 5F5F7569 		.ascii	"__uint16_t\000"
 1683      6E743136 
 1683      5F7400
 1684              	.LASF128:
ARM GAS  C:\Users\jo\AppData\Local\Temp\ccrKeGcT.s 			page 35


 1685 05e2 4D454D50 		.ascii	"MEMP_TCP_PCB_LISTEN\000"
 1685      5F544350 
 1685      5F504342 
 1685      5F4C4953 
 1685      54454E00 
 1686              	.LASF133:
 1687 05f6 4D454D50 		.ascii	"MEMP_NETCONN\000"
 1687      5F4E4554 
 1687      434F4E4E 
 1687      00
 1688              	.LASF31:
 1689 0603 74687265 		.ascii	"thread_t\000"
 1689      61645F74 
 1689      00
 1690              	.LASF105:
 1691 060c 62657374 		.ascii	"best\000"
 1691      00
 1692              	.LASF122:
 1693 0611 6D5F6E65 		.ascii	"m_next\000"
 1693      787400
 1694              	.LASF30:
 1695 0618 73797374 		.ascii	"systime_t\000"
 1695      696D655F 
 1695      7400
 1696              	.LASF48:
 1697 0622 705F7265 		.ascii	"p_realprio\000"
 1697      616C7072 
 1697      696F00
 1698              	.LASF64:
 1699 062d 76746675 		.ascii	"vtfunc_t\000"
 1699      6E635F74 
 1699      00
 1700              	.LASF10:
 1701 0636 5F5F7569 		.ascii	"__uint32_t\000"
 1701      6E743332 
 1701      5F7400
 1702              	.LASF77:
 1703 0641 70616E69 		.ascii	"panic_msg\000"
 1703      635F6D73 
 1703      6700
 1704              	.LASF103:
 1705 064b 6F666673 		.ascii	"offset\000"
 1705      657400
 1706              	.LASF141:
 1707 0652 6D656D70 		.ascii	"memp_sizes\000"
 1707      5F73697A 
 1707      657300
 1708              	.LASF91:
 1709 065d 636F6E74 		.ascii	"context\000"
 1709      65787400 
 1710              	.LASF4:
 1711 0665 756E7369 		.ascii	"unsigned char\000"
 1711      676E6564 
 1711      20636861 
 1711      7200
 1712              	.LASF44:
 1713 0673 705F6D73 		.ascii	"p_msgqueue\000"
ARM GAS  C:\Users\jo\AppData\Local\Temp\ccrKeGcT.s 			page 36


 1713      67717565 
 1713      756500
 1714              	.LASF71:
 1715 067e 76745F70 		.ascii	"vt_par\000"
 1715      617200
 1716              	.LASF125:
 1717 0685 7531365F 		.ascii	"u16_t\000"
 1717      7400
 1718              	.LASF54:
 1719 068b 74687265 		.ascii	"threads_queue_t\000"
 1719      6164735F 
 1719      71756575 
 1719      655F7400 
 1720              	.LASF42:
 1721 069b 705F7265 		.ascii	"p_refs\000"
 1721      667300
 1722              	.LASF78:
 1723 06a2 6973725F 		.ascii	"isr_cnt\000"
 1723      636E7400 
 1724              	.LASF83:
 1725 06aa 726C6973 		.ascii	"rlist\000"
 1725      7400
 1726              	.LASF121:
 1727 06b0 6D5F6F77 		.ascii	"m_owner\000"
 1727      6E657200 
 1728              	.LASF15:
 1729 06b8 75696E74 		.ascii	"uint8_t\000"
 1729      385F7400 
 1730              	.LASF88:
 1731 06c0 73697A65 		.ascii	"sizetype\000"
 1731      74797065 
 1731      00
 1732              	.LASF117:
 1733 06c9 77746F62 		.ascii	"wtobjp\000"
 1733      6A7000
 1734              	.LASF38:
 1735 06d0 705F6E61 		.ascii	"p_name\000"
 1735      6D6500
 1736              	.LASF51:
 1737 06d7 74687265 		.ascii	"threads_list_t\000"
 1737      6164735F 
 1737      6C697374 
 1737      5F7400
 1738              	.LASF80:
 1739 06e6 74726163 		.ascii	"trace_buffer\000"
 1739      655F6275 
 1739      66666572 
 1739      00
 1740              	.LASF41:
 1741 06f3 705F666C 		.ascii	"p_flags\000"
 1741      61677300 
 1742              	.LASF45:
 1743 06fb 705F6D73 		.ascii	"p_msg\000"
 1743      6700
 1744              	.LASF112:
 1745 0701 6D5F6372 		.ascii	"m_crit_thd\000"
 1745      69745F74 
ARM GAS  C:\Users\jo\AppData\Local\Temp\ccrKeGcT.s 			page 37


 1745      686400
 1746              	.LASF137:
 1747 070c 4D454D50 		.ascii	"MEMP_PBUF\000"
 1747      5F504255 
 1747      4600
 1748              	.LASF96:
 1749 0716 73655F77 		.ascii	"se_wtobjp\000"
 1749      746F626A 
 1749      7000
 1750              	.LASF35:
 1751 0720 705F6374 		.ascii	"p_ctx\000"
 1751      7800
 1752              	.LASF43:
 1753 0726 705F7761 		.ascii	"p_waiting\000"
 1753      6974696E 
 1753      6700
 1754              		.ident	"GCC: (GNU Tools for ARM Embedded Processors) 4.9.3 20141119 (release) [ARM/embedded-4_9-br
ARM GAS  C:\Users\jo\AppData\Local\Temp\ccrKeGcT.s 			page 38


DEFINED SYMBOLS
                            *ABS*:00000000 memp.c
C:\Users\jo\AppData\Local\Temp\ccrKeGcT.s:23     .rodata.memp_sizes:00000000 memp_sizes
C:\Users\jo\AppData\Local\Temp\ccrKeGcT.s:20     .rodata.memp_sizes:00000000 $d

NO UNDEFINED SYMBOLS
