ARM GAS  C:\Users\jo\AppData\Local\Temp\ccbV0tx0.s 			page 1


   1              		.syntax unified
   2              		.cpu cortex-m4
   3              		.fpu softvfp
   4              		.eabi_attribute 20, 1
   5              		.eabi_attribute 21, 1
   6              		.eabi_attribute 23, 3
   7              		.eabi_attribute 24, 1
   8              		.eabi_attribute 25, 1
   9              		.eabi_attribute 26, 1
  10              		.eabi_attribute 30, 2
  11              		.eabi_attribute 34, 1
  12              		.eabi_attribute 18, 4
  13              		.thumb
  14              		.file	"pal.c"
  15              		.text
  16              	.Ltext0:
  17              		.cfi_sections	.debug_frame
  18              		.section	.text.palReadBus,"ax",%progbits
  19              		.align	2
  20              		.p2align 4,,15
  21              		.global	palReadBus
  22              		.thumb
  23              		.thumb_func
  24              		.type	palReadBus, %function
  25              	palReadBus:
  26              	.LFB255:
  27              		.file 1 "../../../os/hal/src/pal.c"
  28              		.loc 1 68 0
  29              		.cfi_startproc
  30              		@ args = 0, pretend = 0, frame = 0
  31              		@ frame_needed = 0, uses_anonymous_args = 0
  32              	.LVL0:
  33 0000 10B5     		push	{r4, lr}
  34              		.cfi_def_cfa_offset 8
  35              		.cfi_offset 4, -8
  36              		.cfi_offset 14, -4
  37              		.loc 1 70 0
  38 0002 0446     		mov	r4, r0
  39 0004 10B1     		cbz	r0, .L2
  40              		.loc 1 70 0 is_stmt 0 discriminator 2
  41 0006 8368     		ldr	r3, [r0, #8]
  42 0008 0F2B     		cmp	r3, #15
  43 000a 03D9     		bls	.L3
  44              	.L2:
  45              		.loc 1 70 0 discriminator 3
  46 000c 0448     		ldr	r0, .L9
  47              	.LVL1:
  48 000e FFF7FEFF 		bl	chSysHalt
  49              	.LVL2:
  50 0012 A368     		ldr	r3, [r4, #8]
  51              	.L3:
  52              		.loc 1 72 0 is_stmt 1
  53 0014 94E80600 		ldmia	r4, {r1, r2}
  54 0018 0869     		ldr	r0, [r1, #16]
  55 001a D840     		lsrs	r0, r0, r3
  56              		.loc 1 73 0
  57 001c 1040     		ands	r0, r0, r2
ARM GAS  C:\Users\jo\AppData\Local\Temp\ccbV0tx0.s 			page 2


  58 001e 10BD     		pop	{r4, pc}
  59              	.LVL3:
  60              	.L10:
  61              		.align	2
  62              	.L9:
  63 0020 00000000 		.word	.LANCHOR0
  64              		.cfi_endproc
  65              	.LFE255:
  66              		.size	palReadBus, .-palReadBus
  67 0024 AFF30080 		.section	.text.palWriteBus,"ax",%progbits
  67      AFF30080 
  67      AFF30080 
  68              		.align	2
  69              		.p2align 4,,15
  70              		.global	palWriteBus
  71              		.thumb
  72              		.thumb_func
  73              		.type	palWriteBus, %function
  74              	palWriteBus:
  75              	.LFB256:
  76              		.loc 1 93 0
  77              		.cfi_startproc
  78              		@ args = 0, pretend = 0, frame = 0
  79              		@ frame_needed = 0, uses_anonymous_args = 0
  80              	.LVL4:
  81 0000 38B5     		push	{r3, r4, r5, lr}
  82              		.cfi_def_cfa_offset 16
  83              		.cfi_offset 3, -16
  84              		.cfi_offset 4, -12
  85              		.cfi_offset 5, -8
  86              		.cfi_offset 14, -4
  87              		.loc 1 93 0
  88 0002 0D46     		mov	r5, r1
  89              		.loc 1 95 0
  90 0004 0446     		mov	r4, r0
  91 0006 10B1     		cbz	r0, .L12
  92              		.loc 1 95 0 is_stmt 0 discriminator 2
  93 0008 8268     		ldr	r2, [r0, #8]
  94 000a 0F2A     		cmp	r2, #15
  95 000c 03D9     		bls	.L13
  96              	.L12:
  97              		.loc 1 95 0 discriminator 3
  98 000e 0948     		ldr	r0, .L18
  99              	.LVL5:
 100 0010 FFF7FEFF 		bl	chSysHalt
 101              	.LVL6:
 102 0014 A268     		ldr	r2, [r4, #8]
 103              	.L13:
 104              		.loc 1 97 0 is_stmt 1
 105 0016 6368     		ldr	r3, [r4, #4]
 106 0018 2468     		ldr	r4, [r4]
 107              	.LVL7:
 108 001a 23EA0500 		bic	r0, r3, r5
 109 001e 2B40     		ands	r3, r3, r5
 110 0020 02F11005 		add	r5, r2, #16
 111              	.LVL8:
 112 0024 03FA02F1 		lsl	r1, r3, r2
ARM GAS  C:\Users\jo\AppData\Local\Temp\ccbV0tx0.s 			page 3


 113 0028 00FA05F3 		lsl	r3, r0, r5
 114 002c 0B43     		orrs	r3, r3, r1
 115 002e A361     		str	r3, [r4, #24]
 116 0030 38BD     		pop	{r3, r4, r5, pc}
 117              	.L19:
 118 0032 00BF     		.align	2
 119              	.L18:
 120 0034 00000000 		.word	.LANCHOR1
 121              		.cfi_endproc
 122              	.LFE256:
 123              		.size	palWriteBus, .-palWriteBus
 124 0038 AFF30080 		.section	.text.palSetBusMode,"ax",%progbits
 124      AFF30080 
 125              		.align	2
 126              		.p2align 4,,15
 127              		.global	palSetBusMode
 128              		.thumb
 129              		.thumb_func
 130              		.type	palSetBusMode, %function
 131              	palSetBusMode:
 132              	.LFB257:
 133              		.loc 1 116 0
 134              		.cfi_startproc
 135              		@ args = 0, pretend = 0, frame = 0
 136              		@ frame_needed = 0, uses_anonymous_args = 0
 137              	.LVL9:
 138 0000 58B5     		push	{r3, r4, r6, lr}
 139              		.cfi_def_cfa_offset 16
 140              		.cfi_offset 3, -16
 141              		.cfi_offset 4, -12
 142              		.cfi_offset 6, -8
 143              		.cfi_offset 14, -4
 144              		.loc 1 116 0
 145 0002 0E46     		mov	r6, r1
 146              		.loc 1 118 0
 147 0004 0446     		mov	r4, r0
 148 0006 10B1     		cbz	r0, .L21
 149              		.loc 1 118 0 is_stmt 0 discriminator 2
 150 0008 8368     		ldr	r3, [r0, #8]
 151 000a 0F2B     		cmp	r3, #15
 152 000c 03D9     		bls	.L22
 153              	.L21:
 154              		.loc 1 118 0 discriminator 3
 155 000e 0648     		ldr	r0, .L27
 156              	.LVL10:
 157 0010 FFF7FEFF 		bl	chSysHalt
 158              	.LVL11:
 159 0014 A368     		ldr	r3, [r4, #8]
 160              	.L22:
 161              		.loc 1 120 0 is_stmt 1
 162 0016 94E80300 		ldmia	r4, {r0, r1}
 163 001a 3246     		mov	r2, r6
 164 001c 9940     		lsls	r1, r1, r3
 165              		.loc 1 121 0
 166 001e BDE85840 		pop	{r3, r4, r6, lr}
 167              		.cfi_restore 14
 168              		.cfi_restore 6
ARM GAS  C:\Users\jo\AppData\Local\Temp\ccbV0tx0.s 			page 4


 169              		.cfi_restore 4
 170              		.cfi_restore 3
 171              		.cfi_def_cfa_offset 0
 172              	.LVL12:
 173              		.loc 1 120 0
 174 0022 FFF7FEBF 		b	_pal_lld_setgroupmode
 175              	.LVL13:
 176              	.L28:
 177 0026 00BF     		.align	2
 178              	.L27:
 179 0028 00000000 		.word	.LANCHOR2
 180              		.cfi_endproc
 181              	.LFE257:
 182              		.size	palSetBusMode, .-palSetBusMode
 183 002c AFF30080 		.section	.rodata.__func__.8191,"a",%progbits
 184              		.align	2
 185              		.set	.LANCHOR1,. + 0
 186              		.type	__func__.8191, %object
 187              		.size	__func__.8191, 12
 188              	__func__.8191:
 189 0000 70616C57 		.ascii	"palWriteBus\000"
 189      72697465 
 189      42757300 
 190              		.section	.rodata.__func__.8186,"a",%progbits
 191              		.align	2
 192              		.set	.LANCHOR0,. + 0
 193              		.type	__func__.8186, %object
 194              		.size	__func__.8186, 11
 195              	__func__.8186:
 196 0000 70616C52 		.ascii	"palReadBus\000"
 196      65616442 
 196      757300
 197 000b 00       		.section	.rodata.__func__.8196,"a",%progbits
 198              		.align	2
 199              		.set	.LANCHOR2,. + 0
 200              		.type	__func__.8196, %object
 201              		.size	__func__.8196, 14
 202              	__func__.8196:
 203 0000 70616C53 		.ascii	"palSetBusMode\000"
 203      65744275 
 203      734D6F64 
 203      6500
 204 000e 0000     		.text
 205              	.Letext0:
 206              		.file 2 "c:\\program files\\gnu tools arm embedded\\4.9 2014q4\\arm-none-eabi\\include\\machine\\_
 207              		.file 3 "c:\\program files\\gnu tools arm embedded\\4.9 2014q4\\arm-none-eabi\\include\\stdint.h"
 208              		.file 4 "../../../os/rt/ports/ARMCMx/compilers/GCC/chtypes.h"
 209              		.file 5 "../../../os/rt/include/chsystypes.h"
 210              		.file 6 "../../../os/rt/include/chschd.h"
 211              		.file 7 "../../../os/rt/ports/ARMCMx/chcore.h"
 212              		.file 8 "../../../os/rt/ports/ARMCMx/chcore_v7m.h"
 213              		.file 9 "../../../os/rt/include/chdebug.h"
 214              		.file 10 "../../../os/rt/include/chtm.h"
 215              		.file 11 "../../../os/rt/include/chstats.h"
 216              		.file 12 "../../../os/rt/include/chmtx.h"
 217              		.file 13 "../../../os/hal/ports/STM32/LLD/GPIOv2/pal_lld.h"
 218              		.file 14 "../../../os/hal/include/pal.h"
ARM GAS  C:\Users\jo\AppData\Local\Temp\ccbV0tx0.s 			page 5


 219              		.file 15 "../../../os/ext/CMSIS/include/core_cm4.h"
 220              		.file 16 "../../../os/rt/include/chsys.h"
 221              		.section	.debug_info,"",%progbits
 222              	.Ldebug_info0:
 223 0000 430A0000 		.4byte	0xa43
 224 0004 0400     		.2byte	0x4
 225 0006 00000000 		.4byte	.Ldebug_abbrev0
 226 000a 04       		.byte	0x4
 227 000b 01       		.uleb128 0x1
 228 000c 25030000 		.4byte	.LASF147
 229 0010 01       		.byte	0x1
 230 0011 28020000 		.4byte	.LASF148
 231 0015 21010000 		.4byte	.LASF149
 232 0019 00000000 		.4byte	.Ldebug_ranges0+0
 233 001d 00000000 		.4byte	0
 234 0021 00000000 		.4byte	.Ldebug_line0
 235 0025 02       		.uleb128 0x2
 236 0026 04       		.byte	0x4
 237 0027 05       		.byte	0x5
 238 0028 696E7400 		.ascii	"int\000"
 239 002c 03       		.uleb128 0x3
 240 002d 04       		.byte	0x4
 241 002e 07       		.byte	0x7
 242 002f 6A020000 		.4byte	.LASF0
 243 0033 03       		.uleb128 0x3
 244 0034 01       		.byte	0x1
 245 0035 06       		.byte	0x6
 246 0036 7D010000 		.4byte	.LASF1
 247 003a 04       		.uleb128 0x4
 248 003b 39000000 		.4byte	.LASF4
 249 003f 02       		.byte	0x2
 250 0040 1D       		.byte	0x1d
 251 0041 45000000 		.4byte	0x45
 252 0045 03       		.uleb128 0x3
 253 0046 01       		.byte	0x1
 254 0047 08       		.byte	0x8
 255 0048 09050000 		.4byte	.LASF2
 256 004c 03       		.uleb128 0x3
 257 004d 02       		.byte	0x2
 258 004e 05       		.byte	0x5
 259 004f 21050000 		.4byte	.LASF3
 260 0053 04       		.uleb128 0x4
 261 0054 E5050000 		.4byte	.LASF5
 262 0058 02       		.byte	0x2
 263 0059 2B       		.byte	0x2b
 264 005a 5E000000 		.4byte	0x5e
 265 005e 03       		.uleb128 0x3
 266 005f 02       		.byte	0x2
 267 0060 07       		.byte	0x7
 268 0061 95020000 		.4byte	.LASF6
 269 0065 04       		.uleb128 0x4
 270 0066 0C030000 		.4byte	.LASF7
 271 006a 02       		.byte	0x2
 272 006b 3F       		.byte	0x3f
 273 006c 70000000 		.4byte	0x70
 274 0070 03       		.uleb128 0x3
 275 0071 04       		.byte	0x4
ARM GAS  C:\Users\jo\AppData\Local\Temp\ccbV0tx0.s 			page 6


 276 0072 05       		.byte	0x5
 277 0073 AA010000 		.4byte	.LASF8
 278 0077 04       		.uleb128 0x4
 279 0078 23060000 		.4byte	.LASF9
 280 007c 02       		.byte	0x2
 281 007d 41       		.byte	0x41
 282 007e 82000000 		.4byte	0x82
 283 0082 03       		.uleb128 0x3
 284 0083 04       		.byte	0x4
 285 0084 07       		.byte	0x7
 286 0085 BE050000 		.4byte	.LASF10
 287 0089 03       		.uleb128 0x3
 288 008a 08       		.byte	0x8
 289 008b 05       		.byte	0x5
 290 008c 6F010000 		.4byte	.LASF11
 291 0090 04       		.uleb128 0x4
 292 0091 0A040000 		.4byte	.LASF12
 293 0095 02       		.byte	0x2
 294 0096 5B       		.byte	0x5b
 295 0097 9B000000 		.4byte	0x9b
 296 009b 03       		.uleb128 0x3
 297 009c 08       		.byte	0x8
 298 009d 07       		.byte	0x7
 299 009e A2000000 		.4byte	.LASF13
 300 00a2 04       		.uleb128 0x4
 301 00a3 A8060000 		.4byte	.LASF14
 302 00a7 03       		.byte	0x3
 303 00a8 15       		.byte	0x15
 304 00a9 3A000000 		.4byte	0x3a
 305 00ad 04       		.uleb128 0x4
 306 00ae C2010000 		.4byte	.LASF15
 307 00b2 03       		.byte	0x3
 308 00b3 21       		.byte	0x21
 309 00b4 53000000 		.4byte	0x53
 310 00b8 04       		.uleb128 0x4
 311 00b9 01050000 		.4byte	.LASF16
 312 00bd 03       		.byte	0x3
 313 00be 2C       		.byte	0x2c
 314 00bf 65000000 		.4byte	0x65
 315 00c3 04       		.uleb128 0x4
 316 00c4 94050000 		.4byte	.LASF17
 317 00c8 03       		.byte	0x3
 318 00c9 2D       		.byte	0x2d
 319 00ca 77000000 		.4byte	0x77
 320 00ce 04       		.uleb128 0x4
 321 00cf 23000000 		.4byte	.LASF18
 322 00d3 03       		.byte	0x3
 323 00d4 39       		.byte	0x39
 324 00d5 90000000 		.4byte	0x90
 325 00d9 04       		.uleb128 0x4
 326 00da 48050000 		.4byte	.LASF19
 327 00de 03       		.byte	0x3
 328 00df 4B       		.byte	0x4b
 329 00e0 2C000000 		.4byte	0x2c
 330 00e4 05       		.uleb128 0x5
 331 00e5 B8000000 		.4byte	0xb8
 332 00e9 05       		.uleb128 0x5
ARM GAS  C:\Users\jo\AppData\Local\Temp\ccbV0tx0.s 			page 7


 333 00ea C3000000 		.4byte	0xc3
 334 00ee 04       		.uleb128 0x4
 335 00ef 68060000 		.4byte	.LASF20
 336 00f3 04       		.byte	0x4
 337 00f4 45       		.byte	0x45
 338 00f5 C3000000 		.4byte	0xc3
 339 00f9 04       		.uleb128 0x4
 340 00fa 11010000 		.4byte	.LASF21
 341 00fe 04       		.byte	0x4
 342 00ff 46       		.byte	0x46
 343 0100 CE000000 		.4byte	0xce
 344 0104 04       		.uleb128 0x4
 345 0105 DF020000 		.4byte	.LASF22
 346 0109 04       		.byte	0x4
 347 010a 48       		.byte	0x48
 348 010b A2000000 		.4byte	0xa2
 349 010f 04       		.uleb128 0x4
 350 0110 B3010000 		.4byte	.LASF23
 351 0114 04       		.byte	0x4
 352 0115 49       		.byte	0x49
 353 0116 A2000000 		.4byte	0xa2
 354 011a 04       		.uleb128 0x4
 355 011b BB040000 		.4byte	.LASF24
 356 011f 04       		.byte	0x4
 357 0120 4A       		.byte	0x4a
 358 0121 A2000000 		.4byte	0xa2
 359 0125 04       		.uleb128 0x4
 360 0126 E4040000 		.4byte	.LASF25
 361 012a 04       		.byte	0x4
 362 012b 4C       		.byte	0x4c
 363 012c C3000000 		.4byte	0xc3
 364 0130 04       		.uleb128 0x4
 365 0131 C1020000 		.4byte	.LASF26
 366 0135 04       		.byte	0x4
 367 0136 4D       		.byte	0x4d
 368 0137 B8000000 		.4byte	0xb8
 369 013b 04       		.uleb128 0x4
 370 013c 00030000 		.4byte	.LASF27
 371 0140 04       		.byte	0x4
 372 0141 4F       		.byte	0x4f
 373 0142 C3000000 		.4byte	0xc3
 374 0146 04       		.uleb128 0x4
 375 0147 59020000 		.4byte	.LASF28
 376 014b 04       		.byte	0x4
 377 014c 51       		.byte	0x51
 378 014d B8000000 		.4byte	0xb8
 379 0151 04       		.uleb128 0x4
 380 0152 CC020000 		.4byte	.LASF29
 381 0156 04       		.byte	0x4
 382 0157 52       		.byte	0x52
 383 0158 C3000000 		.4byte	0xc3
 384 015c 04       		.uleb128 0x4
 385 015d 05060000 		.4byte	.LASF30
 386 0161 05       		.byte	0x5
 387 0162 33       		.byte	0x33
 388 0163 C3000000 		.4byte	0xc3
 389 0167 04       		.uleb128 0x4
ARM GAS  C:\Users\jo\AppData\Local\Temp\ccbV0tx0.s 			page 8


 390 0168 F0050000 		.4byte	.LASF31
 391 016c 05       		.byte	0x5
 392 016d 3F       		.byte	0x3f
 393 016e 72010000 		.4byte	0x172
 394 0172 06       		.uleb128 0x6
 395 0173 B7020000 		.4byte	.LASF52
 396 0177 60       		.byte	0x60
 397 0178 06       		.byte	0x6
 398 0179 BE       		.byte	0xbe
 399 017a 78020000 		.4byte	0x278
 400 017e 07       		.uleb128 0x7
 401 017f 41050000 		.4byte	.LASF32
 402 0183 06       		.byte	0x6
 403 0184 BF       		.byte	0xbf
 404 0185 C0050000 		.4byte	0x5c0
 405 0189 00       		.byte	0
 406 018a 07       		.uleb128 0x7
 407 018b DD040000 		.4byte	.LASF33
 408 018f 06       		.byte	0x6
 409 0190 C1       		.byte	0xc1
 410 0191 C0050000 		.4byte	0x5c0
 411 0195 04       		.byte	0x4
 412 0196 07       		.uleb128 0x7
 413 0197 1A010000 		.4byte	.LASF34
 414 019b 06       		.byte	0x6
 415 019c C3       		.byte	0xc3
 416 019d 25010000 		.4byte	0x125
 417 01a1 08       		.byte	0x8
 418 01a2 07       		.uleb128 0x7
 419 01a3 06070000 		.4byte	.LASF35
 420 01a7 06       		.byte	0x6
 421 01a8 C4       		.byte	0xc4
 422 01a9 DB040000 		.4byte	0x4db
 423 01ad 0C       		.byte	0xc
 424 01ae 07       		.uleb128 0x7
 425 01af CB010000 		.4byte	.LASF36
 426 01b3 06       		.byte	0x6
 427 01b4 C6       		.byte	0xc6
 428 01b5 C0050000 		.4byte	0x5c0
 429 01b9 10       		.byte	0x10
 430 01ba 07       		.uleb128 0x7
 431 01bb 60040000 		.4byte	.LASF37
 432 01bf 06       		.byte	0x6
 433 01c0 C7       		.byte	0xc7
 434 01c1 C0050000 		.4byte	0x5c0
 435 01c5 14       		.byte	0x14
 436 01c6 07       		.uleb128 0x7
 437 01c7 B7060000 		.4byte	.LASF38
 438 01cb 06       		.byte	0x6
 439 01cc CE       		.byte	0xce
 440 01cd 7C050000 		.4byte	0x57c
 441 01d1 18       		.byte	0x18
 442 01d2 07       		.uleb128 0x7
 443 01d3 5F020000 		.4byte	.LASF39
 444 01d7 06       		.byte	0x6
 445 01d8 D4       		.byte	0xd4
 446 01d9 0A070000 		.4byte	0x70a
ARM GAS  C:\Users\jo\AppData\Local\Temp\ccbV0tx0.s 			page 9


 447 01dd 1C       		.byte	0x1c
 448 01de 07       		.uleb128 0x7
 449 01df 2B050000 		.4byte	.LASF40
 450 01e3 06       		.byte	0x6
 451 01e4 D9       		.byte	0xd9
 452 01e5 0F010000 		.4byte	0x10f
 453 01e9 20       		.byte	0x20
 454 01ea 07       		.uleb128 0x7
 455 01eb 55050000 		.4byte	.LASF41
 456 01ef 06       		.byte	0x6
 457 01f0 DD       		.byte	0xdd
 458 01f1 04010000 		.4byte	0x104
 459 01f5 21       		.byte	0x21
 460 01f6 07       		.uleb128 0x7
 461 01f7 93060000 		.4byte	.LASF42
 462 01fb 06       		.byte	0x6
 463 01fc E2       		.byte	0xe2
 464 01fd 1A010000 		.4byte	0x11a
 465 0201 22       		.byte	0x22
 466 0202 08       		.uleb128 0x8
 467 0203 705F7500 		.ascii	"p_u\000"
 468 0207 06       		.byte	0x6
 469 0208 1401     		.2byte	0x114
 470 020a D2060000 		.4byte	0x6d2
 471 020e 24       		.byte	0x24
 472 020f 09       		.uleb128 0x9
 473 0210 15040000 		.4byte	.LASF43
 474 0214 06       		.byte	0x6
 475 0215 1901     		.2byte	0x119
 476 0217 78020000 		.4byte	0x278
 477 021b 28       		.byte	0x28
 478 021c 09       		.uleb128 0x9
 479 021d 7F020000 		.4byte	.LASF44
 480 0221 06       		.byte	0x6
 481 0222 1F01     		.2byte	0x11f
 482 0224 9C020000 		.4byte	0x29c
 483 0228 2C       		.byte	0x2c
 484 0229 09       		.uleb128 0x9
 485 022a DA060000 		.4byte	.LASF45
 486 022e 06       		.byte	0x6
 487 022f 2301     		.2byte	0x123
 488 0231 30010000 		.4byte	0x130
 489 0235 34       		.byte	0x34
 490 0236 09       		.uleb128 0x9
 491 0237 89050000 		.4byte	.LASF46
 492 023b 06       		.byte	0x6
 493 023c 2901     		.2byte	0x129
 494 023e 3B010000 		.4byte	0x13b
 495 0242 38       		.byte	0x38
 496 0243 09       		.uleb128 0x9
 497 0244 17050000 		.4byte	.LASF47
 498 0248 06       		.byte	0x6
 499 0249 3001     		.2byte	0x130
 500 024b 41070000 		.4byte	0x741
 501 024f 3C       		.byte	0x3c
 502 0250 09       		.uleb128 0x9
 503 0251 0F060000 		.4byte	.LASF48
ARM GAS  C:\Users\jo\AppData\Local\Temp\ccbV0tx0.s 			page 10


 504 0255 06       		.byte	0x6
 505 0256 3401     		.2byte	0x134
 506 0258 25010000 		.4byte	0x125
 507 025c 40       		.byte	0x40
 508 025d 09       		.uleb128 0x9
 509 025e 8E010000 		.4byte	.LASF49
 510 0262 06       		.byte	0x6
 511 0263 3A01     		.2byte	0x13a
 512 0265 4F030000 		.4byte	0x34f
 513 0269 44       		.byte	0x44
 514 026a 09       		.uleb128 0x9
 515 026b 66050000 		.4byte	.LASF50
 516 026f 06       		.byte	0x6
 517 0270 4001     		.2byte	0x140
 518 0272 83060000 		.4byte	0x683
 519 0276 48       		.byte	0x48
 520 0277 00       		.byte	0
 521 0278 04       		.uleb128 0x4
 522 0279 BE060000 		.4byte	.LASF51
 523 027d 05       		.byte	0x5
 524 027e 44       		.byte	0x44
 525 027f 83020000 		.4byte	0x283
 526 0283 06       		.uleb128 0x6
 527 0284 AE050000 		.4byte	.LASF53
 528 0288 04       		.byte	0x4
 529 0289 06       		.byte	0x6
 530 028a AC       		.byte	0xac
 531 028b 9C020000 		.4byte	0x29c
 532 028f 07       		.uleb128 0x7
 533 0290 41050000 		.4byte	.LASF32
 534 0294 06       		.byte	0x6
 535 0295 AD       		.byte	0xad
 536 0296 C0050000 		.4byte	0x5c0
 537 029a 00       		.byte	0
 538 029b 00       		.byte	0
 539 029c 04       		.uleb128 0x4
 540 029d 83060000 		.4byte	.LASF54
 541 02a1 05       		.byte	0x5
 542 02a2 4B       		.byte	0x4b
 543 02a3 A7020000 		.4byte	0x2a7
 544 02a7 06       		.uleb128 0x6
 545 02a8 56000000 		.4byte	.LASF55
 546 02ac 08       		.byte	0x8
 547 02ad 06       		.byte	0x6
 548 02ae B3       		.byte	0xb3
 549 02af CC020000 		.4byte	0x2cc
 550 02b3 07       		.uleb128 0x7
 551 02b4 41050000 		.4byte	.LASF32
 552 02b8 06       		.byte	0x6
 553 02b9 B4       		.byte	0xb4
 554 02ba C0050000 		.4byte	0x5c0
 555 02be 00       		.byte	0
 556 02bf 07       		.uleb128 0x7
 557 02c0 DD040000 		.4byte	.LASF33
 558 02c4 06       		.byte	0x6
 559 02c5 B5       		.byte	0xb5
 560 02c6 C0050000 		.4byte	0x5c0
ARM GAS  C:\Users\jo\AppData\Local\Temp\ccbV0tx0.s 			page 11


 561 02ca 04       		.byte	0x4
 562 02cb 00       		.byte	0
 563 02cc 04       		.uleb128 0x4
 564 02cd 07000000 		.4byte	.LASF56
 565 02d1 05       		.byte	0x5
 566 02d2 52       		.byte	0x52
 567 02d3 D7020000 		.4byte	0x2d7
 568 02d7 0A       		.uleb128 0xa
 569 02d8 F2020000 		.4byte	.LASF57
 570 02dc 1C       		.byte	0x1c
 571 02dd 06       		.byte	0x6
 572 02de 7201     		.2byte	0x172
 573 02e0 33030000 		.4byte	0x333
 574 02e4 09       		.uleb128 0x9
 575 02e5 9D050000 		.4byte	.LASF58
 576 02e9 06       		.byte	0x6
 577 02ea 7301     		.2byte	0x173
 578 02ec 9C020000 		.4byte	0x29c
 579 02f0 00       		.byte	0
 580 02f1 09       		.uleb128 0x9
 581 02f2 33050000 		.4byte	.LASF59
 582 02f6 06       		.byte	0x6
 583 02f7 7401     		.2byte	0x174
 584 02f9 25010000 		.4byte	0x125
 585 02fd 08       		.byte	0x8
 586 02fe 09       		.uleb128 0x9
 587 02ff 68040000 		.4byte	.LASF60
 588 0303 06       		.byte	0x6
 589 0304 7601     		.2byte	0x176
 590 0306 DB040000 		.4byte	0x4db
 591 030a 0C       		.byte	0xc
 592 030b 09       		.uleb128 0x9
 593 030c E3010000 		.4byte	.LASF61
 594 0310 06       		.byte	0x6
 595 0311 7901     		.2byte	0x179
 596 0313 C0050000 		.4byte	0x5c0
 597 0317 10       		.byte	0x10
 598 0318 09       		.uleb128 0x9
 599 0319 89040000 		.4byte	.LASF62
 600 031d 06       		.byte	0x6
 601 031e 7A01     		.2byte	0x17a
 602 0320 C0050000 		.4byte	0x5c0
 603 0324 14       		.byte	0x14
 604 0325 09       		.uleb128 0x9
 605 0326 7F040000 		.4byte	.LASF63
 606 032a 06       		.byte	0x6
 607 032b 7D01     		.2byte	0x17d
 608 032d C0050000 		.4byte	0x5c0
 609 0331 18       		.byte	0x18
 610 0332 00       		.byte	0
 611 0333 04       		.uleb128 0x4
 612 0334 1A060000 		.4byte	.LASF64
 613 0338 05       		.byte	0x5
 614 0339 57       		.byte	0x57
 615 033a 3E030000 		.4byte	0x33e
 616 033e 0B       		.uleb128 0xb
 617 033f 04       		.byte	0x4
ARM GAS  C:\Users\jo\AppData\Local\Temp\ccbV0tx0.s 			page 12


 618 0340 44030000 		.4byte	0x344
 619 0344 0C       		.uleb128 0xc
 620 0345 4F030000 		.4byte	0x34f
 621 0349 0D       		.uleb128 0xd
 622 034a 4F030000 		.4byte	0x34f
 623 034e 00       		.byte	0
 624 034f 0E       		.uleb128 0xe
 625 0350 04       		.byte	0x4
 626 0351 04       		.uleb128 0x4
 627 0352 CD040000 		.4byte	.LASF65
 628 0356 05       		.byte	0x5
 629 0357 5C       		.byte	0x5c
 630 0358 5C030000 		.4byte	0x35c
 631 035c 0A       		.uleb128 0xa
 632 035d 78050000 		.4byte	.LASF66
 633 0361 14       		.byte	0x14
 634 0362 06       		.byte	0x6
 635 0363 4D01     		.2byte	0x14d
 636 0365 AB030000 		.4byte	0x3ab
 637 0369 09       		.uleb128 0x9
 638 036a 77020000 		.4byte	.LASF67
 639 036e 06       		.byte	0x6
 640 036f 4E01     		.2byte	0x14e
 641 0371 47070000 		.4byte	0x747
 642 0375 00       		.byte	0
 643 0376 09       		.uleb128 0x9
 644 0377 F9010000 		.4byte	.LASF68
 645 037b 06       		.byte	0x6
 646 037c 4F01     		.2byte	0x14f
 647 037e 47070000 		.4byte	0x747
 648 0382 04       		.byte	0x4
 649 0383 09       		.uleb128 0x9
 650 0384 A5050000 		.4byte	.LASF69
 651 0388 06       		.byte	0x6
 652 0389 5001     		.2byte	0x150
 653 038b 5C010000 		.4byte	0x15c
 654 038f 08       		.byte	0x8
 655 0390 09       		.uleb128 0x9
 656 0391 0C070000 		.4byte	.LASF70
 657 0395 06       		.byte	0x6
 658 0396 5101     		.2byte	0x151
 659 0398 33030000 		.4byte	0x333
 660 039c 0C       		.byte	0xc
 661 039d 09       		.uleb128 0x9
 662 039e 70060000 		.4byte	.LASF71
 663 03a2 06       		.byte	0x6
 664 03a3 5301     		.2byte	0x153
 665 03a5 4F030000 		.4byte	0x34f
 666 03a9 10       		.byte	0x10
 667 03aa 00       		.byte	0
 668 03ab 04       		.uleb128 0x4
 669 03ac EE000000 		.4byte	.LASF72
 670 03b0 05       		.byte	0x5
 671 03b1 61       		.byte	0x61
 672 03b2 B6030000 		.4byte	0x3b6
 673 03b6 0A       		.uleb128 0xa
 674 03b7 28040000 		.4byte	.LASF73
ARM GAS  C:\Users\jo\AppData\Local\Temp\ccbV0tx0.s 			page 13


 675 03bb 10       		.byte	0x10
 676 03bc 06       		.byte	0x6
 677 03bd 5D01     		.2byte	0x15d
 678 03bf F8030000 		.4byte	0x3f8
 679 03c3 09       		.uleb128 0x9
 680 03c4 77020000 		.4byte	.LASF67
 681 03c8 06       		.byte	0x6
 682 03c9 5E01     		.2byte	0x15e
 683 03cb 47070000 		.4byte	0x747
 684 03cf 00       		.byte	0
 685 03d0 09       		.uleb128 0x9
 686 03d1 F9010000 		.4byte	.LASF68
 687 03d5 06       		.byte	0x6
 688 03d6 6001     		.2byte	0x160
 689 03d8 47070000 		.4byte	0x747
 690 03dc 04       		.byte	0x4
 691 03dd 09       		.uleb128 0x9
 692 03de A5050000 		.4byte	.LASF69
 693 03e2 06       		.byte	0x6
 694 03e3 6201     		.2byte	0x162
 695 03e5 5C010000 		.4byte	0x15c
 696 03e9 08       		.byte	0x8
 697 03ea 09       		.uleb128 0x9
 698 03eb 54040000 		.4byte	.LASF74
 699 03ef 06       		.byte	0x6
 700 03f0 6A01     		.2byte	0x16a
 701 03f2 5C010000 		.4byte	0x15c
 702 03f6 0C       		.byte	0xc
 703 03f7 00       		.byte	0
 704 03f8 04       		.uleb128 0x4
 705 03f9 67000000 		.4byte	.LASF75
 706 03fd 05       		.byte	0x5
 707 03fe 66       		.byte	0x66
 708 03ff 03040000 		.4byte	0x403
 709 0403 0F       		.uleb128 0xf
 710 0404 0B020000 		.4byte	.LASF76
 711 0408 1404     		.2byte	0x414
 712 040a 06       		.byte	0x6
 713 040b 8401     		.2byte	0x184
 714 040d 46040000 		.4byte	0x446
 715 0411 09       		.uleb128 0x9
 716 0412 2E060000 		.4byte	.LASF77
 717 0416 06       		.byte	0x6
 718 0417 8C01     		.2byte	0x18c
 719 0419 4D070000 		.4byte	0x74d
 720 041d 00       		.byte	0
 721 041e 09       		.uleb128 0x9
 722 041f 9A060000 		.4byte	.LASF78
 723 0423 06       		.byte	0x6
 724 0424 9101     		.2byte	0x191
 725 0426 46010000 		.4byte	0x146
 726 042a 04       		.byte	0x4
 727 042b 09       		.uleb128 0x9
 728 042c 4A020000 		.4byte	.LASF79
 729 0430 06       		.byte	0x6
 730 0431 9501     		.2byte	0x195
 731 0433 46010000 		.4byte	0x146
ARM GAS  C:\Users\jo\AppData\Local\Temp\ccbV0tx0.s 			page 14


 732 0437 08       		.byte	0x8
 733 0438 09       		.uleb128 0x9
 734 0439 CD060000 		.4byte	.LASF80
 735 043d 06       		.byte	0x6
 736 043e 9B01     		.2byte	0x19b
 737 0440 15060000 		.4byte	0x615
 738 0444 0C       		.byte	0xc
 739 0445 00       		.byte	0
 740 0446 04       		.uleb128 0x4
 741 0447 D3020000 		.4byte	.LASF81
 742 044b 05       		.byte	0x5
 743 044c 6B       		.byte	0x6b
 744 044d 51040000 		.4byte	0x451
 745 0451 0F       		.uleb128 0xf
 746 0452 6E050000 		.4byte	.LASF82
 747 0456 D805     		.2byte	0x5d8
 748 0458 06       		.byte	0x6
 749 0459 A401     		.2byte	0x1a4
 750 045b BE040000 		.4byte	0x4be
 751 045f 09       		.uleb128 0x9
 752 0460 A2060000 		.4byte	.LASF83
 753 0464 06       		.byte	0x6
 754 0465 A801     		.2byte	0x1a8
 755 0467 CC020000 		.4byte	0x2cc
 756 046b 00       		.byte	0
 757 046c 09       		.uleb128 0x9
 758 046d 9E010000 		.4byte	.LASF84
 759 0471 06       		.byte	0x6
 760 0472 AC01     		.2byte	0x1ac
 761 0474 AB030000 		.4byte	0x3ab
 762 0478 1C       		.byte	0x1c
 763 0479 08       		.uleb128 0x8
 764 047a 64626700 		.ascii	"dbg\000"
 765 047e 06       		.byte	0x6
 766 047f B001     		.2byte	0x1b0
 767 0481 F8030000 		.4byte	0x3f8
 768 0485 2C       		.byte	0x2c
 769 0486 10       		.uleb128 0x10
 770 0487 E3000000 		.4byte	.LASF85
 771 048b 06       		.byte	0x6
 772 048c B401     		.2byte	0x1b4
 773 048e 67010000 		.4byte	0x167
 774 0492 4004     		.2byte	0x440
 775 0494 11       		.uleb128 0x11
 776 0495 746D00   		.ascii	"tm\000"
 777 0498 06       		.byte	0x6
 778 0499 B901     		.2byte	0x1b9
 779 049b 35060000 		.4byte	0x635
 780 049f A004     		.2byte	0x4a0
 781 04a1 10       		.uleb128 0x10
 782 04a2 2C000000 		.4byte	.LASF86
 783 04a6 06       		.byte	0x6
 784 04a7 BF01     		.2byte	0x1bf
 785 04a9 C7060000 		.4byte	0x6c7
 786 04ad A804     		.2byte	0x4a8
 787 04af 10       		.uleb128 0x10
 788 04b0 16030000 		.4byte	.LASF87
ARM GAS  C:\Users\jo\AppData\Local\Temp\ccbV0tx0.s 			page 15


 789 04b4 06       		.byte	0x6
 790 04b5 C501     		.2byte	0x1c5
 791 04b7 52070000 		.4byte	0x752
 792 04bb E004     		.2byte	0x4e0
 793 04bd 00       		.byte	0
 794 04be 03       		.uleb128 0x3
 795 04bf 04       		.byte	0x4
 796 04c0 07       		.byte	0x7
 797 04c1 1F040000 		.4byte	.LASF88
 798 04c5 04       		.uleb128 0x4
 799 04c6 F0010000 		.4byte	.LASF89
 800 04ca 07       		.byte	0x7
 801 04cb 85       		.byte	0x85
 802 04cc 4F030000 		.4byte	0x34f
 803 04d0 04       		.uleb128 0x4
 804 04d1 FF030000 		.4byte	.LASF90
 805 04d5 07       		.byte	0x7
 806 04d6 8D       		.byte	0x8d
 807 04d7 CE000000 		.4byte	0xce
 808 04db 06       		.uleb128 0x6
 809 04dc 4A060000 		.4byte	.LASF91
 810 04e0 04       		.byte	0x4
 811 04e1 07       		.byte	0x7
 812 04e2 A9       		.byte	0xa9
 813 04e3 F4040000 		.4byte	0x4f4
 814 04e7 12       		.uleb128 0x12
 815 04e8 72313300 		.ascii	"r13\000"
 816 04ec 07       		.byte	0x7
 817 04ed AA       		.byte	0xaa
 818 04ee 6F050000 		.4byte	0x56f
 819 04f2 00       		.byte	0
 820 04f3 00       		.byte	0
 821 04f4 06       		.uleb128 0x6
 822 04f5 4A000000 		.4byte	.LASF92
 823 04f9 24       		.byte	0x24
 824 04fa 08       		.byte	0x8
 825 04fb F4       		.byte	0xf4
 826 04fc 6F050000 		.4byte	0x56f
 827 0500 08       		.uleb128 0x8
 828 0501 723400   		.ascii	"r4\000"
 829 0504 08       		.byte	0x8
 830 0505 0701     		.2byte	0x107
 831 0507 C5040000 		.4byte	0x4c5
 832 050b 00       		.byte	0
 833 050c 08       		.uleb128 0x8
 834 050d 723500   		.ascii	"r5\000"
 835 0510 08       		.byte	0x8
 836 0511 0801     		.2byte	0x108
 837 0513 C5040000 		.4byte	0x4c5
 838 0517 04       		.byte	0x4
 839 0518 08       		.uleb128 0x8
 840 0519 723600   		.ascii	"r6\000"
 841 051c 08       		.byte	0x8
 842 051d 0901     		.2byte	0x109
 843 051f C5040000 		.4byte	0x4c5
 844 0523 08       		.byte	0x8
 845 0524 08       		.uleb128 0x8
ARM GAS  C:\Users\jo\AppData\Local\Temp\ccbV0tx0.s 			page 16


 846 0525 723700   		.ascii	"r7\000"
 847 0528 08       		.byte	0x8
 848 0529 0A01     		.2byte	0x10a
 849 052b C5040000 		.4byte	0x4c5
 850 052f 0C       		.byte	0xc
 851 0530 08       		.uleb128 0x8
 852 0531 723800   		.ascii	"r8\000"
 853 0534 08       		.byte	0x8
 854 0535 0B01     		.2byte	0x10b
 855 0537 C5040000 		.4byte	0x4c5
 856 053b 10       		.byte	0x10
 857 053c 08       		.uleb128 0x8
 858 053d 723900   		.ascii	"r9\000"
 859 0540 08       		.byte	0x8
 860 0541 0C01     		.2byte	0x10c
 861 0543 C5040000 		.4byte	0x4c5
 862 0547 14       		.byte	0x14
 863 0548 08       		.uleb128 0x8
 864 0549 72313000 		.ascii	"r10\000"
 865 054d 08       		.byte	0x8
 866 054e 0D01     		.2byte	0x10d
 867 0550 C5040000 		.4byte	0x4c5
 868 0554 18       		.byte	0x18
 869 0555 08       		.uleb128 0x8
 870 0556 72313100 		.ascii	"r11\000"
 871 055a 08       		.byte	0x8
 872 055b 0E01     		.2byte	0x10e
 873 055d C5040000 		.4byte	0x4c5
 874 0561 1C       		.byte	0x1c
 875 0562 08       		.uleb128 0x8
 876 0563 6C7200   		.ascii	"lr\000"
 877 0566 08       		.byte	0x8
 878 0567 0F01     		.2byte	0x10f
 879 0569 C5040000 		.4byte	0x4c5
 880 056d 20       		.byte	0x20
 881 056e 00       		.byte	0
 882 056f 0B       		.uleb128 0xb
 883 0570 04       		.byte	0x4
 884 0571 F4040000 		.4byte	0x4f4
 885 0575 03       		.uleb128 0x3
 886 0576 01       		.byte	0x1
 887 0577 08       		.byte	0x8
 888 0578 D0050000 		.4byte	.LASF93
 889 057c 0B       		.uleb128 0xb
 890 057d 04       		.byte	0x4
 891 057e 82050000 		.4byte	0x582
 892 0582 13       		.uleb128 0x13
 893 0583 75050000 		.4byte	0x575
 894 0587 14       		.uleb128 0x14
 895 0588 10       		.byte	0x10
 896 0589 09       		.byte	0x9
 897 058a 57       		.byte	0x57
 898 058b C0050000 		.4byte	0x5c0
 899 058f 07       		.uleb128 0x7
 900 0590 14000000 		.4byte	.LASF94
 901 0594 09       		.byte	0x9
 902 0595 5B       		.byte	0x5b
ARM GAS  C:\Users\jo\AppData\Local\Temp\ccbV0tx0.s 			page 17


 903 0596 5C010000 		.4byte	0x15c
 904 059a 00       		.byte	0
 905 059b 07       		.uleb128 0x7
 906 059c BC010000 		.4byte	.LASF95
 907 05a0 09       		.byte	0x9
 908 05a1 5F       		.byte	0x5f
 909 05a2 C0050000 		.4byte	0x5c0
 910 05a6 04       		.byte	0x4
 911 05a7 07       		.uleb128 0x7
 912 05a8 FC060000 		.4byte	.LASF96
 913 05ac 09       		.byte	0x9
 914 05ad 63       		.byte	0x63
 915 05ae 4F030000 		.4byte	0x34f
 916 05b2 08       		.byte	0x8
 917 05b3 07       		.uleb128 0x7
 918 05b4 CB000000 		.4byte	.LASF97
 919 05b8 09       		.byte	0x9
 920 05b9 67       		.byte	0x67
 921 05ba A2000000 		.4byte	0xa2
 922 05be 0C       		.byte	0xc
 923 05bf 00       		.byte	0
 924 05c0 0B       		.uleb128 0xb
 925 05c1 04       		.byte	0x4
 926 05c2 67010000 		.4byte	0x167
 927 05c6 04       		.uleb128 0x4
 928 05c7 45040000 		.4byte	.LASF98
 929 05cb 09       		.byte	0x9
 930 05cc 68       		.byte	0x68
 931 05cd 87050000 		.4byte	0x587
 932 05d1 15       		.uleb128 0x15
 933 05d2 0804     		.2byte	0x408
 934 05d4 09       		.byte	0x9
 935 05d5 6D       		.byte	0x6d
 936 05d6 FF050000 		.4byte	0x5ff
 937 05da 07       		.uleb128 0x7
 938 05db D3010000 		.4byte	.LASF99
 939 05df 09       		.byte	0x9
 940 05e0 71       		.byte	0x71
 941 05e1 2C000000 		.4byte	0x2c
 942 05e5 00       		.byte	0
 943 05e6 07       		.uleb128 0x7
 944 05e7 00000000 		.4byte	.LASF100
 945 05eb 09       		.byte	0x9
 946 05ec 75       		.byte	0x75
 947 05ed FF050000 		.4byte	0x5ff
 948 05f1 04       		.byte	0x4
 949 05f2 07       		.uleb128 0x7
 950 05f3 C3040000 		.4byte	.LASF101
 951 05f7 09       		.byte	0x9
 952 05f8 79       		.byte	0x79
 953 05f9 05060000 		.4byte	0x605
 954 05fd 08       		.byte	0x8
 955 05fe 00       		.byte	0
 956 05ff 0B       		.uleb128 0xb
 957 0600 04       		.byte	0x4
 958 0601 C6050000 		.4byte	0x5c6
 959 0605 16       		.uleb128 0x16
ARM GAS  C:\Users\jo\AppData\Local\Temp\ccbV0tx0.s 			page 18


 960 0606 C6050000 		.4byte	0x5c6
 961 060a 15060000 		.4byte	0x615
 962 060e 17       		.uleb128 0x17
 963 060f BE040000 		.4byte	0x4be
 964 0613 3F       		.byte	0x3f
 965 0614 00       		.byte	0
 966 0615 04       		.uleb128 0x4
 967 0616 B9000000 		.4byte	.LASF102
 968 061a 09       		.byte	0x9
 969 061b 7A       		.byte	0x7a
 970 061c D1050000 		.4byte	0x5d1
 971 0620 14       		.uleb128 0x14
 972 0621 04       		.byte	0x4
 973 0622 0A       		.byte	0xa
 974 0623 38       		.byte	0x38
 975 0624 35060000 		.4byte	0x635
 976 0628 07       		.uleb128 0x7
 977 0629 38060000 		.4byte	.LASF103
 978 062d 0A       		.byte	0xa
 979 062e 3C       		.byte	0x3c
 980 062f EE000000 		.4byte	0xee
 981 0633 00       		.byte	0
 982 0634 00       		.byte	0
 983 0635 04       		.uleb128 0x4
 984 0636 6E040000 		.4byte	.LASF104
 985 063a 0A       		.byte	0xa
 986 063b 3D       		.byte	0x3d
 987 063c 20060000 		.4byte	0x620
 988 0640 14       		.uleb128 0x14
 989 0641 18       		.byte	0x18
 990 0642 0A       		.byte	0xa
 991 0643 48       		.byte	0x48
 992 0644 83060000 		.4byte	0x683
 993 0648 07       		.uleb128 0x7
 994 0649 F9050000 		.4byte	.LASF105
 995 064d 0A       		.byte	0xa
 996 064e 49       		.byte	0x49
 997 064f EE000000 		.4byte	0xee
 998 0653 00       		.byte	0
 999 0654 07       		.uleb128 0x7
 1000 0655 83000000 		.4byte	.LASF106
 1001 0659 0A       		.byte	0xa
 1002 065a 4A       		.byte	0x4a
 1003 065b EE000000 		.4byte	0xee
 1004 065f 04       		.byte	0x4
 1005 0660 07       		.uleb128 0x7
 1006 0661 C7020000 		.4byte	.LASF107
 1007 0665 0A       		.byte	0xa
 1008 0666 4B       		.byte	0x4b
 1009 0667 EE000000 		.4byte	0xee
 1010 066b 08       		.byte	0x8
 1011 066c 12       		.uleb128 0x12
 1012 066d 6E00     		.ascii	"n\000"
 1013 066f 0A       		.byte	0xa
 1014 0670 4C       		.byte	0x4c
 1015 0671 51010000 		.4byte	0x151
 1016 0675 0C       		.byte	0xc
ARM GAS  C:\Users\jo\AppData\Local\Temp\ccbV0tx0.s 			page 19


 1017 0676 07       		.uleb128 0x7
 1018 0677 9D040000 		.4byte	.LASF108
 1019 067b 0A       		.byte	0xa
 1020 067c 4D       		.byte	0x4d
 1021 067d F9000000 		.4byte	0xf9
 1022 0681 10       		.byte	0x10
 1023 0682 00       		.byte	0
 1024 0683 04       		.uleb128 0x4
 1025 0684 89000000 		.4byte	.LASF109
 1026 0688 0A       		.byte	0xa
 1027 0689 4E       		.byte	0x4e
 1028 068a 40060000 		.4byte	0x640
 1029 068e 14       		.uleb128 0x14
 1030 068f 38       		.byte	0x38
 1031 0690 0B       		.byte	0xb
 1032 0691 38       		.byte	0x38
 1033 0692 C7060000 		.4byte	0x6c7
 1034 0696 07       		.uleb128 0x7
 1035 0697 8F020000 		.4byte	.LASF110
 1036 069b 0B       		.byte	0xb
 1037 069c 39       		.byte	0x39
 1038 069d 51010000 		.4byte	0x151
 1039 06a1 00       		.byte	0
 1040 06a2 07       		.uleb128 0x7
 1041 06a3 F2040000 		.4byte	.LASF111
 1042 06a7 0B       		.byte	0xb
 1043 06a8 3A       		.byte	0x3a
 1044 06a9 51010000 		.4byte	0x151
 1045 06ad 04       		.byte	0x4
 1046 06ae 07       		.uleb128 0x7
 1047 06af E9060000 		.4byte	.LASF112
 1048 06b3 0B       		.byte	0xb
 1049 06b4 3B       		.byte	0x3b
 1050 06b5 83060000 		.4byte	0x683
 1051 06b9 08       		.byte	0x8
 1052 06ba 07       		.uleb128 0x7
 1053 06bb E7020000 		.4byte	.LASF113
 1054 06bf 0B       		.byte	0xb
 1055 06c0 3D       		.byte	0x3d
 1056 06c1 83060000 		.4byte	0x683
 1057 06c5 20       		.byte	0x20
 1058 06c6 00       		.byte	0
 1059 06c7 04       		.uleb128 0x4
 1060 06c8 A8020000 		.4byte	.LASF114
 1061 06cc 0B       		.byte	0xb
 1062 06cd 3F       		.byte	0x3f
 1063 06ce 8E060000 		.4byte	0x68e
 1064 06d2 18       		.uleb128 0x18
 1065 06d3 04       		.byte	0x4
 1066 06d4 06       		.byte	0x6
 1067 06d5 F6       		.byte	0xf6
 1068 06d6 0A070000 		.4byte	0x70a
 1069 06da 19       		.uleb128 0x19
 1070 06db 1C000000 		.4byte	.LASF115
 1071 06df 06       		.byte	0x6
 1072 06e0 FD       		.byte	0xfd
 1073 06e1 30010000 		.4byte	0x130
ARM GAS  C:\Users\jo\AppData\Local\Temp\ccbV0tx0.s 			page 20


 1074 06e5 1A       		.uleb128 0x1a
 1075 06e6 DA000000 		.4byte	.LASF116
 1076 06ea 06       		.byte	0x6
 1077 06eb 0401     		.2byte	0x104
 1078 06ed 30010000 		.4byte	0x130
 1079 06f1 1A       		.uleb128 0x1a
 1080 06f2 B0060000 		.4byte	.LASF117
 1081 06f6 06       		.byte	0x6
 1082 06f7 0B01     		.2byte	0x10b
 1083 06f9 4F030000 		.4byte	0x34f
 1084 06fd 1A       		.uleb128 0x1a
 1085 06fe 3A050000 		.4byte	.LASF118
 1086 0702 06       		.byte	0x6
 1087 0703 1201     		.2byte	0x112
 1088 0705 3B010000 		.4byte	0x13b
 1089 0709 00       		.byte	0
 1090 070a 0B       		.uleb128 0xb
 1091 070b 04       		.byte	0x4
 1092 070c D0040000 		.4byte	0x4d0
 1093 0710 06       		.uleb128 0x6
 1094 0711 EC040000 		.4byte	.LASF119
 1095 0715 10       		.byte	0x10
 1096 0716 0C       		.byte	0xc
 1097 0717 39       		.byte	0x39
 1098 0718 41070000 		.4byte	0x741
 1099 071c 07       		.uleb128 0x7
 1100 071d 96010000 		.4byte	.LASF120
 1101 0721 0C       		.byte	0xc
 1102 0722 3A       		.byte	0x3a
 1103 0723 9C020000 		.4byte	0x29c
 1104 0727 00       		.byte	0
 1105 0728 07       		.uleb128 0x7
 1106 0729 F4060000 		.4byte	.LASF121
 1107 072d 0C       		.byte	0xc
 1108 072e 3C       		.byte	0x3c
 1109 072f C0050000 		.4byte	0x5c0
 1110 0733 08       		.byte	0x8
 1111 0734 07       		.uleb128 0x7
 1112 0735 FE050000 		.4byte	.LASF122
 1113 0739 0C       		.byte	0xc
 1114 073a 3E       		.byte	0x3e
 1115 073b 6D070000 		.4byte	0x76d
 1116 073f 0C       		.byte	0xc
 1117 0740 00       		.byte	0
 1118 0741 0B       		.uleb128 0xb
 1119 0742 04       		.byte	0x4
 1120 0743 10070000 		.4byte	0x710
 1121 0747 0B       		.uleb128 0xb
 1122 0748 04       		.byte	0x4
 1123 0749 51030000 		.4byte	0x351
 1124 074d 05       		.uleb128 0x5
 1125 074e 7C050000 		.4byte	0x57c
 1126 0752 16       		.uleb128 0x16
 1127 0753 D0040000 		.4byte	0x4d0
 1128 0757 62070000 		.4byte	0x762
 1129 075b 17       		.uleb128 0x17
 1130 075c BE040000 		.4byte	0x4be
ARM GAS  C:\Users\jo\AppData\Local\Temp\ccbV0tx0.s 			page 21


 1131 0760 1E       		.byte	0x1e
 1132 0761 00       		.byte	0
 1133 0762 04       		.uleb128 0x4
 1134 0763 42020000 		.4byte	.LASF123
 1135 0767 0C       		.byte	0xc
 1136 0768 34       		.byte	0x34
 1137 0769 10070000 		.4byte	0x710
 1138 076d 0B       		.uleb128 0xb
 1139 076e 04       		.byte	0x4
 1140 076f 62070000 		.4byte	0x762
 1141 0773 03       		.uleb128 0x3
 1142 0774 01       		.byte	0x1
 1143 0775 02       		.byte	0x2
 1144 0776 FB040000 		.4byte	.LASF124
 1145 077a 14       		.uleb128 0x14
 1146 077b 04       		.byte	0x4
 1147 077c 0D       		.byte	0xd
 1148 077d B3       		.byte	0xb3
 1149 077e 9B070000 		.4byte	0x79b
 1150 0782 12       		.uleb128 0x12
 1151 0783 73657400 		.ascii	"set\000"
 1152 0787 0D       		.byte	0xd
 1153 0788 B4       		.byte	0xb4
 1154 0789 AD000000 		.4byte	0xad
 1155 078d 00       		.byte	0
 1156 078e 07       		.uleb128 0x7
 1157 078f 3F040000 		.4byte	.LASF125
 1158 0793 0D       		.byte	0xd
 1159 0794 B5       		.byte	0xb5
 1160 0795 AD000000 		.4byte	0xad
 1161 0799 02       		.byte	0x2
 1162 079a 00       		.byte	0
 1163 079b 18       		.uleb128 0x18
 1164 079c 04       		.byte	0x4
 1165 079d 0D       		.byte	0xd
 1166 079e B1       		.byte	0xb1
 1167 079f B6070000 		.4byte	0x7b6
 1168 07a3 1B       		.uleb128 0x1b
 1169 07a4 5700     		.ascii	"W\000"
 1170 07a6 0D       		.byte	0xd
 1171 07a7 B2       		.byte	0xb2
 1172 07a8 C3000000 		.4byte	0xc3
 1173 07ac 1B       		.uleb128 0x1b
 1174 07ad 4800     		.ascii	"H\000"
 1175 07af 0D       		.byte	0xd
 1176 07b0 B6       		.byte	0xb6
 1177 07b1 7A070000 		.4byte	0x77a
 1178 07b5 00       		.byte	0
 1179 07b6 14       		.uleb128 0x14
 1180 07b7 2C       		.byte	0x2c
 1181 07b8 0D       		.byte	0xd
 1182 07b9 A9       		.byte	0xa9
 1183 07ba 43080000 		.4byte	0x843
 1184 07be 07       		.uleb128 0x7
 1185 07bf 9C000000 		.4byte	.LASF126
 1186 07c3 0D       		.byte	0xd
 1187 07c4 AB       		.byte	0xab
ARM GAS  C:\Users\jo\AppData\Local\Temp\ccbV0tx0.s 			page 22


 1188 07c5 E9000000 		.4byte	0xe9
 1189 07c9 00       		.byte	0
 1190 07ca 07       		.uleb128 0x7
 1191 07cb 43000000 		.4byte	.LASF127
 1192 07cf 0D       		.byte	0xd
 1193 07d0 AC       		.byte	0xac
 1194 07d1 E9000000 		.4byte	0xe9
 1195 07d5 04       		.byte	0x4
 1196 07d6 07       		.uleb128 0x7
 1197 07d7 DB010000 		.4byte	.LASF128
 1198 07db 0D       		.byte	0xd
 1199 07dc AD       		.byte	0xad
 1200 07dd E9000000 		.4byte	0xe9
 1201 07e1 08       		.byte	0x8
 1202 07e2 07       		.uleb128 0x7
 1203 07e3 D4000000 		.4byte	.LASF129
 1204 07e7 0D       		.byte	0xd
 1205 07e8 AE       		.byte	0xae
 1206 07e9 E9000000 		.4byte	0xe9
 1207 07ed 0C       		.byte	0xc
 1208 07ee 12       		.uleb128 0x12
 1209 07ef 49445200 		.ascii	"IDR\000"
 1210 07f3 0D       		.byte	0xd
 1211 07f4 AF       		.byte	0xaf
 1212 07f5 E9000000 		.4byte	0xe9
 1213 07f9 10       		.byte	0x10
 1214 07fa 12       		.uleb128 0x12
 1215 07fb 4F445200 		.ascii	"ODR\000"
 1216 07ff 0D       		.byte	0xd
 1217 0800 B0       		.byte	0xb0
 1218 0801 E9000000 		.4byte	0xe9
 1219 0805 14       		.byte	0x14
 1220 0806 07       		.uleb128 0x7
 1221 0807 89010000 		.4byte	.LASF130
 1222 080b 0D       		.byte	0xd
 1223 080c B7       		.byte	0xb7
 1224 080d 43080000 		.4byte	0x843
 1225 0811 18       		.byte	0x18
 1226 0812 07       		.uleb128 0x7
 1227 0813 8A020000 		.4byte	.LASF131
 1228 0817 0D       		.byte	0xd
 1229 0818 B8       		.byte	0xb8
 1230 0819 E9000000 		.4byte	0xe9
 1231 081d 1C       		.byte	0x1c
 1232 081e 07       		.uleb128 0x7
 1233 081f B6040000 		.4byte	.LASF132
 1234 0823 0D       		.byte	0xd
 1235 0824 B9       		.byte	0xb9
 1236 0825 E9000000 		.4byte	0xe9
 1237 0829 20       		.byte	0x20
 1238 082a 07       		.uleb128 0x7
 1239 082b 98040000 		.4byte	.LASF133
 1240 082f 0D       		.byte	0xd
 1241 0830 BA       		.byte	0xba
 1242 0831 E9000000 		.4byte	0xe9
 1243 0835 24       		.byte	0x24
 1244 0836 12       		.uleb128 0x12
ARM GAS  C:\Users\jo\AppData\Local\Temp\ccbV0tx0.s 			page 23


 1245 0837 42525200 		.ascii	"BRR\000"
 1246 083b 0D       		.byte	0xd
 1247 083c BB       		.byte	0xbb
 1248 083d E9000000 		.4byte	0xe9
 1249 0841 28       		.byte	0x28
 1250 0842 00       		.byte	0
 1251 0843 05       		.uleb128 0x5
 1252 0844 9B070000 		.4byte	0x79b
 1253 0848 04       		.uleb128 0x4
 1254 0849 1B020000 		.4byte	.LASF134
 1255 084d 0D       		.byte	0xd
 1256 084e BC       		.byte	0xbc
 1257 084f B6070000 		.4byte	0x7b6
 1258 0853 1C       		.uleb128 0x1c
 1259 0854 76000000 		.4byte	.LASF135
 1260 0858 0D       		.byte	0xd
 1261 0859 0E01     		.2byte	0x10e
 1262 085b C3000000 		.4byte	0xc3
 1263 085f 1C       		.uleb128 0x1c
 1264 0860 E0060000 		.4byte	.LASF136
 1265 0864 0D       		.byte	0xd
 1266 0865 1301     		.2byte	0x113
 1267 0867 C3000000 		.4byte	0xc3
 1268 086b 1C       		.uleb128 0x1c
 1269 086c 3F060000 		.4byte	.LASF137
 1270 0870 0D       		.byte	0xd
 1271 0871 1B01     		.2byte	0x11b
 1272 0873 77080000 		.4byte	0x877
 1273 0877 0B       		.uleb128 0xb
 1274 0878 04       		.byte	0x4
 1275 0879 48080000 		.4byte	0x848
 1276 087d 14       		.uleb128 0x14
 1277 087e 0C       		.byte	0xc
 1278 087f 0E       		.byte	0xe
 1279 0880 7D       		.byte	0x7d
 1280 0881 AA080000 		.4byte	0x8aa
 1281 0885 07       		.uleb128 0x7
 1282 0886 91040000 		.4byte	.LASF138
 1283 088a 0E       		.byte	0xe
 1284 088b 81       		.byte	0x81
 1285 088c 6B080000 		.4byte	0x86b
 1286 0890 00       		.byte	0
 1287 0891 07       		.uleb128 0x7
 1288 0892 EB010000 		.4byte	.LASF139
 1289 0896 0E       		.byte	0xe
 1290 0897 87       		.byte	0x87
 1291 0898 53080000 		.4byte	0x853
 1292 089c 04       		.byte	0x4
 1293 089d 07       		.uleb128 0x7
 1294 089e 38060000 		.4byte	.LASF103
 1295 08a2 0E       		.byte	0xe
 1296 08a3 8B       		.byte	0x8b
 1297 08a4 D9000000 		.4byte	0xd9
 1298 08a8 08       		.byte	0x8
 1299 08a9 00       		.byte	0
 1300 08aa 04       		.uleb128 0x4
 1301 08ab 53020000 		.4byte	.LASF140
ARM GAS  C:\Users\jo\AppData\Local\Temp\ccbV0tx0.s 			page 24


 1302 08af 0E       		.byte	0xe
 1303 08b0 8C       		.byte	0x8c
 1304 08b1 7D080000 		.4byte	0x87d
 1305 08b5 1D       		.uleb128 0x1d
 1306 08b6 DA050000 		.4byte	.LASF150
 1307 08ba 01       		.byte	0x1
 1308 08bb 44       		.byte	0x44
 1309 08bc 53080000 		.4byte	0x853
 1310 08c0 00000000 		.4byte	.LFB255
 1311 08c4 24000000 		.4byte	.LFE255-.LFB255
 1312 08c8 01       		.uleb128 0x1
 1313 08c9 9C       		.byte	0x9c
 1314 08ca 00090000 		.4byte	0x900
 1315 08ce 1E       		.uleb128 0x1e
 1316 08cf 62757300 		.ascii	"bus\000"
 1317 08d3 01       		.byte	0x1
 1318 08d4 44       		.byte	0x44
 1319 08d5 00090000 		.4byte	0x900
 1320 08d9 00000000 		.4byte	.LLST0
 1321 08dd 1F       		.uleb128 0x1f
 1322 08de 5D050000 		.4byte	.LASF142
 1323 08e2 16090000 		.4byte	0x916
 1324 08e6 05       		.uleb128 0x5
 1325 08e7 03       		.byte	0x3
 1326 08e8 00000000 		.4byte	__func__.8186
 1327 08ec 20       		.uleb128 0x20
 1328 08ed 12000000 		.4byte	.LVL2
 1329 08f1 1D0A0000 		.4byte	0xa1d
 1330 08f5 21       		.uleb128 0x21
 1331 08f6 01       		.uleb128 0x1
 1332 08f7 50       		.byte	0x50
 1333 08f8 05       		.uleb128 0x5
 1334 08f9 03       		.byte	0x3
 1335 08fa 00000000 		.4byte	.LANCHOR0
 1336 08fe 00       		.byte	0
 1337 08ff 00       		.byte	0
 1338 0900 0B       		.uleb128 0xb
 1339 0901 04       		.byte	0x4
 1340 0902 AA080000 		.4byte	0x8aa
 1341 0906 16       		.uleb128 0x16
 1342 0907 75050000 		.4byte	0x575
 1343 090b 16090000 		.4byte	0x916
 1344 090f 17       		.uleb128 0x17
 1345 0910 BE040000 		.4byte	0x4be
 1346 0914 0A       		.byte	0xa
 1347 0915 00       		.byte	0
 1348 0916 13       		.uleb128 0x13
 1349 0917 06090000 		.4byte	0x906
 1350 091b 22       		.uleb128 0x22
 1351 091c 77060000 		.4byte	.LASF143
 1352 0920 01       		.byte	0x1
 1353 0921 5D       		.byte	0x5d
 1354 0922 00000000 		.4byte	.LFB256
 1355 0926 38000000 		.4byte	.LFE256-.LFB256
 1356 092a 01       		.uleb128 0x1
 1357 092b 9C       		.byte	0x9c
 1358 092c 71090000 		.4byte	0x971
ARM GAS  C:\Users\jo\AppData\Local\Temp\ccbV0tx0.s 			page 25


 1359 0930 1E       		.uleb128 0x1e
 1360 0931 62757300 		.ascii	"bus\000"
 1361 0935 01       		.byte	0x1
 1362 0936 5D       		.byte	0x5d
 1363 0937 00090000 		.4byte	0x900
 1364 093b 2C000000 		.4byte	.LLST1
 1365 093f 23       		.uleb128 0x23
 1366 0940 A5010000 		.4byte	.LASF141
 1367 0944 01       		.byte	0x1
 1368 0945 5D       		.byte	0x5d
 1369 0946 53080000 		.4byte	0x853
 1370 094a 58000000 		.4byte	.LLST2
 1371 094e 1F       		.uleb128 0x1f
 1372 094f 5D050000 		.4byte	.LASF142
 1373 0953 81090000 		.4byte	0x981
 1374 0957 05       		.uleb128 0x5
 1375 0958 03       		.byte	0x3
 1376 0959 00000000 		.4byte	__func__.8191
 1377 095d 20       		.uleb128 0x20
 1378 095e 14000000 		.4byte	.LVL6
 1379 0962 1D0A0000 		.4byte	0xa1d
 1380 0966 21       		.uleb128 0x21
 1381 0967 01       		.uleb128 0x1
 1382 0968 50       		.byte	0x50
 1383 0969 05       		.uleb128 0x5
 1384 096a 03       		.byte	0x3
 1385 096b 00000000 		.4byte	.LANCHOR1
 1386 096f 00       		.byte	0
 1387 0970 00       		.byte	0
 1388 0971 16       		.uleb128 0x16
 1389 0972 75050000 		.4byte	0x575
 1390 0976 81090000 		.4byte	0x981
 1391 097a 17       		.uleb128 0x17
 1392 097b BE040000 		.4byte	0x4be
 1393 097f 0B       		.byte	0xb
 1394 0980 00       		.byte	0
 1395 0981 13       		.uleb128 0x13
 1396 0982 71090000 		.4byte	0x971
 1397 0986 22       		.uleb128 0x22
 1398 0987 A8040000 		.4byte	.LASF144
 1399 098b 01       		.byte	0x1
 1400 098c 74       		.byte	0x74
 1401 098d 00000000 		.4byte	.LFB257
 1402 0991 2C000000 		.4byte	.LFE257-.LFB257
 1403 0995 01       		.uleb128 0x1
 1404 0996 9C       		.byte	0x9c
 1405 0997 F1090000 		.4byte	0x9f1
 1406 099b 1E       		.uleb128 0x1e
 1407 099c 62757300 		.ascii	"bus\000"
 1408 09a0 01       		.byte	0x1
 1409 09a1 74       		.byte	0x74
 1410 09a2 00090000 		.4byte	0x900
 1411 09a6 84000000 		.4byte	.LLST3
 1412 09aa 23       		.uleb128 0x23
 1413 09ab D5050000 		.4byte	.LASF145
 1414 09af 01       		.byte	0x1
 1415 09b0 74       		.byte	0x74
ARM GAS  C:\Users\jo\AppData\Local\Temp\ccbV0tx0.s 			page 26


 1416 09b1 5F080000 		.4byte	0x85f
 1417 09b5 B0000000 		.4byte	.LLST4
 1418 09b9 1F       		.uleb128 0x1f
 1419 09ba 5D050000 		.4byte	.LASF142
 1420 09be 010A0000 		.4byte	0xa01
 1421 09c2 05       		.uleb128 0x5
 1422 09c3 03       		.byte	0x3
 1423 09c4 00000000 		.4byte	__func__.8196
 1424 09c8 24       		.uleb128 0x24
 1425 09c9 14000000 		.4byte	.LVL11
 1426 09cd 1D0A0000 		.4byte	0xa1d
 1427 09d1 DF090000 		.4byte	0x9df
 1428 09d5 21       		.uleb128 0x21
 1429 09d6 01       		.uleb128 0x1
 1430 09d7 50       		.byte	0x50
 1431 09d8 05       		.uleb128 0x5
 1432 09d9 03       		.byte	0x3
 1433 09da 00000000 		.4byte	.LANCHOR2
 1434 09de 00       		.byte	0
 1435 09df 25       		.uleb128 0x25
 1436 09e0 26000000 		.4byte	.LVL13
 1437 09e4 2E0A0000 		.4byte	0xa2e
 1438 09e8 21       		.uleb128 0x21
 1439 09e9 01       		.uleb128 0x1
 1440 09ea 52       		.byte	0x52
 1441 09eb 03       		.uleb128 0x3
 1442 09ec F3       		.byte	0xf3
 1443 09ed 01       		.uleb128 0x1
 1444 09ee 51       		.byte	0x51
 1445 09ef 00       		.byte	0
 1446 09f0 00       		.byte	0
 1447 09f1 16       		.uleb128 0x16
 1448 09f2 75050000 		.4byte	0x575
 1449 09f6 010A0000 		.4byte	0xa01
 1450 09fa 17       		.uleb128 0x17
 1451 09fb BE040000 		.4byte	0x4be
 1452 09ff 0D       		.byte	0xd
 1453 0a00 00       		.byte	0
 1454 0a01 13       		.uleb128 0x13
 1455 0a02 F1090000 		.4byte	0x9f1
 1456 0a06 26       		.uleb128 0x26
 1457 0a07 04010000 		.4byte	.LASF146
 1458 0a0b 0F       		.byte	0xf
 1459 0a0c A706     		.2byte	0x6a7
 1460 0a0e E4000000 		.4byte	0xe4
 1461 0a12 27       		.uleb128 0x27
 1462 0a13 636800   		.ascii	"ch\000"
 1463 0a16 06       		.byte	0x6
 1464 0a17 EB01     		.2byte	0x1eb
 1465 0a19 46040000 		.4byte	0x446
 1466 0a1d 28       		.uleb128 0x28
 1467 0a1e 01020000 		.4byte	.LASF151
 1468 0a22 10       		.byte	0x10
 1469 0a23 E6       		.byte	0xe6
 1470 0a24 2E0A0000 		.4byte	0xa2e
 1471 0a28 0D       		.uleb128 0xd
 1472 0a29 7C050000 		.4byte	0x57c
ARM GAS  C:\Users\jo\AppData\Local\Temp\ccbV0tx0.s 			page 27


 1473 0a2d 00       		.byte	0
 1474 0a2e 29       		.uleb128 0x29
 1475 0a2f 52060000 		.4byte	.LASF152
 1476 0a33 0D       		.byte	0xd
 1477 0a34 E001     		.2byte	0x1e0
 1478 0a36 0D       		.uleb128 0xd
 1479 0a37 6B080000 		.4byte	0x86b
 1480 0a3b 0D       		.uleb128 0xd
 1481 0a3c 53080000 		.4byte	0x853
 1482 0a40 0D       		.uleb128 0xd
 1483 0a41 5F080000 		.4byte	0x85f
 1484 0a45 00       		.byte	0
 1485 0a46 00       		.byte	0
 1486              		.section	.debug_abbrev,"",%progbits
 1487              	.Ldebug_abbrev0:
 1488 0000 01       		.uleb128 0x1
 1489 0001 11       		.uleb128 0x11
 1490 0002 01       		.byte	0x1
 1491 0003 25       		.uleb128 0x25
 1492 0004 0E       		.uleb128 0xe
 1493 0005 13       		.uleb128 0x13
 1494 0006 0B       		.uleb128 0xb
 1495 0007 03       		.uleb128 0x3
 1496 0008 0E       		.uleb128 0xe
 1497 0009 1B       		.uleb128 0x1b
 1498 000a 0E       		.uleb128 0xe
 1499 000b 55       		.uleb128 0x55
 1500 000c 17       		.uleb128 0x17
 1501 000d 11       		.uleb128 0x11
 1502 000e 01       		.uleb128 0x1
 1503 000f 10       		.uleb128 0x10
 1504 0010 17       		.uleb128 0x17
 1505 0011 00       		.byte	0
 1506 0012 00       		.byte	0
 1507 0013 02       		.uleb128 0x2
 1508 0014 24       		.uleb128 0x24
 1509 0015 00       		.byte	0
 1510 0016 0B       		.uleb128 0xb
 1511 0017 0B       		.uleb128 0xb
 1512 0018 3E       		.uleb128 0x3e
 1513 0019 0B       		.uleb128 0xb
 1514 001a 03       		.uleb128 0x3
 1515 001b 08       		.uleb128 0x8
 1516 001c 00       		.byte	0
 1517 001d 00       		.byte	0
 1518 001e 03       		.uleb128 0x3
 1519 001f 24       		.uleb128 0x24
 1520 0020 00       		.byte	0
 1521 0021 0B       		.uleb128 0xb
 1522 0022 0B       		.uleb128 0xb
 1523 0023 3E       		.uleb128 0x3e
 1524 0024 0B       		.uleb128 0xb
 1525 0025 03       		.uleb128 0x3
 1526 0026 0E       		.uleb128 0xe
 1527 0027 00       		.byte	0
 1528 0028 00       		.byte	0
 1529 0029 04       		.uleb128 0x4
ARM GAS  C:\Users\jo\AppData\Local\Temp\ccbV0tx0.s 			page 28


 1530 002a 16       		.uleb128 0x16
 1531 002b 00       		.byte	0
 1532 002c 03       		.uleb128 0x3
 1533 002d 0E       		.uleb128 0xe
 1534 002e 3A       		.uleb128 0x3a
 1535 002f 0B       		.uleb128 0xb
 1536 0030 3B       		.uleb128 0x3b
 1537 0031 0B       		.uleb128 0xb
 1538 0032 49       		.uleb128 0x49
 1539 0033 13       		.uleb128 0x13
 1540 0034 00       		.byte	0
 1541 0035 00       		.byte	0
 1542 0036 05       		.uleb128 0x5
 1543 0037 35       		.uleb128 0x35
 1544 0038 00       		.byte	0
 1545 0039 49       		.uleb128 0x49
 1546 003a 13       		.uleb128 0x13
 1547 003b 00       		.byte	0
 1548 003c 00       		.byte	0
 1549 003d 06       		.uleb128 0x6
 1550 003e 13       		.uleb128 0x13
 1551 003f 01       		.byte	0x1
 1552 0040 03       		.uleb128 0x3
 1553 0041 0E       		.uleb128 0xe
 1554 0042 0B       		.uleb128 0xb
 1555 0043 0B       		.uleb128 0xb
 1556 0044 3A       		.uleb128 0x3a
 1557 0045 0B       		.uleb128 0xb
 1558 0046 3B       		.uleb128 0x3b
 1559 0047 0B       		.uleb128 0xb
 1560 0048 01       		.uleb128 0x1
 1561 0049 13       		.uleb128 0x13
 1562 004a 00       		.byte	0
 1563 004b 00       		.byte	0
 1564 004c 07       		.uleb128 0x7
 1565 004d 0D       		.uleb128 0xd
 1566 004e 00       		.byte	0
 1567 004f 03       		.uleb128 0x3
 1568 0050 0E       		.uleb128 0xe
 1569 0051 3A       		.uleb128 0x3a
 1570 0052 0B       		.uleb128 0xb
 1571 0053 3B       		.uleb128 0x3b
 1572 0054 0B       		.uleb128 0xb
 1573 0055 49       		.uleb128 0x49
 1574 0056 13       		.uleb128 0x13
 1575 0057 38       		.uleb128 0x38
 1576 0058 0B       		.uleb128 0xb
 1577 0059 00       		.byte	0
 1578 005a 00       		.byte	0
 1579 005b 08       		.uleb128 0x8
 1580 005c 0D       		.uleb128 0xd
 1581 005d 00       		.byte	0
 1582 005e 03       		.uleb128 0x3
 1583 005f 08       		.uleb128 0x8
 1584 0060 3A       		.uleb128 0x3a
 1585 0061 0B       		.uleb128 0xb
 1586 0062 3B       		.uleb128 0x3b
ARM GAS  C:\Users\jo\AppData\Local\Temp\ccbV0tx0.s 			page 29


 1587 0063 05       		.uleb128 0x5
 1588 0064 49       		.uleb128 0x49
 1589 0065 13       		.uleb128 0x13
 1590 0066 38       		.uleb128 0x38
 1591 0067 0B       		.uleb128 0xb
 1592 0068 00       		.byte	0
 1593 0069 00       		.byte	0
 1594 006a 09       		.uleb128 0x9
 1595 006b 0D       		.uleb128 0xd
 1596 006c 00       		.byte	0
 1597 006d 03       		.uleb128 0x3
 1598 006e 0E       		.uleb128 0xe
 1599 006f 3A       		.uleb128 0x3a
 1600 0070 0B       		.uleb128 0xb
 1601 0071 3B       		.uleb128 0x3b
 1602 0072 05       		.uleb128 0x5
 1603 0073 49       		.uleb128 0x49
 1604 0074 13       		.uleb128 0x13
 1605 0075 38       		.uleb128 0x38
 1606 0076 0B       		.uleb128 0xb
 1607 0077 00       		.byte	0
 1608 0078 00       		.byte	0
 1609 0079 0A       		.uleb128 0xa
 1610 007a 13       		.uleb128 0x13
 1611 007b 01       		.byte	0x1
 1612 007c 03       		.uleb128 0x3
 1613 007d 0E       		.uleb128 0xe
 1614 007e 0B       		.uleb128 0xb
 1615 007f 0B       		.uleb128 0xb
 1616 0080 3A       		.uleb128 0x3a
 1617 0081 0B       		.uleb128 0xb
 1618 0082 3B       		.uleb128 0x3b
 1619 0083 05       		.uleb128 0x5
 1620 0084 01       		.uleb128 0x1
 1621 0085 13       		.uleb128 0x13
 1622 0086 00       		.byte	0
 1623 0087 00       		.byte	0
 1624 0088 0B       		.uleb128 0xb
 1625 0089 0F       		.uleb128 0xf
 1626 008a 00       		.byte	0
 1627 008b 0B       		.uleb128 0xb
 1628 008c 0B       		.uleb128 0xb
 1629 008d 49       		.uleb128 0x49
 1630 008e 13       		.uleb128 0x13
 1631 008f 00       		.byte	0
 1632 0090 00       		.byte	0
 1633 0091 0C       		.uleb128 0xc
 1634 0092 15       		.uleb128 0x15
 1635 0093 01       		.byte	0x1
 1636 0094 27       		.uleb128 0x27
 1637 0095 19       		.uleb128 0x19
 1638 0096 01       		.uleb128 0x1
 1639 0097 13       		.uleb128 0x13
 1640 0098 00       		.byte	0
 1641 0099 00       		.byte	0
 1642 009a 0D       		.uleb128 0xd
 1643 009b 05       		.uleb128 0x5
ARM GAS  C:\Users\jo\AppData\Local\Temp\ccbV0tx0.s 			page 30


 1644 009c 00       		.byte	0
 1645 009d 49       		.uleb128 0x49
 1646 009e 13       		.uleb128 0x13
 1647 009f 00       		.byte	0
 1648 00a0 00       		.byte	0
 1649 00a1 0E       		.uleb128 0xe
 1650 00a2 0F       		.uleb128 0xf
 1651 00a3 00       		.byte	0
 1652 00a4 0B       		.uleb128 0xb
 1653 00a5 0B       		.uleb128 0xb
 1654 00a6 00       		.byte	0
 1655 00a7 00       		.byte	0
 1656 00a8 0F       		.uleb128 0xf
 1657 00a9 13       		.uleb128 0x13
 1658 00aa 01       		.byte	0x1
 1659 00ab 03       		.uleb128 0x3
 1660 00ac 0E       		.uleb128 0xe
 1661 00ad 0B       		.uleb128 0xb
 1662 00ae 05       		.uleb128 0x5
 1663 00af 3A       		.uleb128 0x3a
 1664 00b0 0B       		.uleb128 0xb
 1665 00b1 3B       		.uleb128 0x3b
 1666 00b2 05       		.uleb128 0x5
 1667 00b3 01       		.uleb128 0x1
 1668 00b4 13       		.uleb128 0x13
 1669 00b5 00       		.byte	0
 1670 00b6 00       		.byte	0
 1671 00b7 10       		.uleb128 0x10
 1672 00b8 0D       		.uleb128 0xd
 1673 00b9 00       		.byte	0
 1674 00ba 03       		.uleb128 0x3
 1675 00bb 0E       		.uleb128 0xe
 1676 00bc 3A       		.uleb128 0x3a
 1677 00bd 0B       		.uleb128 0xb
 1678 00be 3B       		.uleb128 0x3b
 1679 00bf 05       		.uleb128 0x5
 1680 00c0 49       		.uleb128 0x49
 1681 00c1 13       		.uleb128 0x13
 1682 00c2 38       		.uleb128 0x38
 1683 00c3 05       		.uleb128 0x5
 1684 00c4 00       		.byte	0
 1685 00c5 00       		.byte	0
 1686 00c6 11       		.uleb128 0x11
 1687 00c7 0D       		.uleb128 0xd
 1688 00c8 00       		.byte	0
 1689 00c9 03       		.uleb128 0x3
 1690 00ca 08       		.uleb128 0x8
 1691 00cb 3A       		.uleb128 0x3a
 1692 00cc 0B       		.uleb128 0xb
 1693 00cd 3B       		.uleb128 0x3b
 1694 00ce 05       		.uleb128 0x5
 1695 00cf 49       		.uleb128 0x49
 1696 00d0 13       		.uleb128 0x13
 1697 00d1 38       		.uleb128 0x38
 1698 00d2 05       		.uleb128 0x5
 1699 00d3 00       		.byte	0
 1700 00d4 00       		.byte	0
ARM GAS  C:\Users\jo\AppData\Local\Temp\ccbV0tx0.s 			page 31


 1701 00d5 12       		.uleb128 0x12
 1702 00d6 0D       		.uleb128 0xd
 1703 00d7 00       		.byte	0
 1704 00d8 03       		.uleb128 0x3
 1705 00d9 08       		.uleb128 0x8
 1706 00da 3A       		.uleb128 0x3a
 1707 00db 0B       		.uleb128 0xb
 1708 00dc 3B       		.uleb128 0x3b
 1709 00dd 0B       		.uleb128 0xb
 1710 00de 49       		.uleb128 0x49
 1711 00df 13       		.uleb128 0x13
 1712 00e0 38       		.uleb128 0x38
 1713 00e1 0B       		.uleb128 0xb
 1714 00e2 00       		.byte	0
 1715 00e3 00       		.byte	0
 1716 00e4 13       		.uleb128 0x13
 1717 00e5 26       		.uleb128 0x26
 1718 00e6 00       		.byte	0
 1719 00e7 49       		.uleb128 0x49
 1720 00e8 13       		.uleb128 0x13
 1721 00e9 00       		.byte	0
 1722 00ea 00       		.byte	0
 1723 00eb 14       		.uleb128 0x14
 1724 00ec 13       		.uleb128 0x13
 1725 00ed 01       		.byte	0x1
 1726 00ee 0B       		.uleb128 0xb
 1727 00ef 0B       		.uleb128 0xb
 1728 00f0 3A       		.uleb128 0x3a
 1729 00f1 0B       		.uleb128 0xb
 1730 00f2 3B       		.uleb128 0x3b
 1731 00f3 0B       		.uleb128 0xb
 1732 00f4 01       		.uleb128 0x1
 1733 00f5 13       		.uleb128 0x13
 1734 00f6 00       		.byte	0
 1735 00f7 00       		.byte	0
 1736 00f8 15       		.uleb128 0x15
 1737 00f9 13       		.uleb128 0x13
 1738 00fa 01       		.byte	0x1
 1739 00fb 0B       		.uleb128 0xb
 1740 00fc 05       		.uleb128 0x5
 1741 00fd 3A       		.uleb128 0x3a
 1742 00fe 0B       		.uleb128 0xb
 1743 00ff 3B       		.uleb128 0x3b
 1744 0100 0B       		.uleb128 0xb
 1745 0101 01       		.uleb128 0x1
 1746 0102 13       		.uleb128 0x13
 1747 0103 00       		.byte	0
 1748 0104 00       		.byte	0
 1749 0105 16       		.uleb128 0x16
 1750 0106 01       		.uleb128 0x1
 1751 0107 01       		.byte	0x1
 1752 0108 49       		.uleb128 0x49
 1753 0109 13       		.uleb128 0x13
 1754 010a 01       		.uleb128 0x1
 1755 010b 13       		.uleb128 0x13
 1756 010c 00       		.byte	0
 1757 010d 00       		.byte	0
ARM GAS  C:\Users\jo\AppData\Local\Temp\ccbV0tx0.s 			page 32


 1758 010e 17       		.uleb128 0x17
 1759 010f 21       		.uleb128 0x21
 1760 0110 00       		.byte	0
 1761 0111 49       		.uleb128 0x49
 1762 0112 13       		.uleb128 0x13
 1763 0113 2F       		.uleb128 0x2f
 1764 0114 0B       		.uleb128 0xb
 1765 0115 00       		.byte	0
 1766 0116 00       		.byte	0
 1767 0117 18       		.uleb128 0x18
 1768 0118 17       		.uleb128 0x17
 1769 0119 01       		.byte	0x1
 1770 011a 0B       		.uleb128 0xb
 1771 011b 0B       		.uleb128 0xb
 1772 011c 3A       		.uleb128 0x3a
 1773 011d 0B       		.uleb128 0xb
 1774 011e 3B       		.uleb128 0x3b
 1775 011f 0B       		.uleb128 0xb
 1776 0120 01       		.uleb128 0x1
 1777 0121 13       		.uleb128 0x13
 1778 0122 00       		.byte	0
 1779 0123 00       		.byte	0
 1780 0124 19       		.uleb128 0x19
 1781 0125 0D       		.uleb128 0xd
 1782 0126 00       		.byte	0
 1783 0127 03       		.uleb128 0x3
 1784 0128 0E       		.uleb128 0xe
 1785 0129 3A       		.uleb128 0x3a
 1786 012a 0B       		.uleb128 0xb
 1787 012b 3B       		.uleb128 0x3b
 1788 012c 0B       		.uleb128 0xb
 1789 012d 49       		.uleb128 0x49
 1790 012e 13       		.uleb128 0x13
 1791 012f 00       		.byte	0
 1792 0130 00       		.byte	0
 1793 0131 1A       		.uleb128 0x1a
 1794 0132 0D       		.uleb128 0xd
 1795 0133 00       		.byte	0
 1796 0134 03       		.uleb128 0x3
 1797 0135 0E       		.uleb128 0xe
 1798 0136 3A       		.uleb128 0x3a
 1799 0137 0B       		.uleb128 0xb
 1800 0138 3B       		.uleb128 0x3b
 1801 0139 05       		.uleb128 0x5
 1802 013a 49       		.uleb128 0x49
 1803 013b 13       		.uleb128 0x13
 1804 013c 00       		.byte	0
 1805 013d 00       		.byte	0
 1806 013e 1B       		.uleb128 0x1b
 1807 013f 0D       		.uleb128 0xd
 1808 0140 00       		.byte	0
 1809 0141 03       		.uleb128 0x3
 1810 0142 08       		.uleb128 0x8
 1811 0143 3A       		.uleb128 0x3a
 1812 0144 0B       		.uleb128 0xb
 1813 0145 3B       		.uleb128 0x3b
 1814 0146 0B       		.uleb128 0xb
ARM GAS  C:\Users\jo\AppData\Local\Temp\ccbV0tx0.s 			page 33


 1815 0147 49       		.uleb128 0x49
 1816 0148 13       		.uleb128 0x13
 1817 0149 00       		.byte	0
 1818 014a 00       		.byte	0
 1819 014b 1C       		.uleb128 0x1c
 1820 014c 16       		.uleb128 0x16
 1821 014d 00       		.byte	0
 1822 014e 03       		.uleb128 0x3
 1823 014f 0E       		.uleb128 0xe
 1824 0150 3A       		.uleb128 0x3a
 1825 0151 0B       		.uleb128 0xb
 1826 0152 3B       		.uleb128 0x3b
 1827 0153 05       		.uleb128 0x5
 1828 0154 49       		.uleb128 0x49
 1829 0155 13       		.uleb128 0x13
 1830 0156 00       		.byte	0
 1831 0157 00       		.byte	0
 1832 0158 1D       		.uleb128 0x1d
 1833 0159 2E       		.uleb128 0x2e
 1834 015a 01       		.byte	0x1
 1835 015b 3F       		.uleb128 0x3f
 1836 015c 19       		.uleb128 0x19
 1837 015d 03       		.uleb128 0x3
 1838 015e 0E       		.uleb128 0xe
 1839 015f 3A       		.uleb128 0x3a
 1840 0160 0B       		.uleb128 0xb
 1841 0161 3B       		.uleb128 0x3b
 1842 0162 0B       		.uleb128 0xb
 1843 0163 27       		.uleb128 0x27
 1844 0164 19       		.uleb128 0x19
 1845 0165 49       		.uleb128 0x49
 1846 0166 13       		.uleb128 0x13
 1847 0167 11       		.uleb128 0x11
 1848 0168 01       		.uleb128 0x1
 1849 0169 12       		.uleb128 0x12
 1850 016a 06       		.uleb128 0x6
 1851 016b 40       		.uleb128 0x40
 1852 016c 18       		.uleb128 0x18
 1853 016d 9742     		.uleb128 0x2117
 1854 016f 19       		.uleb128 0x19
 1855 0170 01       		.uleb128 0x1
 1856 0171 13       		.uleb128 0x13
 1857 0172 00       		.byte	0
 1858 0173 00       		.byte	0
 1859 0174 1E       		.uleb128 0x1e
 1860 0175 05       		.uleb128 0x5
 1861 0176 00       		.byte	0
 1862 0177 03       		.uleb128 0x3
 1863 0178 08       		.uleb128 0x8
 1864 0179 3A       		.uleb128 0x3a
 1865 017a 0B       		.uleb128 0xb
 1866 017b 3B       		.uleb128 0x3b
 1867 017c 0B       		.uleb128 0xb
 1868 017d 49       		.uleb128 0x49
 1869 017e 13       		.uleb128 0x13
 1870 017f 02       		.uleb128 0x2
 1871 0180 17       		.uleb128 0x17
ARM GAS  C:\Users\jo\AppData\Local\Temp\ccbV0tx0.s 			page 34


 1872 0181 00       		.byte	0
 1873 0182 00       		.byte	0
 1874 0183 1F       		.uleb128 0x1f
 1875 0184 34       		.uleb128 0x34
 1876 0185 00       		.byte	0
 1877 0186 03       		.uleb128 0x3
 1878 0187 0E       		.uleb128 0xe
 1879 0188 49       		.uleb128 0x49
 1880 0189 13       		.uleb128 0x13
 1881 018a 34       		.uleb128 0x34
 1882 018b 19       		.uleb128 0x19
 1883 018c 02       		.uleb128 0x2
 1884 018d 18       		.uleb128 0x18
 1885 018e 00       		.byte	0
 1886 018f 00       		.byte	0
 1887 0190 20       		.uleb128 0x20
 1888 0191 898201   		.uleb128 0x4109
 1889 0194 01       		.byte	0x1
 1890 0195 11       		.uleb128 0x11
 1891 0196 01       		.uleb128 0x1
 1892 0197 31       		.uleb128 0x31
 1893 0198 13       		.uleb128 0x13
 1894 0199 00       		.byte	0
 1895 019a 00       		.byte	0
 1896 019b 21       		.uleb128 0x21
 1897 019c 8A8201   		.uleb128 0x410a
 1898 019f 00       		.byte	0
 1899 01a0 02       		.uleb128 0x2
 1900 01a1 18       		.uleb128 0x18
 1901 01a2 9142     		.uleb128 0x2111
 1902 01a4 18       		.uleb128 0x18
 1903 01a5 00       		.byte	0
 1904 01a6 00       		.byte	0
 1905 01a7 22       		.uleb128 0x22
 1906 01a8 2E       		.uleb128 0x2e
 1907 01a9 01       		.byte	0x1
 1908 01aa 3F       		.uleb128 0x3f
 1909 01ab 19       		.uleb128 0x19
 1910 01ac 03       		.uleb128 0x3
 1911 01ad 0E       		.uleb128 0xe
 1912 01ae 3A       		.uleb128 0x3a
 1913 01af 0B       		.uleb128 0xb
 1914 01b0 3B       		.uleb128 0x3b
 1915 01b1 0B       		.uleb128 0xb
 1916 01b2 27       		.uleb128 0x27
 1917 01b3 19       		.uleb128 0x19
 1918 01b4 11       		.uleb128 0x11
 1919 01b5 01       		.uleb128 0x1
 1920 01b6 12       		.uleb128 0x12
 1921 01b7 06       		.uleb128 0x6
 1922 01b8 40       		.uleb128 0x40
 1923 01b9 18       		.uleb128 0x18
 1924 01ba 9742     		.uleb128 0x2117
 1925 01bc 19       		.uleb128 0x19
 1926 01bd 01       		.uleb128 0x1
 1927 01be 13       		.uleb128 0x13
 1928 01bf 00       		.byte	0
ARM GAS  C:\Users\jo\AppData\Local\Temp\ccbV0tx0.s 			page 35


 1929 01c0 00       		.byte	0
 1930 01c1 23       		.uleb128 0x23
 1931 01c2 05       		.uleb128 0x5
 1932 01c3 00       		.byte	0
 1933 01c4 03       		.uleb128 0x3
 1934 01c5 0E       		.uleb128 0xe
 1935 01c6 3A       		.uleb128 0x3a
 1936 01c7 0B       		.uleb128 0xb
 1937 01c8 3B       		.uleb128 0x3b
 1938 01c9 0B       		.uleb128 0xb
 1939 01ca 49       		.uleb128 0x49
 1940 01cb 13       		.uleb128 0x13
 1941 01cc 02       		.uleb128 0x2
 1942 01cd 17       		.uleb128 0x17
 1943 01ce 00       		.byte	0
 1944 01cf 00       		.byte	0
 1945 01d0 24       		.uleb128 0x24
 1946 01d1 898201   		.uleb128 0x4109
 1947 01d4 01       		.byte	0x1
 1948 01d5 11       		.uleb128 0x11
 1949 01d6 01       		.uleb128 0x1
 1950 01d7 31       		.uleb128 0x31
 1951 01d8 13       		.uleb128 0x13
 1952 01d9 01       		.uleb128 0x1
 1953 01da 13       		.uleb128 0x13
 1954 01db 00       		.byte	0
 1955 01dc 00       		.byte	0
 1956 01dd 25       		.uleb128 0x25
 1957 01de 898201   		.uleb128 0x4109
 1958 01e1 01       		.byte	0x1
 1959 01e2 11       		.uleb128 0x11
 1960 01e3 01       		.uleb128 0x1
 1961 01e4 9542     		.uleb128 0x2115
 1962 01e6 19       		.uleb128 0x19
 1963 01e7 31       		.uleb128 0x31
 1964 01e8 13       		.uleb128 0x13
 1965 01e9 00       		.byte	0
 1966 01ea 00       		.byte	0
 1967 01eb 26       		.uleb128 0x26
 1968 01ec 34       		.uleb128 0x34
 1969 01ed 00       		.byte	0
 1970 01ee 03       		.uleb128 0x3
 1971 01ef 0E       		.uleb128 0xe
 1972 01f0 3A       		.uleb128 0x3a
 1973 01f1 0B       		.uleb128 0xb
 1974 01f2 3B       		.uleb128 0x3b
 1975 01f3 05       		.uleb128 0x5
 1976 01f4 49       		.uleb128 0x49
 1977 01f5 13       		.uleb128 0x13
 1978 01f6 3F       		.uleb128 0x3f
 1979 01f7 19       		.uleb128 0x19
 1980 01f8 3C       		.uleb128 0x3c
 1981 01f9 19       		.uleb128 0x19
 1982 01fa 00       		.byte	0
 1983 01fb 00       		.byte	0
 1984 01fc 27       		.uleb128 0x27
 1985 01fd 34       		.uleb128 0x34
ARM GAS  C:\Users\jo\AppData\Local\Temp\ccbV0tx0.s 			page 36


 1986 01fe 00       		.byte	0
 1987 01ff 03       		.uleb128 0x3
 1988 0200 08       		.uleb128 0x8
 1989 0201 3A       		.uleb128 0x3a
 1990 0202 0B       		.uleb128 0xb
 1991 0203 3B       		.uleb128 0x3b
 1992 0204 05       		.uleb128 0x5
 1993 0205 49       		.uleb128 0x49
 1994 0206 13       		.uleb128 0x13
 1995 0207 3F       		.uleb128 0x3f
 1996 0208 19       		.uleb128 0x19
 1997 0209 3C       		.uleb128 0x3c
 1998 020a 19       		.uleb128 0x19
 1999 020b 00       		.byte	0
 2000 020c 00       		.byte	0
 2001 020d 28       		.uleb128 0x28
 2002 020e 2E       		.uleb128 0x2e
 2003 020f 01       		.byte	0x1
 2004 0210 3F       		.uleb128 0x3f
 2005 0211 19       		.uleb128 0x19
 2006 0212 03       		.uleb128 0x3
 2007 0213 0E       		.uleb128 0xe
 2008 0214 3A       		.uleb128 0x3a
 2009 0215 0B       		.uleb128 0xb
 2010 0216 3B       		.uleb128 0x3b
 2011 0217 0B       		.uleb128 0xb
 2012 0218 27       		.uleb128 0x27
 2013 0219 19       		.uleb128 0x19
 2014 021a 3C       		.uleb128 0x3c
 2015 021b 19       		.uleb128 0x19
 2016 021c 01       		.uleb128 0x1
 2017 021d 13       		.uleb128 0x13
 2018 021e 00       		.byte	0
 2019 021f 00       		.byte	0
 2020 0220 29       		.uleb128 0x29
 2021 0221 2E       		.uleb128 0x2e
 2022 0222 01       		.byte	0x1
 2023 0223 3F       		.uleb128 0x3f
 2024 0224 19       		.uleb128 0x19
 2025 0225 03       		.uleb128 0x3
 2026 0226 0E       		.uleb128 0xe
 2027 0227 3A       		.uleb128 0x3a
 2028 0228 0B       		.uleb128 0xb
 2029 0229 3B       		.uleb128 0x3b
 2030 022a 05       		.uleb128 0x5
 2031 022b 27       		.uleb128 0x27
 2032 022c 19       		.uleb128 0x19
 2033 022d 3C       		.uleb128 0x3c
 2034 022e 19       		.uleb128 0x19
 2035 022f 00       		.byte	0
 2036 0230 00       		.byte	0
 2037 0231 00       		.byte	0
 2038              		.section	.debug_loc,"",%progbits
 2039              	.Ldebug_loc0:
 2040              	.LLST0:
 2041 0000 00000000 		.4byte	.LVL0
 2042 0004 0E000000 		.4byte	.LVL1
ARM GAS  C:\Users\jo\AppData\Local\Temp\ccbV0tx0.s 			page 37


 2043 0008 0100     		.2byte	0x1
 2044 000a 50       		.byte	0x50
 2045 000b 0E000000 		.4byte	.LVL1
 2046 000f 20000000 		.4byte	.LVL3
 2047 0013 0100     		.2byte	0x1
 2048 0015 54       		.byte	0x54
 2049 0016 20000000 		.4byte	.LVL3
 2050 001a 24000000 		.4byte	.LFE255
 2051 001e 0400     		.2byte	0x4
 2052 0020 F3       		.byte	0xf3
 2053 0021 01       		.uleb128 0x1
 2054 0022 50       		.byte	0x50
 2055 0023 9F       		.byte	0x9f
 2056 0024 00000000 		.4byte	0
 2057 0028 00000000 		.4byte	0
 2058              	.LLST1:
 2059 002c 00000000 		.4byte	.LVL4
 2060 0030 10000000 		.4byte	.LVL5
 2061 0034 0100     		.2byte	0x1
 2062 0036 50       		.byte	0x50
 2063 0037 10000000 		.4byte	.LVL5
 2064 003b 1A000000 		.4byte	.LVL7
 2065 003f 0100     		.2byte	0x1
 2066 0041 54       		.byte	0x54
 2067 0042 1A000000 		.4byte	.LVL7
 2068 0046 38000000 		.4byte	.LFE256
 2069 004a 0400     		.2byte	0x4
 2070 004c F3       		.byte	0xf3
 2071 004d 01       		.uleb128 0x1
 2072 004e 50       		.byte	0x50
 2073 004f 9F       		.byte	0x9f
 2074 0050 00000000 		.4byte	0
 2075 0054 00000000 		.4byte	0
 2076              	.LLST2:
 2077 0058 00000000 		.4byte	.LVL4
 2078 005c 13000000 		.4byte	.LVL6-1
 2079 0060 0100     		.2byte	0x1
 2080 0062 51       		.byte	0x51
 2081 0063 13000000 		.4byte	.LVL6-1
 2082 0067 24000000 		.4byte	.LVL8
 2083 006b 0100     		.2byte	0x1
 2084 006d 55       		.byte	0x55
 2085 006e 24000000 		.4byte	.LVL8
 2086 0072 38000000 		.4byte	.LFE256
 2087 0076 0400     		.2byte	0x4
 2088 0078 F3       		.byte	0xf3
 2089 0079 01       		.uleb128 0x1
 2090 007a 51       		.byte	0x51
 2091 007b 9F       		.byte	0x9f
 2092 007c 00000000 		.4byte	0
 2093 0080 00000000 		.4byte	0
 2094              	.LLST3:
 2095 0084 00000000 		.4byte	.LVL9
 2096 0088 10000000 		.4byte	.LVL10
 2097 008c 0100     		.2byte	0x1
 2098 008e 50       		.byte	0x50
 2099 008f 10000000 		.4byte	.LVL10
ARM GAS  C:\Users\jo\AppData\Local\Temp\ccbV0tx0.s 			page 38


 2100 0093 22000000 		.4byte	.LVL12
 2101 0097 0100     		.2byte	0x1
 2102 0099 54       		.byte	0x54
 2103 009a 22000000 		.4byte	.LVL12
 2104 009e 2C000000 		.4byte	.LFE257
 2105 00a2 0400     		.2byte	0x4
 2106 00a4 F3       		.byte	0xf3
 2107 00a5 01       		.uleb128 0x1
 2108 00a6 50       		.byte	0x50
 2109 00a7 9F       		.byte	0x9f
 2110 00a8 00000000 		.4byte	0
 2111 00ac 00000000 		.4byte	0
 2112              	.LLST4:
 2113 00b0 00000000 		.4byte	.LVL9
 2114 00b4 13000000 		.4byte	.LVL11-1
 2115 00b8 0100     		.2byte	0x1
 2116 00ba 51       		.byte	0x51
 2117 00bb 13000000 		.4byte	.LVL11-1
 2118 00bf 22000000 		.4byte	.LVL12
 2119 00c3 0100     		.2byte	0x1
 2120 00c5 56       		.byte	0x56
 2121 00c6 22000000 		.4byte	.LVL12
 2122 00ca 25000000 		.4byte	.LVL13-1
 2123 00ce 0100     		.2byte	0x1
 2124 00d0 52       		.byte	0x52
 2125 00d1 25000000 		.4byte	.LVL13-1
 2126 00d5 2C000000 		.4byte	.LFE257
 2127 00d9 0400     		.2byte	0x4
 2128 00db F3       		.byte	0xf3
 2129 00dc 01       		.uleb128 0x1
 2130 00dd 51       		.byte	0x51
 2131 00de 9F       		.byte	0x9f
 2132 00df 00000000 		.4byte	0
 2133 00e3 00000000 		.4byte	0
 2134              		.section	.debug_aranges,"",%progbits
 2135 0000 2C000000 		.4byte	0x2c
 2136 0004 0200     		.2byte	0x2
 2137 0006 00000000 		.4byte	.Ldebug_info0
 2138 000a 04       		.byte	0x4
 2139 000b 00       		.byte	0
 2140 000c 0000     		.2byte	0
 2141 000e 0000     		.2byte	0
 2142 0010 00000000 		.4byte	.LFB255
 2143 0014 24000000 		.4byte	.LFE255-.LFB255
 2144 0018 00000000 		.4byte	.LFB256
 2145 001c 38000000 		.4byte	.LFE256-.LFB256
 2146 0020 00000000 		.4byte	.LFB257
 2147 0024 2C000000 		.4byte	.LFE257-.LFB257
 2148 0028 00000000 		.4byte	0
 2149 002c 00000000 		.4byte	0
 2150              		.section	.debug_ranges,"",%progbits
 2151              	.Ldebug_ranges0:
 2152 0000 00000000 		.4byte	.LFB255
 2153 0004 24000000 		.4byte	.LFE255
 2154 0008 00000000 		.4byte	.LFB256
 2155 000c 38000000 		.4byte	.LFE256
 2156 0010 00000000 		.4byte	.LFB257
ARM GAS  C:\Users\jo\AppData\Local\Temp\ccbV0tx0.s 			page 39


 2157 0014 2C000000 		.4byte	.LFE257
 2158 0018 00000000 		.4byte	0
 2159 001c 00000000 		.4byte	0
 2160              		.section	.debug_line,"",%progbits
 2161              	.Ldebug_line0:
 2162 0000 AB020000 		.section	.debug_str,"MS",%progbits,1
 2162      02004702 
 2162      00000201 
 2162      FB0E0D00 
 2162      01010101 
 2163              	.LASF100:
 2164 0000 74625F70 		.ascii	"tb_ptr\000"
 2164      747200
 2165              	.LASF56:
 2166 0007 72656164 		.ascii	"ready_list_t\000"
 2166      795F6C69 
 2166      73745F74 
 2166      00
 2167              	.LASF94:
 2168 0014 73655F74 		.ascii	"se_time\000"
 2168      696D6500 
 2169              	.LASF115:
 2170 001c 7264796D 		.ascii	"rdymsg\000"
 2170      736700
 2171              	.LASF18:
 2172 0023 75696E74 		.ascii	"uint64_t\000"
 2172      36345F74 
 2172      00
 2173              	.LASF86:
 2174 002c 6B65726E 		.ascii	"kernel_stats\000"
 2174      656C5F73 
 2174      74617473 
 2174      00
 2175              	.LASF4:
 2176 0039 5F5F7569 		.ascii	"__uint8_t\000"
 2176      6E74385F 
 2176      7400
 2177              	.LASF127:
 2178 0043 4F545950 		.ascii	"OTYPER\000"
 2178      455200
 2179              	.LASF92:
 2180 004a 706F7274 		.ascii	"port_intctx\000"
 2180      5F696E74 
 2180      63747800 
 2181              	.LASF55:
 2182 0056 63685F74 		.ascii	"ch_threads_queue\000"
 2182      68726561 
 2182      64735F71 
 2182      75657565 
 2182      00
 2183              	.LASF75:
 2184 0067 73797374 		.ascii	"system_debug_t\000"
 2184      656D5F64 
 2184      65627567 
 2184      5F7400
 2185              	.LASF135:
 2186 0076 696F706F 		.ascii	"ioportmask_t\000"
ARM GAS  C:\Users\jo\AppData\Local\Temp\ccbV0tx0.s 			page 40


 2186      72746D61 
 2186      736B5F74 
 2186      00
 2187              	.LASF106:
 2188 0083 776F7273 		.ascii	"worst\000"
 2188      7400
 2189              	.LASF109:
 2190 0089 74696D65 		.ascii	"time_measurement_t\000"
 2190      5F6D6561 
 2190      73757265 
 2190      6D656E74 
 2190      5F7400
 2191              	.LASF126:
 2192 009c 4D4F4445 		.ascii	"MODER\000"
 2192      5200
 2193              	.LASF13:
 2194 00a2 6C6F6E67 		.ascii	"long long unsigned int\000"
 2194      206C6F6E 
 2194      6720756E 
 2194      7369676E 
 2194      65642069 
 2195              	.LASF102:
 2196 00b9 63685F74 		.ascii	"ch_trace_buffer_t\000"
 2196      72616365 
 2196      5F627566 
 2196      6665725F 
 2196      7400
 2197              	.LASF97:
 2198 00cb 73655F73 		.ascii	"se_state\000"
 2198      74617465 
 2198      00
 2199              	.LASF129:
 2200 00d4 50555044 		.ascii	"PUPDR\000"
 2200      5200
 2201              	.LASF116:
 2202 00da 65786974 		.ascii	"exitcode\000"
 2202      636F6465 
 2202      00
 2203              	.LASF85:
 2204 00e3 6D61696E 		.ascii	"mainthread\000"
 2204      74687265 
 2204      616400
 2205              	.LASF72:
 2206 00ee 76697274 		.ascii	"virtual_timers_list_t\000"
 2206      75616C5F 
 2206      74696D65 
 2206      72735F6C 
 2206      6973745F 
 2207              	.LASF146:
 2208 0104 49544D5F 		.ascii	"ITM_RxBuffer\000"
 2208      52784275 
 2208      66666572 
 2208      00
 2209              	.LASF21:
 2210 0111 72747469 		.ascii	"rttime_t\000"
 2210      6D655F74 
 2210      00
ARM GAS  C:\Users\jo\AppData\Local\Temp\ccbV0tx0.s 			page 41


 2211              	.LASF34:
 2212 011a 705F7072 		.ascii	"p_prio\000"
 2212      696F00
 2213              	.LASF149:
 2214 0121 433A5C55 		.ascii	"C:\\Users\\jo\\Documents\\GitHub\\ChibiOS\\demos\\S"
 2214      73657273 
 2214      5C6A6F5C 
 2214      446F6375 
 2214      6D656E74 
 2215 014d 544D3332 		.ascii	"TM32\\RT-STM32F407-DISCOVERY-uHttp\000"
 2215      5C52542D 
 2215      53544D33 
 2215      32463430 
 2215      372D4449 
 2216              	.LASF11:
 2217 016f 6C6F6E67 		.ascii	"long long int\000"
 2217      206C6F6E 
 2217      6720696E 
 2217      7400
 2218              	.LASF1:
 2219 017d 7369676E 		.ascii	"signed char\000"
 2219      65642063 
 2219      68617200 
 2220              	.LASF130:
 2221 0189 42535252 		.ascii	"BSRR\000"
 2221      00
 2222              	.LASF49:
 2223 018e 705F6D70 		.ascii	"p_mpool\000"
 2223      6F6F6C00 
 2224              	.LASF120:
 2225 0196 6D5F7175 		.ascii	"m_queue\000"
 2225      65756500 
 2226              	.LASF84:
 2227 019e 76746C69 		.ascii	"vtlist\000"
 2227      737400
 2228              	.LASF141:
 2229 01a5 62697473 		.ascii	"bits\000"
 2229      00
 2230              	.LASF8:
 2231 01aa 6C6F6E67 		.ascii	"long int\000"
 2231      20696E74 
 2231      00
 2232              	.LASF23:
 2233 01b3 74737461 		.ascii	"tstate_t\000"
 2233      74655F74 
 2233      00
 2234              	.LASF95:
 2235 01bc 73655F74 		.ascii	"se_tp\000"
 2235      7000
 2236              	.LASF15:
 2237 01c2 75696E74 		.ascii	"uint16_t\000"
 2237      31365F74 
 2237      00
 2238              	.LASF36:
 2239 01cb 705F6E65 		.ascii	"p_newer\000"
 2239      77657200 
 2240              	.LASF99:
ARM GAS  C:\Users\jo\AppData\Local\Temp\ccbV0tx0.s 			page 42


 2241 01d3 74625F73 		.ascii	"tb_size\000"
 2241      697A6500 
 2242              	.LASF128:
 2243 01db 4F535045 		.ascii	"OSPEEDR\000"
 2243      45445200 
 2244              	.LASF61:
 2245 01e3 725F6E65 		.ascii	"r_newer\000"
 2245      77657200 
 2246              	.LASF139:
 2247 01eb 6D61736B 		.ascii	"mask\000"
 2247      00
 2248              	.LASF89:
 2249 01f0 72656761 		.ascii	"regarm_t\000"
 2249      726D5F74 
 2249      00
 2250              	.LASF68:
 2251 01f9 76745F70 		.ascii	"vt_prev\000"
 2251      72657600 
 2252              	.LASF151:
 2253 0201 63685379 		.ascii	"chSysHalt\000"
 2253      7348616C 
 2253      7400
 2254              	.LASF76:
 2255 020b 63685F73 		.ascii	"ch_system_debug\000"
 2255      79737465 
 2255      6D5F6465 
 2255      62756700 
 2256              	.LASF134:
 2257 021b 73746D33 		.ascii	"stm32_gpio_t\000"
 2257      325F6770 
 2257      696F5F74 
 2257      00
 2258              	.LASF148:
 2259 0228 2E2E2F2E 		.ascii	"../../../os/hal/src/pal.c\000"
 2259      2E2F2E2E 
 2259      2F6F732F 
 2259      68616C2F 
 2259      7372632F 
 2260              	.LASF123:
 2261 0242 6D757465 		.ascii	"mutex_t\000"
 2261      785F7400 
 2262              	.LASF79:
 2263 024a 6C6F636B 		.ascii	"lock_cnt\000"
 2263      5F636E74 
 2263      00
 2264              	.LASF140:
 2265 0253 494F4275 		.ascii	"IOBus\000"
 2265      7300
 2266              	.LASF28:
 2267 0259 636E745F 		.ascii	"cnt_t\000"
 2267      7400
 2268              	.LASF39:
 2269 025f 705F7374 		.ascii	"p_stklimit\000"
 2269      6B6C696D 
 2269      697400
 2270              	.LASF0:
 2271 026a 756E7369 		.ascii	"unsigned int\000"
ARM GAS  C:\Users\jo\AppData\Local\Temp\ccbV0tx0.s 			page 43


 2271      676E6564 
 2271      20696E74 
 2271      00
 2272              	.LASF67:
 2273 0277 76745F6E 		.ascii	"vt_next\000"
 2273      65787400 
 2274              	.LASF44:
 2275 027f 705F6D73 		.ascii	"p_msgqueue\000"
 2275      67717565 
 2275      756500
 2276              	.LASF131:
 2277 028a 4C434B52 		.ascii	"LCKR\000"
 2277      00
 2278              	.LASF110:
 2279 028f 6E5F6972 		.ascii	"n_irq\000"
 2279      7100
 2280              	.LASF6:
 2281 0295 73686F72 		.ascii	"short unsigned int\000"
 2281      7420756E 
 2281      7369676E 
 2281      65642069 
 2281      6E7400
 2282              	.LASF114:
 2283 02a8 6B65726E 		.ascii	"kernel_stats_t\000"
 2283      656C5F73 
 2283      74617473 
 2283      5F7400
 2284              	.LASF52:
 2285 02b7 63685F74 		.ascii	"ch_thread\000"
 2285      68726561 
 2285      6400
 2286              	.LASF26:
 2287 02c1 6D73675F 		.ascii	"msg_t\000"
 2287      7400
 2288              	.LASF107:
 2289 02c7 6C617374 		.ascii	"last\000"
 2289      00
 2290              	.LASF29:
 2291 02cc 75636E74 		.ascii	"ucnt_t\000"
 2291      5F7400
 2292              	.LASF81:
 2293 02d3 63685F73 		.ascii	"ch_system_t\000"
 2293      79737465 
 2293      6D5F7400 
 2294              	.LASF22:
 2295 02df 746D6F64 		.ascii	"tmode_t\000"
 2295      655F7400 
 2296              	.LASF113:
 2297 02e7 6D5F6372 		.ascii	"m_crit_isr\000"
 2297      69745F69 
 2297      737200
 2298              	.LASF57:
 2299 02f2 63685F72 		.ascii	"ch_ready_list\000"
 2299      65616479 
 2299      5F6C6973 
 2299      7400
 2300              	.LASF27:
ARM GAS  C:\Users\jo\AppData\Local\Temp\ccbV0tx0.s 			page 44


 2301 0300 6576656E 		.ascii	"eventmask_t\000"
 2301      746D6173 
 2301      6B5F7400 
 2302              	.LASF7:
 2303 030c 5F5F696E 		.ascii	"__int32_t\000"
 2303      7433325F 
 2303      7400
 2304              	.LASF87:
 2305 0316 69646C65 		.ascii	"idle_thread_wa\000"
 2305      5F746872 
 2305      6561645F 
 2305      776100
 2306              	.LASF147:
 2307 0325 474E5520 		.ascii	"GNU C 4.9.3 20141119 (release) [ARM/embedded-4_9-br"
 2307      4320342E 
 2307      392E3320 
 2307      32303134 
 2307      31313139 
 2308 0358 616E6368 		.ascii	"anch revision 218278] -mcpu=cortex-m4 -mno-thumb-in"
 2308      20726576 
 2308      6973696F 
 2308      6E203231 
 2308      38323738 
 2309 038b 74657277 		.ascii	"terwork -mthumb -ggdb -O2 -fomit-frame-pointer -fal"
 2309      6F726B20 
 2309      2D6D7468 
 2309      756D6220 
 2309      2D676764 
 2310 03be 69676E2D 		.ascii	"ign-functions=16 -ffunction-sections -fdata-section"
 2310      66756E63 
 2310      74696F6E 
 2310      733D3136 
 2310      202D6666 
 2311 03f1 73202D66 		.ascii	"s -fno-common\000"
 2311      6E6F2D63 
 2311      6F6D6D6F 
 2311      6E00
 2312              	.LASF90:
 2313 03ff 73746B61 		.ascii	"stkalign_t\000"
 2313      6C69676E 
 2313      5F7400
 2314              	.LASF12:
 2315 040a 5F5F7569 		.ascii	"__uint64_t\000"
 2315      6E743634 
 2315      5F7400
 2316              	.LASF43:
 2317 0415 705F7761 		.ascii	"p_waiting\000"
 2317      6974696E 
 2317      6700
 2318              	.LASF88:
 2319 041f 73697A65 		.ascii	"sizetype\000"
 2319      74797065 
 2319      00
 2320              	.LASF73:
 2321 0428 63685F76 		.ascii	"ch_virtual_timers_list\000"
 2321      69727475 
 2321      616C5F74 
ARM GAS  C:\Users\jo\AppData\Local\Temp\ccbV0tx0.s 			page 45


 2321      696D6572 
 2321      735F6C69 
 2322              	.LASF125:
 2323 043f 636C6561 		.ascii	"clear\000"
 2323      7200
 2324              	.LASF98:
 2325 0445 63685F73 		.ascii	"ch_swc_event_t\000"
 2325      77635F65 
 2325      76656E74 
 2325      5F7400
 2326              	.LASF74:
 2327 0454 76745F6C 		.ascii	"vt_lasttime\000"
 2327      61737474 
 2327      696D6500 
 2328              	.LASF37:
 2329 0460 705F6F6C 		.ascii	"p_older\000"
 2329      64657200 
 2330              	.LASF60:
 2331 0468 725F6374 		.ascii	"r_ctx\000"
 2331      7800
 2332              	.LASF104:
 2333 046e 746D5F63 		.ascii	"tm_calibration_t\000"
 2333      616C6962 
 2333      72617469 
 2333      6F6E5F74 
 2333      00
 2334              	.LASF63:
 2335 047f 725F6375 		.ascii	"r_current\000"
 2335      7272656E 
 2335      7400
 2336              	.LASF62:
 2337 0489 725F6F6C 		.ascii	"r_older\000"
 2337      64657200 
 2338              	.LASF138:
 2339 0491 706F7274 		.ascii	"portid\000"
 2339      696400
 2340              	.LASF133:
 2341 0498 41465248 		.ascii	"AFRH\000"
 2341      00
 2342              	.LASF108:
 2343 049d 63756D75 		.ascii	"cumulative\000"
 2343      6C617469 
 2343      766500
 2344              	.LASF144:
 2345 04a8 70616C53 		.ascii	"palSetBusMode\000"
 2345      65744275 
 2345      734D6F64 
 2345      6500
 2346              	.LASF132:
 2347 04b6 4146524C 		.ascii	"AFRL\000"
 2347      00
 2348              	.LASF24:
 2349 04bb 74726566 		.ascii	"trefs_t\000"
 2349      735F7400 
 2350              	.LASF101:
 2351 04c3 74625F62 		.ascii	"tb_buffer\000"
 2351      75666665 
ARM GAS  C:\Users\jo\AppData\Local\Temp\ccbV0tx0.s 			page 46


 2351      7200
 2352              	.LASF65:
 2353 04cd 76697274 		.ascii	"virtual_timer_t\000"
 2353      75616C5F 
 2353      74696D65 
 2353      725F7400 
 2354              	.LASF33:
 2355 04dd 705F7072 		.ascii	"p_prev\000"
 2355      657600
 2356              	.LASF25:
 2357 04e4 74707269 		.ascii	"tprio_t\000"
 2357      6F5F7400 
 2358              	.LASF119:
 2359 04ec 6D757465 		.ascii	"mutex\000"
 2359      7800
 2360              	.LASF111:
 2361 04f2 6E5F6374 		.ascii	"n_ctxswc\000"
 2361      78737763 
 2361      00
 2362              	.LASF124:
 2363 04fb 5F426F6F 		.ascii	"_Bool\000"
 2363      6C00
 2364              	.LASF16:
 2365 0501 696E7433 		.ascii	"int32_t\000"
 2365      325F7400 
 2366              	.LASF2:
 2367 0509 756E7369 		.ascii	"unsigned char\000"
 2367      676E6564 
 2367      20636861 
 2367      7200
 2368              	.LASF47:
 2369 0517 705F6D74 		.ascii	"p_mtxlist\000"
 2369      786C6973 
 2369      7400
 2370              	.LASF3:
 2371 0521 73686F72 		.ascii	"short int\000"
 2371      7420696E 
 2371      7400
 2372              	.LASF40:
 2373 052b 705F7374 		.ascii	"p_state\000"
 2373      61746500 
 2374              	.LASF59:
 2375 0533 725F7072 		.ascii	"r_prio\000"
 2375      696F00
 2376              	.LASF118:
 2377 053a 65776D61 		.ascii	"ewmask\000"
 2377      736B00
 2378              	.LASF32:
 2379 0541 705F6E65 		.ascii	"p_next\000"
 2379      787400
 2380              	.LASF19:
 2381 0548 75696E74 		.ascii	"uint_fast8_t\000"
 2381      5F666173 
 2381      74385F74 
 2381      00
 2382              	.LASF41:
 2383 0555 705F666C 		.ascii	"p_flags\000"
ARM GAS  C:\Users\jo\AppData\Local\Temp\ccbV0tx0.s 			page 47


 2383      61677300 
 2384              	.LASF142:
 2385 055d 5F5F6675 		.ascii	"__func__\000"
 2385      6E635F5F 
 2385      00
 2386              	.LASF50:
 2387 0566 705F7374 		.ascii	"p_stats\000"
 2387      61747300 
 2388              	.LASF82:
 2389 056e 63685F73 		.ascii	"ch_system\000"
 2389      79737465 
 2389      6D00
 2390              	.LASF66:
 2391 0578 63685F76 		.ascii	"ch_virtual_timer\000"
 2391      69727475 
 2391      616C5F74 
 2391      696D6572 
 2391      00
 2392              	.LASF46:
 2393 0589 705F6570 		.ascii	"p_epending\000"
 2393      656E6469 
 2393      6E6700
 2394              	.LASF17:
 2395 0594 75696E74 		.ascii	"uint32_t\000"
 2395      33325F74 
 2395      00
 2396              	.LASF58:
 2397 059d 725F7175 		.ascii	"r_queue\000"
 2397      65756500 
 2398              	.LASF69:
 2399 05a5 76745F64 		.ascii	"vt_delta\000"
 2399      656C7461 
 2399      00
 2400              	.LASF53:
 2401 05ae 63685F74 		.ascii	"ch_threads_list\000"
 2401      68726561 
 2401      64735F6C 
 2401      69737400 
 2402              	.LASF10:
 2403 05be 6C6F6E67 		.ascii	"long unsigned int\000"
 2403      20756E73 
 2403      69676E65 
 2403      6420696E 
 2403      7400
 2404              	.LASF93:
 2405 05d0 63686172 		.ascii	"char\000"
 2405      00
 2406              	.LASF145:
 2407 05d5 6D6F6465 		.ascii	"mode\000"
 2407      00
 2408              	.LASF150:
 2409 05da 70616C52 		.ascii	"palReadBus\000"
 2409      65616442 
 2409      757300
 2410              	.LASF5:
 2411 05e5 5F5F7569 		.ascii	"__uint16_t\000"
 2411      6E743136 
ARM GAS  C:\Users\jo\AppData\Local\Temp\ccbV0tx0.s 			page 48


 2411      5F7400
 2412              	.LASF31:
 2413 05f0 74687265 		.ascii	"thread_t\000"
 2413      61645F74 
 2413      00
 2414              	.LASF105:
 2415 05f9 62657374 		.ascii	"best\000"
 2415      00
 2416              	.LASF122:
 2417 05fe 6D5F6E65 		.ascii	"m_next\000"
 2417      787400
 2418              	.LASF30:
 2419 0605 73797374 		.ascii	"systime_t\000"
 2419      696D655F 
 2419      7400
 2420              	.LASF48:
 2421 060f 705F7265 		.ascii	"p_realprio\000"
 2421      616C7072 
 2421      696F00
 2422              	.LASF64:
 2423 061a 76746675 		.ascii	"vtfunc_t\000"
 2423      6E635F74 
 2423      00
 2424              	.LASF9:
 2425 0623 5F5F7569 		.ascii	"__uint32_t\000"
 2425      6E743332 
 2425      5F7400
 2426              	.LASF77:
 2427 062e 70616E69 		.ascii	"panic_msg\000"
 2427      635F6D73 
 2427      6700
 2428              	.LASF103:
 2429 0638 6F666673 		.ascii	"offset\000"
 2429      657400
 2430              	.LASF137:
 2431 063f 696F706F 		.ascii	"ioportid_t\000"
 2431      72746964 
 2431      5F7400
 2432              	.LASF91:
 2433 064a 636F6E74 		.ascii	"context\000"
 2433      65787400 
 2434              	.LASF152:
 2435 0652 5F70616C 		.ascii	"_pal_lld_setgroupmode\000"
 2435      5F6C6C64 
 2435      5F736574 
 2435      67726F75 
 2435      706D6F64 
 2436              	.LASF20:
 2437 0668 7274636E 		.ascii	"rtcnt_t\000"
 2437      745F7400 
 2438              	.LASF71:
 2439 0670 76745F70 		.ascii	"vt_par\000"
 2439      617200
 2440              	.LASF143:
 2441 0677 70616C57 		.ascii	"palWriteBus\000"
 2441      72697465 
 2441      42757300 
ARM GAS  C:\Users\jo\AppData\Local\Temp\ccbV0tx0.s 			page 49


 2442              	.LASF54:
 2443 0683 74687265 		.ascii	"threads_queue_t\000"
 2443      6164735F 
 2443      71756575 
 2443      655F7400 
 2444              	.LASF42:
 2445 0693 705F7265 		.ascii	"p_refs\000"
 2445      667300
 2446              	.LASF78:
 2447 069a 6973725F 		.ascii	"isr_cnt\000"
 2447      636E7400 
 2448              	.LASF83:
 2449 06a2 726C6973 		.ascii	"rlist\000"
 2449      7400
 2450              	.LASF14:
 2451 06a8 75696E74 		.ascii	"uint8_t\000"
 2451      385F7400 
 2452              	.LASF117:
 2453 06b0 77746F62 		.ascii	"wtobjp\000"
 2453      6A7000
 2454              	.LASF38:
 2455 06b7 705F6E61 		.ascii	"p_name\000"
 2455      6D6500
 2456              	.LASF51:
 2457 06be 74687265 		.ascii	"threads_list_t\000"
 2457      6164735F 
 2457      6C697374 
 2457      5F7400
 2458              	.LASF80:
 2459 06cd 74726163 		.ascii	"trace_buffer\000"
 2459      655F6275 
 2459      66666572 
 2459      00
 2460              	.LASF45:
 2461 06da 705F6D73 		.ascii	"p_msg\000"
 2461      6700
 2462              	.LASF136:
 2463 06e0 696F6D6F 		.ascii	"iomode_t\000"
 2463      64655F74 
 2463      00
 2464              	.LASF112:
 2465 06e9 6D5F6372 		.ascii	"m_crit_thd\000"
 2465      69745F74 
 2465      686400
 2466              	.LASF121:
 2467 06f4 6D5F6F77 		.ascii	"m_owner\000"
 2467      6E657200 
 2468              	.LASF96:
 2469 06fc 73655F77 		.ascii	"se_wtobjp\000"
 2469      746F626A 
 2469      7000
 2470              	.LASF35:
 2471 0706 705F6374 		.ascii	"p_ctx\000"
 2471      7800
 2472              	.LASF70:
 2473 070c 76745F66 		.ascii	"vt_func\000"
 2473      756E6300 
ARM GAS  C:\Users\jo\AppData\Local\Temp\ccbV0tx0.s 			page 50


 2474              		.ident	"GCC: (GNU Tools for ARM Embedded Processors) 4.9.3 20141119 (release) [ARM/embedded-4_9-br
ARM GAS  C:\Users\jo\AppData\Local\Temp\ccbV0tx0.s 			page 51


DEFINED SYMBOLS
                            *ABS*:00000000 pal.c
C:\Users\jo\AppData\Local\Temp\ccbV0tx0.s:19     .text.palReadBus:00000000 $t
C:\Users\jo\AppData\Local\Temp\ccbV0tx0.s:25     .text.palReadBus:00000000 palReadBus
C:\Users\jo\AppData\Local\Temp\ccbV0tx0.s:63     .text.palReadBus:00000020 $d
C:\Users\jo\AppData\Local\Temp\ccbV0tx0.s:68     .text.palWriteBus:00000000 $t
C:\Users\jo\AppData\Local\Temp\ccbV0tx0.s:74     .text.palWriteBus:00000000 palWriteBus
C:\Users\jo\AppData\Local\Temp\ccbV0tx0.s:120    .text.palWriteBus:00000034 $d
C:\Users\jo\AppData\Local\Temp\ccbV0tx0.s:125    .text.palSetBusMode:00000000 $t
C:\Users\jo\AppData\Local\Temp\ccbV0tx0.s:131    .text.palSetBusMode:00000000 palSetBusMode
C:\Users\jo\AppData\Local\Temp\ccbV0tx0.s:179    .text.palSetBusMode:00000028 $d
C:\Users\jo\AppData\Local\Temp\ccbV0tx0.s:184    .rodata.__func__.8191:00000000 $d
C:\Users\jo\AppData\Local\Temp\ccbV0tx0.s:188    .rodata.__func__.8191:00000000 __func__.8191
C:\Users\jo\AppData\Local\Temp\ccbV0tx0.s:191    .rodata.__func__.8186:00000000 $d
C:\Users\jo\AppData\Local\Temp\ccbV0tx0.s:195    .rodata.__func__.8186:00000000 __func__.8186
C:\Users\jo\AppData\Local\Temp\ccbV0tx0.s:198    .rodata.__func__.8196:00000000 $d
C:\Users\jo\AppData\Local\Temp\ccbV0tx0.s:202    .rodata.__func__.8196:00000000 __func__.8196
                     .debug_frame:00000010 $d
C:\Users\jo\AppData\Local\Temp\ccbV0tx0.s:67     .text.palReadBus:00000024 $t
C:\Users\jo\AppData\Local\Temp\ccbV0tx0.s:124    .text.palWriteBus:00000038 $t
C:\Users\jo\AppData\Local\Temp\ccbV0tx0.s:183    .text.palSetBusMode:0000002c $t

UNDEFINED SYMBOLS
chSysHalt
_pal_lld_setgroupmode
